01:41:15.350 INFO  Discord: [💬→︱guild-chat] GM | lath: /ip 
01:41:32.836 INFO  Discord: [💬→︱guild-chat] GM | lath: breh 
01:41:32.878 INFO  Minecraft: You do not have access to that command. 
07:36:07.499 INFO  Minecraft: [Mystery Box] ReS_Awesome is opening a Mystery Box! 
07:36:14.812 INFO  Minecraft: [Mystery Box] ReS_Awesome found a Epic Sheep: Yellow (Baby)! 
07:36:39.928 INFO  Minecraft: [ADMIN] ReS_Awesome: h 
07:37:59.617 INFO  Minecraft: [SERVER] > Survival 1.16 has restarted! You may join back now.  
07:38:09.844 INFO  Minecraft: [SERVER] > shhhhhheeeeshhhh  
07:38:14.251 INFO  Minecraft: [SERVER] > shhhhhheeeeshhhh  
07:38:14.431 INFO  Minecraft: [SERVER] > shhhhhheeeeshhhh  
07:38:59.002 INFO  Minecraft: Summoned to vanilla-survival by BamBoozledMC 
07:38:59.176 INFO  Logged in. 
07:39:01.163 INFO  Sending to skyblock. 
07:39:02.931 INFO  Minecraft: SealEaterV Joined. 
07:39:02.968 INFO  Minecraft: Unknown command. Type "/help" for help. 
07:39:03.173 INFO  Minecraft: Unknown command. Type "/help" for help. 
07:39:32.528 INFO  Minecraft: Summoned to hub by BamBoozledMC 
07:39:32.730 INFO  Logged in. 
07:39:32.773 INFO  Minecraft: You've found a hidden MYSTERY BOX! 
07:39:34.710 INFO  Sending to skyblock. 
07:39:35.747 INFO  Minecraft: Unknown command. Type "/help" for help. 
07:39:36.743 INFO  Minecraft: Unknown command. Type "/help" for help. 

