02:00:38.411 INFO  Minecraft:  
02:00:38.433 INFO  Minecraft: [WATCHDOG ANNOUNCEMENT] 
02:00:38.434 INFO  Minecraft: Watchdog has banned 34,484 players in the last 7 days. 
02:00:38.435 INFO  Minecraft: Staff have banned an additional 16,691 in the last 7 days. 
02:00:38.435 INFO  Minecraft: Blacklisted modifications are a bannable offense! 
02:00:38.436 INFO  Minecraft:  
03:21:31.958 INFO  Minecraft: Friend > SnowedSeal joined. 
04:00:38.612 INFO  Minecraft:  
04:00:38.639 INFO  Minecraft: [WATCHDOG ANNOUNCEMENT] 
04:00:38.640 INFO  Minecraft: Watchdog has banned 34,570 players in the last 7 days. 
04:00:38.641 INFO  Minecraft: Staff have banned an additional 16,531 in the last 7 days. 
04:00:38.642 INFO  Minecraft: Blacklisted modifications are a bannable offense! 
04:00:38.643 INFO  Minecraft:  
05:23:46.144 INFO  Minecraft: Guild > FearTheVillain3 joined. 
05:29:13.054 INFO  Minecraft: Friend > SnowedSeal left. 
05:38:56.615 INFO  Discord: [💬→︱guild-chat] LS | SnowedSeal: henlo old guildo 
05:38:56.920 INFO  Minecraft: Guild > Minikloons [LS]: LS| SnowedSeal» henlo old guildo 
05:39:12.750 INFO  Discord: [💬→︱guild-chat] LS | SnowedSeal: can at least one person respond 
05:39:12.994 INFO  Minecraft: Guild > Minikloons [LS]: LS| SnowedSeal» can at least one person respond 
05:39:18.136 INFO  Discord: [💬→︱guild-chat] LS | SnowedSeal: please :c 
05:39:18.445 INFO  Minecraft: Guild > Minikloons [LS]: LS| SnowedSeal» please :c 
05:57:32.341 INFO  Minecraft: Guild > Reexiss joined. 
06:00:40.014 INFO  Minecraft:  
06:00:40.016 INFO  Minecraft: [WATCHDOG ANNOUNCEMENT] 
06:00:40.017 INFO  Minecraft: Watchdog has banned 34,516 players in the last 7 days. 
06:00:40.018 INFO  Minecraft: Staff have banned an additional 16,382 in the last 7 days. 
06:00:40.019 INFO  Minecraft: Blacklisted modifications are a bannable offense! 
06:00:40.021 INFO  Minecraft:  
06:58:57.329 INFO  Logging in. 
06:58:58.777 INFO  Discord: Logged in. 
06:59:00.764 INFO  Logged in. 
06:59:00.975 INFO  Minecraft:                                       
06:59:00.983 INFO  Minecraft:                           
06:59:01.241 INFO  Minecraft: You found a ✰✰✰✰✰ Mystery Box! 
06:59:01.642 INFO  Minecraft: ----------------------------------------------------- 
06:59:01.645 INFO  Minecraft: Requirements are Skill Avg 23, Cata 23, and 170m net, along 
06:59:01.646 INFO  Minecraft: with 85k gexp a week! Make sure to have fun and contact 
06:59:01.647 INFO  Minecraft: OwOSeal or Smol if you have something to report, or something else to say! 
06:59:01.647 INFO  Minecraft: ----------------------------------------------------- 
06:59:03.554 INFO  Minecraft: [MVP+] Eikqzz joined the lobby! 
06:59:03.556 INFO  Sending to skyblock. 
06:59:04.031 INFO  Minecraft: Sending to server mini929V... 
06:59:04.152 INFO  Logged in. 
06:59:04.472 INFO  Minecraft:         
06:59:05.764 INFO  Sending to skyblock. 
06:59:05.911 INFO  Minecraft: You're already sitting on this island! 
06:59:06.026 INFO  Minecraft: Please don't spam the command! 
06:59:07.613 INFO  Minecraft: You are playing on profile: Zucchini (Co-op) 
06:59:08.216 INFO  Minecraft:  
06:59:08.217 INFO  Minecraft: Welcome to Hypixel SkyBlock! 
06:59:09.155 INFO  Sending to skyblock. 
06:59:09.407 INFO  Minecraft: Cannot join SkyBlock for a moment! (Queue join in cooldown) 
06:59:11.128 INFO  Minecraft: You're already sitting on this island! 
06:59:14.502 INFO  Minecraft: You're already sitting on this island! 
07:36:39.627 INFO  Logging in. 
07:36:41.211 INFO  Discord: Logged in. 
07:36:42.632 INFO  Logged in. 
07:36:42.851 INFO  Minecraft:                                       
07:36:42.860 INFO  Minecraft:                           
07:36:43.946 INFO  Minecraft: [MVP+] Altpascal0726 joined the lobby! 
07:36:43.947 INFO  Sending to skyblock. 
07:36:44.137 INFO  Minecraft: ----------------------------------------------------- 
07:36:44.138 INFO  Minecraft: Requirements are Skill Avg 23, Cata 23, and 170m net, along 
07:36:44.139 INFO  Minecraft: with 85k gexp a week! Make sure to have fun and contact 
07:36:44.140 INFO  Minecraft: OwOSeal or Smol if you have something to report, or something else to say! 
07:36:44.140 INFO  Minecraft: ----------------------------------------------------- 
07:36:44.491 INFO  Minecraft: [MVP+] Hitamy joined the lobby! 
07:36:44.492 INFO  Sending to skyblock. 
07:36:44.493 INFO  Minecraft: Sending to server mini239M... 
07:36:44.525 INFO  Logged in. 
07:36:44.730 INFO  Minecraft: Please don't spam the command! 
07:36:44.815 INFO  Minecraft:         
07:36:46.244 INFO  Minecraft: You're already sitting on this island! 
07:36:46.799 INFO  Minecraft: You're already sitting on this island! 
07:36:47.632 INFO  Sending to skyblock. 
07:36:47.876 INFO  Minecraft: Please don't spam the command! 
07:36:47.941 INFO  Minecraft: You are playing on profile: Zucchini (Co-op) 
07:36:48.577 INFO  Minecraft:  
07:36:48.578 INFO  Minecraft: Welcome to Hypixel SkyBlock! 
07:36:49.528 INFO  Sending to skyblock. 
07:36:49.956 INFO  Minecraft: Cannot join SkyBlock for a moment! (Queue join in cooldown) 
07:36:52.990 INFO  Minecraft: You're already sitting on this island! 
07:36:54.845 INFO  Minecraft: You're already sitting on this island! 
08:00:40.139 INFO  Minecraft:  
08:00:40.144 INFO  Minecraft: [WATCHDOG ANNOUNCEMENT] 
08:00:40.145 INFO  Minecraft: Watchdog has banned 34,485 players in the last 7 days. 
08:00:40.146 INFO  Minecraft: Staff have banned an additional 16,172 in the last 7 days. 
08:00:40.147 INFO  Minecraft: Blacklisted modifications are a bannable offense! 
08:00:40.147 INFO  Minecraft:  
08:19:09.752 INFO  Logging in. 
08:19:11.449 INFO  Discord: Logged in. 
08:19:13.308 INFO  Logged in. 
08:19:13.511 INFO  Minecraft:                                       
08:19:13.520 INFO  Minecraft:                           
08:19:14.185 INFO  Minecraft: ----------------------------------------------------- 
08:19:14.187 INFO  Minecraft: Requirements are Skill Avg 23, Cata 23, and 170m net, along 
08:19:14.188 INFO  Minecraft: with 85k gexp a week! Make sure to have fun and contact 
08:19:14.188 INFO  Minecraft: OwOSeal or Smol if you have something to report, or something else to say! 
08:19:14.189 INFO  Minecraft: ----------------------------------------------------- 
08:19:18.321 INFO  Sending to skyblock. 
08:19:18.731 INFO  Minecraft: Sending to server mini596V... 
08:19:18.942 INFO  Logged in. 
08:19:19.223 INFO  Minecraft:         
08:19:22.344 INFO  Minecraft: You are playing on profile: Zucchini (Co-op) 
08:19:22.990 INFO  Minecraft:  
08:19:22.992 INFO  Minecraft: Welcome to Hypixel SkyBlock! 
08:19:23.672 INFO  Minecraft: You're already sitting on this island! 
08:19:23.945 INFO  Sending to skyblock. 
08:19:24.196 INFO  Minecraft: Cannot join SkyBlock for a moment! (Queue join in cooldown) 
08:19:29.247 INFO  Minecraft: You're already sitting on this island! 
08:35:01.009 INFO  Minecraft: SPOOKY FESTIVAL The event starts in 3 days! 
08:35:01.028 INFO  Minecraft: SPOOKY FESTIVAL the Fear Mongerer has arrived in the hub! 
08:55:00.366 INFO  Minecraft: SPOOKY FESTIVAL The event starts in 2 days! 
09:02:46.612 INFO  Minecraft: Friend > IdlyChiqken joined. 
09:15:00.753 INFO  Minecraft: SPOOKY FESTIVAL The event starts in 1 day! 
09:34:04.791 INFO  Minecraft: Friend > SnowedSeal joined. 
09:42:19.897 INFO  Minecraft: Guild > POGGORSEEL joined. 
09:43:30.835 INFO  Minecraft: Guild > POGGORSEEL left. 
09:56:01.852 INFO  Minecraft: SPOOKY FESTIVAL A Bat Piñata has appeared! It's dropping candies! 
10:00:00.886 INFO  Minecraft:  
10:00:00.889 INFO  Minecraft: [WATCHDOG ANNOUNCEMENT] 
10:00:00.890 INFO  Minecraft: Watchdog has banned 34,655 players in the last 7 days. 
10:00:00.891 INFO  Minecraft: Staff have banned an additional 15,809 in the last 7 days. 
10:00:00.891 INFO  Minecraft: Blacklisted modifications are a bannable offense! 
10:00:00.892 INFO  Minecraft:  
10:05:10.411 INFO  Minecraft: Guild > FearTheVillain3 left. 
10:16:51.942 INFO  Minecraft: Friend > SnowedSeal left. 
10:17:15.849 INFO  Minecraft: Guild > FearTheVillain3 joined. 
10:22:03.346 INFO  Minecraft: SPOOKY FESTIVAL A Bat Piñata has appeared! It's dropping candies! 
10:46:50.933 INFO  Minecraft: Guild > FearTheVillain3 left. 
11:06:01.770 INFO  Minecraft: Friend > IdlyChiqken left. 
11:12:45.820 INFO  Logging in. 
11:12:47.450 INFO  Discord: Logged in. 
11:12:48.519 INFO  Logged in. 
11:12:48.724 INFO  Minecraft:                                       
11:12:48.731 INFO  Minecraft:                           
11:12:48.863 INFO  Minecraft: You found a ✰✰✰✰✰ Mystery Box! 
11:12:49.462 INFO  Minecraft: ----------------------------------------------------- 
11:12:49.463 INFO  Minecraft: Requirements are Skill Avg 23, Cata 23, and 170m net, along 
11:12:49.464 INFO  Minecraft: with 85k gexp a week! Make sure to have fun and contact 
11:12:49.465 INFO  Minecraft: OwOSeal or Smol if you have something to report, or something else to say! 
11:12:49.466 INFO  Minecraft: ----------------------------------------------------- 
11:12:53.526 INFO  Sending to skyblock. 
11:12:53.995 INFO  Minecraft: Sending to server mini517D... 
11:12:54.130 INFO  Logged in. 
11:12:54.449 INFO  Minecraft:         
11:12:57.608 INFO  Minecraft: You are playing on profile: Zucchini (Co-op) 
11:12:58.111 INFO  Minecraft:  
11:12:58.150 INFO  Minecraft: Welcome to Hypixel SkyBlock! 
11:12:58.871 INFO  Minecraft: You're already sitting on this island! 
11:12:59.136 INFO  Sending to skyblock. 
11:12:59.389 INFO  Minecraft: Cannot join SkyBlock for a moment! (Queue join in cooldown) 
11:13:04.462 INFO  Minecraft: You're already sitting on this island! 
11:18:29.192 INFO  Minecraft: Guild > FearTheVillain3 joined. 
11:29:27.712 INFO  Minecraft: Friend > IdlyChiqken joined. 
12:00:01.049 INFO  Minecraft:  
12:00:01.053 INFO  Minecraft: [WATCHDOG ANNOUNCEMENT] 
12:00:01.054 INFO  Minecraft: Watchdog has banned 34,649 players in the last 7 days. 
12:00:01.055 INFO  Minecraft: Staff have banned an additional 15,697 in the last 7 days. 
12:00:01.056 INFO  Minecraft: Blacklisted modifications are a bannable offense! 
12:00:01.056 INFO  Minecraft:  
12:23:56.862 INFO  Minecraft: Guild > FearTheVillain3 left. 
12:23:58.689 INFO  Minecraft: Guild > FearTheVillain3 joined. 
12:44:27.694 INFO  Logging in. 
12:44:29.092 INFO  Discord: Logged in. 
12:44:29.986 INFO  Logged in. 
12:44:30.200 INFO  Minecraft:                                       
12:44:30.210 INFO  Minecraft:                           
12:44:30.454 INFO  Minecraft: You found a ✰✰✰✰✰ Mystery Box! 
12:44:31.324 INFO  Minecraft: ----------------------------------------------------- 
12:44:31.326 INFO  Minecraft: Requirements are Skill Avg 23, Cata 23, and 170m net, along 
12:44:31.326 INFO  Minecraft: with 85k gexp a week! Make sure to have fun and contact 
12:44:31.327 INFO  Minecraft: OwOSeal or Smol if you have something to report, or something else to say! 
12:44:31.328 INFO  Minecraft: ----------------------------------------------------- 
12:44:34.990 INFO  Sending to skyblock. 
12:44:35.494 INFO  Minecraft: Sending to server mini969U... 
12:44:35.612 INFO  Logged in. 
12:44:35.860 INFO  Minecraft:         
12:44:39.070 INFO  Minecraft: You are playing on profile: Zucchini (Co-op) 
12:44:39.676 INFO  Minecraft:  
12:44:39.678 INFO  Minecraft: Welcome to Hypixel SkyBlock! 
12:44:40.311 INFO  Minecraft: You're already sitting on this island! 
12:44:40.622 INFO  Sending to skyblock. 
12:44:40.873 INFO  Minecraft: Cannot join SkyBlock for a moment! (Queue join in cooldown) 
12:44:45.964 INFO  Minecraft: You're already sitting on this island! 
12:50:16.702 INFO  Minecraft: Friend > IdlyChiqken left. 
13:16:03.187 INFO  Minecraft: Guild > FearTheVillain3 left. 
13:28:30.620 INFO  Minecraft: Guild > FearTheVillain3 joined. 
13:53:42.161 INFO  Minecraft: Guild > FearTheVillain3 left. 
13:55:32.018 INFO  Minecraft: Friend > IdlyChiqken joined. 
14:00:01.229 INFO  Minecraft:  
14:00:01.231 INFO  Minecraft: [WATCHDOG ANNOUNCEMENT] 
14:00:01.232 INFO  Minecraft: Watchdog has banned 34,672 players in the last 7 days. 
14:00:01.233 INFO  Minecraft: Staff have banned an additional 15,612 in the last 7 days. 
14:00:01.234 INFO  Minecraft: Blacklisted modifications are a bannable offense! 
14:00:01.234 INFO  Minecraft:  
14:52:57.351 INFO  Minecraft: Friend > IdlyChiqken left. 
14:53:55.548 INFO  Minecraft: Friend > IdlyChiqken joined. 
14:56:15.597 INFO  Minecraft: Friend > IdlyChiqken left. 
14:58:10.542 INFO  Minecraft: Friend > IdlyChiqken joined. 
15:07:27.486 INFO  Minecraft: Friend > IdlyChiqken left. 
15:08:58.507 INFO  Minecraft: Friend > IdlyChiqken joined. 
15:13:21.220 INFO  Minecraft: Friend > IdlyChiqken left. 
15:13:59.363 INFO  Minecraft: Friend > IdlyChiqken joined. 
15:26:46.852 INFO  Minecraft: Friend > IdlyChiqken left. 
15:27:09.726 INFO  Minecraft: Friend > IdlyChiqken joined. 
15:37:43.091 INFO  Minecraft: Guild > clonzy joined. 
15:51:41.860 INFO  Minecraft: Guild > clonzy left. 
15:53:46.023 INFO  Minecraft: Friend > IdlyChiqken left. 
15:53:59.197 INFO  Minecraft: Friend > IdlyChiqken joined. 
15:54:20.288 INFO  Minecraft: Friend > IdlyChiqken left. 
15:55:59.256 INFO  Minecraft: Friend > IdlyChiqken joined. 
15:58:00.356 INFO  Minecraft: Friend > IdlyChiqken left. 
16:00:01.651 INFO  Minecraft:  
16:00:01.653 INFO  Minecraft: [WATCHDOG ANNOUNCEMENT] 
16:00:01.654 INFO  Minecraft: Watchdog has banned 34,949 players in the last 7 days. 
16:00:01.655 INFO  Minecraft: Staff have banned an additional 15,559 in the last 7 days. 
16:00:01.656 INFO  Minecraft: Blacklisted modifications are a bannable offense! 
16:00:01.657 INFO  Minecraft:  
18:00:01.827 INFO  Minecraft:  
18:00:01.838 INFO  Minecraft: [WATCHDOG ANNOUNCEMENT] 
18:00:01.839 INFO  Minecraft: Watchdog has banned 34,976 players in the last 7 days. 
18:00:01.840 INFO  Minecraft: Staff have banned an additional 15,540 in the last 7 days. 
18:00:01.841 INFO  Minecraft: Blacklisted modifications are a bannable offense! 
18:00:01.841 INFO  Minecraft:  
20:00:02.023 INFO  Minecraft:  
20:00:02.034 INFO  Minecraft: [WATCHDOG ANNOUNCEMENT] 
20:00:02.035 INFO  Minecraft: Watchdog has banned 34,957 players in the last 7 days. 
20:00:02.035 INFO  Minecraft: Staff have banned an additional 15,429 in the last 7 days. 
20:00:02.036 INFO  Minecraft: Blacklisted modifications are a bannable offense! 
20:00:02.037 INFO  Minecraft:  
20:34:03.925 INFO  Minecraft: [Important] This server will restart soon: Scheduled Reboot 
20:34:03.940 INFO  Minecraft: You have 60 seconds to warp out! CLICK to warp now! 
20:35:01.974 INFO  Minecraft: Evacuating to Hub... 
20:35:02.043 INFO  Minecraft: Sending to server mini704H... 
20:35:02.144 INFO  Logged in. 
20:35:02.384 INFO  Minecraft:         
20:35:07.144 INFO  Sending to skyblock. 
20:35:07.425 INFO  Minecraft: You are already playing SkyBlock! 
20:35:08.908 INFO  Minecraft: You are playing on profile: Zucchini (Co-op) 
20:35:10.687 INFO  Minecraft: ALLOWANCE! You earned 50,000 coins! 
20:35:12.599 INFO  Minecraft: Warping you to your SkyBlock island... 
20:35:13.012 INFO  Minecraft: Sending to server mini492M... 
20:35:13.160 INFO  Logged in. 
20:35:13.518 INFO  Minecraft:         
20:35:16.583 INFO  Minecraft: You are playing on profile: Zucchini (Co-op) 
20:35:18.171 INFO  Sending to skyblock. 
20:35:18.420 INFO  Minecraft: You are already playing SkyBlock! 
20:35:23.525 INFO  Minecraft: You're already sitting on this island! 
20:57:09.925 INFO  Minecraft: The Traveling Zoo is visiting the SkyBlock Hub! 
20:57:09.935 INFO  Minecraft: CLICK HERE to shop for exotic pets! 
20:57:32.476 INFO  Minecraft: ----------------------------------------------------- 
20:57:32.479 INFO  Minecraft: You have just received 238,206 coins as interest in your co-op bank account! 
20:57:32.480 INFO  Minecraft: ----------------------------------------------------- 
22:00:02.221 INFO  Minecraft:  
22:00:02.231 INFO  Minecraft: [WATCHDOG ANNOUNCEMENT] 
22:00:02.232 INFO  Minecraft: Watchdog has banned 34,886 players in the last 7 days. 
22:00:02.232 INFO  Minecraft: Staff have banned an additional 15,373 in the last 7 days. 
22:00:02.233 INFO  Minecraft: Blacklisted modifications are a bannable offense! 
22:00:02.234 INFO  Minecraft:  
22:24:39.084 INFO  Minecraft: Guild > The4p1 joined. 
23:19:02.746 INFO  Minecraft: [SkyBlock] plazma_fusion is visiting Your Island! 
23:28:02.077 INFO  Minecraft: Guild > The4p1 left. 
00:00:02.408 INFO  Minecraft:  
00:00:02.422 INFO  Minecraft: [WATCHDOG ANNOUNCEMENT] 
00:00:02.423 INFO  Minecraft: Watchdog has banned 34,832 players in the last 7 days. 
00:00:02.424 INFO  Minecraft: Staff have banned an additional 15,259 in the last 7 days. 
00:00:02.425 INFO  Minecraft: Blacklisted modifications are a bannable offense! 
00:00:02.426 INFO  Minecraft:  

