19:51:16.218 INFO  Logging in. 
19:51:17.705 INFO  Discord: Logged in. 
19:51:18.822 INFO  Logged in. 
19:51:19.034 INFO  Minecraft:                                       
19:51:19.040 INFO  Minecraft:                           
19:51:19.385 INFO  Minecraft: ----------------------------------------------------- 
19:51:19.385 INFO  Minecraft: Requirements are Skill Avg 23, Cata 23, and 170m net, along 
19:51:19.386 INFO  Minecraft: with 85k gexp a week! Make sure to have fun and contact 
19:51:19.386 INFO  Minecraft: OwOSeal or Smol if you have something to report, or something else to say! 
19:51:19.387 INFO  Minecraft: ----------------------------------------------------- 
19:51:19.719 INFO  Minecraft:  >>> [MVP++] Anaahi joined the lobby! <<< 
19:51:23.826 INFO  Sending to skyblock. 
19:51:24.087 INFO  Minecraft: Sending to server mini228Q... 
19:51:24.205 INFO  Logged in. 
19:51:24.227 INFO  Minecraft:         
19:51:27.590 INFO  Minecraft: You are playing on profile: Zucchini (Co-op) 
19:51:28.230 INFO  Minecraft:  
19:51:28.230 INFO  Minecraft: Welcome to Hypixel SkyBlock! 
19:51:29.148 INFO  Minecraft: You're already sitting on this island! 
19:51:29.208 INFO  Sending to skyblock. 
19:51:29.462 INFO  Minecraft: Cannot join SkyBlock for a moment! (Queue join in cooldown) 
19:51:29.519 INFO  Minecraft: Guild > [MVP+] BamBoozledMC [LS]: !ping 
19:51:30.716 INFO  Minecraft: Guild > Minikloons [LS]: My ping on Hypixel is: 229ms 
19:51:34.528 INFO  Minecraft: You're already sitting on this island! 
19:53:14.568 INFO  Minecraft: You earned 83 GEXP from playing SkyBlock! 
19:56:43.280 INFO  Minecraft:   COLLECTION UNLOCKED Gemstone 
19:56:43.281 INFO  Minecraft:    CO-OP » Unlocked by [MVP+] BamBoozledMC 
19:56:48.153 INFO  Minecraft: ▬▬▬▬▬▬▬▬▬▬▬▬▬▬▬▬▬▬▬▬▬▬▬▬▬▬▬▬▬▬▬▬▬▬▬▬▬▬▬▬▬▬▬▬▬▬▬▬▬▬▬▬▬▬▬▬▬▬▬▬▬▬▬▬ 
19:56:48.155 INFO  Minecraft:   COLLECTION LEVEL UP Gemstone I 
19:56:48.156 INFO  Minecraft:    CO-OP » Unlocked by [MVP+] BamBoozledMC 
19:56:48.157 INFO  Minecraft:  
19:56:48.158 INFO  Minecraft:   REWARD 
19:56:48.159 INFO  Minecraft:     Small Gemstone Sack Recipe 
19:56:48.160 INFO  Minecraft: ▬▬▬▬▬▬▬▬▬▬▬▬▬▬▬▬▬▬▬▬▬▬▬▬▬▬▬▬▬▬▬▬▬▬▬▬▬▬▬▬▬▬▬▬▬▬▬▬▬▬▬▬▬▬▬▬▬▬▬▬▬▬▬▬ 
20:00:05.022 INFO  Minecraft:  
20:00:05.026 INFO  Minecraft: [WATCHDOG ANNOUNCEMENT] 
20:00:05.027 INFO  Minecraft: Watchdog has banned 36,021 players in the last 7 days. 
20:00:05.027 INFO  Minecraft: Staff have banned an additional 14,745 in the last 7 days. 
20:00:05.028 INFO  Minecraft: Blacklisted modifications are a bannable offense! 
20:00:05.029 INFO  Minecraft:  
20:03:56.351 INFO  Minecraft: ----------------------------------------------------- 
20:03:56.353 INFO  Minecraft: You have just received 222,179 coins as interest in your co-op bank account! 
20:03:56.354 INFO  Minecraft: ----------------------------------------------------- 
20:03:59.601 INFO  Minecraft: BamBoozledMC joined SkyBlock. 
20:11:08.608 INFO  Minecraft: BamBoozledMC left SkyBlock. 
20:33:56.609 INFO  Minecraft: Guild > BamBoozledMC left. 
21:08:55.684 INFO  Minecraft: Guild > UnknowAccount joined. 
21:32:48.221 INFO  Minecraft: Guild > NucOps06 joined. 
22:00:05.247 INFO  Minecraft:  
22:00:05.251 INFO  Minecraft: [WATCHDOG ANNOUNCEMENT] 
22:00:05.252 INFO  Minecraft: Watchdog has banned 35,861 players in the last 7 days. 
22:00:05.253 INFO  Minecraft: Staff have banned an additional 14,818 in the last 7 days. 
22:00:05.253 INFO  Minecraft: Blacklisted modifications are a bannable offense! 
22:00:05.254 INFO  Minecraft:  
23:03:08.769 INFO  Minecraft: Guild > UnknowAccount left. 
23:21:11.547 INFO  Minecraft: Guild > UnknowAccount joined. 
00:00:05.439 INFO  Minecraft:  
00:00:05.442 INFO  Minecraft: [WATCHDOG ANNOUNCEMENT] 
00:00:05.443 INFO  Minecraft: Watchdog has banned 35,794 players in the last 7 days. 
00:00:05.444 INFO  Minecraft: Staff have banned an additional 14,865 in the last 7 days. 
00:00:05.445 INFO  Minecraft: Blacklisted modifications are a bannable offense! 
00:00:05.445 INFO  Minecraft:  

