18:38:02.123 INFO  Logging in. 
18:38:04.555 INFO  Discord: Logged in. 
18:38:06.319 INFO  Logged in. 
18:38:06.481 INFO  Minecraft:                                       
18:38:06.494 INFO  Minecraft:                           
18:38:07.146 INFO  Minecraft: ----------------------------------------------------- 
18:38:07.147 INFO  Minecraft: Requirements are Skill Avg 23, Cata 23, and 170m net, along 
18:38:07.149 INFO  Minecraft: with 85k gexp a week! Make sure to have fun and contact 
18:38:07.150 INFO  Minecraft: OwOSeal or Smol if you have something to report, or something else to say! 
18:38:07.151 INFO  Minecraft: ----------------------------------------------------- 
18:38:08.320 INFO  Sending to skyblock. 
18:38:08.900 INFO  Minecraft: Sending to server mini846P... 
18:38:08.913 INFO  Logged in. 
18:38:08.998 INFO  Minecraft:         
18:38:10.913 INFO  Sending to skyblock. 
18:38:11.452 INFO  Minecraft: You're already sitting on this island! 
18:38:11.815 INFO  Minecraft: Please don't spam the command! 
18:38:12.224 INFO  Minecraft: You are playing on profile: Zucchini (Co-op) 
18:38:12.759 INFO  Minecraft:  
18:38:12.760 INFO  Minecraft: Welcome to Hypixel SkyBlock! 
18:38:13.274 INFO  Minecraft: You're already sitting on this island! 
18:38:13.820 INFO  Minecraft: Guild > [MVP++] ranger4josh [M]: i feel something so right, doing the wrong thing 
18:38:16.370 INFO  Discord: [💬→︱guild-chat] Dev/Mod BamBoozledMC: idk why dont you try 
18:38:16.612 INFO  Minecraft: Guild > Minikloons [LS]: Dev/ModBamBoozledMC» idk why dont you try 
18:38:31.827 INFO  Minecraft: Guild > [MVP++] ranger4josh [M]: i couldnt lie couldnt lie, everything that drowns me makes me feel alive 
18:38:40.775 INFO  Minecraft: Guild > [MVP+] BamBoozledMC [LS]: what 
18:38:46.760 INFO  Minecraft: Guild > ShredderSeal joined. 
18:38:52.398 INFO  Minecraft: Guild > [MVP++] ranger4josh [M]: do you seriously not know those lyrics 
18:38:59.345 INFO  Minecraft: Guild > [MVP+] BamBoozledMC [LS]: isnt that juice wrld 
18:39:01.838 INFO  Minecraft: Guild > [MVP++] ranger4josh [M]: no 
18:39:04.804 INFO  Minecraft: Guild > [MVP++] ranger4josh [M]: counting stars 
18:39:14.633 INFO  Minecraft: Guild > [MVP+] BamBoozledMC [LS]: OH THAT yea ik that song 
18:39:19.553 INFO  Minecraft: Guild > [MVP+] BamBoozledMC [LS]: just didnt come to mind' 
18:39:25.082 INFO  Discord: [💬→︱guild-chat] Dev/Mod BamBoozledMC: hello 
18:39:25.334 INFO  Minecraft: Guild > Minikloons [LS]: Dev/ModBamBoozledMC» hello 
18:41:06.609 INFO  Discord: [💬👮→︱officer-chat] Dev/Mod BamBoozledMC: yes 
18:41:06.868 INFO  Minecraft: Officer > Minikloons [LS]: Dev/ModBamBoozledMC» yes 
18:41:30.988 INFO  Minecraft: Guild > [VIP] ShredderSeal [M]: rip 
18:41:38.819 INFO  Minecraft: Guild > [VIP] ShredderSeal [M]: last run has no tank 
18:41:40.518 INFO  Discord: [💬→︱guild-chat] Dev/Mod BamBoozledMC: what 
18:41:40.820 INFO  Minecraft: Guild > Minikloons [LS]: Dev/ModBamBoozledMC» what 
18:41:42.294 INFO  Discord: [💬→︱guild-chat] Dev/Mod BamBoozledMC: oh 
18:41:42.572 INFO  Minecraft: You cannot say the same message twice! 
18:41:46.720 INFO  Discord: [💬→︱guild-chat] Dev/Mod BamBoozledMC: oh.......... 
18:41:47.103 INFO  Minecraft: Guild > Minikloons [LS]: Dev/ModBamBoozledMC» oh.......... 
18:41:58.531 INFO  Minecraft: Guild > [VIP] ShredderSeal [M]: we all died in p2 
18:42:01.156 INFO  Minecraft: Guild > [VIP] ShredderSeal [M]: cuz no tank 
18:42:25.983 INFO  Minecraft: Guild > [VIP] ShredderSeal [M]: like the party was 4/5, 3m 1b no t 
18:42:31.688 INFO  Discord: [💬→︱guild-chat] Dev/Mod BamBoozledMC: BEANS
ARE REALLY YUMMY
CAUSE THEY ARE NICE TO EAT
IDK WHY THEY ARE THEY ARE JUST NICE
YUM YUM IN TUM TUM 
EEEEEEEEEEEEEEEEEEEEE 
18:42:31.950 INFO  Minecraft: Guild > Minikloons [LS]: EEEEEEEEEEEEEEEEEEEEE 
18:42:31.954 INFO  Minecraft: Guild > Minikloons [LS]: IDK WHY THEY ARE THEY ARE JUST NICE 
18:42:31.957 INFO  Minecraft: Guild > Minikloons [LS]: CAUSE THEY ARE NICE TO EAT 
18:42:31.960 INFO  Minecraft: Guild > Minikloons [LS]: Dev/ModBamBoozledMC» BEANS 
18:42:31.964 INFO  Minecraft: Guild > Minikloons [LS]: YUM YUM IN TUM TUM  
18:42:31.967 INFO  Minecraft: Guild > Minikloons [LS]: ARE REALLY YUMMY 
18:42:48.405 INFO  Minecraft: Guild > [VIP] ShredderSeal [M]: wtf is that commands 
18:42:57.845 INFO  Discord: [💬→︱guild-chat] Dev/Mod BamBoozledMC: ? 
18:42:58.086 INFO  Minecraft: Guild > Minikloons [LS]: Dev/ModBamBoozledMC» ? 
18:43:08.026 INFO  Minecraft: Guild > [VIP] ShredderSeal [M]: dis is sad 
18:43:12.011 INFO  Discord: [💬→︱guild-chat] Dev/Mod BamBoozledMC: what is 
18:43:12.257 INFO  Minecraft: Guild > Minikloons [LS]: Dev/ModBamBoozledMC» what is 
18:43:12.599 INFO  Discord: [💬→︱guild-chat] Dev/Mod BamBoozledMC: why 
18:43:12.851 INFO  Minecraft: You cannot say the same message twice! 
18:43:15.962 INFO  Discord: [💬→︱guild-chat] Dev/Mod BamBoozledMC: why........ 
18:43:16.221 INFO  Minecraft: Guild > Minikloons [LS]: Dev/ModBamBoozledMC» why........ 
18:43:20.318 INFO  Minecraft: Guild > [VIP] ShredderSeal [M]: the thing 
18:43:24.072 INFO  Discord: [💬→︱guild-chat] Dev/Mod BamBoozledMC: what thing 
18:43:24.324 INFO  Minecraft: Guild > Minikloons [LS]: Dev/ModBamBoozledMC» what thing 
18:43:26.532 INFO  Discord: [💬→︱guild-chat] Dev/Mod BamBoozledMC: the dungeon?> 
18:43:26.959 INFO  Minecraft: Guild > Minikloons [LS]: Dev/ModBamBoozledMC» the dungeon?> 
18:43:32.502 INFO  Minecraft: Guild > [VIP] ShredderSeal [M]: no, guild tag 
18:43:34.756 INFO  Minecraft: Guild > [VIP] ShredderSeal [M]: is gray 
18:43:35.274 INFO  Discord: [💬→︱guild-chat] Dev/Mod BamBoozledMC: oh 
18:43:35.523 INFO  Minecraft: Guild > Minikloons [LS]: Dev/ModBamBoozledMC» oh 
18:43:37.983 INFO  Minecraft: Guild > [VIP] ShredderSeal [M]: we are nons 
18:43:40.581 INFO  Discord: [💬→︱guild-chat] Dev/Mod BamBoozledMC: yea pretty sad 
18:43:40.821 INFO  Minecraft: Guild > Minikloons [LS]: Dev/ModBamBoozledMC» yea pretty sad 
18:43:46.208 INFO  Discord: [💬→︱guild-chat] Dev/Mod BamBoozledMC: who did that thio 
18:43:46.458 INFO  Minecraft: Guild > Minikloons [LS]: Dev/ModBamBoozledMC» who did that thio 
18:43:57.930 INFO  Minecraft: Guild > [VIP] ShredderSeal [M]: no its because owopingu got gm 
18:43:59.359 INFO  Minecraft: Guild > [MVP+] BamBoozledMC [LS]: owosmol is sad 
18:44:05.409 INFO  Minecraft: Guild > [VIP] ShredderSeal [M]: and it justgone gray 
18:44:27.359 INFO  Minecraft: Guild > [VIP] ShredderSeal [M]: feces 
18:44:31.021 INFO  Minecraft: Guild > [MVP+] BamBoozledMC [LS]: .. 
18:44:43.746 INFO  Minecraft: Guild > [VIP] ShredderSeal [M]: faces* 
18:44:49.629 INFO  Minecraft: Guild > [VIP] ShredderSeal [M]: just realised 
18:44:53.064 INFO  Discord: [💬→︱guild-chat] Dev/Mod BamBoozledMC: /mute shredderseal 
18:45:15.160 INFO  Discord: [💬→︱guild-chat] Dev/Mod BamBoozledMC: /mute shredderseal 10s testing mute 
18:45:15.525 INFO  Minecraft: ----------------------------------------------------- 
18:45:15.529 INFO  Minecraft: Minikloons has muted [VIP] ShredderSeal for 10s 
18:45:15.532 INFO  Minecraft: ----------------------------------------------------- 
18:45:34.359 INFO  Minecraft: Guild > [VIP] ShredderSeal [M]: e 
18:45:38.013 INFO  Minecraft: Guild > [VIP] ShredderSeal [M]: what 
18:45:40.103 INFO  Minecraft: Guild > YoMadaEatingRice joined. 
18:45:40.921 INFO  Minecraft: Guild > YoMadaEatingRice left. 
18:45:41.607 INFO  Minecraft: Guild > [VIP] ShredderSeal [M]: happened 
18:45:55.208 INFO  Minecraft: Guild > YoMadaEatingRice left. 
18:46:01.030 INFO  Minecraft: Guild > YoMadaEatingRice joined. 
18:46:02.833 INFO  Minecraft: Guild > [MVP+] BamBoozledMC [LS]: what im gonna do is make the bot say that you were muted by an admin 
18:46:07.217 INFO  Minecraft: Guild > [MVP+] BamBoozledMC [LS]: i was testing 
18:46:14.043 INFO  Minecraft: Guild > YoMadaEatingRice joined. 
18:46:15.033 INFO  Minecraft: Guild > YoMadaEatingRice left. 
18:46:20.144 INFO  Minecraft: Guild > YoMadaEatingRice joined. 
18:46:21.012 INFO  Minecraft: Guild > YoMadaEatingRice left. 
18:46:28.717 INFO  Minecraft: Guild > [VIP] ShredderSeal [M]: why me 
18:46:35.128 INFO  Minecraft: Guild > YoMadaEatingRice left. 
18:46:43.509 INFO  Minecraft: Guild > [MVP+] BamBoozledMC [LS]: dw 
18:46:50.153 INFO  Minecraft: Guild > [VIP] ShredderSeal [M]: H O W 
18:46:51.846 INFO  Minecraft: Guild > [VIP] ShredderSeal [M]: wiat 
18:46:53.523 INFO  Minecraft: Guild > [VIP] ShredderSeal [M]: feces 
18:46:53.576 INFO  Minecraft: Guild > [MVP+] BamBoozledMC [LS]: ur all good 
18:46:54.600 INFO  Minecraft: Guild > [VIP] ShredderSeal [M]: ok 
18:46:57.863 INFO  Minecraft: Guild > [VIP] ShredderSeal [M]: do that again 
18:47:00.878 INFO  Minecraft: Guild > [MVP+] BamBoozledMC [LS]: do what 
18:47:04.247 INFO  Minecraft: Guild > [VIP] ShredderSeal [M]: the thing 
18:47:11.195 INFO  Minecraft: Guild > [VIP] ShredderSeal [M]: the muted thing 
18:47:16.874 INFO  Discord: [💬→︱guild-chat] Dev/Mod BamBoozledMC: /mute shredderseal 10s testing mute 
18:47:17.139 INFO  Minecraft: ----------------------------------------------------- 
18:47:17.146 INFO  Minecraft: Minikloons has muted [VIP] ShredderSeal for 10s 
18:47:17.147 INFO  Minecraft: ----------------------------------------------------- 
18:47:30.008 INFO  Minecraft: Guild > [VIP] ShredderSeal [M]: wait 
18:47:33.050 INFO  Minecraft: Guild > [MVP+] BamBoozledMC [LS]: whgat 
18:47:33.182 INFO  Minecraft: Guild > YoMadaEatingRice joined. 
18:47:43.575 INFO  Minecraft: Guild > [VIP] ShredderSeal [M]: is it the bot or actual this time? 
18:47:51.446 INFO  Minecraft: Guild > [MVP+] BamBoozledMC [LS]: wdym 
18:48:00.694 INFO  Minecraft: Guild > [VIP] ShredderSeal [M]: /gc weird 
18:48:07.438 INFO  Minecraft: Guild > [MVP+] BamBoozledMC [LS]: check guild chat 
18:48:12.069 INFO  Minecraft: Guild > [MVP+] BamBoozledMC [LS]: in discord 
18:48:49.396 INFO  Minecraft: Guild > [VIP] ShredderSeal [M]: /pc wait 
18:48:51.359 INFO  Minecraft: Guild > [VIP] ShredderSeal [M]: wc 
18:49:03.961 INFO  Discord: [💬→︱guild-chat] Dev/Mod BamBoozledMC: u gonna check it? 
18:49:04.201 INFO  Minecraft: Guild > Minikloons [LS]: Dev/ModBamBoozledMC» u gonna check it? 
18:49:20.402 INFO  Discord: [💬→︱guild-chat] Member | ShredderSeal: ohhh 
18:49:20.659 INFO  Minecraft: Guild > Minikloons [LS]: Member| ShredderSeal» ohhh 
18:49:33.094 INFO  Minecraft: Guild > ranger4josh left. 
18:50:26.581 INFO  Discord: [💬→︱guild-chat] Dev/Mod BamBoozledMC: brooo ur sao cracked at fortnite my dude 
18:50:26.892 INFO  Minecraft: Guild > Minikloons [LS]: Dev/ModBamBoozledMC» brooo ur sao cracked at fortnite my dude 
18:51:43.230 INFO  Minecraft: Guild > [VIP] ShredderSeal [M]: ABCDEFGHIJKLMNOPQRSTUVWXYZ 
18:51:54.128 INFO  Minecraft: Guild > [VIP] ShredderSeal [M]: is there anything wrong in my abc's 
18:52:20.758 INFO  Minecraft: Guild > [VIP] ShredderSeal [M]: if there is, im going to request going back to pre-school 
18:53:06.485 INFO  Minecraft: Guild > ShredderSeal left. 
18:53:07.511 INFO  Minecraft: Guild > ShredderSeal joined. 
19:11:55.647 INFO  Minecraft: [Important] This server will restart soon: Scheduled Reboot 
19:11:55.657 INFO  Minecraft: You have 60 seconds to warp out! CLICK to warp now! 
19:12:15.704 INFO  Minecraft: Guild > UnknownShadow124 joined. 
19:12:30.653 INFO  Minecraft: Guild > UnknownShadow124 left. 
19:12:53.936 INFO  Minecraft: Evacuating to Hub... 
19:12:53.990 INFO  Minecraft: Sending to server mini817S... 
19:12:54.095 INFO  Logged in. 
19:12:54.279 INFO  Minecraft:         
19:12:56.095 INFO  Sending to skyblock. 
19:12:58.219 INFO  Minecraft: You are already playing SkyBlock! 
19:12:59.234 INFO  Minecraft: You are playing on profile: Zucchini (Co-op) 
19:12:59.911 INFO  Minecraft: Warping you to your SkyBlock island... 
19:13:00.175 INFO  Minecraft: Sending to server mini36N... 
19:13:00.204 INFO  Logged in. 
19:13:00.434 INFO  Minecraft:         
19:13:02.204 INFO  Sending to skyblock. 
19:13:03.959 INFO  Minecraft: You are playing on profile: Zucchini (Co-op) 
19:13:03.970 INFO  Minecraft: Cannot join SkyBlock for a moment! (Queue join in cooldown) 
19:13:04.568 INFO  Minecraft: You're already sitting on this island! 
19:13:06.651 INFO  Minecraft: Guild > UnknownShadow124 joined. 
19:15:29.238 INFO  Logging in. 
19:15:31.792 INFO  Discord: Logged in. 
19:15:34.363 INFO  Logged in. 
19:15:34.792 INFO  Minecraft:                                       
19:15:34.842 INFO  Minecraft:                           
19:15:35.343 INFO  Minecraft: You found a ✰✰✰✰✰ Mystery Box! 
19:15:35.925 INFO  Minecraft: ----------------------------------------------------- 
19:15:35.930 INFO  Minecraft: Requirements are Skill Avg 23, Cata 23, and 170m net, along 
19:15:35.933 INFO  Minecraft: with 85k gexp a week! Make sure to have fun and contact 
19:15:35.935 INFO  Minecraft: OwOSeal or Smol if you have something to report, or something else to say! 
19:15:35.937 INFO  Minecraft: ----------------------------------------------------- 
19:15:37.606 INFO  Minecraft:   ➤ You have reached your Hype limit! Add Hype to Prototype Lobby minigames by right-clicking with the Hype Diamond! 
19:15:39.365 INFO  Sending to skyblock. 
19:15:39.628 INFO  Minecraft: Sending to server mini36N... 
19:15:39.725 INFO  Logged in. 
19:15:39.831 INFO  Minecraft:         
19:15:43.117 INFO  Minecraft: You are playing on profile: Zucchini (Co-op) 
19:15:43.724 INFO  Minecraft:  
19:15:43.727 INFO  Minecraft: Welcome to Hypixel SkyBlock! 
19:15:44.684 INFO  Minecraft: You're already sitting on this island! 
19:15:44.737 INFO  Sending to skyblock. 
19:15:45.003 INFO  Minecraft: Cannot join SkyBlock for a moment! (Queue join in cooldown) 
19:15:50.049 INFO  Minecraft: You're already sitting on this island! 
19:20:43.953 INFO  Minecraft: Guild > [VIP] ShredderSeal [M]: sad sad sda 
19:20:46.347 INFO  Minecraft: Guild > [VIP] ShredderSeal [M]: none did 3 
19:31:30.914 INFO  Logging in. 
19:31:33.327 INFO  Discord: Logged in. 
19:31:34.941 INFO  Minecraft: ----------------------------------------------------- 
19:31:34.949 INFO  Minecraft: Requirements are Skill Avg 23, Cata 23, and 170m net, along 
19:31:34.953 INFO  Minecraft: with 85k gexp a week! Make sure to have fun and contact 
19:31:34.955 INFO  Minecraft: OwOSeal or Smol if you have something to report, or something else to say! 
19:31:34.958 INFO  Minecraft: ----------------------------------------------------- 
19:31:35.048 INFO  Logged in. 
19:31:35.230 INFO  Minecraft:                                       
19:31:35.248 INFO  Minecraft:                           
19:32:00.712 INFO  Logging in. 
19:32:03.187 INFO  Discord: Logged in. 
19:32:04.182 INFO  Logged in. 
19:32:04.352 INFO  Minecraft:                                       
19:32:04.373 INFO  Minecraft:                           
19:32:06.121 INFO  Minecraft: ----------------------------------------------------- 
19:32:06.128 INFO  Minecraft: Requirements are Skill Avg 23, Cata 23, and 170m net, along 
19:32:06.131 INFO  Minecraft: with 85k gexp a week! Make sure to have fun and contact 
19:32:06.148 INFO  Minecraft: OwOSeal or Smol if you have something to report, or something else to say! 
19:32:06.166 INFO  Minecraft: ----------------------------------------------------- 
19:32:06.997 INFO  Minecraft:   ➤ You have reached your Hype limit! Add Hype to Prototype Lobby minigames by right-clicking with the Hype Diamond! 
19:32:09.202 INFO  Sending to skyblock. 
19:32:09.503 INFO  Minecraft: Sending to server mini36N... 
19:32:09.735 INFO  Logged in. 
19:32:09.881 INFO  Minecraft:         
19:32:14.114 INFO  Minecraft: You are playing on profile: Zucchini (Co-op) 
19:32:14.176 INFO  Minecraft:  
19:32:14.181 INFO  Minecraft: Welcome to Hypixel SkyBlock! 
19:32:14.572 INFO  Minecraft: You're already sitting on this island! 
19:32:14.749 INFO  Sending to skyblock. 
19:32:15.079 INFO  Minecraft: Cannot join SkyBlock for a moment! (Queue join in cooldown) 
19:32:20.094 INFO  Minecraft: You're already sitting on this island! 
19:43:30.339 INFO  Minecraft: Guild > YoMadaEatingRice left. 
19:48:58.655 INFO  Minecraft: Guild > UnknownShadow124 left. 
19:56:41.039 INFO  Logging in. 
19:56:43.838 INFO  Discord: Logged in. 
19:56:44.772 INFO  Minecraft: ----------------------------------------------------- 
19:56:44.781 INFO  Minecraft: Requirements are Skill Avg 23, Cata 23, and 170m net, along 
19:56:44.784 INFO  Minecraft: with 85k gexp a week! Make sure to have fun and contact 
19:56:44.787 INFO  Minecraft: OwOSeal or Smol if you have something to report, or something else to say! 
19:56:44.793 INFO  Minecraft: ----------------------------------------------------- 
19:56:44.893 INFO  Logged in. 
19:56:45.074 INFO  Minecraft:                                       
19:56:45.087 INFO  Minecraft:                           
19:56:47.699 INFO  Minecraft:   ➤ You have reached your Hype limit! Add Hype to Prototype Lobby minigames by right-clicking with the Hype Diamond! 
19:56:49.894 INFO  Sending to skyblock. 
19:56:50.166 INFO  Minecraft: Sending to server mini36N... 
19:56:50.378 INFO  Logged in. 
19:56:50.486 INFO  Minecraft:         
19:56:53.974 INFO  Minecraft: You are playing on profile: Zucchini (Co-op) 
19:56:54.343 INFO  Minecraft:  
19:56:54.360 INFO  Minecraft: Welcome to Hypixel SkyBlock! 
19:56:55.231 INFO  Minecraft: You're already sitting on this island! 
19:56:55.378 INFO  Sending to skyblock. 
19:56:55.636 INFO  Minecraft: Cannot join SkyBlock for a moment! (Queue join in cooldown) 
19:57:00.723 INFO  Minecraft: You're already sitting on this island! 
19:58:47.887 INFO  Minecraft: Guild > [VIP] ShredderSeal [M]: S+ 
19:58:50.212 INFO  Minecraft: Guild > [VIP] ShredderSeal [M]: LETS GO 
19:58:50.911 INFO  Minecraft: Guild > [VIP] ShredderSeal [M]: YES 
19:58:52.599 INFO  Minecraft: Guild > [VIP] ShredderSeal [M]: I DID IT 
19:58:57.637 INFO  Minecraft: Guild > [VIP] ShredderSeal [M]: LETS FRICKING GO 
19:59:07.166 INFO  Minecraft: Guild > [VIP] ShredderSeal [M]: I GOT S+ IN THE HARDEST FLOOR 
19:59:33.003 INFO  Minecraft: Guild > [VIP] ShredderSeal [M]: DUDE WTF S+ F1 GGGGGGG 
19:59:52.834 INFO  Discord: [💬→︱guild-chat] Dev/Mod BamBoozledMC: what floor 
19:59:53.085 INFO  Minecraft: Guild > Minikloons [LS]: Dev/ModBamBoozledMC» what floor 
19:59:57.355 INFO  Minecraft: Guild > [VIP] ShredderSeal [M]: F1 
20:00:00.006 INFO  Minecraft: Guild > [VIP] ShredderSeal [M]: literally 
20:00:02.145 INFO  Minecraft: Guild > [VIP] ShredderSeal [M]: hardest 
20:00:03.100 INFO  Discord: [💬→︱guild-chat] Dev/Mod BamBoozledMC: shut up 
20:00:03.345 INFO  Minecraft: Guild > Minikloons [LS]: Dev/ModBamBoozledMC» shut up 
20:00:06.236 INFO  Minecraft: Guild > [VIP] ShredderSeal [M]: boss fight ever 
20:00:15.154 INFO  Minecraft:  
20:00:15.161 INFO  Minecraft: [WATCHDOG ANNOUNCEMENT] 
20:00:15.163 INFO  Minecraft: Watchdog has banned 30,263 players in the last 7 days. 
20:00:15.165 INFO  Minecraft: Staff have banned an additional 15,763 in the last 7 days. 
20:00:15.166 INFO  Minecraft: Blacklisted modifications are a bannable offense! 
20:00:15.169 INFO  Minecraft:  
20:00:21.938 INFO  Discord: [💬→︱guild-chat] Dev/Mod BamBoozledMC: u mean mf1? 
20:00:22.733 INFO  Minecraft: Guild > Minikloons [LS]: Dev/ModBamBoozledMC» u mean mf1? 
20:00:26.547 INFO  Minecraft: Guild > [VIP] ShredderSeal [M]: f1 
20:00:30.513 INFO  Discord: [💬→︱guild-chat] Dev/Mod BamBoozledMC: ......... 
20:00:30.800 INFO  Minecraft: Guild > Minikloons [LS]: Dev/ModBamBoozledMC» ......... 
20:00:34.344 INFO  Minecraft: Guild > [VIP] ShredderSeal [M]: i literally 1 tapped bonzo 
20:00:38.302 INFO  Minecraft: Guild > [VIP] ShredderSeal [M]: with ice spray 
20:00:44.225 INFO  Minecraft: Guild > [VIP] ShredderSeal [M]: as bonzo staff sucks 
20:00:52.864 INFO  Minecraft: Guild > [VIP] ShredderSeal [M]: no red nose 
20:01:02.825 INFO  Minecraft: Guild > [VIP] ShredderSeal [M]: i wanna get s+ in the impossible floor though 
20:01:08.725 INFO  Minecraft: Guild > [VIP] ShredderSeal [M]: f0 
20:01:12.320 INFO  Minecraft: Guild > [VIP] ShredderSeal [M]: ive never see 
20:01:16.314 INFO  Minecraft: Guild > [VIP] ShredderSeal [M]: anyone get s+ 
20:01:19.926 INFO  Minecraft: Guild > [VIP] ShredderSeal [M]: in entrance 
20:01:36.106 INFO  Minecraft: Guild > [VIP] ShredderSeal [M]: no, im actually serious now 
20:02:06.874 INFO  Minecraft: Guild > BamBoozledMC left. 
20:02:26.093 INFO  Discord: [💬→︱guild-chat] Member | MegatornSeal: Test 
20:02:26.356 INFO  Minecraft: Guild > Minikloons [LS]: Member| MegatornSeal» Test 
20:02:34.879 INFO  Discord: [💬→︱guild-chat] Dev/Mod BamBoozledMC: ? 
20:02:35.129 INFO  Minecraft: Guild > Minikloons [LS]: Dev/ModBamBoozledMC» ? 
20:02:37.425 INFO  Discord: [💬→︱guild-chat] Member | MegatornSeal: Did it work? 
20:02:37.691 INFO  Minecraft: Guild > Minikloons [LS]: Member| MegatornSeal» Did it work? 
20:02:53.591 INFO  Discord: [💬→︱guild-chat] Member | MegatornSeal: Like show it in game 
20:02:53.844 INFO  Minecraft: Guild > Minikloons [LS]: Member| MegatornSeal» Like show it in game 
20:02:57.224 INFO  Discord: [💬→︱guild-chat] Dev/Mod BamBoozledMC: wdym ofc it did 
20:02:57.465 INFO  Minecraft: Guild > Minikloons [LS]: Dev/ModBamBoozledMC» wdym ofc it did 
20:02:58.689 INFO  Discord: [💬→︱guild-chat] Dev/Mod BamBoozledMC:  
20:02:58.962 INFO  Minecraft: Guild > Minikloons [LS]: Dev/ModBamBoozledMC» 
20:03:04.958 INFO  Discord: [💬→︱guild-chat] Member | MegatornSeal: Oh ok 
20:03:05.199 INFO  Minecraft: Guild > Minikloons [LS]: Member| MegatornSeal» Oh ok 
20:03:18.375 INFO  Discord: [💬→︱guild-chat] Member | MegatornSeal: Im at school so i cant check 
20:03:18.701 INFO  Minecraft: Guild > Minikloons [LS]: Member| MegatornSeal» Im at school so i cant check 
20:03:28.040 INFO  Discord: [💬→︱guild-chat] Dev/Mod BamBoozledMC: its allg xd 
20:03:28.284 INFO  Minecraft: Guild > Minikloons [LS]: Dev/ModBamBoozledMC» its allg xd 
20:04:57.306 INFO  Discord: [💬→︱guild-chat] Dev/Mod BamBoozledMC: &snipe 
20:04:57.551 INFO  Minecraft: Guild > Minikloons [LS]: Dev/ModBamBoozledMC» &snipe 
20:05:33.320 INFO  Minecraft: Guild > [VIP] ShredderSeal [M]: wtf 
20:05:34.566 INFO  Discord: [💬→︱guild-chat] Dev/Mod BamBoozledMC: &snipe 
20:05:34.807 INFO  Minecraft: You cannot say the same message twice! 
20:05:37.575 INFO  Minecraft: Guild > [VIP] ShredderSeal [M]: did that just... 
20:05:42.673 INFO  Discord: [💬→︱guild-chat] Dev/Mod BamBoozledMC: what 
20:05:42.914 INFO  Minecraft: Guild > Minikloons [LS]: Dev/ModBamBoozledMC» what 
20:05:49.926 INFO  Minecraft: Guild > [VIP] ShredderSeal [M]: uhm 
20:05:50.319 INFO  Minecraft: Guild > BamBoozledMC joined. 
20:05:54.569 INFO  Minecraft: BamBoozledMC joined SkyBlock. 
20:05:55.370 INFO  Minecraft: BamBoozledMC left SkyBlock. 
20:05:58.337 INFO  Minecraft: BamBoozledMC joined SkyBlock. 
20:06:02.332 INFO  Minecraft: Guild > [MVP+] BamBoozledMC [LS]: ? 
20:06:06.734 INFO  Minecraft: Guild > [VIP] ShredderSeal [M]: i got uncommon combat exp by just sniping a magma cube 
20:06:13.378 INFO  Minecraft: Guild > [MVP+] BamBoozledMC [LS]: lmao 
20:06:21.135 INFO  Minecraft: Guild > [VIP] ShredderSeal [M]: randomly 
20:06:23.974 INFO  Minecraft: Guild > [VIP] ShredderSeal [M]: with axe 
20:07:35.864 INFO  Minecraft: Guild > [VIP] ShredderSeal [M]: why axe 90m? 
20:22:38.669 INFO  Minecraft:  » BamBoozledMC is traveling to Private Island FOLLOW 
20:36:49.324 INFO  Minecraft: BamBoozledMC left SkyBlock. 
20:36:49.564 INFO  Minecraft: Guild > BamBoozledMC left. 
21:05:59.680 INFO  Minecraft: Guild > UnknowAccount joined. 
22:00:15.371 INFO  Minecraft:  
22:00:15.392 INFO  Minecraft: [WATCHDOG ANNOUNCEMENT] 
22:00:15.393 INFO  Minecraft: Watchdog has banned 30,266 players in the last 7 days. 
22:00:15.398 INFO  Minecraft: Staff have banned an additional 15,803 in the last 7 days. 
22:00:15.399 INFO  Minecraft: Blacklisted modifications are a bannable offense! 
22:00:15.401 INFO  Minecraft:  
22:05:32.014 INFO  Minecraft: Guild > MegatornSeal joined. 
22:07:06.570 INFO  Minecraft: Guild > [MVP+] MegatornSeal [M]: havent played for a week 
22:07:12.937 INFO  Minecraft: Guild > [MVP+] MegatornSeal [M]: time to make some money from minions 
22:08:48.067 INFO  Minecraft: Guild > [VIP] ShredderSeal [M]: yeahs 
22:16:32.785 INFO  Minecraft: Guild > [MVP+] MegatornSeal [M]: yo 
22:16:36.758 INFO  Minecraft: Guild > [MVP+] MegatornSeal [M]: do /hi 
22:17:25.011 INFO  Minecraft: Guild > MegatornSeal left. 
22:18:04.052 INFO  Minecraft: Guild > YoMadaEatingRice joined. 
22:18:30.837 INFO  Minecraft: Guild > [VIP] ShredderSeal [M]: lol 
22:18:34.309 INFO  Minecraft: Guild > VincentSenpai joined. 
22:23:00.700 INFO  Minecraft: Guild > FabledLivid joined. 
22:38:01.046 INFO  Discord: [💬→︱guild-chat] Snowed Seal Simp: wat 
22:38:01.401 INFO  Minecraft: Guild > Minikloons [LS]: SnowedSeal Simp» wat 
22:38:04.068 INFO  Discord: [💬→︱guild-chat] Snowed Seal Simp: this works? 
22:38:04.367 INFO  Minecraft: Guild > Minikloons [LS]: SnowedSeal Simp» this works? 
22:41:23.248 INFO  Minecraft: Guild > Za1bot joined. 
22:45:33.140 INFO  Minecraft: Guild > VincentSenpai left. 
22:52:03.381 INFO  Minecraft: Guild > UnknowAccount left. 
22:52:37.751 INFO  Minecraft: Guild > FabledLivid left. 
22:58:25.331 INFO  Minecraft: Guild > [VIP] ShredderSeal [M]: dia 
22:58:31.916 INFO  Minecraft: Guild > [VIP] ShredderSeal [M]: handle 
23:00:42.801 INFO  Minecraft: Guild > VincentSenpai joined. 
23:01:54.809 INFO  Minecraft: Guild > [VIP] ShredderSeal [M]: alright 
23:02:02.735 INFO  Minecraft: Guild > VincentSenpai left. 
23:02:05.001 INFO  Minecraft: Guild > [VIP] ShredderSeal [M]: who here agrees that kyzoh = best frag run bot 
23:02:20.255 INFO  Minecraft: Guild > [VIP+] YoMadaEatingRice [M]: can agree 
23:02:24.119 INFO  Minecraft: Guild > [VIP] ShredderSeal [M]: yes 
23:02:27.129 INFO  Minecraft: Guild > [VIP] ShredderSeal [M]: 100% 
23:02:29.301 INFO  Minecraft: Guild > [VIP] ShredderSeal [M]: best 
23:02:45.463 INFO  Minecraft: Guild > [VIP] ShredderSeal [M]: kyzoh has made me a BUNCH of coins 
23:02:49.883 INFO  Minecraft: Guild > TimothyPlays57 joined. 
23:04:39.265 INFO  Minecraft: Guild > VincentSenpai joined. 
23:08:38.492 INFO  Minecraft: Guild > VincentSenpai left. 
23:08:40.476 INFO  Minecraft: Guild > VincentSenpai joined. 
23:09:03.451 INFO  Minecraft: Guild > VincentSenpai left. 
23:09:18.274 INFO  Minecraft: Guild > VincentSenpai joined. 
23:11:49.990 INFO  Minecraft: Guild > Hercules_RB joined. 
23:12:23.423 INFO  Minecraft: Guild > [VIP] ShredderSeal [M]: Upgrade Time! 
23:12:33.267 INFO  Minecraft: Guild > VincentSenpai left. 
23:12:46.790 INFO  Minecraft: Guild > [VIP] ShredderSeal [M]: ima upgrade my conj from rare to epic bcz i had spare wither ess i dont need 
23:12:53.634 INFO  Minecraft: Guild > [VIP] ShredderSeal [M]: and i have no collat so no selling 
23:13:19.366 INFO  Minecraft: Guild > [MVP+] Za1bot [M]: dont ask 
23:13:24.807 INFO  Minecraft: Guild > [MVP+] Za1bot [M]: but i have a 5 star epic one 
23:13:32.884 INFO  Minecraft: Guild > [VIP] ShredderSeal [M]: ye im getting one 
23:13:58.503 INFO  Minecraft: Guild > [VIP] ShredderSeal [M]: 5 starred epic heroic conjuring 50/50 100% brand new, f7 drop 
23:14:02.352 INFO  Minecraft: Guild > [MVP+] Za1bot [M]: i bought a 5 star epic machine gun bow yesterday for fun 
23:14:24.938 INFO  Minecraft: Guild > [MVP+] Za1bot [M]: idk about the last part 
23:14:27.135 INFO  Minecraft: Guild > [MVP+] Za1bot [M]: cant see that 
23:14:45.722 INFO  Minecraft: Guild > [MVP+] Za1bot [M]: idk how to 
23:14:55.283 INFO  Minecraft: Guild > [MVP+] Za1bot [M]: (which mod, what option etc.= 
23:14:57.944 INFO  Minecraft: Guild > [MVP+] Za1bot [M]: )* 
23:16:01.304 INFO  Minecraft: Guild > [VIP] ShredderSeal [M]: "You salvaged a Conjuring for +15 Wither Essence!" 
23:16:18.669 INFO  Minecraft: Guild > [VIP] ShredderSeal [M]: -Heroic Conjuring 5Starred 
23:16:54.658 INFO  Minecraft: Guild > [VIP] ShredderSeal [M]: za1 
23:17:07.875 INFO  Minecraft: Guild > [VIP] ShredderSeal [M]: what floor your conjuring is from? 
23:17:09.636 INFO  Minecraft: Guild > [MVP+] Za1bot [M]: &3does color shit work in chat (not that im expecting it to) 
23:17:12.782 INFO  Minecraft: Guild > [MVP+] Za1bot [M]: it doesnt 
23:17:19.681 INFO  Minecraft: Guild > [MVP+] Za1bot [M]: like 5 
23:17:26.155 INFO  Minecraft: Guild > [VIP] ShredderSeal [M]: L 
23:17:27.415 INFO  Minecraft: Guild > [MVP+] Za1bot [M]: idk 
23:17:27.452 INFO  Minecraft: Guild > [VIP] ShredderSeal [M]: imagine 
23:17:30.990 INFO  Minecraft: Guild > [VIP] ShredderSeal [M]: i have a F7 one 
23:17:35.114 INFO  Minecraft: Guild > [MVP+] Za1bot [M]: i said 
23:17:37.854 INFO  Minecraft: Guild > [VIP] ShredderSeal [M]: that i myself got one 
23:17:40.335 INFO  Minecraft: Guild > [MVP+] Za1bot [M]: idk// 
23:17:48.783 INFO  Minecraft: Guild > [MVP+] Za1bot [M]: i can totally do f7 
23:17:56.824 INFO  Minecraft: Guild > [VIP] ShredderSeal [M]: mhm 
23:18:23.298 INFO  Minecraft: Guild > [VIP] ShredderSeal [M]: hmm 
23:18:31.096 INFO  Minecraft: Guild > [VIP] ShredderSeal [M]: i kinda wanna upgrade my ice spray 
23:18:35.876 INFO  Minecraft: Guild > [VIP] ShredderSeal [M]: but its already f7 dropp 
23:18:41.006 INFO  Minecraft: Guild > [VIP] ShredderSeal [M]: but its not epic though 
23:18:51.024 INFO  Minecraft: Guild > [VIP] ShredderSeal [M]: aote upgrade when? 
23:18:54.883 INFO  Minecraft: Guild > [VIP] ShredderSeal [M]: lamo 
23:18:56.324 INFO  Minecraft: Guild > [VIP] ShredderSeal [M]: lmao 
23:21:13.277 INFO  Minecraft: Guild > TimothyPlays57 left. 
23:22:29.086 INFO  Minecraft: Guild > [VIP] ShredderSeal [M]: at this point if i got big foot/stomp giant 
23:22:36.519 INFO  Minecraft: Guild > [VIP] ShredderSeal [M]: im just relying on livid then 
23:32:32.040 INFO  Minecraft: Guild > [VIP] ShredderSeal [M]: dia 
23:32:35.484 INFO  Minecraft: Guild > [VIP] ShredderSeal [M]: handle 
23:32:53.442 INFO  Minecraft: Guild > [VIP] ShredderSeal [M]: GG 
23:32:59.222 INFO  Minecraft: Guild > [VIP] ShredderSeal [M]: finally handle dia 
23:37:05.011 INFO  Minecraft: Guild > [VIP] ShredderSeal [M]: what 
23:37:13.200 INFO  Minecraft: Guild > [VIP] ShredderSeal [M]: ive never seen livid didnt drop any drops 
23:37:41.035 INFO  Minecraft: Guild > [VIP] ShredderSeal [M]: lmao 
23:37:46.998 INFO  Minecraft: Guild > [VIP] ShredderSeal [M]: i almost lost 4m coins 
23:37:58.371 INFO  Minecraft: Guild > [VIP] ShredderSeal [M]: bcz i typed 420mill instead of 420 coins 
23:39:14.375 INFO  Minecraft: Guild > ShredderSeal left. 
23:39:26.089 INFO  Minecraft: Guild > ShredderSeal joined. 
23:41:57.028 INFO  Minecraft: Guild > [VIP] ShredderSeal [M]: nice g tops 
23:48:41.030 INFO  Minecraft: Guild > Za1bot left. 
23:52:49.641 INFO  Minecraft: Guild > FabledLivid joined. 
23:54:16.978 INFO  Minecraft: Guild > YoMadaEatingRice left. 
23:59:59.186 INFO  Minecraft:  
23:59:59.190 INFO  Minecraft: [WATCHDOG ANNOUNCEMENT] 
23:59:59.194 INFO  Minecraft: Watchdog has banned 29,886 players in the last 7 days. 
23:59:59.196 INFO  Minecraft: Staff have banned an additional 15,770 in the last 7 days. 
23:59:59.197 INFO  Minecraft: Blacklisted modifications are a bannable offense! 
23:59:59.199 INFO  Minecraft:  

