18:05:11.012 INFO  Logging in. 
18:05:13.665 INFO  Discord: Logged in. 
18:05:14.031 INFO  Logged in. 
18:05:14.254 INFO  Minecraft:                                       
18:05:14.265 INFO  Minecraft:                           
18:05:14.294 INFO  Minecraft: You found a ✰✰✰✰✰ Mystery Box! 
18:05:15.835 INFO  Minecraft: ----------------------------------------------------- 
18:05:15.836 INFO  Minecraft: Requirements are Skill Avg 23, Cata 23, and 170m net, along 
18:05:15.837 INFO  Minecraft: with 85k gexp a week! Make sure to have fun and contact 
18:05:15.837 INFO  Minecraft: OwOSeal or Smol if you have something to report, or something else to say! 
18:05:15.838 INFO  Minecraft: ----------------------------------------------------- 
18:05:19.037 INFO  Sending to skyblock. 
18:05:19.411 INFO  Minecraft: Sending to server mini904S... 
18:05:19.512 INFO  Logged in. 
18:05:19.547 INFO  Minecraft:         
18:05:22.916 INFO  Minecraft: You are playing on profile: Zucchini (Co-op) 
18:05:23.517 INFO  Minecraft:  
18:05:23.517 INFO  Minecraft: Welcome to Hypixel SkyBlock! 
18:05:23.517 INFO  Minecraft: 2x experience is currently enabled! 
18:05:23.916 INFO  Minecraft: ALLOWANCE! You earned 50,000 coins! 
18:05:24.455 INFO  Minecraft: You're already sitting on this island! 
18:05:24.513 INFO  Sending to skyblock. 
18:05:24.839 INFO  Minecraft: Cannot join SkyBlock for a moment! (Queue join in cooldown) 
18:05:29.903 INFO  Minecraft: You're already sitting on this island! 
18:08:25.956 INFO  Minecraft: You gained 3,648 Mining experience from minions! 
18:08:26.705 INFO  Minecraft: You gained 1,472 Mining experience from minions! 
18:08:36.400 INFO  Minecraft: You gained 1,472 Mining experience from minions! 
18:08:37.057 INFO  Minecraft: You gained 3,648 Mining experience from minions! 
18:08:57.051 INFO  Minecraft: You gained 1,472 Mining experience from minions! 
18:08:57.735 INFO  Minecraft: You gained 3,648 Mining experience from minions! 
18:09:00.721 INFO  Minecraft: You gained 1,472 Mining experience from minions! 
18:09:01.243 INFO  Minecraft: You gained 3,648 Mining experience from minions! 
18:09:03.789 INFO  Minecraft: You gained 6.4 Mining experience from minions! 
18:09:04.501 INFO  Minecraft: You gained 3,648 Mining experience from minions! 
18:09:05.101 INFO  Minecraft: You gained 1,472 Mining experience from minions! 
18:09:07.843 INFO  Minecraft: You gained 1,472 Mining experience from minions! 
18:09:08.490 INFO  Minecraft: You gained 3,648 Mining experience from minions! 
18:09:25.189 INFO  Minecraft: You gained 3,648 Mining experience from minions! 
18:09:25.760 INFO  Minecraft: You gained 1,472 Mining experience from minions! 
18:09:26.388 INFO  Minecraft: You gained 10.8 Mining experience from minions! 
18:09:31.664 INFO  Minecraft: You gained 3,648 Mining experience from minions! 
18:09:32.301 INFO  Minecraft: You gained 1,408 Mining experience from minions! 
18:09:34.721 INFO  Minecraft: You gained 1,472 Mining experience from minions! 
18:09:35.379 INFO  Minecraft: You gained 3,648 Mining experience from minions! 
18:09:45.792 INFO  Minecraft: You gained 3,648 Mining experience from minions! 
18:09:46.417 INFO  Minecraft: You gained 1,408 Mining experience from minions! 
18:09:48.589 INFO  Minecraft: You gained 3,648 Mining experience from minions! 
18:09:49.180 INFO  Minecraft: You gained 1,408 Mining experience from minions! 
18:09:52.865 INFO  Minecraft: You gained 1,536 Mining experience from minions! 
18:09:53.428 INFO  Minecraft: You gained 3,648 Mining experience from minions! 
18:10:02.264 INFO  Minecraft: BamBoozledMC joined SkyBlock. 
18:11:22.908 INFO  Minecraft: Guild > BamBoozledMC left. 
18:32:42.482 INFO  Minecraft: Guild > ShredderSeal left. 
18:37:18.253 INFO  Minecraft: Guild > YoMadaEatingRice joined. 
18:39:50.569 INFO  Minecraft: Guild > ShredderSeal joined. 
18:54:53.399 INFO  Minecraft: Guild > [VIP] ShredderSeal [M]: pog 
18:55:03.589 INFO  Minecraft: Guild > [VIP] ShredderSeal [M]: almost 3k internalized soulflow 
19:06:37.895 INFO  Minecraft: Guild > ShredderSeal left. 
19:07:38.286 INFO  Minecraft: Guild > ShredderSeal joined. 
19:07:57.131 INFO  Minecraft: Guild > ShredderSeal left. 
19:11:06.427 INFO  Minecraft: Guild > ShredderSeal joined. 
19:49:52.716 INFO  Logging in. 
19:49:54.074 INFO  Discord: Logged in. 
19:49:55.190 INFO  Logged in. 
19:49:55.483 INFO  Minecraft:                                       
19:49:55.494 INFO  Minecraft:                           
19:49:55.775 INFO  Minecraft: You found a ✰✰✰✰✰ Mystery Box! 
19:49:57.345 INFO  Minecraft: ----------------------------------------------------- 
19:49:57.347 INFO  Minecraft: Requirements are Skill Avg 23, Cata 23, and 170m net, along 
19:49:57.348 INFO  Minecraft: with 85k gexp a week! Make sure to have fun and contact 
19:49:57.349 INFO  Minecraft: OwOSeal or Smol if you have something to report, or something else to say! 
19:49:57.350 INFO  Minecraft: ----------------------------------------------------- 
19:50:00.198 INFO  Sending to skyblock. 
19:50:00.684 INFO  Minecraft: Sending to server mini499H... 
19:50:00.764 INFO  Logged in. 
19:50:01.053 INFO  Minecraft:         
19:50:04.211 INFO  Minecraft: You are playing on profile: Zucchini (Co-op) 
19:50:04.787 INFO  Minecraft:  
19:50:04.824 INFO  Minecraft: Welcome to Hypixel SkyBlock! 
19:50:04.826 INFO  Minecraft: 2x experience is currently enabled! 
19:50:05.600 INFO  Minecraft: You're already sitting on this island! 
19:50:05.775 INFO  Sending to skyblock. 
19:50:06.097 INFO  Minecraft: Cannot join SkyBlock for a moment! (Queue join in cooldown) 
19:50:11.136 INFO  Minecraft: You're already sitting on this island! 
19:50:12.009 INFO  Minecraft: Guild > UnknowAccount joined. 
19:58:44.116 INFO  Minecraft: Guild > ranger4josh joined. 
20:00:05.679 INFO  Minecraft:  
20:00:05.682 INFO  Minecraft: [WATCHDOG ANNOUNCEMENT] 
20:00:05.683 INFO  Minecraft: Watchdog has banned 24,164 players in the last 7 days. 
20:00:05.684 INFO  Minecraft: Staff have banned an additional 7,071 in the last 7 days. 
20:00:05.684 INFO  Minecraft: Blacklisted modifications are a bannable offense! 
20:00:05.685 INFO  Minecraft:  
20:03:57.220 INFO  Minecraft: Guild > ranger4josh left. 
20:17:28.313 INFO  Minecraft: Guild > UnknowAccount left. 
20:25:01.120 INFO  Minecraft: Guild > 3ctooo joined. 
20:25:06.102 INFO  Minecraft: Guild > UnknowAccount joined. 
20:42:28.107 INFO  Minecraft: Guild > 3ctooo left. 
20:42:39.830 INFO  Minecraft: Guild > 3ctooo joined. 
20:43:49.016 INFO  Minecraft: Guild > ShredderSeal left. 
20:45:21.887 INFO  Minecraft: Guild > 3ctooo left. 
20:45:59.278 INFO  Minecraft: Guild > ShredderSeal joined. 
20:47:34.636 INFO  Minecraft: Guild > 3ctooo joined. 
20:59:00.615 INFO  Minecraft: Guild > YoMadaEatingRice left. 
21:29:44.404 INFO  Minecraft: Guild > The4p1 joined. 
21:37:27.822 INFO  Minecraft: Guild > 3ctooo left. 
21:37:30.831 INFO  Minecraft: Guild > 3ctooo joined. 
21:37:35.836 INFO  Minecraft: Guild > 3ctooo left. 
21:38:01.734 INFO  Minecraft: Guild > UnknowAccount left. 
21:42:37.650 INFO  Minecraft: Guild > 3ctooo joined. 
21:42:55.375 INFO  Minecraft: Guild > UnknowAccount joined. 
21:45:42.399 INFO  Minecraft: Guild > Za1bot joined. 
21:50:46.207 INFO  Minecraft: Guild > 3ctooo left. 
22:00:05.777 INFO  Minecraft:  
22:00:05.780 INFO  Minecraft: [WATCHDOG ANNOUNCEMENT] 
22:00:05.781 INFO  Minecraft: Watchdog has banned 24,609 players in the last 7 days. 
22:00:05.782 INFO  Minecraft: Staff have banned an additional 7,183 in the last 7 days. 
22:00:05.783 INFO  Minecraft: Blacklisted modifications are a bannable offense! 
22:00:05.784 INFO  Minecraft:  
22:11:37.480 INFO  Minecraft: Guild > ShredderSeal left. 
22:11:48.110 INFO  Minecraft: Guild > ShredderSeal joined. 
22:19:34.629 INFO  Minecraft: Guild > ShredderSeal left. 
22:19:41.758 INFO  Minecraft: Guild > ShredderSeal joined. 
22:20:18.520 INFO  Minecraft: [Important] This server will restart soon: Scheduled Reboot 
22:20:18.560 INFO  Minecraft: You have 60 seconds to warp out! CLICK to warp now! 
22:20:35.734 INFO  Minecraft: Guild > ShredderSeal left. 
22:21:16.704 INFO  Minecraft: Evacuating to Hub... 
22:21:16.786 INFO  Minecraft: Sending to server mini81G... 
22:21:16.905 INFO  Logged in. 
22:21:17.433 INFO  Minecraft:         
22:21:21.199 INFO  Minecraft: You are playing on profile: Zucchini (Co-op) 
22:21:21.908 INFO  Sending to skyblock. 
22:21:22.239 INFO  Minecraft: You are already playing SkyBlock! 
22:21:27.317 INFO  Minecraft: Warping you to your SkyBlock island... 
22:21:27.668 INFO  Minecraft: Sending to server mini971S... 
22:21:27.862 INFO  Logged in. 
22:21:28.121 INFO  Minecraft:         
22:21:31.283 INFO  Minecraft: You are playing on profile: Zucchini (Co-op) 
22:21:32.875 INFO  Sending to skyblock. 
22:21:33.215 INFO  Minecraft: You are already playing SkyBlock! 
22:21:38.270 INFO  Minecraft: You're already sitting on this island! 
22:21:46.866 INFO  Minecraft: Guild > ShredderSeal joined. 
22:22:11.849 INFO  Minecraft: Guild > ShredderSeal left. 
22:22:39.667 INFO  Minecraft: Guild > ShredderSeal joined. 
22:25:32.137 INFO  Minecraft: Guild > 3ctooo joined. 
22:28:17.444 INFO  Minecraft: Guild > Za1bot left. 
22:28:19.503 INFO  Minecraft: Guild > Za1bot joined. 
22:33:29.227 INFO  Minecraft: Guild > Za1bot left. 
22:33:58.100 INFO  Minecraft: Guild > 3ctooo left. 
22:34:55.962 INFO  Minecraft: Guild > ShredderSeal left. 
22:37:02.183 INFO  Minecraft: Guild > ShredderSeal joined. 
22:49:22.294 INFO  Minecraft: Guild > [VIP] ShredderSeal [M]: sadge 
22:49:25.413 INFO  Minecraft: Guild > [VIP] ShredderSeal [M]: i dont do enough dmg 
23:00:24.287 INFO  Minecraft: Guild > FabledLivid joined. 
23:01:53.373 INFO  Minecraft: Guild > The4p1 left. 
23:09:04.079 INFO  Minecraft: Guild > [VIP] FabledLivid [M]: anyone f6?? 
23:09:16.961 INFO  Minecraft: Guild > [VIP] FabledLivid [M]: party finder ppl dont know how to read 
23:09:21.694 INFO  Minecraft: Guild > [VIP] FabledLivid [M]: no dupe arch 
23:11:49.559 INFO  Minecraft: Guild > [VIP] FabledLivid [M]: we need a healer/tank 
23:11:52.497 INFO  Minecraft: Guild > [VIP] FabledLivid [M]: wc 
23:17:15.039 INFO  Minecraft: Guild > boxed_cat left. 
23:20:33.283 INFO  Minecraft: Guild > ShredderSeal left. 
23:20:53.039 INFO  Minecraft: Guild > FabledLivid left. 
23:35:17.186 INFO  Minecraft: Guild > Za1bot joined. 
23:36:09.089 INFO  Minecraft: Guild > LionyLev joined. 
23:36:30.335 INFO  Minecraft: Guild > LionyLev left. 
00:00:05.874 INFO  Minecraft:  
00:00:05.886 INFO  Minecraft: [WATCHDOG ANNOUNCEMENT] 
00:00:05.888 INFO  Minecraft: Watchdog has banned 25,057 players in the last 7 days. 
00:00:05.888 INFO  Minecraft: Staff have banned an additional 7,306 in the last 7 days. 
00:00:05.889 INFO  Minecraft: Blacklisted modifications are a bannable offense! 
00:00:05.889 INFO  Minecraft:  

