00:00:14.503 INFO  Minecraft:  
00:00:14.523 INFO  Minecraft: [WATCHDOG ANNOUNCEMENT] 
00:00:14.525 INFO  Minecraft: Watchdog has banned 28,240 players in the last 7 days. 
00:00:14.526 INFO  Minecraft: Staff have banned an additional 16,243 in the last 7 days. 
00:00:14.528 INFO  Minecraft: Blacklisted modifications are a bannable offense! 
00:00:14.530 INFO  Minecraft:  
00:33:22.774 INFO  Minecraft: Guild > LionyLev joined. 
00:34:59.449 INFO  Minecraft: SPOOKY FESTIVAL The event starts in 3 days! 
00:34:59.467 INFO  Minecraft: SPOOKY FESTIVAL the Fear Mongerer has arrived in the hub! 
00:41:30.990 INFO  Minecraft: Guild > sommthing joined. 
00:51:07.010 INFO  Minecraft: Guild > LionyLev left. 
00:54:59.785 INFO  Minecraft: SPOOKY FESTIVAL The event starts in 2 days! 
00:56:43.912 INFO  Minecraft: Guild > UnknowAccount joined. 
00:58:01.299 INFO  Minecraft: Guild > sommthing left. 
00:59:57.962 INFO  Minecraft: Guild > OLYforever joined. 
01:01:56.022 INFO  Minecraft: Guild > DoggosAreGood joined. 
01:01:58.117 INFO  Minecraft: Guild > TimothyPlays57 joined. 
01:02:45.192 INFO  Minecraft: Guild > FabledLivid joined. 
01:05:05.647 INFO  Minecraft: Guild > TimothyPlays57 left. 
01:08:56.643 INFO  Minecraft: Guild > DoggosAreGood left. 
01:11:55.747 INFO  Minecraft: Guild > DoggosAreGood joined. 
01:13:13.914 INFO  Minecraft: Guild > coozky joined. 
01:13:20.964 INFO  Minecraft: Guild > OLYforever left. 
01:13:32.104 INFO  Minecraft: Guild > coozky left. 
01:13:55.304 INFO  Minecraft: Guild > FabledLivid left. 
01:14:56.329 INFO  Minecraft: -----------------------------------------------------
[MVP+] Asperitam has requested to join the Guild!
Click here to accept or type /guild accept Asperitam!
-----------------------------------------------------
 
01:14:59.335 INFO  Minecraft: SPOOKY FESTIVAL The event starts in 1 day! 
01:18:36.150 INFO  Minecraft: Guild > FabledLivid joined. 
01:21:55.734 INFO  Minecraft: Guild > [MVP+] DoggosAreGood [M]: im blue D: 
01:22:47.204 INFO  Discord: [💬→︱guild-chat] LS | SnowedSeal: okay 
01:22:47.500 INFO  Minecraft: Guild > Minikloons [LS]: LS| SnowedSeal» okay 
01:22:51.623 INFO  Discord: [💬→︱guild-chat] LS | SnowedSeal: has the sb new years thing started 
01:22:52.164 INFO  Minecraft: Guild > Minikloons [LS]: LS| SnowedSeal» has the sb new years thing started 
01:23:10.545 INFO  Minecraft: Guild > [VIP] Hercules_RB [M]: what? 
01:23:27.291 INFO  Minecraft: Guild > [MVP+] UnknowAccount [M]: LUCKY HOOF LETS GOOOOOOOOOOOOOOOOOOOOO 
01:23:31.751 INFO  Minecraft: Guild > [VIP] FabledLivid [M]: nice 
01:23:42.704 INFO  Discord: [💬→︱guild-chat] LS | SnowedSeal: very lucky 
01:23:42.991 INFO  Minecraft: Guild > Minikloons [LS]: LS| SnowedSeal» very lucky 
01:27:07.016 INFO  Minecraft: Guild > FabledLivid left. 
01:28:30.716 INFO  Minecraft: Guild > SnowedSeal joined. 
01:28:37.909 INFO  Minecraft: Guild > [MVP++] SnowedSeal [LS]: Hellno 
01:28:38.863 INFO  Minecraft: Guild > [MVP++] SnowedSeal [LS]: henlo* 
01:28:48.680 INFO  Minecraft: Guild > [MVP+] gogyxdash [M]: lol hellno 
01:29:33.750 INFO  Minecraft: Guild > [MVP+] gogyxdash [M]: snowedseal ur rich give me 100m so i can buy a hyperion 
01:29:37.040 INFO  Minecraft: Guild > [MVP++] SnowedSeal [LS]: . 
01:29:40.725 INFO  Minecraft: Guild > [MVP++] SnowedSeal [LS]: i'm not rich... 
01:29:52.747 INFO  Minecraft: Guild > [MVP+] gogyxdash [M]: u have 100m in purse 
01:29:54.980 INFO  Minecraft: Guild > [MVP++] SnowedSeal [LS]: no 
01:30:13.939 INFO  Minecraft: Guild > [MVP++] SnowedSeal [LS]: i have 100m in total due to the fact that i spent everything on an aots 
01:30:16.821 INFO  Minecraft: Guild > [MVP++] SnowedSeal [LS]: and some other junk 
01:30:18.122 INFO  Minecraft: Guild > [MVP++] SnowedSeal [LS]: talismans 
01:36:00.697 INFO  Minecraft: Guild > UnknowAccount left. 
01:37:18.310 INFO  Minecraft: Guild > FabledLivid joined. 
01:37:35.513 INFO  Minecraft: Guild > SnowedSeal left. 
01:39:10.592 INFO  Minecraft: Guild > LRBenito joined. 
01:39:19.400 INFO  Minecraft: Guild > OwOWolfs joined. 
01:40:27.218 INFO  Minecraft: Guild > SnowedSeal joined. 
01:40:30.593 INFO  Minecraft: Guild > [MVP++] SnowedSeal [LS]: henlo 
01:40:35.200 INFO  Minecraft: Guild > [MVP+] DoggosAreGood [M]: henlo 
01:46:46.643 INFO  Minecraft: Guild > SnowedSeal left. 
01:49:26.518 INFO  Minecraft: Guild > FabledLivid left. 
01:50:48.927 INFO  Minecraft: Guild > gogyxdash left. 
01:50:52.898 INFO  Minecraft: Guild > gogyxdash joined. 
01:57:04.672 INFO  Minecraft: SPOOKY FESTIVAL A Bat Piñata has appeared! It's dropping candies! 
01:58:28.860 INFO  Minecraft: Guild > SnowedSeal joined. 
01:58:33.949 INFO  Minecraft: Guild > [MVP++] SnowedSeal [LS]: henlo 
01:58:51.935 INFO  Minecraft: Guild > TimothyPlays57 joined. 
01:59:29.528 INFO  Minecraft: Guild > TimothyPlays57 left. 
02:00:14.719 INFO  Minecraft:  
02:00:14.725 INFO  Minecraft: [WATCHDOG ANNOUNCEMENT] 
02:00:14.729 INFO  Minecraft: Watchdog has banned 27,605 players in the last 7 days. 
02:00:14.735 INFO  Minecraft: Staff have banned an additional 16,255 in the last 7 days. 
02:00:14.737 INFO  Minecraft: Blacklisted modifications are a bannable offense! 
02:00:14.743 INFO  Minecraft:  
02:01:12.596 INFO  Minecraft: Guild > [MVP++] SnowedSeal [LS]: 0_0 
02:01:16.823 INFO  Minecraft: Guild > [MVP++] SnowedSeal [LS]: i had my overflux unlocked 
02:01:19.289 INFO  Minecraft: Guild > [MVP++] SnowedSeal [LS]: for the past month 
02:03:15.593 INFO  Minecraft: Guild > Redbeam747 joined. 
02:04:58.824 INFO  Minecraft: Guild > SnowedSeal left. 
02:05:26.906 INFO  Minecraft: Guild > TimothyPlays57 joined. 
02:06:03.967 INFO  Minecraft: Guild > SnowedSeal joined. 
02:06:06.979 INFO  Minecraft: Guild > [MVP++] SnowedSeal [LS]: henlo 
02:09:58.869 INFO  Minecraft: Guild > UnknownShadow124 joined. 
02:10:49.944 INFO  Minecraft: Guild > Pizzas_faces joined. 
02:15:14.259 INFO  Minecraft: Guild > TimothyPlays57 left. 
02:16:49.690 INFO  Minecraft: Guild > Hercules_RB left. 
02:19:40.695 INFO  Minecraft: Guild > FabledLivid joined. 
02:25:45.282 INFO  Minecraft: Guild > FabledLivid left. 
02:27:02.482 INFO  Minecraft: Guild > SnowedSeal left. 
02:37:36.009 INFO  Minecraft: Guild > [VIP] Redbeam747 [M]: yo 
02:37:47.390 INFO  Minecraft: Guild > [VIP] Redbeam747 [M]: can anyone here do t2 enderman? 
02:38:04.087 INFO  Minecraft: Guild > [MVP+] gogyxdash [M]: nope its prety hard without summoning ring 
02:38:12.085 INFO  Minecraft: Guild > [VIP] Redbeam747 [M]: hmmmm 
02:38:14.102 INFO  Minecraft: Guild > [VIP] Redbeam747 [M]: ok 
02:38:30.534 INFO  Minecraft: Guild > [VIP] Redbeam747 [M]: I think I could probably do it if i had a reaper mask 
02:38:31.596 INFO  Minecraft: Guild > [MVP+] gogyxdash [M]: like u need the enderman slayer stuff or necromancy items and a ofa weapon 
02:38:36.158 INFO  Minecraft: Guild > [VIP] Redbeam747 [M]: nah 
02:38:47.216 INFO  Minecraft: Guild > [VIP] Redbeam747 [M]: t2 you can do with necron and a revived heart lmfao 
02:38:52.733 INFO  Minecraft: Guild > [VIP] Redbeam747 [M]: I just dont have the orb 
02:40:32.230 INFO  Minecraft: Guild > Redbeam747 left. 
02:40:35.384 INFO  Minecraft: Guild > Redbeam747 joined. 
02:42:32.291 INFO  Minecraft: Guild > FabledLivid joined. 
02:42:51.951 INFO  Minecraft: Guild > FabledLivid left. 
02:44:50.793 INFO  Minecraft: Guild > Hercules_RB joined. 
02:46:49.437 INFO  Minecraft:  
02:46:49.456 INFO  Minecraft: ----------------------------------------------------- 
02:46:49.458 INFO  Minecraft:  
02:46:49.465 INFO  Minecraft:                                  LEVEL UP! 
02:46:49.467 INFO  Minecraft:  
02:46:49.469 INFO  Minecraft:                     The Guild has reached Level 22! 
02:46:49.471 INFO  Minecraft:  
02:46:49.475 INFO  Minecraft: ----------------------------------------------------- 
02:46:54.196 INFO  Minecraft: Guild > [VIP] UnknownShadow124 [M]: gg 
02:46:55.237 INFO  Minecraft: Guild > [VIP] Redbeam747 [M]: gg 
02:46:56.557 INFO  Minecraft: Guild > [VIP] Hercules_RB [M]: gg 
02:47:21.401 INFO  Minecraft: Guild > [MVP++] Pizzas_faces [M]: we need mor emambers 
02:47:33.366 INFO  Minecraft: Guild > [VIP] Redbeam747 [M]: ye 
02:47:43.634 INFO  Minecraft: Guild > [VIP] Redbeam747 [M]: if the gm let me i can make and manage a forum post 
02:48:44.914 INFO  Minecraft: Guild > [MVP++] Pizzas_faces [M]: after the laaith/owoseal thing the guild fell apart and all the upper staff , comanagers and gm stopped logging in 
02:49:12.670 INFO  Minecraft: Guild > [VIP] Redbeam747 [M]: yeah 
02:49:18.186 INFO  Minecraft: Guild > [VIP] Redbeam747 [M]: ima go see if i can make a post 
03:00:35.998 INFO  Minecraft: Guild > Pizzas_faces left. 
03:01:23.192 INFO  Minecraft: Guild > yKxshi joined. 
03:03:54.603 INFO  Minecraft: Guild > OwOPingu joined. 
03:05:47.737 INFO  Minecraft: Guild > Hercules_RB left. 
03:06:36.630 INFO  Minecraft: Guild > SnowedSeal joined. 
03:06:42.053 INFO  Minecraft: Guild > [MVP++] SnowedSeal [LS]: henlo 
03:07:16.716 INFO  Minecraft: Guild > SnowedSeal left. 
03:08:07.985 INFO  Minecraft: Guild > UnknowAccount joined. 
03:14:33.829 INFO  Minecraft: Guild > OwOWolfs left. 
03:16:20.148 INFO  Minecraft: Guild > Hercules_RB joined. 
03:19:10.775 INFO  Minecraft: Guild > SnowedSeal joined. 
03:19:24.242 INFO  Minecraft: Guild > [MVP++] SnowedSeal [LS]: Henlohenlohenlohenlohenlohenlo 
03:19:31.524 INFO  Minecraft: Guild > [VIP+] OwOPingu [F]: henlo 
03:19:40.511 INFO  Minecraft: Guild > [MVP++] SnowedSeal [LS]: PinguOwO 
03:19:58.243 INFO  Minecraft: Guild > [VIP+] OwOPingu [F]: ??? 
03:20:06.861 INFO  Minecraft: Guild > [MVP++] SnowedSeal [LS]: RB_Hercules 
03:20:11.834 INFO  Minecraft: Guild > [MVP++] SnowedSeal [LS]: 747Redbeam 
03:20:15.486 INFO  Minecraft: Guild > [VIP] Redbeam747 [M]: wha 
03:20:18.272 INFO  Minecraft: Guild > [MVP++] SnowedSeal [LS]: BenitoLR 
03:20:19.602 INFO  Minecraft: Guild > [VIP] Redbeam747 [M]: i have juju now : 
03:20:22.760 INFO  Minecraft: Guild > [MVP++] SnowedSeal [LS]: AccountUknoww 
03:20:24.529 INFO  Minecraft: Guild > [VIP] Redbeam747 [M]: :swag: 
03:20:25.713 INFO  Minecraft: Guild > [MVP++] SnowedSeal [LS]: unknow* 
03:20:26.387 INFO  Minecraft: Guild > [MVP++] SnowedSeal [LS]: gg 
03:20:29.519 INFO  Minecraft: Guild > [MVP+] UnknowAccount [M]: damn 
03:20:35.247 INFO  Minecraft: Guild > [MVP+] UnknowAccount [M]: insane 
03:20:39.865 INFO  Minecraft: Guild > [MVP++] SnowedSeal [LS]: 124ShadowUnknown 
03:20:44.608 INFO  Minecraft: Guild > [VIP] UnknownShadow124 [M]: .. 
03:20:46.497 INFO  Minecraft: Guild > [MVP++] SnowedSeal [LS]: GoodAreDoggos 
03:20:53.513 INFO  Minecraft: Guild > [MVP++] SnowedSeal [LS]: dashxgogy 
03:21:01.322 INFO  Minecraft: Guild > [VIP] Redbeam747 [M]: why are you talking like yoda 
03:21:14.866 INFO  Minecraft: Guild > [MVP++] SnowedSeal [LS]: uhm 
03:21:16.471 INFO  Minecraft: Guild > [MVP++] SnowedSeal [LS]: i'm bored 
03:21:19.390 INFO  Minecraft: Guild > [MVP++] SnowedSeal [LS]: SealSnowed 
03:21:41.015 INFO  Minecraft: Guild > [MVP++] SnowedSeal [LS]: LividFabled RoyalWithered foreverOLY cat_boxed 
03:29:49.489 INFO  Minecraft: Guild > UnknownShadow124 left. 
03:32:27.880 INFO  Minecraft: Guild > Hercules_RB left. 
03:32:35.866 INFO  Minecraft: Guild > UnknownShadow124 joined. 
03:33:21.478 INFO  Minecraft: Guild > [MVP+] UnknowAccount [M]: fishing 27 
03:33:41.365 INFO  Minecraft: Guild > [MVP+] UnknowAccount [M]: 38.8 asl  
03:33:51.008 INFO  Minecraft: Guild > [MVP+] gogyxdash [M]: whats ur combat 
03:33:58.025 INFO  Minecraft: Guild > [MVP+] UnknowAccount [M]: 36 
03:34:03.025 INFO  Minecraft: Guild > [MVP+] gogyxdash [M]: same 
03:34:08.992 INFO  Minecraft: Guild > [MVP+] UnknowAccount [M]: s(h)ame 
03:34:44.707 INFO  Minecraft: Guild > SnowedSeal left. 
03:34:57.139 INFO  Minecraft: Guild > [MVP+] UnknowAccount [M]: whats your farming though 
03:34:58.517 INFO  Minecraft: Guild > [MVP+] UnknowAccount [M]: ;) 
03:35:01.416 INFO  Minecraft: Guild > [MVP+] gogyxdash [M]: 20 lol 
03:35:05.672 INFO  Minecraft: Guild > [MVP+] UnknowAccount [M]: L: 
03:35:08.118 INFO  Minecraft: Guild > [MVP+] UnknowAccount [M]: 45 
03:35:27.353 INFO  Minecraft: Guild > [MVP+] gogyxdash [M]: how do u get it 
03:35:29.210 INFO  Minecraft: Guild > [MVP+] gogyxdash [M]: up 
03:35:35.776 INFO  Minecraft: Guild > [MVP+] UnknowAccount [M]: well uhm... you farm 
03:35:37.224 INFO  Minecraft: Guild > [MVP+] gogyxdash [M]: sugar cane is so slow for me 
03:35:45.317 INFO  Minecraft: Guild > [MVP+] UnknowAccount [M]: coco beans OP 
03:35:45.563 INFO  Minecraft: Guild > [MVP+] DoggosAreGood [M]: git gud then 
03:38:18.127 INFO  Minecraft: Guild > UnknownShadow124 left. 
03:39:06.197 INFO  Minecraft: Guild > Redbeam747 left. 
03:40:22.281 INFO  Minecraft: Guild > Redbeam747 joined. 
03:42:25.306 INFO  Minecraft: Guild > UnknownShadow124 joined. 
03:43:34.803 INFO  Minecraft: Guild > Redbeam747 left. 
03:46:34.415 INFO  Minecraft: Guild > Redbeam747 joined. 
03:50:06.658 INFO  Minecraft: [SkyBlock] [VIP] Quicksilver92 is visiting Your Island! 
03:50:32.551 INFO  Minecraft: [SkyBlock] [VIP] Quicksilver92 is visiting Your Island! 
04:00:14.931 INFO  Minecraft:  
04:00:14.950 INFO  Minecraft: [WATCHDOG ANNOUNCEMENT] 
04:00:14.952 INFO  Minecraft: Watchdog has banned 27,551 players in the last 7 days. 
04:00:14.953 INFO  Minecraft: Staff have banned an additional 16,186 in the last 7 days. 
04:00:14.955 INFO  Minecraft: Blacklisted modifications are a bannable offense! 
04:00:14.957 INFO  Minecraft:  
04:00:28.321 INFO  Minecraft: Guild > DoggosAreGood left. 
04:01:24.545 INFO  Minecraft: Guild > DoggosAreGood joined. 
04:09:55.065 INFO  Minecraft: Guild > DoggosAreGood left. 
04:10:29.772 INFO  Minecraft: Guild > yKxshi left. 
04:11:13.766 INFO  Minecraft: Guild > DoggosAreGood joined. 
04:12:09.426 INFO  Minecraft: Guild > DoggosAreGood left. 
04:13:06.441 INFO  Minecraft: Guild > yKxshi joined. 
04:13:43.524 INFO  Minecraft: Guild > UnknowAccount left. 
04:15:13.722 INFO  Minecraft: Guild > Redbeam747 left. 
04:19:07.711 INFO  Minecraft: Guild > POGGORSEEL joined. 
04:19:42.553 INFO  Minecraft: Guild > POGGORSEEL left. 
04:22:17.960 INFO  Minecraft: Guild > POGGORSEEL joined. 
04:26:58.351 INFO  Minecraft: Guild > coozky joined. 
04:28:06.246 INFO  Minecraft: Guild > POGGORSEEL left. 
04:29:26.500 INFO  Minecraft: Guild > TinyHarpSeal joined. 
04:36:32.569 INFO  Minecraft: Guild > FearTheVillain3 joined. 
04:37:54.574 INFO  Minecraft: Guild > POGGORSEEL joined. 
04:48:29.016 INFO  Minecraft: Guild > FearTheVillain3 left. 
04:52:21.591 INFO  Minecraft: Guild > [VIP+] TinyHarpSeal [US]: brah livid didnt spawn in bos 
04:53:09.790 INFO  Minecraft: Guild > POGGORSEEL left. 
04:53:44.340 INFO  Minecraft: Guild > gogyxdash left. 
04:53:56.494 INFO  Minecraft: Guild > POGGORSEEL joined. 
04:55:01.809 INFO  Minecraft: Guild > POGGORSEEL left. 
04:55:10.769 INFO  Minecraft: Guild > POGGORSEEL joined. 
04:57:41.326 INFO  Minecraft: Guild > DoggosAreGood joined. 
05:01:00.471 INFO  Minecraft: Guild > POGGORSEEL left. 
05:02:30.002 INFO  Minecraft: Guild > sommthing joined. 
05:04:12.346 INFO  Minecraft: Guild > TimothyPlays57 joined. 
05:08:58.765 INFO  Minecraft: Guild > TimothyPlays57 left. 
05:12:20.007 INFO  Minecraft: Guild > TinyHarpSeal left. 
05:16:52.030 INFO  Minecraft: Guild > gogyxdash joined. 
05:21:56.223 INFO  Minecraft: Guild > sommthing left. 
05:28:09.314 INFO  Minecraft: Guild > sommthing joined. 
05:42:05.513 INFO  Minecraft: Guild > yKxshi left. 
05:42:42.074 INFO  Minecraft: Guild > clonzy joined. 
05:49:19.257 INFO  Minecraft: Guild > UnknownShadow124 left. 
05:54:22.326 INFO  Minecraft: Guild > sommthing left. 
05:55:28.332 INFO  Minecraft: Guild > sommthing joined. 
05:57:31.019 INFO  Minecraft: Guild > SirTappy joined. 
06:00:16.676 INFO  Minecraft:  
06:00:16.695 INFO  Minecraft: [WATCHDOG ANNOUNCEMENT] 
06:00:16.697 INFO  Minecraft: Watchdog has banned 27,501 players in the last 7 days. 
06:00:16.699 INFO  Minecraft: Staff have banned an additional 16,152 in the last 7 days. 
06:00:16.701 INFO  Minecraft: Blacklisted modifications are a bannable offense! 
06:00:16.702 INFO  Minecraft:  
06:00:33.169 INFO  Minecraft: Guild > SirTappy left. 
06:01:31.267 INFO  Minecraft: Guild > coozky left. 
06:09:59.572 INFO  Minecraft: Guild > [MVP+] clonzy [M]: im getting bridge masters this weekend 
06:10:14.378 INFO  Minecraft: Guild > SirTappy joined. 
06:11:46.551 INFO  Minecraft: Guild > SirTappy left. 
06:17:13.397 INFO  Minecraft: Guild > SirTappy joined. 
06:26:53.403 INFO  Minecraft: Guild > clonzy left. 
06:32:45.791 INFO  Minecraft: Guild > SirTappy left. 
06:32:52.035 INFO  Minecraft: Guild > SirTappy joined. 
06:35:22.880 INFO  Minecraft: Guild > SirTappy left. 
06:35:29.172 INFO  Minecraft: Guild > SirTappy joined. 
06:35:34.891 INFO  Minecraft: Guild > SirTappy left. 
06:40:10.762 INFO  Minecraft: Guild > WitheredRoyal joined. 
06:41:35.914 INFO  Minecraft: Guild > SirTappy joined. 
06:48:08.301 INFO  Minecraft: Guild > OwOWolfs joined. 
06:49:56.449 INFO  Minecraft: Officer > Minikloons [LS]: Asperitam's Application was accepted and requested to join the guild. 
06:49:57.459 INFO  Minecraft: ----------------------------------------------------- 
06:49:57.465 INFO  Minecraft: You invited [MVP+] Asperitam to your guild. They have 5 minutes to accept. 
06:49:57.483 INFO  Minecraft: ----------------------------------------------------- 
06:49:59.405 INFO  Minecraft: ----------------------------------------------------- 
06:49:59.409 INFO  Minecraft: [MVP+] Asperitam joined the guild! 
06:49:59.413 INFO  Minecraft: ----------------------------------------------------- 
06:49:59.647 INFO  Minecraft: Guild > Minikloons [LS]: Welcome to Cold Lands Asperitam! We hope you enjoy your time here. 
06:50:05.813 INFO  Minecraft: Guild > [VIP+] WitheredRoyal [M]: Wlc o/ 
06:50:09.497 INFO  Minecraft: Guild > [MVP+] Asperitam [M]: sup 
06:50:13.512 INFO  Minecraft: Guild > [MVP+] Asperitam [M]: im nyancat btw lol 
06:50:15.506 INFO  Minecraft: Guild > [MVP+] SirTappy [M]: wlc 
06:50:17.507 INFO  Minecraft: Guild > gogyxdash left. 
06:50:17.979 INFO  Minecraft: Guild > [VIP+] WitheredRoyal [M]: :D 
06:50:26.148 INFO  Minecraft: Guild > [MVP+] Asperitam [M]: anyone wanna do mm? 
06:50:34.519 INFO  Minecraft: Guild > [VIP+] WitheredRoyal [M]: What floor? 
06:50:39.554 INFO  Minecraft: Guild > [MVP+] Asperitam [M]: idk f3 maybe 
06:50:46.489 INFO  Minecraft: Guild > [MVP+] Asperitam [M]: or a duo f2 for fun 
06:50:55.495 INFO  Minecraft: Guild > [VIP+] WitheredRoyal [M]: Lemme go eat rq then sure 
06:51:03.526 INFO  Minecraft: Guild > sommthing left. 
06:51:05.174 INFO  Minecraft: Guild > sommthing joined. 
06:51:23.537 INFO  Discord: [💬→︱guild-chat] Nowotevinowo !: amongu 
06:51:23.785 INFO  Minecraft: Guild > Minikloons [LS]: Nowotevinowo!» amongu 
06:51:30.453 INFO  Minecraft: Guild > [VIP+] WitheredRoyal [M]: getoutofmyhead 
06:51:33.527 INFO  Minecraft: Guild > [MVP+] Asperitam [M]: lol 
06:51:38.525 INFO  Discord: [💬→︱guild-chat] Nowotevinowo !: where is doge 
06:51:38.808 INFO  Minecraft: Guild > Minikloons [LS]: Nowotevinowo!» where is doge 
06:52:07.037 INFO  Minecraft: Guild > [MVP+] sommthing [M]: bro my juju just decided to stop working in the middle of p3 
06:52:26.578 INFO  Minecraft: Guild > [MVP+] Asperitam [M]: why would u need in p3 ;/ 
06:52:31.150 INFO  Minecraft: Guild > [MVP+] sommthing [M]: stall 
06:52:35.950 INFO  Minecraft: Guild > [MVP+] sommthing [M]: and didnt work in p4 
06:52:38.692 INFO  Minecraft: Guild > [MVP+] Asperitam [M]: why would u need to do that ;/ 
06:52:40.905 INFO  Minecraft: Guild > [MVP+] sommthing [M]: just didnt work 
06:52:48.006 INFO  Minecraft: Guild > [MVP+] Asperitam [M]: ok s4 thats ok to be upset about 
06:52:49.251 INFO  Minecraft: Guild > [MVP+] sommthing [M]: bc it makes p3 easier 
06:52:56.114 INFO  Minecraft: Guild > [MVP+] Asperitam [M]: but s3 is useless 
06:52:58.004 INFO  Minecraft: Guild > [MVP+] Asperitam [M]: stalling 
06:52:59.601 INFO  Minecraft: Guild > [MVP+] sommthing [M]: ye it just didnt work in p4 
06:53:08.797 INFO  Minecraft: Guild > [MVP+] sommthing [M]: just wouldnt shoot 
06:55:06.021 INFO  Minecraft: Guild > Asperitam left. 
06:57:46.205 INFO  Minecraft: Guild > BamBoozledMC joined. 
06:58:12.287 INFO  Minecraft: Guild > 4717 joined. 
06:59:23.142 INFO  Minecraft: Guild > LionyLev joined. 
07:00:42.060 INFO  Minecraft: BamBoozledMC joined SkyBlock. 
07:00:43.213 INFO  Minecraft: Guild > [MVP+] LionyLev [LS]: any1 have a JuJu bow? 
07:00:48.081 INFO  Minecraft: Guild > [MVP+] sommthing [M]: i do 
07:00:49.328 INFO  Minecraft: Guild > [MVP+] BamBoozledMC [LS]: nno 
07:00:51.561 INFO  Minecraft: Guild > [MVP+] sommthing [M]: why 
07:01:00.715 INFO  Minecraft: Guild > [MVP+] sommthing [M]: i cant im in a run rn 
07:01:01.505 INFO  Minecraft: Guild > [MVP+] LionyLev [LS]: is it worth it? 
07:01:07.283 INFO  Minecraft: Guild > [MVP+] sommthing [M]: yeah 
07:01:13.307 INFO  Minecraft: Guild > [MVP+] LionyLev [LS]: can u p me after the run? 
07:01:17.263 INFO  Minecraft: Guild > [MVP+] sommthing [M]: yeah sure 
07:01:19.966 INFO  Minecraft: You gained 4,096 Mining experience from minions! 
07:01:20.485 INFO  Minecraft: You gained 1,920 Mining experience from minions! 
07:01:20.844 INFO  Minecraft: Guild > [MVP+] LionyLev [LS]: ok ty 
07:01:21.277 INFO  Minecraft: You gained 576 Mining experience from minions! 
07:01:23.702 INFO  Minecraft: You gained 4,096 Mining experience from minions! 
07:01:24.232 INFO  Minecraft: You gained 1,856 Mining experience from minions! 
07:01:24.775 INFO  Minecraft: You gained 640 Mining experience from minions! 
07:01:27.529 INFO  Minecraft: You gained 1,920 Mining experience from minions! 
07:01:28.225 INFO  Minecraft: You gained 4,096 Mining experience from minions! 
07:01:28.656 INFO  Minecraft: You gained 640 Mining experience from minions! 
07:01:31.522 INFO  Minecraft: You gained 4,096 Mining experience from minions! 
07:01:32.339 INFO  Minecraft: You gained 1,920 Mining experience from minions! 
07:01:32.486 INFO  Minecraft: You gained 576 Mining experience from minions! 
07:01:35.949 INFO  Minecraft: You gained 4,096 Mining experience from minions! 
07:01:35.984 INFO  Minecraft: You gained 1,920 Mining experience from minions! 
07:01:36.453 INFO  Minecraft: You gained 640 Mining experience from minions! 
07:01:38.500 INFO  Minecraft: You gained 4,096 Mining experience from minions! 
07:01:39.292 INFO  Minecraft: You gained 1,920 Mining experience from minions! 
07:01:39.531 INFO  Minecraft: You gained 640 Mining experience from minions! 
07:01:42.702 INFO  Minecraft: You gained 4,096 Mining experience from minions! 
07:01:43.377 INFO  Minecraft: You gained 1,984 Mining experience from minions! 
07:01:43.750 INFO  Minecraft: You gained 640 Mining experience from minions! 
07:01:46.764 INFO  Minecraft: You gained 1,856 Mining experience from minions! 
07:01:47.374 INFO  Minecraft: You gained 4,096 Mining experience from minions! 
07:01:48.290 INFO  Minecraft: You gained 576 Mining experience from minions! 
07:01:51.604 INFO  Minecraft: You gained 640 Mining experience from minions! 
07:01:52.273 INFO  Minecraft: You gained 1,920 Mining experience from minions! 
07:01:52.677 INFO  Minecraft: You gained 4,096 Mining experience from minions! 
07:01:59.290 INFO  Minecraft: Guild > DoggosAreGood left. 
07:02:00.364 INFO  Minecraft: You gained 640 Mining experience from minions! 
07:02:00.478 INFO  Minecraft: You gained 1,920 Mining experience from minions! 
07:02:01.308 INFO  Minecraft: You gained 4,096 Mining experience from minions! 
07:02:18.338 INFO  Minecraft: Guild > UnknowAccount joined. 
07:02:18.938 INFO  Minecraft: You gained 4,096 Mining experience from minions! 
07:02:19.616 INFO  Minecraft: You gained 1,920 Mining experience from minions! 
07:02:20.337 INFO  Minecraft: You gained 640 Mining experience from minions! 
07:02:22.844 INFO  Minecraft: You gained 4,096 Mining experience from minions! 
07:02:23.456 INFO  Minecraft: You gained 1,856 Mining experience from minions! 
07:02:24.304 INFO  Minecraft: You gained 576 Mining experience from minions! 
07:02:29.823 INFO  Minecraft: BamBoozledMC joined SkyBlock. 
07:04:20.828 INFO  Minecraft: BamBoozledMC joined SkyBlock. 
07:05:21.635 INFO  Minecraft: Guild > LionyLev left. 
07:05:27.728 INFO  Minecraft: Guild > LionyLev joined. 
07:09:16.712 INFO  Minecraft: Guild > OwOWolfs left. 
07:09:49.765 INFO  Minecraft: Guild > OwOWolfs joined. 
07:09:54.345 INFO  Minecraft: Guild > [MVP+] UnknowAccount [M]: Keyzic nice xray... time to witch hunt you till ur banned clown 
07:09:57.303 INFO  Minecraft: Guild > [MVP+] UnknowAccount [M]: wc xD 
07:10:08.290 INFO  Minecraft: Guild > [MVP+] UnknowAccount [M]: uhc is a nice place 
07:10:22.877 INFO  Minecraft: Guild > [MVP+] UnknowAccount [M]: ppl dig straight down to dia and call me out for xray when i trap them xD 
07:16:50.549 INFO  Minecraft: Guild > LionyLev left. 
07:16:57.537 INFO  Minecraft: Guild > LionyLev joined. 
07:18:27.074 INFO  Minecraft: Guild > SirTappy left. 
07:18:31.677 INFO  Minecraft:  » BamBoozledMC is traveling to Dungeons Hub FOLLOW 
07:18:34.083 INFO  Minecraft: Guild > yKxshi joined. 
07:18:36.157 INFO  Minecraft: BamBoozledMC joined SkyBlock. 
07:19:29.159 INFO  Minecraft: Guild > 4717 left. 
07:19:33.159 INFO  Minecraft: Guild > 4717 joined. 
07:19:42.804 INFO  Minecraft: Guild > [MVP+] LionyLev [LS]: ah me 
07:19:55.145 INFO  Minecraft: Guild > LionyLev left. 
07:20:00.217 INFO  Minecraft: Guild > LionyLev joined. 
07:22:40.294 INFO  Minecraft:  » BamBoozledMC is traveling to Dungeons Hub FOLLOW 
07:24:36.647 INFO  Minecraft: Guild > WitheredRoyal left. 
07:24:39.688 INFO  Minecraft: Guild > WitheredRoyal joined. 
07:26:15.905 INFO  Minecraft: Guild > [VIP+] WitheredRoyal [M]: I'm back 
07:28:13.647 INFO  Minecraft: Guild > gogyxdash joined. 
07:28:27.245 INFO  Minecraft: Guild > sommthing left. 
07:28:28.348 INFO  Minecraft: Guild > sommthing joined. 
07:29:57.363 INFO  Minecraft: Guild > yKxshi left. 
07:32:37.072 INFO  Minecraft: Guild > WitheredRoyal left. 
07:32:42.576 INFO  Minecraft: Guild > DoggosAreGood joined. 
07:33:15.060 INFO  Minecraft: Guild > WitheredRoyal joined. 
07:33:31.168 INFO  Minecraft:  » BamBoozledMC is traveling to Dungeons Hub FOLLOW 
07:33:59.188 INFO  Minecraft: Guild > [VIP+] WitheredRoyal [M]: Are there any bots for frag runs? 
07:34:11.155 INFO  Minecraft: Guild > [VIP+] WitheredRoyal [M]: That aren't banned* 
07:34:15.276 INFO  Minecraft: Guild > [MVP+] BamBoozledMC [LS]: https://discord.gg/fragbots 
07:34:30.382 INFO  Minecraft: Guild > [VIP+] WitheredRoyal [M]: (That don't require disc) 
07:34:38.149 INFO  Minecraft: Guild > [MVP+] BamBoozledMC [LS]: no 
07:34:44.190 INFO  Minecraft: Guild > [VIP+] WitheredRoyal [M]: k then 
07:34:56.801 INFO  Minecraft: BamBoozledMC joined SkyBlock. 
07:35:02.196 INFO  Minecraft: Guild > [VIP] LRBenito [M]: ill be your frag bot at the cost of all your livid frags you get 
07:35:05.563 INFO  Minecraft: Guild > [MVP+] BamBoozledMC [LS]: sealbot can do it but is has to be done manually 
07:35:14.301 INFO  Minecraft: Guild > [VIP+] WitheredRoyal [M]: Benito sure 
07:35:25.435 INFO  Minecraft: Guild > [VIP+] WitheredRoyal [M]: Wait aren't you ironman? 
07:35:27.262 INFO  Minecraft: Guild > [VIP] LRBenito [M]: yeah 
07:35:35.798 INFO  Minecraft: Guild > [VIP+] WitheredRoyal [M]: So I just won't hit livid 
07:35:41.769 INFO  Minecraft: Guild > [VIP] LRBenito [M]: that works 
07:38:17.979 INFO  Minecraft: Guild > LionyLev left. 
07:38:23.957 INFO  Minecraft: Guild > LionyLev joined. 
07:39:37.077 INFO  Minecraft: Guild > yKxshi joined. 
07:39:38.041 INFO  Minecraft: Guild > yKxshi left. 
07:40:02.042 INFO  Minecraft: Guild > 4717 left. 
07:40:09.881 INFO  Minecraft: Guild > 4717 joined. 
07:41:28.521 INFO  Minecraft: Guild > LionyLev left. 
07:43:09.804 INFO  Minecraft: Guild > sommthing left. 
07:44:12.955 INFO  Minecraft: Guild > Asperitam joined. 
07:44:20.687 INFO  Minecraft: Guild > [MVP+] Asperitam [M]: hello mister royal 
07:44:24.716 INFO  Minecraft: Guild > [MVP+] Asperitam [M]: wanna do mm now 
07:44:25.758 INFO  Minecraft: Guild > LionyLev joined. 
07:44:47.762 INFO  Minecraft: Guild > LionyLev left. 
07:46:42.579 INFO  Minecraft:  » BamBoozledMC is traveling to Dungeons Hub FOLLOW 
07:47:01.910 INFO  Minecraft: Guild > Hercules_RB joined. 
07:47:05.242 INFO  Minecraft:  » BamBoozledMC is traveling to Hub FOLLOW 
07:47:28.642 INFO  Minecraft:  » BamBoozledMC is traveling to Private Island FOLLOW 
07:48:39.738 INFO  Minecraft: Guild > clonzy joined. 
07:52:02.738 INFO  Minecraft: [Bazaar] Your co-op Sell Offer for 1x Superior Dragon Fragment was filled! 
08:00:17.103 INFO  Minecraft:  
08:00:17.124 INFO  Minecraft: [WATCHDOG ANNOUNCEMENT] 
08:00:17.126 INFO  Minecraft: Watchdog has banned 27,451 players in the last 7 days. 
08:00:17.127 INFO  Minecraft: Staff have banned an additional 16,059 in the last 7 days. 
08:00:17.129 INFO  Minecraft: Blacklisted modifications are a bannable offense! 
08:00:17.130 INFO  Minecraft:  
08:03:52.973 INFO  Minecraft: Guild > [VIP] LRBenito [M]: so 
08:04:15.005 INFO  Minecraft: Guild > [VIP] LRBenito [M]: would rare/epic whale be decent enough if i cant get a leg at least for now 
08:04:22.308 INFO  Minecraft: Guild > clonzy left. 
08:04:22.422 INFO  Minecraft: Guild > [MVP+] DoggosAreGood [M]: yeah 
08:04:27.150 INFO  Minecraft: Guild > [VIP] LRBenito [M]: alr 
08:04:31.022 INFO  Minecraft: Guild > [MVP+] DoggosAreGood [M]: i use epic lvl 72 
08:04:38.273 INFO  Minecraft: Guild > [MVP+] DoggosAreGood [M]: cuz 2 broke 4 leg 
08:04:40.697 INFO  Minecraft: Guild > [VIP] LRBenito [M]: same 
08:04:42.646 INFO  Minecraft: Guild > [MVP+] Asperitam [M]: anyone wanna do mm? 
08:04:50.060 INFO  Minecraft: Guild > [MVP+] DoggosAreGood [M]: what floor? 
08:04:56.607 INFO  Minecraft: Guild > [MVP+] Asperitam [M]: wait nvm i gtg ;/ 
08:04:59.057 INFO  Minecraft: Guild > Asperitam left. 
08:05:00.247 INFO  Minecraft: Guild > [MVP+] DoggosAreGood [M]: ;-; 
08:05:00.282 INFO  Minecraft: Guild > [VIP] LRBenito [M]: lol 
08:07:07.375 INFO  Minecraft: Guild > [VIP] LRBenito [M]: alr im upgrading my whale now 
08:07:19.294 INFO  Minecraft: Guild > [MVP+] DoggosAreGood [M]: to leg? 
08:07:22.137 INFO  Minecraft: Guild > [VIP] LRBenito [M]: no 
08:07:24.378 INFO  Minecraft: Guild > [VIP] LRBenito [M]: to rare, lol 
08:07:27.155 INFO  Minecraft: Guild > [MVP+] DoggosAreGood [M]: nice 
08:08:01.295 INFO  Minecraft: Guild > [MVP+] DoggosAreGood [M]: Lrbenito want to play dungeons? 
08:09:03.784 INFO  Minecraft: Guild > [VIP] LRBenito [M]: im kinda broke 
08:09:07.215 INFO  Minecraft: Guild > [VIP] LRBenito [M]: but i guess 
08:09:11.194 INFO  Minecraft: Guild > [MVP+] DoggosAreGood [M]: what floor? 
08:09:15.214 INFO  Minecraft: Guild > [VIP] LRBenito [M]: whatever is fine 
08:09:20.773 INFO  Minecraft: Guild > [VIP] LRBenito [M]: except 7 
08:09:27.243 INFO  Minecraft: Guild > [MVP+] DoggosAreGood [M]: ah ok 
08:13:05.420 INFO  Minecraft: Guild > Hercules_RB left. 
08:13:10.476 INFO  Minecraft: Guild > Hercules_RB joined. 
08:15:39.284 INFO  Minecraft: Guild > LionyLev joined. 
08:16:47.002 INFO  Minecraft: Guild > sommthing joined. 
08:19:03.717 INFO  Minecraft: Guild > LionyLev left. 
08:23:28.257 INFO  Minecraft: Guild > yKxshi joined. 
08:24:24.128 INFO  Minecraft: Guild > WitheredRoyal left. 
08:24:40.217 INFO  Minecraft: Guild > yKxshi left. 
08:26:03.924 INFO  Discord: [💬→︱guild-chat] LS | SnowedSeal: YAY 
08:26:04.227 INFO  Minecraft: Guild > Minikloons [LS]: LS| SnowedSeal» YAY 
08:26:07.304 INFO  Discord: [💬→︱guild-chat] LS | SnowedSeal: discord.gg/coldlands 
08:26:07.542 INFO  Minecraft: Guild > Minikloons [LS]: LS| SnowedSeal» discord.gg/coldlands 
08:26:15.927 INFO  Minecraft: Guild > [MVP+] sommthing [M]: yes 
08:27:14.756 INFO  Minecraft: Guild > SnowedSeal joined. 
08:27:20.121 INFO  Minecraft: Guild > [MVP++] SnowedSeal [LS]: henlo 
08:27:31.272 INFO  Minecraft: Guild > [MVP++] SnowedSeal [LS]: is new year event out 
08:27:32.020 INFO  Minecraft: Guild > [MVP+] sommthing [M]: hello 
08:27:34.068 INFO  Minecraft: Guild > [MVP++] SnowedSeal [LS]: not new year* 
08:27:36.254 INFO  Minecraft: Guild > [MVP++] SnowedSeal [LS]: sb bday 
08:27:39.374 INFO  Minecraft: Guild > [MVP+] sommthing [M]: nope 
08:27:43.044 INFO  Minecraft: Guild > [MVP++] SnowedSeal [LS]: WHAT 
08:27:45.967 INFO  Minecraft: Guild > [MVP++] SnowedSeal [LS]: I BAN THEM 
08:27:46.334 INFO  Minecraft: Guild > [MVP+] sommthing [M]: dont think anything happened 
08:27:53.971 INFO  Minecraft: Guild > [VIP] 4717 [M]: bruh 
08:27:57.557 INFO  Minecraft: Guild > [VIP] 4717 [M]: thats du,b 
08:28:06.413 INFO  Minecraft: Guild > [MVP+] sommthing [M]: bro i thought my juju was broken but i just didnt have arrows in my quiver 
08:28:07.350 INFO  Minecraft: Guild > [VIP] 4717 [M]: thats dumb/q 
08:28:10.993 INFO  Minecraft: Guild > [MVP++] SnowedSeal [LS]: lmao 
08:28:18.005 INFO  Minecraft: Guild > [MVP+] sommthing [M]: bc infinite quiver x is good 
08:28:24.013 INFO  Minecraft: Guild > [MVP++] SnowedSeal [LS]: wc? 
08:28:45.603 INFO  Minecraft: Guild > 4717 left. 
08:28:53.021 INFO  Minecraft: Guild > 4717 joined. 
08:29:29.686 INFO  Minecraft: Guild > [MVP++] SnowedSeal [LS]: two more recomb talis 
08:29:37.307 INFO  Minecraft: Guild > [MVP++] SnowedSeal [LS]: nice 
08:30:40.501 INFO  Minecraft: Guild > [MVP++] SnowedSeal [LS]: k 
08:30:41.405 INFO  Minecraft: Guild > [MVP++] SnowedSeal [LS]: i go 
08:30:47.166 INFO  Minecraft: Guild > [MVP++] SnowedSeal [LS]: 4 recombed talismans 
08:31:12.152 INFO  Minecraft: Guild > [MVP+] UnknowAccount [M]: imagine not even having a recombed spiked attrocity 
08:31:13.745 INFO  Minecraft: Guild > [MVP+] UnknowAccount [M]: pff 
08:31:17.202 INFO  Minecraft: Guild > [MVP++] SnowedSeal [LS]: i can get that 
08:31:21.202 INFO  Minecraft: Guild > [MVP++] SnowedSeal [LS]: not today 
08:31:22.304 INFO  Minecraft: Guild > [MVP++] SnowedSeal [LS]: but yeah 
08:32:09.303 INFO  Minecraft: Guild > [MVP++] SnowedSeal [LS]: so pro 
08:33:44.817 INFO  Minecraft: Guild > [MVP++] SnowedSeal [LS]: !lurk 
08:33:45.362 INFO  Minecraft: Guild > Minikloons [LS]: SnowedSeal decided to lurk (AFK) Will they be back soon? 
08:34:17.663 INFO  Minecraft: Guild > [MVP++] SnowedSeal [LS]: !unlurk 
08:34:17.934 INFO  Minecraft: Guild > Minikloons [LS]: SnowedSeal Got back from lurking (AFK) sooner then I thought! 
08:34:22.369 INFO  Minecraft: Guild > [MVP++] SnowedSeal [LS]: im so pro 
08:35:12.500 INFO  Minecraft: Guild > TREX2M joined. 
08:38:44.042 INFO  Minecraft: Guild > TREX2M left. 
08:39:30.189 INFO  Minecraft: Guild > SwagMonkey420 joined. 
08:43:04.507 INFO  Minecraft: Guild > [MVP+] BamBoozledMC [LS]: !lurk 
08:43:05.006 INFO  Minecraft: Guild > Minikloons [LS]: BamBoozledMC is now lurking (AFK)! 
08:45:20.464 INFO  Minecraft: Guild > DoggosAreGood left. 
08:46:45.696 INFO  Minecraft: Guild > SwagMonkey420 left. 
08:51:26.883 INFO  Minecraft: Guild > UnknowAccount left. 
09:01:06.624 INFO  Minecraft: Guild > SnowedSeal left. 
09:03:57.053 INFO  Minecraft: Guild > SnowedSeal joined. 
09:04:02.251 INFO  Minecraft: Guild > [MVP++] SnowedSeal [LS]: henlo 
09:04:08.767 INFO  Minecraft: Guild > [MVP+] sommthing [M]: hello 
09:04:14.037 INFO  Minecraft: Guild > [MVP++] SnowedSeal [LS]: im testing 1.17 
09:05:04.997 INFO  Minecraft: Guild > gogyxdash left. 
09:07:49.048 INFO  Minecraft: Guild > TimothyPlays57 joined. 
09:10:09.451 INFO  Minecraft: Guild > OwOWolfs left. 
09:11:02.375 INFO  Minecraft: Guild > TimothyPlays57 left. 
09:11:32.479 INFO  Minecraft: Guild > OwOWolfs joined. 
09:25:23.732 INFO  Minecraft: Guild > ShredderSeal joined. 
09:30:40.440 INFO  Minecraft: Guild > Hercules_RB left. 
09:31:36.060 INFO  Minecraft: Guild > [VIP] ShredderSeal [M]: NOOOOOOO 
09:31:41.418 INFO  Minecraft: Guild > [MVP++] SnowedSeal [LS]: ? 
09:31:42.474 INFO  Minecraft: Guild > [VIP] ShredderSeal [M]: I MESSED THIS UP 
09:31:57.520 INFO  Minecraft: Guild > [VIP] ShredderSeal [M]: i crafted quartz stair instead of equartz 
09:32:47.602 INFO  Minecraft: Guild > [VIP] ShredderSeal [M]: yo ima sell my ice sparay 
09:32:50.651 INFO  Minecraft: Guild > [VIP] ShredderSeal [M]: sray 
09:32:57.874 INFO  Minecraft: Guild > [VIP] ShredderSeal [M]: GG 
09:33:03.614 INFO  Minecraft: Guild > [VIP] ShredderSeal [M]: i cant type 
09:34:15.298 INFO  Minecraft: Guild > [VIP] ShredderSeal [M]: ok 
09:34:38.506 INFO  Minecraft: Guild > [VIP] ShredderSeal [M]: back at 32m 
09:55:49.416 INFO  Minecraft: Guild > [VIP] ShredderSeal [M]: OMG 
09:55:58.358 INFO  Minecraft: Guild > [VIP] ShredderSeal [M]: I ALMOST VOIDED MY OFA SOUL WHIP 
09:56:00.657 INFO  Minecraft: Guild > [VIP] ShredderSeal [M]: LMAO 
09:56:06.399 INFO  Minecraft: Guild > [MVP++] SnowedSeal [LS]: 0_0 
09:56:10.170 INFO  Minecraft: Guild > [MVP++] SnowedSeal [LS]: how 2 get good at fishing 
09:56:13.410 INFO  Minecraft: Guild > [VIP] ShredderSeal [M]: its ofa so... i almost panicked 
09:56:15.822 INFO  Minecraft: Guild > [VIP] ShredderSeal [M]: no life 
09:56:29.240 INFO  Minecraft: Guild > [VIP] ShredderSeal [M]: if it doesnt have ofa i would not be that panicked 
09:56:37.411 INFO  Minecraft: Guild > [VIP] ShredderSeal [M]: btw snowed 
09:56:40.456 INFO  Minecraft: Guild > [MVP++] SnowedSeal [LS]: what 
10:00:09.585 INFO  Minecraft: Guild > [MVP+] sommthing [M]: o 
10:00:12.485 INFO  Minecraft: Guild > [MVP+] sommthing [M]: wc 
10:00:17.252 INFO  Minecraft:  
10:00:17.256 INFO  Minecraft: [WATCHDOG ANNOUNCEMENT] 
10:00:17.258 INFO  Minecraft: Watchdog has banned 27,397 players in the last 7 days. 
10:00:17.260 INFO  Minecraft: Staff have banned an additional 16,045 in the last 7 days. 
10:00:17.261 INFO  Minecraft: Blacklisted modifications are a bannable offense! 
10:00:17.263 INFO  Minecraft:  
10:01:54.050 INFO  Minecraft: Guild > [VIP] ShredderSeal [M]: sorrow is fun 
10:02:00.092 INFO  Minecraft: Guild > [VIP] ShredderSeal [M]: sorrow grind is fun 
10:02:03.095 INFO  Minecraft: Guild > [VIP] ShredderSeal [M]: i can relax 
10:02:06.106 INFO  Minecraft: Guild > [VIP] ShredderSeal [M]: unlike dungeons 
10:07:49.085 INFO  Minecraft: Guild > Hercules_RB joined. 
10:10:43.015 INFO  Minecraft: Guild > OwOWolfs left. 
10:12:18.307 INFO  Minecraft: Guild > SnowedSeal left. 
10:14:46.759 INFO  Minecraft: Guild > [VIP] ShredderSeal [M]: im going to try thirty's sugar cane method 
10:19:16.143 INFO  Minecraft: Guild > Hercules_RB left. 
10:19:30.253 INFO  Minecraft: Guild > 4717 left. 
10:19:49.581 INFO  Minecraft: Guild > 4717 joined. 
10:20:05.373 INFO  Minecraft: Guild > TREX2M joined. 
10:22:08.332 INFO  Minecraft: Guild > 4717 left. 
10:22:20.335 INFO  Minecraft: Guild > TREX2M left. 
10:22:27.420 INFO  Minecraft: Guild > TREX2M joined. 
10:26:37.362 INFO  Minecraft: Guild > Asperitam joined. 
10:27:57.305 INFO  Minecraft: Guild > TREX2M left. 
10:28:03.186 INFO  Minecraft: Guild > TREX2M joined. 
10:28:06.388 INFO  Minecraft: Guild > [MVP+] Asperitam [M]: anyone wanna do m2 or m3? 
10:29:20.329 INFO  Minecraft: Guild > MangosteenConan joined. 
10:29:33.300 INFO  Minecraft: Guild > MangosteenConan left. 
10:29:45.422 INFO  Minecraft: Guild > [VIP] ShredderSeal [M]: yo wat 
10:29:56.256 INFO  Minecraft: Guild > [VIP] ShredderSeal [M]: i just saw the old exp bar\ 
10:30:26.659 INFO  Minecraft: Guild > [VIP] ShredderSeal [M]: omg 
10:30:30.328 INFO  Minecraft: Guild > [VIP] ShredderSeal [M]: im so stupid 
10:30:30.606 INFO  Minecraft: Guild > Asperitam left. 
10:30:34.576 INFO  Minecraft: Guild > [VIP] ShredderSeal [M]: all this time 
10:30:41.754 INFO  Minecraft: Guild > [VIP] ShredderSeal [M]: i was using a GAUSS CARROT HOE FOR CANE 
10:30:50.258 INFO  Minecraft: Guild > [VIP] LRBenito [M]: gg 
10:33:35.728 INFO  Minecraft: Guild > OwOPingu left. 
10:33:37.401 INFO  Minecraft: Guild > Asperitam joined. 
10:34:24.791 INFO  Minecraft: Guild > Asperitam left. 
10:34:52.578 INFO  Minecraft: Guild > [VIP] ShredderSeal [M]: ok 
10:36:42.795 INFO  Minecraft: Guild > ShredderSeal left. 
10:36:48.784 INFO  Minecraft: Guild > ShredderSeal joined. 
10:41:43.481 INFO  Minecraft: Guild > WitheredRoyal joined. 
10:42:28.410 INFO  Minecraft: Guild > [VIP] ShredderSeal [M]: DUDE LMAP 
10:42:31.323 INFO  Minecraft: Guild > [VIP] ShredderSeal [M]: LMAO 
10:42:55.531 INFO  Minecraft: Guild > [VIP] ShredderSeal [M]: LOOK AT Exceedingly rare enderman artifact upgrader lore 
10:43:10.989 INFO  Minecraft: Guild > [VIP] ShredderSeal [M]: or type Creative in NEU 
10:43:34.430 INFO  Minecraft: Guild > YoMadaEatingRice joined. 
10:44:07.555 INFO  Minecraft: Guild > [VIP+] WitheredRoyal [M]: Any1 wanna rose run? 
10:44:52.763 INFO  Minecraft: Guild > 4717 joined. 
10:45:55.762 INFO  Minecraft: Guild > sommthing left. 
10:46:03.834 INFO  Minecraft: Guild > TREX2M left. 
10:46:09.966 INFO  Minecraft: Guild > TREX2M joined. 
10:50:43.623 INFO  Minecraft: Guild > LionyLev joined. 
10:52:23.882 INFO  Minecraft: Guild > OwOPingu joined. 
10:54:27.521 INFO  Minecraft: Guild > SwagMonkey420 joined. 
10:55:58.916 INFO  Minecraft: Guild > [VIP] ShredderSeal [M]: o 
10:56:06.942 INFO  Minecraft: Guild > [VIP] ShredderSeal [M]: yung gravy 
10:57:03.997 INFO  Minecraft: Guild > LionyLev left. 
10:57:13.971 INFO  Minecraft: Guild > LionyLev joined. 
10:58:15.906 INFO  Minecraft: Guild > SwagMonkey420 left. 
10:59:13.758 INFO  Minecraft: Guild > gogyxdash joined. 
10:59:52.873 INFO  Minecraft: Guild > [VIP] ShredderSeal [M]: #vote4diaz 
10:59:55.929 INFO  Minecraft: Guild > Loudbook joined. 
11:01:17.129 INFO  Minecraft: Guild > [VIP] ShredderSeal [M]: how do i spell "dugans"? 
11:01:28.862 INFO  Minecraft: Guild > [VIP+] WitheredRoyal [M]: What ? 
11:03:00.270 INFO  Minecraft: Guild > 4717 left. 
11:03:05.008 INFO  Minecraft: Guild > 4717 joined. 
11:06:02.669 INFO  Minecraft: Guild > 4717 left. 
11:06:05.994 INFO  Minecraft: Guild > OwOPingu left. 
11:06:06.671 INFO  Minecraft: Guild > 4717 joined. 
11:08:49.975 INFO  Minecraft: Guild > LionyLev left. 
11:08:56.054 INFO  Minecraft: Guild > LionyLev joined. 
11:11:53.086 INFO  Minecraft: Guild > LionyLev left. 
11:11:59.936 INFO  Minecraft: Guild > LionyLev joined. 
11:13:15.996 INFO  Minecraft: Guild > Asperitam joined. 
11:14:29.860 INFO  Minecraft: Guild > [VIP] ShredderSeal [M]: omg i was actually damaging a t2 voidgloom 
11:14:53.383 INFO  Minecraft: Guild > [VIP] LRBenito [M]: You were killed by Voidgloom Seraph 
11:14:55.381 INFO  Minecraft: Guild > Asperitam left. 
11:16:50.357 INFO  Minecraft: Guild > [MVP+] LionyLev [LS]: ah me 
11:19:12.435 INFO  Minecraft: Guild > Asperitam joined. 
11:20:16.416 INFO  Minecraft: Guild > [MVP+] LionyLev [LS]: what reforge for juju bow? 
11:20:22.600 INFO  Minecraft: Guild > [MVP+] Asperitam [M]: spiritual 
11:20:31.050 INFO  Minecraft: Guild > [MVP+] TREX2M [M]: precise/ spiritual 
11:20:43.710 INFO  Minecraft: Guild > [MVP+] Asperitam [M]: spiritual not precise 
11:20:48.456 INFO  Minecraft: Guild > [MVP+] Asperitam [M]: decoys save ur ass so much 
11:20:48.722 INFO  Minecraft: Guild > [VIP] ShredderSeal [M]: NOOO 
11:20:54.977 INFO  Minecraft: Guild > [VIP] ShredderSeal [M]: THERS A STUPID EXTREMIST 
11:20:58.432 INFO  Minecraft: Guild > [VIP] ShredderSeal [M]: I WAS DOING MY BOSS 
11:21:51.121 INFO  Minecraft: Guild > [MVP+] LionyLev [LS]: do u think juju will get nurfed? 
11:21:55.727 INFO  Minecraft: Guild > [MVP+] Asperitam [M]: nah 
11:21:55.740 INFO  Minecraft: Guild > [VIP+] WitheredRoyal [M]: No 
11:21:56.726 INFO  Minecraft: Guild > [VIP] ShredderSeal [M]: no 
11:22:07.244 INFO  Minecraft: Guild > [VIP] ShredderSeal [M]: its decently balanced 
11:22:08.315 INFO  Minecraft: Guild > [MVP+] Asperitam [M]: cuz its only good w attack speed 
11:24:41.120 INFO  Minecraft: Guild > FearTheVillain3 joined. 
11:26:11.661 INFO  Minecraft: Guild > [MVP++] Loudbook [US]: im still sad 
11:26:18.506 INFO  Minecraft: Guild > [MVP++] Loudbook [US]: I lost 150m with the archer nerf 
11:26:44.211 INFO  Minecraft: Guild > [MVP+] gogyxdash [M]: well u got some money from jonlaw who quit right 
11:26:49.235 INFO  Minecraft: Guild > [VIP+] WitheredRoyal [M]: What archer nerd 
11:26:49.858 INFO  Minecraft: Guild > [MVP++] Loudbook [US]: yea 
11:26:51.847 INFO  Minecraft: Guild > [VIP+] WitheredRoyal [M]: nerf* 
11:26:59.210 INFO  Minecraft: Guild > [MVP++] Loudbook [US]: the swap nerf 
11:27:04.212 INFO  Minecraft: Guild > [VIP+] WitheredRoyal [M]: oh 
11:27:05.615 INFO  Minecraft: Guild > [VIP] ShredderSeal [M]: bruh 
11:27:05.706 INFO  Minecraft: Guild > [MVP+] gogyxdash [M]: did u void ur bones or something 
11:27:07.200 INFO  Minecraft: Guild > [VIP+] WitheredRoyal [M]: f 
11:27:17.225 INFO  Minecraft: Guild > [MVP++] Loudbook [US]: sadbook 
11:27:38.677 INFO  Minecraft: [SkyBlock] [MVP+] MathOnJava is visiting Your Island! 
11:27:47.324 INFO  Minecraft: [✌] [MVP+] MathOnJava: ay 
11:28:27.608 INFO  Minecraft: Guild > [VIP] ShredderSeal [M]: well i almost got a t2 eman completion 
11:28:32.703 INFO  Minecraft: Guild > [VIP] ShredderSeal [M]: i was dealing good damage 
11:28:48.789 INFO  Minecraft: Guild > FearTheVillain3 left. 
11:28:50.535 INFO  Minecraft: Guild > [VIP] ShredderSeal [M]: and my sleave was helping me kill it 
11:30:10.672 INFO  Minecraft: Guild > [VIP] ShredderSeal [M]: im sad 
11:30:23.744 INFO  Minecraft: Guild > [VIP] ShredderSeal [M]: i didnt get a t2 comp 
11:30:49.677 INFO  Minecraft: Guild > [VIP+] YoMadaEatingRice [M]: did u use remnants? 
11:32:16.563 INFO  Minecraft: Guild > [MVP+] LionyLev [LS]: what reforge gives attack speed and is good for archer? 
11:32:23.353 INFO  Minecraft: Guild > [MVP+] Asperitam [M]: on talismans? 
11:32:26.336 INFO  Minecraft: Guild > [MVP+] LionyLev [LS]: yea 
11:32:28.391 INFO  Minecraft: Guild > [VIP+] WitheredRoyal [M]: Strange 
11:32:29.538 INFO  Minecraft: Guild > [VIP+] YoMadaEatingRice [M]: strange 
11:32:31.326 INFO  Minecraft: Guild > [VIP+] WitheredRoyal [M]: or bloody 
11:32:31.344 INFO  Minecraft: Guild > [MVP+] Asperitam [M]: strange on epic and uncommon, bloody on leg 
11:32:40.272 INFO  Minecraft: Guild > [MVP+] Asperitam [M]: and then put crochet on ur pet 
11:32:51.095 INFO  Minecraft: Guild > Loudbook left. 
11:33:35.496 INFO  Minecraft: Guild > [MVP+] LionyLev [LS]: what gives strange? 
11:33:43.508 INFO  Minecraft: Guild > [MVP+] Asperitam [M]: blacksmith 
11:33:48.517 INFO  Minecraft: Guild > [MVP+] LionyLev [LS]: ok ty 
11:35:11.377 INFO  Minecraft: Guild > LRBenito left. 
11:35:21.357 INFO  Minecraft: Guild > LRBenito joined. 
11:36:39.522 INFO  Minecraft: Guild > YoMadaEatingRice left. 
11:37:34.792 INFO  Minecraft: Guild > TREX2M left. 
11:37:38.678 INFO  Minecraft: Guild > TREX2M joined. 
11:41:11.733 INFO  Minecraft: Guild > LRBenito left. 
11:42:06.753 INFO  Minecraft: Guild > Asperitam left. 
11:42:31.903 INFO  Minecraft: Guild > LRBenito joined. 
11:50:19.947 INFO  Minecraft: Guild > LionyLev left. 
11:50:25.687 INFO  Minecraft: Guild > LionyLev joined. 
11:52:25.714 INFO  Minecraft: Guild > [VIP] ShredderSeal [M]: POG 
11:52:27.183 INFO  Minecraft: Guild > [VIP] ShredderSeal [M]: LETS GO 
11:52:34.252 INFO  Minecraft: Guild > [VIP] ShredderSeal [M]: I FINISHED T2 
11:52:40.360 INFO  Minecraft: Guild > [VIP+] WitheredRoyal [M]: gg 
11:57:33.336 INFO  Minecraft: Guild > [VIP] ShredderSeal [M]: wtf 
11:57:56.369 INFO  Minecraft: Guild > [VIP] ShredderSeal [M]: lmao my boss is stuck 
11:58:00.566 INFO  Minecraft: Guild > [VIP] ShredderSeal [M]: in a wall 
11:58:04.076 INFO  Minecraft: Guild > ranger4josh joined. 
11:58:45.123 INFO  Minecraft: Guild > TREX2M left. 
11:58:49.120 INFO  Minecraft: Guild > TREX2M joined. 
12:00:17.481 INFO  Minecraft:  
12:00:17.504 INFO  Minecraft: [WATCHDOG ANNOUNCEMENT] 
12:00:17.505 INFO  Minecraft: Watchdog has banned 27,378 players in the last 7 days. 
12:00:17.508 INFO  Minecraft: Staff have banned an additional 15,964 in the last 7 days. 
12:00:17.513 INFO  Minecraft: Blacklisted modifications are a bannable offense! 
12:00:17.515 INFO  Minecraft:  
12:00:37.428 INFO  Minecraft: Guild > 4717 left. 
12:03:10.807 INFO  Minecraft: Guild > Asperitam joined. 
12:04:04.702 INFO  Minecraft: Guild > [MVP+] Asperitam [M]: anyone wanna do f7? 
12:04:16.781 INFO  Minecraft: Guild > [MVP+] Asperitam [M]: or any dungeons? 
12:04:18.299 INFO  Minecraft: Guild > [VIP] ShredderSeal [M]: thats me like 1 month ago 
12:04:31.834 INFO  Minecraft: Guild > [MVP+] Asperitam [M]: i can do master mode but i asked earlier and no one wants to 
12:04:47.107 INFO  Minecraft: Guild > [VIP] ShredderSeal [M]: like 
12:04:57.293 INFO  Minecraft: Guild > [VIP] ShredderSeal [M]: if u ask for dungeons they just gonna ghost u 
12:04:59.411 INFO  Minecraft: Guild > [VIP] ShredderSeal [M]: idk why 
12:05:02.986 INFO  Minecraft: Guild > [MVP+] Asperitam [M]: ye 
12:05:15.122 INFO  Minecraft: Guild > [VIP] ShredderSeal [M]: its like if this guild doesnt like dunsg 
12:05:45.011 INFO  Minecraft: Guild > [VIP] ShredderSeal [M]: i mean 
12:05:55.035 INFO  Minecraft: Guild > [VIP] ShredderSeal [M]: i want to do f7 but im to weak man 
12:06:01.054 INFO  Minecraft: Guild > [VIP] ShredderSeal [M]: need to max some stuff first 
12:06:17.306 INFO  Minecraft: Guild > [VIP] ShredderSeal [M]: thats the reason why i quit dungeons, so i can do more dungeons after 
12:06:36.528 INFO  Minecraft: Guild > [VIP] ShredderSeal [M]: i wish next dungeon floor isnt like catacombd 
12:07:43.251 INFO  Minecraft: Guild > [VIP] ShredderSeal [M]: idk what to spend my 32m on 
12:07:51.716 INFO  Minecraft: Guild > [VIP] ShredderSeal [M]: i wanna get necron cp, but ehh 
12:08:04.259 INFO  Minecraft: Guild > [MVP+] gogyxdash [M]: why is my summoning ring not working 
12:08:05.714 INFO  Minecraft: Guild > [VIP] ShredderSeal [M]: i wanna save more 
12:08:13.568 INFO  Minecraft: Guild > [MVP+] gogyxdash [M]: i have dungeon souls in it but it does nothing on right click 
12:08:14.783 INFO  Minecraft: Guild > [VIP] ShredderSeal [M]: you dont have enough mana 
12:08:35.754 INFO  Minecraft: Guild > [VIP] ShredderSeal [M]: i have reaper scythe and, if i dont have 900 mana, my zombie soldier (MM) is useless 
12:08:58.308 INFO  Minecraft: Guild > [MVP+] gogyxdash [M]: i have 1200 i cna spawn a undead skeleton m1 right 
12:09:03.551 INFO  Minecraft: Guild > [MVP+] gogyxdash [M]: oh i can 
12:09:25.904 INFO  Minecraft: Guild > [VIP] ShredderSeal [M]: then i dunno 
12:09:45.496 INFO  Minecraft: Guild > YoMadaEatingRice joined. 
12:09:48.534 INFO  Minecraft: Guild > [VIP] ShredderSeal [M]: wait 
12:09:58.399 INFO  Minecraft: Guild > [VIP] ShredderSeal [M]: how much mana for m1 undead skell 
12:10:06.589 INFO  Minecraft: Guild > [MVP+] gogyxdash [M]: 840 apperently 
12:10:09.968 INFO  Minecraft: Guild > [MVP+] gogyxdash [M]: but i can only spawn one 
12:10:10.694 INFO  Minecraft: Guild > [VIP] ShredderSeal [M]: what 
12:10:17.153 INFO  Minecraft: Guild > [VIP] ShredderSeal [M]: my zoldier is 904 i think 
12:10:17.630 INFO  Minecraft: Guild > [MVP+] gogyxdash [M]: when i try to spawn 2 it just despawns the first one 
12:10:19.671 INFO  Minecraft: Guild > [VIP] ShredderSeal [M]: 6m hp 
12:10:26.606 INFO  Minecraft: Guild > [VIP] ShredderSeal [M]: yes 
12:10:27.946 INFO  Minecraft: Guild > [VIP] ShredderSeal [M]: bcz 
12:10:32.829 INFO  Minecraft: Guild > [VIP] ShredderSeal [M]: you dont have enough mana 
12:10:33.028 INFO  Minecraft: Guild > [MVP+] gogyxdash [M]: how do i spawn 2 of em 
12:10:41.510 INFO  Minecraft: Guild > [VIP] ShredderSeal [M]: you need like 2k mana 
12:10:43.525 INFO  Minecraft: Guild > [VIP] ShredderSeal [M]: to spawn 2 
12:10:49.992 INFO  Minecraft: Guild > [MVP+] gogyxdash [M]: my mana can recharge tho or do i need like 1400 mana now 
12:10:52.593 INFO  Minecraft: Guild > [VIP] ShredderSeal [M]: or like 1.8k 
12:10:57.002 INFO  Minecraft: Guild > [VIP] ShredderSeal [M]: ye 
12:11:03.806 INFO  Minecraft: Guild > [VIP] ShredderSeal [M]: you need 1.4k mana rn 
12:11:04.522 INFO  Minecraft: Guild > [MVP+] gogyxdash [M]: k lemme get a sheep 
12:11:17.666 INFO  Minecraft: Guild > [VIP] ShredderSeal [M]: storm + sheep 
12:11:21.259 INFO  Minecraft: Guild > [MVP+] ranger4josh [M]: you need to get legion 5 storm 
12:11:24.752 INFO  Minecraft: Guild > [VIP] ShredderSeal [M]: should do the trick 
12:11:29.598 INFO  Minecraft: Guild > [VIP] ShredderSeal [M]: no lmao 
12:11:33.629 INFO  Minecraft: Guild > [VIP] ShredderSeal [M]: just get wisdom 5 storm 
12:11:36.618 INFO  Minecraft: Guild > [VIP] ShredderSeal [M]: with leg sheep 
12:11:56.641 INFO  Minecraft: Guild > [VIP] ShredderSeal [M]: and you should get l;ike 1.8-2.2k mana 
12:12:09.837 INFO  Minecraft: Guild > [VIP] ShredderSeal [M]: oh and swap from a mage weapon 
12:12:12.353 INFO  Minecraft: Guild > [VIP] ShredderSeal [M]: for example 
12:12:14.745 INFO  Minecraft: Guild > [VIP] ShredderSeal [M]: jerry chine 
12:12:37.290 INFO  Minecraft: Guild > [VIP] ShredderSeal [M]: and quickly change to summon ring or reaper scythe while spamming right click 
12:12:59.134 INFO  Minecraft: Guild > [VIP] ShredderSeal [M]: ima go poo 
12:13:00.800 INFO  Minecraft: Guild > [VIP] ShredderSeal [M]: so 
12:13:02.199 INFO  Minecraft: Guild > [VIP] ShredderSeal [M]: gtg 
12:13:04.769 INFO  Minecraft: Guild > [VIP] ShredderSeal [M]: for a min 
12:13:26.204 INFO  Minecraft: Guild > [VIP] ShredderSeal [M]: nvm 
12:15:16.362 INFO  Minecraft: Guild > [MVP+] ranger4josh [M]: lol i cold just buy full storm if i wanted too with the money i have 
12:15:22.329 INFO  Minecraft: Guild > [MVP+] ranger4josh [M]: and then have 3 wither armor sets 
12:18:40.229 INFO  Minecraft: Guild > Hercules_RB joined. 
12:19:31.668 INFO  Minecraft: Guild > [VIP] ShredderSeal [M]: ranger hav u don t2 eman 
12:19:45.436 INFO  Minecraft: Guild > [VIP] ShredderSeal [M]: itz nod dat hrd 
12:20:10.569 INFO  Minecraft: Guild > [VIP] ShredderSeal [M]: yu ned alteast 200k dmeag 
12:22:07.703 INFO  Minecraft: Guild > Asperitam left. 
12:23:46.759 INFO  Minecraft: Guild > LRBenito left. 
12:27:50.288 INFO  Minecraft: Guild > DoggosAreGood joined. 
12:28:00.285 INFO  Minecraft: Guild > LionyLev left. 
12:28:16.241 INFO  Minecraft: Guild > [MVP+] ranger4josh [M]: i cant do tier 2 :( 
12:28:48.296 INFO  Minecraft: Guild > [MVP+] ranger4josh [M]: i only do 150k damage 
12:29:43.380 INFO  Minecraft: Guild > [MVP+] gogyxdash [M]: Kingofsteak what floor of undead is that 
12:29:45.280 INFO  Minecraft: Guild > [MVP+] gogyxdash [M]: wc 
12:29:49.300 INFO  Minecraft: Guild > [MVP+] gogyxdash [M]: lol 
12:29:56.899 INFO  Minecraft: Guild > [MVP+] ranger4josh [M]: !lurk 
12:29:57.287 INFO  Minecraft: Guild > Minikloons [LS]: It seems that ranger4josh is lurking (AFK) now! 
12:29:59.587 INFO  Minecraft: Guild > [VIP] ShredderSeal [M]: thats sad 
12:30:28.528 INFO  Minecraft: Guild > [MVP+] DoggosAreGood [M]: 6 player end lobby who wants it? 
12:30:41.416 INFO  Minecraft: Guild > [VIP+] WitheredRoyal [M]: just made 3m from f4 carries in an hour pog 
12:31:14.297 INFO  Minecraft: Guild > WitheredRoyal left. 
12:31:46.395 INFO  Minecraft: Guild > Micah_W joined. 
12:32:46.968 INFO  Minecraft: Guild > [VIP] ShredderSeal [M]: gonna go ghost again 
12:35:00.674 INFO  Minecraft: Guild > [VIP+] YoMadaEatingRice [M]: !lurk 
12:35:00.946 INFO  Minecraft: Guild > Minikloons [LS]: YoMadaEatingRice may not respond because thay are lurking (AFK). 
12:36:09.703 INFO  Minecraft: Guild > ranger4josh left. 
12:36:35.396 INFO  Minecraft: Guild > WitheredRoyal joined. 
12:37:24.330 INFO  Minecraft: Guild > [VIP+] WitheredRoyal [M]: Carrying for money is pretty cracked ngl 
12:37:40.184 INFO  Minecraft: Guild > [VIP] ShredderSeal [M]: no unless its f7 
12:37:55.021 INFO  Minecraft: Guild > [VIP+] WitheredRoyal [M]: I mean ok then ;-; 
12:38:07.897 INFO  Minecraft: Guild > [VIP] ShredderSeal [M]: watch 
12:38:18.931 INFO  Minecraft: Guild > [VIP] Micah_W [M]: so are qurtz minins good now? 
12:38:30.001 INFO  Minecraft: Guild > [VIP+] WitheredRoyal [M]: They have been for like 2 weeks 
12:38:31.155 INFO  Minecraft: Guild > [VIP] Hercules_RB [M]: yes 
12:38:43.192 INFO  Minecraft: Guild > [VIP] ShredderSeal [M]: when i do more duganz i will be so rusty that ima get 1tapped by an m2 lurker 
12:38:54.977 INFO  Minecraft: Guild > [VIP+] WitheredRoyal [M]: lol 
12:39:00.939 INFO  Minecraft: Guild > [VIP] ShredderSeal [M]: and so clueless on secrets bcz its been months 
12:39:36.301 INFO  Minecraft: Guild > [VIP] ShredderSeal [M]: i love wand of atonement 
12:43:56.851 INFO  Minecraft: Guild > [VIP] Hercules_RB [M]: is it worth the almost 5m it costs? 
12:44:10.593 INFO  Minecraft: Guild > [VIP] ShredderSeal [M]: what? wand of atonement? 
12:44:14.166 INFO  Minecraft: Guild > [VIP] Hercules_RB [M]: yes 
12:44:24.467 INFO  Minecraft: Guild > [VIP] ShredderSeal [M]: no its not, ITS VERY WORTH IT 
12:44:41.799 INFO  Minecraft: Guild > [VIP] ShredderSeal [M]: it saved my live so many times while ghost 
12:44:46.708 INFO  Minecraft: Guild > [VIP] ShredderSeal [M]: bcz i donthave lifesteal 
12:44:48.673 INFO  Minecraft: Guild > [VIP] ShredderSeal [M]: cuz ofa 
12:44:58.836 INFO  Minecraft: Guild > [VIP] Hercules_RB [M]: is ofa soul whip good? 
12:45:04.492 INFO  Minecraft: Guild > [VIP] ShredderSeal [M]: ye 
12:45:12.012 INFO  Minecraft: Guild > [MVP+] gogyxdash [M]: idk why it would be good 
12:45:18.629 INFO  Minecraft: Guild > [MVP+] gogyxdash [M]: the strength isnt multiplied 
12:45:26.033 INFO  Minecraft: Guild > [VIP] Hercules_RB [M]: ofa is the only good enchant 
12:45:41.948 INFO  Minecraft: Guild > [VIP] ShredderSeal [M]: OFA soul whip is good cuz it literally make u do damage before str nerf 
12:46:03.182 INFO  Minecraft: Guild > [VIP] Hercules_RB [M]: maybe I will try that out after ofa prices drop some 
12:46:18.874 INFO  Minecraft: Guild > [VIP] ShredderSeal [M]: dont get an ofa book and put on soul whip 
12:46:24.738 INFO  Minecraft: Guild > [VIP] ShredderSeal [M]: thats not worth 
12:46:35.660 INFO  Minecraft: Guild > [VIP] ShredderSeal [M]: nvm 
12:46:37.775 INFO  Minecraft: Guild > [VIP] ShredderSeal [M]: its 6.5m 
12:46:53.297 INFO  Minecraft: Guild > [VIP] ShredderSeal [M]: 7.5m for sw and 6.5m for ofa 
12:47:17.933 INFO  Minecraft: Guild > [VIP] ShredderSeal [M]: i bought mine for 19m 
12:47:20.955 INFO  Minecraft: Guild > [VIP] ShredderSeal [M]: lol 
12:47:39.142 INFO  Minecraft: Guild > [VIP] Hercules_RB [M]: I already have a sw so I'll probably just buy ofa once it gets to 3-4m 
12:47:47.754 INFO  Minecraft: Guild > [VIP] ShredderSeal [M]: its 6.5m rn 
12:47:55.302 INFO  Minecraft: Guild > [VIP] ShredderSeal [M]: so its not gonna be forever 
12:48:12.008 INFO  Minecraft: Guild > [VIP] ShredderSeal [M]: just wait 2 weeks 
12:50:49.907 INFO  Minecraft: Guild > [VIP] ShredderSeal [M]: lmfao 
12:50:53.184 INFO  Minecraft: Guild > [VIP] ShredderSeal [M]: my hp was at 75 
12:51:00.898 INFO  Minecraft: Guild > [VIP] ShredderSeal [M]: and it gone back to 2025 
12:51:13.681 INFO  Minecraft: Guild > [VIP] ShredderSeal [M]: btw 
12:51:25.035 INFO  Minecraft: Guild > [VIP] ShredderSeal [M]: get uw 5 on WoA 
12:51:44.530 INFO  Minecraft: Guild > [VIP] Hercules_RB [M]: thanks for letting me know 
12:52:02.091 INFO  Minecraft: Guild > yKxshi joined. 
12:54:28.499 INFO  Minecraft: Guild > yKxshi left. 
12:54:30.656 INFO  Minecraft: Guild > yKxshi joined. 
12:55:00.642 INFO  Minecraft: The Traveling Zoo is visiting the SkyBlock Hub! 
12:55:00.650 INFO  Minecraft: CLICK HERE to shop for exotic pets! 
12:55:51.505 INFO  Minecraft: Guild > [VIP] ShredderSeal [M]: ight gonna go back to eslayer 
12:57:38.485 INFO  Minecraft: Guild > yKxshi left. 
12:57:38.982 INFO  Minecraft: Guild > yKxshi joined. 
12:57:47.477 INFO  Minecraft: Guild > LionyLev joined. 
12:58:32.115 INFO  Minecraft: Guild > yKxshi left. 
13:02:59.729 INFO  Minecraft: Guild > Micah_W left. 
13:03:06.331 INFO  Minecraft: Guild > ranger4josh joined. 
13:03:12.418 INFO  Minecraft: Guild > yKxshi joined. 
13:03:51.392 INFO  Minecraft: Guild > [MVP+] ranger4josh [M]: !unlurk 
13:03:51.794 INFO  Minecraft: Guild > Minikloons [LS]: ranger4josh is no longer lurking (AFK)! 
13:04:06.442 INFO  Minecraft: Guild > [VIP] ShredderSeal [M]: ranger do u want a carry 
13:04:08.242 INFO  Minecraft: Guild > [VIP] ShredderSeal [M]: on t2 
13:04:20.000 INFO  Minecraft: Guild > [VIP] ShredderSeal [M]: or not really carry 
13:04:22.969 INFO  Minecraft: Guild > [VIP] ShredderSeal [M]: help 
13:04:26.201 INFO  Minecraft: Guild > [VIP] ShredderSeal [M]: that\ 
13:04:31.899 INFO  Minecraft: Guild > [MVP+] yKxshi [M]: maxed drill on my ah 
13:04:45.869 INFO  Minecraft: Guild > [MVP+] ranger4josh [M]: ive gtg atm 
13:04:54.343 INFO  Minecraft: Guild > yKxshi left. 
13:04:55.462 INFO  Minecraft: Guild > yKxshi joined. 
13:06:38.628 INFO  Minecraft: Guild > yKxshi left. 
13:06:40.581 INFO  Minecraft: Guild > yKxshi joined. 
13:08:25.529 INFO  Minecraft: Guild > Micah_W joined. 
13:10:27.452 INFO  Minecraft: Guild > [MVP+] yKxshi [M]: i never hated watchdog so much in my life than now 
13:10:28.278 INFO  Minecraft: Guild > LionyLev left. 
13:10:34.292 INFO  Minecraft: Guild > LionyLev joined. 
13:11:33.834 INFO  Minecraft: Guild > LRBenito joined. 
13:11:57.661 INFO  Minecraft: Guild > [VIP+] WitheredRoyal [M]: Guys omg leg giraffe pet at oringo 
13:12:10.673 INFO  Minecraft: Guild > Micah_W left. 
13:12:14.005 INFO  Minecraft: Guild > [VIP] LRBenito [M]: finally 
13:12:17.398 INFO  Minecraft: Guild > [VIP] LRBenito [M]: i can get an elephant 
13:12:46.869 INFO  Minecraft: Guild > DoggosAreGood left. 
13:13:58.870 INFO  Minecraft: Guild > TREX2M left. 
13:14:27.391 INFO  Minecraft: Guild > DoggosAreGood joined. 
13:20:17.810 INFO  Minecraft: Guild > ranger4josh left. 
13:21:10.873 INFO  Minecraft: Guild > YoMadaEatingRice left. 
13:25:18.315 INFO  Minecraft: Guild > LionyLev left. 
13:25:28.338 INFO  Minecraft: Guild > DoggosAreGood left. 
13:25:34.436 INFO  Minecraft: Guild > DoggosAreGood joined. 
13:25:55.416 INFO  Minecraft: Guild > DoggosAreGood left. 
13:26:40.457 INFO  Minecraft: Guild > yKxshi left. 
13:27:10.418 INFO  Minecraft: Guild > DoggosAreGood joined. 
13:32:18.825 INFO  Minecraft: Guild > DoggosAreGood left. 
13:33:04.908 INFO  Minecraft: Guild > DoggosAreGood joined. 
13:34:10.598 INFO  Minecraft: Guild > WitheredRoyal left. 
13:38:52.771 INFO  Minecraft: Guild > [VIP] ShredderSeal [M]: monkeyes 
13:39:08.310 INFO  Minecraft: Guild > Pizzas_faces joined. 
13:39:49.006 INFO  Minecraft: Guild > [VIP] ShredderSeal [M]: 20 hours 
13:39:49.360 INFO  Minecraft: Guild > Pizzas_faces left. 
13:41:22.529 INFO  Minecraft: Guild > Pizzas_faces joined. 
13:41:45.521 INFO  Minecraft: Guild > BamBoozledMC left. 
13:43:42.559 INFO  Minecraft: Guild > coozky joined. 
13:47:15.585 INFO  Minecraft: Guild > coozky left. 
13:56:14.813 INFO  Minecraft: Guild > Hercules_RB left. 
14:00:17.768 INFO  Minecraft:  
14:00:17.813 INFO  Minecraft: [WATCHDOG ANNOUNCEMENT] 
14:00:17.816 INFO  Minecraft: Watchdog has banned 27,451 players in the last 7 days. 
14:00:17.821 INFO  Minecraft: Staff have banned an additional 16,044 in the last 7 days. 
14:00:17.822 INFO  Minecraft: Blacklisted modifications are a bannable offense! 
14:00:17.824 INFO  Minecraft:  
14:02:16.920 INFO  Minecraft: Guild > SirTappy joined. 
14:02:22.852 INFO  Minecraft: Guild > SirTappy left. 
14:02:26.726 INFO  Minecraft: Guild > SirTappy joined. 
14:03:59.093 INFO  Minecraft: Guild > SirTappy left. 
14:11:25.618 INFO  Minecraft: Guild > SirTappy joined. 
14:13:02.852 INFO  Minecraft: Guild > DoggosAreGood left. 
14:13:19.953 INFO  Minecraft: Guild > SirTappy left. 
14:25:43.732 INFO  Minecraft: Guild > YoMadaEatingRice joined. 
14:28:20.575 INFO  Discord: [💬→︱guild-chat] LS | SnowedSeal: guys 
14:28:21.143 INFO  Minecraft: Guild > Minikloons [LS]: LS| SnowedSeal» guys 
14:28:24.496 INFO  Minecraft: Guild > [VIP] ShredderSeal [M]: wot 
14:28:33.150 INFO  Minecraft: Guild > [VIP] ShredderSeal [M]: snowed 
14:28:36.392 INFO  Minecraft: Guild > [VIP] ShredderSeal [M]: hav u don t2 
14:29:25.162 INFO  Discord: [💬→︱guild-chat] LS | SnowedSeal: what 
14:29:25.407 INFO  Minecraft: Guild > Minikloons [LS]: LS| SnowedSeal» what 
14:29:25.421 INFO  Discord: [💬→︱guild-chat] LS | SnowedSeal: no 
14:29:25.670 INFO  Minecraft: Guild > Minikloons [LS]: LS| SnowedSeal» no 
14:29:27.172 INFO  Discord: [💬→︱guild-chat] LS | SnowedSeal: also 
14:29:27.419 INFO  Minecraft: You cannot say the same message twice! 
14:29:29.172 INFO  Discord: [💬→︱guild-chat] LS | SnowedSeal: has new years thing 
14:29:29.405 INFO  Minecraft: Guild > Minikloons [LS]: LS| SnowedSeal» has new years thing 
14:29:30.197 INFO  Discord: [💬→︱guild-chat] LS | SnowedSeal: came 
14:29:30.442 INFO  Minecraft: Guild > Minikloons [LS]: LS| SnowedSeal» came 
14:29:30.823 INFO  Minecraft: Guild > [VIP] ShredderSeal [M]: OMG 
14:29:34.375 INFO  Minecraft: Guild > [VIP] ShredderSeal [M]: AHHH 
14:29:35.183 INFO  Discord: [💬→︱guild-chat] LS | SnowedSeal: wjat 
14:29:35.591 INFO  Minecraft: Guild > Minikloons [LS]: LS| SnowedSeal» wjat 
14:29:41.172 INFO  Minecraft: Guild > [VIP] ShredderSeal [M]: I WAS CHASHED BY T4 MINIBOSS 
14:29:43.236 INFO  Discord: [💬→︱guild-chat] LS | SnowedSeal: not new years* 
14:29:43.473 INFO  Minecraft: Guild > Minikloons [LS]: LS| SnowedSeal» not new years* 
14:29:44.631 INFO  Discord: [💬→︱guild-chat] LS | SnowedSeal: LMFAO 
14:29:45.202 INFO  Minecraft: Guild > Minikloons [LS]: LS| SnowedSeal» LMFAO 
14:29:46.181 INFO  Discord: [💬→︱guild-chat] LS | SnowedSeal: LMFAOO 
14:29:46.424 INFO  Minecraft: You cannot say the same message twice! 
14:30:06.607 INFO  Minecraft: Guild > [VIP] ShredderSeal [M]: aaand i despawned my monster 
14:30:09.200 INFO  Minecraft: Guild > [VIP+] YoMadaEatingRice [M]: party time? 
14:30:29.470 INFO  Minecraft: Guild > [VIP] ShredderSeal [M]: party time was canceled 
14:30:34.360 INFO  Discord: [💬→︱guild-chat] LS | SnowedSeal: what party time? 
14:30:34.624 INFO  Minecraft: Guild > Minikloons [LS]: LS| SnowedSeal» what party time? 
14:30:34.638 INFO  Minecraft: Guild > [VIP+] YoMadaEatingRice [M]: yea 
14:30:42.416 INFO  Minecraft: Guild > [VIP+] YoMadaEatingRice [M]: anniversary 
14:30:46.423 INFO  Discord: [💬→︱guild-chat] LS | SnowedSeal: o 
14:30:46.666 INFO  Minecraft: Guild > Minikloons [LS]: LS| SnowedSeal» o 
14:30:47.439 INFO  Minecraft: Guild > [VIP+] YoMadaEatingRice [M]: for skyblock 
14:31:01.458 INFO  Minecraft: Guild > SirTappy joined. 
14:37:38.713 INFO  Minecraft: Guild > SirTappy left. 
14:40:51.154 INFO  Minecraft: Guild > [VIP] ShredderSeal [M]: 2 more bosses till eslayer 3 
14:42:09.828 INFO  Minecraft: Guild > MangosteenConan joined. 
14:45:11.475 INFO  Minecraft: Guild > YoMadaEatingRice left. 
14:46:03.687 INFO  Minecraft: Guild > MangosteenConan left. 
14:52:25.352 INFO  Minecraft: Guild > [VIP] ShredderSeal [M]: yoooo 
14:52:29.663 INFO  Minecraft: Guild > [VIP] ShredderSeal [M]: enderman slayer 3 
14:52:35.099 INFO  Minecraft: Guild > [VIP] ShredderSeal [M]: with doing t2s 
15:00:04.991 INFO  Minecraft: [SkyBlock] [VIP+] JoeyVonOtto is visiting Your Island! 
15:00:30.634 INFO  Minecraft: Guild > Hercules_RB joined. 
15:01:56.161 INFO  Minecraft: Guild > [MVP+] gogyxdash [M]: fot is only like 3.5m not far 
15:01:58.953 INFO  Minecraft: Guild > [MVP+] gogyxdash [M]: wc 
15:02:01.007 INFO  Minecraft: Guild > [VIP] ShredderSeal [M]: LMAFO 
15:02:08.550 INFO  Minecraft: Guild > [VIP] ShredderSeal [M]: ok the katanas are fun 
15:08:33.340 INFO  Minecraft: Guild > SirTappy joined. 
15:11:48.783 INFO  Minecraft: Guild > Hercules_RB left. 
15:13:53.773 INFO  Minecraft: Guild > SirTappy left. 
15:14:00.678 INFO  Minecraft: Guild > LRBenito left. 
15:17:49.200 INFO  Minecraft: Guild > Pizzas_faces left. 
15:26:42.029 INFO  Minecraft: Guild > ranger4josh joined. 
15:26:54.089 INFO  Minecraft: Guild > SirTappy joined. 
15:26:57.105 INFO  Minecraft: Guild > SirTappy left. 
15:30:12.651 INFO  Minecraft: Guild > [VIP] ShredderSeal [M]: i use 2/4 necron, zknight, reaper mask (all ancient) fabled ofa reaper scythe, wand of atonement with uw5, voidedge katana for hitshields 
15:30:25.488 INFO  Minecraft: Guild > [VIP] ShredderSeal [M]: and i managed to beat a t2 
15:30:28.790 INFO  Minecraft: Guild > [VIP] ShredderSeal [M]: somehow 
15:30:34.643 INFO  Minecraft: Guild > [VIP] ShredderSeal [M]: and not just oce 
15:30:36.590 INFO  Minecraft: Guild > [VIP] ShredderSeal [M]: once 
15:33:54.823 INFO  Minecraft: Guild > [MVP+] ranger4josh [M]: ??? 
15:33:59.394 INFO  Minecraft: Guild > SirTappy joined. 
15:34:08.462 INFO  Minecraft: Guild > SirTappy left. 
15:34:28.876 INFO  Minecraft: Guild > [MVP+] ranger4josh [M]: i do less damage with hpb ofa fabled emerald blade than a non hpb one 
15:34:37.840 INFO  Minecraft: Guild > [VIP] ShredderSeal [M]: gg 
15:36:51.777 INFO  Minecraft: Guild > [VIP] ShredderSeal [M]: lmao 
15:36:54.208 INFO  Minecraft: Guild > [VIP] ShredderSeal [M]: theres no way 
15:37:01.709 INFO  Minecraft: Guild > [VIP] ShredderSeal [M]: i just killed a t2 with a tiger pet 
15:37:12.276 INFO  Minecraft: Guild > [VIP] ShredderSeal [M]: uhh 
15:37:14.401 INFO  Minecraft: Guild > [VIP] ShredderSeal [M]: so... 
15:40:07.096 INFO  Minecraft: Guild > SirTappy joined. 
15:40:09.062 INFO  Minecraft: Guild > SirTappy left. 
15:46:12.431 INFO  Minecraft: Guild > [VIP] ShredderSeal [M]: wtf 
15:46:24.439 INFO  Minecraft: Guild > [VIP] ShredderSeal [M]: why does NEU says "until cata 51" 
15:46:33.154 INFO  Minecraft: Guild > [VIP] ShredderSeal [M]: cata 60 confirmed??!?!?!?!/ 
15:50:42.144 INFO  Minecraft: Guild > [MVP+] ranger4josh [M]: up 
15:50:43.777 INFO  Minecraft: Guild > SirTappy joined. 
15:50:44.066 INFO  Minecraft: Guild > [MVP+] ranger4josh [M]: wc 
15:52:50.802 INFO  Minecraft: Guild > SirTappy left. 
16:00:17.934 INFO  Minecraft:  
16:00:17.953 INFO  Minecraft: [WATCHDOG ANNOUNCEMENT] 
16:00:17.955 INFO  Minecraft: Watchdog has banned 27,475 players in the last 7 days. 
16:00:17.957 INFO  Minecraft: Staff have banned an additional 15,900 in the last 7 days. 
16:00:17.959 INFO  Minecraft: Blacklisted modifications are a bannable offense! 
16:00:17.960 INFO  Minecraft:  
16:05:54.054 INFO  Minecraft: Guild > ranger4josh left. 
16:21:36.226 INFO  Minecraft: Guild > [VIP] ShredderSeal [M]: guys 
16:21:40.285 INFO  Minecraft: Guild > [VIP] ShredderSeal [M]: frick im bored 
16:21:53.838 INFO  Minecraft: Guild > [VIP] ShredderSeal [M]: i've done so many ghost grinding 
16:22:04.811 INFO  Minecraft: Guild > [VIP] ShredderSeal [M]: and a few t2s eman that now im bored 
16:49:37.859 INFO  Minecraft: Guild > [VIP] ShredderSeal [M]: sad 
16:49:41.979 INFO  Minecraft: Guild > [VIP] ShredderSeal [M]: i almost killed it 
16:51:50.010 INFO  Minecraft: Guild > OwOPingu joined. 
16:52:13.043 INFO  Minecraft: Guild > YoMadaEatingRice joined. 
17:06:38.419 INFO  Minecraft: Guild > OwOPingu left. 
17:08:59.530 INFO  Minecraft: Guild > OwOPingu joined. 
17:13:05.796 INFO  Minecraft: Guild > OwOPingu left. 
17:13:12.516 INFO  Minecraft: Guild > Za1bot joined. 
17:16:54.808 INFO  Minecraft: Guild > ranger4josh joined. 
17:20:33.245 INFO  Minecraft: Guild > OwOPingu joined. 
17:20:34.895 INFO  Minecraft: Guild > OwOPingu left. 
17:21:20.086 INFO  Minecraft: Guild > [MVP+] ranger4josh [M]: omg i just did the best thing ever 
17:21:24.528 INFO  Minecraft: Guild > [VIP] ShredderSeal [M]: ? 
17:21:30.593 INFO  Minecraft: Guild > [MVP+] ranger4josh [M]: some kid was being super toxic to everyone insulting their mums 
17:21:38.607 INFO  Minecraft: Guild > [VIP] ShredderSeal [M]: then? 
17:21:38.615 INFO  Minecraft: Guild > [MVP+] ranger4josh [M]: then i pretended my mum was dead 
17:21:53.686 INFO  Minecraft: Guild > [MVP+] ranger4josh [M]: he then insulted her and everyone in the lobby immediatly started hating on the dude 
17:22:04.129 INFO  Minecraft: Guild > [VIP] ShredderSeal [M]: lmao 
17:22:14.775 INFO  Minecraft: Guild > [MVP+] ranger4josh [M]: like not to say he didnt deserve it 
17:22:27.991 INFO  Minecraft: Guild > [VIP] ShredderSeal [M]: ranger do u need help on t2s 
17:22:32.330 INFO  Minecraft: Guild > [MVP+] ranger4josh [M]: yeah 
17:22:32.798 INFO  Minecraft: Guild > [VIP] ShredderSeal [M]: i could give tips 
17:22:44.814 INFO  Minecraft: Guild > [MVP+] ranger4josh [M]: it hurt i saw a dude in sa do a tier 2 
17:23:02.419 INFO  Minecraft: Guild > [VIP] ShredderSeal [M]: ok what weapon u use? if its an emblade, how much coins? 
17:23:12.018 INFO  Minecraft: Guild > [MVP+] ranger4josh [M]: em blade hpb, 32m 
17:23:22.283 INFO  Minecraft: Guild > ShredderSeal left. 
17:23:26.489 INFO  Minecraft: Guild > ShredderSeal joined. 
17:23:38.072 INFO  Minecraft: Guild > [VIP] ShredderSeal [M]: what weapon u have 
17:23:55.200 INFO  Minecraft: Guild > [MVP+] ranger4josh [M]: emerald blade, full hpb with 32m 
17:24:00.337 INFO  Minecraft: Guild > [VIP] ShredderSeal [M]: hmm 
17:24:14.247 INFO  Minecraft: Guild > [VIP] ShredderSeal [M]: i would suggest reaper scythe because it does better damage but ok 
17:24:20.446 INFO  Minecraft: Guild > [VIP] ShredderSeal [M]: alright, what pet? 
17:24:26.043 INFO  Minecraft: Guild > [MVP+] ranger4josh [M]: it doesnt 
17:24:29.156 INFO  Minecraft: Guild > [MVP+] ranger4josh [M]: i looked 
17:24:32.440 INFO  Minecraft: Guild > [MVP+] ranger4josh [M]: my one does same damage 
17:24:50.190 INFO  Minecraft: Guild > [VIP] ShredderSeal [M]: well its mythic and you dont really need to carry ur purse but ok 
17:24:52.123 INFO  Minecraft: Guild > [VIP] ShredderSeal [M]: what pet? 
17:25:02.179 INFO  Minecraft: Guild > [MVP+] ranger4josh [M]: whale or tiger 
17:25:08.171 INFO  Minecraft: Guild > [VIP] ShredderSeal [M]: use whale 
17:25:09.641 INFO  Minecraft: Guild > [VIP] ShredderSeal [M]: alright 
17:25:25.921 INFO  Minecraft: Guild > [VIP] ShredderSeal [M]: for helmet, if you're struggling, use reaper maska 
17:25:33.314 INFO  Minecraft: Guild > [MVP+] ranger4josh [M]: i already do 
17:25:47.386 INFO  Minecraft: Guild > [VIP] ShredderSeal [M]: and try to use your voidedge katana efficiently 
17:25:54.275 INFO  Minecraft: Guild > [VIP] ShredderSeal [M]: do you have healing wands? 
17:26:03.226 INFO  Minecraft: Guild > [MVP+] ranger4josh [M]: i have wand of healing 
17:26:11.288 INFO  Minecraft: Guild > [VIP] ShredderSeal [M]: what level? 
17:26:19.360 INFO  Minecraft: Guild > [MVP+] ranger4josh [M]: ?? 
17:26:23.867 INFO  Minecraft: Guild > [MVP+] ranger4josh [M]: its just called wand of healing 
17:26:30.161 INFO  Minecraft: Guild > [VIP] ShredderSeal [M]: hmm 
17:26:43.700 INFO  Minecraft: Guild > [MVP+] ranger4josh [M]: does 120 hearts per minute with reaper mask 
17:26:53.223 INFO  Minecraft: Guild > [VIP] ShredderSeal [M]: try getting Wand of restoration or wand of atonement 
17:26:53.410 INFO  Minecraft: Guild > [MVP+] ranger4josh [M]: second 
17:27:05.235 INFO  Minecraft: Guild > [VIP+] YoMadaEatingRice [M]: speaking about wands 
17:27:13.341 INFO  Minecraft: Guild > [VIP+] YoMadaEatingRice [M]: should i replace my florid with one? 
17:27:32.816 INFO  Minecraft: Guild > [VIP] ShredderSeal [M]: well no, unless youre replacing with ultimate wise 5 wandof atonement 
17:28:00.386 INFO  Minecraft: Guild > [VIP] ShredderSeal [M]: i heal about 1600 hp/7s 
17:28:05.344 INFO  Minecraft: Guild > [VIP] ShredderSeal [M]: and 340/s 
17:28:09.620 INFO  Minecraft: Guild > [VIP] ShredderSeal [M]: with reaper mask 
17:28:27.356 INFO  Minecraft: Guild > OwOPingu joined. 
17:28:30.640 INFO  Minecraft: Guild > [MVP+] ranger4josh [M]: i personally dont use voidedge katana 
17:28:33.729 INFO  Minecraft: Guild > [VIP] ShredderSeal [M]: ok it might be more per 7s 
17:28:35.457 INFO  Minecraft: Guild > [MVP+] ranger4josh [M]: i use the venom touch 
17:28:42.066 INFO  Minecraft: Guild > [MVP+] ranger4josh [M]: as it does 5 hits per shot 
17:28:45.407 INFO  Minecraft: Guild > [VIP] ShredderSeal [M]: oh one more thing 
17:29:26.533 INFO  Minecraft: Guild > [VIP+] YoMadaEatingRice [M]: well ig im gonna get a wand then 
17:29:44.534 INFO  Minecraft: Guild > [VIP] ShredderSeal [M]: the other reason why i said "you might want reaper scythe" is because necromancy is very good and gonna help you a ton 
17:29:45.753 INFO  Minecraft: Guild > [MVP+] Za1bot [M]: only the wand of atonemen t is worth 
17:29:50.051 INFO  Minecraft: Guild > [MVP+] Za1bot [M]: the others suck 
17:29:55.207 INFO  Minecraft: Guild > [VIP+] YoMadaEatingRice [M]: yea ik 
17:30:00.555 INFO  Minecraft: Guild > [VIP+] YoMadaEatingRice [M]: im gonna get 1 
17:30:09.124 INFO  Minecraft: Guild > [VIP] ShredderSeal [M]: well no, wand of restoration is pretty decent, but atonement is very good 
17:30:21.094 INFO  Minecraft: Guild > [VIP] ShredderSeal [M]: #WoAGang 
17:30:55.960 INFO  Minecraft: Guild > [VIP] ShredderSeal [M]: i could try to help you get a completion ranger 
17:31:50.896 INFO  Minecraft: Guild > [VIP] ShredderSeal [M]: oh and the reason you want voidedge is because the ability 
17:31:58.941 INFO  Minecraft: Guild > [MVP+] ranger4josh [M]: i know 
17:32:09.686 INFO  Minecraft: Guild > [VIP] ShredderSeal [M]: just incase 
17:32:27.944 INFO  Minecraft: Guild > [VIP] ShredderSeal [M]: oh 
17:32:32.708 INFO  Minecraft: Guild > [VIP] ShredderSeal [M]: 998 soulflows 
17:33:13.794 INFO  Minecraft: Guild > [VIP+] YoMadaEatingRice [M]: also 
17:33:20.776 INFO  Minecraft: Guild > [VIP] ShredderSeal [M]: mhm? 
17:33:22.827 INFO  Minecraft: Guild > [VIP+] YoMadaEatingRice [M]: is aots and valk swapping still a thing? 
17:33:26.777 INFO  Minecraft: Guild > [VIP] ShredderSeal [M]: yes 
17:33:43.273 INFO  Minecraft: Guild > [VIP] ShredderSeal [M]: if it was patched 
17:34:06.932 INFO  Minecraft: Guild > [VIP] ShredderSeal [M]: katana swapping wouldnt exist 
17:34:44.426 INFO  Minecraft: Guild > [VIP+] YoMadaEatingRice [M]: well i can probably get an aots then 
17:35:10.746 INFO  Minecraft: Guild > OwOPingu left. 
17:37:53.759 INFO  Minecraft: Guild > Za1bot left. 
17:45:06.948 INFO  Minecraft: Guild > [VIP] ShredderSeal [M]: 994 more exp til eslayer 4 
17:46:13.093 INFO  Minecraft: Guild > [MVP+] ranger4josh [M]: ok i an do it 
17:46:21.087 INFO  Minecraft: Guild > [MVP+] ranger4josh [M]: i just need to remember beacons 
17:46:28.637 INFO  Minecraft: Guild > [VIP] ShredderSeal [M]: nice 
17:46:38.930 INFO  Minecraft: Guild > [VIP] ShredderSeal [M]: get a module 
17:46:40.200 INFO  Minecraft: Guild > [VIP] ShredderSeal [M]: from ct 
17:46:43.725 INFO  Minecraft: Guild > [VIP] ShredderSeal [M]: called soopyaddons 
17:46:49.168 INFO  Minecraft: Guild > [VIP] ShredderSeal [M]: or get 
17:46:53.280 INFO  Minecraft: Guild > [MVP+] ranger4josh [M]: i got it down to 4m hp then died from beacon 
17:46:53.485 INFO  Minecraft: Guild > [VIP] ShredderSeal [M]: sbe 
17:47:02.310 INFO  Minecraft: Guild > [VIP] ShredderSeal [M]: nice 
17:47:06.909 INFO  Minecraft: Guild > [VIP] ShredderSeal [M]: that one time 
17:47:10.880 INFO  Minecraft: Guild > [VIP] ShredderSeal [M]: i got it down to 400k 
17:47:12.446 INFO  Minecraft: Guild > [VIP] ShredderSeal [M]: and died 
17:47:13.948 INFO  Minecraft: Guild > [MVP+] ranger4josh [M]: welp im going to do some valorant 
17:47:17.475 INFO  Minecraft: Guild > ranger4josh left. 
17:47:33.608 INFO  Minecraft: Guild > [VIP] ShredderSeal [M]: and idfk why i died and i yet still dont know how 
17:49:20.425 INFO  Minecraft: Guild > [VIP+] YoMadaEatingRice [M]: mm 
17:49:24.910 INFO  Minecraft: Guild > [VIP+] YoMadaEatingRice [M]: bugged chunk 
17:56:20.043 INFO  Minecraft: Guild > [VIP] ShredderSeal [M]: poggers 
17:56:23.845 INFO  Minecraft: Guild > [VIP] ShredderSeal [M]: that was so clutch 
17:56:41.891 INFO  Minecraft: Guild > [VIP] ShredderSeal [M]: the boss died when it was 1 sec left till beacon explode and i died 
17:56:47.426 INFO  Minecraft: Guild > [VIP] ShredderSeal [M]: like i cant find the beacon 
17:56:53.280 INFO  Minecraft: Guild > [VIP] ShredderSeal [M]: and my zombie soldier killed it 
17:57:18.039 INFO  Minecraft: Guild > [VIP+] YoMadaEatingRice [M]: what tier was the boss? 
17:57:21.850 INFO  Minecraft: Guild > [VIP] ShredderSeal [M]: 2 
17:57:26.080 INFO  Minecraft: Guild > [VIP] ShredderSeal [M]: not 3 yet 
17:57:32.028 INFO  Minecraft: Guild > [VIP] ShredderSeal [M]: i get 1 tap bcz idk 
17:57:38.058 INFO  Minecraft: Guild > [VIP] ShredderSeal [M]: prob bcz i have 1.1k defense 
17:58:24.251 INFO  Minecraft: Guild > [VIP+] YoMadaEatingRice [M]: im just making art rn 
18:00:18.111 INFO  Minecraft:  
18:00:18.129 INFO  Minecraft: [WATCHDOG ANNOUNCEMENT] 
18:00:18.131 INFO  Minecraft: Watchdog has banned 27,512 players in the last 7 days. 
18:00:18.133 INFO  Minecraft: Staff have banned an additional 15,889 in the last 7 days. 
18:00:18.137 INFO  Minecraft: Blacklisted modifications are a bannable offense! 
18:00:18.139 INFO  Minecraft:  
18:00:25.221 INFO  Minecraft: Guild > [VIP] ShredderSeal [M]: dude wtf 
18:00:33.026 INFO  Minecraft: Guild > [VIP] ShredderSeal [M]: i thought i was using defrosted 
18:00:41.013 INFO  Minecraft: Guild > [VIP] ShredderSeal [M]: no, i was using amethyst 
18:08:05.857 INFO  Minecraft: Guild > [VIP] ShredderSeal [M]: yo i just got a summoning eye from a t2 
18:08:17.526 INFO  Minecraft: Guild > [VIP+] YoMadaEatingRice [M]: gg 
18:28:26.113 INFO  Minecraft: Guild > [VIP] ShredderSeal [M]: wtf 
18:28:29.396 INFO  Minecraft: Guild > [VIP+] YoMadaEatingRice [M]: oh i just realised 
18:28:34.146 INFO  Minecraft: Guild > [VIP] ShredderSeal [M]: i hit beacon then it doesnt break?!?!?!?!//q 
18:28:37.382 INFO  Minecraft: Guild > [VIP] ShredderSeal [M]: this game 
18:28:44.455 INFO  Minecraft: Guild > [VIP] ShredderSeal [M]: im done 
18:28:44.966 INFO  Minecraft: Guild > [VIP+] YoMadaEatingRice [M]: the pig shrine is gone 
18:28:51.969 INFO  Minecraft: Guild > [VIP] ShredderSeal [M]: i died 3 times in a row 
18:29:03.382 INFO  Minecraft: Guild > [VIP] ShredderSeal [M]: bcz of the stupid beacon 
18:29:25.414 INFO  Minecraft: Guild > [VIP] ShredderSeal [M]: well uhm 
18:29:30.399 INFO  Minecraft: Guild > [VIP] ShredderSeal [M]: well 
18:35:13.010 INFO  Minecraft: Guild > ShredderSeal left. 
18:36:29.934 INFO  Minecraft: Guild > ShredderSeal joined. 
18:36:45.959 INFO  Minecraft: Guild > [VIP] ShredderSeal [M]: uhm 
18:49:46.863 INFO  Minecraft: [Important] This server will restart soon: Scheduled Reboot 
18:49:46.887 INFO  Minecraft: You have 60 seconds to warp out! CLICK to warp now! 
18:50:45.157 INFO  Minecraft: Evacuating to Hub... 
18:50:45.265 INFO  Minecraft: Sending to server mini697W... 
18:50:45.318 INFO  Logged in. 
18:50:46.142 INFO  Minecraft:         
18:50:50.320 INFO  Sending to skyblock. 
18:50:51.148 INFO  Minecraft: You are playing on profile: Zucchini (Co-op) 
18:50:52.206 INFO  Minecraft: ALLOWANCE! You earned 50,000 coins! 
18:50:52.643 INFO  Minecraft: You are already playing SkyBlock! 
18:50:55.653 INFO  Minecraft: Warping you to your SkyBlock island... 
18:50:55.859 INFO  Minecraft: Sending to server mini6A... 
18:50:55.994 INFO  Logged in. 
18:50:56.506 INFO  Minecraft:         
18:51:01.008 INFO  Sending to skyblock. 
18:51:01.021 INFO  Minecraft: You are playing on profile: Zucchini (Co-op) 
18:51:01.433 INFO  Minecraft: You are already playing SkyBlock! 
18:51:06.372 INFO  Minecraft: You're already sitting on this island! 
18:57:26.026 INFO  Minecraft: Guild > UnknownShadow124 joined. 
19:09:41.063 INFO  Minecraft: Guild > YoMadaEatingRice left. 
19:10:29.562 INFO  Minecraft: [Important] This server will restart soon: Scheduled Reboot 
19:10:29.636 INFO  Minecraft: You have 60 seconds to warp out! CLICK to warp now! 
19:11:27.548 INFO  Minecraft: Evacuating to Hub... 
19:11:27.665 INFO  Minecraft: Sending to server mini60K... 
19:11:27.788 INFO  Logged in. 
19:11:29.015 INFO  Minecraft:         
19:11:31.248 INFO  Minecraft: Max4031: someone plz 
19:11:32.943 INFO  Sending to skyblock. 
19:11:34.236 INFO  Minecraft: You are playing on profile: Zucchini (Co-op) 
19:11:35.808 INFO  Minecraft: You are already playing SkyBlock! 
19:11:38.388 INFO  Minecraft: Warping you to your SkyBlock island... 
19:11:38.586 INFO  Minecraft: Sending to server mini123H... 
19:11:38.720 INFO  Logged in. 
19:11:39.318 INFO  Minecraft:         
19:11:43.768 INFO  Sending to skyblock. 
19:11:43.797 INFO  Minecraft: You are playing on profile: Zucchini (Co-op) 
19:11:44.673 INFO  Minecraft: You are already playing SkyBlock! 
19:11:49.375 INFO  Minecraft: You're already sitting on this island! 
19:14:42.622 INFO  Minecraft: Guild > [VIP] ShredderSeal [M]: cane contest 30s 
19:15:31.710 INFO  Minecraft: Guild > UnknowAccount joined. 
19:35:09.893 INFO  Minecraft: Guild > [VIP] ShredderSeal [M]: YES 
19:35:10.309 INFO  Minecraft: Guild > [VIP] ShredderSeal [M]: SILVER 
19:35:12.783 INFO  Minecraft: Guild > [VIP] ShredderSeal [M]: FINALLY 
19:35:26.212 INFO  Minecraft: Guild > [VIP] ShredderSeal [M]: Silver in sugar cane without infi farm or diamond hoe 
19:35:30.812 INFO  Minecraft: Guild > [VIP] ShredderSeal [M]: t3* 
19:39:15.016 INFO  Minecraft: Guild > UnknownShadow124 left. 
19:39:56.259 INFO  Minecraft: Guild > coozky joined. 
19:40:09.014 INFO  Minecraft: Guild > [VIP] ShredderSeal [M]: turbo cane 5 nice 
19:40:12.152 INFO  Minecraft: Guild > [MVP+] coozky [M]: gg 
19:41:17.308 INFO  Minecraft: Guild > UnknownShadow124 joined. 
19:44:00.553 INFO  Minecraft: Guild > ranger4josh joined. 
19:47:34.879 INFO  Minecraft: Guild > [VIP] ShredderSeal [M]: builder's wand achieved again 
19:49:53.099 INFO  Minecraft: Guild > UnknowAccount left. 
19:50:34.644 INFO  Minecraft: Guild > LexaIsMommy left. 
19:58:54.931 INFO  Minecraft: Guild > ranger4josh left. 
20:00:18.541 INFO  Minecraft:  
20:00:18.567 INFO  Minecraft: [WATCHDOG ANNOUNCEMENT] 
20:00:18.569 INFO  Minecraft: Watchdog has banned 27,509 players in the last 7 days. 
20:00:18.570 INFO  Minecraft: Staff have banned an additional 15,943 in the last 7 days. 
20:00:18.572 INFO  Minecraft: Blacklisted modifications are a bannable offense! 
20:00:18.575 INFO  Minecraft:  
20:03:35.870 INFO  Minecraft: Guild > YoMadaEatingRice joined. 
20:06:08.019 INFO  Minecraft: Guild > UnknownShadow124 left. 
20:17:54.967 INFO  Minecraft: Guild > BamBoozledMC joined. 
20:18:17.006 INFO  Minecraft: BamBoozledMC joined SkyBlock. 
20:18:26.236 INFO  Minecraft: BamBoozledMC left SkyBlock. 
20:19:07.658 INFO  Minecraft: BamBoozledMC joined SkyBlock. 
20:19:08.234 INFO  Minecraft: BamBoozledMC left SkyBlock. 
20:19:11.222 INFO  Minecraft: BamBoozledMC joined SkyBlock. 
20:21:46.656 INFO  Minecraft: ----------------------------------------------------- 
20:21:46.682 INFO  Minecraft: [MVP+] BamBoozledMC created a BIN auction for Clean Zombie Soldier Boots at 200,000 coins! 
20:21:46.684 INFO  Minecraft: ----------------------------------------------------- 
20:22:56.882 INFO  Minecraft: Guild > BamBoozledMC left. 
20:23:04.799 INFO  Minecraft: Guild > BamBoozledMC joined. 
20:29:56.091 INFO  Minecraft: Guild > BamBoozledMC left. 
20:35:05.313 INFO  Minecraft: [Auction] PipeOverlord bought Clean Zombie Soldier Boots for 200,000 coins CLICK 
20:37:10.353 INFO  Minecraft: Guild > YoMadaEatingRice left. 
20:40:31.994 INFO  Minecraft: Guild > YoMadaEatingRice joined. 
20:58:22.990 INFO  Minecraft: Guild > YoMadaEatingRice left. 
21:16:41.017 INFO  Minecraft: Guild > Asperitam joined. 
21:19:48.247 INFO  Minecraft: Guild > UnknowAccount joined. 
21:24:58.489 INFO  Minecraft: Guild > [MVP+] Asperitam [M]: any mages wanna do f7? 
21:25:03.562 INFO  Minecraft: Guild > [MVP+] Asperitam [M]: cata 30+ hyp 
21:31:54.962 INFO  Minecraft: Guild > [MVP+] UnknowAccount [M]: mastif 
21:31:56.710 INFO  Minecraft: Guild > [MVP+] UnknowAccount [M]: wc 
21:37:59.469 INFO  Minecraft: Guild > Asperitam left. 
21:38:06.666 INFO  Minecraft: Guild > Asperitam joined. 
21:39:13.974 INFO  Minecraft: Guild > Asperitam left. 
21:39:18.969 INFO  Minecraft: Guild > Asperitam joined. 
21:42:26.032 INFO  Minecraft: Guild > Asperitam left. 
21:58:05.228 INFO  Minecraft: Guild > ranger4josh joined. 
21:58:38.388 INFO  Minecraft: Guild > ranger4josh left. 
21:59:29.405 INFO  Minecraft: Guild > ranger4josh joined. 
22:00:18.480 INFO  Minecraft:  
22:00:18.507 INFO  Minecraft: [WATCHDOG ANNOUNCEMENT] 
22:00:18.509 INFO  Minecraft: Watchdog has banned 27,596 players in the last 7 days. 
22:00:18.510 INFO  Minecraft: Staff have banned an additional 15,855 in the last 7 days. 
22:00:18.512 INFO  Minecraft: Blacklisted modifications are a bannable offense! 
22:00:18.514 INFO  Minecraft:  
22:12:53.225 INFO  Minecraft: Guild > ranger4josh left. 
22:18:30.291 INFO  Minecraft: Guild > yKxshi joined. 
22:21:10.457 INFO  Minecraft: Guild > UnknownShadow124 joined. 
22:26:40.931 INFO  Minecraft: Guild > UnknowAccount left. 
22:26:43.882 INFO  Minecraft: Guild > UnknowAccount joined. 
22:28:12.823 INFO  Minecraft: Guild > yKxshi left. 
22:29:02.819 INFO  Minecraft: Guild > yKxshi joined. 
22:30:52.539 INFO  Minecraft: Guild > FabledLivid joined. 
22:31:04.059 INFO  Minecraft: Guild > LexaIsMommy joined. 
22:31:26.981 INFO  Minecraft: Guild > FabledLivid left. 
22:33:28.130 INFO  Minecraft: Guild > yKxshi left. 
22:33:51.147 INFO  Minecraft: Guild > LexaIsMommy left. 
22:52:41.789 INFO  Minecraft: Guild > [VIP] ShredderSeal [M]: hows your water broke 
22:52:44.236 INFO  Minecraft: Guild > [VIP] ShredderSeal [M]: wc 
23:06:21.491 INFO  Logging in. 
23:06:27.760 INFO  Discord: Logged in. 
23:06:30.517 INFO  Logged in. 
23:06:31.097 INFO  Minecraft:                                       
23:06:31.157 INFO  Minecraft:                           
23:06:31.497 INFO  Minecraft: You found a ✰✰✰✰✰ Mystery Box! 
23:06:32.542 INFO  Minecraft: ----------------------------------------------------- 
23:06:32.547 INFO  Minecraft: Requirements are Skill Avg 23, Cata 23, and 170m net, along 
23:06:32.550 INFO  Minecraft: with 85k gexp a week! Make sure to have fun and contact 
23:06:32.556 INFO  Minecraft: OwOSeal or Smol if you have something to report, or something else to say! 
23:06:32.563 INFO  Minecraft: ----------------------------------------------------- 
23:06:35.598 INFO  Sending to skyblock. 
23:06:42.230 INFO  Minecraft: Sending to server mini18H... 
23:06:42.249 INFO  Logged in. 
23:06:42.341 INFO  Minecraft:         
23:06:47.457 INFO  Sending to skyblock. 
23:06:48.763 INFO  Minecraft: You are playing on profile: Zucchini (Co-op) 
23:06:49.128 INFO  Minecraft:  
23:06:49.135 INFO  Minecraft: Welcome to Hypixel SkyBlock! 
23:06:49.180 INFO  Minecraft: You're already sitting on this island! 
23:06:51.216 INFO  Minecraft: You are already playing SkyBlock! 
23:06:52.971 INFO  Minecraft: You're already sitting on this island! 
23:08:51.456 INFO  Minecraft: Guild > [VIP] ShredderSeal [M]: 29m collat for 3/4? 
23:08:53.592 INFO  Minecraft: Guild > [VIP] ShredderSeal [M]: wc 
23:10:46.052 INFO  Minecraft: Guild > [MVP+] Asperitam [M]: anyone wanna join a f7 party? 
23:14:15.634 INFO  Minecraft: Guild > [MVP+] Asperitam [M]: i was on impact after playing on an anarchy server 
23:14:17.467 INFO  Minecraft: Guild > [MVP+] Asperitam [M]: wc 
23:20:16.743 INFO  Minecraft: Guild > yKxshi joined. 
23:26:05.435 INFO  Minecraft: Guild > UnknownShadow124 left. 
23:47:39.403 INFO  Minecraft: Guild > [VIP] ShredderSeal [M]: Alchemy 25 nice 
00:00:18.650 INFO  Minecraft:  
00:00:18.689 INFO  Minecraft: [WATCHDOG ANNOUNCEMENT] 
00:00:18.693 INFO  Minecraft: Watchdog has banned 27,627 players in the last 7 days. 
00:00:18.695 INFO  Minecraft: Staff have banned an additional 15,874 in the last 7 days. 
00:00:18.705 INFO  Minecraft: Blacklisted modifications are a bannable offense! 
00:00:18.707 INFO  Minecraft:  

