00:02:57.810 INFO  Minecraft: Guild > TimothyPlays57 joined. 
00:04:48.621 INFO  Minecraft: Guild > TimothyPlays57 left. 
00:32:10.335 INFO  Minecraft: Guild > Redbeam747 left. 
00:32:16.224 INFO  Minecraft: Guild > Redbeam747 joined. 
00:32:19.227 INFO  Minecraft: Guild > UnknowAccount joined. 
00:34:31.854 INFO  Discord: [锔guild-chat] Member | EggSeal: yo boomerseal 
00:34:32.301 INFO  Minecraft: Guild > Minikloons [LS]: Member| EggSeal禄 yo boomerseal 
00:34:36.306 INFO  Minecraft: Guild > [VIP] Redbeam747 [M]: ye 
00:34:44.310 INFO  Discord: [锔guild-chat] Member | EggSeal: can ya check the whale prices for me? 
00:34:44.584 INFO  Minecraft: Guild > Minikloons [LS]: Member| EggSeal禄 can ya check the whale prices for me? 
00:34:48.664 INFO  Minecraft: Guild > [VIP] Redbeam747 [M]: ummm 1s 
00:34:50.908 INFO  Discord: [锔guild-chat] Member | EggSeal: im too dumb to use bot 
00:34:51.278 INFO  Minecraft: Guild > Minikloons [LS]: Member| EggSeal禄 im too dumb to use bot 
00:34:54.785 INFO  Minecraft: Guild > [VIP] Redbeam747 [M]: im in a bw game 
00:35:07.395 INFO  Minecraft: Guild > [VIP] Redbeam747 [M]: you can do $sb lbin Epic Whale 
00:35:30.920 INFO  Discord: [锔guild-chat] Member | EggSeal: k 
00:35:31.355 INFO  Minecraft: Guild > Minikloons [LS]: Member| EggSeal禄 k 
00:35:33.482 INFO  Minecraft: Guild > [VIP] Redbeam747 [M]: ill check after this game 
00:35:42.367 INFO  Minecraft: Guild > [VIP] Redbeam747 [M]: cause that bot can be weird af 
00:35:48.835 INFO  Discord: [锔guild-chat] Member | EggSeal: no exist it says 
00:35:49.349 INFO  Minecraft: Guild > Minikloons [LS]: Member| EggSeal禄 no exist it says 
00:35:50.511 INFO  Discord: [锔guild-chat] Member | EggSeal: lol 
00:35:50.755 INFO  Minecraft: You cannot say the same message twice! 
00:35:52.890 INFO  Minecraft: Guild > [VIP] Redbeam747 [M]: yep 
00:39:57.443 INFO  Discord: [锔guild-chat] Member | EggSeal: im doing hspt pRacTicE wOrk 
00:39:57.714 INFO  Minecraft: Guild > Minikloons [LS]: Member| EggSeal禄 im doing hspt pRacTicE wOrk 
00:40:00.350 INFO  Discord: [锔guild-chat] Member | EggSeal: its so boring 
00:40:01.021 INFO  Minecraft: Guild > Minikloons [LS]: Member| EggSeal禄 its so boring 
00:44:35.731 INFO  Minecraft: Guild > Redbeam747 left. 
00:44:37.699 INFO  Minecraft: Guild > Redbeam747 joined. 
00:46:44.179 INFO  Discord: [锔guild-chat] Member | EggSeal: Eeeeeeeeeeere 
00:46:44.446 INFO  Minecraft: Guild > Minikloons [LS]: Member| EggSeal禄 Eeeeeeeeeeere 
00:46:58.433 INFO  Minecraft: Guild > [VIP] Redbeam747 [M]: yo 
00:47:02.400 INFO  Minecraft: Guild > [VIP] Redbeam747 [M]: which whale variant 
00:47:05.563 INFO  Minecraft: Guild > [VIP] Redbeam747 [M]: should i check 
00:49:34.475 INFO  Discord: [锔guild-chat] Member | EggSeal: EPICCC 
00:49:34.949 INFO  Minecraft: Guild > Minikloons [LS]: Member| EggSeal禄 EPICCC 
00:49:47.265 INFO  Minecraft: Guild > [VIP] Redbeam747 [M]: 1.5m lbin 
00:49:55.521 INFO  Discord: [锔guild-chat] Member | EggSeal: .-. 
00:49:56.251 INFO  Minecraft: Guild > Minikloons [LS]: Member| EggSeal禄 .-. 
00:50:00.292 INFO  Discord: [锔guild-chat] Member | EggSeal: F in chat for my whales 
00:50:00.558 INFO  Minecraft: Guild > Minikloons [LS]: Member| EggSeal禄 F in chat for my whales 
00:50:03.022 INFO  Minecraft: Guild > [VIP] Redbeam747 [M]: you could probably go to 1.7m 
00:50:06.022 INFO  Minecraft: Guild > FabledLivid joined. 
00:50:11.118 INFO  Minecraft: Guild > [VIP] Redbeam747 [M]: wait no 
00:50:12.994 INFO  Minecraft: Guild > [VIP] Redbeam747 [M]: 1.8m 
00:50:45.247 INFO  Minecraft: Guild > [VIP] FabledLivid [M]: i mean 
00:50:51.048 INFO  Minecraft: Guild > [VIP] FabledLivid [M]: i got 1 for 800k so .-. 
00:51:40.043 INFO  Minecraft: Guild > [VIP] FabledLivid [M]: chcek my ah 100k flip lol 
00:51:48.044 INFO  Minecraft: Guild > [VIP] Redbeam747 [M]: check mine, 2m flip 
00:52:02.246 INFO  Minecraft: Guild > [VIP] FabledLivid [M]: herm 
00:55:40.273 INFO  Minecraft: Guild > [VIP] FabledLivid [M]: pog 
00:55:42.689 INFO  Minecraft: Guild > [VIP] FabledLivid [M]: whale sold 
00:56:30.417 INFO  Minecraft: Guild > FabledLivid left. 
01:14:22.478 INFO  Minecraft: Guild > FabledLivid joined. 
01:16:22.225 INFO  Minecraft: Guild > [VIP] FabledLivid [M]: i did it 
01:16:27.260 INFO  Minecraft: Guild > [VIP] FabledLivid [M]: i bought a turtle pe 
01:16:29.480 INFO  Minecraft: Guild > [VIP] FabledLivid [M]: pet 
01:16:31.288 INFO  Minecraft: Guild > [VIP] FabledLivid [M]: the MEM 
01:17:46.172 INFO  Minecraft: Guild > [VIP] FabledLivid [M]: ... 
01:17:54.106 INFO  Minecraft: Guild > [VIP] FabledLivid [M]: 400 extra defense in dungs 
01:18:00.372 INFO  Minecraft: Guild > [VIP] FabledLivid [M]: for 1.5m 
01:18:04.353 INFO  Minecraft: Guild > [VIP] FabledLivid [M]: NOT WORTH 
01:18:46.787 INFO  Minecraft: Guild > FabledLivid left. 
01:19:45.138 INFO  Minecraft: Guild > Redbeam747 left. 
01:19:48.824 INFO  Minecraft: Guild > Redbeam747 joined. 
01:19:56.687 INFO  Minecraft: Guild > Hercules_RB left. 
01:25:02.974 INFO  Minecraft: Guild > FabledLivid joined. 
01:27:03.797 INFO  Minecraft: Guild > UnknownShadow124 joined. 
01:28:19.480 INFO  Minecraft: Guild > SnowedSeal joined. 
01:28:23.514 INFO  Minecraft: Guild > [MVP++] SnowedSeal [LS]: henlo 
01:28:25.883 INFO  Discord: [锔guild-chat] Member | EggSeal: henlo snowed 
01:28:26.166 INFO  Minecraft: Guild > Minikloons [LS]: Member| EggSeal禄 henlo snowed 
01:28:28.857 INFO  Minecraft: Guild > [MVP++] SnowedSeal [LS]: :D 
01:28:31.820 INFO  Minecraft: Guild > [MVP++] SnowedSeal [LS]: imma log on on alpha 
01:28:33.898 INFO  Minecraft: Guild > [MVP++] SnowedSeal [LS]: imma try to * 
01:28:35.492 INFO  Minecraft: Guild > SnowedSeal left. 
01:28:40.236 INFO  Minecraft: Guild > SnowedSeal joined. 
01:28:43.478 INFO  Minecraft: Guild > [MVP++] SnowedSeal [LS]: henlo 
01:28:46.282 INFO  Minecraft: Guild > [MVP++] SnowedSeal [LS]: it no work 
01:28:55.578 INFO  Minecraft: Guild > [VIP] FabledLivid [M]: snowed pls buy me ah lol 
01:29:14.592 INFO  Minecraft: Guild > [MVP++] SnowedSeal [LS]: nay 
01:29:37.961 INFO  Minecraft: Guild > [MVP++] SnowedSeal [LS]: i sniped a storm cp yetserday 
01:29:40.091 INFO  Minecraft: Guild > [MVP++] SnowedSeal [LS]: yesterday 
01:29:42.930 INFO  Minecraft: Guild > [VIP] FabledLivid [M]: how much 
01:29:47.490 INFO  Minecraft: Guild > [MVP++] SnowedSeal [LS]: 19m for a recomb one 
01:29:50.967 INFO  Minecraft: Guild > [MVP++] SnowedSeal [LS]: sold for like 30m 
01:29:50.976 INFO  Minecraft: Guild > [VIP] FabledLivid [M]: BRUH 
01:29:52.333 INFO  Minecraft: Guild > [VIP] FabledLivid [M]: lucky 
01:30:02.978 INFO  Minecraft: Guild > [MVP++] SnowedSeal [LS]: today im going to try to do a necron cp 
01:30:08.192 INFO  Minecraft: Guild > [MVP++] SnowedSeal [LS]: i need to make some moneys first 
01:32:43.677 INFO  Minecraft: Guild > WitheredRoyal joined. 
01:33:11.621 INFO  Minecraft: Guild > SnowedSeal left. 
01:34:16.811 INFO  Minecraft: Guild > Pizzas_faces joined. 
01:34:27.259 INFO  Minecraft: Guild > SnowedSeal joined. 
01:34:30.644 INFO  Minecraft: Guild > [MVP++] SnowedSeal [LS]: henlo 
01:35:29.896 INFO  Minecraft: Guild > [MVP++] SnowedSeal [LS]: guys 
01:35:34.782 INFO  Minecraft: Guild > [VIP+] WitheredRoyal [M]: yeah? 
01:35:36.926 INFO  Minecraft: Guild > [MVP++] SnowedSeal [LS]: what are good discord servers to lowball in 
01:35:41.740 INFO  Minecraft: Guild > [MVP++] SnowedSeal [LS]: sbz doesnt allow lowballing 
01:36:00.340 INFO  Minecraft: Guild > [VIP] Redbeam747 [M]: heres what you do 
01:36:00.350 INFO  Minecraft: Guild > [MVP++] SnowedSeal [LS]: sbl is shit now 
01:36:04.275 INFO  Minecraft: Guild > [MVP++] SnowedSeal [LS]: what redbeam 
01:36:06.236 INFO  Minecraft: Guild > [VIP] Redbeam747 [M]: you say buying 
01:36:10.810 INFO  Minecraft: Guild > [VIP] Redbeam747 [M]: and just lowball in dms 
01:36:14.454 INFO  Minecraft: Guild > [MVP++] SnowedSeal [LS]: OH 
01:36:16.269 INFO  Minecraft: Guild > [MVP++] SnowedSeal [LS]: e z 
01:36:18.475 INFO  Minecraft: Guild > [MVP++] SnowedSeal [LS]: clap 
01:36:23.917 INFO  Minecraft: Guild > [MVP++] SnowedSeal [LS]: you did that before? 
01:36:33.694 INFO  Minecraft: Guild > [VIP] Redbeam747 [M]: ye 
01:36:38.397 INFO  Minecraft: Guild > [MVP++] SnowedSeal [LS]: 2000 iq 
01:36:47.807 INFO  Minecraft: Guild > [MVP++] SnowedSeal [LS]: i coronate you 2000 iq king 
01:38:59.512 INFO  Minecraft: Guild > [VIP+] WitheredRoyal [M]: my helmet 
01:39:01.652 INFO  Minecraft: Guild > [VIP+] WitheredRoyal [M]: wc 
01:39:03.622 INFO  Minecraft: Guild > [MVP++] SnowedSeal [LS]: yes 
01:39:05.111 INFO  Minecraft: Guild > [MVP++] SnowedSeal [LS]: your helmet 
01:39:05.793 INFO  Minecraft: Guild > [MVP++] SnowedSeal [LS]: wc 
01:39:13.979 INFO  Minecraft: Guild > [VIP+] WitheredRoyal [M]: My helmets nice 
01:39:21.595 INFO  Minecraft: Guild > [MVP++] SnowedSeal [LS]: what is it 
01:39:22.102 INFO  Minecraft: Guild > [VIP+] WitheredRoyal [M]: wc / / / 
01:40:16.615 INFO  Minecraft: Guild > UnknowAccount left. 
01:41:58.673 INFO  Minecraft: Guild > SnowedSeal left. 
01:43:01.961 INFO  Minecraft: Guild > FabledLivid left. 
01:45:20.074 INFO  Minecraft: Guild > Pizzas_faces left. 
01:45:31.473 INFO  Minecraft: Guild > [VIP+] WitheredRoyal [M]: Any1 M1 we're at 3/5 
01:47:57.475 INFO  Minecraft: Guild > [VIP] Redbeam747 [M]: e 
01:48:30.498 INFO  Minecraft: Guild > SirTappy joined. 
01:49:37.123 INFO  Minecraft: Guild > Redbeam747 left. 
01:49:41.126 INFO  Minecraft: Guild > Redbeam747 joined. 
01:50:28.136 INFO  Minecraft: Guild > Redbeam747 left. 
01:50:32.158 INFO  Minecraft: Guild > Redbeam747 joined. 
01:53:36.363 INFO  Minecraft: Guild > Hercules_RB joined. 
01:56:53.805 INFO  Minecraft: Guild > TimothyPlays57 joined. 
01:58:17.841 INFO  Minecraft: Guild > TimothyPlays57 left. 
01:58:30.719 INFO  Minecraft: [SkyBlock] [VIP+] Life140 is visiting Your Island! 
02:00:07.773 INFO  Minecraft:  
02:00:07.778 INFO  Minecraft: [WATCHDOG ANNOUNCEMENT] 
02:00:07.782 INFO  Minecraft: Watchdog has banned 28,047 players in the last 7 days. 
02:00:07.784 INFO  Minecraft: Staff have banned an additional 16,889 in the last 7 days. 
02:00:07.786 INFO  Minecraft: Blacklisted modifications are a bannable offense! 
02:00:07.788 INFO  Minecraft:  
02:01:31.068 INFO  Minecraft: Guild > WitheredRoyal left. 
02:05:02.475 INFO  Minecraft: Guild > UnknownShadow124 left. 
02:09:01.093 INFO  Minecraft: Guild > UnknownShadow124 joined. 
02:10:48.631 INFO  Minecraft: Guild > Redbeam747 left. 
02:10:51.616 INFO  Minecraft: Guild > Redbeam747 joined. 
02:11:32.406 INFO  Minecraft: Guild > SnowedSeal joined. 
02:11:35.130 INFO  Minecraft: Guild > [MVP++] SnowedSeal [LS]: henlo 
02:11:46.096 INFO  Minecraft: Guild > [VIP] UnknownShadow124 [M]: halo 
02:11:54.100 INFO  Minecraft: Guild > [MVP+] SirTappy [M]: o/ 
02:12:56.102 INFO  Minecraft: Guild > [MVP++] SnowedSeal [LS]: whats the challenge 
02:13:06.563 INFO  Minecraft: Guild > [VIP] Redbeam747 [M]: rat 
02:13:09.543 INFO  Minecraft: Guild > [MVP++] SnowedSeal [LS]: wc 
02:13:11.587 INFO  Minecraft: Guild > [VIP] Redbeam747 [M]: large rat 
02:13:32.556 INFO  Minecraft: Guild > [MVP++] SnowedSeal [LS]: :D 
02:13:36.423 INFO  Minecraft: Guild > [MVP++] SnowedSeal [LS]: i'm friends with mansif now 
02:13:42.691 INFO  Minecraft: Guild > [VIP] Redbeam747 [M]: how 
02:13:48.630 INFO  Minecraft: Guild > [MVP++] SnowedSeal [LS]: ah flipping stuffs 
02:13:51.532 INFO  Minecraft: Guild > [VIP] Redbeam747 [M]: where 
02:13:57.415 INFO  Minecraft: Guild > [MVP++] SnowedSeal [LS]: idk 
02:14:23.724 INFO  Minecraft: Guild > [MVP++] SnowedSeal [LS]: imagine if swaping came back 
02:14:25.180 INFO  Minecraft: Guild > [MVP++] SnowedSeal [LS]: swapping 
02:16:57.931 INFO  Minecraft: Guild > UnknowAccount joined. 
02:16:58.327 INFO  Minecraft: Guild > [MVP++] SnowedSeal [LS]: i'm saving up for some storm gear 
02:17:01.996 INFO  Minecraft: Guild > [MVP++] SnowedSeal [LS]: and a warden helicopter 
02:17:03.518 INFO  Minecraft: Guild > [MVP++] SnowedSeal [LS]: helm* 
02:17:05.996 INFO  Minecraft: Guild > [MVP++] SnowedSeal [LS]: autocorrect 
02:17:11.623 INFO  Minecraft: Guild > [MVP++] SnowedSeal [LS]: lmao 
02:17:24.461 INFO  Minecraft: Guild > [VIP] Redbeam747 [M]: how do you have autocorrect in game? 
02:17:28.321 INFO  Minecraft: Guild > [VIP] Redbeam747 [M]: weird champ 
02:17:28.600 INFO  Minecraft: Guild > [MVP++] SnowedSeal [LS]: bug 
02:17:34.751 INFO  Minecraft: Guild > [MVP++] SnowedSeal [LS]: my keyboard broke 
02:17:40.339 INFO  Minecraft: Guild > [MVP++] SnowedSeal [LS]: not my keyboard 
02:17:46.678 INFO  Minecraft: Guild > [MVP++] SnowedSeal [LS]: my mc kinda broke temporarily 
02:17:49.713 INFO  Minecraft: Guild > [MVP++] SnowedSeal [LS]: its fixed 
02:23:45.749 INFO  Discord: [锔guild-chat] Member | EggSeal: nice 
02:23:46.262 INFO  Minecraft: Guild > Minikloons [LS]: Member| EggSeal禄 nice 
02:23:50.714 INFO  Minecraft: Guild > FabledLivid joined. 
02:24:02.886 INFO  Minecraft: Guild > [VIP] FabledLivid [M]: warden helicopter lmfao 
02:24:06.173 INFO  Minecraft: Guild > [MVP++] SnowedSeal [LS]: stfu 
02:24:22.132 INFO  Minecraft: Guild > [VIP] Redbeam747 [M]: i love flying in a warden helicopter 
02:24:26.430 INFO  Minecraft: Guild > [VIP] Redbeam747 [M]: nothing quite like it 
02:24:31.783 INFO  Minecraft: Guild > [VIP] FabledLivid [M]: lol 
02:24:32.729 INFO  Minecraft: Guild > [MVP++] SnowedSeal [LS]: no 
02:25:13.817 INFO  Minecraft: Guild > [VIP] Redbeam747 [M]: its lovely 
02:25:18.804 INFO  Minecraft: Guild > [VIP] Redbeam747 [M]: ooooh 
02:25:22.648 INFO  Minecraft: Guild > [VIP] Redbeam747 [M]: tysm snowed 
02:26:02.195 INFO  Minecraft: Guild > [VIP] FabledLivid [M]: i got a yeti for juju bow 
02:26:04.884 INFO  Minecraft: Guild > SirTappy left. 
02:26:08.968 INFO  Minecraft: Guild > SirTappy joined. 
02:26:57.284 INFO  Minecraft: Guild > [MVP++] SnowedSeal [LS]: reported! 
02:27:00.254 INFO  Minecraft: Guild > [VIP] FabledLivid [M]: wot 
02:27:04.022 INFO  Minecraft: Guild > [MVP++] SnowedSeal [LS]: idk 
02:27:08.868 INFO  Minecraft: Guild > [MVP+] UnknowAccount [M]: f 
02:27:10.160 INFO  Minecraft: Guild > [VIP] FabledLivid [M]: brhuh 
02:27:13.923 INFO  Minecraft: Guild > [MVP+] UnknowAccount [M]: guess we all get banned now 
02:27:15.523 INFO  Minecraft: Guild > [MVP++] SnowedSeal [LS]: F 
02:27:16.908 INFO  Minecraft: Guild > [MVP+] UnknowAccount [M]: rip coldlands 
02:27:27.133 INFO  Minecraft: Guild > [VIP] FabledLivid [M]: hm 
02:27:31.195 INFO  Minecraft: Guild > [VIP] FabledLivid [M]: imma watch some fate 
02:27:35.560 INFO  Minecraft: Guild > [MVP++] SnowedSeal [LS]: oka 
02:27:46.930 INFO  Minecraft: Guild > [MVP++] SnowedSeal [LS]: imma watch some flip 
02:27:51.159 INFO  Minecraft: Guild > [VIP] FabledLivid [M]: bruh 
02:27:56.784 INFO  Minecraft: Guild > [MVP++] SnowedSeal [LS]: no seriously 
02:28:00.231 INFO  Minecraft: Guild > [VIP] FabledLivid [M]: .-. 
02:28:03.265 INFO  Minecraft: Guild > [MVP++] SnowedSeal [LS]: i'm going to watch some flip 
02:28:41.968 INFO  Minecraft: Guild > [MVP++] SnowedSeal [LS]: i have so much drlip 
02:28:43.140 INFO  Minecraft: Guild > [MVP++] SnowedSeal [LS]: drip 
02:28:49.596 INFO  Minecraft: Guild > [MVP++] SnowedSeal [LS]: L5 necron 
02:28:54.124 INFO  Minecraft: Guild > [VIP] FabledLivid [M]: drlip lmao 
02:29:04.624 INFO  Minecraft: Guild > [MVP++] SnowedSeal [LS]: soooo much drlip 
02:29:09.402 INFO  Minecraft: Guild > [VIP] FabledLivid [M]: drlip 
02:29:13.003 INFO  Minecraft: Guild > [MVP++] SnowedSeal [LS]: yes drlip 
02:29:42.620 INFO  Minecraft: Guild > [MVP++] SnowedSeal [LS]: aots actually throws pretty far 
02:30:05.199 INFO  Minecraft: Guild > [MVP++] SnowedSeal [LS]: imma cry 
02:30:24.269 INFO  Minecraft: Guild > [MVP++] SnowedSeal [LS]: i have so much drlip that it makes me cry 
02:30:35.126 INFO  Minecraft: Guild > UnknownShadow124 left. 
02:32:01.600 INFO  Minecraft: Guild > SnowedSeal left. 
02:32:56.924 INFO  Minecraft: Guild > 4717 joined. 
02:33:07.832 INFO  Minecraft: Guild > [VIP] Redbeam747 [M]: oi 
02:33:14.601 INFO  Minecraft: Guild > [VIP] FabledLivid [M]: ? 
02:33:21.338 INFO  Minecraft: Guild > [VIP] Redbeam747 [M]: wc 
02:34:19.938 INFO  Minecraft: Guild > 4717 left. 
02:34:24.611 INFO  Minecraft: Guild > 4717 joined. 
02:35:13.852 INFO  Minecraft: Guild > SirTappy left. 
02:39:58.924 INFO  Minecraft: Guild > 4717 left. 
02:40:05.969 INFO  Minecraft: Guild > 4717 joined. 
02:41:18.277 INFO  Minecraft: Guild > [VIP] FabledLivid [M]: anyone f5/?? 
02:41:26.201 INFO  Minecraft: Guild > [VIP] Redbeam747 [M]: oh 
02:41:27.522 INFO  Minecraft: Guild > [VIP] Redbeam747 [M]: ye 
02:41:28.540 INFO  Minecraft: Guild > [VIP] Hercules_RB [M]: sure 
02:41:45.137 INFO  Minecraft: Guild > [MVP+] UnknowAccount [M]: i would if i had money... 
02:41:48.098 INFO  Minecraft: Guild > [VIP] FabledLivid [M]: in a run rn 
02:41:51.094 INFO  Minecraft: Guild > [VIP] FabledLivid [M]: ill inv after 
02:41:54.092 INFO  Minecraft: Guild > [MVP+] UnknowAccount [M]: but dropping a sa helm and a recomb in 1 run draings xD 
02:42:00.188 INFO  Minecraft: Guild > [VIP] Redbeam747 [M]: my only weapon is a t6 swarm 5 livid rn lmao 
02:42:06.106 INFO  Minecraft: Guild > [VIP] Redbeam747 [M]: oh nice 
02:42:12.126 INFO  Minecraft: Guild > [VIP] Hercules_RB [M]: what class are you fabled? 
02:42:27.524 INFO  Minecraft: Guild > TimothyPlays57 joined. 
02:45:05.382 INFO  Minecraft: Guild > [VIP] Redbeam747 [M]: e 
02:45:16.553 INFO  Minecraft: Guild > [VIP] Redbeam747 [M]: -/fabled inv me for the neqwageshdrjgt7loyp89u]i-09\= 
02:45:57.743 INFO  Minecraft: Guild > OLYforever joined. 
02:51:31.023 INFO  Minecraft: Guild > [VIP] FabledLivid [M]: i gtg reeee 
02:51:34.702 INFO  Minecraft: Guild > [VIP] FabledLivid [M]: sorry 
02:51:36.358 INFO  Minecraft: Guild > [VIP] Redbeam747 [M]: reeeeeeeeeee 
02:51:42.387 INFO  Minecraft: Guild > FabledLivid left. 
02:58:53.122 INFO  Minecraft: Guild > TimothyPlays57 left. 
02:59:16.889 INFO  Minecraft: Guild > LRBenito joined. 
02:59:36.083 INFO  Minecraft: Guild > FabledLivid joined. 
02:59:44.529 INFO  Minecraft: Guild > FabledLivid left. 
03:00:14.644 INFO  Minecraft: Guild > SnowedSeal joined. 
03:00:18.057 INFO  Minecraft: Guild > [MVP++] SnowedSeal [LS]: henlo 
03:00:22.980 INFO  Minecraft: Guild > [VIP] Hercules_RB [M]: hello 
03:00:25.252 INFO  Minecraft: Guild > [VIP] Redbeam747 [M]: rat 
03:00:28.653 INFO  Minecraft: Guild > [VIP+] OLYforever [M]: SA CHESTPLATE 
03:00:34.641 INFO  Minecraft: Guild > [VIP] Hercules_RB [M]: gg 
03:00:34.650 INFO  Minecraft: Guild > [MVP++] SnowedSeal [LS]: gg 
03:00:52.609 INFO  Minecraft: Guild > [MVP++] SnowedSeal [LS]: LETSGOO 
03:00:56.618 INFO  Minecraft: Guild > [MVP++] SnowedSeal [LS]: HEGEMONY ARTIFACT OBTAINED 
03:01:12.292 INFO  Minecraft: Guild > [MVP++] SnowedSeal [LS]: in a dream ofc 
03:01:30.382 INFO  Minecraft: Guild > [VIP+] OLYforever [M]: ./ah olyforever juicy drip 
03:01:38.697 INFO  Minecraft: Guild > [VIP] Hercules_RB [M]: how many runs? 
03:01:47.815 INFO  Minecraft: Guild > [VIP+] OLYforever [M]: 77 
03:01:53.843 INFO  Minecraft: Guild > [MVP++] SnowedSeal [LS]: dam 
03:01:54.386 INFO  Minecraft: Guild > [MVP++] SnowedSeal [LS]: nice 
03:01:55.364 INFO  Minecraft: Guild > [VIP] Hercules_RB [M]: I hate your rng 
03:02:13.242 INFO  Minecraft: Guild > [VIP] Hercules_RB [M]: I'm at 200 and no cp or last breath 
03:02:24.140 INFO  Minecraft: Guild > [VIP+] OLYforever [M]: just wait til i get a giant's sword on my 69th run 
03:03:07.811 INFO  Minecraft: Guild > [VIP] Redbeam747 [M]: buy my ah or bad 
03:03:22.755 INFO  Minecraft: Guild > [VIP] LRBenito [M]: buy my ah or bad 
03:04:23.378 INFO  Minecraft: Guild > [VIP+] OLYforever [M]: ./ah olyforever if it hasnt sold after i eat yall poor 
03:04:31.498 INFO  Minecraft: Guild > OLYforever left. 
03:04:33.812 INFO  Minecraft: Guild > [VIP] Redbeam747 [M]: no 
03:04:35.046 INFO  Minecraft: Guild > [VIP] Redbeam747 [M]: bald 
03:04:37.409 INFO  Minecraft: Guild > [MVP++] SnowedSeal [LS]: bald 
03:05:40.849 INFO  Minecraft: Guild > UnknowAccount left. 
03:07:41.463 INFO  Minecraft: Guild > [VIP] LRBenito [M]: my minions are stuck in an endless battle of no u 
03:08:58.791 INFO  Minecraft: Guild > SnowedSeal left. 
03:10:39.921 INFO  Minecraft: Guild > LRBenito joined. 
03:10:41.306 INFO  Minecraft: Guild > LRBenito left. 
03:10:51.866 INFO  Minecraft: Guild > LRBenito left. 
03:10:55.323 INFO  Minecraft: Guild > LRBenito joined. 
03:11:21.358 INFO  Minecraft: Guild > LRBenito joined. 
03:11:22.641 INFO  Minecraft: Guild > LRBenito left. 
03:11:33.981 INFO  Minecraft: Guild > LRBenito left. 
03:11:37.348 INFO  Minecraft: Guild > LRBenito joined. 
03:11:44.392 INFO  Minecraft: Guild > [VIP] LRBenito [M]: interesting 
03:11:56.478 INFO  Minecraft: Guild > [VIP] LRBenito [M]: right clicking my chest with a hoe of greater tilling kicks me from hypixel 
03:19:16.042 INFO  Minecraft: Guild > Hercules_RB left. 
03:24:17.283 INFO  Minecraft: Guild > UnknownShadow124 joined. 
03:35:07.190 INFO  Minecraft: Guild > Redbeam747 left. 
03:35:07.333 INFO  Minecraft: Guild > Redbeam747 joined. 
03:35:08.575 INFO  Minecraft: Guild > Redbeam747 left. 
03:35:11.821 INFO  Minecraft: Guild > Redbeam747 joined. 
03:40:04.536 INFO  Minecraft: Guild > Redbeam747 left. 
03:46:43.010 INFO  Minecraft: Guild > UnknownShadow124 left. 
03:52:02.851 INFO  Minecraft: Guild > 4717 left. 
03:53:13.528 INFO  Minecraft: Guild > 4717 joined. 
03:57:34.093 INFO  Discord: [锔guild-chat] LS | SnowedSeal: GUYS 
03:57:34.373 INFO  Minecraft: Guild > Minikloons [LS]: LS| SnowedSeal禄 GUYS 
03:57:37.073 INFO  Discord: [锔guild-chat] LS | SnowedSeal: THERE'S SOMTHING SO PGO 
03:57:37.317 INFO  Minecraft: Guild > Minikloons [LS]: LS| SnowedSeal禄 THERE'S SOMTHING SO PGO 
03:57:38.078 INFO  Discord: [锔guild-chat] LS | SnowedSeal: POG 
03:57:38.331 INFO  Minecraft: Guild > Minikloons [LS]: LS| SnowedSeal禄 POG 
03:57:52.725 INFO  Discord: [锔guild-chat] LS | SnowedSeal: idk 
03:57:52.967 INFO  Minecraft: Guild > Minikloons [LS]: LS| SnowedSeal禄 idk 
04:00:07.966 INFO  Minecraft:  
04:00:07.972 INFO  Minecraft: [WATCHDOG ANNOUNCEMENT] 
04:00:07.974 INFO  Minecraft: Watchdog has banned 28,061 players in the last 7 days. 
04:00:07.975 INFO  Minecraft: Staff have banned an additional 16,971 in the last 7 days. 
04:00:07.977 INFO  Minecraft: Blacklisted modifications are a bannable offense! 
04:00:07.979 INFO  Minecraft:  
04:00:16.298 INFO  Minecraft: Guild > SnowedSeal joined. 
04:00:20.275 INFO  Minecraft: Guild > [MVP++] SnowedSeal [LS]: henlo 
04:00:51.563 INFO  Minecraft: Guild > [MVP++] SnowedSeal [LS]: EXPOSED 
04:00:57.237 INFO  Minecraft: Guild > [MVP++] SnowedSeal [LS]: dream is a dream stan 
04:01:15.616 INFO  Minecraft: Guild > SirTappy joined. 
04:05:54.093 INFO  Minecraft: Guild > 4717 left. 
04:15:53.717 INFO  Minecraft: [Important] This server will restart soon: For a game update 
04:15:53.751 INFO  Minecraft: You have 30 seconds to warp out! CLICK to warp now! 
04:16:21.866 INFO  Minecraft: Evacuating to Hub... 
04:16:21.888 INFO  Minecraft: Sending to server mini558F... 
04:16:22.042 INFO  Logged in. 
04:16:22.809 INFO  Minecraft:         
04:16:27.042 INFO  Sending to skyblock. 
04:16:28.717 INFO  Minecraft: You are playing on profile: Zucchini (Co-op) 
04:16:30.329 INFO  Minecraft: You are already playing SkyBlock! 
04:16:32.506 INFO  Minecraft: Warping you to your SkyBlock island... 
04:16:32.900 INFO  Minecraft: Sending to server mini308A... 
04:16:33.019 INFO  Logged in. 
04:16:33.545 INFO  Minecraft:         
04:16:37.025 INFO  Minecraft: You are playing on profile: Zucchini (Co-op) 
04:16:38.021 INFO  Sending to skyblock. 
04:16:38.402 INFO  Minecraft: You are already playing SkyBlock! 
04:16:43.439 INFO  Minecraft: You're already sitting on this island! 
04:18:47.532 INFO  Minecraft: Guild > Hercules_RB joined. 
04:19:21.712 INFO  Minecraft: [Important] This server will restart soon: For a game update 
04:19:21.725 INFO  Minecraft: You have 30 seconds to warp out! CLICK to warp now! 
04:19:49.744 INFO  Minecraft: Evacuating to Hub... 
04:19:49.773 INFO  Minecraft: Sending to server mini495M... 
04:19:50.214 INFO  Logged in. 
04:19:51.338 INFO  Minecraft:         
04:19:55.213 INFO  Sending to skyblock. 
04:19:57.777 INFO  Minecraft: You are playing on profile: Zucchini (Co-op) 
04:19:59.873 INFO  Minecraft: You are already playing SkyBlock! 
04:20:02.801 INFO  Minecraft: Warping you to your SkyBlock island... 
04:20:02.842 INFO  Minecraft: Sending to server mini494A... 
04:20:02.860 INFO  Logged in. 
04:20:03.576 INFO  Minecraft:         
04:20:09.042 INFO  Sending to skyblock. 
04:20:10.452 INFO  Minecraft: You are playing on profile: Zucchini (Co-op) 
04:20:12.865 INFO  Minecraft: You are already playing SkyBlock! 
04:20:17.003 INFO  Minecraft: You're already sitting on this island! 
04:27:51.557 INFO  Minecraft: Guild > [MVP++] SnowedSeal [LS]: afk 
04:30:38.133 INFO  Minecraft: Guild > OwOPingu joined. 
04:33:01.362 INFO  Minecraft: Guild > SnowedSeal left. 
04:37:33.708 INFO  Minecraft: [Important] This server will restart soon: For a game update 
04:37:33.745 INFO  Minecraft: You have 30 seconds to warp out! CLICK to warp now! 
04:38:01.779 INFO  Minecraft: Evacuating to Hub... 
04:38:01.839 INFO  Minecraft: Sending to server mini639S... 
04:38:01.921 INFO  Logged in. 
04:38:02.894 INFO  Minecraft:         
04:38:07.292 INFO  Sending to skyblock. 
04:38:08.433 INFO  Minecraft: You are playing on profile: Zucchini (Co-op) 
04:38:10.260 INFO  Minecraft: You are already playing SkyBlock! 
04:38:12.835 INFO  Minecraft: Warping you to your SkyBlock island... 
04:38:12.876 INFO  Minecraft: Sending to server mini28A... 
04:38:13.002 INFO  Logged in. 
04:38:13.582 INFO  Minecraft:         
04:38:18.159 INFO  Sending to skyblock. 
04:38:18.175 INFO  Minecraft: You are playing on profile: Zucchini (Co-op) 
04:38:19.051 INFO  Minecraft: You are already playing SkyBlock! 
04:38:23.599 INFO  Minecraft: You're already sitting on this island! 
04:50:35.283 INFO  Minecraft: Guild > SirTappy left. 
04:50:37.234 INFO  Minecraft: Guild > SirTappy joined. 
04:57:42.209 INFO  Minecraft: Guild > OLYforever joined. 
05:01:29.586 INFO  Minecraft: Guild > [VIP+] OLYforever [M]: guild someone buy my ah im very broke 
05:03:05.605 INFO  Minecraft: Guild > OwOWolfs joined. 
05:04:19.776 INFO  Minecraft: Guild > SirTappy left. 
05:04:47.169 INFO  Minecraft: Guild > WitheredRoyal joined. 
05:05:24.982 INFO  Discord: [锔guild-chat] LS | SnowedSeal: https://tenor.com/view/seal-cute-hello-happy-fluffy-gif-20702382 
05:05:25.232 INFO  Minecraft: Guild > Minikloons [LS]: LS| SnowedSeal禄 https://tenor.com/view/seal-cute-hello-happy-fluffy-gif-20702382 
05:05:31.125 INFO  Minecraft: Guild > [VIP+] OLYforever [M]: no 
05:05:38.406 INFO  Minecraft: Guild > [VIP+] OwOPingu [F]: no 
05:05:43.350 INFO  Minecraft: Guild > [VIP+] WitheredRoyal [M]: Virus detected, do not click 
05:05:50.599 INFO  Minecraft: Guild > [VIP+] OwOPingu [F]: D: 
05:06:06.272 INFO  Discord: [锔guild-chat] LS | SnowedSeal: bruh.. 
05:06:06.533 INFO  Minecraft: Guild > Minikloons [LS]: LS| SnowedSeal禄 bruh.. 
05:06:12.090 INFO  Discord: [锔guild-chat] LS | SnowedSeal: its a gif.. 
05:06:12.385 INFO  Minecraft: Guild > Minikloons [LS]: LS| SnowedSeal禄 its a gif.. 
05:06:14.418 INFO  Discord: [锔guild-chat] LS | SnowedSeal: check the discord 
05:06:14.664 INFO  Minecraft: Guild > Minikloons [LS]: LS| SnowedSeal禄 check the discord 
05:06:22.114 INFO  Minecraft: Guild > [VIP+] OLYforever [M]: still no 
05:06:25.100 INFO  Discord: [锔guild-chat] LS | SnowedSeal: okay 
05:06:25.391 INFO  Minecraft: Guild > Minikloons [LS]: LS| SnowedSeal禄 okay 
05:06:28.097 INFO  Minecraft: Guild > 3ctooo joined. 
05:06:35.126 INFO  Minecraft: Guild > [VIP+] WitheredRoyal [M]: Virus detected, do not click / / / / / / 
05:06:38.491 INFO  Discord: [锔guild-chat] LS | SnowedSeal: rat pet new enderman meta 
05:06:39.377 INFO  Minecraft: Guild > Minikloons [LS]: LS| SnowedSeal禄 rat pet new enderman meta 
05:06:44.687 INFO  Discord: [锔guild-chat] LS | SnowedSeal: confirmed by me 
05:06:45.096 INFO  Minecraft: Guild > Minikloons [LS]: LS| SnowedSeal禄 confirmed by me 
05:06:53.272 INFO  Minecraft: Guild > [VIP+] OLYforever [M]: oh didnt know you were meta 
05:07:03.491 INFO  Discord: [锔guild-chat] LS | SnowedSeal: yuh 
05:07:04.152 INFO  Minecraft: Guild > Minikloons [LS]: LS| SnowedSeal禄 yuh 
05:07:11.308 INFO  Minecraft: Guild > [VIP+] OLYforever [M]: chiz? 
05:07:12.420 INFO  Minecraft: Guild > [VIP+] WitheredRoyal [M]: Snowed will always be meta for a human shield 
05:07:18.423 INFO  Minecraft: Guild > [VIP+] OwOPingu [F]: i agree 
05:07:45.166 INFO  Discord: [锔guild-chat] LS | SnowedSeal: yuhh!!!! 
05:07:45.430 INFO  Minecraft: Guild > Minikloons [LS]: LS| SnowedSeal禄 yuhh!!!! 
05:08:02.180 INFO  Minecraft: Guild > [VIP+] OLYforever [M]: siii sii 
05:08:08.419 INFO  Discord: [锔guild-chat] LS | SnowedSeal: pingu i sniped wisdom 5 storm cp yesterday 
05:08:08.672 INFO  Minecraft: Guild > Minikloons [LS]: LS| SnowedSeal禄 pingu i sniped wisdom 5 storm cp yesterday 
05:08:08.714 INFO  Discord: [锔guild-chat] LS | SnowedSeal: :D 
05:08:09.393 INFO  Minecraft: Guild > Minikloons [LS]: LS| SnowedSeal禄 :D 
05:08:09.397 INFO  Minecraft: Guild > Micah_W joined. 
05:08:23.284 INFO  Minecraft: Guild > [VIP+] OLYforever [M]: i did that w a storm helm once 
05:08:23.833 INFO  Discord: [锔guild-chat] LS | SnowedSeal: well kinda 
05:08:24.286 INFO  Minecraft: Guild > Minikloons [LS]: LS| SnowedSeal禄 well kinda 
05:08:25.855 INFO  Discord: [锔guild-chat] LS | SnowedSeal: nice 
05:08:26.432 INFO  Minecraft: Guild > Minikloons [LS]: LS| SnowedSeal禄 nice 
05:08:30.728 INFO  Minecraft: Guild > [VIP+] OLYforever [M]: it was maxed for lowest bin 
05:08:35.349 INFO  Discord: [锔guild-chat] LS | SnowedSeal: 0_0 
05:08:35.644 INFO  Minecraft: You cannot say the same message twice! 
05:08:38.892 INFO  Discord: [锔guild-chat] LS | SnowedSeal: hackerman 
05:08:39.351 INFO  Minecraft: Guild > Minikloons [LS]: LS| SnowedSeal禄 hackerman 
05:08:54.372 INFO  Minecraft: Guild > [VIP+] OLYforever [M]: not quite maxed but 
05:08:59.531 INFO  Minecraft: Guild > [VIP+] OLYforever [M]: the one im wearing now 
05:09:27.828 INFO  Discord: [锔guild-chat] LS | SnowedSeal: noice 
05:09:28.434 INFO  Minecraft: You cannot say the same message twice! 
05:09:30.487 INFO  Discord: [锔guild-chat] LS | SnowedSeal: you are a mage? 
05:09:30.736 INFO  Minecraft: Guild > Minikloons [LS]: LS| SnowedSeal禄 you are a mage? 
05:09:40.466 INFO  Minecraft: Guild > [VIP+] OLYforever [M]: yes 
05:09:49.545 INFO  Discord: [锔guild-chat] LS | SnowedSeal: what weapon 
05:09:49.841 INFO  Minecraft: Guild > Minikloons [LS]: LS| SnowedSeal禄 what weapon 
05:09:54.976 INFO  Minecraft: Guild > [VIP+] OLYforever [M]: mage is the only one that doesnt get nerfed every couple of days 
05:10:08.924 INFO  Minecraft: Guild > [VIP+] OLYforever [M]: spirit sceptre 
05:10:14.885 INFO  Discord: [锔guild-chat] LS | SnowedSeal: nice 
05:10:15.132 INFO  Minecraft: Guild > Minikloons [LS]: LS| SnowedSeal禄 nice 
05:10:22.618 INFO  Discord: [锔guild-chat] LS | SnowedSeal: what cata 
05:10:23.092 INFO  Minecraft: Guild > Minikloons [LS]: LS| SnowedSeal禄 what cata 
05:10:26.628 INFO  Minecraft: Guild > [MVP+] gogyxdash [M]: mage needs nerfs 
05:10:26.854 INFO  Minecraft: Guild > [VIP+] OLYforever [M]: like 25 
05:10:44.697 INFO  Minecraft: Guild > [MVP+] gogyxdash [M]: i only have 29m 
05:10:46.658 INFO  Minecraft: Guild > [VIP+] OLYforever [M]: cata 25 40% to 26 
05:11:02.796 INFO  Discord: [锔guild-chat] LS | SnowedSeal: nice 
05:11:03.721 INFO  Minecraft: Guild > Minikloons [LS]: LS| SnowedSeal禄 nice 
05:12:39.163 INFO  Discord: [锔guild-chat] LS | SnowedSeal: top flippers in our guild 
05:12:39.433 INFO  Minecraft: Guild > Minikloons [LS]: LS| SnowedSeal禄 top flippers in our guild 
05:12:41.028 INFO  Discord: [锔guild-chat] LS | SnowedSeal: owopingu 
05:12:41.293 INFO  Minecraft: Guild > Minikloons [LS]: LS| SnowedSeal禄 owopingu 
05:12:42.143 INFO  Discord: [锔guild-chat] LS | SnowedSeal: uh 
05:12:42.398 INFO  Minecraft: Guild > Minikloons [LS]: LS| SnowedSeal禄 uh 
05:12:46.135 INFO  Discord: [锔guild-chat] LS | SnowedSeal: UH 
05:12:46.406 INFO  Minecraft: You cannot say the same message twice! 
05:12:49.512 INFO  Discord: [锔guild-chat] LS | SnowedSeal: who else 
05:12:50.182 INFO  Minecraft: Guild > Minikloons [LS]: LS| SnowedSeal禄 who else 
05:12:54.278 INFO  Minecraft: Guild > [VIP+] OLYforever [M]: me obv 
05:13:00.142 INFO  Minecraft: Guild > [VIP+] OLYforever [M]: i do 100 coins flip on the DAILY 
05:13:03.542 INFO  Discord: [锔guild-chat] LS | SnowedSeal: :O 
05:13:04.107 INFO  Minecraft: You cannot say the same message twice! 
05:13:04.386 INFO  Discord: [锔guild-chat] LS | SnowedSeal: op 
05:13:04.626 INFO  Minecraft: You cannot say the same message twice! 
05:13:05.123 INFO  Minecraft: Guild > [VIP+] WitheredRoyal [M]: Me I've made -100m from flipping 
05:13:08.097 INFO  Discord: [锔guild-chat] LS | SnowedSeal: 2: olyforever 
05:13:08.357 INFO  Minecraft: Guild > Minikloons [LS]: LS| SnowedSeal禄 2: olyforever 
05:13:11.585 INFO  Discord: [锔guild-chat] LS | SnowedSeal: 3: witheredroyal 
05:13:12.202 INFO  Minecraft: Guild > Minikloons [LS]: LS| SnowedSeal禄 3: witheredroyal 
05:13:16.341 INFO  Minecraft: Guild > yKxshi joined. 
05:13:20.688 INFO  Discord: [锔guild-chat] LS | SnowedSeal: 4: let me find some random person 
05:13:21.171 INFO  Minecraft: Guild > Minikloons [LS]: LS| SnowedSeal禄 4: let me find some random person 
05:13:21.178 INFO  Minecraft: Guild > [MVP+] gogyxdash [M]: imagine flipping 
05:13:23.219 INFO  Minecraft: Guild > [VIP] LRBenito [M]: im very good ah flipper 
05:13:23.353 INFO  Discord: [锔guild-chat] LS | SnowedSeal: in the guild 
05:13:23.640 INFO  Minecraft: Guild > Minikloons [LS]: LS| SnowedSeal禄 in the guild 
05:13:24.145 INFO  Minecraft: Guild > [VIP+] OLYforever [M]: ive made about like 60k from flipping im so good 
05:13:28.170 INFO  Minecraft: Guild > [MVP+] gogyxdash [M]: i dont have patience 
05:13:31.235 INFO  Minecraft: Guild > yKxshi left. 
05:13:44.173 INFO  Discord: [锔guild-chat] LS | SnowedSeal: gogyxdash is 4th best flipper 
05:13:44.441 INFO  Minecraft: Guild > Minikloons [LS]: LS| SnowedSeal禄 gogyxdash is 4th best flipper 
05:13:45.185 INFO  Discord: [锔guild-chat] LS | SnowedSeal: okay done 
05:13:45.475 INFO  Minecraft: Guild > Minikloons [LS]: LS| SnowedSeal禄 okay done 
05:13:46.188 INFO  Minecraft: Guild > [VIP] LRBenito [M]: best ironman ah flipper 
05:13:50.704 INFO  Minecraft: Guild > [VIP] LRBenito [M]: very good 
05:13:55.186 INFO  Discord: [锔guild-chat] LS | SnowedSeal: lrbenito is best ironman ah flipper 
05:13:55.433 INFO  Minecraft: Guild > Minikloons [LS]: LS| SnowedSeal禄 lrbenito is best ironman ah flipper 
05:14:03.183 INFO  Minecraft: Guild > [VIP+] WitheredRoyal [M]: I've actually only made like 5m from flipping doe 
05:14:42.537 INFO  Minecraft: Guild > OwOWolfs left. 
05:15:03.260 INFO  Minecraft: Guild > TheStachelfisch joined. 
05:16:38.457 INFO  Minecraft: Guild > LionyLev joined. 
05:18:52.688 INFO  Minecraft: Guild > TimothyPlays57 joined. 
05:19:04.895 INFO  Minecraft: Guild > [VIP+] OLYforever [M]: does anyone wanna play f5 party finder sucks 
05:19:13.833 INFO  Minecraft: Guild > [VIP] Hercules_RB [M]: s+? 
05:19:16.672 INFO  Minecraft: Guild > [VIP+] OLYforever [M]: yeah] 
05:19:21.999 INFO  Minecraft: Guild > [VIP] Hercules_RB [M]: sure 
05:24:56.093 INFO  Minecraft: Guild > OLYforever left. 
05:30:56.923 INFO  Minecraft: Guild > [VIP] Hercules_RB [M]: anyone know any working frag bots or are they all dead? 
05:35:41.002 INFO  Minecraft: Guild > [VIP+] WitheredRoyal [M]: Can someone "Teach me more about dungeon metas" 
05:35:52.318 INFO  Minecraft: Guild > [MVP+] gogyxdash [M]: what class 
05:35:59.239 INFO  Minecraft: Guild > [VIP+] WitheredRoyal [M]: and Why a bers cut my dmg in half to wear goldor 
05:41:28.858 INFO  Minecraft: Guild > yKxshi joined. 
05:47:04.503 INFO  Minecraft: Guild > UnknownShadow124 joined. 
05:47:13.558 INFO  Minecraft: Guild > LRBenito left. 
05:49:49.741 INFO  Minecraft: Guild > POGGORSEEL joined. 
05:51:13.754 INFO  Minecraft: Guild > Micah_W left. 
05:52:10.996 INFO  Minecraft: Guild > Micah_W joined. 
05:55:01.378 INFO  Minecraft: Guild > [VIP] Micah_W [M]: wait anyone know how I incresse the blocks I go with aote? 
05:55:11.360 INFO  Minecraft: Guild > [VIP+] WitheredRoyal [M]: Transmisson tuner 
05:55:16.605 INFO  Minecraft: Guild > [VIP] Micah_W [M]: oh ok thz 
05:56:30.410 INFO  Minecraft: Guild > LionyLev left. 
05:56:56.477 INFO  Minecraft: Guild > yKxshi left. 
05:57:05.457 INFO  Minecraft: Guild > yKxshi joined. 
06:00:08.149 INFO  Minecraft:  
06:00:08.166 INFO  Minecraft: [WATCHDOG ANNOUNCEMENT] 
06:00:08.168 INFO  Minecraft: Watchdog has banned 28,061 players in the last 7 days. 
06:00:08.169 INFO  Minecraft: Staff have banned an additional 17,068 in the last 7 days. 
06:00:08.171 INFO  Minecraft: Blacklisted modifications are a bannable offense! 
06:00:08.172 INFO  Minecraft:  
06:00:30.704 INFO  Minecraft: Guild > yKxshi left. 
06:00:57.883 INFO  Minecraft: Guild > yKxshi joined. 
06:02:54.074 INFO  Minecraft: Guild > yKxshi left. 
06:02:56.287 INFO  Minecraft: Guild > yKxshi joined. 
06:12:23.968 INFO  Minecraft: Guild > 3ctooo left. 
06:12:44.509 INFO  Minecraft: Guild > sommthing joined. 
06:12:49.318 INFO  Minecraft: Guild > TheStachelfisch left. 
06:12:54.601 INFO  Minecraft: Guild > TheStachelfisch joined. 
06:15:47.801 INFO  Minecraft: Guild > WitheredRoyal left. 
06:16:15.860 INFO  Minecraft: Guild > UnknownShadow124 left. 
06:16:58.817 INFO  Minecraft: Guild > LionyLev joined. 
06:17:08.823 INFO  Minecraft: Guild > LionyLev left. 
06:17:36.805 INFO  Minecraft: Guild > TimothyPlays57 left. 
06:18:02.444 INFO  Minecraft: Guild > UnknownShadow124 joined. 
06:26:37.204 INFO  Minecraft: Guild > TheStachelfisch left. 
06:26:38.904 INFO  Minecraft: Guild > TheStachelfisch joined. 
06:28:24.094 INFO  Minecraft: Guild > Redbeam747 joined. 
06:37:16.029 INFO  Minecraft: Guild > OwOPingu left. 
06:37:36.047 INFO  Minecraft: Guild > OwOPingu joined. 
06:37:42.222 INFO  Minecraft: Guild > Micah_W left. 
06:38:33.317 INFO  Minecraft: Guild > Micah_W joined. 
06:50:09.745 INFO  Minecraft: Guild > LionyLev joined. 
06:52:06.217 INFO  Minecraft: Guild > yKxshi left. 
06:52:59.050 INFO  Minecraft: Guild > yKxshi joined. 
06:54:28.142 INFO  Minecraft: Guild > [MVP+] yKxshi [M]: jesus fucking christ 
06:54:33.025 INFO  Minecraft: Guild > [MVP+] gogyxdash [M]: wut 
06:54:33.041 INFO  Minecraft: Guild > [MVP+] yKxshi [M]: i hate bedwars so much 
06:54:38.205 INFO  Minecraft: Guild > [MVP++] POGGORSEEL [F]: y 
06:54:39.611 INFO  Minecraft: Guild > [MVP+] yKxshi [M]: i tried bedwars armed 
06:54:42.488 INFO  Minecraft: Guild > [MVP+] yKxshi [M]: rn 
06:54:50.074 INFO  Minecraft: Guild > [VIP] Redbeam747 [M]: oh american bw 
06:54:50.200 INFO  Minecraft: Guild > [MVP+] yKxshi [M]: and there was this fucking little bitch of a non 
06:54:53.305 INFO  Minecraft: Guild > [VIP] Redbeam747 [M]: american bw is pog 
06:54:59.192 INFO  Minecraft: Guild > [MVP+] yKxshi [M]: kept targetting me and my team 
06:55:11.058 INFO  Minecraft: Guild > [MVP+] yKxshi [M]: and kept saying L in shout mode every time he killed me 
06:55:20.275 INFO  Minecraft: Guild > [MVP+] yKxshi [M]: wanna know the worst part 
06:55:24.392 INFO  Minecraft: Guild > [MVP+] yKxshi [M]: he was hacking 
06:55:27.911 INFO  Minecraft: Guild > [MVP+] yKxshi [M]: antikb 
06:55:34.154 INFO  Minecraft: Guild > [MVP++] POGGORSEEL [F]: my friend is an fps sweat and i made the mistake of doing armed with him 
06:55:38.144 INFO  Minecraft: Guild > [MVP+] yKxshi [M]: im so goddamn mad rn 
06:55:54.277 INFO  Minecraft: Guild > Hercules_RB left. 
06:56:02.165 INFO  Minecraft: Guild > [MVP+] yKxshi [M]: the little bitch's name is GBRIEL18 
06:56:53.459 INFO  Minecraft: Guild > yKxshi left. 
06:57:57.662 INFO  Minecraft: Guild > [MVP+] sommthing [M]: got all hub faries pog 
06:59:32.236 INFO  Minecraft: Guild > LRBenito joined. 
07:05:40.929 INFO  Minecraft: Guild > Hercules_RB joined. 
07:09:31.075 INFO  Minecraft: Guild > POGGORSEEL left. 
07:10:26.458 INFO  Minecraft: Guild > UnknownShadow124 left. 
07:12:55.292 INFO  Minecraft: Guild > POGGORSEEL joined. 
07:14:37.405 INFO  Minecraft: Guild > Redbeam747 left. 
07:16:42.469 INFO  Minecraft: Guild > LRBenito left. 
07:18:21.502 INFO  Minecraft: Guild > LRBenito joined. 
07:18:33.519 INFO  Minecraft: Guild > Redbeam747 joined. 
07:18:44.966 INFO  Minecraft: Guild > LionyLev left. 
07:22:18.017 INFO  Minecraft: Guild > LRBenito left. 
07:22:24.460 INFO  Minecraft: Guild > LRBenito joined. 
07:22:25.488 INFO  Minecraft: Guild > Hercules_RB left. 
07:22:29.467 INFO  Minecraft: Guild > Hercules_RB joined. 
07:28:04.025 INFO  Minecraft: Guild > TimothyPlays57 joined. 
07:33:46.181 INFO  Minecraft: Guild > LRBenito left. 
07:36:39.358 INFO  Discord: [锔guild-chat] Dev/Mod BamBoozledMC: bro i cant even log into the epic games launcher smh 
07:36:39.674 INFO  Minecraft: Guild > Minikloons [LS]: Dev/ModBamBoozledMC禄 bro i cant even log into the epic games launcher smh 
07:41:18.325 INFO  Minecraft: Guild > TheStachelfisch left. 
07:41:38.106 INFO  Minecraft: Guild > Redbeam747 left. 
07:55:19.523 INFO  Minecraft: Guild > TimothyPlays57 left. 
08:00:08.318 INFO  Minecraft:  
08:00:08.336 INFO  Minecraft: [WATCHDOG ANNOUNCEMENT] 
08:00:08.338 INFO  Minecraft: Watchdog has banned 27,961 players in the last 7 days. 
08:00:08.339 INFO  Minecraft: Staff have banned an additional 16,951 in the last 7 days. 
08:00:08.362 INFO  Minecraft: Blacklisted modifications are a bannable offense! 
08:00:08.366 INFO  Minecraft:  
08:01:53.058 INFO  Discord: [锔guild-chat] LS | SnowedSeal: sad 
08:01:53.354 INFO  Minecraft: Guild > Minikloons [LS]: LS| SnowedSeal禄 sad 
08:04:54.334 INFO  Discord: [锔guild-chat] LS | SnowedSeal: EVERYONE 
08:04:54.620 INFO  Minecraft: Guild > Minikloons [LS]: LS| SnowedSeal禄 EVERYONE 
08:05:01.892 INFO  Discord: [锔guild-chat] LS | SnowedSeal: boost server!!! 
08:05:02.459 INFO  Minecraft: Guild > Minikloons [LS]: LS| SnowedSeal禄 boost server!!! 
08:05:03.472 INFO  Discord: [锔guild-chat] LS | SnowedSeal: or uh 
08:05:03.758 INFO  Minecraft: Guild > Minikloons [LS]: LS| SnowedSeal禄 or uh 
08:05:08.804 INFO  Discord: [锔guild-chat] LS | SnowedSeal: kicked out of f10 boss team 
08:05:09.365 INFO  Minecraft: Guild > Minikloons [LS]: LS| SnowedSeal禄 kicked out of f10 boss team 
08:05:31.344 INFO  Minecraft: Guild > [MVP+] sommthing [M]: but it costs dollar 
08:05:35.377 INFO  Minecraft: Guild > [MVP+] sommthing [M]: and im poor 
08:06:04.068 INFO  Discord: [锔guild-chat] LS | SnowedSeal: get dollar 
08:06:04.697 INFO  Minecraft: Guild > Minikloons [LS]: LS| SnowedSeal禄 get dollar 
08:09:12.132 INFO  Minecraft: Guild > [MVP+] sommthing [M]: any1 f6 s+ 
08:11:25.773 INFO  Discord: [锔guild-chat] LS | SnowedSeal: no 
08:11:26.368 INFO  Minecraft: Guild > Minikloons [LS]: LS| SnowedSeal禄 no 
08:11:28.926 INFO  Discord: [锔guild-chat] LS | SnowedSeal: you must boost server 
08:11:29.375 INFO  Minecraft: Guild > Minikloons [LS]: LS| SnowedSeal禄 you must boost server 
08:11:38.365 INFO  Discord: [锔guild-chat] LS | SnowedSeal: :))) 
08:11:38.610 INFO  Minecraft: Guild > Minikloons [LS]: LS| SnowedSeal禄 :))) 
08:11:40.418 INFO  Minecraft: Guild > Micah_W left. 
08:11:50.380 INFO  Discord: [锔guild-chat] LS | SnowedSeal: boost=the godly snowedseal joins 
08:11:50.669 INFO  Minecraft: Guild > Minikloons [LS]: LS| SnowedSeal禄 boost=the godly snowedseal joins 
08:13:08.970 INFO  Minecraft: Guild > SnowedSeal joined. 
08:13:17.026 INFO  Minecraft: Guild > [MVP++] SnowedSeal [LS]: INSANE SERVER HENLO BOOST 
08:14:55.143 INFO  Minecraft: Guild > LionyLev joined. 
08:20:25.890 INFO  Minecraft: Guild > [MVP+] LionyLev [LS]: pog cata 32 
08:20:31.729 INFO  Minecraft: Guild > [MVP++] SnowedSeal [LS]: gg 
08:22:08.826 INFO  Minecraft: Guild > Hercules_RB left. 
08:22:54.822 INFO  Minecraft: Guild > [MVP++] SnowedSeal [LS]: . 
08:24:09.931 INFO  Minecraft: Guild > [MVP++] SnowedSeal [LS]: biggies 
08:24:12.271 INFO  Minecraft: Guild > [MVP++] SnowedSeal [LS]: wc 
08:28:50.440 INFO  Minecraft: Guild > SnowedSeal left. 
08:29:51.266 INFO  Minecraft: Guild > [MVP+] sommthing [M]: GIANTSD 
08:29:54.335 INFO  Minecraft: Guild > [MVP+] sommthing [M]: GIANTSD////// 
08:29:55.307 INFO  Minecraft: Guild > [MVP+] sommthing [M]: GIANTSD////////////// 
08:29:58.252 INFO  Minecraft: Guild > [VIP+] OwOPingu [F]: on g? 
08:29:58.268 INFO  Minecraft: Guild > [MVP+] sommthing [M]: OMG 
08:30:19.453 INFO  Minecraft: Guild > [MVP+] LionyLev [LS]: gs? 
08:30:23.211 INFO  Minecraft: Guild > [MVP+] sommthing [M]: YES 
08:30:25.323 INFO  Minecraft: Guild > [MVP+] sommthing [M]: OMFG 
08:30:28.321 INFO  Minecraft: Guild > [MVP+] LionyLev [LS]: GG 
08:30:42.836 INFO  Minecraft: Guild > [MVP+] LionyLev [LS]: can u afford it? 
08:30:48.290 INFO  Minecraft: Guild > [MVP+] sommthing [M]: YESSIR 
08:30:50.312 INFO  Minecraft: Guild > [MVP+] sommthing [M]: LETS GO 
08:30:51.406 INFO  Minecraft: Guild > [MVP+] LionyLev [LS]: GGGGGG 
08:32:47.586 INFO  Minecraft: Guild > [MVP+] sommthing [M]: should i keep the gs 
08:32:48.955 INFO  Minecraft: Guild > [MVP+] sommthing [M]: or sell 
08:33:03.568 INFO  Minecraft: Guild > LRBenito joined. 
08:33:05.603 INFO  Minecraft: Guild > [VIP+] OwOPingu [F]: what would you use it on? 
08:33:05.937 INFO  Minecraft: Guild > [MVP+] sommthing [M]: im probably gonna sell bc i think they're gonna nerf ofa 
08:33:12.705 INFO  Minecraft: Guild > [MVP+] LionyLev [LS]: ok 
08:33:28.616 INFO  Minecraft: Guild > [MVP+] LionyLev [LS]: if i got i would sell to save for hype 
08:33:35.830 INFO  Minecraft: Guild > [VIP+] OwOPingu [F]: smort 
08:37:24.175 INFO  Minecraft: Guild > 4717 joined. 
08:40:00.113 INFO  Minecraft: Guild > Hercules_RB joined. 
08:41:02.216 INFO  Minecraft: Guild > SirTappy joined. 
08:43:54.802 INFO  Minecraft: Guild > 4717 left. 
08:44:10.434 INFO  Minecraft: Guild > 4717 joined. 
08:47:02.588 INFO  Minecraft: Guild > sommthing left. 
08:47:23.616 INFO  Minecraft: Guild > noteisaqt joined. 
08:50:02.986 INFO  Minecraft: Guild > Hercules_RB left. 
08:51:24.605 INFO  Minecraft: Guild > 4717 left. 
08:55:04.516 INFO  Minecraft: Guild > sommthing joined. 
08:55:08.530 INFO  Minecraft: Guild > sommthing left. 
09:00:04.016 INFO  Minecraft: Guild > LionyLev left. 
09:04:20.167 INFO  Minecraft: Guild > LRBenito left. 
09:04:36.172 INFO  Minecraft: Guild > SnowedSeal joined. 
09:04:39.291 INFO  Minecraft: Guild > [MVP++] SnowedSeal [LS]: henlo 
09:05:12.370 INFO  Minecraft: Guild > [MVP++] SnowedSeal [LS]: OMG 
09:05:15.861 INFO  Minecraft: Guild > [MVP++] SnowedSeal [LS]: NEW META 
09:05:17.176 INFO  Minecraft: Guild > [MVP++] SnowedSeal [LS]: SO OP 
09:08:06.578 INFO  Minecraft: Guild > SnowedSeal left. 
09:09:57.028 INFO  Minecraft: Guild > clonzy joined. 
09:11:25.729 INFO  Minecraft: Guild > SirTappy left. 
09:11:29.958 INFO  Minecraft: Guild > SirTappy joined. 
09:15:34.455 INFO  Minecraft: Guild > ranger4josh joined. 
09:16:52.107 INFO  Minecraft: Guild > [MVP++] ranger4josh [M]: hi 
09:16:54.448 INFO  Minecraft: Guild > [MVP++] ranger4josh [M]: wc 
09:17:44.020 INFO  Minecraft: Guild > 4717 joined. 
09:18:08.108 INFO  Minecraft: Guild > Hercules_RB joined. 
09:22:43.172 INFO  Minecraft: Guild > SirTappy left. 
09:22:47.203 INFO  Minecraft: Guild > SirTappy joined. 
09:26:19.808 INFO  Minecraft: Guild > [VIP] 4717 [M]: anyone wanna help me with f5 dungeons 
09:40:58.254 INFO  Minecraft: Guild > 4717 left. 
09:44:34.163 INFO  Minecraft: Guild > clonzy left. 
09:52:21.561 INFO  Minecraft: Guild > sommthing joined. 
09:54:50.567 INFO  Minecraft: Guild > Hercules_RB left. 
09:56:19.643 INFO  Minecraft: Guild > POGGORSEEL left. 
09:57:13.882 INFO  Minecraft: Guild > Hercules_RB joined. 
10:00:08.862 INFO  Minecraft:  
10:00:08.888 INFO  Minecraft: [WATCHDOG ANNOUNCEMENT] 
10:00:08.890 INFO  Minecraft: Watchdog has banned 27,939 players in the last 7 days. 
10:00:08.892 INFO  Minecraft: Staff have banned an additional 16,897 in the last 7 days. 
10:00:08.895 INFO  Minecraft: Blacklisted modifications are a bannable offense! 
10:00:08.899 INFO  Minecraft:  
10:05:45.245 INFO  Minecraft: Guild > LionyLev joined. 
10:09:56.528 INFO  Minecraft: Guild > LRBenito joined. 
10:16:32.674 INFO  Minecraft: Guild > ranger4josh left. 
10:16:38.653 INFO  Minecraft: Guild > ranger4josh joined. 
10:19:53.209 INFO  Minecraft: Guild > SirTappy left. 
10:19:55.885 INFO  Minecraft: Guild > SirTappy joined. 
10:24:29.142 INFO  Minecraft: Guild > ranger4josh left. 
10:26:00.298 INFO  Minecraft: Guild > LionyLev left. 
10:27:06.262 INFO  Minecraft: Guild > LRBenito left. 
10:29:48.337 INFO  Minecraft: Guild > Hercules_RB left. 
10:31:00.452 INFO  Minecraft: Guild > SirTappy left. 
10:31:59.444 INFO  Minecraft: Guild > SirTappy joined. 
10:40:05.841 INFO  Minecraft: Guild > noteisaqt left. 
10:41:30.960 INFO  Minecraft: Guild > LionyLev joined. 
10:43:06.050 INFO  Minecraft: Guild > SnowedSeal joined. 
10:43:12.031 INFO  Minecraft: Guild > [MVP++] SnowedSeal [LS]: henlo 
10:43:16.347 INFO  Minecraft: Guild > [MVP+] LionyLev [LS]: henlo 
10:43:22.269 INFO  Minecraft: Guild > WitheredRoyal joined. 
10:44:12.244 INFO  Minecraft: Guild > [MVP++] SnowedSeal [LS]: im going to try the inevitable 
10:44:15.251 INFO  Minecraft: Guild > [MVP++] SnowedSeal [LS]: i'm going to try to 
10:44:24.261 INFO  Minecraft: Guild > [MVP++] SnowedSeal [LS]: uh 
10:44:31.325 INFO  Minecraft: Guild > [MVP++] SnowedSeal [LS]: grind ghosts 
10:44:33.284 INFO  Minecraft: Guild > [MVP++] SnowedSeal [LS]: with a phantom rod 
10:44:39.255 INFO  Minecraft: Guild > [MVP+] LionyLev [LS]: ok gl 
10:44:40.690 INFO  Minecraft: Guild > [VIP+] WitheredRoyal [M]: :o 
10:44:50.603 INFO  Minecraft: Guild > WitheredRoyal left. 
10:44:59.074 INFO  Minecraft: Guild > WitheredRoyal joined. 
10:45:19.082 INFO  Minecraft: Guild > WitheredRoyal left. 
10:45:38.619 INFO  Minecraft: Guild > sommthing left. 
10:45:48.664 INFO  Minecraft: Guild > LionyLev left. 
10:47:13.743 INFO  Minecraft: Guild > SirTappy left. 
10:51:37.482 INFO  Minecraft: Guild > WitheredRoyal joined. 
10:52:11.479 INFO  Minecraft: Guild > [MVP++] SnowedSeal [LS]: first one to say seal gets ender cortexman rewriter 
10:52:18.032 INFO  Minecraft: Guild > [VIP+] WitheredRoyal [M]: seal 
10:52:47.791 INFO  Minecraft: Guild > [VIP+] WitheredRoyal [M]: :D 
10:52:48.850 INFO  Minecraft: Guild > [MVP++] SnowedSeal [LS]: guys 
10:52:51.524 INFO  Minecraft: Guild > [MVP++] SnowedSeal [LS]: i exposed a duper 
10:52:58.502 INFO  Minecraft: Guild > [MVP++] SnowedSeal [LS]: deezull is a duper 
10:53:18.632 INFO  Minecraft: Guild > [VIP+] WitheredRoyal [M]: Oh yeah? And who's deezull? 
10:53:31.956 INFO  Minecraft: Guild > [MVP++] SnowedSeal [LS]: no u 
10:54:33.047 INFO  Minecraft: Guild > [VIP+] WitheredRoyal [M]: Would it be worth it to sell my necron and buy sa w/ a juju shortbow 
10:54:40.575 INFO  Minecraft: Guild > [MVP++] SnowedSeal [LS]: only if 
10:54:52.601 INFO  Minecraft: Guild > [MVP++] SnowedSeal [LS]: NECRONBOW 
10:55:01.605 INFO  Minecraft: Guild > [VIP+] WitheredRoyal [M]: What ;-; 
10:55:10.625 INFO  Minecraft: Guild > [MVP++] SnowedSeal [LS]: juju necronbow 
10:55:16.607 INFO  Minecraft: Guild > [VIP+] WitheredRoyal [M]: Ah yes 
10:55:17.817 INFO  Minecraft: Guild > [MVP++] SnowedSeal [LS]: necron shortbow 
10:55:34.840 INFO  Minecraft: Guild > [VIP+] WitheredRoyal [M]: (But seriously would that be viable for like m1 witha bby yeti?) 
10:55:46.805 INFO  Minecraft: Guild > [MVP++] SnowedSeal [LS]: no 
10:55:56.829 INFO  Minecraft: Guild > [VIP+] WitheredRoyal [M]: K ;-; 
10:55:59.137 INFO  Minecraft: Guild > [MVP++] SnowedSeal [LS]: better setup is necron shortbow 
10:56:02.701 INFO  Minecraft: Guild > [MVP++] SnowedSeal [LS]: with juju armor 
10:56:15.161 INFO  Minecraft: Guild > [VIP+] WitheredRoyal [M]: ;-; 
10:56:17.733 INFO  Minecraft: Guild > [MVP++] SnowedSeal [LS]: it claps them 
10:57:18.745 INFO  Minecraft: Guild > [VIP+] WitheredRoyal [M]: Bw any1? 
10:57:26.970 INFO  Minecraft: Guild > [MVP++] SnowedSeal [LS]: no 
10:57:32.751 INFO  Minecraft: Guild > [VIP+] WitheredRoyal [M]: Ok T-T 
10:57:43.753 INFO  Minecraft: Guild > [MVP++] SnowedSeal [LS]: Okay 
10:58:00.869 INFO  Minecraft: Guild > [VIP+] WitheredRoyal [M]: :? 
10:58:12.921 INFO  Minecraft: Guild > [MVP++] SnowedSeal [LS]: No 
10:58:24.952 INFO  Minecraft: Guild > [VIP+] WitheredRoyal [M]: What? 
10:58:32.170 INFO  Minecraft: Guild > [MVP++] SnowedSeal [LS]: okay 
10:59:30.856 INFO  Minecraft: Guild > [MVP++] SnowedSeal [LS]: grinding for maxedo ut sup 
10:59:34.821 INFO  Minecraft: Guild > [MVP++] SnowedSeal [LS]: without the legion 5 
11:00:54.082 INFO  Minecraft: Guild > [MVP++] SnowedSeal [LS]: OwO 
11:01:24.556 INFO  Minecraft: Guild > [MVP++] SnowedSeal [LS]: imma try dungeon fishing 
11:03:46.182 INFO  Minecraft: Guild > LionyLev joined. 
11:04:27.248 INFO  Minecraft: Guild > [MVP++] SnowedSeal [LS]: anyone want to buy sup 
11:04:29.360 INFO  Minecraft: Guild > [MVP++] SnowedSeal [LS]: dragon 
11:04:39.427 INFO  Minecraft: Guild > [VIP+] WitheredRoyal [M]: No 
11:04:39.697 INFO  Minecraft: Guild > [MVP++] SnowedSeal [LS]: 5starred 
11:21:20.461 INFO  Minecraft: Guild > [MVP++] SnowedSeal [LS]: thanks 
11:21:22.729 INFO  Minecraft: Guild > [MVP++] SnowedSeal [LS]: wc 
11:25:24.830 INFO  Minecraft: Guild > LionyLev left. 
11:25:29.818 INFO  Minecraft: Guild > LionyLev joined. 
11:30:00.663 INFO  Minecraft: Guild > SnowedSeal left. 
11:33:10.645 INFO  Minecraft: Guild > LionyLev left. 
11:36:23.933 INFO  Minecraft: Guild > LionyLev joined. 
11:38:56.899 INFO  Minecraft: Guild > noteisaqt joined. 
11:50:14.681 INFO  Minecraft: Guild > LionyLev left. 
11:51:20.346 INFO  Minecraft: Guild > ranger4josh joined. 
12:00:08.907 INFO  Minecraft:  
12:00:08.929 INFO  Minecraft: [WATCHDOG ANNOUNCEMENT] 
12:00:08.931 INFO  Minecraft: Watchdog has banned 27,927 players in the last 7 days. 
12:00:08.933 INFO  Minecraft: Staff have banned an additional 16,945 in the last 7 days. 
12:00:08.938 INFO  Minecraft: Blacklisted modifications are a bannable offense! 
12:00:08.940 INFO  Minecraft:  
12:10:50.355 INFO  Minecraft: Guild > LionyLev joined. 
12:13:18.455 INFO  Minecraft: Guild > WitheredRoyal left. 
12:23:45.107 INFO  Minecraft: Guild > LionyLev left. 
12:30:49.696 INFO  Minecraft: Guild > SirTappy joined. 
12:37:12.225 INFO  Minecraft: Guild > SirTappy left. 
12:37:15.675 INFO  Minecraft: Guild > SirTappy joined. 
12:43:36.357 INFO  Minecraft: Guild > ranger4josh left. 
12:56:31.479 INFO  Minecraft: Guild > ranger4josh joined. 
13:11:36.086 INFO  Minecraft: Guild > LRBenito joined. 
13:19:06.417 INFO  Minecraft: Guild > SirTappy left. 
13:24:06.616 INFO  Minecraft: Guild > SirTappy joined. 
13:25:29.663 INFO  Minecraft: Guild > ranger4josh left. 
13:26:34.612 INFO  Minecraft: Guild > LRBenito left. 
13:36:51.748 INFO  Discord: [锔guild-chat] Boomerseal has so much clout OMG: Ayyyy 
13:36:52.069 INFO  Minecraft: Guild > Minikloons [LS]: Boomersealhas so much clout OMG禄 Ayyyy 
13:36:54.119 INFO  Discord: [锔guild-chat] Boomerseal has so much clout OMG: Snowed 
13:36:54.605 INFO  Minecraft: Guild > Minikloons [LS]: Boomersealhas so much clout OMG禄 Snowed 
13:37:02.040 INFO  Discord: [锔guild-chat] Boomerseal has so much clout OMG: You have Walter skin 
13:37:02.613 INFO  Minecraft: Guild > Minikloons [LS]: Boomersealhas so much clout OMG禄 You have Walter skin 
13:37:04.577 INFO  Discord: [锔guild-chat] Boomerseal has so much clout OMG: Pro 
13:37:04.863 INFO  Minecraft: You cannot say the same message twice! 
13:37:16.909 INFO  Discord: [锔guild-chat] Boomerseal has so much clout OMG: Hello 
13:37:17.182 INFO  Minecraft: You cannot say the same message twice! 
13:37:26.623 INFO  Discord: [锔guild-chat] Boomerseal has so much clout OMG: Is the party time event occurring 
13:37:27.026 INFO  Minecraft: Guild > Minikloons [LS]: Boomersealhas so much clout OMG禄 Is the party time event occurring 
13:37:29.617 INFO  Discord: [锔guild-chat] Boomerseal has so much clout OMG: Hello 
13:37:29.871 INFO  Minecraft: Guild > Minikloons [LS]: Boomersealhas so much clout OMG禄 Hello 
13:37:30.774 INFO  Discord: [锔guild-chat] Boomerseal has so much clout OMG: Halp 
13:37:31.034 INFO  Minecraft: You cannot say the same message twice! 
13:37:35.702 INFO  Discord: [锔guild-chat] Boomerseal has so much clout OMG: Answer 
13:37:35.960 INFO  Minecraft: Guild > Minikloons [LS]: Boomersealhas so much clout OMG禄 Answer 
13:37:40.063 INFO  Discord: [锔guild-chat] Boomerseal has so much clout OMG: Please I beg 
13:37:40.642 INFO  Minecraft: Guild > Minikloons [LS]: Boomersealhas so much clout OMG禄 Please I beg 
13:37:51.967 INFO  Minecraft: Guild > Micah_W joined. 
13:38:14.793 INFO  Discord: [锔guild-chat] Boomerseal has so much clout OMG: ? 
13:38:15.063 INFO  Minecraft: You cannot say the same message twice! 
13:38:17.668 INFO  Discord: [锔guild-chat] Boomerseal has so much clout OMG: Hello??? 
13:38:17.930 INFO  Minecraft: You cannot say the same message twice! 
13:38:24.962 INFO  Discord: [锔guild-chat] Boomerseal has so much clout OMG: Are all the rats sleeping? 
13:38:25.617 INFO  Minecraft: Guild > Minikloons [LS]: Boomersealhas so much clout OMG禄 Are all the rats sleeping? 
13:38:27.765 INFO  Discord: [锔guild-chat] Boomerseal has so much clout OMG: Dammit 
13:38:28.020 INFO  Minecraft: Guild > Minikloons [LS]: Boomersealhas so much clout OMG禄 Dammit 
13:45:23.440 INFO  Minecraft: Guild > [MVP+] gogyxdash [M]: wtf 
13:45:29.045 INFO  Minecraft: Guild > [MVP+] gogyxdash [M]: this non has invited me like 10 times 
13:45:31.915 INFO  Minecraft: Guild > [MVP+] gogyxdash [M]: idk who heis 
13:45:39.938 INFO  Minecraft: Guild > [MVP+] gogyxdash [M]: so i ignore added him 
13:49:06.046 INFO  Minecraft: Guild > ranger4josh joined. 
13:51:14.340 INFO  Discord: [锔guild-chat] LS | SnowedSeal: FREE2NFG 
13:51:14.650 INFO  Minecraft: Guild > Minikloons [LS]: LS| SnowedSeal禄 FREE2NFG 
13:51:16.413 INFO  Discord: [锔guild-chat] LS | SnowedSeal: wc 
13:51:16.661 INFO  Minecraft: Guild > Minikloons [LS]: LS| SnowedSeal禄 wc 
13:51:22.419 INFO  Discord: [锔guild-chat] LS | SnowedSeal: bye 
13:51:22.684 INFO  Minecraft: Guild > Minikloons [LS]: LS| SnowedSeal禄 bye 
14:00:09.106 INFO  Minecraft:  
14:00:09.123 INFO  Minecraft: [WATCHDOG ANNOUNCEMENT] 
14:00:09.124 INFO  Minecraft: Watchdog has banned 27,875 players in the last 7 days. 
14:00:09.126 INFO  Minecraft: Staff have banned an additional 16,823 in the last 7 days. 
14:00:09.128 INFO  Minecraft: Blacklisted modifications are a bannable offense! 
14:00:09.132 INFO  Minecraft:  
14:00:13.764 INFO  Minecraft: Guild > friendly_rook joined. 
14:01:10.868 INFO  Minecraft: Guild > ranger4josh left. 
14:01:56.714 INFO  Minecraft: Guild > SirTappy left. 
14:02:03.892 INFO  Minecraft: Guild > SirTappy joined. 
14:33:12.212 INFO  Minecraft: Guild > ranger4josh joined. 
14:37:26.659 INFO  Minecraft: Guild > SirTappy left. 
14:39:03.399 INFO  Minecraft: Guild > noteisaqt left. 
14:44:02.336 INFO  Minecraft: Guild > [VIP] friendly_rook [M]: how long is nitro server boost last for 
14:47:31.115 INFO  Minecraft: Guild > ranger4josh left. 
14:54:14.768 INFO  Minecraft: Guild > [VIP] friendly_rook [M]: someone buy my tara pet 
14:58:22.818 INFO  Minecraft: Guild > SirTappy joined. 
15:14:21.847 INFO  Minecraft: Guild > SirTappy left. 
15:14:26.820 INFO  Minecraft: Guild > SirTappy joined. 
15:15:25.894 INFO  Minecraft: Guild > SirTappy left. 
15:27:52.255 INFO  Minecraft: Guild > SirTappy joined. 
15:32:39.592 INFO  Minecraft: Guild > SirTappy left. 
15:41:00.097 INFO  Minecraft: Guild > Micah_W left. 
15:41:46.617 INFO  Minecraft: Guild > Micah_W joined. 
15:51:50.874 INFO  Minecraft: Guild > ranger4josh joined. 
15:52:32.811 INFO  Minecraft: Guild > OwOPingu left. 
16:00:09.270 INFO  Minecraft:  
16:00:09.293 INFO  Minecraft: [WATCHDOG ANNOUNCEMENT] 
16:00:09.295 INFO  Minecraft: Watchdog has banned 27,860 players in the last 7 days. 
16:00:09.297 INFO  Minecraft: Staff have banned an additional 16,834 in the last 7 days. 
16:00:09.299 INFO  Minecraft: Blacklisted modifications are a bannable offense! 
16:00:09.300 INFO  Minecraft:  
16:00:20.342 INFO  Minecraft: Guild > BamBoozledMC joined. 
16:03:49.656 INFO  Minecraft: Guild > [MVP++] ranger4josh [M]: pog 
16:04:06.447 INFO  Minecraft: Guild > [MVP++] ranger4josh [M]: i just won a bw game in the best way possible 
16:04:19.666 INFO  Minecraft: Guild > [MVP++] ranger4josh [M]: i got invis and jump broke the bed, hit one dude off into void then went onto roof 
16:04:25.383 INFO  Minecraft: Guild > [MVP++] ranger4josh [M]: one dude followed me i hit him off 
16:04:38.578 INFO  Minecraft: Guild > [MVP++] ranger4josh [M]: then the other two dudes forgot about me and i hit them both off into void 
16:07:25.646 INFO  Minecraft: Guild > [MVP++] ranger4josh [M]: gday 
16:07:27.552 INFO  Minecraft: Guild > [MVP++] ranger4josh [M]: wc 
16:49:38.090 INFO  Minecraft: Guild > clonzy joined. 
16:52:01.224 INFO  Minecraft: Guild > ranger4josh left. 
16:59:52.709 INFO  Minecraft: Guild > gogyxdash left. 
17:05:17.659 INFO  Minecraft: Guild > YoMadaEatingRice joined. 
17:20:40.217 INFO  Logging in. 
17:20:43.752 INFO  Discord: Logged in. 
17:20:45.117 INFO  Logged in. 
17:20:45.484 INFO  Minecraft:                                       
17:20:45.516 INFO  Minecraft:                           
17:20:45.904 INFO  Minecraft: You found a 扳扳扳扳 Mystery Box! 
17:20:48.661 INFO  Minecraft: ----------------------------------------------------- 
17:20:48.669 INFO  Minecraft: Requirements are Skill Avg 23, Cata 23, and 170m net, along 
17:20:48.691 INFO  Minecraft: with 85k gexp a week! Make sure to have fun and contact 
17:20:48.714 INFO  Minecraft: OwOSeal or Smol if you have something to report, or something else to say! 
17:20:48.720 INFO  Minecraft: ----------------------------------------------------- 
17:20:51.102 INFO  Sending to skyblock. 
17:20:51.506 INFO  Minecraft: [MVP+] lovetvlk joined the lobby! 
17:20:51.509 INFO  Sending to skyblock. 
17:20:51.918 INFO  Minecraft: Guild > [MVP+] BamBoozledMC [LS]: fixed 
17:20:52.448 INFO  Minecraft: Sending to server mini843D... 
17:20:52.463 INFO  Logged in. 
17:20:52.536 INFO  Minecraft: Please don't spam the command! 
17:20:52.597 INFO  Minecraft:         
17:20:54.930 INFO  Minecraft: Guild > [MVP+] BamBoozledMC [LS]: !ping 
17:20:56.382 INFO  Minecraft: You're already sitting on this island! 
17:20:57.243 INFO  Minecraft: You are playing on profile: Zucchini (Co-op) 
17:20:57.486 INFO  Minecraft:  
17:20:57.489 INFO  Minecraft: Welcome to Hypixel SkyBlock! 
17:20:57.499 INFO  Minecraft: ALLOWANCE! You earned 50,000 coins! 
17:20:58.052 INFO  Sending to skyblock. 
17:20:58.110 INFO  Minecraft: Guild > Minikloons [LS]: According to my calculations... i have 237ms ping 
17:20:58.208 INFO  Minecraft: You're already sitting on this island! 
17:20:58.716 INFO  Minecraft: Cannot join SkyBlock for a moment! (Queue join in cooldown) 
17:21:03.545 INFO  Minecraft: You're already sitting on this island! 
17:21:10.683 INFO  Minecraft: Guild > Micah_W left. 
17:22:23.650 INFO  Minecraft: Guild > BamBoozledMC left. 
17:23:13.613 INFO  Minecraft: Guild > friendly_rook left. 
17:24:11.708 INFO  Minecraft: Guild > BamBoozledMC joined. 
17:32:08.969 INFO  Minecraft: Guild > clonzy left. 
17:32:15.121 INFO  Minecraft: Guild > ranger4josh joined. 
17:43:06.217 INFO  Minecraft: Guild > ranger4josh left. 
17:44:37.326 INFO  Minecraft: Guild > ranger4josh joined. 
17:47:39.570 INFO  Minecraft: Guild > BamBoozledMC left. 
18:00:08.235 INFO  Minecraft: Guild > ranger4josh left. 
18:00:11.047 INFO  Minecraft:  
18:00:11.051 INFO  Minecraft: [WATCHDOG ANNOUNCEMENT] 
18:00:11.053 INFO  Minecraft: Watchdog has banned 27,891 players in the last 7 days. 
18:00:11.054 INFO  Minecraft: Staff have banned an additional 16,776 in the last 7 days. 
18:00:11.056 INFO  Minecraft: Blacklisted modifications are a bannable offense! 
18:00:11.058 INFO  Minecraft:  
18:03:39.237 INFO  Minecraft: Guild > OLYforever joined. 
18:04:00.400 INFO  Minecraft: Guild > clonzy joined. 
18:04:10.206 INFO  Minecraft: Guild > ranger4josh joined. 
18:04:48.311 INFO  Minecraft: Guild > ReS_Awesome joined. 
18:10:40.916 INFO  Minecraft: Guild > ReS_Awesome left. 
18:19:53.858 INFO  Minecraft: Guild > ranger4josh left. 
18:34:45.523 INFO  Minecraft: Guild > 3ctooo joined. 
18:37:38.861 INFO  Minecraft: Guild > clonzy left. 
18:39:20.867 INFO  Minecraft: Guild > YoMadaEatingRice left. 
18:41:52.318 INFO  Minecraft: Guild > YoMadaEatingRice joined. 
18:54:52.765 INFO  Minecraft: Guild > YoMadaEatingRice left. 
19:05:49.485 INFO  Minecraft: Guild > ranger4josh joined. 
19:16:25.106 INFO  Minecraft: Guild > [VIP+] OLYforever [M]: /ah olyforever buy my stuff 
19:21:19.392 INFO  Minecraft: Guild > [VIP+] OLYforever [M]: if any flippers wanna buy my ah you should do it now im selling alot of stuff 
19:29:08.490 INFO  Minecraft: Guild > OLYforever left. 
19:34:34.273 INFO  Minecraft: Guild > 3ctooo left. 
19:34:36.327 INFO  Minecraft: Guild > 3ctooo joined. 
19:36:30.176 INFO  Minecraft: Guild > [MVP++] ranger4josh [M]: lol i have almost double the xp that 2nd has for gexp 
19:36:54.381 INFO  Minecraft: Guild > ranger4josh left. 
19:39:47.608 INFO  Minecraft: Guild > OLYforever joined. 
19:40:57.731 INFO  Minecraft: Guild > OLYforever left. 
19:41:56.513 INFO  Minecraft: Guild > OLYforever joined. 
19:42:10.459 INFO  Minecraft: Guild > friendly_rook joined. 
19:42:58.693 INFO  Minecraft: Guild > [VIP+] OLYforever [M]: midas staff boisss 
19:43:11.123 INFO  Minecraft: Guild > [VIP] friendly_rook [M]: it is so good 
19:43:15.056 INFO  Minecraft: Guild > [VIP] friendly_rook [M]: i buy mine today 
19:43:22.122 INFO  Minecraft: Guild > [VIP+] OLYforever [M]: i just bought mine 
19:44:26.573 INFO  Minecraft: Guild > [VIP] friendly_rook [M]: what price you buy 
19:44:31.105 INFO  Minecraft: Guild > [VIP] friendly_rook [M]: brought 
19:44:32.908 INFO  Minecraft: Guild > [VIP+] OLYforever [M]: 100m 
19:44:39.792 INFO  Minecraft: Guild > [VIP+] OLYforever [M]: i bought mine for like 110m 
19:44:48.672 INFO  Minecraft: Guild > [VIP+] OLYforever [M]: recombed 5* and some t6 enchants 
19:44:58.347 INFO  Minecraft: Guild > [VIP] friendly_rook [M]: i buy mine at 107mil 
19:45:11.813 INFO  Minecraft: Guild > [VIP+] OLYforever [M]: yoou should put smite on it 
19:45:18.004 INFO  Minecraft: Guild > [VIP+] OLYforever [M]: not BoA 
19:45:25.395 INFO  Minecraft: Guild > [VIP] friendly_rook [M]: i do spider slayer just now 
19:45:32.606 INFO  Minecraft: Guild > [VIP+] OLYforever [M]: with a midas staff? 
19:45:37.611 INFO  Minecraft: Guild > [VIP] friendly_rook [M]: 2tap 
19:45:40.380 INFO  Minecraft: Guild > [VIP] friendly_rook [M]: yes 
19:45:49.930 INFO  Minecraft: Guild > [VIP+] OLYforever [M]: i do 1m damage outside of dungeons 
19:46:24.238 INFO  Minecraft: Guild > [VIP+] OLYforever [M]: now im broke asf again tho 
19:51:10.577 INFO  Minecraft: Guild > BamBoozledMC joined. 
19:58:07.910 INFO  Minecraft: Guild > [VIP+] OLYforever [M]: can i use the bot to queue a solo dungeon? 
19:58:25.112 INFO  Minecraft: Guild > BamBoozledMC left. 
19:58:29.375 INFO  Minecraft: Guild > BamBoozledMC joined. 
20:00:02.108 INFO  Discord: [锔guild-chat] ┿尖: /party OLYforever 
20:00:02.510 INFO  Minecraft: ----------------------------- 
20:00:02.516 INFO  Minecraft: Minikloons invited [VIP+] OLYforever to the party! They have 60 seconds to accept. 
20:00:02.518 INFO  Minecraft: ----------------------------- 
20:00:05.829 INFO  Minecraft: ----------------------------- 
20:00:05.833 INFO  Minecraft: [VIP+] OLYforever joined the party. 
20:00:05.835 INFO  Minecraft: ----------------------------- 
20:00:11.211 INFO  Minecraft:  
20:00:11.215 INFO  Minecraft: [WATCHDOG ANNOUNCEMENT] 
20:00:11.217 INFO  Minecraft: Watchdog has banned 27,964 players in the last 7 days. 
20:00:11.219 INFO  Minecraft: Staff have banned an additional 16,708 in the last 7 days. 
20:00:11.221 INFO  Minecraft: Blacklisted modifications are a bannable offense! 
20:00:11.222 INFO  Minecraft:  
20:00:12.469 INFO  Discord: [锔guild-chat] ┿尖: /pt OLYforever 
20:00:12.718 INFO  Minecraft: ----------------------------- 
20:00:12.740 INFO  Minecraft: The party was transferred to [VIP+] OLYforever by Minikloons 
20:00:12.747 INFO  Minecraft: ----------------------------- 
20:00:18.765 INFO  Minecraft:  禄 OLYforever is traveling to Dungeons Hub FOLLOW 
20:00:24.847 INFO  Minecraft: -----------------------------
[VIP+] OLYforever entered The Catacombs, Floor II!
----------------------------- 
20:00:26.184 INFO  Minecraft: ----------------------------- 
20:00:26.190 INFO  Minecraft: [VIP+] OLYforever warped the party to a SkyBlock dungeon! 
20:00:26.194 INFO  Minecraft: Playing The Catacombs with 2/5 players on Floor II! 
20:00:26.196 INFO  Minecraft: ----------------------------- 
20:00:26.313 INFO  Minecraft: Couldn't warp you! 
20:00:26.316 INFO  Minecraft: You cannot join this Dungeon! 
20:12:14.760 INFO  Minecraft:  禄 OLYforever is traveling to Private Island FOLLOW 
20:13:28.272 INFO  Minecraft: ----------------------------- 
20:13:28.280 INFO  Minecraft: [VIP+] OLYforever has disbanded the party! 
20:13:28.282 INFO  Minecraft: ----------------------------- 
20:13:28.523 INFO  Minecraft: -----------------------------
[VIP+] OLYforever has invited you to join their party!
You have 60 seconds to accept. Click here to join!
----------------------------- 
20:13:41.174 INFO  Discord: [锔guild-chat] ┿尖: /party accept OLYforever 
20:13:41.428 INFO  Minecraft: ----------------------------- 
20:13:41.432 INFO  Minecraft: Usage: /party accept <inviter> 
20:13:41.434 INFO  Minecraft: ----------------------------- 
20:14:05.589 INFO  Discord: [锔guild-chat] ┿尖: /paccept OLYforever 
20:14:05.857 INFO  Minecraft: ----------------------------- 
20:14:05.869 INFO  Minecraft: You have joined [VIP+] OLYforever's party! 
20:14:05.871 INFO  Minecraft: ----------------------------- 
20:14:10.113 INFO  Minecraft:  禄 OLYforever is traveling to Dungeons Hub FOLLOW 
20:14:19.842 INFO  Minecraft: -----------------------------
[VIP+] OLYforever entered The Catacombs, Floor IV!
----------------------------- 
20:14:22.875 INFO  Minecraft: ----------------------------- 
20:14:22.879 INFO  Minecraft: [VIP+] OLYforever warped the party to a SkyBlock dungeon! 
20:14:22.919 INFO  Minecraft: Visiting The Catacombs with 2/5 players on Floor IV! 
20:14:22.922 INFO  Minecraft: ----------------------------- 
20:14:23.107 INFO  Minecraft: Couldn't warp you! 
20:14:23.110 INFO  Minecraft: You cannot join this Dungeon! 
20:14:30.704 INFO  Minecraft: ----------------------------- 
20:14:30.708 INFO  Minecraft: [VIP+] OLYforever has disbanded the party! 
20:14:30.710 INFO  Minecraft: ----------------------------- 
20:17:52.319 INFO  Minecraft: Guild > ranger4josh joined. 
20:18:13.330 INFO  Minecraft:  禄 BamBoozledMC is traveling to Hub FOLLOW 
20:18:20.327 INFO  Minecraft: Guild > [MVP++] ranger4josh [M]: dang it 
20:18:23.865 INFO  Minecraft: Guild > [MVP++] ranger4josh [M]: wc 
20:18:54.044 INFO  Minecraft: ----------------------------------------------------- 
20:18:54.065 INFO  Minecraft: [MVP+] BamBoozledMC created a BIN auction for Enchanted Book at 110,000 coins! 
20:18:54.123 INFO  Minecraft: ----------------------------------------------------- 
20:19:12.344 INFO  Minecraft: [Auction] Chez443 bought Enchanted Book for 110,000 coins CLICK 
20:24:17.694 INFO  Minecraft: Guild > OLYforever left. 
20:29:20.434 INFO  Minecraft:  禄 BamBoozledMC is traveling to Hub FOLLOW 
20:29:58.270 INFO  Minecraft: ----------------------------------------------------- 
20:29:58.277 INFO  Minecraft: [MVP+] BamBoozledMC collected an auction for 110,000 coins! 
20:29:58.279 INFO  Minecraft: ----------------------------------------------------- 
20:30:09.417 INFO  Minecraft: ----------------------------------------------------- 
20:30:09.422 INFO  Minecraft: [MVP+] BamBoozledMC created a BIN auction for Enchanted Book at 3,500 coins! 
20:30:09.424 INFO  Minecraft: ----------------------------------------------------- 
20:31:00.530 INFO  Minecraft: [Bazaar] Your co-op Sell Offer for 1x Recombobulator 3000 was filled! 
20:37:54.451 INFO  Minecraft: [Auction] NoLifeOcular bought Enchanted Book for 3,500 coins CLICK 
20:40:18.464 INFO  Minecraft:  禄 BamBoozledMC is traveling to Hub FOLLOW 
20:40:21.873 INFO  Minecraft: BamBoozledMC joined SkyBlock. 
20:40:25.613 INFO  Minecraft: ----------------------------------------------------- 
20:40:25.621 INFO  Minecraft: [MVP+] BamBoozledMC collected an auction for 3,500 coins! 
20:40:25.623 INFO  Minecraft: ----------------------------------------------------- 
20:43:46.697 INFO  Minecraft: You gained 7,680 Mining experience from minions! 
20:43:49.775 INFO  Minecraft: You gained 7,680 Mining experience from minions! 
20:43:52.292 INFO  Minecraft: You gained 7,680 Mining experience from minions! 
20:44:00.887 INFO  Minecraft: You gained 5,120 Mining experience from minions! 
20:44:02.932 INFO  Minecraft: You gained 5,120 Mining experience from minions! 
20:44:42.065 INFO  Minecraft: You gained 1,024 Fishing experience from minions! 
20:44:43.045 INFO  Minecraft: You gained 4,032 Mining experience from minions! 
20:44:44.691 INFO  Minecraft: You gained 1,024 Fishing experience from minions! 
20:44:45.197 INFO  Minecraft: You gained 1,024 Fishing experience from minions! 
20:44:45.722 INFO  Minecraft: You gained 1,024 Fishing experience from minions! 
20:44:46.201 INFO  Minecraft: You gained 1,024 Fishing experience from minions! 
20:44:46.702 INFO  Minecraft:  
20:44:46.706 INFO  Minecraft:   SKILL LEVEL UP Fishing XIIXIII 
20:44:46.708 INFO  Minecraft:  
20:44:46.709 INFO  Minecraft:   REWARDS 
20:44:46.713 INFO  Minecraft:     Grinch Sea Creature 
20:44:46.718 INFO  Minecraft:     Catfish Sea Creature 
20:44:46.721 INFO  Minecraft:     Treasure Hunter XIII 
20:44:46.724 INFO  Minecraft:       Increases the chance to find treasure when 
20:44:46.725 INFO  Minecraft:       fishing by 2.42.6%. 
20:44:46.727 INFO  Minecraft:     +2 HP  Health 
20:44:46.729 INFO  Minecraft:     +1,100 Coins 
20:44:46.731 INFO  Minecraft:  
20:44:46.735 INFO  Minecraft: You gained 1,024 Fishing experience from minions! 
20:44:47.128 INFO  Minecraft: You gained 1,024 Fishing experience from minions! 
20:44:47.690 INFO  Minecraft: You gained 1,024 Fishing experience from minions! 
20:44:48.023 INFO  Minecraft: You gained 1,024 Fishing experience from minions! 
20:44:48.799 INFO  Minecraft: You gained 960 Fishing experience from minions! 
20:44:53.396 INFO  Minecraft: You gained 4,096 Mining experience from minions! 
20:44:53.846 INFO  Minecraft: You gained 1,024 Fishing experience from minions! 
20:44:54.304 INFO  Minecraft: You gained 1,024 Fishing experience from minions! 
20:44:54.747 INFO  Minecraft: You gained 1,024 Fishing experience from minions! 
20:44:56.244 INFO  Minecraft: You gained 1,024 Fishing experience from minions! 
20:44:56.936 INFO  Minecraft: You gained 1,024 Fishing experience from minions! 
20:44:58.093 INFO  Minecraft: You gained 1,024 Fishing experience from minions! 
20:45:06.985 INFO  Minecraft: You gained 1,024 Fishing experience from minions! 
20:45:07.468 INFO  Minecraft: You gained 1,024 Fishing experience from minions! 
20:45:07.939 INFO  Minecraft: You gained 1,024 Fishing experience from minions! 
20:45:08.983 INFO  Minecraft:  
20:45:09.016 INFO  Minecraft:   SKILL LEVEL UP Fishing XIIIXIV 
20:45:09.019 INFO  Minecraft:  
20:45:09.021 INFO  Minecraft:   REWARDS 
20:45:09.024 INFO  Minecraft:     Nightmare Sea Creature 
20:45:09.029 INFO  Minecraft:     Treasure Hunter XIV 
20:45:09.031 INFO  Minecraft:       Increases the chance to find treasure when 
20:45:09.033 INFO  Minecraft:       fishing by 2.62.8%. 
20:45:09.035 INFO  Minecraft:     +2 HP  Health 
20:45:09.037 INFO  Minecraft:     +1,200 Coins 
20:45:09.039 INFO  Minecraft:  
20:45:09.040 INFO  Minecraft: You gained 944 Fishing experience from minions! 
20:45:56.593 INFO  Minecraft: You gained 4,096 Mining experience from minions! 
20:45:57.084 INFO  Minecraft: You gained 3,392 Mining experience from minions! 
20:45:57.539 INFO  Minecraft: You gained 4,096 Mining experience from minions! 
20:45:58.089 INFO  Minecraft: You gained 128 Mining experience from minions! 
20:46:02.018 INFO  Minecraft: You gained 4,096 Mining experience from minions! 
20:46:02.580 INFO  Minecraft: You gained 3,392 Mining experience from minions! 
20:46:03.072 INFO  Minecraft: You gained 4,096 Mining experience from minions! 
20:46:03.463 INFO  Minecraft: You gained 128 Mining experience from minions! 
20:46:08.316 INFO  Minecraft: You gained 4,096 Mining experience from minions! 
20:46:08.874 INFO  Minecraft: You gained 3,328 Mining experience from minions! 
20:46:09.267 INFO  Minecraft: You gained 4,096 Mining experience from minions! 
20:46:09.796 INFO  Minecraft: You gained 25.6 Mining experience from minions! 
20:46:11.802 INFO  Minecraft: You gained 64 Mining experience from minions! 
20:46:17.938 INFO  Minecraft: You gained 4,096 Mining experience from minions! 
20:46:18.440 INFO  Minecraft: You gained 3,456 Mining experience from minions! 
20:46:18.903 INFO  Minecraft: You gained 4,096 Mining experience from minions! 
20:46:19.441 INFO  Minecraft: You gained 128 Mining experience from minions! 
20:46:21.644 INFO  Minecraft: You gained 4,096 Mining experience from minions! 
20:46:22.153 INFO  Minecraft: You gained 3,392 Mining experience from minions! 
20:46:22.594 INFO  Minecraft: You gained 4,096 Mining experience from minions! 
20:46:23.008 INFO  Minecraft: You gained 128 Mining experience from minions! 
20:46:25.022 INFO  Minecraft: You gained 4,096 Mining experience from minions! 
20:46:25.563 INFO  Minecraft: You gained 3,456 Mining experience from minions! 
20:46:25.997 INFO  Minecraft: You gained 4,096 Mining experience from minions! 
20:46:26.499 INFO  Minecraft: You gained 25.6 Mining experience from minions! 
20:46:28.316 INFO  Minecraft: You gained 64 Mining experience from minions! 
20:46:45.517 INFO  Minecraft: You gained 128 Mining experience from minions! 
20:46:46.217 INFO  Minecraft: You gained 4,096 Mining experience from minions! 
20:46:46.811 INFO  Minecraft: You gained 3,456 Mining experience from minions! 
20:46:47.270 INFO  Minecraft: You gained 4,096 Mining experience from minions! 
20:46:50.130 INFO  Minecraft: You gained 4,096 Mining experience from minions! 
20:46:50.878 INFO  Minecraft: You gained 3,456 Mining experience from minions! 
20:46:51.546 INFO  Minecraft: You gained 4,096 Mining experience from minions! 
20:46:52.198 INFO  Minecraft: You gained 192 Mining experience from minions! 
20:46:58.294 INFO  Minecraft: You gained 3,456 Mining experience from minions! 
20:46:59.193 INFO  Minecraft: You gained 4,096 Mining experience from minions! 
20:46:59.810 INFO  Minecraft: You gained 4,096 Mining experience from minions! 
20:47:00.853 INFO  Minecraft: You gained 64 Mining experience from minions! 
20:47:08.921 INFO  Minecraft: You gained 64 Mining experience from minions! 
20:47:09.406 INFO  Minecraft: You gained 4,096 Mining experience from minions! 
20:47:09.908 INFO  Minecraft: You gained 3,328 Mining experience from minions! 
20:47:10.361 INFO  Minecraft: You gained 4,096 Mining experience from minions! 
20:47:13.247 INFO  Minecraft: You gained 128 Mining experience from minions! 
20:47:13.800 INFO  Minecraft: You gained 4,096 Mining experience from minions! 
20:47:14.148 INFO  Minecraft: You gained 4,096 Mining experience from minions! 
20:47:14.571 INFO  Minecraft: You gained 3,456 Mining experience from minions! 
20:47:18.133 INFO  Minecraft: You gained 4,096 Mining experience from minions! 
20:47:18.789 INFO  Minecraft: You gained 4,096 Mining experience from minions! 
20:47:19.822 INFO  Minecraft: You gained 3,328 Mining experience from minions! 
20:47:21.937 INFO  Minecraft: You gained 64 Mining experience from minions! 
20:47:29.962 INFO  Minecraft: You gained 64 Mining experience from minions! 
20:48:30.876 INFO  Minecraft: Guild > ranger4josh left. 
20:48:59.634 INFO  Minecraft: ----------------------------------------------------- 
20:48:59.638 INFO  Minecraft: [MVP+] BamBoozledMC collected an expired auction! 
20:48:59.640 INFO  Minecraft: ----------------------------------------------------- 
20:49:46.088 INFO  Minecraft: ----------------------------------------------------- 
20:49:46.096 INFO  Minecraft: [MVP+] BamBoozledMC created a BIN auction for Rabbit Hutch at 235,000 coins! 
20:49:46.100 INFO  Minecraft: ----------------------------------------------------- 
20:57:55.876 INFO  Minecraft: Guild > 3ctooo left. 
21:05:42.611 INFO  Minecraft: Guild > 3ctooo joined. 
21:06:07.533 INFO  Minecraft: Guild > sommthing joined. 
21:06:24.658 INFO  Minecraft: Guild > [MVP+] sommthing [M]: pink name pog 
21:10:17.802 INFO  Minecraft: Guild > ranger4josh joined. 
21:10:27.597 INFO  Minecraft: Guild > sommthing left. 
21:22:28.267 INFO  Minecraft: Guild > ranger4josh left. 
21:36:31.837 INFO  Minecraft: Guild > BamBoozledMC left. 
21:36:35.690 INFO  Minecraft: Guild > [VIP] friendly_rook [M]: hey 
21:36:45.395 INFO  Minecraft: Guild > [VIP] friendly_rook [M]: shpuld i buy a storm helmet 
21:40:43.639 INFO  Minecraft: Guild > [VIP] friendly_rook [M]: almost get trapped 
21:40:44.164 INFO  Minecraft: Guild > Redbeam747 joined. 
21:42:01.052 INFO  Minecraft: Guild > FabledLivid joined. 
21:42:59.069 INFO  Minecraft: Guild > [VIP] friendly_rook [M]: 3mil dmg outside dg 
21:43:03.170 INFO  Minecraft: Guild > [VIP] FabledLivid [M]: WOT 
21:43:22.304 INFO  Minecraft: Guild > [VIP] Redbeam747 [M]: what the hell 
21:43:24.031 INFO  Minecraft: Guild > [VIP] Redbeam747 [M]: how 
21:43:29.261 INFO  Discord: [锔guild-chat] Member | YoMadaEatingRice: spoon 
21:43:29.626 INFO  Minecraft: Guild > Minikloons [LS]: Member| YoMadaEatingRice禄 spoon 
21:43:30.066 INFO  Minecraft: Guild > [VIP] friendly_rook [M]: with mida staff 
21:43:33.622 INFO  Minecraft: Guild > [VIP] FabledLivid [M]: .-. 
21:43:34.412 INFO  Minecraft: Guild > [VIP] Redbeam747 [M]: ahhhh ok 
21:43:40.895 INFO  Minecraft: Guild > [VIP] FabledLivid [M]: ofa is 13.5m 
21:43:41.691 INFO  Minecraft: Guild > [VIP] Redbeam747 [M]: so its not melee 
21:43:44.690 INFO  Minecraft: Guild > [VIP] friendly_rook [M]: and swap with reaper flachion 
21:43:44.698 INFO  Minecraft: Guild > [VIP] Redbeam747 [M]: yikes 
21:43:48.412 INFO  Minecraft: Guild > [VIP] Redbeam747 [M]: ah 
21:44:30.813 INFO  Minecraft: Guild > [VIP] friendly_rook [M]: is mana stael good? 
21:44:36.737 INFO  Minecraft: Guild > [VIP] Redbeam747 [M]: only for aots 
21:44:47.033 INFO  Minecraft: Guild > [VIP] Redbeam747 [M]: cause it doest work with mage abilities 
21:44:47.232 INFO  Minecraft: Guild > [VIP] FabledLivid [M]: i cant surivie with it ;-; 
21:45:03.314 INFO  Discord: [锔guild-chat] Member | YoMadaEatingRice: does it work with mage beam? 
21:45:03.700 INFO  Minecraft: Guild > Minikloons [LS]: Member| YoMadaEatingRice禄 does it work with mage beam? 
21:45:16.350 INFO  Minecraft: Guild > [VIP] Redbeam747 [M]: no 
21:45:18.363 INFO  Minecraft: Guild > [VIP] Redbeam747 [M]: wait 
21:45:24.292 INFO  Minecraft: Guild > [VIP] Redbeam747 [M]: im actually unsure on that 
21:45:28.960 INFO  Minecraft: Guild > [VIP] friendly_rook [M]: the biggest enermy of mida staff 
21:45:34.421 INFO  Minecraft: Guild > FabledLivid left. 
21:45:36.231 INFO  Minecraft: Guild > YoMadaEatingRice joined. 
21:45:38.867 INFO  Minecraft: Guild > [VIP] friendly_rook [M]: stair and slab 
21:46:09.633 INFO  Minecraft: Guild > [VIP] friendly_rook [M]: one for all golden spoon is old kfc spoon fork lmao 
21:46:47.906 INFO  Discord: [锔guild-chat] Member | EggSeal: fr? 
21:46:48.204 INFO  Minecraft: Guild > Minikloons [LS]: Member| EggSeal禄 fr? 
21:46:52.598 INFO  Discord: [锔guild-chat] Member | EggSeal: .-. 
21:46:52.880 INFO  Minecraft: You cannot say the same message twice! 
21:47:10.471 INFO  Discord: [锔guild-chat] Member | EggSeal: well thank god juju didnt get nerfed 
21:47:10.710 INFO  Minecraft: Guild > Minikloons [LS]: Member| EggSeal禄 well thank god juju didnt get nerfed 
21:47:22.082 INFO  Discord: [锔guild-chat] Member | EggSeal: terminator got nerfed by 25 damage 
21:47:22.341 INFO  Minecraft: Guild > Minikloons [LS]: Member| EggSeal禄 terminator got nerfed by 25 damage 
21:47:24.358 INFO  Minecraft: Guild > 4717 joined. 
21:47:55.469 INFO  Minecraft: Guild > [VIP] friendly_rook [M]: what should mage use for healing 
21:48:02.790 INFO  Minecraft: Guild > [VIP+] YoMadaEatingRice [M]: florid 
21:48:46.321 INFO  Minecraft: Guild > [VIP] friendly_rook [M]: i c someone use monsquitow bow 
21:49:11.230 INFO  Minecraft: Guild > [VIP+] YoMadaEatingRice [M]: also im very sure mana steal works with mage beam 
21:49:16.426 INFO  Minecraft: Guild > [VIP+] YoMadaEatingRice [M]: just tried it 
21:49:56.839 INFO  Minecraft: Guild > [VIP] Redbeam747 [M]: ahahhaha 
21:50:09.166 INFO  Minecraft: Guild > [VIP] Redbeam747 [M]: I JUST GOT MYTHIC 3* STORM BOOTS FOR 2M LESSGOOOOOOOOOOOO 
21:50:13.662 INFO  Minecraft: Guild > [VIP] Redbeam747 [M]: E Z FLIP 
21:50:37.221 INFO  Minecraft: Guild > [VIP+] YoMadaEatingRice [M]: hax 
21:50:44.807 INFO  Minecraft: Guild > [VIP] Redbeam747 [M]: nohaxjustseal 
21:51:41.753 INFO  Minecraft: Guild > YoMadaEatingRice left. 
21:55:19.125 INFO  Minecraft: Guild > 4717 left. 
22:00:11.416 INFO  Minecraft:  
22:00:11.422 INFO  Minecraft: [WATCHDOG ANNOUNCEMENT] 
22:00:11.424 INFO  Minecraft: Watchdog has banned 28,112 players in the last 7 days. 
22:00:11.427 INFO  Minecraft: Staff have banned an additional 16,607 in the last 7 days. 
22:00:11.432 INFO  Minecraft: Blacklisted modifications are a bannable offense! 
22:00:11.434 INFO  Minecraft:  
22:01:55.807 INFO  Minecraft: Guild > Redbeam747 left. 
22:08:00.086 INFO  Minecraft: Guild > Redbeam747 joined. 
22:08:35.163 INFO  Minecraft: Guild > Redbeam747 left. 
22:11:11.369 INFO  Minecraft: Guild > TheStachelfisch joined. 
22:11:26.432 INFO  Minecraft: Guild > FabledLivid joined. 
22:12:07.686 INFO  Discord: [锔guild-chat] Member | EggSeal: . 
22:12:07.943 INFO  Minecraft: Guild > Minikloons [LS]: Member| EggSeal禄 . 
22:17:16.923 INFO  Minecraft: Guild > [VIP] FabledLivid [M]: why 
22:17:18.951 INFO  Minecraft: Guild > [VIP] FabledLivid [M]: WHY 
22:17:24.867 INFO  Minecraft: Guild > [VIP] FabledLivid [M]: did the prices of juju 
22:17:29.873 INFO  Minecraft: Guild > [VIP] FabledLivid [M]: drop by 15m 
22:17:34.815 INFO  Minecraft: Guild > [VIP] FabledLivid [M]: RIGHT when i bough it 
22:17:38.741 INFO  Minecraft: Guild > [VIP] FabledLivid [M]: im in pain 
22:18:25.389 INFO  Minecraft: Guild > TheStachelfisch left. 
22:23:28.767 INFO  Minecraft: Guild > FabledLivid left. 
22:32:02.937 INFO  Minecraft: Guild > Za1bot joined. 
22:35:39.839 INFO  Minecraft: Guild > yKxshi joined. 
22:38:32.915 INFO  Minecraft: Guild > yKxshi left. 
22:44:55.066 INFO  Minecraft: Guild > friendly_rook left. 
22:49:35.617 INFO  Minecraft: Guild > Za1bot left. 
22:57:24.232 INFO  Minecraft: Guild > FabledLivid joined. 
22:57:37.315 INFO  Minecraft: Guild > FabledLivid left. 
23:09:43.202 INFO  Minecraft: [Auction] Baydenator bought Rabbit Hutch for 235,000 coins CLICK 
23:18:53.851 INFO  Minecraft: Guild > OLYforever joined. 
23:24:15.774 INFO  Minecraft: Guild > 3ctooo left. 
23:31:22.088 INFO  Minecraft: Guild > LionyLev joined. 
23:32:50.353 INFO  Minecraft: Guild > FabledLivid joined. 
23:33:21.169 INFO  Minecraft: Guild > LionyLev left. 
23:33:34.171 INFO  Minecraft: Guild > Redbeam747 joined. 
23:34:11.114 INFO  Minecraft: Guild > Redbeam747 left. 
23:38:32.367 INFO  Minecraft: Guild > FabledLivid left. 
23:40:04.528 INFO  Minecraft: Guild > 3ctooo joined. 
23:42:29.211 INFO  Minecraft: Guild > Redbeam747 joined. 
23:45:32.037 INFO  Minecraft: Guild > [VIP+] OLYforever [M]: just got 2 treasure talis in 20 seconds 
23:45:33.769 INFO  Minecraft: Guild > [VIP+] OLYforever [M]: poggers 
23:46:28.399 INFO  Minecraft: Guild > YoMadaEatingRice joined. 
23:53:41.423 INFO  Minecraft: Guild > [VIP] Redbeam747 [M]: rats 
23:53:46.053 INFO  Minecraft: Guild > [VIP+] OLYforever [M]: rat 
23:53:46.143 INFO  Minecraft: Guild > [VIP] Redbeam747 [M]: we are the rats 
23:54:00.866 INFO  Minecraft: Guild > [VIP+] OLYforever [M]: do you want treasure talis? 
23:56:43.731 INFO  Minecraft: Guild > OLYforever left. 
23:59:39.838 INFO  Minecraft: Guild > FabledLivid joined. 
00:00:11.599 INFO  Minecraft:  
00:00:11.603 INFO  Minecraft: [WATCHDOG ANNOUNCEMENT] 
00:00:11.605 INFO  Minecraft: Watchdog has banned 28,067 players in the last 7 days. 
00:00:11.607 INFO  Minecraft: Staff have banned an additional 16,604 in the last 7 days. 
00:00:11.609 INFO  Minecraft: Blacklisted modifications are a bannable offense! 
00:00:11.611 INFO  Minecraft:  

