00:00:22.577 INFO  Minecraft:  
00:00:22.595 INFO  Minecraft: [WATCHDOG ANNOUNCEMENT] 
00:00:22.597 INFO  Minecraft: Watchdog has banned 28,278 players in the last 7 days. 
00:00:22.599 INFO  Minecraft: Staff have banned an additional 16,103 in the last 7 days. 
00:00:22.600 INFO  Minecraft: Blacklisted modifications are a bannable offense! 
00:00:22.607 INFO  Minecraft:  
00:01:42.248 INFO  Minecraft: Guild > Hercules_RB left. 
00:03:49.893 INFO  Minecraft: Guild > Hercules_RB joined. 
00:04:53.550 INFO  Minecraft: Guild > LRBenito left. 
00:05:06.499 INFO  Minecraft: Guild > LRBenito joined. 
00:10:04.423 INFO  Minecraft: Guild > 4717 joined. 
00:12:30.748 INFO  Minecraft: Guild > UnknowAccount joined. 
00:13:56.981 INFO  Minecraft: Guild > UnknowAccount left. 
00:15:53.868 INFO  Minecraft: Guild > Za1bot left. 
00:24:44.435 INFO  Minecraft: Guild > [VIP] LRBenito [M]: lowest bin bone 4.9m LOL 
00:25:10.627 INFO  Minecraft: Guild > [MVP+] yKxshi [M]: yeh i dont think the bones doing less dmg when swapping bug is getting fixed 
00:25:28.932 INFO  Minecraft: Guild > [VIP] LRBenito [M]: i think its intentional 
00:25:29.003 INFO  Minecraft: Guild > UnknowAccount joined. 
00:26:57.979 INFO  Minecraft: Guild > UnknowAccount left. 
00:34:53.192 INFO  Minecraft: Guild > SwagMonkey420 joined. 
00:34:58.229 INFO  Discord: [ðŸ’¬â†’ï¸±guild-chat] LS | SnowedSeal: :C 
00:34:58.541 INFO  Minecraft: Guild > Minikloons [LS]: LS| SnowedSealÂ» :C 
00:38:39.665 INFO  Minecraft: Guild > UnknowAccount joined. 
00:40:12.287 INFO  Minecraft: Guild > UnknowAccount left. 
00:42:52.780 INFO  Minecraft: Guild > SwagMonkey420 left. 
00:42:54.684 INFO  Minecraft: Guild > SwagMonkey420 joined. 
00:48:55.123 INFO  Minecraft: Guild > UnknowAccount joined. 
00:51:26.096 INFO  Minecraft: Guild > 4717 left. 
00:51:35.106 INFO  Minecraft: Guild > 4717 joined. 
00:51:44.339 INFO  Minecraft: Guild > UnknowAccount left. 
00:53:42.894 INFO  Minecraft: Guild > UnknowAccount joined. 
00:54:21.730 INFO  Minecraft: Guild > SwagMonkey420 left. 
00:55:38.075 INFO  Minecraft: Guild > SwagMonkey420 joined. 
01:03:26.634 INFO  Minecraft: Guild > SwagMonkey420 left. 
01:10:23.761 INFO  Minecraft: Guild > Hercules_RB left. 
01:10:40.876 INFO  Minecraft: Guild > SnowedSeal joined. 
01:10:51.469 INFO  Minecraft: Guild > [MVP++] SnowedSeal [LS]: HenlHelloHenlo 
01:18:30.658 INFO  Minecraft: Guild > DeformedSeal joined. 
01:22:36.697 INFO  Minecraft: Guild > SnowedSeal left. 
01:22:39.507 INFO  Minecraft: Guild > SnowedSeal joined. 
01:22:43.530 INFO  Minecraft: Guild > [MVP++] SnowedSeal [LS]: henlo 
01:25:48.536 INFO  Minecraft: Guild > UnknowAccount left. 
01:26:42.303 INFO  Minecraft: Guild > SnowedSeal left. 
01:29:56.588 INFO  Minecraft: Guild > Hercules_RB joined. 
01:40:20.387 INFO  Minecraft: Guild > OLYforever joined. 
01:44:43.090 INFO  Minecraft: Guild > Hercules_RB left. 
01:49:56.552 INFO  Minecraft: [SkyBlock] [MVP++] fab__ is visiting Your Island! 
01:52:04.269 INFO  Minecraft: Guild > OLYforever left. 
01:55:24.673 INFO  Minecraft: Guild > Hercules_RB joined. 
01:56:44.896 INFO  Minecraft: Guild > 4717 left. 
01:56:51.799 INFO  Minecraft: Guild > 4717 joined. 
02:00:22.751 INFO  Minecraft:  
02:00:22.774 INFO  Minecraft: [WATCHDOG ANNOUNCEMENT] 
02:00:22.776 INFO  Minecraft: Watchdog has banned 28,160 players in the last 7 days. 
02:00:22.778 INFO  Minecraft: Staff have banned an additional 16,196 in the last 7 days. 
02:00:22.781 INFO  Minecraft: Blacklisted modifications are a bannable offense! 
02:00:22.786 INFO  Minecraft:  
02:01:42.876 INFO  Minecraft: Guild > UnknowAccount joined. 
02:08:32.582 INFO  Minecraft: Guild > LRBenito left. 
02:14:30.408 INFO  Minecraft: Guild > UnknowAccount left. 
02:15:31.637 INFO  Minecraft: Guild > SirTappy joined. 
02:17:04.855 INFO  Minecraft: Guild > SirTappy left. 
02:19:23.932 INFO  Minecraft: Guild > Hercules_RB left. 
02:27:46.539 INFO  Minecraft: Guild > SnowedSeal joined. 
02:27:50.632 INFO  Minecraft: Guild > [MVP++] SnowedSeal [LS]: henlo 
02:33:19.246 INFO  Minecraft: Guild > Hercules_RB joined. 
02:38:28.730 INFO  Minecraft: Guild > 3ctooo joined. 
02:38:40.838 INFO  Minecraft: Guild > 3ctooo left. 
02:38:44.439 INFO  Minecraft: Guild > 3ctooo joined. 
02:43:58.842 INFO  Minecraft: Guild > yKxshi left. 
02:54:36.553 INFO  Minecraft: Guild > TimothyPlays57 joined. 
02:55:01.580 INFO  Minecraft: Guild > SnowedSeal left. 
02:55:04.225 INFO  Minecraft: Guild > [MVP+] TimothyPlays57 [M]: oml im so lucky 
02:55:20.738 INFO  Minecraft: Guild > [MVP+] TimothyPlays57 [M]: my money in my coop bank disappeared for a bit 
02:55:38.421 INFO  Minecraft: Guild > [MVP+] TimothyPlays57 [M]: but it came back after I logged off for a bit 
02:56:36.942 INFO  Minecraft: Guild > [VIP] Hercules_RB [M]: I just got a wither chestplate for 2m 
02:56:41.978 INFO  Minecraft: Guild > [MVP+] TimothyPlays57 [M]: ? 
02:56:44.719 INFO  Minecraft: Guild > [MVP+] TimothyPlays57 [M]: how 
02:56:53.647 INFO  Minecraft: Guild > [VIP] Hercules_RB [M]: I think they forgot to add a 0 
02:57:02.089 INFO  Minecraft: Guild > [MVP+] TimothyPlays57 [M]: rip them 
02:58:10.947 INFO  Minecraft: Guild > Hercules_RB left. 
02:58:28.728 INFO  Minecraft: Guild > Hercules_RB joined. 
03:03:48.424 INFO  Minecraft: Guild > UnknownShadow124 joined. 
03:11:25.788 INFO  Minecraft: Guild > DeformedSeal left. 
03:14:33.232 INFO  Minecraft: Guild > SirTappy joined. 
03:15:53.286 INFO  Minecraft: Guild > OwOPingu joined. 
03:17:40.334 INFO  Minecraft: Guild > FabledLivid joined. 
03:19:46.302 INFO  Minecraft: Guild > 3ctooo left. 
03:19:50.333 INFO  Minecraft: Guild > DeformedSeal joined. 
03:22:38.706 INFO  Minecraft: Guild > UnknownShadow124 left. 
03:24:11.086 INFO  Minecraft: Guild > 3ctooo joined. 
03:24:47.171 INFO  Minecraft: Guild > 3ctooo left. 
03:25:11.090 INFO  Minecraft: Guild > [MVP+] gogyxdash [M]: JUST DROPPED ONE FOR ALL 
03:25:15.073 INFO  Minecraft: Guild > [VIP] FabledLivid [M]: ni c e 
03:25:16.239 INFO  Minecraft: Guild > [VIP+] OwOPingu [F]: noice 
03:25:17.110 INFO  Minecraft: Guild > [MVP+] gogyxdash [M]: free 7mn 
03:29:05.469 INFO  Minecraft: Guild > TimothyPlays57 left. 
03:30:27.726 INFO  Minecraft: Guild > LRBenito joined. 
03:33:46.898 INFO  Minecraft: Guild > Asperitam joined. 
03:33:55.084 INFO  Minecraft: Guild > LRBenito left. 
03:37:02.557 INFO  Minecraft: Guild > 3ctooo joined. 
03:37:51.534 INFO  Minecraft: Guild > 3ctooo left. 
03:42:19.971 INFO  Minecraft: Guild > SirTappy left. 
03:44:17.820 INFO  Minecraft: Guild > SirTappy joined. 
03:44:48.915 INFO  Minecraft: Guild > [MVP+] gogyxdash [M]: we got 12 deaths and threw the run and someone got wither cp lmao 
03:44:55.884 INFO  Minecraft: Guild > [VIP+] OwOPingu [F]: lol 
03:45:06.835 INFO  Minecraft: Guild > [VIP+] OwOPingu [F]: can you get cp in ob chest? 
03:45:11.827 INFO  Minecraft: Guild > [MVP+] gogyxdash [M]: apperently 
03:45:23.176 INFO  Minecraft: Guild > [MVP+] gogyxdash [M]: because he got it when there was no bedrock one 
03:45:33.825 INFO  Minecraft: Guild > [VIP+] OwOPingu [F]: i see 
03:45:35.965 INFO  Minecraft: Guild > [MVP+] gogyxdash [M]: but i wasnt salty like the rest of us because i got  a one for all the last run 
03:45:46.986 INFO  Minecraft: Guild > [MVP+] gogyxdash [M]: everyone was like uNdEsERvEd 
03:45:59.359 INFO  Minecraft: Guild > [MVP+] gogyxdash [M]: the tank died like 5 or 6 times so we all died as a result tho 
03:46:46.387 INFO  Minecraft: Guild > [MVP+] gogyxdash [M]: and i got cata 30 noice 
03:46:52.331 INFO  Minecraft: Guild > [VIP+] OwOPingu [F]: noice 
03:49:09.320 INFO  Minecraft: Guild > 3ctooo joined. 
03:49:30.320 INFO  Minecraft: Guild > 3ctooo left. 
03:49:32.533 INFO  Minecraft: Guild > FabledLivid left. 
03:50:01.253 INFO  Minecraft: Guild > LRBenito joined. 
03:50:26.604 INFO  Minecraft: Guild > FabledLivid joined. 
03:55:45.842 INFO  Minecraft: Guild > 4717 left. 
03:55:52.432 INFO  Minecraft: Guild > 4717 joined. 
03:55:55.161 INFO  Minecraft: Guild > Asperitam left. 
03:58:48.085 INFO  Minecraft: Guild > UnknowAccount joined. 
03:58:50.105 INFO  Minecraft: Guild > LexaIsMommy joined. 
04:00:22.993 INFO  Minecraft:  
04:00:23.016 INFO  Minecraft: [WATCHDOG ANNOUNCEMENT] 
04:00:23.021 INFO  Minecraft: Watchdog has banned 28,156 players in the last 7 days. 
04:00:23.022 INFO  Minecraft: Staff have banned an additional 16,187 in the last 7 days. 
04:00:23.025 INFO  Minecraft: Blacklisted modifications are a bannable offense! 
04:00:23.026 INFO  Minecraft:  
04:03:11.081 INFO  Minecraft: Guild > 4717 left. 
04:03:17.030 INFO  Minecraft: Guild > 4717 joined. 
04:03:34.151 INFO  Minecraft: Guild > SirTappy left. 
04:03:35.145 INFO  Minecraft: Guild > 3ctooo joined. 
04:03:51.479 INFO  Minecraft: Guild > Redbeam747 joined. 
04:03:54.301 INFO  Minecraft: Guild > [MVP+] gogyxdash [M]: mining 33 noice 
04:03:56.293 INFO  Minecraft: Guild > 3ctooo left. 
04:03:58.680 INFO  Minecraft: Guild > [VIP+] OwOPingu [F]: noice 
04:03:59.199 INFO  Minecraft: Guild > [VIP] Hercules_RB [M]: gg 
04:04:07.689 INFO  Minecraft: Guild > [VIP] LRBenito [M]: not even mining 47 trash 
04:05:06.361 INFO  Minecraft: Guild > FabledLivid left. 
04:07:26.723 INFO  Minecraft: Guild > TimothyPlays57 joined. 
04:08:58.750 INFO  Minecraft: Guild > [MVP+] TimothyPlays57 [M]: what gives refined reforge again? 
04:09:05.914 INFO  Minecraft: Guild > [VIP] Redbeam747 [M]: amber 
04:09:15.194 INFO  Minecraft: Guild > [VIP+] OwOPingu [F]: yea its next to black smith area 
04:09:27.018 INFO  Minecraft: Guild > [VIP+] OwOPingu [F]: its like a mil 
04:09:28.408 INFO  Minecraft: Guild > [MVP+] TimothyPlays57 [M]: y 
04:09:31.020 INFO  Minecraft: Guild > [MVP+] TimothyPlays57 [M]: ty* 
04:09:57.079 INFO  Minecraft: Guild > gogyxdash left. 
04:11:57.722 INFO  Minecraft: Guild > UnknowAccount left. 
04:12:33.948 INFO  Minecraft: Guild > Asperitam joined. 
04:12:49.217 INFO  Minecraft: Guild > Asperitam left. 
04:13:39.421 INFO  Minecraft: Guild > Hercules_RB left. 
04:16:10.279 INFO  Minecraft: Guild > Hercules_RB joined. 
04:16:44.943 INFO  Minecraft: Guild > [VIP] Redbeam747 [M]: ratjam 
04:18:45.755 INFO  Minecraft: Guild > Micah_W joined. 
04:22:17.543 INFO  Minecraft: Guild > DeformedSeal left. 
04:23:33.631 INFO  Minecraft: Guild > Asperitam joined. 
04:23:38.941 INFO  Minecraft: Guild > UnknowAccount joined. 
04:25:08.452 INFO  Minecraft: Guild > UnknowAccount left. 
04:29:11.490 INFO  Minecraft: Guild > Hercules_RB left. 
04:29:50.480 INFO  Minecraft: Guild > TimothyPlays57 left. 
04:31:02.949 INFO  Minecraft: Guild > Hercules_RB joined. 
04:31:40.288 INFO  Minecraft: Guild > 4717 left. 
04:37:37.164 INFO  Logging in. 
04:37:39.478 INFO  Discord: Logged in. 
04:37:41.783 INFO  Logged in. 
04:37:41.931 INFO  Minecraft:                                       
04:37:41.953 INFO  Minecraft:                           
04:37:42.035 INFO  Minecraft: You found a âœ°âœ°âœ°âœ°âœ° Mystery Box! 
04:37:42.989 INFO  Minecraft: an2008an: plz join my PVP house, im bored. ill tell you where my secret res pad is. do /visit an2008an 
04:37:45.521 INFO  Minecraft: ----------------------------------------------------- 
04:37:45.524 INFO  Minecraft: Requirements are Skill Avg 23, Cata 23, and 170m net, along 
04:37:45.527 INFO  Minecraft: with 85k gexp a week! Make sure to have fun and contact 
04:37:45.530 INFO  Minecraft: OwOSeal or Smol if you have something to report, or something else to say! 
04:37:45.531 INFO  Minecraft: ----------------------------------------------------- 
04:37:46.316 INFO  Minecraft: [MVP+] Spinningshadow joined the lobby! 
04:37:46.319 INFO  Sending to skyblock. 
04:37:46.773 INFO  Minecraft: Sending to server mini117J... 
04:37:46.795 INFO  Sending to skyblock. 
04:37:46.925 INFO  Logged in. 
04:37:47.033 INFO  Minecraft: Please don't spam the command! 
04:37:47.288 INFO  Minecraft:         
04:37:49.377 INFO  Minecraft: You're already sitting on this island! 
04:37:50.549 INFO  Minecraft: You are playing on profile: Zucchini (Co-op) 
04:37:51.029 INFO  Minecraft:  
04:37:51.032 INFO  Minecraft: Welcome to Hypixel SkyBlock! 
04:37:52.016 INFO  Sending to skyblock. 
04:37:52.163 INFO  Minecraft: You're already sitting on this island! 
04:37:52.263 INFO  Minecraft: Cannot join SkyBlock for a moment! (Queue join in cooldown) 
04:37:57.328 INFO  Minecraft: You're already sitting on this island! 
04:38:50.431 INFO  Minecraft: Guild > Hercules_RB left. 
04:38:54.397 INFO  Minecraft: Guild > Hercules_RB joined. 
04:39:39.797 INFO  Minecraft: Guild > [VIP+] OwOPingu [F]: lol should i change my name to hyauction? 
04:39:59.242 INFO  Minecraft: Guild > Asperitam left. 
04:45:27.936 INFO  Minecraft: Guild > gogyxdash joined. 
04:53:53.591 INFO  Minecraft: Guild > Asperitam joined. 
04:54:05.164 INFO  Minecraft: Guild > [MVP+] Asperitam [M]: pog 
04:54:06.453 INFO  Minecraft: Guild > [MVP+] Asperitam [M]: oh 
04:54:12.427 INFO  Minecraft: Guild > [MVP+] Asperitam [M]: maybe now 
04:54:14.716 INFO  Minecraft: Guild > [MVP+] Asperitam [M]: fk 
04:54:18.508 INFO  Minecraft: Guild > [MVP+] Asperitam [M]: it doesnt show my new ign 
04:54:34.506 INFO  Minecraft: Guild > [MVP+] Asperitam [M]: hi 
04:54:36.746 INFO  Minecraft: Guild > [MVP+] Asperitam [M]: ffs 
04:54:49.802 INFO  Minecraft: Guild > [MVP+] Asperitam [M]: lol 
04:54:52.111 INFO  Minecraft: Guild > [MVP+] Asperitam [M]: omg 
04:54:57.660 INFO  Minecraft: Guild > Asperitam left. 
04:54:59.411 INFO  Minecraft: Guild > Asperitam joined. 
04:55:04.067 INFO  Minecraft: Guild > [VIP+] OwOPingu [F]: do g toggle 
04:55:11.138 INFO  Minecraft: Guild > [MVP+] nicemoney [M]: hi 
04:55:12.904 INFO  Minecraft: Guild > [MVP+] nicemoney [M]: pog 
04:55:15.113 INFO  Minecraft: Guild > [VIP+] OwOPingu [F]: reeee 
04:55:18.112 INFO  Minecraft: Guild > [VIP+] OwOPingu [F]: noice money 
04:57:53.987 INFO  Minecraft: Guild > LRBenito left. 
04:58:21.038 INFO  Minecraft: Guild > WitheredRoyal joined. 
04:58:21.704 INFO  Minecraft: Guild > 4717 joined. 
04:58:57.335 INFO  Minecraft: Guild > OLYforever joined. 
04:59:55.538 INFO  Minecraft: Guild > nicemoney joined. 
04:59:57.153 INFO  Minecraft: Guild > nicemoney left. 
05:00:01.521 INFO  Minecraft: Guild > nicemoney left. 
05:00:02.543 INFO  Minecraft: Guild > nicemoney joined. 
05:00:23.754 INFO  Minecraft: Guild > nicemoney left. 
05:00:24.582 INFO  Minecraft: Guild > nicemoney joined. 
05:01:03.880 INFO  Minecraft: Guild > WitheredRoyal left. 
05:02:48.335 INFO  Minecraft: Guild > LRBenito joined. 
05:03:03.037 INFO  Minecraft: Guild > [VIP] Redbeam747 [M]: ill be back some day 
05:03:06.403 INFO  Minecraft: ----------------------------------------------------- 
05:03:06.407 INFO  Minecraft: [VIP] Redbeam747 left the guild! 
05:03:06.412 INFO  Minecraft: ----------------------------------------------------- 
05:03:06.657 INFO  Minecraft: Guild > Minikloons [LS]: We are sorry you had to leave, Redbeam747 
05:03:08.141 INFO  Minecraft: Guild > DeformedSeal joined. 
05:03:16.671 INFO  Minecraft: Guild > [MVP+] gogyxdash [M]: noOoOooO 
05:03:32.030 INFO  Minecraft: Guild > DeformedSeal left. 
05:04:44.871 INFO  Minecraft: Guild > DeformedSeal joined. 
05:05:08.976 INFO  Minecraft: Guild > DeformedSeal left. 
05:06:12.329 INFO  Minecraft: Guild > 3ctooo joined. 
05:06:30.232 INFO  Minecraft: Guild > 3ctooo left. 
05:07:25.150 INFO  Minecraft: Guild > DeformedSeal joined. 
05:07:26.143 INFO  Minecraft: Guild > DeformedSeal left. 
05:07:27.403 INFO  Minecraft: Guild > DeformedSeal joined. 
05:07:50.787 INFO  Minecraft: Guild > [VIP+] OLYforever [M]: you can 
05:10:04.610 INFO  Minecraft: Guild > WitheredRoyal joined. 
05:12:19.076 INFO  Minecraft: Guild > Loudbook joined. 
05:13:46.395 INFO  Minecraft: Guild > LionyLev joined. 
05:17:22.111 INFO  Minecraft: Guild > [VIP+] OLYforever [M]: yeah that works 
05:18:05.999 INFO  Minecraft: Guild > 3ctooo joined. 
05:18:29.984 INFO  Minecraft: Guild > SirTappy joined. 
05:20:16.518 INFO  Minecraft: Guild > 3ctooo left. 
05:25:12.376 INFO  Minecraft: Guild > DeformedSeal left. 
05:27:21.818 INFO  Minecraft: Guild > Hercules_RB left. 
05:28:18.295 INFO  Minecraft: Guild > OLYforever left. 
05:32:32.238 INFO  Minecraft: Guild > Micah_W left. 
05:33:49.981 INFO  Minecraft: Guild > POGGORSEEL joined. 
05:35:06.033 INFO  Minecraft: Guild > Micah_W joined. 
05:35:43.217 INFO  Minecraft: Guild > LionyLev left. 
05:35:44.167 INFO  Minecraft: Guild > Loudbook left. 
05:36:05.086 INFO  Minecraft: Guild > SirTappy left. 
05:36:07.847 INFO  Minecraft: Guild > SirTappy joined. 
05:39:15.415 INFO  Minecraft: Guild > 3ctooo joined. 
05:39:37.425 INFO  Minecraft: Guild > 3ctooo left. 
05:39:39.804 INFO  Minecraft: Guild > Loudbook joined. 
05:41:31.814 INFO  Minecraft: Guild > DeformedSeal joined. 
05:41:31.915 INFO  Minecraft: Guild > POGGORSEEL left. 
05:42:36.812 INFO  Minecraft: Guild > WitheredRoyal left. 
05:43:54.874 INFO  Minecraft: Guild > WitheredRoyal joined. 
05:45:14.555 INFO  Minecraft: Guild > POGGORSEEL joined. 
05:45:46.724 INFO  Minecraft: Guild > Hercules_RB joined. 
05:46:43.674 INFO  Minecraft: Guild > SirTappy left. 
05:48:33.677 INFO  Minecraft: Guild > sommthing joined. 
05:49:55.163 INFO  Minecraft: Guild > Loudbook left. 
05:53:55.667 INFO  Minecraft: Guild > gogyxdash left. 
05:57:00.921 INFO  Minecraft: Guild > 4717 left. 
06:00:24.307 INFO  Minecraft:  
06:00:24.344 INFO  Minecraft: [WATCHDOG ANNOUNCEMENT] 
06:00:24.347 INFO  Minecraft: Watchdog has banned 28,176 players in the last 7 days. 
06:00:24.349 INFO  Minecraft: Staff have banned an additional 16,244 in the last 7 days. 
06:00:24.351 INFO  Minecraft: Blacklisted modifications are a bannable offense! 
06:00:24.352 INFO  Minecraft:  
06:01:29.352 INFO  Minecraft: Guild > nicemoney left. 
06:01:46.358 INFO  Minecraft: Guild > UnknowAccount joined. 
06:03:44.911 INFO  Minecraft: Guild > LexaIsMommy left. 
06:04:31.015 INFO  Minecraft: Guild > 3ctooo joined. 
06:05:18.372 INFO  Minecraft: Guild > TimothyPlays57 joined. 
06:11:09.133 INFO  Minecraft: Guild > Hercules_RB left. 
06:14:14.438 INFO  Minecraft: Guild > TimothyPlays57 left. 
06:17:21.741 INFO  Minecraft: Guild > POGGORSEEL left. 
06:17:35.067 INFO  Minecraft: Guild > POGGORSEEL joined. 
06:19:00.049 INFO  Minecraft: Guild > WitheredRoyal left. 
06:25:19.796 INFO  Minecraft: Guild > Hercules_RB joined. 
06:28:00.834 INFO  Minecraft: Guild > nicemoney joined. 
06:28:42.863 INFO  Minecraft: Guild > DeformedSeal left. 
06:31:38.222 INFO  Minecraft: Guild > DeformedSeal joined. 
06:32:54.484 INFO  Minecraft: Guild > gogyxdash joined. 
06:39:18.760 INFO  Minecraft: Guild > Hercules_RB left. 
06:39:22.342 INFO  Minecraft: Guild > Hercules_RB joined. 
06:39:28.835 INFO  Minecraft: Guild > Loudbook joined. 
06:44:49.230 INFO  Minecraft: Guild > TimothyPlays57 joined. 
06:46:05.335 INFO  Minecraft: Guild > sommthing left. 
06:51:02.655 INFO  Minecraft: Guild > TimothyPlays57 left. 
06:54:53.365 INFO  Minecraft: Guild > nicemoney left. 
06:56:42.546 INFO  Minecraft: Guild > Loudbook left. 
06:56:54.570 INFO  Minecraft: Guild > Loudbook joined. 
06:58:07.592 INFO  Minecraft: Guild > gogyxdash left. 
07:02:00.612 INFO  Minecraft: Guild > LionyLev joined. 
07:04:51.444 INFO  Minecraft: Guild > LionyLev left. 
07:04:56.442 INFO  Minecraft: Guild > LionyLev joined. 
07:05:50.846 INFO  Minecraft: Guild > DeformedSeal left. 
07:10:29.340 INFO  Minecraft: Guild > UnknownShadow124 joined. 
07:13:04.316 INFO  Minecraft: Guild > 4717 joined. 
07:13:35.443 INFO  Minecraft: Guild > LionyLev left. 
07:13:43.476 INFO  Minecraft: Guild > LionyLev joined. 
07:15:24.217 INFO  Minecraft: Guild > TimothyPlays57 joined. 
07:15:36.487 INFO  Minecraft: Guild > LionyLev left. 
07:15:48.329 INFO  Minecraft: Guild > 4717 left. 
07:15:52.167 INFO  Minecraft: Guild > 4717 joined. 
07:16:20.427 INFO  Minecraft: Guild > LionyLev joined. 
07:19:48.769 INFO  Minecraft: Guild > TimothyPlays57 left. 
07:20:03.962 INFO  Minecraft: Guild > UnknownShadow124 left. 
07:20:09.019 INFO  Minecraft: Guild > LionyLev left. 
07:20:14.710 INFO  Minecraft: Guild > LionyLev joined. 
07:23:20.334 INFO  Minecraft: Guild > nicemoney joined. 
07:26:59.253 INFO  Minecraft: Guild > gogyxdash joined. 
07:31:09.992 INFO  Minecraft: Guild > POGGORSEEL left. 
07:31:12.060 INFO  Minecraft: Guild > POGGORSEEL joined. 
07:31:23.205 INFO  Minecraft: Guild > LRBenito left. 
07:33:02.203 INFO  Minecraft: Guild > BamBoozledMC joined. 
07:34:10.350 INFO  Minecraft: BamBoozledMC left SkyBlock. 
07:34:12.571 INFO  Minecraft: BamBoozledMC joined SkyBlock. 
07:34:13.349 INFO  Minecraft: BamBoozledMC left SkyBlock. 
07:36:28.988 INFO  Minecraft: Guild > LexaIsMommy joined. 
07:36:55.180 INFO  Minecraft: Guild > LexaIsMommy left. 
07:37:00.377 INFO  Minecraft: Guild > nicemoney left. 
07:38:08.635 INFO  Minecraft: Guild > LRBenito joined. 
07:38:17.630 INFO  Minecraft: Guild > LRBenito left. 
07:39:03.857 INFO  Minecraft: Guild > LexaIsMommy joined. 
07:41:32.613 INFO  Minecraft: Guild > Loudbook left. 
07:41:43.515 INFO  Minecraft: Guild > POGGORSEEL left. 
07:41:46.549 INFO  Minecraft: Guild > POGGORSEEL joined. 
07:42:06.439 INFO  Minecraft: Guild > LionyLev left. 
07:42:13.527 INFO  Minecraft: Guild > LionyLev joined. 
07:42:47.598 INFO  Minecraft: Guild > Micah_W left. 
07:42:59.671 INFO  Minecraft: Guild > Loudbook joined. 
07:46:10.118 INFO  Minecraft: Guild > [MVP+] LionyLev [LS]: legion 3 or recom? 
07:46:18.598 INFO  Minecraft: Guild > [MVP+] gogyxdash [M]: recomb 
07:46:19.379 INFO  Minecraft: Guild > [VIP+] OwOPingu [F]: for what armor? 
07:46:22.529 INFO  Minecraft: Guild > [MVP+] LionyLev [LS]: necron 
07:46:28.975 INFO  Minecraft: Guild > [VIP+] OwOPingu [F]: yea recomb prob better 
07:46:33.787 INFO  Minecraft: Guild > [MVP+] LionyLev [LS]: ok 
07:47:58.414 INFO  Minecraft: BamBoozledMC joined SkyBlock. 
07:48:13.318 INFO  Minecraft: BamBoozledMC joined SkyBlock. 
07:51:49.736 INFO  Minecraft: Guild > LionyLev left. 
07:52:29.266 INFO  Minecraft: Guild > POGGORSEEL joined. 
07:52:30.121 INFO  Minecraft: Guild > POGGORSEEL left. 
07:52:44.341 INFO  Minecraft: Guild > POGGORSEEL left. 
07:52:48.146 INFO  Minecraft: Guild > POGGORSEEL joined. 
07:57:24.700 INFO  Minecraft: Guild > LexaIsMommy left. 
08:00:24.494 INFO  Minecraft:  
08:00:24.501 INFO  Minecraft: [WATCHDOG ANNOUNCEMENT] 
08:00:24.504 INFO  Minecraft: Watchdog has banned 28,142 players in the last 7 days. 
08:00:24.506 INFO  Minecraft: Staff have banned an additional 16,216 in the last 7 days. 
08:00:24.508 INFO  Minecraft: Blacklisted modifications are a bannable offense! 
08:00:24.509 INFO  Minecraft:  
08:00:52.747 INFO  Minecraft: Guild > POGGORSEEL left. 
08:00:55.756 INFO  Minecraft: Guild > POGGORSEEL joined. 
08:01:01.783 INFO  Minecraft: Guild > LRBenito joined. 
08:09:00.825 INFO  Minecraft: Guild > YoMadaEatingRice joined. 
08:10:33.805 INFO  Minecraft: Guild > YoMadaEatingRice left. 
08:13:10.928 INFO  Minecraft: Guild > 4717 left. 
08:14:27.883 INFO  Minecraft: Guild > 4717 joined. 
08:16:31.285 INFO  Minecraft: Guild > Loudbook left. 
08:17:07.047 INFO  Minecraft: Guild > SirTappy joined. 
08:18:34.020 INFO  Minecraft: Guild > SirTappy left. 
08:23:57.326 INFO  Minecraft: Guild > TimothyPlays57 joined. 
08:28:01.030 INFO  Minecraft: Guild > TimothyPlays57 left. 
08:28:31.068 INFO  Minecraft: Guild > Hercules_RB left. 
08:28:45.662 INFO  Minecraft: Guild > LRBenito left. 
08:32:55.656 INFO  Minecraft: Guild > POGGORSEEL left. 
08:34:53.400 INFO  Minecraft: Guild > TimothyPlays57 joined. 
08:36:04.291 INFO  Minecraft: BamBoozledMC left SkyBlock. 
08:36:20.021 INFO  Minecraft: Guild > LRBenito joined. 
08:42:20.914 INFO  Minecraft: Guild > LRBenito left. 
08:42:34.800 INFO  Minecraft: Guild > UnknowAccount left. 
08:43:24.050 INFO  Minecraft: Guild > BamBoozledMC left. 
08:49:12.878 INFO  Minecraft: Guild > TimothyPlays57 left. 
08:51:47.062 INFO  Minecraft: Guild > Micah_W joined. 
08:52:16.939 INFO  Minecraft: Guild > LexaIsMommy joined. 
08:53:17.967 INFO  Minecraft: Guild > Loudbook joined. 
08:53:44.834 INFO  Minecraft: Guild > [MVP++] Loudbook [US]: can I borrow 12m from anyone so I can do f6 
08:55:12.241 INFO  Minecraft: Guild > Hercules_RB joined. 
08:55:51.231 INFO  Minecraft: Guild > ranger4josh joined. 
08:59:32.177 INFO  Minecraft: Guild > DeformedSeal joined. 
09:00:42.352 INFO  Minecraft: Guild > LexaIsMommy left. 
09:01:41.453 INFO  Minecraft: Guild > Hercules_RB left. 
09:01:50.354 INFO  Minecraft: Guild > Hercules_RB joined. 
09:03:15.267 INFO  Minecraft: Guild > nicemoney joined. 
09:06:05.579 INFO  Minecraft: Guild > Hercules_RB left. 
09:07:17.373 INFO  Minecraft: Guild > Hercules_RB joined. 
09:08:24.017 INFO  Minecraft: Guild > sommthing joined. 
09:09:20.761 INFO  Minecraft: Guild > nicemoney left. 
09:11:28.039 INFO  Minecraft: Guild > 3ctooo left. 
09:12:33.523 INFO  Minecraft: Guild > LRBenito joined. 
09:15:23.743 INFO  Minecraft: Guild > DeformedSeal left. 
09:20:43.814 INFO  Logging in. 
09:20:46.093 INFO  Discord: Logged in. 
09:20:47.805 INFO  Logged in. 
09:20:47.951 INFO  Minecraft:                                       
09:20:47.977 INFO  Minecraft:                           
09:20:48.055 INFO  Minecraft: You found a âœ°âœ°âœ°âœ°âœ° Mystery Box! 
09:20:48.218 INFO  Minecraft: ----------------------------------------------------- 
09:20:48.221 INFO  Minecraft: Requirements are Skill Avg 23, Cata 23, and 170m net, along 
09:20:48.223 INFO  Minecraft: with 85k gexp a week! Make sure to have fun and contact 
09:20:48.224 INFO  Minecraft: OwOSeal or Smol if you have something to report, or something else to say! 
09:20:48.226 INFO  Minecraft: ----------------------------------------------------- 
09:20:52.809 INFO  Sending to skyblock. 
09:20:53.333 INFO  Minecraft: Sending to server mini652H... 
09:20:53.439 INFO  Logged in. 
09:20:53.994 INFO  Minecraft:         
09:20:57.511 INFO  Minecraft: You are playing on profile: Zucchini (Co-op) 
09:20:57.519 INFO  Minecraft:  
09:20:57.526 INFO  Minecraft: Welcome to Hypixel SkyBlock! 
09:20:58.161 INFO  Minecraft: You're already sitting on this island! 
09:20:58.439 INFO  Sending to skyblock. 
09:20:58.701 INFO  Minecraft: Cannot join SkyBlock for a moment! (Queue join in cooldown) 
09:21:03.807 INFO  Minecraft: You're already sitting on this island! 
09:21:12.840 INFO  Minecraft: Guild > Hercules_RB joined. 
09:21:31.833 INFO  Discord: [ðŸ’¬â†’ï¸±guild-chat] Member | TimothyPlays57: did hypixel have a stroke? 
09:21:32.110 INFO  Minecraft: Guild > Minikloons [LS]: Member| TimothyPlays57Â» did hypixel have a stroke? 
09:21:40.657 INFO  Minecraft: Guild > [MVP++] Loudbook [US]: its always having a stroke 
09:21:41.933 INFO  Minecraft: Guild > Loudbook left. 
09:25:28.277 INFO  Minecraft: Guild > Hercules_RB left. 
09:30:32.956 INFO  Logging in. 
09:30:35.188 INFO  Discord: Logged in. 
09:30:36.914 INFO  Logged in. 
09:30:37.115 INFO  Minecraft:                                       
09:30:37.146 INFO  Minecraft:                           
09:30:39.632 INFO  Minecraft: ----------------------------------------------------- 
09:30:39.641 INFO  Minecraft: Requirements are Skill Avg 23, Cata 23, and 170m net, along 
09:30:39.645 INFO  Minecraft: with 85k gexp a week! Make sure to have fun and contact 
09:30:39.648 INFO  Minecraft: OwOSeal or Smol if you have something to report, or something else to say! 
09:30:39.650 INFO  Minecraft: ----------------------------------------------------- 
09:30:42.102 INFO  Sending to skyblock. 
09:30:43.408 INFO  Minecraft: Sending to server mini139K... 
09:30:43.424 INFO  Logged in. 
09:30:43.467 INFO  Minecraft:         
09:30:46.764 INFO  Minecraft: You are playing on profile: Zucchini (Co-op) 
09:30:46.774 INFO  Minecraft:  
09:30:46.776 INFO  Minecraft: Welcome to Hypixel SkyBlock! 
09:30:47.452 INFO  Minecraft: You're already sitting on this island! 
09:30:48.427 INFO  Sending to skyblock. 
09:30:48.834 INFO  Minecraft: Cannot join SkyBlock for a moment! (Queue join in cooldown) 
09:30:53.799 INFO  Minecraft: You're already sitting on this island! 
09:31:04.949 INFO  Minecraft: Guild > ranger4josh joined. 
09:31:42.090 INFO  Minecraft: Guild > LRBenito joined. 
09:38:21.055 INFO  Logging in. 
09:38:23.552 INFO  Discord: Logged in. 
09:38:24.886 INFO  Logged in. 
09:38:25.062 INFO  Minecraft:                                       
09:38:25.086 INFO  Minecraft:                           
09:38:25.792 INFO  Minecraft: ----------------------------------------------------- 
09:38:25.795 INFO  Minecraft: Requirements are Skill Avg 23, Cata 23, and 170m net, along 
09:38:25.797 INFO  Minecraft: with 85k gexp a week! Make sure to have fun and contact 
09:38:25.801 INFO  Minecraft: OwOSeal or Smol if you have something to report, or something else to say! 
09:38:25.802 INFO  Minecraft: ----------------------------------------------------- 
09:38:29.371 INFO  Minecraft:  >>> [MVP++] ChrisGotHaki joined the lobby! <<< 
09:38:29.899 INFO  Sending to skyblock. 
09:38:30.339 INFO  Minecraft: Sending to server mini555D... 
09:38:30.426 INFO  Logged in. 
09:38:30.673 INFO  Minecraft:         
09:38:34.137 INFO  Minecraft: You are playing on profile: Zucchini (Co-op) 
09:38:34.434 INFO  Minecraft:  
09:38:34.437 INFO  Minecraft: Welcome to Hypixel SkyBlock! 
09:38:35.254 INFO  Minecraft: You're already sitting on this island! 
09:38:35.429 INFO  Sending to skyblock. 
09:38:35.705 INFO  Minecraft: Cannot join SkyBlock for a moment! (Queue join in cooldown) 
09:38:40.742 INFO  Minecraft: You're already sitting on this island! 
09:40:19.971 INFO  Minecraft: Guild > OwOPingu joined. 
09:47:21.646 INFO  Logging in. 
09:47:24.018 INFO  Discord: Logged in. 
09:47:25.577 INFO  Logged in. 
09:47:25.764 INFO  Minecraft:                                       
09:47:25.790 INFO  Minecraft:                           
09:47:26.458 INFO  Minecraft: ----------------------------------------------------- 
09:47:26.461 INFO  Minecraft: Requirements are Skill Avg 23, Cata 23, and 170m net, along 
09:47:26.462 INFO  Minecraft: with 85k gexp a week! Make sure to have fun and contact 
09:47:26.464 INFO  Minecraft: OwOSeal or Smol if you have something to report, or something else to say! 
09:47:26.467 INFO  Minecraft: ----------------------------------------------------- 
09:47:29.884 INFO  Minecraft:  >>> [MVP++] Lithed joined the lobby! <<< 
09:47:29.889 INFO  Minecraft: Lithed found a âœ°âœ°âœ°âœ°âœ° Mystery Box! 
09:47:30.578 INFO  Sending to skyblock. 
09:47:30.983 INFO  Minecraft: Sending to server mini77R... 
09:47:31.049 INFO  Logged in. 
09:47:31.326 INFO  Minecraft:         
09:47:34.670 INFO  Minecraft: You are playing on profile: Zucchini (Co-op) 
09:47:35.052 INFO  Minecraft:  
09:47:35.056 INFO  Minecraft: Welcome to Hypixel SkyBlock! 
09:47:36.008 INFO  Minecraft: You're already sitting on this island! 
09:47:36.049 INFO  Sending to skyblock. 
09:47:36.318 INFO  Minecraft: Cannot join SkyBlock for a moment! (Queue join in cooldown) 
09:47:41.397 INFO  Minecraft: You're already sitting on this island! 
09:54:50.101 INFO  Minecraft: Guild > LexaIsMommy joined. 
09:55:25.303 INFO  Minecraft: Guild > LRBenito joined. 
10:00:24.663 INFO  Minecraft:  
10:00:24.668 INFO  Minecraft: [WATCHDOG ANNOUNCEMENT] 
10:00:24.670 INFO  Minecraft: Watchdog has banned 28,133 players in the last 7 days. 
10:00:24.674 INFO  Minecraft: Staff have banned an additional 16,193 in the last 7 days. 
10:00:24.676 INFO  Minecraft: Blacklisted modifications are a bannable offense! 
10:00:24.678 INFO  Minecraft:  
10:01:26.367 INFO  Minecraft: Guild > gogyxdash joined. 
10:01:40.345 INFO  Minecraft: Guild > ranger4josh joined. 
10:03:59.566 INFO  Minecraft: Guild > 4717 joined. 
10:04:54.913 INFO  Minecraft: Guild > ranger4josh left. 
10:04:54.945 INFO  Minecraft: Guild > LexaIsMommy left. 
10:10:01.273 INFO  Logging in. 
10:10:03.845 INFO  Discord: Logged in. 
10:10:04.892 INFO  Minecraft: ----------------------------------------------------- 
10:10:04.898 INFO  Minecraft: Requirements are Skill Avg 23, Cata 23, and 170m net, along 
10:10:04.900 INFO  Minecraft: with 85k gexp a week! Make sure to have fun and contact 
10:10:04.903 INFO  Minecraft: OwOSeal or Smol if you have something to report, or something else to say! 
10:10:04.904 INFO  Minecraft: ----------------------------------------------------- 
10:10:04.957 INFO  Logged in. 
10:10:05.105 INFO  Minecraft:                                       
10:10:05.136 INFO  Minecraft:                           
10:10:09.008 INFO  Minecraft: [MVP+] RyansGuide2Life joined the lobby! 
10:10:09.011 INFO  Sending to skyblock. 
10:10:09.165 INFO  Minecraft:  >>> [MVP++] Crazy_Psycho_ joined the lobby! <<< 
10:10:09.459 INFO  Minecraft: Sending to server mini863A... 
10:10:09.562 INFO  Logged in. 
10:10:09.859 INFO  Minecraft:         
10:10:09.957 INFO  Sending to skyblock. 
10:10:11.124 INFO  Minecraft: Please don't spam the command! 
10:10:12.172 INFO  Minecraft: You're already sitting on this island! 
10:10:13.149 INFO  Minecraft: You are playing on profile: Zucchini (Co-op) 
10:10:13.635 INFO  Minecraft:  
10:10:13.638 INFO  Minecraft: Welcome to Hypixel SkyBlock! 
10:10:14.569 INFO  Sending to skyblock. 
10:10:14.848 INFO  Minecraft: Cannot join SkyBlock for a moment! (Queue join in cooldown) 
10:10:15.269 INFO  Minecraft: You're already sitting on this island! 
10:10:19.920 INFO  Minecraft: You're already sitting on this island! 
10:13:43.889 INFO  Minecraft: Guild > SnowedSeal joined. 
10:13:46.252 INFO  Minecraft: Guild > [MVP++] SnowedSeal [LS]: henlo 
10:13:48.627 INFO  Minecraft: Guild > [VIP+] OwOPingu [F]: henlo 
10:13:50.245 INFO  Minecraft: Guild > [MVP++] SnowedSeal [LS]: i has question 
10:13:50.733 INFO  Minecraft: Guild > TimothyPlays57 joined. 
10:13:55.886 INFO  Minecraft: Guild > [VIP+] OwOPingu [F]: wat questions? 
10:13:59.206 INFO  Minecraft: Guild > [VIP+] OwOPingu [F]: for who? 
10:14:01.897 INFO  Minecraft: Guild > [MVP++] SnowedSeal [LS]: how do you make that ding sound when you farm sugarcane 
10:14:12.641 INFO  Minecraft: Guild > [MVP+] TimothyPlays57 [M]: player sound 
10:14:16.619 INFO  Minecraft: Guild > [MVP++] SnowedSeal [LS]: turn it on? 
10:14:19.185 INFO  Minecraft: Guild > [MVP+] TimothyPlays57 [M]: yes 
10:14:21.668 INFO  Minecraft: Guild > [MVP++] SnowedSeal [LS]: okay 
10:14:21.862 INFO  Minecraft: Guild > [VIP+] OwOPingu [F]: i think that just gaining xp 
10:14:27.301 INFO  Minecraft: Guild > [MVP++] SnowedSeal [LS]: thanks 
10:14:28.656 INFO  Minecraft: Guild > [MVP+] TimothyPlays57 [M]: no 
10:14:35.639 INFO  Minecraft: Guild > [MVP++] SnowedSeal [LS]: it is on tho 
10:14:39.467 INFO  Minecraft: Guild > [MVP+] TimothyPlays57 [M]: not only xp there a ding for skill xp 
10:14:39.710 INFO  Minecraft: Guild > [MVP++] SnowedSeal [LS]: at 50% 
10:14:47.257 INFO  Minecraft: Guild > [VIP+] OwOPingu [F]: i meant skill xp 
10:14:58.564 INFO  Minecraft: Guild > LexaIsMommy joined. 
10:15:02.210 INFO  Minecraft: Guild > [MVP+] TimothyPlays57 [M]: U get it snowed 
10:15:10.791 INFO  Minecraft: Guild > [MVP+] TimothyPlays57 [M]: idk about u is ur main volume off? 
10:16:04.663 INFO  Minecraft: Guild > [MVP++] SnowedSeal [LS]: NO 
10:16:08.769 INFO  Minecraft: Guild > [MVP++] SnowedSeal [LS]: MY PERSONAL COMPACTOR 
10:16:15.490 INFO  Minecraft: Guild > [VIP+] OwOPingu [F]: wat happened? 
10:16:23.341 INFO  Minecraft: Guild > [VIP] 4717 [M]: ? 
10:16:24.980 INFO  Minecraft: Guild > [MVP+] TimothyPlays57 [M]: hm 
10:16:28.859 INFO  Minecraft: Guild > [MVP+] TimothyPlays57 [M]: lag 
10:16:28.870 INFO  Minecraft: Guild > [MVP+] TimothyPlays57 [M]: did hypixel crash again 
10:16:29.503 INFO  Minecraft: Guild > [MVP++] SnowedSeal [LS]: ITS GONE 
10:16:32.159 INFO  Minecraft: Guild > [VIP+] OwOPingu [F]: f 
10:16:33.030 INFO  Minecraft: Guild > [MVP++] SnowedSeal [LS]: wait 
10:16:35.595 INFO  Minecraft: Guild > [MVP++] SnowedSeal [LS]: let me check my 
10:16:37.601 INFO  Minecraft: Guild > [VIP] 4717 [M]: explain 
10:16:37.665 INFO  Minecraft: Guild > [MVP++] SnowedSeal [LS]: skycrypt 
10:16:46.422 INFO  Minecraft: Guild > TimothyPlays57 left. 
10:17:03.552 INFO  Minecraft: Guild > [VIP+] OwOPingu [F]: i dont see it in your inventory or accesory bag 
10:17:04.144 INFO  Discord: [ðŸ’¬â†’ï¸±guild-chat] Member | TimothyPlays57: hypicle crashed for me 
10:17:04.433 INFO  Minecraft: Guild > Minikloons [LS]: Member| TimothyPlays57Â» hypicle crashed for me 
10:17:10.453 INFO  Minecraft: Guild > [MVP++] SnowedSeal [LS]: saddd 
10:17:17.179 INFO  Minecraft: Guild > [VIP+] OwOPingu [F]: what number was it? 
10:17:18.738 INFO  Minecraft: Guild > [MVP+] ranger4josh [M]: wtf 
10:17:21.390 INFO  Minecraft: Guild > [MVP++] SnowedSeal [LS]: 7000 
10:17:28.405 INFO  Minecraft: Guild > [MVP++] SnowedSeal [LS]: recomb w 
10:17:29.160 INFO  Minecraft: Guild > [VIP+] OwOPingu [F]: f that at least like 5 mil 
10:17:31.177 INFO  Minecraft: Guild > [MVP++] SnowedSeal [LS]: ;-; 
10:17:32.239 INFO  Minecraft: Guild > [VIP+] OwOPingu [F]: damn 
10:17:44.084 INFO  Minecraft: Guild > [MVP++] SnowedSeal [LS]: anyone got a spare 
10:18:02.821 INFO  Minecraft: Guild > [VIP+] OwOPingu [F]: i mean i got one but not a spare 
10:18:05.816 INFO  Minecraft: Guild > [MVP++] SnowedSeal [LS]: o 
10:19:24.130 INFO  Minecraft: Guild > 4717 left. 
10:21:36.550 INFO  Minecraft: Guild > LexaIsMommy left. 
10:22:44.658 INFO  Minecraft: Guild > LionyLev joined. 
10:23:33.621 INFO  Minecraft: Guild > 4717 joined. 
10:23:53.825 INFO  Minecraft: Guild > [MVP++] SnowedSeal [LS]: somoen buy my ah 
10:23:54.825 INFO  Minecraft: Guild > [MVP++] SnowedSeal [LS]: :c 
10:23:59.422 INFO  Minecraft: Guild > [MVP++] SnowedSeal [LS]: i need it to buy personal compactor 
10:24:02.142 INFO  Minecraft: Guild > [MVP++] SnowedSeal [LS]: :CCC 
10:24:14.930 INFO  Minecraft: Guild > [VIP+] OwOPingu [F]: wdy did you have storm helm? 
10:24:18.622 INFO  Minecraft: Guild > [MVP++] SnowedSeal [LS]: flips 
10:24:22.302 INFO  Minecraft: Guild > [VIP+] OwOPingu [F]: o i see 
10:24:29.824 INFO  Minecraft: Guild > [MVP++] SnowedSeal [LS]: buy :c 
10:24:39.430 INFO  Minecraft: Guild > [VIP+] OwOPingu [F]: sorry too poor :c 
10:24:48.403 INFO  Minecraft: Guild > [MVP++] SnowedSeal [LS]: :C 
10:29:09.863 INFO  Minecraft: Guild > sommthing joined. 
10:30:30.902 INFO  Minecraft: Guild > LexaIsMommy joined. 
10:30:35.809 INFO  Minecraft: Guild > LexaIsMommy left. 
10:33:06.922 INFO  Minecraft: Guild > WitheredRoyal joined. 
10:35:32.137 INFO  Minecraft: Guild > 4717 left. 
10:36:28.689 INFO  Minecraft: Guild > LexaIsMommy joined. 
10:37:08.369 INFO  Minecraft: Guild > 4717 joined. 
10:38:55.306 INFO  Minecraft: Guild > [VIP+] WitheredRoyal [M]: any1 m1? 
10:38:58.577 INFO  Minecraft: Guild > [VIP+] WitheredRoyal [M]: no Archers 
10:38:58.624 INFO  Minecraft: Guild > DeformedSeal joined. 
10:39:08.580 INFO  Minecraft: Guild > [VIP+] OwOPingu [F]: :D 
10:39:14.945 INFO  Minecraft: Guild > [VIP+] OwOPingu [F]: wc 
10:39:22.827 INFO  Minecraft: Guild > [MVP+] ranger4josh [M]: i can in a minute 
10:39:25.214 INFO  Minecraft: Guild > [MVP+] ranger4josh [M]: in bw game atm 
10:39:44.012 INFO  Minecraft: Guild > [VIP+] WitheredRoyal [M]: Wait I'll do bw if you don't mind 
10:39:59.524 INFO  Minecraft: Guild > [MVP+] ranger4josh [M]: coward 
10:40:03.977 INFO  Minecraft: Guild > [MVP++] SnowedSeal [LS]: what 
10:40:04.832 INFO  Minecraft: Guild > [VIP+] OwOPingu [F]: damn 
10:40:06.641 INFO  Minecraft: Guild > [MVP+] ranger4josh [M]: wc 
10:40:08.928 INFO  Minecraft: Guild > [VIP+] WitheredRoyal [M]: D: 
10:40:17.218 INFO  Minecraft: Guild > [VIP+] OwOPingu [F]: im sorry man i didnt do anything man D: 
10:40:23.436 INFO  Minecraft: Guild > [VIP+] WitheredRoyal [M]: That was hostile 
10:40:30.698 INFO  Minecraft: Guild > [VIP+] OwOPingu [F]: yes it was :( 
10:42:23.414 INFO  Minecraft: Guild > ranger4josh left. 
10:42:27.547 INFO  Minecraft: Guild > ranger4josh joined. 
10:42:39.351 INFO  Minecraft: Guild > [VIP+] WitheredRoyal [M]: Any1 bw? 
10:42:44.054 INFO  Minecraft: Guild > [MVP+] ranger4josh [M]: i can do m1 now 
10:42:47.543 INFO  Minecraft: Guild > [VIP+] OwOPingu [F]: lol 
10:42:48.342 INFO  Minecraft: Guild > [MVP++] SnowedSeal [LS]: storms helmet makes so much of a diff 
10:42:50.806 INFO  Minecraft: Guild > [VIP+] WitheredRoyal [M]: lel 
10:42:51.209 INFO  Minecraft: Guild > [MVP++] SnowedSeal [LS]: i'm selling this tommorow 
10:42:58.834 INFO  Minecraft: Guild > [VIP+] OwOPingu [F]: wdym 
10:42:59.208 INFO  Minecraft: Guild > [VIP+] WitheredRoyal [M]: k any1 m1? 
10:43:07.017 INFO  Minecraft: Guild > [MVP+] ranger4josh [M]: me 
10:43:13.458 INFO  Minecraft: Guild > [MVP++] SnowedSeal [LS]: wot 
10:43:18.449 INFO  Minecraft: Guild > [VIP+] WitheredRoyal [M]: What class? 
10:43:24.226 INFO  Minecraft: Guild > [MVP+] ranger4josh [M]: tnak 
10:43:26.382 INFO  Minecraft: Guild > [MVP+] ranger4josh [M]: tank 
10:43:28.453 INFO  Minecraft: Guild > [VIP+] WitheredRoyal [M]: pog 
10:43:42.658 INFO  Minecraft: Guild > [VIP+] OwOPingu [F]: tnak is a funny sounding word 
10:44:21.297 INFO  Minecraft: Guild > [MVP+] ranger4josh [M]: i need to start playing dungeons again so i can get the final star on my tank armor and 5 star my 
10:44:22.827 INFO  Minecraft: Guild > [MVP+] ranger4josh [M]: necron 
10:44:37.980 INFO  Discord: [ðŸ’¬â†’ï¸±guild-chat] Member | ShredderSeal: henlo 
10:44:38.261 INFO  Minecraft: Guild > Minikloons [LS]: Member| ShredderSealÂ» henlo 
10:44:42.249 INFO  Minecraft: Guild > [VIP+] WitheredRoyal [M]: Lo hens 
10:44:48.953 INFO  Discord: [ðŸ’¬â†’ï¸±guild-chat] Member | ShredderSeal: Henlo poggers people of cold lands 
10:44:49.198 INFO  Minecraft: Guild > Minikloons [LS]: Member| ShredderSealÂ» Henlo poggers people of cold lands 
10:44:53.334 INFO  Minecraft: Guild > [MVP++] SnowedSeal [LS]: henlo 
10:44:59.537 INFO  Minecraft: Guild > [VIP+] OwOPingu [F]: henlo 
10:45:44.140 INFO  Discord: [ðŸ’¬â†’ï¸±guild-chat] Member | ShredderSeal: im going to go on soon 
10:45:44.402 INFO  Minecraft: Guild > Minikloons [LS]: Member| ShredderSealÂ» im going to go on soon 
10:45:55.866 INFO  Minecraft: Guild > [MVP++] SnowedSeal [LS]: ghost do true damage 
10:45:57.139 INFO  Minecraft: Guild > [MVP++] SnowedSeal [LS]: ? 
10:46:05.247 INFO  Minecraft: Guild > [VIP+] WitheredRoyal [M]: Any1 m1 no arch or tank 
10:46:29.955 INFO  Minecraft: Guild > SnowedSeal left. 
10:47:18.484 INFO  Discord: [ðŸ’¬â†’ï¸±guild-chat] Member | ShredderSeal: e 
10:47:18.736 INFO  Minecraft: You cannot say the same message twice! 
10:50:19.086 INFO  Minecraft: Guild > ShredderSeal joined. 
10:50:19.561 INFO  Discord: [ðŸ’¬â†’ï¸±guild-chat] CO | OwOSmol: fard 
10:50:19.802 INFO  Minecraft: Guild > Minikloons [LS]: CO| OwOSmolÂ» fard 
10:50:35.267 INFO  Minecraft: Guild > [VIP+] OwOPingu [F]: fard indeed 
10:50:52.824 INFO  Discord: [ðŸ’¬â†’ï¸±guild-chat] CO | OwOSmol: finally school bye bye 
10:50:53.459 INFO  Minecraft: Guild > Minikloons [LS]: CO| OwOSmolÂ» finally school bye bye 
10:50:58.481 INFO  Minecraft: Guild > [VIP] ShredderSeal [M]: farder 
10:51:04.444 INFO  Minecraft: Guild > [VIP+] OwOPingu [F]: i farded 
10:51:14.819 INFO  Minecraft: Guild > [VIP+] OwOPingu [F]: excuse me 
10:51:34.422 INFO  Minecraft: Guild > [VIP] ShredderSeal [M]: OwOPingu farded!!!!!111!!!1! cancelled!!!!1!11!111! 
10:51:41.422 INFO  Minecraft: Guild > [VIP+] OwOPingu [F]: :( 
10:51:48.035 INFO  Minecraft: Guild > [VIP+] WitheredRoyal [M]: :o 
10:51:53.015 INFO  Minecraft: Guild > 4717 left. 
10:52:01.870 INFO  Minecraft: Guild > 4717 joined. 
10:52:15.574 INFO  Minecraft: Guild > [VIP] ShredderSeal [M]: i mistooken voidedge with aote lmao 
10:52:16.504 INFO  Minecraft: Guild > [VIP] ShredderSeal [M]: gg 
10:52:24.935 INFO  Minecraft: Guild > [VIP+] OwOPingu [F]: anyone here wanna buy a epic sheep with 8689032 xp for 1bil? 
10:52:33.198 INFO  Minecraft: Guild > [VIP] ShredderSeal [M]: sus 
10:52:50.320 INFO  Minecraft: Guild > [VIP] ShredderSeal [M]: someone help me with t3 plzzzz 
10:52:56.901 INFO  Minecraft: Guild > [VIP] ShredderSeal [M]: me bad 
10:53:00.340 INFO  Minecraft: Guild > [VIP+] OwOPingu [F]: i also bad 
10:53:00.885 INFO  Minecraft: Guild > [VIP] ShredderSeal [M]: i can only do t2 
10:53:12.085 INFO  Minecraft: Guild > [VIP+] OwOPingu [F]: i can only do t1 :D 
10:53:22.123 INFO  Minecraft: Guild > [VIP] ShredderSeal [M]: t1 cring 
10:53:31.254 INFO  Minecraft: Guild > [VIP+] OwOPingu [F]: i think i could do t2 if i buy baby yeti but i dont want to 
10:53:49.662 INFO  Minecraft: Guild > [VIP] ShredderSeal [M]: i dont have baby yeti lmfao 
10:53:56.939 INFO  Minecraft: Guild > [VIP] ShredderSeal [M]: im fine doing t2s with bw 
10:54:15.983 INFO  Minecraft: Guild > [VIP+] OwOPingu [F]: or blue whale 
10:54:20.353 INFO  Minecraft: Guild > [VIP+] OwOPingu [F]: just a tank pet 
10:54:30.175 INFO  Minecraft: Guild > [VIP] ShredderSeal [M]: although 
10:54:35.114 INFO  Minecraft: Guild > [VIP] ShredderSeal [M]: i have final destination 
10:54:36.243 INFO  Minecraft: Guild > [VIP] ShredderSeal [M]: so 
10:55:33.304 INFO  Minecraft: Guild > [VIP+] OwOPingu [F]: !lurk 
10:55:33.597 INFO  Minecraft: Guild > Minikloons [LS]: OwOPingu decided to lurk (AFK) Will they be back soon? 
10:55:37.292 INFO  Minecraft: Guild > [VIP+] OwOPingu [F]: E 
10:55:48.619 INFO  Minecraft: Guild > [VIP] LRBenito [M]: !unlurk 
10:55:48.874 INFO  Minecraft: Guild > Minikloons [LS]: Wow, LRBenito that took long enough, but hey at least you are back from lurking (AFK). 
10:55:53.611 INFO  Minecraft: Guild > [VIP] LRBenito [M]: e 
10:55:57.701 INFO  Minecraft: Guild > [VIP] LRBenito [M]: a 
10:55:58.189 INFO  Minecraft: Guild > ranger4josh left. 
10:56:07.062 INFO  Minecraft: Guild > [VIP] LRBenito [M]: sports 
10:56:09.344 INFO  Minecraft: Guild > [VIP] LRBenito [M]: !unlurk 
10:56:09.599 INFO  Minecraft: Guild > Minikloons [LS]: LRBenito Got back from lurking (AFK) sooner then I thought! 
10:57:45.246 INFO  Minecraft: Guild > [VIP] ShredderSeal [M]: wait i have almost 2k defense 
11:03:05.730 INFO  Minecraft: Guild > [VIP] ShredderSeal [M]: does anyone have leg yeti pet? cuz i wanna trade with my lvl 83 leg blue whale 
11:03:13.997 INFO  Minecraft: Guild > [MVP+] LionyLev [LS]: any hype mages wanna do f7? 
11:03:22.408 INFO  Minecraft: Guild > sommthing left. 
11:05:11.327 INFO  Minecraft: Guild > LionyLev left. 
11:05:19.971 INFO  Minecraft: Guild > [VIP] ShredderSeal [M]: does anyone want leg blue whale for 26.5m? 
11:05:25.250 INFO  Minecraft: Guild > LionyLev joined. 
11:05:26.472 INFO  Minecraft: Guild > [VIP] ShredderSeal [M]: btw 
11:06:06.489 INFO  Minecraft: Guild > [VIP] ShredderSeal [M]: you can use terminator even without eslayer lvl 7 if you put master star 
11:18:38.799 INFO  Minecraft: Guild > LexaIsMommy left. 
11:20:22.607 INFO  Minecraft: Guild > [VIP+] WitheredRoyal [M]: Any dps wanna do m3? 
11:20:27.992 INFO  Minecraft: Guild > [VIP+] WitheredRoyal [M]: nvm 
11:20:48.834 INFO  Minecraft: Guild > [VIP] ShredderSeal [M]: ow 
11:20:51.865 INFO  Minecraft: Guild > [VIP] ShredderSeal [M]: lmao 
11:21:01.069 INFO  Minecraft: Guild > [VIP] ShredderSeal [M]: i didnt realise i have spare sus vial 
11:21:02.862 INFO  Minecraft: Guild > [VIP] ShredderSeal [M]: in myis 
11:21:16.924 INFO  Minecraft: Guild > [VIP] ShredderSeal [M]: and just straight buy different one 
11:27:37.383 INFO  Minecraft: Guild > 4717 left. 
11:27:56.537 INFO  Minecraft: Guild > gogyxdash joined. 
11:28:39.380 INFO  Minecraft: Guild > 4717 joined. 
11:44:04.099 INFO  Minecraft: Guild > [VIP] ShredderSeal [M]: 2k defense POG 
11:49:30.947 INFO  Minecraft: Guild > [VIP] ShredderSeal [M]: LMFAOOO 
11:49:38.569 INFO  Minecraft: Guild > [VIP] ShredderSeal [M]: 3RD POS WITH SOUL WHIP 
11:49:48.375 INFO  Minecraft: Guild > [VIP+] WitheredRoyal [M]: pos? 
11:50:01.393 INFO  Minecraft: Guild > [VIP] ShredderSeal [M]: position 
11:50:06.649 INFO  Minecraft: Guild > [VIP] ShredderSeal [M]: if i spell it right 
11:50:07.429 INFO  Minecraft: Guild > [VIP+] WitheredRoyal [M]: oh 
11:54:25.769 INFO  Minecraft: Guild > [VIP] ShredderSeal [M]: anyone need help with t2 eman slayer? 
11:57:14.741 INFO  Minecraft: Guild > 4717 left. 
11:57:20.913 INFO  Minecraft: Guild > 4717 joined. 
12:00:07.628 INFO  Minecraft: Guild > DeformedSeal left. 
12:00:17.487 INFO  Minecraft: Guild > LionyLev left. 
12:00:18.076 INFO  Minecraft: Guild > [VIP] ShredderSeal [M]: im literally staring at voidling rn 
12:00:24.649 INFO  Minecraft: Guild > LionyLev joined. 
12:00:24.850 INFO  Minecraft:  
12:00:24.854 INFO  Minecraft: [WATCHDOG ANNOUNCEMENT] 
12:00:24.857 INFO  Minecraft: Watchdog has banned 28,159 players in the last 7 days. 
12:00:24.858 INFO  Minecraft: Staff have banned an additional 16,250 in the last 7 days. 
12:00:24.860 INFO  Minecraft: Blacklisted modifications are a bannable offense! 
12:00:24.862 INFO  Minecraft:  
12:00:34.560 INFO  Minecraft: Guild > WitheredRoyal left. 
12:02:34.764 INFO  Minecraft: Guild > LionyLev left. 
12:14:37.719 INFO  Minecraft: Guild > clonzy joined. 
12:15:20.473 INFO  Minecraft: Guild > DeformedSeal joined. 
12:20:14.904 INFO  Minecraft: Guild > [VIP] ShredderSeal [M]: who hasn't done t2s? 
12:20:34.513 INFO  Minecraft: Guild > [VIP] LRBenito [M]: i have not done a t2 
12:20:39.521 INFO  Minecraft: Guild > [VIP] ShredderSeal [M]: LR 
12:20:45.889 INFO  Minecraft: Guild > [VIP] ShredderSeal [M]: i beg you to get helped by me 
12:20:48.102 INFO  Minecraft: Guild > [VIP] ShredderSeal [M]: ill pay u 
12:20:49.442 INFO  Minecraft: Guild > [VIP] LRBenito [M]: ok then 
12:20:51.444 INFO  Minecraft: Guild > [VIP] ShredderSeal [M]: 150k 
12:20:52.957 INFO  Minecraft: Guild > [VIP] LRBenito [M]: you cant pay me lmao 
12:20:58.573 INFO  Minecraft: Guild > [VIP] ShredderSeal [M]: right 
12:21:02.563 INFO  Minecraft: Guild > [VIP] ShredderSeal [M]: u r ironman 
12:21:16.421 INFO  Minecraft: Guild > [VIP] ShredderSeal [M]: im bored 
12:21:19.760 INFO  Minecraft: Guild > [VIP] ShredderSeal [M]: i can do t2s 
12:21:23.061 INFO  Minecraft: Guild > [VIP] ShredderSeal [M]: but cant do t3s 
12:21:30.954 INFO  Minecraft: Guild > [VIP] ShredderSeal [M]: and im bored of ts 
12:21:32.713 INFO  Minecraft: Guild > [VIP] ShredderSeal [M]: t2s 
12:21:58.488 INFO  Minecraft: Guild > [VIP] LRBenito [M]: ok well ill do a t2 
12:22:18.196 INFO  Minecraft: Guild > [VIP] LRBenito [M]: gl killing it before it kills me lmao 
12:22:28.232 INFO  Minecraft: Guild > [VIP] ShredderSeal [M]: well 
12:22:31.157 INFO  Minecraft: Guild > [VIP] ShredderSeal [M]: lets say 
12:22:32.869 INFO  Minecraft: Guild > [VIP] ShredderSeal [M]: see 
12:23:39.668 INFO  Minecraft: Guild > clonzy left. 
12:26:10.430 INFO  Minecraft: Guild > 4717 left. 
12:32:45.029 INFO  Minecraft: Guild > DeformedSeal left. 
12:34:57.921 INFO  Minecraft: Guild > SirTappy joined. 
12:35:30.176 INFO  Minecraft: Guild > SirTappy left. 
12:35:33.858 INFO  Minecraft: Guild > SirTappy joined. 
12:35:35.853 INFO  Minecraft: Guild > SirTappy left. 
12:39:38.869 INFO  Minecraft: Guild > Micah_W joined. 
12:49:41.766 INFO  Minecraft: Guild > LRBenito left. 
12:58:50.080 INFO  Minecraft: Guild > SirTappy joined. 
12:59:04.021 INFO  Minecraft: Guild > SirTappy left. 
13:05:23.846 INFO  Minecraft: Guild > SirTappy joined. 
13:05:25.811 INFO  Minecraft: Guild > SirTappy left. 
13:25:39.583 INFO  Minecraft: Guild > clonzy joined. 
13:58:03.597 INFO  Minecraft: Guild > clonzy left. 
14:00:24.998 INFO  Minecraft:  
14:00:25.003 INFO  Minecraft: [WATCHDOG ANNOUNCEMENT] 
14:00:25.004 INFO  Minecraft: Watchdog has banned 28,174 players in the last 7 days. 
14:00:25.006 INFO  Minecraft: Staff have banned an additional 16,297 in the last 7 days. 
14:00:25.007 INFO  Minecraft: Blacklisted modifications are a bannable offense! 
14:00:25.009 INFO  Minecraft:  
14:03:47.023 INFO  Minecraft: Guild > gogyxdash left. 
14:07:17.951 INFO  Minecraft: Guild > SirTappy joined. 
14:08:37.213 INFO  Minecraft: Guild > SirTappy left. 
14:18:09.199 INFO  Minecraft: Guild > SirTappy joined. 
14:23:46.048 INFO  Minecraft: Guild > SirTappy left. 
14:27:02.404 INFO  Minecraft: Guild > Micah_W left. 
14:45:31.290 INFO  Minecraft: Guild > OwOPingu left. 
14:45:40.239 INFO  Minecraft: Guild > OwOPingu joined. 
14:53:57.944 INFO  Minecraft: Guild > [VIP] ShredderSeal [M]: pog 
14:54:38.581 INFO  Minecraft: Guild > [VIP] ShredderSeal [M]: Final Destination Chestplate upgraded to +240* against endermen! 
14:58:24.119 INFO  Minecraft: Guild > [VIP] ShredderSeal [M]: pog 5k kills leggings 
15:08:05.434 INFO  Minecraft: Guild > OwOPingu left. 
15:08:11.378 INFO  Minecraft: Guild > gogyxdash joined. 
15:08:50.578 INFO  Minecraft: Guild > OwOPingu joined. 
15:10:44.303 INFO  Minecraft: Guild > Hercules_RB joined. 
15:14:01.122 INFO  Minecraft: Guild > [VIP] ShredderSeal [M]: wtf 
15:14:08.194 INFO  Minecraft: Guild > [VIP] ShredderSeal [M]: my farm is fucking trolling 
15:14:33.543 INFO  Minecraft: Guild > [VIP] ShredderSeal [M]: bruh 
15:14:34.979 INFO  Minecraft: Guild > [VIP] ShredderSeal [M]: im sad 
15:27:25.828 INFO  Minecraft: Guild > Hercules_RB left. 
15:54:57.338 INFO  Minecraft: Guild > clonzy joined. 
15:55:45.337 INFO  Minecraft: Guild > clonzy left. 
15:57:42.672 INFO  Minecraft: Guild > clonzy joined. 
16:00:25.185 INFO  Minecraft:  
16:00:25.191 INFO  Minecraft: [WATCHDOG ANNOUNCEMENT] 
16:00:25.194 INFO  Minecraft: Watchdog has banned 28,248 players in the last 7 days. 
16:00:25.196 INFO  Minecraft: Staff have banned an additional 16,342 in the last 7 days. 
16:00:25.199 INFO  Minecraft: Blacklisted modifications are a bannable offense! 
16:00:25.201 INFO  Minecraft:  
16:11:45.967 INFO  Minecraft:  
16:11:45.973 INFO  Minecraft: ----------------------------------------------------- 
16:11:45.976 INFO  Minecraft:  
16:11:45.978 INFO  Minecraft:                  GUILD QUEST TIER 2 COMPLETED! 
16:11:45.980 INFO  Minecraft:  
16:11:45.985 INFO  Minecraft:     The guild has completed Tier 2 of this week's Guild Quest! 
16:11:45.987 INFO  Minecraft:                          +50000 Guild Experience 
16:11:45.988 INFO  Minecraft:  
16:11:45.990 INFO  Minecraft: ----------------------------------------------------- 
16:11:49.682 INFO  Minecraft: Guild > [VIP] ShredderSeal [M]: GG 
16:11:54.254 INFO  Minecraft: Guild > [MVP+] clonzy [M]: gg 
16:22:49.998 INFO  Minecraft: Guild > OLYforever joined. 
16:33:28.484 INFO  Minecraft: Guild > YoMadaEatingRice joined. 
16:38:35.327 INFO  Minecraft: Guild > clonzy left. 
16:40:32.801 INFO  Minecraft: Guild > OwOPingu left. 
16:41:43.233 INFO  Minecraft: Guild > YoMadaEatingRice left. 
16:43:30.378 INFO  Minecraft: Guild > YoMadaEatingRice joined. 
16:56:34.376 INFO  Minecraft: Guild > Micah_W joined. 
17:01:29.710 INFO  Minecraft: Guild > OLYforever left. 
17:09:09.625 INFO  Minecraft: Guild > YoMadaEatingRice left. 
18:00:25.431 INFO  Minecraft:  
18:00:25.447 INFO  Minecraft: [WATCHDOG ANNOUNCEMENT] 
18:00:25.450 INFO  Minecraft: Watchdog has banned 28,248 players in the last 7 days. 
18:00:25.451 INFO  Minecraft: Staff have banned an additional 16,935 in the last 7 days. 
18:00:25.453 INFO  Minecraft: Blacklisted modifications are a bannable offense! 
18:00:25.455 INFO  Minecraft:  
18:04:30.704 INFO  Minecraft: [Important] This server will restart soon: Scheduled Reboot 
18:04:30.711 INFO  Minecraft: You have 60 seconds to warp out! CLICK to warp now! 
18:05:04.604 INFO  Minecraft: Guild > Micah_W left. 
18:05:29.206 INFO  Minecraft: Evacuating to Hub... 
18:05:29.212 INFO  Minecraft: Sending to server mini81J... 
18:05:29.254 INFO  Logged in. 
18:05:29.611 INFO  Minecraft:         
18:05:34.240 INFO  Minecraft: You are playing on profile: Zucchini (Co-op) 
18:05:34.412 INFO  Sending to skyblock. 
18:05:35.390 INFO  Minecraft: ALLOWANCE! You earned 50,000 coins! 
18:05:35.717 INFO  Minecraft: You are already playing SkyBlock! 
18:05:35.762 INFO  Minecraft: [MVP++] DJbatcat: are you barrack or michelle 
18:05:39.913 INFO  Minecraft: Warping you to your SkyBlock island... 
18:05:40.142 INFO  Minecraft: Sending to server mini162N... 
18:05:40.283 INFO  Logged in. 
18:05:40.582 INFO  Minecraft:         
18:05:44.113 INFO  Minecraft: You are playing on profile: Zucchini (Co-op) 
18:05:45.287 INFO  Sending to skyblock. 
18:05:45.561 INFO  Minecraft: You are already playing SkyBlock! 
18:05:50.621 INFO  Minecraft: You're already sitting on this island! 
18:14:10.797 INFO  Minecraft: Guild > YoMadaEatingRice joined. 
18:28:16.210 INFO  Minecraft: Guild > ShredderSeal left. 
18:40:36.670 INFO  Minecraft: Guild > gogyxdash left. 
18:43:30.471 INFO  Minecraft: Guild > UnknowAccount joined. 
18:54:06.047 INFO  Minecraft: Guild > ShredderSeal joined. 
19:03:24.659 INFO  Minecraft: Guild > UnknowAccount left. 
19:12:57.048 INFO  Minecraft: Guild > UnknowAccount joined. 
19:15:40.127 INFO  Minecraft: Guild > YoMadaEatingRice left. 
19:33:14.250 INFO  Minecraft: Guild > UnknowAccount left. 
19:35:51.639 INFO  Minecraft: Guild > [VIP] ShredderSeal [M]: nice 
19:35:56.191 INFO  Minecraft: Guild > [VIP] ShredderSeal [M]: alch 27 
19:46:54.263 INFO  Minecraft: Guild > YoMadaEatingRice joined. 
19:57:24.091 INFO  Minecraft: Guild > YoMadaEatingRice left. 
20:00:25.510 INFO  Minecraft:  
20:00:25.526 INFO  Minecraft: [WATCHDOG ANNOUNCEMENT] 
20:00:25.528 INFO  Minecraft: Watchdog has banned 27,810 players in the last 7 days. 
20:00:25.530 INFO  Minecraft: Staff have banned an additional 16,959 in the last 7 days. 
20:00:25.532 INFO  Minecraft: Blacklisted modifications are a bannable offense! 
20:00:25.535 INFO  Minecraft:  
20:20:39.504 INFO  Minecraft: Guild > sommthing joined. 
20:29:56.918 INFO  Minecraft: Guild > sommthing left. 
20:38:20.275 INFO  Minecraft: Guild > ShredderSeal left. 
20:39:07.300 INFO  Minecraft: Guild > ShredderSeal joined. 
20:42:13.827 INFO  Minecraft: Guild > [VIP] ShredderSeal [M]: how 
20:42:16.724 INFO  Minecraft: Guild > [VIP] ShredderSeal [M]: wtf 
20:42:20.645 INFO  Minecraft: Guild > [VIP] ShredderSeal [M]: thers 
20:42:34.190 INFO  Minecraft: Guild > [VIP] ShredderSeal [M]: theres obby defender outside dragon's nest 
20:44:38.592 INFO  Minecraft: Guild > OLYforever joined. 
20:45:21.667 INFO  Minecraft: Guild > OLYforever left. 
21:08:10.765 INFO  Minecraft: Guild > ShredderSeal left. 
21:08:48.699 INFO  Minecraft: Guild > nicemoney joined. 
21:14:16.023 INFO  Minecraft: Guild > nicemoney left. 
21:48:43.857 INFO  Minecraft: Guild > LionyLev joined. 
21:50:10.746 INFO  Minecraft: Guild > LionyLev left. 
22:00:25.769 INFO  Minecraft:  
22:00:25.788 INFO  Minecraft: [WATCHDOG ANNOUNCEMENT] 
22:00:25.789 INFO  Minecraft: Watchdog has banned 27,646 players in the last 7 days. 
22:00:25.794 INFO  Minecraft: Staff have banned an additional 17,020 in the last 7 days. 
22:00:25.796 INFO  Minecraft: Blacklisted modifications are a bannable offense! 
22:00:25.798 INFO  Minecraft:  
22:02:20.154 INFO  Minecraft: Guild > YoMadaEatingRice joined. 
22:04:29.354 INFO  Minecraft: Guild > FabledLivid joined. 
22:05:07.317 INFO  Minecraft: Guild > FabledLivid left. 
22:28:44.756 INFO  Minecraft: Guild > YoMadaEatingRice left. 
22:47:32.233 INFO  Minecraft: Guild > Za1bot joined. 
22:48:14.505 INFO  Minecraft: Guild > Za1bot left. 
22:48:14.527 INFO  Minecraft: Guild > TimothyPlays57 joined. 
23:01:01.571 INFO  Logging in. 
23:01:06.971 INFO  Discord: Logged in. 
23:01:08.293 INFO  Logged in. 
23:01:08.697 INFO  Minecraft:                                       
23:01:08.733 INFO  Minecraft:                           
23:01:08.852 INFO  Minecraft: You found a âœ°âœ°âœ°âœ°âœ° Mystery Box! 
23:01:12.232 INFO  Minecraft: ----------------------------------------------------- 
23:01:12.240 INFO  Minecraft: Requirements are Skill Avg 23, Cata 23, and 170m net, along 
23:01:12.242 INFO  Minecraft: with 85k gexp a week! Make sure to have fun and contact 
23:01:12.249 INFO  Minecraft: OwOSeal or Smol if you have something to report, or something else to say! 
23:01:12.251 INFO  Minecraft: ----------------------------------------------------- 
23:01:13.273 INFO  Sending to skyblock. 
23:01:16.886 INFO  Minecraft:  >>> [MVP++] rvnqe joined the lobby! <<< 
23:01:17.238 INFO  Minecraft: Sending to server mini399C... 
23:01:17.279 INFO  Logged in. 
23:01:17.384 INFO  Minecraft:         
23:01:22.643 INFO  Sending to skyblock. 
23:01:33.111 INFO  Minecraft: You are playing on profile: Zucchini (Co-op) 
23:01:33.164 INFO  Minecraft:  
23:01:33.176 INFO  Minecraft: Welcome to Hypixel SkyBlock! 
23:01:33.981 INFO  Minecraft: You're already sitting on this island! 
23:01:36.639 INFO  Minecraft: You are already playing SkyBlock! 
23:01:37.328 INFO  Minecraft: You're already sitting on this island! 
23:02:54.234 INFO  Minecraft: -----------------------------
[VIP+] OLYforever has invited you to join their party!
You have 60 seconds to accept. Click here to join!
----------------------------- 
23:02:55.759 INFO  Discord: [ðŸ’¬â†’ï¸±guild-chat] ã‚ªãƒªãƒ•ã‚©ãƒ¬ãƒãƒ¼â„¢: /partyaccept OLYforever 
23:02:56.025 INFO  Minecraft: ----------------------------- 
23:02:56.036 INFO  Minecraft: You're already in a party, leave it to accept this invite! 
23:02:56.040 INFO  Minecraft: ----------------------------- 
23:04:03.044 INFO  Discord: [ðŸ’¬â†’ï¸±guild-chat] ã‚ªãƒªãƒ•ã‚©ãƒ¬ãƒãƒ¼â„¢: /paccept OLYforever 
23:04:03.305 INFO  Minecraft: ----------------------------- 
23:04:03.314 INFO  Minecraft: You are already in a party! Leave it to join another one. 
23:04:03.320 INFO  Minecraft: ----------------------------- 
23:04:25.068 INFO  Discord: [ðŸ’¬â†’ï¸±guild-chat] ã‚ªãƒªãƒ•ã‚©ãƒ¬ãƒãƒ¼â„¢: /party accept OLYforever 
23:04:25.343 INFO  Minecraft: ----------------------------- 
23:04:25.352 INFO  Minecraft: Usage: /party accept <inviter> 
23:04:25.362 INFO  Minecraft: ----------------------------- 
23:04:34.070 INFO  Discord: [ðŸ’¬â†’ï¸±guild-chat] ã‚ªãƒªãƒ•ã‚©ãƒ¬ãƒãƒ¼â„¢: /party OLYforever 
23:04:34.343 INFO  Minecraft: ----------------------------- 
23:04:34.349 INFO  Minecraft: Minikloons invited [VIP+] OLYforever to the party! They have 60 seconds to accept. 
23:04:34.353 INFO  Minecraft: ----------------------------- 
23:04:41.904 INFO  Minecraft: ----------------------------- 
23:04:41.910 INFO  Minecraft: [VIP+] OLYforever joined the party. 
23:04:41.912 INFO  Minecraft: ----------------------------- 
23:04:47.581 INFO  Discord: [ðŸ’¬â†’ï¸±guild-chat] ã‚ªãƒªãƒ•ã‚©ãƒ¬ãƒãƒ¼â„¢: /pt OLYforever 
23:04:48.113 INFO  Minecraft: ----------------------------- 
23:04:48.128 INFO  Minecraft: The party was transferred to [VIP+] OLYforever by Minikloons 
23:04:48.141 INFO  Minecraft: ----------------------------- 
23:05:04.476 INFO  Minecraft:  Â» OLYforever is traveling to Dungeons Hub FOLLOW 
23:05:12.459 INFO  Minecraft: -----------------------------
[VIP+] OLYforever entered The Catacombs, Floor II!
----------------------------- 
23:05:14.530 INFO  Minecraft: ----------------------------- 
23:05:14.597 INFO  Minecraft: [VIP+] OLYforever warped the party to a SkyBlock dungeon! 
23:05:14.629 INFO  Minecraft: Looting The Catacombs with 2/5 players on Floor II! 
23:05:14.635 INFO  Minecraft: ----------------------------- 
23:05:14.654 INFO  Minecraft: Couldn't warp you! 
23:05:14.670 INFO  Minecraft: You cannot join this Dungeon! 
23:11:58.151 INFO  Minecraft: -----------------------------
[VIP+] OLYforever entered The Catacombs, Floor II!
----------------------------- 
23:11:58.227 INFO  Minecraft: ----------------------------- 
23:11:58.234 INFO  Minecraft: [VIP+] OLYforever warped the party to a SkyBlock dungeon! 
23:11:58.257 INFO  Minecraft: Visiting The Catacombs with 2/5 players on Floor II! 
23:11:58.259 INFO  Minecraft: ----------------------------- 
23:11:58.263 INFO  Minecraft: Couldn't warp you! 
23:11:58.268 INFO  Minecraft: This Dungeon has already started! 
23:14:12.583 INFO  Minecraft: Guild > DeformedSeal joined. 
23:14:27.031 INFO  Minecraft:  Â» OLYforever is traveling to Dungeons Hub FOLLOW 
23:14:32.696 INFO  Minecraft: -----------------------------
[VIP+] OLYforever entered The Catacombs, Floor II!
----------------------------- 
23:14:33.950 INFO  Minecraft: ----------------------------- 
23:14:33.955 INFO  Minecraft: [VIP+] OLYforever warped the party to a SkyBlock dungeon! 
23:14:33.959 INFO  Minecraft: Exploring The Catacombs with 2/5 players on Floor II! 
23:14:33.961 INFO  Minecraft: ----------------------------- 
23:14:34.055 INFO  Minecraft: Couldn't warp you! 
23:14:34.058 INFO  Minecraft: You cannot join this Dungeon! 
23:19:26.373 INFO  Minecraft: ----------------------------- 
23:19:26.456 INFO  Minecraft: The party leader, [VIP+] OLYforever has disconnected, they have 5 minutes to rejoin before the party is disbanded. 
23:19:26.462 INFO  Minecraft: ----------------------------- 
23:19:26.467 INFO  Minecraft: Guild > OLYforever left. 
23:24:26.630 INFO  Minecraft: ----------------------------- 
23:24:26.673 INFO  Minecraft: The party was disbanded because the party leader disconnected. 
23:24:26.679 INFO  Minecraft: ----------------------------- 
23:25:05.127 INFO  Minecraft: Guild > LionyLev joined. 
23:27:21.005 INFO  Minecraft: Guild > Za1bot joined. 
23:28:16.082 INFO  Minecraft: Guild > FabledLivid joined. 
23:30:44.807 INFO  Minecraft: Guild > FabledLivid left. 
23:30:46.243 INFO  Minecraft: Guild > FabledLivid joined. 
23:31:52.433 INFO  Minecraft: Guild > SwagMonkey420 joined. 
23:33:13.995 INFO  Minecraft: Guild > [VIP] FabledLivid [M]: pog just dropped my batphone 
23:33:16.349 INFO  Minecraft: Guild > [VIP] FabledLivid [M]: lets gooo 
23:34:51.536 INFO  Minecraft: Guild > [VIP] FabledLivid [M]: yeah 
23:35:13.019 INFO  Minecraft: Guild > [VIP] FabledLivid [M]: omg they gave it back lmfao 
23:41:13.231 INFO  Minecraft: Guild > [VIP] FabledLivid [M]: is necromancer sword not working??? 
23:41:59.927 INFO  Minecraft: Guild > TimothyPlays57 joined. 
23:42:23.793 INFO  Minecraft: Guild > [VIP] FabledLivid [M]: .-. 
23:43:21.680 INFO  Minecraft: Guild > FabledLivid left. 
23:43:22.663 INFO  Minecraft: Guild > FabledLivid joined. 
23:48:42.914 INFO  Minecraft: Guild > SwagMonkey420 left. 
23:50:05.040 INFO  Minecraft: Guild > TimothyPlays57 left. 
23:50:38.222 INFO  Minecraft: Guild > TimothyPlays57 joined. 
23:50:54.012 INFO  Minecraft: Guild > TimothyPlays57 left. 
23:52:19.190 INFO  Minecraft: Guild > LionyLev left. 
23:52:24.138 INFO  Minecraft: Guild > LionyLev joined. 
23:53:07.217 INFO  Minecraft: Guild > LionyLev left. 
23:58:15.101 INFO  Minecraft: Guild > FabledLivid left. 
00:00:00.351 INFO  Minecraft:  
00:00:00.362 INFO  Minecraft: [WATCHDOG ANNOUNCEMENT] 
00:00:00.365 INFO  Minecraft: Watchdog has banned 27,722 players in the last 7 days. 
00:00:00.369 INFO  Minecraft: Staff have banned an additional 17,054 in the last 7 days. 
00:00:00.372 INFO  Minecraft: Blacklisted modifications are a bannable offense! 
00:00:00.375 INFO  Minecraft:  

