00:00:29.579 INFO  Minecraft:  
00:00:29.588 INFO  Minecraft: [WATCHDOG ANNOUNCEMENT] 
00:00:29.589 INFO  Minecraft: Watchdog has banned 34,907 players in the last 7 days. 
00:00:29.590 INFO  Minecraft: Staff have banned an additional 20,061 in the last 7 days. 
00:00:29.590 INFO  Minecraft: Blacklisted modifications are a bannable offense! 
00:00:29.592 INFO  Minecraft:  
00:08:12.457 INFO  Minecraft: Guild > NucOps06 left. 
00:09:08.359 INFO  Minecraft: Guild > NucOps06 joined. 
02:00:29.840 INFO  Minecraft:  
02:00:29.848 INFO  Minecraft: [WATCHDOG ANNOUNCEMENT] 
02:00:29.849 INFO  Minecraft: Watchdog has banned 34,927 players in the last 7 days. 
02:00:29.849 INFO  Minecraft: Staff have banned an additional 19,886 in the last 7 days. 
02:00:29.850 INFO  Minecraft: Blacklisted modifications are a bannable offense! 
02:00:29.851 INFO  Minecraft:  
03:17:18.948 INFO  Minecraft: Guild > MegatornSeal joined. 
03:48:03.370 INFO  Minecraft: Guild > MegatornSeal left. 
04:00:30.097 INFO  Minecraft:  
04:00:30.100 INFO  Minecraft: [WATCHDOG ANNOUNCEMENT] 
04:00:30.101 INFO  Minecraft: Watchdog has banned 34,974 players in the last 7 days. 
04:00:30.102 INFO  Minecraft: Staff have banned an additional 19,728 in the last 7 days. 
04:00:30.102 INFO  Minecraft: Blacklisted modifications are a bannable offense! 
04:00:30.103 INFO  Minecraft:  
04:15:40.344 INFO  Minecraft: Guild > NucOps06 left. 
04:15:44.548 INFO  Minecraft: Guild > NucOps06 joined. 
04:24:56.604 INFO  Minecraft: Guild > NucOps06 left. 
04:27:51.117 INFO  Minecraft: Guild > NucOps06 joined. 
05:00:28.718 INFO  Minecraft: [Important] This server will restart soon: Scheduled Reboot 
05:00:28.722 INFO  Minecraft: You have 60 seconds to warp out! CLICK to warp now! 
05:01:26.826 INFO  Minecraft: Evacuating to Hub... 
05:01:26.863 INFO  Minecraft: Sending to server mini233A... 
05:01:26.948 INFO  Logged in. 
05:01:27.777 INFO  Minecraft:         
05:01:31.439 INFO  Minecraft: You are playing on profile: Zucchini (Co-op) 
05:01:31.948 INFO  Sending to skyblock. 
05:01:32.239 INFO  Minecraft: You are already playing SkyBlock! 
05:01:37.316 INFO  Minecraft: Warping you to your SkyBlock island... 
05:01:38.217 INFO  Minecraft: Sending to server mini753C... 
05:01:39.296 INFO  Logged in. 
05:01:40.122 INFO  Minecraft:         
05:01:44.297 INFO  Sending to skyblock. 
05:01:44.619 INFO  Minecraft: You are already playing SkyBlock! 
05:01:46.219 INFO  Minecraft: You are playing on profile: Zucchini (Co-op) 
05:01:49.641 INFO  Minecraft: You're already sitting on this island! 
05:02:33.933 INFO  Minecraft: Guild > MegatornSeal joined. 
05:15:07.024 INFO  Minecraft: A Event: Mayor Elections 149! A 
05:15:07.026 INFO  Minecraft: The election room is now closed. Clerk Seraphine is doing a final count of the votes... 
05:15:07.032 INFO  Minecraft:  
05:15:46.537 INFO  Minecraft: A Event: Mayor Elections 149! A 
05:15:46.538 INFO  Minecraft: Diana is elected Mayor for the year, gg! 
05:15:46.539 INFO  Minecraft: Seraphine counted votes from 129k different players. 
05:15:46.564 INFO  Minecraft: Everybody unlocks exclusive perks! [HOVER TO VIEW] 
05:15:46.564 INFO  Minecraft:  
05:18:21.013 INFO  Minecraft: You are being transferred to the HUB for being AFK! 
05:18:21.018 INFO  Minecraft: Sending to server mini98K... 
05:18:21.179 INFO  Logged in. 
05:18:22.814 INFO  Minecraft:         
05:18:26.181 INFO  Sending to skyblock. 
05:18:27.316 INFO  Minecraft: You are playing on profile: Zucchini (Co-op) 
05:18:27.591 INFO  Minecraft: You are already playing SkyBlock! 
05:18:31.524 INFO  Minecraft: Warping you to your SkyBlock island... 
05:18:31.898 INFO  Minecraft: Sending to server mini565U... 
05:18:32.084 INFO  Logged in. 
05:18:32.342 INFO  Minecraft:         
05:18:35.683 INFO  Minecraft: You are playing on profile: Zucchini (Co-op) 
05:18:37.089 INFO  Sending to skyblock. 
05:18:37.327 INFO  Minecraft: You are already playing SkyBlock! 
05:18:42.415 INFO  Minecraft: You're already sitting on this island! 
05:20:20.673 INFO  Minecraft: Guild > NucOps06 left. 
05:41:55.047 INFO  Minecraft: Guild > MegatornSeal left. 
05:47:13.922 INFO  Minecraft: Guild > NucOps06 joined. 
06:00:32.384 INFO  Minecraft:  
06:00:32.387 INFO  Minecraft: [WATCHDOG ANNOUNCEMENT] 
06:00:32.388 INFO  Minecraft: Watchdog has banned 34,975 players in the last 7 days. 
06:00:32.389 INFO  Minecraft: Staff have banned an additional 19,684 in the last 7 days. 
06:00:32.390 INFO  Minecraft: Blacklisted modifications are a bannable offense! 
06:00:32.390 INFO  Minecraft:  
06:58:05.505 INFO  Minecraft: ----------------------------------------------------- 
06:58:05.515 INFO  Minecraft: You have just received 233,512 coins as interest in your co-op bank account! 
06:58:05.531 INFO  Minecraft: ----------------------------------------------------- 
07:01:30.087 INFO  Minecraft: The Traveling Zoo is visiting the SkyBlock Hub! 
07:01:30.091 INFO  Minecraft: CLICK HERE to shop for exotic pets! 
07:10:40.901 INFO  Minecraft: Guild > OwOWolfs joined. 
07:13:33.764 INFO  Minecraft: Guild > NucOps06 left. 
07:16:48.840 INFO  Minecraft: Guild > NucOps06 joined. 
08:00:32.597 INFO  Minecraft:  
08:00:32.608 INFO  Minecraft: [WATCHDOG ANNOUNCEMENT] 
08:00:32.609 INFO  Minecraft: Watchdog has banned 34,939 players in the last 7 days. 
08:00:32.610 INFO  Minecraft: Staff have banned an additional 19,533 in the last 7 days. 
08:00:32.611 INFO  Minecraft: Blacklisted modifications are a bannable offense! 
08:00:32.612 INFO  Minecraft:  
08:57:08.954 INFO  Minecraft: Friend > SnowedSeal joined. 
09:32:32.301 INFO  Minecraft: Guild > OwOWolfs left. 
09:34:37.434 INFO  Minecraft: Friend > SnowedSeal left. 
10:00:32.828 INFO  Minecraft:  
10:00:32.832 INFO  Minecraft: [WATCHDOG ANNOUNCEMENT] 
10:00:32.833 INFO  Minecraft: Watchdog has banned 34,920 players in the last 7 days. 
10:00:32.834 INFO  Minecraft: Staff have banned an additional 19,363 in the last 7 days. 
10:00:32.835 INFO  Minecraft: Blacklisted modifications are a bannable offense! 
10:00:32.835 INFO  Minecraft:  
10:15:12.909 INFO  Minecraft: Friend > SnowedSeal joined. 
10:16:31.202 INFO  Minecraft: Guild > NucOps06 left. 
10:16:35.384 INFO  Minecraft: Guild > NucOps06 joined. 
10:18:49.833 INFO  Minecraft: Guild > NucOps06 left. 
10:22:51.497 INFO  Minecraft: Guild > NucOps06 joined. 
10:51:25.355 INFO  Minecraft: Friend > SnowedSeal left. 
12:00:33.273 INFO  Minecraft:  
12:00:33.283 INFO  Minecraft: [WATCHDOG ANNOUNCEMENT] 
12:00:33.283 INFO  Minecraft: Watchdog has banned 34,668 players in the last 7 days. 
12:00:33.285 INFO  Minecraft: Staff have banned an additional 19,187 in the last 7 days. 
12:00:33.286 INFO  Minecraft: Blacklisted modifications are a bannable offense! 
12:00:33.287 INFO  Minecraft:  
12:08:12.415 INFO  Minecraft: Guild > OwOWolfs joined. 
12:12:40.741 INFO  Minecraft: Guild > OwOWolfs left. 
12:19:46.703 INFO  Minecraft: Guild > POGGORSEEL joined. 
12:25:39.270 INFO  Minecraft: Guild > Ludwin2 joined. 
12:26:13.501 INFO  Minecraft: Guild > Ludwin2 left. 
13:04:41.191 INFO  Minecraft: Guild > NucOps06 left. 
13:12:52.428 INFO  Minecraft: Guild > NucOps06 joined. 
13:33:03.954 INFO  Minecraft: Guild > POGGORSEEL left. 
14:00:33.515 INFO  Minecraft:  
14:00:33.519 INFO  Minecraft: [WATCHDOG ANNOUNCEMENT] 
14:00:33.519 INFO  Minecraft: Watchdog has banned 34,662 players in the last 7 days. 
14:00:33.520 INFO  Minecraft: Staff have banned an additional 19,102 in the last 7 days. 
14:00:33.521 INFO  Minecraft: Blacklisted modifications are a bannable offense! 
14:00:33.521 INFO  Minecraft:  
16:00:33.724 INFO  Minecraft:  
16:00:33.733 INFO  Minecraft: [WATCHDOG ANNOUNCEMENT] 
16:00:33.734 INFO  Minecraft: Watchdog has banned 34,603 players in the last 7 days. 
16:00:33.735 INFO  Minecraft: Staff have banned an additional 18,985 in the last 7 days. 
16:00:33.736 INFO  Minecraft: Blacklisted modifications are a bannable offense! 
16:00:33.736 INFO  Minecraft:  
16:10:41.401 INFO  Minecraft: Guild > NucOps06 left. 
18:00:33.953 INFO  Minecraft:  
18:00:33.960 INFO  Minecraft: [WATCHDOG ANNOUNCEMENT] 
18:00:33.961 INFO  Minecraft: Watchdog has banned 34,597 players in the last 7 days. 
18:00:33.961 INFO  Minecraft: Staff have banned an additional 18,848 in the last 7 days. 
18:00:33.962 INFO  Minecraft: Blacklisted modifications are a bannable offense! 
18:00:33.963 INFO  Minecraft:  
20:00:34.148 INFO  Minecraft:  
20:00:34.159 INFO  Minecraft: [WATCHDOG ANNOUNCEMENT] 
20:00:34.160 INFO  Minecraft: Watchdog has banned 34,650 players in the last 7 days. 
20:00:34.161 INFO  Minecraft: Staff have banned an additional 18,828 in the last 7 days. 
20:00:34.161 INFO  Minecraft: Blacklisted modifications are a bannable offense! 
20:00:34.162 INFO  Minecraft:  
20:11:45.246 INFO  Minecraft: Guild > MegatornSeal joined. 
20:17:06.288 INFO  Minecraft: Guild > MegatornSeal left. 
21:08:28.543 INFO  Minecraft: Guild > NucOps06 joined. 
21:08:45.673 INFO  Minecraft: Guild > NucOps06 left. 
21:12:28.987 INFO  Minecraft: Guild > NucOps06 joined. 
21:27:54.050 INFO  Minecraft: Guild > NucOps06 left. 
21:27:59.251 INFO  Minecraft: Guild > NucOps06 joined. 
22:00:34.342 INFO  Minecraft:  
22:00:34.344 INFO  Minecraft: [WATCHDOG ANNOUNCEMENT] 
22:00:34.345 INFO  Minecraft: Watchdog has banned 34,709 players in the last 7 days. 
22:00:34.346 INFO  Minecraft: Staff have banned an additional 18,789 in the last 7 days. 
22:00:34.347 INFO  Minecraft: Blacklisted modifications are a bannable offense! 
22:00:34.347 INFO  Minecraft:  

