00:00:53.845 INFO  Minecraft: Guild > FabledLivid left. 
00:00:56.850 INFO  Minecraft: Guild > sokkeninsandalen joined. 
00:01:03.969 INFO  Minecraft: Guild > sokkeninsandalen left. 
00:01:07.479 INFO  Minecraft:  
00:01:07.481 INFO  Minecraft: [WATCHDOG ANNOUNCEMENT] 
00:01:07.481 INFO  Minecraft: Watchdog has banned 40,122 players in the last 7 days. 
00:01:07.482 INFO  Minecraft: Staff have banned an additional 23,610 in the last 7 days. 
00:01:07.482 INFO  Minecraft: Blacklisted modifications are a bannable offense! 
00:01:07.482 INFO  Minecraft:  
00:01:41.197 INFO  Minecraft: You already tipped everyone that has boosters active, so there isn't anybody to be tipped right now! 
00:01:59.804 INFO  Minecraft: Guild > FabledLivid joined. 
00:02:12.026 INFO  Minecraft: Guild > sokkeninsandalen joined. 
00:02:15.981 INFO  Minecraft: Guild > cast_05 left. 
00:02:20.960 INFO  Minecraft: Guild > cast_05 joined. 
00:02:51.219 INFO  Minecraft: -----------------------------
[VIP] Chicken_Sxuce has invited you to join their party!
You have 60 seconds to accept. Click here to join!
----------------------------- 
00:02:51.870 INFO  Minecraft: ----------------------------- 
00:02:51.872 INFO  Minecraft: You have joined [VIP] Chicken_Sxuce's party! 
00:02:51.872 INFO  Minecraft: ----------------------------- 
00:02:52.976 INFO  Minecraft: Party > [VIP] SealBot: [WARN] Hello Chicken_Sxuce, I will leave the party in 10 seconds so other people can use me. Thank You! 
00:02:53.520 INFO  Minecraft: -----------------------------
[VIP] Chicken_Sxuce entered The Catacombs, Floor VII!
----------------------------- 
00:02:53.978 INFO  Minecraft: Party > [VIP] SealBot: [INFO] Next time you party me: I do not accept your party it is most likely because someone else hasn't finished with me, just try again in 5-15 seconds. 
00:02:55.035 INFO  Minecraft: Party > [VIP] SealBot: [INFO] This bot was originally made for chat in the guild Cold Lands. 
00:02:59.476 INFO  Minecraft: ----------------------------- 
00:02:59.478 INFO  Minecraft: [VIP] Chicken_Sxuce warped the party to a SkyBlock dungeon! 
00:02:59.479 INFO  Minecraft: Visiting The Catacombs with 2/5 players on Floor VII! 
00:02:59.480 INFO  Minecraft: ----------------------------- 
00:02:59.700 INFO  Minecraft: Couldn't warp you! 
00:02:59.701 INFO  Minecraft: You cannot join this Dungeon! 
00:03:01.808 INFO  Minecraft: ----------------------------- 
00:03:01.809 INFO  Minecraft: You left the party. 
00:03:01.809 INFO  Minecraft: ----------------------------- 
00:03:41.347 INFO  Minecraft: You already tipped everyone that has boosters active, so there isn't anybody to be tipped right now! 
00:03:50.159 INFO  Minecraft: -----------------------------
[MVP+] Thelosthuman has invited you to join their party!
You have 60 seconds to accept. Click here to join!
----------------------------- 
00:03:50.427 INFO  Minecraft: ----------------------------- 
00:03:50.428 INFO  Minecraft: You have joined [MVP+] Thelosthuman's party! 
00:03:50.428 INFO  Minecraft: ----------------------------- 
00:03:51.900 INFO  Minecraft: Party > [VIP] SealBot: [WARN] Hello Thelosthuman, I will leave the party in 10 seconds so other people can use me. Thank You! 
00:03:52.685 INFO  Minecraft: -----------------------------
[MVP+] Thelosthuman entered The Catacombs, Floor VII!
----------------------------- 
00:03:52.915 INFO  Minecraft: Party > [VIP] SealBot: [INFO] Next time you party me: I do not accept your party it is most likely because someone else hasn't finished with me, just try again in 5-15 seconds. 
00:03:53.919 INFO  Minecraft: Party > [VIP] SealBot: [INFO] This bot was originally made for chat in the guild Cold Lands. 
00:03:55.065 INFO  Minecraft: Guild > friendly_rook left. 
00:04:00.437 INFO  Minecraft: ----------------------------- 
00:04:00.438 INFO  Minecraft: You left the party. 
00:04:00.439 INFO  Minecraft: ----------------------------- 
00:04:14.129 INFO  Minecraft: -----------------------------
[MVP+] Thelosthuman has invited you to join their party!
You have 60 seconds to accept. Click here to join!
----------------------------- 
00:04:14.366 INFO  Minecraft: ----------------------------- 
00:04:14.367 INFO  Minecraft: You have joined [MVP+] Thelosthuman's party! 
00:04:14.368 INFO  Minecraft: ----------------------------- 
00:04:15.888 INFO  Minecraft: Party > [VIP] SealBot: [WARN] Hello Thelosthuman, I will leave the party in 10 seconds so other people can use me. Thank You! 
00:04:16.003 INFO  Minecraft: -----------------------------
[MVP+] Thelosthuman entered The Catacombs, Floor VII!
----------------------------- 
00:04:16.950 INFO  Minecraft: Party > [VIP] SealBot: [INFO] Next time you party me: I do not accept your party it is most likely because someone else hasn't finished with me, just try again in 5-15 seconds. 
00:04:17.918 INFO  Minecraft: Party > [VIP] SealBot: [INFO] This bot was originally made for chat in the guild Cold Lands. 
00:04:24.379 INFO  Minecraft: ----------------------------- 
00:04:24.380 INFO  Minecraft: You left the party. 
00:04:24.381 INFO  Minecraft: ----------------------------- 
00:04:24.440 INFO  Minecraft: -----------------------------
[MVP+] Thelosthuman has invited you to join their party!
You have 60 seconds to accept. Click here to join!
----------------------------- 
00:04:24.683 INFO  Minecraft: ----------------------------- 
00:04:24.684 INFO  Minecraft: You have joined [MVP+] Thelosthuman's party! 
00:04:24.685 INFO  Minecraft: ----------------------------- 
00:04:26.180 INFO  Minecraft: Party > [VIP] SealBot: [WARN] Hello Thelosthuman, I will leave the party in 10 seconds so other people can use me. Thank You! 
00:04:27.306 INFO  Minecraft: Party > [VIP] SealBot: [INFO] Next time you party me: I do not accept your party it is most likely because someone else hasn't finished with me, just try again in 5-15 seconds. 
00:04:27.567 INFO  Minecraft: -----------------------------
[MVP+] Thelosthuman entered The Catacombs, Floor VII!
----------------------------- 
00:04:28.410 INFO  Minecraft: Party > [VIP] SealBot: [INFO] This bot was originally made for chat in the guild Cold Lands. 
00:04:30.568 INFO  Minecraft: Guild > FabledLivid left. 
00:04:34.714 INFO  Minecraft: ----------------------------- 
00:04:34.715 INFO  Minecraft: You left the party. 
00:04:34.715 INFO  Minecraft: ----------------------------- 
00:04:53.769 INFO  Minecraft: -----------------------------
[MVP+] Thelosthuman has invited you to join their party!
You have 60 seconds to accept. Click here to join!
----------------------------- 
00:04:54.005 INFO  Minecraft: ----------------------------- 
00:04:54.006 INFO  Minecraft: You have joined [MVP+] Thelosthuman's party! 
00:04:54.007 INFO  Minecraft: ----------------------------- 
00:04:55.172 INFO  Minecraft: -----------------------------
[MVP+] Thelosthuman entered The Catacombs, Floor VII!
----------------------------- 
00:04:55.665 INFO  Minecraft: Party > [VIP] SealBot: [WARN] Hello Thelosthuman, I will leave the party in 10 seconds so other people can use me. Thank You! 
00:04:56.521 INFO  Minecraft: Party > [VIP] SealBot: [INFO] Next time you party me: I do not accept your party it is most likely because someone else hasn't finished with me, just try again in 5-15 seconds. 
00:04:56.554 INFO  Minecraft: Guild > LionyLev joined. 
00:04:57.517 INFO  Minecraft: Party > [VIP] SealBot: [INFO] This bot was originally made for chat in the guild Cold Lands. 
00:05:00.325 INFO  Minecraft: ----------------------------- 
00:05:00.326 INFO  Minecraft: The party was disbanded because all invites expired and the party was empty 
00:05:00.326 INFO  Minecraft: ----------------------------- 
00:05:04.008 INFO  Minecraft: ----------------------------- 
00:05:04.009 INFO  Minecraft: You are not in a party. 
00:05:04.009 INFO  Minecraft: ----------------------------- 
00:05:34.588 INFO  Minecraft: -----------------------------
[MVP+] Thelosthuman has invited you to join their party!
You have 60 seconds to accept. Click here to join!
----------------------------- 
00:05:34.850 INFO  Minecraft: ----------------------------- 
00:05:34.852 INFO  Minecraft: You have joined [MVP+] Thelosthuman's party! 
00:05:34.852 INFO  Minecraft: ----------------------------- 
00:05:36.342 INFO  Minecraft: Party > [VIP] SealBot: [WARN] Hello Thelosthuman, I will leave the party in 10 seconds so other people can use me. Thank You! 
00:05:36.857 INFO  Minecraft: -----------------------------
[VIP] Chicken_Sxuce has invited you to join their party!
You have 60 seconds to accept. Click here to join!
----------------------------- 
00:05:37.106 INFO  Minecraft: ----------------------------- 
00:05:37.106 INFO  Minecraft: You are already in a party! Leave it to join another one. 
00:05:37.107 INFO  Minecraft: ----------------------------- 
00:05:37.417 INFO  Minecraft: Party > [VIP] SealBot: [INFO] Next time you party me: I do not accept your party it is most likely because someone else hasn't finished with me, just try again in 5-15 seconds. 
00:05:37.787 INFO  Minecraft: -----------------------------
[MVP+] Thelosthuman entered The Catacombs, Floor VII!
----------------------------- 
00:05:38.340 INFO  Minecraft: Party > [VIP] SealBot: [INFO] This bot was originally made for chat in the guild Cold Lands. 
00:05:38.599 INFO  Minecraft: Party > [VIP] SealBot: [WARN] Hello Chicken_Sxuce, I will leave the party in 10 seconds so other people can use me. Thank You! 
00:05:39.617 INFO  Minecraft: Party > [VIP] SealBot: [INFO] Next time you party me: I do not accept your party it is most likely because someone else hasn't finished with me, just try again in 5-15 seconds. 
00:05:40.630 INFO  Minecraft: Party > [VIP] SealBot: [INFO] This bot was originally made for chat in the guild Cold Lands. 
00:05:41.086 INFO  Minecraft: ----------------------------- 
00:05:41.087 INFO  Minecraft: The party was disbanded because all invites expired and the party was empty 
00:05:41.087 INFO  Minecraft: ----------------------------- 
00:05:41.256 INFO  Minecraft: You tipped 10 players in 1 game! 
00:05:44.847 INFO  Minecraft: ----------------------------- 
00:05:44.848 INFO  Minecraft: You are not in a party. 
00:05:44.849 INFO  Minecraft: ----------------------------- 
00:05:47.104 INFO  Minecraft: ----------------------------- 
00:05:47.105 INFO  Minecraft: You are not in a party. 
00:05:47.105 INFO  Minecraft: ----------------------------- 
00:05:47.645 INFO  Minecraft: -----------------------------
[VIP] Mouse_Throwdious has invited you to join their party!
You have 60 seconds to accept. Click here to join!
----------------------------- 
00:05:47.906 INFO  Minecraft: ----------------------------- 
00:05:47.906 INFO  Minecraft: You have joined [VIP] Mouse_Throwdious' party! 
00:05:47.907 INFO  Minecraft: ----------------------------- 
00:05:49.097 INFO  Minecraft: -----------------------------
[VIP] Mouse_Throwdious entered The Catacombs, Floor VII!
----------------------------- 
00:05:49.553 INFO  Minecraft: Party > [VIP] SealBot: [WARN] Hello Mouse_Throwdious, I will leave the party in 10 seconds so other people can use me. Thank You! 
00:05:49.715 INFO  Minecraft: Guild > cast_05 left. 
00:05:50.400 INFO  Minecraft: Party > [VIP] SealBot: [INFO] Next time you party me: I do not accept your party it is most likely because someone else hasn't finished with me, just try again in 5-15 seconds. 
00:05:51.907 INFO  Minecraft: Party > [VIP] SealBot: [INFO] This bot was originally made for chat in the guild Cold Lands. 
00:05:52.451 INFO  Minecraft: -----------------------------
[VIP] Chicken_Sxuce has invited you to join their party!
You have 60 seconds to accept. Click here to join!
----------------------------- 
00:05:52.687 INFO  Minecraft: ----------------------------- 
00:05:52.688 INFO  Minecraft: You are already in a party! Leave it to join another one. 
00:05:52.688 INFO  Minecraft: ----------------------------- 
00:05:54.197 INFO  Minecraft: Party > [VIP] SealBot: [WARN] Hello Chicken_Sxuce, I will leave the party in 10 seconds so other people can use me. Thank You! 
00:05:55.018 INFO  Minecraft: ----------------------------- 
00:05:55.019 INFO  Minecraft: [VIP] Mouse_Throwdious warped the party to a SkyBlock dungeon! 
00:05:55.021 INFO  Minecraft: Looting The Catacombs with 2/5 players on Floor VII! 
00:05:55.021 INFO  Minecraft: ----------------------------- 
00:05:55.122 INFO  Minecraft: Couldn't warp you! 
00:05:55.123 INFO  Minecraft: You cannot join this Dungeon! 
00:05:55.205 INFO  Minecraft: Party > [VIP] SealBot: [INFO] Next time you party me: I do not accept your party it is most likely because someone else hasn't finished with me, just try again in 5-15 seconds. 
00:05:56.202 INFO  Minecraft: Party > [VIP] SealBot: [INFO] This bot was originally made for chat in the guild Cold Lands. 
00:05:56.586 INFO  Minecraft: Guild > cast_05 joined. 
00:05:57.939 INFO  Minecraft: ----------------------------- 
00:05:57.940 INFO  Minecraft: You left the party. 
00:05:57.940 INFO  Minecraft: ----------------------------- 
00:06:00.353 INFO  Minecraft: -----------------------------
[VIP] Chicken_Sxuce has invited you to join their party!
You have 60 seconds to accept. Click here to join!
----------------------------- 
00:06:00.601 INFO  Minecraft: ----------------------------- 
00:06:00.602 INFO  Minecraft: You have joined [VIP] Chicken_Sxuce's party! 
00:06:00.603 INFO  Minecraft: ----------------------------- 
00:06:02.098 INFO  Minecraft: Party > [VIP] SealBot: [WARN] Hello Chicken_Sxuce, I will leave the party in 10 seconds so other people can use me. Thank You! 
00:06:02.691 INFO  Minecraft: ----------------------------- 
00:06:02.692 INFO  Minecraft: You left the party. 
00:06:02.692 INFO  Minecraft: ----------------------------- 
00:06:03.121 INFO  Minecraft: ----------------------------- 
00:06:03.121 INFO  Minecraft: You are not in a party right now. 
00:06:03.122 INFO  Minecraft: ----------------------------- 
00:06:04.105 INFO  Minecraft: ----------------------------- 
00:06:04.106 INFO  Minecraft: You are not in a party right now. 
00:06:04.106 INFO  Minecraft: ----------------------------- 
00:06:07.656 INFO  Minecraft: -----------------------------
[VIP] Chicken_Sxuce has invited you to join their party!
You have 60 seconds to accept. Click here to join!
----------------------------- 
00:06:07.895 INFO  Minecraft: ----------------------------- 
00:06:07.896 INFO  Minecraft: You have joined [VIP] Chicken_Sxuce's party! 
00:06:07.897 INFO  Minecraft: ----------------------------- 
00:06:09.758 INFO  Minecraft: Party > [VIP] SealBot: [WARN] Hello Chicken_Sxuce, I will leave the party in 10 seconds so other people can use me. Thank You! 
00:06:09.911 INFO  Minecraft: -----------------------------
[VIP] Chicken_Sxuce entered The Catacombs, Floor VII!
----------------------------- 
00:06:10.406 INFO  Minecraft: Party > [VIP] SealBot: [INFO] Next time you party me: I do not accept your party it is most likely because someone else hasn't finished with me, just try again in 5-15 seconds. 
00:06:10.591 INFO  Minecraft: ----------------------------- 
00:06:10.592 INFO  Minecraft: You left the party. 
00:06:10.592 INFO  Minecraft: ----------------------------- 
00:06:11.423 INFO  Minecraft: ----------------------------- 
00:06:11.424 INFO  Minecraft: You are not in a party right now. 
00:06:11.424 INFO  Minecraft: ----------------------------- 
00:06:16.987 INFO  Minecraft: ----------------------------- 
00:06:16.987 INFO  Minecraft: [VIP] Chicken_Sxuce warped the party to a SkyBlock dungeon! 
00:06:16.989 INFO  Minecraft: Looting The Catacombs with 2/5 players on Floor VII! 
00:06:16.989 INFO  Minecraft: ----------------------------- 
00:06:17.016 INFO  Minecraft: Couldn't warp you! 
00:06:17.024 INFO  Minecraft: You cannot join this Dungeon! 
00:06:17.897 INFO  Minecraft: ----------------------------- 
00:06:17.898 INFO  Minecraft: You are not in a party. 
00:06:17.898 INFO  Minecraft: ----------------------------- 
00:07:41.232 INFO  Minecraft: You already tipped everyone that has boosters active, so there isn't anybody to be tipped right now! 
00:07:48.893 INFO  Minecraft: Guild > SealOwO joined. 
00:08:31.073 INFO  Minecraft: Guild > sokkeninsandalen left. 
00:08:38.159 INFO  Minecraft: Guild > Quqckers left. 
00:08:57.498 INFO  Minecraft: -----------------------------
[VIP] Mouse_Throwdious has invited you to join their party!
You have 60 seconds to accept. Click here to join!
----------------------------- 
00:08:57.838 INFO  Minecraft: ----------------------------- 
00:08:57.838 INFO  Minecraft: You have joined [VIP] Mouse_Throwdious' party! 
00:08:57.839 INFO  Minecraft: ----------------------------- 
00:08:58.846 INFO  Minecraft: -----------------------------
[VIP] Mouse_Throwdious entered The Catacombs, Floor VII!
----------------------------- 
00:08:59.249 INFO  Minecraft: Party > [VIP] SealBot: [WARN] Hello Mouse_Throwdious, I will leave the party in 10 seconds so other people can use me. Thank You! 
00:09:00.375 INFO  Minecraft: Party > [VIP] SealBot: [INFO] Next time you party me: I do not accept your party it is most likely because someone else hasn't finished with me, just try again in 5-15 seconds. 
00:09:01.305 INFO  Minecraft: Party > [VIP] SealBot: [INFO] This bot was originally made for chat in the guild Cold Lands. 
00:09:07.515 INFO  Minecraft: -----------------------------
[VIP] Chicken_Sxuce has invited you to join their party!
You have 60 seconds to accept. Click here to join!
----------------------------- 
00:09:07.754 INFO  Minecraft: You are sending commands too fast! Please slow down. 
00:09:07.762 INFO  Minecraft: ----------------------------- 
00:09:07.762 INFO  Minecraft: You left the party. 
00:09:07.763 INFO  Minecraft: ----------------------------- 
00:09:07.914 INFO  Minecraft: Guild > cast_05 left. 
00:09:09.344 INFO  Minecraft: ----------------------------- 
00:09:09.345 INFO  Minecraft: You are not in a party right now. 
00:09:09.345 INFO  Minecraft: ----------------------------- 
00:09:10.315 INFO  Minecraft: ----------------------------- 
00:09:10.316 INFO  Minecraft: You are not in a party right now. 
00:09:10.316 INFO  Minecraft: ----------------------------- 
00:09:11.336 INFO  Minecraft: ----------------------------- 
00:09:11.336 INFO  Minecraft: You are not in a party right now. 
00:09:11.338 INFO  Minecraft: ----------------------------- 
00:09:11.719 INFO  Minecraft: -----------------------------
[VIP] Chicken_Sxuce has invited you to join their party!
You have 60 seconds to accept. Click here to join!
----------------------------- 
00:09:12.009 INFO  Minecraft: ----------------------------- 
00:09:12.010 INFO  Minecraft: You have joined [VIP] Chicken_Sxuce's party! 
00:09:12.010 INFO  Minecraft: ----------------------------- 
00:09:13.490 INFO  Minecraft: Party > [VIP] SealBot: [WARN] Hello Chicken_Sxuce, I will leave the party in 10 seconds so other people can use me. Thank You! 
00:09:13.925 INFO  Minecraft: -----------------------------
[VIP] Chicken_Sxuce entered The Catacombs, Floor VII!
----------------------------- 
00:09:14.078 INFO  Minecraft: Guild > cast_05 joined. 
00:09:14.487 INFO  Minecraft: Party > [VIP] SealBot: [INFO] Next time you party me: I do not accept your party it is most likely because someone else hasn't finished with me, just try again in 5-15 seconds. 
00:09:15.485 INFO  Minecraft: Party > [VIP] SealBot: [INFO] This bot was originally made for chat in the guild Cold Lands. 
00:09:17.434 INFO  Minecraft: -----------------------------
[MVP+] Thelosthuman has invited you to join their party!
You have 60 seconds to accept. Click here to join!
----------------------------- 
00:09:17.687 INFO  Minecraft: ----------------------------- 
00:09:17.688 INFO  Minecraft: You are already in a party! Leave it to join another one. 
00:09:17.688 INFO  Minecraft: ----------------------------- 
00:09:17.764 INFO  Minecraft: ----------------------------- 
00:09:17.764 INFO  Minecraft: You left the party. 
00:09:17.765 INFO  Minecraft: ----------------------------- 
00:09:18.987 INFO  Minecraft: ----------------------------- 
00:09:18.988 INFO  Minecraft: [VIP] Chicken_Sxuce warped the party to a SkyBlock dungeon! 
00:09:18.989 INFO  Minecraft: Exploring The Catacombs with 2/5 players on Floor VII! 
00:09:18.990 INFO  Minecraft: ----------------------------- 
00:09:19.056 INFO  Minecraft: Couldn't warp you! 
00:09:19.057 INFO  Minecraft: You cannot join this Dungeon! 
00:09:19.335 INFO  Minecraft: ----------------------------- 
00:09:19.336 INFO  Minecraft: You are not in a party right now. 
00:09:19.337 INFO  Minecraft: ----------------------------- 
00:09:19.782 INFO  Minecraft: -----------------------------
[VIP] Mouse_Throwdious has invited you to join their party!
You have 60 seconds to accept. Click here to join!
----------------------------- 
00:09:20.023 INFO  Minecraft: ----------------------------- 
00:09:20.024 INFO  Minecraft: You have joined [VIP] Mouse_Throwdious' party! 
00:09:20.025 INFO  Minecraft: ----------------------------- 
00:09:20.210 INFO  Minecraft: Party > [VIP] SealBot: [INFO] Next time you party me: I do not accept your party it is most likely because someone else hasn't finished with me, just try again in 5-15 seconds. 
00:09:21.225 INFO  Minecraft: Party > [VIP] SealBot: [INFO] This bot was originally made for chat in the guild Cold Lands. 
00:09:21.515 INFO  Minecraft: -----------------------------
[VIP] Mouse_Throwdious entered The Catacombs, Floor VII!
----------------------------- 
00:09:21.545 INFO  Minecraft: Party > [VIP] SealBot: [WARN] Hello Mouse_Throwdious, I will leave the party in 10 seconds so other people can use me. Thank You! 
00:09:21.957 INFO  Minecraft: ----------------------------- 
00:09:21.958 INFO  Minecraft: You left the party. 
00:09:21.959 INFO  Minecraft: ----------------------------- 
00:09:22.567 INFO  Minecraft: ----------------------------- 
00:09:22.568 INFO  Minecraft: You are not in a party right now. 
00:09:22.569 INFO  Minecraft: ----------------------------- 
00:09:23.912 INFO  Minecraft: ----------------------------- 
00:09:23.913 INFO  Minecraft: You are not in a party right now. 
00:09:23.914 INFO  Minecraft: ----------------------------- 
00:09:23.922 INFO  Minecraft: -----------------------------
[MVP+] Thelosthuman has invited you to join their party!
You have 60 seconds to accept. Click here to join!
----------------------------- 
00:09:24.175 INFO  Minecraft: ----------------------------- 
00:09:24.176 INFO  Minecraft: You have joined [MVP+] Thelosthuman's party! 
00:09:24.176 INFO  Minecraft: ----------------------------- 
00:09:25.905 INFO  Minecraft: Party > [VIP] SealBot: [WARN] Hello Thelosthuman, I will leave the party in 10 seconds so other people can use me. Thank You! 
00:09:26.672 INFO  Minecraft: Party > [VIP] SealBot: [INFO] Next time you party me: I do not accept your party it is most likely because someone else hasn't finished with me, just try again in 5-15 seconds. 
00:09:27.222 INFO  Minecraft: -----------------------------
[MVP+] Thelosthuman entered The Catacombs, Floor VI!
----------------------------- 
00:09:27.682 INFO  Minecraft: You are sending commands too fast! Please slow down. 
00:09:27.686 INFO  Minecraft: Party > [VIP] SealBot: [INFO] This bot was originally made for chat in the guild Cold Lands. 
00:09:30.070 INFO  Minecraft: ----------------------------- 
00:09:30.071 INFO  Minecraft: You left the party. 
00:09:30.071 INFO  Minecraft: ----------------------------- 
00:09:31.520 INFO  Minecraft: ----------------------------- 
00:09:31.521 INFO  Minecraft: [MVP+] Thelosthuman warped the party to a SkyBlock dungeon! 
00:09:31.523 INFO  Minecraft: Exploring The Catacombs with 2/5 players on Floor VI! 
00:09:31.523 INFO  Minecraft: ----------------------------- 
00:09:31.626 INFO  Minecraft: Couldn't warp you! 
00:09:31.626 INFO  Minecraft: You cannot join this Dungeon! 
00:09:34.208 INFO  Minecraft: ----------------------------- 
00:09:34.209 INFO  Minecraft: You are not in a party. 
00:09:34.209 INFO  Minecraft: ----------------------------- 
00:09:41.288 INFO  Minecraft: You already tipped everyone that has boosters active, so there isn't anybody to be tipped right now! 
00:11:23.670 INFO  Minecraft: Guild > NinjaNerG left. 
00:11:41.305 INFO  Minecraft: You already tipped everyone that has boosters active, so there isn't anybody to be tipped right now! 
00:11:44.788 INFO  Minecraft: -----------------------------
[MVP+] TitoGuapitoH has invited you to join their party!
You have 60 seconds to accept. Click here to join!
----------------------------- 
00:11:45.037 INFO  Minecraft: ----------------------------- 
00:11:45.039 INFO  Minecraft: You have joined [MVP+] TitoGuapitoH's party! 
00:11:45.039 INFO  Minecraft: ----------------------------- 
00:11:46.657 INFO  Minecraft: -----------------------------
[MVP+] TitoGuapitoH entered The Catacombs, Floor VII!
----------------------------- 
00:11:46.659 INFO  Minecraft: Party > [VIP] SealBot: [WARN] Hello TitoGuapitoH, I will leave the party in 10 seconds so other people can use me. Thank You! 
00:11:47.551 INFO  Minecraft: Party > [VIP] SealBot: [INFO] Next time you party me: I do not accept your party it is most likely because someone else hasn't finished with me, just try again in 5-15 seconds. 
00:11:48.545 INFO  Minecraft: Party > [VIP] SealBot: [INFO] This bot was originally made for chat in the guild Cold Lands. 
00:11:49.732 INFO  Minecraft: Guild > LionyLev left. 
00:11:51.377 INFO  Minecraft: ----------------------------- 
00:11:51.379 INFO  Minecraft: [MVP+] TitoGuapitoH warped the party to a SkyBlock dungeon! 
00:11:51.380 INFO  Minecraft: Plundering The Catacombs with 2/5 players on Floor VII! 
00:11:51.380 INFO  Minecraft: ----------------------------- 
00:11:51.529 INFO  Minecraft: Couldn't warp you! 
00:11:51.530 INFO  Minecraft: You cannot join this Dungeon! 
00:11:55.029 INFO  Minecraft: ----------------------------- 
00:11:55.030 INFO  Minecraft: You left the party. 
00:11:55.030 INFO  Minecraft: ----------------------------- 
00:11:55.530 INFO  Minecraft: Guild > LionyLev joined. 
00:12:45.597 INFO  Minecraft: Guild > 6524 joined. 
00:13:12.852 INFO  Minecraft: Guild > FearTheVillain3 joined. 
00:13:41.333 INFO  Minecraft: You already tipped everyone that has boosters active, so there isn't anybody to be tipped right now! 
00:15:19.936 INFO  Minecraft: -----------------------------
[MVP+] TitoGuapitoH has invited you to join their party!
You have 60 seconds to accept. Click here to join!
----------------------------- 
00:15:20.199 INFO  Minecraft: ----------------------------- 
00:15:20.199 INFO  Minecraft: You have joined [MVP+] TitoGuapitoH's party! 
00:15:20.200 INFO  Minecraft: ----------------------------- 
00:15:21.683 INFO  Minecraft: Party > [VIP] SealBot: [WARN] Hello TitoGuapitoH, I will leave the party in 10 seconds so other people can use me. Thank You! 
00:15:21.896 INFO  Minecraft: -----------------------------
[MVP+] TitoGuapitoH entered The Catacombs, Floor VII!
----------------------------- 
00:15:22.009 INFO  Minecraft: -----------------------------
[MVP+] 6524 has invited you to join their party!
You have 60 seconds to accept. Click here to join!
----------------------------- 
00:15:22.254 INFO  Minecraft: ----------------------------- 
00:15:22.255 INFO  Minecraft: You are already in a party! Leave it to join another one. 
00:15:22.256 INFO  Minecraft: ----------------------------- 
00:15:22.739 INFO  Minecraft: Party > [VIP] SealBot: [INFO] Next time you party me: I do not accept your party it is most likely because someone else hasn't finished with me, just try again in 5-15 seconds. 
00:15:24.259 INFO  Minecraft: Party > [VIP] SealBot: [INFO] This bot was originally made for chat in the guild Cold Lands. 
00:15:24.298 INFO  Minecraft: Party > [VIP] SealBot: [WARN] Hello 6524, I will leave the party in 10 seconds so other people can use me. Thank You! 
00:15:24.801 INFO  Minecraft: Party > [VIP] SealBot: [INFO] Next time you party me: I do not accept your party it is most likely because someone else hasn't finished with me, just try again in 5-15 seconds. 
00:15:25.803 INFO  Minecraft: Party > [VIP] SealBot: [INFO] This bot was originally made for chat in the guild Cold Lands. 
00:15:27.340 INFO  Minecraft: ----------------------------- 
00:15:27.341 INFO  Minecraft: [MVP+] TitoGuapitoH warped the party to a SkyBlock dungeon! 
00:15:27.342 INFO  Minecraft: Looting The Catacombs with 2/5 players on Floor VII! 
00:15:27.342 INFO  Minecraft: ----------------------------- 
00:15:27.406 INFO  Minecraft: Couldn't warp you! 
00:15:27.407 INFO  Minecraft: You cannot join this Dungeon! 
00:15:30.212 INFO  Minecraft: ----------------------------- 
00:15:30.212 INFO  Minecraft: You left the party. 
00:15:30.213 INFO  Minecraft: ----------------------------- 
00:15:32.250 INFO  Minecraft: ----------------------------- 
00:15:32.250 INFO  Minecraft: You are not in a party. 
00:15:32.251 INFO  Minecraft: ----------------------------- 
00:15:35.223 INFO  Minecraft: -----------------------------
[MVP+] 6524 has invited you to join their party!
You have 60 seconds to accept. Click here to join!
----------------------------- 
00:15:35.518 INFO  Minecraft: ----------------------------- 
00:15:35.519 INFO  Minecraft: You have joined [MVP+] 6524's party! 
00:15:35.520 INFO  Minecraft: ----------------------------- 
00:15:36.971 INFO  Minecraft: Party > [VIP] SealBot: [WARN] Hello 6524, I will leave the party in 10 seconds so other people can use me. Thank You! 
00:15:37.972 INFO  Minecraft: Party > [VIP] SealBot: [INFO] Next time you party me: I do not accept your party it is most likely because someone else hasn't finished with me, just try again in 5-15 seconds. 
00:15:38.993 INFO  Minecraft: Party > [VIP] SealBot: [INFO] This bot was originally made for chat in the guild Cold Lands. 
00:15:39.415 INFO  Minecraft: -----------------------------
[MVP+] 6524 entered The Catacombs, Floor VI!
----------------------------- 
00:15:41.260 INFO  Minecraft: You tipped 9 players in 1 game! 
00:15:41.267 INFO  Minecraft: ----------------------------- 
00:15:41.268 INFO  Minecraft: [MVP+] 6524 warped the party to a SkyBlock dungeon! 
00:15:41.269 INFO  Minecraft: Visiting The Catacombs with 2/5 players on Floor VI! 
00:15:41.276 INFO  Minecraft: ----------------------------- 
00:15:41.442 INFO  Minecraft: Couldn't warp you! 
00:15:41.443 INFO  Minecraft: You cannot join this Dungeon! 
00:15:45.665 INFO  Minecraft: ----------------------------- 
00:15:45.666 INFO  Minecraft: You left the party. 
00:15:45.666 INFO  Minecraft: ----------------------------- 
00:17:40.020 INFO  Minecraft: Guild > Quqckers joined. 
00:17:41.242 INFO  Minecraft: You already tipped everyone that has boosters active, so there isn't anybody to be tipped right now! 
00:19:14.260 INFO  Minecraft: Guild > sokkeninsandalen joined. 
00:19:40.160 INFO  Minecraft: -----------------------------
[MVP+] Mario64pro has invited you to join their party!
You have 60 seconds to accept. Click here to join!
----------------------------- 
00:19:40.423 INFO  Minecraft: ----------------------------- 
00:19:40.423 INFO  Minecraft: You have joined [MVP+] Mario64pro's party! 
00:19:40.424 INFO  Minecraft: ----------------------------- 
00:19:41.483 INFO  Minecraft: You already tipped everyone that has boosters active, so there isn't anybody to be tipped right now! 
00:19:41.924 INFO  Minecraft: Party > [VIP] SealBot: [WARN] Hello Mario64pro, I will leave the party in 10 seconds so other people can use me. Thank You! 
00:19:42.175 INFO  Minecraft: -----------------------------
[MVP+] Mario64pro entered The Catacombs, Floor VII!
----------------------------- 
00:19:42.937 INFO  Minecraft: Party > [VIP] SealBot: [INFO] Next time you party me: I do not accept your party it is most likely because someone else hasn't finished with me, just try again in 5-15 seconds. 
00:19:43.918 INFO  Minecraft: Party > [VIP] SealBot: [INFO] This bot was originally made for chat in the guild Cold Lands. 
00:19:48.882 INFO  Minecraft: ----------------------------- 
00:19:48.882 INFO  Minecraft: [MVP+] Mario64pro warped the party to a SkyBlock dungeon! 
00:19:48.884 INFO  Minecraft: Plundering The Catacombs with 2/5 players on Floor VII! 
00:19:48.884 INFO  Minecraft: ----------------------------- 
00:19:48.978 INFO  Minecraft: Couldn't warp you! 
00:19:48.979 INFO  Minecraft: You cannot join this Dungeon! 
00:19:50.443 INFO  Minecraft: ----------------------------- 
00:19:50.444 INFO  Minecraft: You left the party. 
00:19:50.444 INFO  Minecraft: ----------------------------- 
00:19:59.699 INFO  Minecraft: Friend > GTpotato joined. 
00:20:02.166 INFO  Minecraft: -----------------------------
[MVP+] 6524 has invited you to join their party!
You have 60 seconds to accept. Click here to join!
----------------------------- 
00:20:02.441 INFO  Minecraft: ----------------------------- 
00:20:02.442 INFO  Minecraft: You have joined [MVP+] 6524's party! 
00:20:02.442 INFO  Minecraft: ----------------------------- 
00:20:03.954 INFO  Minecraft: -----------------------------
[MVP+] 6524 entered The Catacombs, Floor VI!
----------------------------- 
00:20:04.631 INFO  Minecraft: Party > [VIP] SealBot: [WARN] Hello 6524, I will leave the party in 10 seconds so other people can use me. Thank You! 
00:20:04.923 INFO  Minecraft: Party > [VIP] SealBot: [INFO] Next time you party me: I do not accept your party it is most likely because someone else hasn't finished with me, just try again in 5-15 seconds. 
00:20:05.987 INFO  Minecraft: ----------------------------- 
00:20:05.987 INFO  Minecraft: [MVP+] 6524 warped the party to a SkyBlock dungeon! 
00:20:05.989 INFO  Minecraft: Looting The Catacombs with 2/5 players on Floor VI! 
00:20:05.989 INFO  Minecraft: ----------------------------- 
00:20:05.991 INFO  Minecraft: Party > [VIP] SealBot: [INFO] This bot was originally made for chat in the guild Cold Lands. 
00:20:06.074 INFO  Minecraft: Couldn't warp you! 
00:20:06.074 INFO  Minecraft: You cannot join this Dungeon! 
00:20:12.440 INFO  Minecraft: ----------------------------- 
00:20:12.440 INFO  Minecraft: You left the party. 
00:20:12.441 INFO  Minecraft: ----------------------------- 
00:21:32.365 INFO  Minecraft: Guild > PeraWasGrinding left. 
00:21:41.312 INFO  Minecraft: You already tipped everyone that has boosters active, so there isn't anybody to be tipped right now! 
00:22:13.429 INFO  Minecraft: Guild > sokkeninsandalen left. 
00:22:58.382 INFO  Minecraft: Guild > LionyLev left. 
00:23:05.402 INFO  Minecraft: Guild > LionyLev joined. 
00:23:31.199 INFO  Minecraft: -----------------------------
[MVP+] 6524 has invited you to join their party!
You have 60 seconds to accept. Click here to join!
----------------------------- 
00:23:31.476 INFO  Minecraft: ----------------------------- 
00:23:31.477 INFO  Minecraft: You have joined [MVP+] 6524's party! 
00:23:31.478 INFO  Minecraft: ----------------------------- 
00:23:32.950 INFO  Minecraft: Party > [VIP] SealBot: [WARN] Hello 6524, I will leave the party in 10 seconds so other people can use me. Thank You! 
00:23:33.205 INFO  Minecraft: -----------------------------
[MVP+] 6524 entered The Catacombs, Floor VI!
----------------------------- 
00:23:33.968 INFO  Minecraft: Party > [VIP] SealBot: [INFO] Next time you party me: I do not accept your party it is most likely because someone else hasn't finished with me, just try again in 5-15 seconds. 
00:23:34.952 INFO  Minecraft: Party > [VIP] SealBot: [INFO] This bot was originally made for chat in the guild Cold Lands. 
00:23:36.776 INFO  Minecraft: ----------------------------- 
00:23:36.776 INFO  Minecraft: [MVP+] 6524 warped the party to a SkyBlock dungeon! 
00:23:36.778 INFO  Minecraft: Plundering The Catacombs with 2/5 players on Floor VI! 
00:23:36.778 INFO  Minecraft: ----------------------------- 
00:23:36.985 INFO  Minecraft: Couldn't warp you! 
00:23:36.986 INFO  Minecraft: You cannot join this Dungeon! 
00:23:41.301 INFO  Minecraft: You already tipped everyone that has boosters active, so there isn't anybody to be tipped right now! 
00:23:41.799 INFO  Minecraft: ----------------------------- 
00:23:41.800 INFO  Minecraft: You left the party. 
00:23:41.801 INFO  Minecraft: ----------------------------- 
00:24:11.498 INFO  Minecraft: Guild > ZakYaks joined. 
00:24:47.974 INFO  Minecraft: Guild > sokkeninsandalen joined. 
00:24:49.862 INFO  Minecraft: -----------------------------
[VIP] Mouse_Throwdious has invited you to join their party!
You have 60 seconds to accept. Click here to join!
----------------------------- 
00:24:50.110 INFO  Minecraft: ----------------------------- 
00:24:50.111 INFO  Minecraft: You have joined [VIP] Mouse_Throwdious' party! 
00:24:50.111 INFO  Minecraft: ----------------------------- 
00:24:51.347 INFO  Minecraft: -----------------------------
[VIP] Mouse_Throwdious entered The Catacombs, Floor VII!
----------------------------- 
00:24:51.714 INFO  Minecraft: Party > [VIP] SealBot: [WARN] Hello Mouse_Throwdious, I will leave the party in 10 seconds so other people can use me. Thank You! 
00:24:52.620 INFO  Minecraft: Party > [VIP] SealBot: [INFO] Next time you party me: I do not accept your party it is most likely because someone else hasn't finished with me, just try again in 5-15 seconds. 
00:24:53.905 INFO  Minecraft: Party > [VIP] SealBot: [INFO] This bot was originally made for chat in the guild Cold Lands. 
00:24:56.985 INFO  Minecraft: ----------------------------- 
00:24:56.986 INFO  Minecraft: [VIP] Mouse_Throwdious warped the party to a SkyBlock dungeon! 
00:24:56.987 INFO  Minecraft: Playing The Catacombs with 2/5 players on Floor VII! 
00:24:56.988 INFO  Minecraft: ----------------------------- 
00:24:57.051 INFO  Minecraft: Couldn't warp you! 
00:24:57.053 INFO  Minecraft: You cannot join this Dungeon! 
00:25:00.145 INFO  Minecraft: ----------------------------- 
00:25:00.146 INFO  Minecraft: You left the party. 
00:25:00.146 INFO  Minecraft: ----------------------------- 
00:25:41.248 INFO  Minecraft: You tipped 11 players in 1 game! 
00:26:03.830 INFO  Minecraft: -----------------------------
[MVP+] TitoGuapitoH has invited you to join their party!
You have 60 seconds to accept. Click here to join!
----------------------------- 
00:26:04.070 INFO  Minecraft: ----------------------------- 
00:26:04.071 INFO  Minecraft: You have joined [MVP+] TitoGuapitoH's party! 
00:26:04.071 INFO  Minecraft: ----------------------------- 
00:26:05.591 INFO  Minecraft: Party > [VIP] SealBot: [WARN] Hello TitoGuapitoH, I will leave the party in 10 seconds so other people can use me. Thank You! 
00:26:06.430 INFO  Minecraft: ----------------------------- 
00:26:06.431 INFO  Minecraft: The party leader, [MVP+] TitoGuapitoH has disconnected, they have 5 minutes to rejoin before the party is disbanded. 
00:26:06.432 INFO  Minecraft: ----------------------------- 
00:26:06.595 INFO  Minecraft: Party > [VIP] SealBot: [INFO] Next time you party me: I do not accept your party it is most likely because someone else hasn't finished with me, just try again in 5-15 seconds. 
00:26:07.607 INFO  Minecraft: Party > [VIP] SealBot: [INFO] This bot was originally made for chat in the guild Cold Lands. 
00:26:14.382 INFO  Minecraft: ----------------------------- 
00:26:14.383 INFO  Minecraft: You left the party. 
00:26:14.383 INFO  Minecraft: ----------------------------- 
00:27:17.254 INFO  Minecraft: Guild > SealOwO left. 
00:27:19.315 INFO  Minecraft: Guild > SealOwO joined. 
00:27:41.357 INFO  Minecraft: You already tipped everyone that has boosters active, so there isn't anybody to be tipped right now! 
00:28:04.672 INFO  Minecraft: -----------------------------
[MVP+] TitoGuapitoH has invited you to join their party!
You have 60 seconds to accept. Click here to join!
----------------------------- 
00:28:04.906 INFO  Minecraft: ----------------------------- 
00:28:04.907 INFO  Minecraft: You have joined [MVP+] TitoGuapitoH's party! 
00:28:04.908 INFO  Minecraft: ----------------------------- 
00:28:06.414 INFO  Minecraft: Party > [VIP] SealBot: [WARN] Hello TitoGuapitoH, I will leave the party in 10 seconds so other people can use me. Thank You! 
00:28:07.410 INFO  Minecraft: Party > [VIP] SealBot: [INFO] Next time you party me: I do not accept your party it is most likely because someone else hasn't finished with me, just try again in 5-15 seconds. 
00:28:07.866 INFO  Minecraft: -----------------------------
[MVP+] TitoGuapitoH entered The Catacombs, Floor VII!
----------------------------- 
00:28:08.419 INFO  Minecraft: Party > [VIP] SealBot: [INFO] This bot was originally made for chat in the guild Cold Lands. 
00:28:09.594 INFO  Minecraft: -----------------------------
[MVP+] Mario64pro has invited you to join their party!
You have 60 seconds to accept. Click here to join!
----------------------------- 
00:28:09.848 INFO  Minecraft: ----------------------------- 
00:28:09.849 INFO  Minecraft: You are already in a party! Leave it to join another one. 
00:28:09.849 INFO  Minecraft: ----------------------------- 
00:28:11.329 INFO  Minecraft: Party > [VIP] SealBot: [WARN] Hello Mario64pro, I will leave the party in 10 seconds so other people can use me. Thank You! 
00:28:12.333 INFO  Minecraft: Party > [VIP] SealBot: [INFO] Next time you party me: I do not accept your party it is most likely because someone else hasn't finished with me, just try again in 5-15 seconds. 
00:28:13.233 INFO  Minecraft: ----------------------------- 
00:28:13.234 INFO  Minecraft: [MVP+] TitoGuapitoH warped the party to a SkyBlock dungeon! 
00:28:13.235 INFO  Minecraft: Looting The Catacombs with 2/5 players on Floor VII! 
00:28:13.236 INFO  Minecraft: ----------------------------- 
00:28:13.321 INFO  Minecraft: Couldn't warp you! 
00:28:13.346 INFO  Minecraft: Party > [VIP] SealBot: [INFO] This bot was originally made for chat in the guild Cold Lands. 
00:28:13.361 INFO  Minecraft: You cannot join this Dungeon! 
00:28:14.926 INFO  Minecraft: ----------------------------- 
00:28:14.926 INFO  Minecraft: You left the party. 
00:28:14.927 INFO  Minecraft: ----------------------------- 
00:28:19.829 INFO  Minecraft: ----------------------------- 
00:28:19.830 INFO  Minecraft: You are not in a party. 
00:28:19.830 INFO  Minecraft: ----------------------------- 
00:29:27.248 INFO  Minecraft: -----------------------------
[MVP+] TitoGuapitoH has invited you to join their party!
You have 60 seconds to accept. Click here to join!
----------------------------- 
00:29:27.492 INFO  Minecraft: ----------------------------- 
00:29:27.493 INFO  Minecraft: You have joined [MVP+] TitoGuapitoH's party! 
00:29:27.494 INFO  Minecraft: ----------------------------- 
00:29:29.103 INFO  Minecraft: Party > [VIP] SealBot: [WARN] Hello TitoGuapitoH, I will leave the party in 10 seconds so other people can use me. Thank You! 
00:29:30.038 INFO  Minecraft: Party > [VIP] SealBot: [INFO] Next time you party me: I do not accept your party it is most likely because someone else hasn't finished with me, just try again in 5-15 seconds. 
00:29:30.076 INFO  Minecraft: -----------------------------
[MVP+] TitoGuapitoH entered The Catacombs, Floor VII!
----------------------------- 
00:29:31.035 INFO  Minecraft: Party > [VIP] SealBot: [INFO] This bot was originally made for chat in the guild Cold Lands. 
00:29:35.958 INFO  Minecraft: ----------------------------- 
00:29:35.960 INFO  Minecraft: [MVP+] TitoGuapitoH warped the party to a SkyBlock dungeon! 
00:29:35.962 INFO  Minecraft: Exploring The Catacombs with 2/5 players on Floor VII! 
00:29:35.962 INFO  Minecraft: ----------------------------- 
00:29:36.068 INFO  Minecraft: Couldn't warp you! 
00:29:36.070 INFO  Minecraft: You cannot join this Dungeon! 
00:29:37.493 INFO  Minecraft: ----------------------------- 
00:29:37.494 INFO  Minecraft: You left the party. 
00:29:37.495 INFO  Minecraft: ----------------------------- 
00:29:41.276 INFO  Minecraft: You already tipped everyone that has boosters active, so there isn't anybody to be tipped right now! 
00:30:21.876 INFO  Minecraft: -----------------------------
[MVP+] 6524 has invited you to join their party!
You have 60 seconds to accept. Click here to join!
----------------------------- 
00:30:22.111 INFO  Minecraft: ----------------------------- 
00:30:22.112 INFO  Minecraft: You have joined [MVP+] 6524's party! 
00:30:22.112 INFO  Minecraft: ----------------------------- 
00:30:23.648 INFO  Minecraft: Party > [VIP] SealBot: [WARN] Hello 6524, I will leave the party in 10 seconds so other people can use me. Thank You! 
00:30:24.045 INFO  Minecraft: -----------------------------
[MVP+] 6524 entered The Catacombs, Floor VI!
----------------------------- 
00:30:24.619 INFO  Minecraft: Party > [VIP] SealBot: [INFO] Next time you party me: I do not accept your party it is most likely because someone else hasn't finished with me, just try again in 5-15 seconds. 
00:30:25.631 INFO  Minecraft: Party > [VIP] SealBot: [INFO] This bot was originally made for chat in the guild Cold Lands. 
00:30:26.919 INFO  Minecraft: ----------------------------- 
00:30:26.920 INFO  Minecraft: [MVP+] 6524 warped the party to a SkyBlock dungeon! 
00:30:26.921 INFO  Minecraft: Looting The Catacombs with 2/5 players on Floor VI! 
00:30:26.921 INFO  Minecraft: ----------------------------- 
00:30:27.063 INFO  Minecraft: Couldn't warp you! 
00:30:27.064 INFO  Minecraft: You cannot join this Dungeon! 
00:30:32.113 INFO  Minecraft: ----------------------------- 
00:30:32.113 INFO  Minecraft: You left the party. 
00:30:32.114 INFO  Minecraft: ----------------------------- 
00:30:36.550 INFO  Minecraft: -----------------------------
[MVP+] Mario64pro has invited you to join their party!
You have 60 seconds to accept. Click here to join!
----------------------------- 
00:30:36.789 INFO  Minecraft: ----------------------------- 
00:30:36.790 INFO  Minecraft: You have joined [MVP+] Mario64pro's party! 
00:30:36.791 INFO  Minecraft: ----------------------------- 
00:30:38.305 INFO  Minecraft: Party > [VIP] SealBot: [WARN] Hello Mario64pro, I will leave the party in 10 seconds so other people can use me. Thank You! 
00:30:38.502 INFO  Minecraft: -----------------------------
[MVP+] Mario64pro entered The Catacombs, Floor VII!
----------------------------- 
00:30:39.435 INFO  Minecraft: Party > [VIP] SealBot: [INFO] Next time you party me: I do not accept your party it is most likely because someone else hasn't finished with me, just try again in 5-15 seconds. 
00:30:40.306 INFO  Minecraft: Party > [VIP] SealBot: [INFO] This bot was originally made for chat in the guild Cold Lands. 
00:30:44.315 INFO  Minecraft: ----------------------------- 
00:30:44.316 INFO  Minecraft: [MVP+] Mario64pro warped the party to a SkyBlock dungeon! 
00:30:44.317 INFO  Minecraft: Visiting The Catacombs with 2/5 players on Floor VII! 
00:30:44.317 INFO  Minecraft: ----------------------------- 
00:30:44.397 INFO  Minecraft: Couldn't warp you! 
00:30:44.436 INFO  Minecraft: You cannot join this Dungeon! 
00:30:46.794 INFO  Minecraft: ----------------------------- 
00:30:46.795 INFO  Minecraft: You left the party. 
00:30:46.795 INFO  Minecraft: ----------------------------- 
00:30:49.273 INFO  Minecraft: Guild > 6524 left. 
00:31:41.353 INFO  Minecraft: You already tipped everyone that has boosters active, so there isn't anybody to be tipped right now! 
00:31:55.319 INFO  Minecraft: Guild > 6524 joined. 
00:32:09.137 INFO  Minecraft: -----------------------------
[MVP+] 6524 has invited you to join their party!
You have 60 seconds to accept. Click here to join!
----------------------------- 
00:32:09.376 INFO  Minecraft: ----------------------------- 
00:32:09.377 INFO  Minecraft: You have joined [MVP+] 6524's party! 
00:32:09.377 INFO  Minecraft: ----------------------------- 
00:32:10.903 INFO  Minecraft: Party > [VIP] SealBot: [WARN] Hello 6524, I will leave the party in 10 seconds so other people can use me. Thank You! 
00:32:10.938 INFO  Minecraft: -----------------------------
[MVP+] 6524 entered The Catacombs, Floor VI!
----------------------------- 
00:32:11.899 INFO  Minecraft: Party > [VIP] SealBot: [INFO] Next time you party me: I do not accept your party it is most likely because someone else hasn't finished with me, just try again in 5-15 seconds. 
00:32:12.911 INFO  Minecraft: Party > [VIP] SealBot: [INFO] This bot was originally made for chat in the guild Cold Lands. 
00:32:16.311 INFO  Minecraft: ----------------------------- 
00:32:16.312 INFO  Minecraft: [MVP+] 6524 warped the party to a SkyBlock dungeon! 
00:32:16.313 INFO  Minecraft: Plundering The Catacombs with 2/5 players on Floor VI! 
00:32:16.313 INFO  Minecraft: ----------------------------- 
00:32:16.441 INFO  Minecraft: Couldn't warp you! 
00:32:16.442 INFO  Minecraft: You cannot join this Dungeon! 
00:32:19.906 INFO  Minecraft: ----------------------------- 
00:32:19.907 INFO  Minecraft: You left the party. 
00:32:19.907 INFO  Minecraft: ----------------------------- 
00:32:35.157 INFO  Minecraft: -----------------------------
[VIP+] alexthomasB has invited you to join their party!
You have 60 seconds to accept. Click here to join!
----------------------------- 
00:32:35.727 INFO  Minecraft: ----------------------------- 
00:32:35.729 INFO  Minecraft: You have joined [VIP+] alexthomasB's party! 
00:32:35.729 INFO  Minecraft: ----------------------------- 
00:32:36.904 INFO  Minecraft: Party > [VIP] SealBot: [WARN] Hello alexthomasB, I will leave the party in 10 seconds so other people can use me. Thank You! 
00:32:37.902 INFO  Minecraft: Party > [VIP] SealBot: [INFO] Next time you party me: I do not accept your party it is most likely because someone else hasn't finished with me, just try again in 5-15 seconds. 
00:32:38.907 INFO  Minecraft: Party > [VIP] SealBot: [INFO] This bot was originally made for chat in the guild Cold Lands. 
00:32:40.549 INFO  Minecraft: -----------------------------
[VIP+] alexthomasB entered The Catacombs, Entrance!
----------------------------- 
00:32:41.736 INFO  Minecraft: ----------------------------- 
00:32:41.736 INFO  Minecraft: [VIP+] alexthomasB warped the party to a SkyBlock dungeon! 
00:32:41.737 INFO  Minecraft: Looting The Catacombs Entrance with 2/5 players! 
00:32:41.737 INFO  Minecraft: ----------------------------- 
00:32:41.825 INFO  Minecraft: Couldn't warp you! 
00:32:41.861 INFO  Minecraft: You cannot join this Dungeon! 
00:32:45.458 INFO  Minecraft: ----------------------------- 
00:32:45.459 INFO  Minecraft: You left the party. 
00:32:45.459 INFO  Minecraft: ----------------------------- 
00:33:39.243 INFO  Minecraft: -----------------------------
[VIP] ZakYaks has invited you to join their party!
You have 60 seconds to accept. Click here to join!
----------------------------- 
00:33:39.730 INFO  Minecraft: ----------------------------- 
00:33:39.732 INFO  Minecraft: You have joined [VIP] ZakYaks' party! 
00:33:39.732 INFO  Minecraft: ----------------------------- 
00:33:41.034 INFO  Minecraft: Party > [VIP] SealBot: [WARN] Hello ZakYaks, I will leave the party in 10 seconds so other people can use me. Thank You! 
00:33:41.468 INFO  Minecraft: You already tipped everyone that has boosters active, so there isn't anybody to be tipped right now! 
00:33:41.999 INFO  Minecraft: Party > [VIP] SealBot: [INFO] Next time you party me: I do not accept your party it is most likely because someone else hasn't finished with me, just try again in 5-15 seconds. 
00:33:42.958 INFO  Minecraft: -----------------------------
[VIP] ZakYaks entered The Catacombs, Floor VI!
----------------------------- 
00:33:43.035 INFO  Minecraft: Party > [VIP] SealBot: [INFO] This bot was originally made for chat in the guild Cold Lands. 
00:33:43.541 INFO  Minecraft: Guild > TimySeal joined. 
00:33:44.896 INFO  Minecraft: ----------------------------- 
00:33:44.897 INFO  Minecraft: [VIP] ZakYaks warped the party to a SkyBlock dungeon! 
00:33:44.899 INFO  Minecraft: Exploring The Catacombs with 2/5 players on Floor VI! 
00:33:44.900 INFO  Minecraft: ----------------------------- 
00:33:44.991 INFO  Minecraft: Couldn't warp you! 
00:33:44.992 INFO  Minecraft: You cannot join this Dungeon! 
00:33:47.565 INFO  Minecraft: Guild > yKxshi joined. 
00:33:49.542 INFO  Minecraft: ----------------------------- 
00:33:49.544 INFO  Minecraft: You left the party. 
00:33:49.544 INFO  Minecraft: ----------------------------- 
00:33:55.861 INFO  Minecraft: -----------------------------
[MVP+] Mario64pro has invited you to join their party!
You have 60 seconds to accept. Click here to join!
----------------------------- 
00:33:56.102 INFO  Minecraft: ----------------------------- 
00:33:56.103 INFO  Minecraft: You have joined [MVP+] Mario64pro's party! 
00:33:56.103 INFO  Minecraft: ----------------------------- 
00:33:57.760 INFO  Minecraft: Party > [VIP] SealBot: [WARN] Hello Mario64pro, I will leave the party in 10 seconds so other people can use me. Thank You! 
00:33:57.837 INFO  Minecraft: -----------------------------
[MVP+] Mario64pro entered The Catacombs, Floor VII!
----------------------------- 
00:33:58.630 INFO  Minecraft: Party > [VIP] SealBot: [INFO] Next time you party me: I do not accept your party it is most likely because someone else hasn't finished with me, just try again in 5-15 seconds. 
00:33:59.651 INFO  Minecraft: Party > [VIP] SealBot: [INFO] This bot was originally made for chat in the guild Cold Lands. 
00:34:01.180 INFO  Minecraft: Guild > [MVP] TimySeal [M]: bro 
00:34:06.095 INFO  Minecraft: ----------------------------- 
00:34:06.096 INFO  Minecraft: You left the party. 
00:34:06.097 INFO  Minecraft: ----------------------------- 
00:34:06.108 INFO  Minecraft: Guild > [VIP+] OwOPingu [F]: E 
00:34:07.932 INFO  Minecraft: ----------------------------- 
00:34:07.933 INFO  Minecraft: [MVP+] Mario64pro warped the party to a SkyBlock dungeon! 
00:34:07.934 INFO  Minecraft: Looting The Catacombs with 2/5 players on Floor VII! 
00:34:07.935 INFO  Minecraft: ----------------------------- 
00:34:08.022 INFO  Minecraft: Couldn't warp you! 
00:34:08.023 INFO  Minecraft: You cannot join this Dungeon! 
00:34:09.388 INFO  Minecraft: Guild > [MVP] TimySeal [M]: bps still disabled 
00:34:14.013 INFO  Minecraft: Guild > [VIP+] OwOPingu [F]: mhm 
00:34:18.822 INFO  Minecraft: Guild > [MVP] TimySeal [M]: hypixel bad 
00:34:27.198 INFO  Minecraft: -----------------------------
[VIP] Mouse_Throwdious has invited you to join their party!
You have 60 seconds to accept. Click here to join!
----------------------------- 
00:34:27.708 INFO  Minecraft: ----------------------------- 
00:34:27.714 INFO  Minecraft: You have joined [VIP] Mouse_Throwdious' party! 
00:34:27.715 INFO  Minecraft: ----------------------------- 
00:34:28.944 INFO  Minecraft: Party > [VIP] SealBot: [WARN] Hello Mouse_Throwdious, I will leave the party in 10 seconds so other people can use me. Thank You! 
00:34:29.132 INFO  Minecraft: -----------------------------
[VIP] Mouse_Throwdious entered The Catacombs, Floor VII!
----------------------------- 
00:34:29.962 INFO  Minecraft: Party > [VIP] SealBot: [INFO] Next time you party me: I do not accept your party it is most likely because someone else hasn't finished with me, just try again in 5-15 seconds. 
00:34:30.958 INFO  Minecraft: Party > [VIP] SealBot: [INFO] This bot was originally made for chat in the guild Cold Lands. 
00:34:35.375 INFO  Minecraft: ----------------------------- 
00:34:35.376 INFO  Minecraft: [VIP] Mouse_Throwdious warped the party to a SkyBlock dungeon! 
00:34:35.378 INFO  Minecraft: Visiting The Catacombs with 2/5 players on Floor VII! 
00:34:35.378 INFO  Minecraft: ----------------------------- 
00:34:35.555 INFO  Minecraft: Couldn't warp you! 
00:34:35.556 INFO  Minecraft: You cannot join this Dungeon! 
00:34:37.526 INFO  Minecraft: ----------------------------- 
00:34:37.527 INFO  Minecraft: You left the party. 
00:34:37.528 INFO  Minecraft: ----------------------------- 
00:34:39.066 INFO  Minecraft: Guild > [VIP+] OwOPingu [F]: hypixel is meh 
00:35:41.412 INFO  Minecraft: You already tipped everyone that has boosters active, so there isn't anybody to be tipped right now! 
00:35:57.403 INFO  Minecraft: Guild > FabledLivid joined. 
00:36:13.481 INFO  Minecraft: -----------------------------
[MVP+] TitoGuapitoH has invited you to join their party!
You have 60 seconds to accept. Click here to join!
----------------------------- 
00:36:13.726 INFO  Minecraft: ----------------------------- 
00:36:13.727 INFO  Minecraft: You have joined [MVP+] TitoGuapitoH's party! 
00:36:13.728 INFO  Minecraft: ----------------------------- 
00:36:15.228 INFO  Minecraft: Party > [VIP] SealBot: [WARN] Hello TitoGuapitoH, I will leave the party in 10 seconds so other people can use me. Thank You! 
00:36:15.544 INFO  Minecraft: -----------------------------
[MVP+] TitoGuapitoH entered The Catacombs, Floor VII!
----------------------------- 
00:36:16.250 INFO  Minecraft: Party > [VIP] SealBot: [INFO] Next time you party me: I do not accept your party it is most likely because someone else hasn't finished with me, just try again in 5-15 seconds. 
00:36:17.223 INFO  Minecraft: Party > [VIP] SealBot: [INFO] This bot was originally made for chat in the guild Cold Lands. 
00:36:20.937 INFO  Minecraft: ----------------------------- 
00:36:20.937 INFO  Minecraft: [MVP+] TitoGuapitoH warped the party to a SkyBlock dungeon! 
00:36:20.939 INFO  Minecraft: Visiting The Catacombs with 2/5 players on Floor VII! 
00:36:20.939 INFO  Minecraft: ----------------------------- 
00:36:20.978 INFO  Minecraft: Couldn't warp you! 
00:36:21.019 INFO  Minecraft: You cannot join this Dungeon! 
00:36:23.758 INFO  Minecraft: ----------------------------- 
00:36:23.759 INFO  Minecraft: You left the party. 
00:36:23.760 INFO  Minecraft: ----------------------------- 
00:36:30.324 INFO  Discord: [guild-chat] Helper | TinyHarpSeal: big yikes did u see sbl discord update? 
00:36:30.593 INFO  Minecraft: Guild > [VIP] SealBot [LS]: Helper| TinyHarpSeal big yikes did u see sbl discord update? 
00:36:45.579 INFO  Minecraft: Guild > [MVP] TimySeal [M]: no 
00:36:48.739 INFO  Minecraft: Guild > [MVP] TimySeal [M]: thats going on 
00:36:57.352 INFO  Discord: [guild-chat] Member | FabledLivid: yeah what happen 
00:36:57.604 INFO  Minecraft: Guild > [VIP] SealBot [LS]: Member| FabledLivid yeah what happen 
00:36:57.622 INFO  Minecraft: Guild > [MVP] TimySeal [M]: and whats sbl 
00:37:04.204 INFO  Discord: [guild-chat] Helper | TinyHarpSeal: skyblock lounge 
00:37:04.461 INFO  Minecraft: Guild > [VIP] SealBot [LS]: Helper| TinyHarpSeal skyblock lounge 
00:37:07.295 INFO  Discord: [guild-chat] Member | FabledLivid: sky block lounge 
00:37:08.007 INFO  Minecraft: Guild > [MVP+] c_RaMMikKs__ [M]: skyblock lounge 
00:37:08.103 INFO  Minecraft: Guild > [VIP] SealBot [LS]: Member| FabledLivid sky block lounge 
00:37:12.342 INFO  Minecraft: Guild > [MVP] TimySeal [M]: oh ok is that a mod? 
00:37:13.180 INFO  Discord: [guild-chat] Helper | TinyHarpSeal: they got raided recently 
00:37:13.421 INFO  Minecraft: Guild > [VIP] SealBot [LS]: Helper| TinyHarpSeal they got raided recently 
00:37:14.766 INFO  Minecraft: Guild > Hercules_RB joined. 
00:37:17.373 INFO  Minecraft: Guild > [MVP+] yKxshi [M]: its a discord server 
00:37:18.705 INFO  Minecraft: Guild > [MVP] TimySeal [M]: or just a discord for updates 
00:37:41.287 INFO  Minecraft: You tipped 11 players in 1 game! 
00:37:43.760 INFO  Minecraft: Guild > [MVP] TimySeal [M]: yKxshi what are the mods u use? 
00:37:49.125 INFO  Minecraft: Guild > [MVP+] yKxshi [M]: my own modpack 
00:38:01.351 INFO  Minecraft: Guild > [MVP] TimySeal [M]: did u create them? 
00:38:02.164 INFO  Minecraft: Guild > [MVP+] yKxshi [M]: theres like 
00:38:03.146 INFO  Minecraft: Guild > [MVP+] yKxshi [M]: no 
00:38:07.993 INFO  Minecraft: Guild > [MVP+] yKxshi [M]: theres like 10 mods i think 
00:38:09.090 INFO  Minecraft: -----------------------------
[VIP+] thxnkyou has invited you to join their party!
You have 60 seconds to accept. Click here to join!
----------------------------- 
00:38:09.668 INFO  Minecraft: ----------------------------- 
00:38:09.676 INFO  Minecraft: You have joined [VIP+] thxnkyou's party! 
00:38:09.677 INFO  Minecraft: ----------------------------- 
00:38:10.892 INFO  Minecraft: Party > [VIP] SealBot: [WARN] Hello thxnkyou, I will leave the party in 10 seconds so other people can use me. Thank You! 
00:38:11.892 INFO  Minecraft: Party > [VIP] SealBot: [INFO] Next time you party me: I do not accept your party it is most likely because someone else hasn't finished with me, just try again in 5-15 seconds. 
00:38:12.037 INFO  Minecraft: -----------------------------
[VIP+] thxnkyou entered The Catacombs, Floor V!
----------------------------- 
00:38:12.902 INFO  Minecraft: Party > [VIP] SealBot: [INFO] This bot was originally made for chat in the guild Cold Lands. 
00:38:13.648 INFO  Minecraft: Guild > [MVP] TimySeal [M]: what mods are in it I meant 
00:38:14.721 INFO  Minecraft: ----------------------------- 
00:38:14.722 INFO  Minecraft: [VIP+] thxnkyou warped the party to a SkyBlock dungeon! 
00:38:14.723 INFO  Minecraft: Visiting The Catacombs with 2/5 players on Floor V! 
00:38:14.724 INFO  Minecraft: ----------------------------- 
00:38:14.994 INFO  Minecraft: Couldn't warp you! 
00:38:14.995 INFO  Minecraft: You cannot join this Dungeon! 
00:38:19.913 INFO  Minecraft: ----------------------------- 
00:38:19.914 INFO  Minecraft: You left the party. 
00:38:19.915 INFO  Minecraft: ----------------------------- 
00:38:26.944 INFO  Minecraft: Guild > [MVP+] yKxshi [M]: perspective mod 
00:38:28.786 INFO  Minecraft: Guild > [MVP+] yKxshi [M]: sbe 
00:38:31.952 INFO  Minecraft: Guild > [MVP+] yKxshi [M]: wait 
00:38:33.536 INFO  Minecraft: Guild > [MVP+] yKxshi [M]: sba* 
00:38:35.829 INFO  Minecraft: Guild > [MVP] TimySeal [M]: I have sba dsm neu optifine and skytils 
00:38:36.911 INFO  Minecraft: Guild > [MVP+] yKxshi [M]: skytils 
00:38:38.808 INFO  Minecraft: Guild > [MVP+] yKxshi [M]: dsm 
00:38:40.744 INFO  Minecraft: Guild > [MVP+] yKxshi [M]: optifine 
00:38:45.219 INFO  Minecraft: Guild > [MVP+] yKxshi [M]: cowllection 
00:38:47.213 INFO  Minecraft: Guild > [MVP+] yKxshi [M]: neu 
00:38:52.264 INFO  Minecraft: Guild > [MVP+] yKxshi [M]: bazaar notifier 
00:38:56.407 INFO  Minecraft: Guild > [MVP] TimySeal [M]: could u send me link to perspective mod 
00:38:59.137 INFO  Minecraft: Guild > [MVP+] yKxshi [M]: chat triggers 
00:39:09.821 INFO  Minecraft: Guild > [MVP] TimySeal [M]: btw what does chat triggers do? 
00:39:09.927 INFO  Minecraft: Guild > [MVP+] yKxshi [M]: just search perspective mod on sk1ers website i thibk 
00:39:21.161 INFO  Minecraft: -----------------------------
[MVP+] Mario64pro has invited you to join their party!
You have 60 seconds to accept. Click here to join!
----------------------------- 
00:39:21.480 INFO  Minecraft: ----------------------------- 
00:39:21.481 INFO  Minecraft: You have joined [MVP+] Mario64pro's party! 
00:39:21.481 INFO  Minecraft: ----------------------------- 
00:39:22.915 INFO  Minecraft: Party > [VIP] SealBot: [WARN] Hello Mario64pro, I will leave the party in 10 seconds so other people can use me. Thank You! 
00:39:23.077 INFO  Minecraft: -----------------------------
[MVP+] Mario64pro entered The Catacombs, Floor VII!
----------------------------- 
00:39:23.940 INFO  Minecraft: Party > [VIP] SealBot: [INFO] Next time you party me: I do not accept your party it is most likely because someone else hasn't finished with me, just try again in 5-15 seconds. 
00:39:24.960 INFO  Minecraft: Party > [VIP] SealBot: [INFO] This bot was originally made for chat in the guild Cold Lands. 
00:39:30.957 INFO  Minecraft: ----------------------------- 
00:39:30.958 INFO  Minecraft: [MVP+] Mario64pro warped the party to a SkyBlock dungeon! 
00:39:30.960 INFO  Minecraft: Plundering The Catacombs with 2/5 players on Floor VII! 
00:39:30.960 INFO  Minecraft: ----------------------------- 
00:39:31.088 INFO  Minecraft: Couldn't warp you! 
00:39:31.089 INFO  Minecraft: You cannot join this Dungeon! 
00:39:31.728 INFO  Minecraft: ----------------------------- 
00:39:31.729 INFO  Minecraft: You left the party. 
00:39:31.729 INFO  Minecraft: ----------------------------- 
00:39:41.395 INFO  Minecraft: You tipped 22 players in 7 different games! 
00:39:54.845 INFO  Minecraft: Guild > cast_05 left. 
00:40:10.180 INFO  Minecraft: -----------------------------
[VIP] ZakYaks has invited you to join their party!
You have 60 seconds to accept. Click here to join!
----------------------------- 
00:40:10.639 INFO  Minecraft: ----------------------------- 
00:40:10.640 INFO  Minecraft: You have joined [VIP] ZakYaks' party! 
00:40:10.641 INFO  Minecraft: ----------------------------- 
00:40:11.926 INFO  Minecraft: Party > [VIP] SealBot: [WARN] Hello ZakYaks, I will leave the party in 10 seconds so other people can use me. Thank You! 
00:40:12.901 INFO  Minecraft: -----------------------------
[VIP] ZakYaks entered The Catacombs, Floor VI!
----------------------------- 
00:40:12.925 INFO  Minecraft: Party > [VIP] SealBot: [INFO] Next time you party me: I do not accept your party it is most likely because someone else hasn't finished with me, just try again in 5-15 seconds. 
00:40:14.000 INFO  Minecraft: Party > [VIP] SealBot: [INFO] This bot was originally made for chat in the guild Cold Lands. 
00:40:15.088 INFO  Minecraft: -----------------------------
[VIP] Mouse_Throwdious has invited you to join their party!
You have 60 seconds to accept. Click here to join!
----------------------------- 
00:40:15.340 INFO  Minecraft: ----------------------------- 
00:40:15.341 INFO  Minecraft: You are already in a party! Leave it to join another one. 
00:40:15.341 INFO  Minecraft: ----------------------------- 
00:40:15.830 INFO  Minecraft: ----------------------------- 
00:40:15.831 INFO  Minecraft: [VIP] ZakYaks warped the party to a SkyBlock dungeon! 
00:40:15.833 INFO  Minecraft: Exploring The Catacombs with 2/5 players on Floor VI! 
00:40:15.833 INFO  Minecraft: ----------------------------- 
00:40:15.944 INFO  Minecraft: Couldn't warp you! 
00:40:15.945 INFO  Minecraft: You cannot join this Dungeon! 
00:40:16.890 INFO  Minecraft: Party > [VIP] SealBot: [WARN] Hello Mouse_Throwdious, I will leave the party in 10 seconds so other people can use me. Thank You! 
00:40:17.904 INFO  Minecraft: Party > [VIP] SealBot: [INFO] Next time you party me: I do not accept your party it is most likely because someone else hasn't finished with me, just try again in 5-15 seconds. 
00:40:18.890 INFO  Minecraft: Party > [VIP] SealBot: [INFO] This bot was originally made for chat in the guild Cold Lands. 
00:40:20.431 INFO  Minecraft: ----------------------------- 
00:40:20.432 INFO  Minecraft: You left the party. 
00:40:20.432 INFO  Minecraft: ----------------------------- 
00:40:23.652 INFO  Minecraft: Guild > [VIP] Mouse_Throwdious [M]: who is using sealbot 
00:40:24.531 INFO  Minecraft: Guild > 6524 left. 
00:40:25.331 INFO  Minecraft: ----------------------------- 
00:40:25.332 INFO  Minecraft: You are not in a party. 
00:40:25.332 INFO  Minecraft: ----------------------------- 
00:40:30.022 INFO  Minecraft: Guild > [VIP] ZakYaks [M]: me 
00:40:35.663 INFO  Discord: [guild-chat] Helper | TinyHarpSeal: /plait 
00:40:36.922 INFO  Minecraft: Guild > [VIP] Mouse_Throwdious [M]:  ok 
00:40:39.260 INFO  Discord: [guild-chat] Helper | TinyHarpSeal: /plist 
00:40:43.145 INFO  Discord: [guild-chat] Helper | TinyHarpSeal: /help 
00:40:44.512 INFO  Minecraft: -----------------------------
[VIP] Mouse_Throwdious has invited you to join their party!
You have 60 seconds to accept. Click here to join!
----------------------------- 
00:40:44.761 INFO  Minecraft: ----------------------------- 
00:40:44.761 INFO  Minecraft: You have joined [VIP] Mouse_Throwdious' party! 
00:40:44.762 INFO  Minecraft: ----------------------------- 
00:40:45.896 INFO  Minecraft: -----------------------------
[VIP] Mouse_Throwdious entered The Catacombs, Floor VII!
----------------------------- 
00:40:46.263 INFO  Minecraft: Party > [VIP] SealBot: [WARN] Hello Mouse_Throwdious, I will leave the party in 10 seconds so other people can use me. Thank You! 
00:40:47.276 INFO  Minecraft: Party > [VIP] SealBot: [INFO] Next time you party me: I do not accept your party it is most likely because someone else hasn't finished with me, just try again in 5-15 seconds. 
00:40:48.278 INFO  Minecraft: Party > [VIP] SealBot: [INFO] This bot was originally made for chat in the guild Cold Lands. 
00:40:52.507 INFO  Minecraft: ----------------------------- 
00:40:52.507 INFO  Minecraft: [VIP] Mouse_Throwdious warped the party to a SkyBlock dungeon! 
00:40:52.509 INFO  Minecraft: Looting The Catacombs with 2/5 players on Floor VII! 
00:40:52.509 INFO  Minecraft: ----------------------------- 
00:40:52.593 INFO  Minecraft: Couldn't warp you! 
00:40:52.594 INFO  Minecraft: You cannot join this Dungeon! 
00:40:54.749 INFO  Minecraft: ----------------------------- 
00:40:54.750 INFO  Minecraft: You left the party. 
00:40:54.750 INFO  Minecraft: ----------------------------- 
00:41:28.337 INFO  Minecraft: -----------------------------
[MVP+] TitoGuapitoH has invited you to join their party!
You have 60 seconds to accept. Click here to join!
----------------------------- 
00:41:28.576 INFO  Minecraft: ----------------------------- 
00:41:28.577 INFO  Minecraft: You have joined [MVP+] TitoGuapitoH's party! 
00:41:28.578 INFO  Minecraft: ----------------------------- 
00:41:30.089 INFO  Minecraft: Party > [VIP] SealBot: [WARN] Hello TitoGuapitoH, I will leave the party in 10 seconds so other people can use me. Thank You! 
00:41:31.094 INFO  Minecraft: Party > [VIP] SealBot: [INFO] Next time you party me: I do not accept your party it is most likely because someone else hasn't finished with me, just try again in 5-15 seconds. 
00:41:32.102 INFO  Minecraft: Party > [VIP] SealBot: [INFO] This bot was originally made for chat in the guild Cold Lands. 
00:41:32.909 INFO  Minecraft: -----------------------------
[MVP+] TitoGuapitoH entered The Catacombs, Floor VII!
----------------------------- 
00:41:36.743 INFO  Minecraft: Guild > [MVP+] Teapout [M]: ffs 
00:41:36.921 INFO  Minecraft: Guild > 6524 joined. 
00:41:38.590 INFO  Minecraft: ----------------------------- 
00:41:38.591 INFO  Minecraft: You left the party. 
00:41:38.592 INFO  Minecraft: ----------------------------- 
00:41:40.896 INFO  Minecraft: Guild > 6524 left. 
00:41:41.806 INFO  Minecraft: You tipped 11 players in 1 game! 
00:42:51.286 INFO  Minecraft: Guild > 6524 joined. 
00:42:56.998 INFO  Minecraft: -----------------------------
[MVP+] Mario64pro has invited you to join their party!
You have 60 seconds to accept. Click here to join!
----------------------------- 
00:42:57.237 INFO  Minecraft: ----------------------------- 
00:42:57.238 INFO  Minecraft: You have joined [MVP+] Mario64pro's party! 
00:42:57.238 INFO  Minecraft: ----------------------------- 
00:42:58.592 INFO  Minecraft: Guild > [MVP] TimySeal [M]: how search for specific mods on sk1ler 
00:42:58.746 INFO  Minecraft: Party > [VIP] SealBot: [WARN] Hello Mario64pro, I will leave the party in 10 seconds so other people can use me. Thank You! 
00:42:59.211 INFO  Minecraft: -----------------------------
[MVP+] Mario64pro entered The Catacombs, Floor VII!
----------------------------- 
00:42:59.763 INFO  Minecraft: Party > [VIP] SealBot: [INFO] Next time you party me: I do not accept your party it is most likely because someone else hasn't finished with me, just try again in 5-15 seconds. 
00:43:00.763 INFO  Minecraft: Party > [VIP] SealBot: [INFO] This bot was originally made for chat in the guild Cold Lands. 
00:43:04.786 INFO  Minecraft: Guild > [MVP+] yKxshi [M]: timy 
00:43:05.141 INFO  Minecraft: ----------------------------- 
00:43:05.143 INFO  Minecraft: [MVP+] Mario64pro warped the party to a SkyBlock dungeon! 
00:43:05.143 INFO  Minecraft: Plundering The Catacombs with 2/5 players on Floor VII! 
00:43:05.144 INFO  Minecraft: ----------------------------- 
00:43:05.265 INFO  Minecraft: Couldn't warp you! 
00:43:05.265 INFO  Minecraft: You cannot join this Dungeon! 
00:43:05.844 INFO  Minecraft: Guild > [MVP] TimySeal [M]: sk1ler* 
00:43:07.243 INFO  Minecraft: ----------------------------- 
00:43:07.245 INFO  Minecraft: You left the party. 
00:43:07.245 INFO  Minecraft: ----------------------------- 
00:43:07.340 INFO  Minecraft: -----------------------------
[MVP+] 6524 has invited you to join their party!
You have 60 seconds to accept. Click here to join!
----------------------------- 
00:43:08.014 INFO  Minecraft: ----------------------------- 
00:43:08.015 INFO  Minecraft: You have joined [MVP+] 6524's party! 
00:43:08.016 INFO  Minecraft: ----------------------------- 
00:43:09.217 INFO  Minecraft: Party > [VIP] SealBot: [WARN] Hello 6524, I will leave the party in 10 seconds so other people can use me. Thank You! 
00:43:09.532 INFO  Minecraft: -----------------------------
[MVP+] 6524 entered The Catacombs, Floor VI!
----------------------------- 
00:43:10.194 INFO  Minecraft: Party > [VIP] SealBot: [INFO] Next time you party me: I do not accept your party it is most likely because someone else hasn't finished with me, just try again in 5-15 seconds. 
00:43:11.181 INFO  Minecraft: Party > [VIP] SealBot: [INFO] This bot was originally made for chat in the guild Cold Lands. 
00:43:12.186 INFO  Minecraft: Guild > [MVP] TimySeal [M]: sk1er* 
00:43:13.441 INFO  Minecraft: ----------------------------- 
00:43:13.442 INFO  Minecraft: [MVP+] 6524 warped the party to a SkyBlock dungeon! 
00:43:13.443 INFO  Minecraft: Visiting The Catacombs with 2/5 players on Floor VI! 
00:43:13.443 INFO  Minecraft: ----------------------------- 
00:43:13.508 INFO  Minecraft: Couldn't warp you! 
00:43:13.508 INFO  Minecraft: You cannot join this Dungeon! 
00:43:13.673 INFO  Minecraft: Guild > [MVP] TimySeal [M]: RE 
00:43:16.688 INFO  Minecraft: Guild > [MVP+] yKxshi [M]: go to refractions modpack video 
00:43:17.588 INFO  Minecraft: ----------------------------- 
00:43:17.589 INFO  Minecraft: You left the party. 
00:43:17.589 INFO  Minecraft: ----------------------------- 
00:43:21.195 INFO  Minecraft: Guild > [MVP+] yKxshi [M]: and download it from there 
00:43:21.950 INFO  Minecraft: Guild > [MVP] TimySeal [M]: ok 
00:43:30.443 INFO  Minecraft: Guild > [MVP+] yKxshi [M]: or just search 'perspective mod forge sk1er 
00:43:31.588 INFO  Minecraft: Guild > FearTheVillain3 left. 
00:43:35.371 INFO  Minecraft: Guild > aevtrox joined. 
00:43:41.542 INFO  Minecraft: You tipped 11 players in 1 game! 
00:44:08.320 INFO  Minecraft: Guild > PeraWasGrinding joined. 
00:44:09.193 INFO  Minecraft: Guild > LionyLev left. 
00:44:13.261 INFO  Minecraft: Guild > 6524 left. 
00:44:13.310 INFO  Minecraft: Guild > aevtrox left. 
00:44:14.206 INFO  Minecraft: Guild > LionyLev joined. 
00:44:18.353 INFO  Minecraft: Guild > HeadlessCowboy joined. 
00:44:21.866 INFO  Minecraft: Guild > LionyLev left. 
00:44:25.811 INFO  Minecraft: Guild > LionyLev joined. 
00:44:54.816 INFO  Minecraft: -----------------------------
[VIP+] thxnkyou has invited you to join their party!
You have 60 seconds to accept. Click here to join!
----------------------------- 
00:44:55.100 INFO  Minecraft: ----------------------------- 
00:44:55.101 INFO  Minecraft: You have joined [VIP+] thxnkyou's party! 
00:44:55.102 INFO  Minecraft: ----------------------------- 
00:44:56.622 INFO  Minecraft: Party > [VIP] SealBot: [WARN] Hello thxnkyou, I will leave the party in 10 seconds so other people can use me. Thank You! 
00:44:57.630 INFO  Minecraft: Party > [VIP] SealBot: [INFO] Next time you party me: I do not accept your party it is most likely because someone else hasn't finished with me, just try again in 5-15 seconds. 
00:44:58.654 INFO  Minecraft: Party > [VIP] SealBot: [INFO] This bot was originally made for chat in the guild Cold Lands. 
00:44:58.880 INFO  Minecraft: -----------------------------
[VIP+] thxnkyou entered The Catacombs, Floor V!
----------------------------- 
00:45:01.163 INFO  Minecraft: ----------------------------- 
00:45:01.164 INFO  Minecraft: [VIP+] thxnkyou warped the party to a SkyBlock dungeon! 
00:45:01.165 INFO  Minecraft: Visiting The Catacombs with 2/5 players on Floor V! 
00:45:01.166 INFO  Minecraft: ----------------------------- 
00:45:01.255 INFO  Minecraft: Couldn't warp you! 
00:45:01.256 INFO  Minecraft: You cannot join this Dungeon! 
00:45:05.079 INFO  Minecraft: ----------------------------- 
00:45:05.080 INFO  Minecraft: You left the party. 
00:45:05.080 INFO  Minecraft: ----------------------------- 
00:45:14.306 INFO  Minecraft: -----------------------------
[MVP+] vDxvils21 has invited you to join their party!
You have 60 seconds to accept. Click here to join!
----------------------------- 
00:45:14.582 INFO  Minecraft: ----------------------------- 
00:45:14.583 INFO  Minecraft: You have joined [MVP+] vDxvils21's party! 
00:45:14.583 INFO  Minecraft: ----------------------------- 
00:45:15.830 INFO  Minecraft: Guild > boxed_cat joined. 
00:45:16.052 INFO  Minecraft: -----------------------------
[MVP+] vDxvils21 entered The Catacombs, Floor VI!
----------------------------- 
00:45:16.070 INFO  Minecraft: Party > [VIP] SealBot: [WARN] Hello vDxvils21, I will leave the party in 10 seconds so other people can use me. Thank You! 
00:45:17.056 INFO  Minecraft: Party > [VIP] SealBot: [INFO] Next time you party me: I do not accept your party it is most likely because someone else hasn't finished with me, just try again in 5-15 seconds. 
00:45:18.078 INFO  Minecraft: Party > [VIP] SealBot: [INFO] This bot was originally made for chat in the guild Cold Lands. 
00:45:18.311 INFO  Minecraft: ----------------------------- 
00:45:18.312 INFO  Minecraft: [MVP+] vDxvils21 warped the party to a SkyBlock dungeon! 
00:45:18.313 INFO  Minecraft: Playing The Catacombs with 2/5 players on Floor VI! 
00:45:18.313 INFO  Minecraft: ----------------------------- 
00:45:18.408 INFO  Minecraft: Couldn't warp you! 
00:45:18.409 INFO  Minecraft: You cannot join this Dungeon! 
00:45:24.592 INFO  Minecraft: ----------------------------- 
00:45:24.593 INFO  Minecraft: You left the party. 
00:45:24.593 INFO  Minecraft: ----------------------------- 
00:45:36.758 INFO  Minecraft: Guild > LionyLev left. 
00:45:41.368 INFO  Minecraft: You already tipped everyone that has boosters active, so there isn't anybody to be tipped right now! 
00:46:16.092 INFO  Minecraft: Guild > boxed_cat left. 
00:46:53.038 INFO  Minecraft: -----------------------------
[VIP] ZakYaks has invited you to join their party!
You have 60 seconds to accept. Click here to join!
----------------------------- 
00:46:53.281 INFO  Minecraft: ----------------------------- 
00:46:53.282 INFO  Minecraft: You have joined [VIP] ZakYaks' party! 
00:46:53.296 INFO  Minecraft: ----------------------------- 
00:46:54.847 INFO  Minecraft: Party > [VIP] SealBot: [WARN] Hello ZakYaks, I will leave the party in 10 seconds so other people can use me. Thank You! 
00:46:55.794 INFO  Minecraft: Party > [VIP] SealBot: [INFO] Next time you party me: I do not accept your party it is most likely because someone else hasn't finished with me, just try again in 5-15 seconds. 
00:46:55.953 INFO  Minecraft: -----------------------------
[VIP] ZakYaks entered The Catacombs, Floor VI!
----------------------------- 
00:46:56.808 INFO  Minecraft: Party > [VIP] SealBot: [INFO] This bot was originally made for chat in the guild Cold Lands. 
00:46:58.805 INFO  Minecraft: ----------------------------- 
00:46:58.806 INFO  Minecraft: [VIP] ZakYaks warped the party to a SkyBlock dungeon! 
00:46:58.808 INFO  Minecraft: Looting The Catacombs with 2/5 players on Floor VI! 
00:46:58.808 INFO  Minecraft: ----------------------------- 
00:46:58.872 INFO  Minecraft: Couldn't warp you! 
00:46:58.873 INFO  Minecraft: You cannot join this Dungeon! 
00:47:03.279 INFO  Minecraft: ----------------------------- 
00:47:03.280 INFO  Minecraft: You left the party. 
00:47:03.280 INFO  Minecraft: ----------------------------- 
00:47:09.014 INFO  Minecraft: Guild > LionyLev joined. 
00:47:41.324 INFO  Minecraft: You tipped 10 players in 1 game! 
00:47:58.880 INFO  Minecraft: -----------------------------
[VIP] Mouse_Throwdious has invited you to join their party!
You have 60 seconds to accept. Click here to join!
----------------------------- 
00:47:59.113 INFO  Minecraft: ----------------------------- 
00:47:59.113 INFO  Minecraft: You have joined [VIP] Mouse_Throwdious' party! 
00:47:59.114 INFO  Minecraft: ----------------------------- 
00:48:00.474 INFO  Minecraft: -----------------------------
[VIP] Mouse_Throwdious entered The Catacombs, Floor VII!
----------------------------- 
00:48:00.727 INFO  Minecraft: Party > [VIP] SealBot: [WARN] Hello Mouse_Throwdious, I will leave the party in 10 seconds so other people can use me. Thank You! 
00:48:01.824 INFO  Minecraft: Party > [VIP] SealBot: [INFO] Next time you party me: I do not accept your party it is most likely because someone else hasn't finished with me, just try again in 5-15 seconds. 
00:48:02.671 INFO  Minecraft: Party > [VIP] SealBot: [INFO] This bot was originally made for chat in the guild Cold Lands. 
00:48:07.440 INFO  Minecraft: ----------------------------- 
00:48:07.442 INFO  Minecraft: [VIP] Mouse_Throwdious warped the party to a SkyBlock dungeon! 
00:48:07.444 INFO  Minecraft: Playing The Catacombs with 2/5 players on Floor VII! 
00:48:07.444 INFO  Minecraft: ----------------------------- 
00:48:07.685 INFO  Minecraft: Couldn't warp you! 
00:48:07.686 INFO  Minecraft: You cannot join this Dungeon! 
00:48:09.127 INFO  Minecraft: ----------------------------- 
00:48:09.128 INFO  Minecraft: You left the party. 
00:48:09.128 INFO  Minecraft: ----------------------------- 
00:48:39.735 INFO  Minecraft: [WATCHDOG CHEAT DETECTION] A player has been removed from your game for hacking or abuse. 
00:48:40.258 INFO  Minecraft: A player has been removed from your game for hacking or abuse. Thanks for reporting it! 
00:53:43.857 INFO  Logging in. 
00:53:45.199 INFO  Discord: Logged in. 
00:58:47.840 INFO  Logging in. 
00:58:49.306 INFO  Discord: Logged in. 
01:03:52.787 INFO  Logging in. 
01:03:54.274 INFO  Discord: Logged in. 
01:08:57.864 INFO  Logging in. 
01:08:59.049 INFO  Discord: Logged in. 
01:14:01.920 INFO  Logging in. 
01:14:03.573 INFO  Discord: Logged in. 
01:19:06.833 INFO  Logging in. 
01:19:08.101 INFO  Discord: Logged in. 
01:24:12.050 INFO  Logging in. 
01:29:16.491 INFO  Logging in. 
01:29:17.793 INFO  Discord: Logged in. 
01:34:20.831 INFO  Logging in. 
01:34:22.135 INFO  Discord: Logged in. 
01:39:25.901 INFO  Logging in. 
01:39:27.448 INFO  Discord: Logged in. 
01:44:30.834 INFO  Logging in. 
01:44:32.084 INFO  Discord: Logged in. 
01:49:35.798 INFO  Logging in. 
01:49:37.090 INFO  Discord: Logged in. 
01:54:40.458 INFO  Logging in. 
01:54:41.869 INFO  Discord: Logged in. 
01:59:44.870 INFO  Logging in. 
01:59:46.379 INFO  Discord: Logged in. 
02:04:50.117 INFO  Logging in. 
02:04:51.992 INFO  Discord: Logged in. 
02:09:53.863 INFO  Logging in. 
02:09:55.096 INFO  Discord: Logged in. 
02:14:57.841 INFO  Logging in. 
02:14:59.092 INFO  Discord: Logged in. 
02:20:01.889 INFO  Logging in. 
02:20:03.135 INFO  Discord: Logged in. 
02:25:06.824 INFO  Logging in. 
02:25:08.143 INFO  Discord: Logged in. 
02:30:11.853 INFO  Logging in. 
02:30:13.179 INFO  Discord: Logged in. 
02:35:15.893 INFO  Logging in. 
02:35:17.408 INFO  Discord: Logged in. 
02:40:20.156 INFO  Logging in. 
02:40:21.499 INFO  Discord: Logged in. 
02:45:23.766 INFO  Logging in. 
02:45:25.097 INFO  Discord: Logged in. 
02:50:28.957 INFO  Logging in. 
02:50:30.297 INFO  Discord: Logged in. 
02:55:33.580 INFO  Logging in. 
02:55:34.939 INFO  Discord: Logged in. 
03:00:52.887 INFO  Logging in. 
03:00:54.380 INFO  Discord: Logged in. 
03:05:57.733 INFO  Logging in. 
03:05:58.947 INFO  Discord: Logged in. 
03:11:02.786 INFO  Logging in. 
03:11:04.345 INFO  Discord: Logged in. 
03:16:06.829 INFO  Logging in. 
03:16:08.157 INFO  Discord: Logged in. 
03:21:11.834 INFO  Logging in. 
03:21:13.038 INFO  Discord: Logged in. 
03:26:16.839 INFO  Logging in. 
03:26:18.116 INFO  Discord: Logged in. 
03:31:20.813 INFO  Logging in. 
03:31:22.008 INFO  Discord: Logged in. 
03:36:25.768 INFO  Logging in. 
03:36:26.991 INFO  Discord: Logged in. 
03:41:31.161 INFO  Logging in. 
03:41:32.645 INFO  Discord: Logged in. 
03:46:35.865 INFO  Logging in. 
03:46:37.271 INFO  Discord: Logged in. 
03:51:40.767 INFO  Logging in. 
03:51:42.024 INFO  Discord: Logged in. 
03:56:46.497 INFO  Logging in. 
03:56:47.885 INFO  Discord: Logged in. 
04:01:50.771 INFO  Logging in. 
04:01:52.325 INFO  Discord: Logged in. 
04:06:54.777 INFO  Logging in. 
04:06:56.043 INFO  Discord: Logged in. 
04:11:58.860 INFO  Logging in. 
04:12:00.163 INFO  Discord: Logged in. 
04:17:03.767 INFO  Logging in. 
04:17:05.006 INFO  Discord: Logged in. 
04:22:08.867 INFO  Logging in. 
04:22:10.136 INFO  Discord: Logged in. 
04:27:13.839 INFO  Logging in. 
04:27:15.160 INFO  Discord: Logged in. 
04:32:18.793 INFO  Logging in. 
04:32:20.304 INFO  Discord: Logged in. 
04:37:23.801 INFO  Logging in. 
04:37:25.054 INFO  Discord: Logged in. 
04:42:28.743 INFO  Logging in. 
04:42:29.974 INFO  Discord: Logged in. 
04:47:32.755 INFO  Logging in. 
04:47:34.026 INFO  Discord: Logged in. 
04:52:37.761 INFO  Logging in. 
04:52:39.473 INFO  Discord: Logged in. 
04:57:43.406 INFO  Logging in. 
04:57:44.805 INFO  Discord: Logged in. 
05:02:47.800 INFO  Logging in. 
05:02:49.157 INFO  Discord: Logged in. 
05:07:51.836 INFO  Logging in. 
05:07:53.369 INFO  Discord: Logged in. 
05:12:56.850 INFO  Logging in. 
05:12:58.128 INFO  Discord: Logged in. 
05:18:01.857 INFO  Logging in. 
05:18:03.182 INFO  Discord: Logged in. 
05:23:06.811 INFO  Logging in. 
05:23:08.313 INFO  Discord: Logged in. 
05:28:11.915 INFO  Logging in. 
05:28:13.330 INFO  Discord: Logged in. 
05:33:16.842 INFO  Logging in. 
05:33:18.055 INFO  Discord: Logged in. 
05:38:21.131 INFO  Logging in. 
05:38:22.582 INFO  Discord: Logged in. 
05:43:25.985 INFO  Logging in. 
05:43:27.347 INFO  Discord: Logged in. 
05:48:30.877 INFO  Logging in. 
05:48:32.313 INFO  Discord: Logged in. 
05:53:35.825 INFO  Logging in. 
05:53:37.237 INFO  Discord: Logged in. 
05:58:40.500 INFO  Logging in. 
05:58:41.869 INFO  Discord: Logged in. 
06:03:45.317 INFO  Logging in. 
06:03:46.685 INFO  Discord: Logged in. 
06:08:49.935 INFO  Logging in. 
06:08:51.839 INFO  Discord: Logged in. 
06:13:54.772 INFO  Logging in. 
06:13:56.094 INFO  Discord: Logged in. 
06:18:59.811 INFO  Logging in. 
06:19:01.107 INFO  Discord: Logged in. 
06:24:05.308 INFO  Logging in. 
06:24:06.629 INFO  Discord: Logged in. 
06:29:09.875 INFO  Logging in. 
06:29:11.454 INFO  Discord: Logged in. 
06:34:14.845 INFO  Logging in. 
06:34:16.045 INFO  Discord: Logged in. 
06:39:19.791 INFO  Logging in. 
06:39:20.996 INFO  Discord: Logged in. 
06:44:24.815 INFO  Logging in. 
06:44:26.077 INFO  Discord: Logged in. 
06:49:29.769 INFO  Logging in. 
06:49:31.011 INFO  Discord: Logged in. 
06:54:34.761 INFO  Logging in. 
06:54:36.196 INFO  Discord: Logged in. 
06:59:39.565 INFO  Logging in. 
06:59:40.894 INFO  Discord: Logged in. 
07:04:44.823 INFO  Logging in. 
07:04:46.266 INFO  Discord: Logged in. 
07:09:49.820 INFO  Logging in. 
07:09:51.078 INFO  Discord: Logged in. 
07:11:39.127 INFO  Logging in. 
07:11:40.452 INFO  Discord: Logged in. 
