00:00:29.879 INFO  Minecraft:  
00:00:29.883 INFO  Minecraft: [WATCHDOG ANNOUNCEMENT] 
00:00:29.883 INFO  Minecraft: Watchdog has banned 30,102 players in the last 7 days. 
00:00:29.884 INFO  Minecraft: Staff have banned an additional 13,487 in the last 7 days. 
00:00:29.885 INFO  Minecraft: Blacklisted modifications are a bannable offense! 
00:00:29.886 INFO  Minecraft:  
00:27:47.135 INFO  Minecraft: Guild > FabledLivid joined. 
00:28:38.672 INFO  Minecraft: Guild > 3ctooo joined. 
00:29:56.233 INFO  Minecraft: Guild > FabledLivid left. 
00:32:11.149 INFO  Minecraft: Guild > 3ctooo left. 
00:36:16.481 INFO  Minecraft: Guild > FabledLivid joined. 
01:00:07.115 INFO  Minecraft: Guild > yKxshi joined. 
01:00:25.943 INFO  Minecraft: Guild > yKxshi left. 
01:03:13.249 INFO  Minecraft: Guild > FabledLivid left. 
01:45:06.188 INFO  Minecraft: Guild > UnknownShadow124 joined. 
01:55:19.107 INFO  Minecraft: Guild > FabledLivid joined. 
01:55:51.969 INFO  Minecraft: Guild > [VIP] FabledLivid [M]: da fuq flipping actaully worked for me?w 
01:56:00.913 INFO  Minecraft: Guild > [VIP] FabledLivid [M]: that never happens lmfao 
02:00:30.073 INFO  Minecraft:  
02:00:30.084 INFO  Minecraft: [WATCHDOG ANNOUNCEMENT] 
02:00:30.085 INFO  Minecraft: Watchdog has banned 30,263 players in the last 7 days. 
02:00:30.086 INFO  Minecraft: Staff have banned an additional 13,392 in the last 7 days. 
02:00:30.086 INFO  Minecraft: Blacklisted modifications are a bannable offense! 
02:00:30.087 INFO  Minecraft:  
02:10:03.418 INFO  Minecraft: Guild > UnknownShadow124 left. 
02:10:42.184 INFO  Minecraft: Guild > UnknownShadow124 joined. 
02:16:27.740 INFO  Logging in. 
02:16:29.105 INFO  Discord: Logged in. 
02:16:30.933 INFO  Logged in. 
02:16:31.223 INFO  Minecraft:                                       
02:16:31.231 INFO  Minecraft:                           
02:16:31.256 INFO  Minecraft: You found a ✰✰✰✰✰ Mystery Box! 
02:16:34.838 INFO  Minecraft: ----------------------------------------------------- 
02:16:34.841 INFO  Minecraft: Requirements are Skill Avg 23, Cata 23, and 170m net, along 
02:16:34.842 INFO  Minecraft: with 85k gexp a week! Make sure to have fun and contact 
02:16:34.843 INFO  Minecraft: OwOSeal or Smol if you have something to report, or something else to say! 
02:16:34.844 INFO  Minecraft: ----------------------------------------------------- 
02:16:35.940 INFO  Sending to skyblock. 
02:16:37.900 INFO  Minecraft: [MVP+] Boloa319 joined the lobby! 
02:16:37.902 INFO  Sending to skyblock. 
02:16:37.918 INFO  Minecraft: Sending to server mini722S... 
02:16:37.924 INFO  Logged in. 
02:16:37.942 INFO  Minecraft:         
02:16:39.384 INFO  Minecraft: Please don't spam the command! 
02:16:40.147 INFO  Minecraft: You are playing on profile: Zucchini (Co-op) 
02:16:40.587 INFO  Minecraft: You're already sitting on this island! 
02:16:40.747 INFO  Minecraft:  
02:16:40.787 INFO  Minecraft: Welcome to Hypixel SkyBlock! 
02:16:41.569 INFO  Minecraft: You're already sitting on this island! 
02:16:42.937 INFO  Sending to skyblock. 
02:16:43.289 INFO  Minecraft: Cannot join SkyBlock for a moment! (Queue join in cooldown) 
02:16:48.450 INFO  Minecraft: You're already sitting on this island! 
02:22:43.917 INFO  Minecraft: Guild > FabledLivid left. 
02:23:14.230 INFO  Minecraft: Guild > LRBenito joined. 
02:23:24.096 INFO  Minecraft: Guild > UnknownShadow124 left. 
02:23:26.057 INFO  Minecraft: Guild > UnknownShadow124 joined. 
02:25:37.517 INFO  Minecraft: Guild > UnknownShadow124 left. 
02:39:16.665 INFO  Logging in. 
02:39:18.105 INFO  Discord: Logged in. 
02:39:19.900 INFO  Minecraft: ----------------------------------------------------- 
02:39:19.904 INFO  Minecraft: Requirements are Skill Avg 23, Cata 23, and 170m net, along 
02:39:19.905 INFO  Minecraft: with 85k gexp a week! Make sure to have fun and contact 
02:39:19.906 INFO  Minecraft: OwOSeal or Smol if you have something to report, or something else to say! 
02:39:19.907 INFO  Minecraft: ----------------------------------------------------- 
02:39:19.925 INFO  Logged in. 
02:39:20.176 INFO  Minecraft:                                       
02:39:20.184 INFO  Minecraft:                           
02:39:24.149 INFO  Minecraft:  >>> [MVP++] NeoSynths joined the lobby! <<< 
02:39:24.665 INFO  Minecraft: ignLohi found a ✰✰✰✰✰ Mystery Box! 
02:39:24.927 INFO  Sending to skyblock. 
02:39:25.533 INFO  Minecraft: Sending to server mini860W... 
02:39:25.699 INFO  Logged in. 
02:39:25.961 INFO  Minecraft:         
02:39:29.106 INFO  Minecraft: You are playing on profile: Zucchini (Co-op) 
02:39:29.722 INFO  Minecraft:  
02:39:29.723 INFO  Minecraft: Welcome to Hypixel SkyBlock! 
02:39:30.362 INFO  Minecraft: You're already sitting on this island! 
02:39:30.713 INFO  Sending to skyblock. 
02:39:31.072 INFO  Minecraft: Cannot join SkyBlock for a moment! (Queue join in cooldown) 
02:39:36.147 INFO  Minecraft: You're already sitting on this island! 
02:39:46.337 INFO  Minecraft: Friend > SnowedSeal left. 
02:43:03.072 INFO  Minecraft: Friend > SnowedSeal joined. 
02:48:03.914 INFO  Minecraft: Guild > FabledLivid joined. 
02:48:25.016 INFO  Minecraft: Guild > [VIP] FabledLivid [M]: im leaving keksdee 
02:48:31.862 INFO  Minecraft: ----------------------------------------------------- 
02:48:31.865 INFO  Minecraft: [VIP] FabledLivid left the guild! 
02:48:31.866 INFO  Minecraft: ----------------------------------------------------- 
02:48:32.228 INFO  Minecraft: Guild > Minikloons [LS]: We are sorry you had to leave, FabledLivid 
03:11:04.945 INFO  Minecraft: Guild > UnknownShadow124 joined. 
03:16:44.720 INFO  Minecraft: Guild > UnknownShadow124 left. 
03:19:11.852 INFO  Minecraft: Guild > LRBenito left. 
03:19:46.491 INFO  Discord: [💬→︱guild-chat] Gura's Shrimp: smh 
03:19:46.839 INFO  Minecraft: Guild > Minikloons [LS]: Gura'sShrimp» smh 
03:19:53.242 INFO  Discord: [💬→︱guild-chat] Gura's Shrimp: join boreas or bad 
03:19:53.694 INFO  Minecraft: Guild > Minikloons [LS]: Gura'sShrimp» join boreas or bad 
03:25:49.909 INFO  Minecraft: Guild > UnknowAccount joined. 
03:30:28.460 INFO  Minecraft: Guild > UnknownShadow124 joined. 
03:30:54.669 INFO  Discord: [💬→︱guild-chat] Gura's Shrimp: yo guys 
03:30:54.982 INFO  Minecraft: Guild > Minikloons [LS]: Gura'sShrimp» yo guys 
03:30:59.423 INFO  Discord: [💬→︱guild-chat] Gura's Shrimp: join cold lands v2? 
03:30:59.780 INFO  Minecraft: Guild > Minikloons [LS]: Gura'sShrimp» join cold lands v2? 
03:32:04.820 INFO  Minecraft: Guild > UnknownShadow124 left. 
03:35:47.110 INFO  Minecraft: Guild > UnknownShadow124 joined. 
03:37:47.173 INFO  Minecraft: Guild > 5659 joined. 
03:46:39.161 INFO  Minecraft: Guild > UnknownShadow124 left. 
03:47:03.780 INFO  Minecraft: Guild > ASovietDoge joined. 
03:50:35.165 INFO  Minecraft: Friend > SnowedSeal left. 
03:52:49.611 INFO  Minecraft: Guild > LRBenito joined. 
04:00:30.320 INFO  Minecraft:  
04:00:30.323 INFO  Minecraft: [WATCHDOG ANNOUNCEMENT] 
04:00:30.324 INFO  Minecraft: Watchdog has banned 30,245 players in the last 7 days. 
04:00:30.325 INFO  Minecraft: Staff have banned an additional 13,393 in the last 7 days. 
04:00:30.325 INFO  Minecraft: Blacklisted modifications are a bannable offense! 
04:00:30.326 INFO  Minecraft:  
04:14:27.774 INFO  Minecraft: Guild > UnknownShadow124 joined. 
04:25:00.028 INFO  Discord: [💬→︱guild-chat] LS | SnowedSeal: new guild time!!11!!!1 
04:25:00.544 INFO  Minecraft: Guild > Minikloons [LS]: LS| SnowedSeal» new guild time!!11!!!1 
04:25:23.272 INFO  Minecraft: Guild > [VIP] ASovietDoge [CO]: amowogus 
04:27:25.862 INFO  Minecraft: Guild > UnknowAccount left. 
04:33:24.203 INFO  Minecraft: Guild > 5659 left. 
04:35:02.880 INFO  Minecraft: Guild > UnknownShadow124 left. 
04:55:08.071 INFO  Minecraft: Guild > UnknowAccount joined. 
04:55:17.603 INFO  Minecraft: Guild > noteisaqt joined. 
05:01:12.774 INFO  Minecraft: Guild > noteisaqt left. 
05:04:35.140 INFO  Minecraft: Guild > VariableOwO joined. 
05:04:58.963 INFO  Minecraft: Guild > [VIP+] VariableOwO [M]: can I get an invite to new guild 
05:05:06.230 INFO  Minecraft: Guild > VariableOwO left. 
05:05:16.394 INFO  Minecraft: Guild > VariableOwO joined. 
05:05:26.362 INFO  Minecraft: Guild > VariableOwO left. 
05:05:36.973 INFO  Minecraft: Guild > VariableOwO joined. 
05:05:45.943 INFO  Minecraft: ----------------------------------------------------- 
05:05:45.945 INFO  Minecraft: [VIP+] VariableOwO left the guild! 
05:05:45.947 INFO  Minecraft: ----------------------------------------------------- 
05:05:46.296 INFO  Minecraft: Guild > Minikloons [LS]: We are sorry you had to leave, VariableOwO 
05:07:20.247 INFO  Minecraft: Guild > ASovietDoge left. 
05:07:34.861 INFO  Minecraft: Friend > SnowedSeal joined. 
05:08:44.902 INFO  Minecraft: Friend > SnowedSeal left. 
05:10:23.481 INFO  Minecraft: Guild > LRBenito left. 
05:10:31.151 INFO  Minecraft: Guild > LRBenito joined. 
05:24:52.449 INFO  Minecraft: [Important] This server will restart soon: Scheduled Reboot 
05:24:52.453 INFO  Minecraft: You have 60 seconds to warp out! CLICK to warp now! 
05:25:50.507 INFO  Minecraft: Evacuating to Hub... 
05:25:50.602 INFO  Minecraft: Sending to server mini286C... 
05:25:50.672 INFO  Logged in. 
05:25:51.490 INFO  Minecraft:         
05:25:55.679 INFO  Sending to skyblock. 
05:26:05.054 INFO  Minecraft: You are playing on profile: Zucchini (Co-op) 
05:26:07.019 INFO  Minecraft: You are already playing SkyBlock! 
05:26:08.253 INFO  Minecraft: Warping you to your SkyBlock island... 
05:26:08.266 INFO  Minecraft: Sending to server mini262F... 
05:26:08.272 INFO  Logged in. 
05:26:08.506 INFO  Minecraft:         
05:26:11.355 INFO  Minecraft: You are playing on profile: Zucchini (Co-op) 
05:26:13.275 INFO  Sending to skyblock. 
05:26:13.619 INFO  Minecraft: You are already playing SkyBlock! 
05:26:18.669 INFO  Minecraft: You're already sitting on this island! 
06:00:31.636 INFO  Minecraft:  
06:00:31.645 INFO  Minecraft: [WATCHDOG ANNOUNCEMENT] 
06:00:31.646 INFO  Minecraft: Watchdog has banned 30,271 players in the last 7 days. 
06:00:31.647 INFO  Minecraft: Staff have banned an additional 13,368 in the last 7 days. 
06:00:31.648 INFO  Minecraft: Blacklisted modifications are a bannable offense! 
06:00:31.649 INFO  Minecraft:  
06:01:52.815 INFO  Minecraft: Guild > LRBenito left. 
06:01:58.569 INFO  Minecraft: Guild > LRBenito joined. 
06:08:50.005 INFO  Minecraft: Guild > LRBenito left. 
06:08:57.734 INFO  Minecraft: Guild > LRBenito joined. 
06:34:25.737 INFO  Minecraft: Guild > clonzy joined. 
06:59:03.446 INFO  Minecraft: Guild > clonzy left. 
07:06:55.472 INFO  Minecraft: Guild > ASovietDoge joined. 
07:18:04.808 INFO  Minecraft: Guild > ASovietDoge left. 
07:21:56.244 INFO  Minecraft: Guild > ASovietDoge joined. 
07:28:43.291 INFO  Minecraft: Guild > UnknowAccount left. 
07:29:31.957 INFO  Minecraft: [SkyBlock] [MVP+] zewots is visiting Your Island! 
07:30:25.788 INFO  Minecraft: Guild > UnknowAccount joined. 
07:33:13.018 INFO  Minecraft: Guild > ranger4josh joined. 
07:43:58.236 INFO  Minecraft: Guild > ASovietDoge left. 
07:46:38.303 INFO  Minecraft: Guild > ASovietDoge joined. 
08:00:31.751 INFO  Minecraft:  
08:00:31.765 INFO  Minecraft: [WATCHDOG ANNOUNCEMENT] 
08:00:31.767 INFO  Minecraft: Watchdog has banned 30,250 players in the last 7 days. 
08:00:31.767 INFO  Minecraft: Staff have banned an additional 13,384 in the last 7 days. 
08:00:31.768 INFO  Minecraft: Blacklisted modifications are a bannable offense! 
08:00:31.769 INFO  Minecraft:  
08:07:16.432 INFO  Minecraft: Guild > ASovietDoge left. 
08:13:59.281 INFO  Minecraft: Guild > ranger4josh left. 
08:17:01.005 INFO  Minecraft: §C§LSEASON OF JERRY Mount Jerry is going to erupt in 3 days! Go to Jerry's Workshop to save the Jerrys and their Gifts! CLICK HERE to join! 
08:36:02.850 INFO  Minecraft: Friend > SnowedSeal joined. 
08:36:34.092 INFO  Minecraft: Guild > BamBoozledMC joined. 
08:36:43.042 INFO  Minecraft: §C§LSEASON OF JERRY Mount Jerry is going to erupt in 2 days! Go to Jerry's Workshop to save the Jerrys and their Gifts! CLICK HERE to join! 
08:38:14.157 INFO  Minecraft: Guild > BamBoozledMC left. 
08:53:56.934 INFO  Minecraft: Guild > ClovenBob joined. 
08:55:58.874 INFO  Minecraft: Guild > ClovenBob left. 
08:56:21.899 INFO  Minecraft: §C§LSEASON OF JERRY Mount Jerry is going to erupt in 1 day! Go to Jerry's Workshop to save the Jerrys and their Gifts! CLICK HERE to join! 
09:03:19.946 INFO  Minecraft: Friend > SnowedSeal left. 
09:03:44.176 INFO  Minecraft: Friend > SnowedSeal joined. 
09:03:50.124 INFO  Minecraft: Friend > SnowedSeal left. 
09:04:13.342 INFO  Minecraft: Friend > SnowedSeal joined. 
09:04:40.369 INFO  Minecraft: Friend > SnowedSeal left. 
09:16:17.910 INFO  Minecraft: §C§LSEASON OF JERRY Mount Jerry is moments away from erupting! Go to Jerry's Workshop to save the Gifts! CLICK HERE to join! 
09:25:25.394 INFO  Minecraft: Friend > SnowedSeal joined. 
09:46:32.082 INFO  Minecraft: Friend > IdlyChiqken joined. 
09:52:03.376 INFO  Minecraft: Friend > SnowedSeal left. 
09:52:35.448 INFO  Minecraft: Guild > ranger4josh joined. 
09:55:01.005 INFO  Minecraft: The New Year’s Celebration event is starting in 3 days! 
09:56:32.879 INFO  Minecraft: Friend > IdlyChiqken left. 
09:56:37.714 INFO  Minecraft: Friend > IdlyChiqken joined. 
10:00:31.903 INFO  Minecraft:  
10:00:31.907 INFO  Minecraft: [WATCHDOG ANNOUNCEMENT] 
10:00:31.908 INFO  Minecraft: Watchdog has banned 30,224 players in the last 7 days. 
10:00:31.908 INFO  Minecraft: Staff have banned an additional 13,330 in the last 7 days. 
10:00:31.909 INFO  Minecraft: Blacklisted modifications are a bannable offense! 
10:00:31.909 INFO  Minecraft:  
10:07:50.741 INFO  Minecraft: Guild > clonzy joined. 
10:09:09.524 INFO  Discord: [💬→︱guild-chat] LS | SnowedSeal: woo 
10:09:09.863 INFO  Minecraft: Guild > Minikloons [LS]: LS| SnowedSeal» woo 
10:09:13.636 INFO  Discord: [💬→︱guild-chat] LS | SnowedSeal: v2 guild 
10:09:14.140 INFO  Minecraft: Guild > Minikloons [LS]: LS| SnowedSeal» v2 guild 
10:15:00.229 INFO  Minecraft: The New Year’s Celebration event is starting in 2 days! 
10:16:46.258 INFO  Minecraft: Guild > LRBenito left. 
10:16:50.831 INFO  Minecraft: Guild > yKxshi joined. 
10:20:00.701 INFO  Minecraft: Guild > ranger4josh left. 
10:20:53.885 INFO  Minecraft: Guild > UnknowAccount left. 
10:28:13.664 INFO  Minecraft: Guild > yKxshi left. 
10:31:51.955 INFO  Minecraft: Guild > clonzy left. 
10:33:21.146 INFO  Minecraft: Guild > clonzy joined. 
10:35:00.147 INFO  Minecraft: The New Year’s Celebration event is starting in 1 day! 
10:44:53.664 INFO  Minecraft: Friend > IdlyChiqken left. 
10:56:05.534 INFO  Minecraft: Guild > UnknowAccount joined. 
10:56:18.789 INFO  Minecraft: A Event: New Year’s Celebration! A 
10:56:18.792 INFO  Minecraft: Everyone is having a party in the Village! 
10:56:18.793 INFO  Minecraft: Go there and talk to the Baker to get your New Year's Cake! 
10:56:18.794 INFO  Minecraft:  
10:57:16.574 INFO  Minecraft: Guild > UnknowAccount left. 
10:59:38.370 INFO  Minecraft: Friend > IdlyChiqken joined. 
11:04:32.603 INFO  Minecraft: Guild > LRBenito joined. 
11:07:20.412 INFO  Minecraft: Guild > clonzy left. 
11:13:06.500 INFO  Minecraft: Friend > IdlyChiqken left. 
11:16:19.605 INFO  Minecraft: A Event: New Year’s Celebration! A 
11:16:19.607 INFO  Minecraft: Everyone is having a party in the Village! 
11:16:19.608 INFO  Minecraft: Go there and talk to the Baker to get your New Year's Cake! 
11:16:19.609 INFO  Minecraft:  
11:27:00.351 INFO  Minecraft: Guild > ranger4josh joined. 
11:33:12.922 INFO  Minecraft: Guild > TinyHarpSeal joined. 
11:33:16.144 INFO  Minecraft: ----------------------------------------------------- 
11:33:16.154 INFO  Minecraft: [VIP+] TinyHarpSeal left the guild! 
11:33:16.157 INFO  Minecraft: ----------------------------------------------------- 
11:33:16.565 INFO  Minecraft: Guild > Minikloons [LS]: We are sorry you had to leave, TinyHarpSeal 
11:34:34.784 INFO  Minecraft: Guild > LRBenito left. 
11:34:40.528 INFO  Minecraft: Guild > LRBenito joined. 
11:35:28.018 INFO  Minecraft: Guild > LRBenito left. 
11:36:19.275 INFO  Minecraft: A Event: New Year’s Celebration! A 
11:36:19.277 INFO  Minecraft: Everyone is having a party in the Village! 
11:36:19.278 INFO  Minecraft: Go there and talk to the Baker to get your New Year's Cake! 
11:36:19.279 INFO  Minecraft:  
11:38:24.438 INFO  Minecraft: Guild > LRBenito joined. 
12:00:32.071 INFO  Minecraft:  
12:00:32.078 INFO  Minecraft: [WATCHDOG ANNOUNCEMENT] 
12:00:32.079 INFO  Minecraft: Watchdog has banned 30,177 players in the last 7 days. 
12:00:32.080 INFO  Minecraft: Staff have banned an additional 13,332 in the last 7 days. 
12:00:32.080 INFO  Minecraft: Blacklisted modifications are a bannable offense! 
12:00:32.081 INFO  Minecraft:  
12:00:57.129 INFO  Minecraft: Guild > LRBenito left. 
12:08:32.060 INFO  Minecraft: Guild > 3ctooo joined. 
12:09:16.140 INFO  Minecraft: Guild > 3ctooo left. 
12:11:30.428 INFO  Minecraft: Guild > ranger4josh left. 
12:11:36.553 INFO  Minecraft: Guild > ranger4josh joined. 
12:11:49.551 INFO  Minecraft: Guild > ranger4josh left. 
12:56:58.045 INFO  Minecraft: Guild > SwagMonkey420 joined. 
13:03:55.297 INFO  Minecraft: Guild > SwagMonkey420 left. 
13:12:18.481 INFO  Minecraft: Guild > ASovietDoge joined. 
13:19:33.901 INFO  Minecraft: Guild > BamBoozledMC joined. 
13:21:51.553 INFO  Minecraft: Guild > ASovietDoge left. 
13:42:58.231 INFO  Minecraft: Guild > LRBenito joined. 
13:43:12.323 INFO  Minecraft: Guild > ranger4josh joined. 
13:52:38.021 INFO  Minecraft: Guild > LRBenito left. 
13:53:29.459 INFO  Minecraft: BamBoozledMC joined SkyBlock. 
13:58:28.617 INFO  Minecraft: Guild > BamBoozledMC left. 
14:00:32.210 INFO  Minecraft:  
14:00:32.212 INFO  Minecraft: [WATCHDOG ANNOUNCEMENT] 
14:00:32.214 INFO  Minecraft: Watchdog has banned 29,878 players in the last 7 days. 
14:00:32.215 INFO  Minecraft: Staff have banned an additional 13,347 in the last 7 days. 
14:00:32.215 INFO  Minecraft: Blacklisted modifications are a bannable offense! 
14:00:32.216 INFO  Minecraft:  
14:12:22.586 INFO  Minecraft: Guild > ranger4josh left. 
14:18:35.577 INFO  Minecraft: Guild > LRBenito joined. 
14:30:30.190 INFO  Minecraft: Guild > LRBenito left. 
14:30:38.133 INFO  Minecraft: Guild > LRBenito joined. 
14:44:31.226 INFO  Discord: [💬→︱guild-chat] LS | SnowedSeal: okay 
14:44:31.559 INFO  Minecraft: Guild > Minikloons [LS]: LS| SnowedSeal» okay 
15:01:29.734 INFO  Minecraft: Guild > Pizzas_faces joined. 
15:07:05.398 INFO  Minecraft: Guild > Pizzas_faces left. 
15:11:00.530 INFO  Minecraft: [Important] This server will restart soon: Scheduled Reboot 
15:11:00.570 INFO  Minecraft: You have 60 seconds to warp out! CLICK to warp now! 
15:11:58.659 INFO  Minecraft: Evacuating to Hub... 
15:11:58.754 INFO  Minecraft: Sending to server mini332E... 
15:11:58.829 INFO  Logged in. 
15:11:59.249 INFO  Minecraft:         
15:12:02.989 INFO  Minecraft: You are playing on profile: Zucchini (Co-op) 
15:12:03.404 INFO  Minecraft: ALLOWANCE! You earned 50,000 coins! 
15:12:03.838 INFO  Sending to skyblock. 
15:12:04.160 INFO  Minecraft: You are already playing SkyBlock! 
15:12:09.196 INFO  Minecraft: Warping you to your SkyBlock island... 
15:12:09.463 INFO  Minecraft: Sending to server mini284T... 
15:12:09.599 INFO  Logged in. 
15:12:09.850 INFO  Minecraft:         
15:12:12.985 INFO  Minecraft: You are playing on profile: Zucchini (Co-op) 
15:12:14.611 INFO  Sending to skyblock. 
15:12:14.942 INFO  Minecraft: You are already playing SkyBlock! 
15:12:19.985 INFO  Minecraft: You're already sitting on this island! 
15:51:30.528 INFO  Minecraft: Guild > LRBenito left. 
15:51:36.347 INFO  Minecraft: Guild > LRBenito joined. 
15:55:27.307 INFO  Minecraft: Guild > LRBenito left. 
16:00:32.364 INFO  Minecraft:  
16:00:32.373 INFO  Minecraft: [WATCHDOG ANNOUNCEMENT] 
16:00:32.374 INFO  Minecraft: Watchdog has banned 29,818 players in the last 7 days. 
16:00:32.374 INFO  Minecraft: Staff have banned an additional 13,396 in the last 7 days. 
16:00:32.375 INFO  Minecraft: Blacklisted modifications are a bannable offense! 
16:00:32.376 INFO  Minecraft:  
16:34:19.383 INFO  Minecraft: Guild > ranger4josh joined. 
17:00:27.205 INFO  Logging in. 
17:00:29.244 INFO  Discord: Logged in. 
17:00:30.403 INFO  Logged in. 
17:00:30.691 INFO  Minecraft:                                       
17:00:30.698 INFO  Minecraft:                           
17:00:30.721 INFO  Minecraft: You found a ✰✰✰✰✰ Mystery Box! 
17:00:32.086 INFO  Minecraft: ----------------------------------------------------- 
17:00:32.088 INFO  Minecraft: Requirements are Skill Avg 23, Cata 23, and 170m net, along 
17:00:32.089 INFO  Minecraft: with 85k gexp a week! Make sure to have fun and contact 
17:00:32.090 INFO  Minecraft: OwOSeal or Smol if you have something to report, or something else to say! 
17:00:32.090 INFO  Minecraft: ----------------------------------------------------- 
17:00:35.414 INFO  Sending to skyblock. 
17:00:35.945 INFO  Minecraft: Sending to server mini596S... 
17:00:36.098 INFO  Logged in. 
17:00:36.359 INFO  Minecraft:         
17:00:39.572 INFO  Minecraft: You are playing on profile: Zucchini (Co-op) 
17:00:40.132 INFO  Minecraft:  
17:00:40.136 INFO  Minecraft: Welcome to Hypixel SkyBlock! 
17:00:40.794 INFO  Minecraft: You're already sitting on this island! 
17:00:41.109 INFO  Sending to skyblock. 
17:00:41.471 INFO  Minecraft: Cannot join SkyBlock for a moment! (Queue join in cooldown) 
17:00:46.483 INFO  Minecraft: You're already sitting on this island! 
17:12:40.712 INFO  Minecraft: Guild > clonzy joined. 
17:20:54.075 INFO  Minecraft: Guild > clonzy left. 
17:34:22.400 INFO  Minecraft: Guild > ranger4josh left. 
18:00:32.534 INFO  Minecraft:  
18:00:32.548 INFO  Minecraft: [WATCHDOG ANNOUNCEMENT] 
18:00:32.549 INFO  Minecraft: Watchdog has banned 29,856 players in the last 7 days. 
18:00:32.549 INFO  Minecraft: Staff have banned an additional 13,374 in the last 7 days. 
18:00:32.550 INFO  Minecraft: Blacklisted modifications are a bannable offense! 
18:00:32.551 INFO  Minecraft:  
18:14:18.761 INFO  Logging in. 
18:14:20.209 INFO  Discord: Logged in. 
18:14:21.301 INFO  Logged in. 
18:14:21.512 INFO  Minecraft:                                       
18:14:21.588 INFO  Minecraft:                           
18:14:21.886 INFO  Minecraft: You found a ✰✰✰✰✰ Mystery Box! 
18:14:22.487 INFO  Minecraft: ----------------------------------------------------- 
18:14:22.489 INFO  Minecraft: Requirements are Skill Avg 23, Cata 23, and 170m net, along 
18:14:22.490 INFO  Minecraft: with 85k gexp a week! Make sure to have fun and contact 
18:14:22.491 INFO  Minecraft: OwOSeal or Smol if you have something to report, or something else to say! 
18:14:22.492 INFO  Minecraft: ----------------------------------------------------- 
18:14:26.311 INFO  Sending to skyblock. 
18:14:27.248 INFO  Minecraft: Sending to server mini888W... 
18:14:27.627 INFO  Logged in. 
18:14:27.920 INFO  Minecraft:         
18:14:30.671 INFO  Minecraft: You are playing on profile: Zucchini (Co-op) 
18:14:31.272 INFO  Minecraft:  
18:14:31.274 INFO  Minecraft: Welcome to Hypixel SkyBlock! 
18:14:31.685 INFO  Minecraft: You're already sitting on this island! 
18:14:32.628 INFO  Sending to skyblock. 
18:14:32.957 INFO  Minecraft: Cannot join SkyBlock for a moment! (Queue join in cooldown) 
18:14:38.229 INFO  Minecraft: You're already sitting on this island! 
18:36:40.705 INFO  Logging in. 
18:36:42.179 INFO  Discord: Logged in. 
18:36:43.501 INFO  Minecraft: ----------------------------------------------------- 
18:36:43.504 INFO  Minecraft: Requirements are Skill Avg 23, Cata 23, and 170m net, along 
18:36:43.506 INFO  Minecraft: with 85k gexp a week! Make sure to have fun and contact 
18:36:43.507 INFO  Minecraft: OwOSeal or Smol if you have something to report, or something else to say! 
18:36:43.508 INFO  Minecraft: ----------------------------------------------------- 
18:36:43.526 INFO  Logged in. 
18:36:43.804 INFO  Minecraft:                                       
18:36:43.812 INFO  Minecraft:                           
18:36:48.526 INFO  Sending to skyblock. 
18:36:49.054 INFO  Minecraft: Sending to server mini422R... 
18:36:49.170 INFO  Logged in. 
18:36:49.434 INFO  Minecraft:         
18:36:52.629 INFO  Minecraft: You are playing on profile: Zucchini (Co-op) 
18:36:53.202 INFO  Minecraft:  
18:36:53.204 INFO  Minecraft: Welcome to Hypixel SkyBlock! 
18:36:53.902 INFO  Minecraft: You're already sitting on this island! 
18:36:54.180 INFO  Sending to skyblock. 
18:36:54.502 INFO  Minecraft: Cannot join SkyBlock for a moment! (Queue join in cooldown) 
18:36:59.554 INFO  Minecraft: You're already sitting on this island! 
18:56:01.335 INFO  Minecraft: Guild > ranger4josh joined. 
19:21:14.486 INFO  Minecraft: Friend > IdlyChiqken joined. 
19:22:02.469 INFO  Minecraft: Friend > IdlyChiqken left. 
19:22:06.467 INFO  Minecraft: Friend > IdlyChiqken joined. 
19:22:07.313 INFO  Minecraft: Guild > ranger4josh left. 
19:23:19.424 INFO  Minecraft: Friend > IdlyChiqken left. 
19:44:39.376 INFO  Minecraft: Friend > IdlyChiqken joined. 
20:00:32.700 INFO  Minecraft:  
20:00:32.703 INFO  Minecraft: [WATCHDOG ANNOUNCEMENT] 
20:00:32.704 INFO  Minecraft: Watchdog has banned 29,923 players in the last 7 days. 
20:00:32.705 INFO  Minecraft: Staff have banned an additional 13,426 in the last 7 days. 
20:00:32.706 INFO  Minecraft: Blacklisted modifications are a bannable offense! 
20:00:32.707 INFO  Minecraft:  
20:13:32.078 INFO  Minecraft: Guild > UnknowAccount joined. 
20:20:27.769 INFO  Discord: [💬→︱guild-chat] Member | IdlyChiqken: Imagine still being in cold lands 
20:20:28.107 INFO  Minecraft: Guild > Minikloons [LS]: Member| IdlyChiqken» Imagine still being in cold lands 
20:20:32.091 INFO  Discord: [💬→︱guild-chat] Member | IdlyChiqken: and not in cold lands v2 
20:20:32.459 INFO  Minecraft: Guild > Minikloons [LS]: Member| IdlyChiqken» and not in cold lands v2 
20:20:37.468 INFO  Discord: [💬→︱guild-chat] Member | IdlyChiqken: smh 
20:20:37.803 INFO  Minecraft: Guild > Minikloons [LS]: Member| IdlyChiqken» smh 
20:50:37.608 INFO  Minecraft: Guild > ranger4josh joined. 
20:52:11.775 INFO  Minecraft: Guild > BamBoozledMC joined. 
20:52:18.836 INFO  Minecraft: Guild > BamBoozledMC left. 
20:52:32.781 INFO  Minecraft: Guild > BamBoozledMC joined. 
20:52:47.218 INFO  Minecraft: BamBoozledMC left SkyBlock. 
21:05:30.905 INFO  Minecraft:  
21:05:30.907 INFO  Minecraft: ----------------------------------------------------- 
21:05:30.909 INFO  Minecraft:  
21:05:30.910 INFO  Minecraft:                  GUILD QUEST TIER 1 COMPLETED! 
21:05:30.910 INFO  Minecraft:  
21:05:30.911 INFO  Minecraft:     The guild has completed Tier 1 of this week's Guild Quest! 
21:05:30.912 INFO  Minecraft:                          +50000 Guild Experience 
21:05:30.912 INFO  Minecraft:  
21:05:30.913 INFO  Minecraft: ----------------------------------------------------- 
21:06:24.978 INFO  Minecraft: Guild > BamBoozledMC left. 
21:22:50.960 INFO  Minecraft: Guild > ranger4josh left. 
22:00:32.873 INFO  Minecraft:  
22:00:32.883 INFO  Minecraft: [WATCHDOG ANNOUNCEMENT] 
22:00:32.884 INFO  Minecraft: Watchdog has banned 29,974 players in the last 7 days. 
22:00:32.885 INFO  Minecraft: Staff have banned an additional 13,514 in the last 7 days. 
22:00:32.886 INFO  Minecraft: Blacklisted modifications are a bannable offense! 
22:00:32.886 INFO  Minecraft:  
22:43:20.283 INFO  Minecraft: Guild > UnknowAccount left. 
23:00:48.382 INFO  Minecraft: Guild > UnknowAccount joined. 
23:06:52.418 INFO  Discord: [💬→︱guild-chat] Member | IdlyChiqken: Funky friday 
23:06:52.758 INFO  Minecraft: Guild > Minikloons [LS]: Member| IdlyChiqken» Funky friday 
23:10:31.243 INFO  Minecraft: Friend > IdlyChiqken left. 
00:00:33.049 INFO  Minecraft:  
00:00:33.059 INFO  Minecraft: [WATCHDOG ANNOUNCEMENT] 
00:00:33.060 INFO  Minecraft: Watchdog has banned 29,921 players in the last 7 days. 
00:00:33.060 INFO  Minecraft: Staff have banned an additional 13,535 in the last 7 days. 
00:00:33.061 INFO  Minecraft: Blacklisted modifications are a bannable offense! 
00:00:33.062 INFO  Minecraft:  

