07:55:03.982 INFO  Logging in. 
07:55:05.868 INFO  Discord: Logged in. 
07:55:07.381 INFO  Logged in. 
07:55:07.592 INFO  Minecraft:                                       
07:55:07.602 INFO  Minecraft:                           
07:55:09.061 INFO  Minecraft: ----------------------------------------------------- 
07:55:09.063 INFO  Minecraft: Requirements are Skill Avg 23, Cata 23, and 170m net, along 
07:55:09.063 INFO  Minecraft: with 85k gexp a week! Make sure to have fun and contact 
07:55:09.064 INFO  Minecraft: OwOSeal or Smol if you have something to report, or something else to say! 
07:55:09.064 INFO  Minecraft: ----------------------------------------------------- 
07:55:12.392 INFO  Sending to skyblock. 
07:55:12.852 INFO  Minecraft: Sending to server mini476B... 
07:55:13.253 INFO  Logged in. 
07:55:13.564 INFO  Minecraft:         
07:55:17.068 INFO  Minecraft: You are playing on profile: Zucchini (Co-op) 
07:55:17.433 INFO  Minecraft:  
07:55:17.462 INFO  Minecraft: Welcome to Hypixel SkyBlock! 
07:55:17.838 INFO  Minecraft: You're already sitting on this island! 
07:55:18.374 INFO  Sending to skyblock. 
07:55:18.878 INFO  Minecraft: Cannot join SkyBlock for a moment! (Queue join in cooldown) 
07:55:23.866 INFO  Minecraft: You're already sitting on this island! 
08:00:01.678 INFO  Minecraft:  
08:00:01.681 INFO  Minecraft: [WATCHDOG ANNOUNCEMENT] 
08:00:01.682 INFO  Minecraft: Watchdog has banned 34,046 players in the last 7 days. 
08:00:01.682 INFO  Minecraft: Staff have banned an additional 12,934 in the last 7 days. 
08:00:01.682 INFO  Minecraft: Blacklisted modifications are a bannable offense! 
08:00:01.683 INFO  Minecraft:  
08:07:26.030 INFO  Logging in. 
08:07:27.674 INFO  Discord: Logged in. 
08:07:28.518 INFO  Logged in. 
08:07:28.762 INFO  Minecraft:                                       
08:07:28.788 INFO  Minecraft:                           
08:07:30.786 INFO  Minecraft: ----------------------------------------------------- 
08:07:30.789 INFO  Minecraft: Requirements are Skill Avg 23, Cata 23, and 170m net, along 
08:07:30.790 INFO  Minecraft: with 85k gexp a week! Make sure to have fun and contact 
08:07:30.790 INFO  Minecraft: OwOSeal or Smol if you have something to report, or something else to say! 
08:07:30.791 INFO  Minecraft: ----------------------------------------------------- 
08:07:33.520 INFO  Sending to skyblock. 
08:07:34.012 INFO  Minecraft: Sending to server mini77W... 
08:07:34.137 INFO  Logged in. 
08:07:34.384 INFO  Minecraft:         
08:07:37.564 INFO  Minecraft: You are playing on profile: Zucchini (Co-op) 
08:07:38.164 INFO  Minecraft:  
08:07:38.166 INFO  Minecraft: Welcome to Hypixel SkyBlock! 
08:07:38.951 INFO  Minecraft: You're already sitting on this island! 
08:07:39.152 INFO  Sending to skyblock. 
08:07:39.472 INFO  Minecraft: Cannot join SkyBlock for a moment! (Queue join in cooldown) 
08:07:44.539 INFO  Minecraft: You're already sitting on this island! 
08:32:55.824 INFO  Minecraft: Guild > BamBoozledMC joined. 
08:34:21.268 INFO  Minecraft: [SkyBlock] [MVP+] Adversityy is visiting Your Island! 
08:38:05.241 INFO  Minecraft: Friend > SnowedSeal joined. 
08:39:43.253 INFO  Minecraft: BamBoozledMC joined SkyBlock. 
08:40:28.256 INFO  Minecraft: BamBoozledMC joined SkyBlock. 
08:43:34.789 INFO  Minecraft: [Important] This server will restart soon: For a game update 
08:43:34.793 INFO  Minecraft: You have 30 seconds to warp out! CLICK to warp now! 
08:43:37.286 INFO  Minecraft: BamBoozledMC left SkyBlock. 
08:44:02.831 INFO  Minecraft: Evacuating to Hub... 
08:44:03.053 INFO  Minecraft: Sending to server mini375S... 
08:44:03.172 INFO  Logged in. 
08:44:03.442 INFO  Minecraft:         
08:44:06.618 INFO  Minecraft: You are playing on profile: Zucchini (Co-op) 
08:44:08.174 INFO  Sending to skyblock. 
08:44:08.495 INFO  Minecraft: You are already playing SkyBlock! 
08:44:13.684 INFO  Minecraft: Warping you to your SkyBlock island... 
08:44:13.877 INFO  Minecraft: Sending to server mini882S... 
08:44:14.018 INFO  Logged in. 
08:44:14.352 INFO  Minecraft:         
08:44:17.442 INFO  Minecraft: You are playing on profile: Zucchini (Co-op) 
08:44:19.027 INFO  Sending to skyblock. 
08:44:19.352 INFO  Minecraft: You are already playing SkyBlock! 
08:44:24.383 INFO  Minecraft: You're already sitting on this island! 
08:45:00.859 INFO  Minecraft: Guild > UnknowAccount left. 
08:50:53.970 INFO  Minecraft: Guild > BamBoozledMC left. 
08:55:03.789 INFO  Minecraft: Guild > NucOps06 left. 
09:05:31.741 INFO  Minecraft: [Important] This server will restart soon: For a game update 
09:05:31.781 INFO  Minecraft: You have 30 seconds to warp out! CLICK to warp now! 
09:05:59.881 INFO  Minecraft: Evacuating to Hub... 
09:05:59.952 INFO  Minecraft: Sending to server mini372S... 
09:06:00.048 INFO  Logged in. 
09:06:00.402 INFO  Minecraft:         
09:06:05.051 INFO  Sending to skyblock. 
09:06:07.405 INFO  Minecraft: You are playing on profile: Zucchini (Co-op) 
09:06:08.098 INFO  Minecraft: You are already playing SkyBlock! 
09:06:10.438 INFO  Minecraft: Warping you to your SkyBlock island... 
09:06:10.733 INFO  Minecraft: Sending to server mini657Q... 
09:06:10.836 INFO  Logged in. 
09:06:11.171 INFO  Minecraft:         
09:06:14.272 INFO  Minecraft: You are playing on profile: Zucchini (Co-op) 
09:06:15.837 INFO  Sending to skyblock. 
09:06:16.157 INFO  Minecraft: You are already playing SkyBlock! 
09:06:21.263 INFO  Minecraft: You're already sitting on this island! 
09:08:15.522 INFO  Minecraft: Guild > NucOps06 joined. 
09:08:53.650 INFO  Discord: [💬→︱guild-chat] Gura's Shrimp: ded chat 
09:08:54.002 INFO  Minecraft: Guild > Minikloons [LS]: Gura'sShrimp» ded chat 
09:32:52.935 INFO  Minecraft: Friend > SnowedSeal left. 
09:56:48.237 INFO  Minecraft: Guild > ranger4josh joined. 
10:00:01.890 INFO  Minecraft:  
10:00:01.898 INFO  Minecraft: [WATCHDOG ANNOUNCEMENT] 
10:00:01.898 INFO  Minecraft: Watchdog has banned 34,216 players in the last 7 days. 
10:00:01.899 INFO  Minecraft: Staff have banned an additional 13,101 in the last 7 days. 
10:00:01.900 INFO  Minecraft: Blacklisted modifications are a bannable offense! 
10:00:01.900 INFO  Minecraft:  
10:03:59.188 INFO  Minecraft: Friend > SnowedSeal joined. 
10:29:19.132 INFO  Minecraft: Guild > NucOps06 left. 
10:30:04.541 INFO  Minecraft: Guild > NucOps06 joined. 
10:35:14.448 INFO  Minecraft: Guild > ranger4josh left. 
10:39:42.791 INFO  Minecraft: Guild > NucOps06 left. 
10:39:47.624 INFO  Minecraft: Guild > NucOps06 joined. 
10:58:07.319 INFO  Minecraft: Friend > SnowedSeal left. 
11:40:30.793 INFO  Minecraft: [Important] This server will restart soon: For a game update 
11:40:30.814 INFO  Minecraft: You have 30 seconds to warp out! CLICK to warp now! 
11:40:58.857 INFO  Minecraft: Evacuating to Hub... 
11:40:59.030 INFO  Minecraft: Sending to server mini543J... 
11:40:59.182 INFO  Logged in. 
11:40:59.687 INFO  Minecraft:         
11:41:03.516 INFO  Minecraft: You are playing on profile: Zucchini (Co-op) 
11:41:04.189 INFO  Sending to skyblock. 
11:41:04.544 INFO  Minecraft: You are already playing SkyBlock! 
11:41:09.577 INFO  Minecraft: Warping you to your SkyBlock island... 
11:41:09.798 INFO  Minecraft: Sending to server mini131T... 
11:41:09.867 INFO  Logged in. 
11:41:10.168 INFO  Minecraft:         
11:41:13.351 INFO  Minecraft: You are playing on profile: Zucchini (Co-op) 
11:41:14.871 INFO  Sending to skyblock. 
11:41:15.208 INFO  Minecraft: You are already playing SkyBlock! 
11:41:16.343 INFO  Minecraft: Guild > ranger4josh joined. 
11:41:20.225 INFO  Minecraft: You're already sitting on this island! 
11:43:39.799 INFO  Minecraft: [Important] This server will restart soon: For a game update 
11:43:39.812 INFO  Minecraft: You have 30 seconds to warp out! CLICK to warp now! 
11:44:07.820 INFO  Minecraft: Evacuating to Hub... 
11:44:07.897 INFO  Minecraft: Sending to server mega72B... 
11:44:08.031 INFO  Logged in. 
11:44:08.331 INFO  Minecraft:         
11:44:09.931 INFO  Minecraft: [VIP] Bannble: what ur twitch 
11:44:10.124 INFO  Minecraft: [VIP] QuietTie8859408: bruh 
11:44:11.567 INFO  Minecraft: You are playing on profile: Zucchini (Co-op) 
11:44:13.026 INFO  Minecraft: [MVP+] daedalus_green: giving away ASPECT OF UR MOM for whoever bids the highest on my ah!!!!!! 
11:44:13.041 INFO  Sending to skyblock. 
11:44:13.379 INFO  Minecraft: You are already playing SkyBlock! 
11:44:18.006 INFO  Minecraft: [VIP] xastoria_: xastoria_ 
11:44:18.255 INFO  Minecraft: [VIP] QuietTie8859408: thx you so much oxoxoxoxoxox 
11:44:18.590 INFO  Minecraft: Warping you to your SkyBlock island... 
11:44:18.594 INFO  Minecraft: [MVP++] PikleNik: AWESOME FLIP on my ah! Ending in less than 5 mins! .AH Piklenik! (over 4m of profit!) 
11:44:18.683 INFO  Minecraft: [MVP] TheMilkMan85785: wat 
11:44:18.844 INFO  Minecraft: Sending to server mini653W... 
11:44:18.964 INFO  Logged in. 
11:44:19.332 INFO  Minecraft:         
11:44:23.069 INFO  Minecraft: You are playing on profile: Zucchini (Co-op) 
11:44:23.974 INFO  Sending to skyblock. 
11:44:24.303 INFO  Minecraft: You are already playing SkyBlock! 
11:44:29.385 INFO  Minecraft: You're already sitting on this island! 
11:50:17.914 INFO  Minecraft: Guild > NucOps06 left. 
12:00:02.054 INFO  Minecraft:  
12:00:02.065 INFO  Minecraft: [WATCHDOG ANNOUNCEMENT] 
12:00:02.066 INFO  Minecraft: Watchdog has banned 34,864 players in the last 7 days. 
12:00:02.067 INFO  Minecraft: Staff have banned an additional 13,156 in the last 7 days. 
12:00:02.067 INFO  Minecraft: Blacklisted modifications are a bannable offense! 
12:00:02.068 INFO  Minecraft:  
12:12:41.324 INFO  Minecraft: Guild > NucOps06 joined. 
12:13:04.281 INFO  Minecraft: ----------------------------------------------------- 
12:13:04.285 INFO  Minecraft: [MVP+] ranger4josh left the guild! 
12:13:04.288 INFO  Minecraft: ----------------------------------------------------- 
12:13:04.931 INFO  Minecraft: Guild > Minikloons [LS]: We are sorry you had to leave, ranger4josh 
12:41:28.458 INFO  Minecraft: Friend > SnowedSeal joined. 
13:01:14.462 INFO  Minecraft: ----------------------------------------------------- 
13:01:14.472 INFO  Minecraft: You have just received 174,715 coins as interest in your co-op bank account! 
13:01:14.473 INFO  Minecraft: ----------------------------------------------------- 
13:02:43.182 INFO  Minecraft: Guild > NucOps06 left. 
13:02:56.961 INFO  Minecraft: The Traveling Zoo is visiting the SkyBlock Hub! 
13:02:56.966 INFO  Minecraft: CLICK HERE to shop for exotic pets! 
13:38:09.698 INFO  Logging in. 
13:38:11.139 INFO  Discord: Logged in. 
13:38:12.755 INFO  Logged in. 
13:38:13.040 INFO  Minecraft:                                       
13:38:13.047 INFO  Minecraft:                           
13:38:13.716 INFO  Minecraft: ----------------------------------------------------- 
13:38:13.717 INFO  Minecraft: Requirements are Skill Avg 23, Cata 23, and 170m net, along 
13:38:13.718 INFO  Minecraft: with 85k gexp a week! Make sure to have fun and contact 
13:38:13.719 INFO  Minecraft: OwOSeal or Smol if you have something to report, or something else to say! 
13:38:13.719 INFO  Minecraft: ----------------------------------------------------- 
13:38:17.761 INFO  Sending to skyblock. 
13:38:18.265 INFO  Minecraft: Sending to server mini694S... 
13:38:18.422 INFO  Logged in. 
13:38:18.679 INFO  Minecraft:         
13:38:21.838 INFO  Minecraft: You are playing on profile: Zucchini (Co-op) 
13:38:22.453 INFO  Minecraft:  
13:38:22.454 INFO  Minecraft: Welcome to Hypixel SkyBlock! 
13:38:23.172 INFO  Minecraft: You're already sitting on this island! 
13:38:23.456 INFO  Sending to skyblock. 
13:38:23.816 INFO  Minecraft: Cannot join SkyBlock for a moment! (Queue join in cooldown) 
13:38:28.878 INFO  Minecraft: You're already sitting on this island! 
13:40:03.250 INFO  Minecraft: Friend > SnowedSeal left. 
14:00:02.251 INFO  Minecraft:  
14:00:02.267 INFO  Minecraft: [WATCHDOG ANNOUNCEMENT] 
14:00:02.268 INFO  Minecraft: Watchdog has banned 35,102 players in the last 7 days. 
14:00:02.269 INFO  Minecraft: Staff have banned an additional 13,166 in the last 7 days. 
14:00:02.269 INFO  Minecraft: Blacklisted modifications are a bannable offense! 
14:00:02.270 INFO  Minecraft:  
16:00:02.421 INFO  Minecraft:  
16:00:02.440 INFO  Minecraft: [WATCHDOG ANNOUNCEMENT] 
16:00:02.441 INFO  Minecraft: Watchdog has banned 35,430 players in the last 7 days. 
16:00:02.442 INFO  Minecraft: Staff have banned an additional 13,198 in the last 7 days. 
16:00:02.442 INFO  Minecraft: Blacklisted modifications are a bannable offense! 
16:00:02.443 INFO  Minecraft:  
