00:16:51.340 INFO  Minecraft: Guild > NucOps06 left. 
00:17:49.911 INFO  Minecraft: Guild > oSnapItsWalter joined. 
00:31:14.215 INFO  Logging in. 
00:31:15.838 INFO  Discord: Logged in. 
00:31:16.738 INFO  Logged in. 
00:31:16.947 INFO  Minecraft:                                       
00:31:16.954 INFO  Minecraft:                           
00:31:18.562 INFO  Minecraft: ----------------------------------------------------- 
00:31:18.564 INFO  Minecraft: Requirements are Skill Avg 23, Cata 23, and 170m net, along 
00:31:18.565 INFO  Minecraft: with 85k gexp a week! Make sure to have fun and contact 
00:31:18.565 INFO  Minecraft: OwOSeal or Smol if you have something to report, or something else to say! 
00:31:18.566 INFO  Minecraft: ----------------------------------------------------- 
00:31:21.748 INFO  Sending to skyblock. 
00:31:22.206 INFO  Minecraft: Sending to server mini11A... 
00:31:22.358 INFO  Logged in. 
00:31:22.637 INFO  Minecraft:         
00:31:25.764 INFO  Minecraft: You are playing on profile: Zucchini (Co-op) 
00:31:26.403 INFO  Minecraft:  
00:31:26.404 INFO  Minecraft: Welcome to Hypixel SkyBlock! 
00:31:27.064 INFO  Minecraft: You're already sitting on this island! 
00:31:27.364 INFO  Sending to skyblock. 
00:31:27.658 INFO  Minecraft: Cannot join SkyBlock for a moment! (Queue join in cooldown) 
00:31:32.682 INFO  Minecraft: You're already sitting on this island! 
00:31:55.326 INFO  Minecraft: Guild > NucOps06 joined. 
00:32:33.379 INFO  Minecraft: Guild > NucOps06 left. 
00:47:19.748 INFO  Minecraft: Guild > UnknownShadow124 joined. 
01:02:42.776 INFO  Logging in. 
01:02:44.166 INFO  Discord: Logged in. 
01:02:45.079 INFO  Logged in. 
01:02:45.294 INFO  Minecraft:                                       
01:02:45.306 INFO  Minecraft:                           
01:02:45.659 INFO  Minecraft: ----------------------------------------------------- 
01:02:45.661 INFO  Minecraft: Requirements are Skill Avg 23, Cata 23, and 170m net, along 
01:02:45.662 INFO  Minecraft: with 85k gexp a week! Make sure to have fun and contact 
01:02:45.663 INFO  Minecraft: OwOSeal or Smol if you have something to report, or something else to say! 
01:02:45.664 INFO  Minecraft: ----------------------------------------------------- 
01:02:50.084 INFO  Sending to skyblock. 
01:02:50.560 INFO  Minecraft: Sending to server mini686D... 
01:02:50.669 INFO  Logged in. 
01:02:50.936 INFO  Minecraft:         
01:02:54.692 INFO  Minecraft: You are playing on profile: Zucchini (Co-op) 
01:02:54.879 INFO  Minecraft:  
01:02:54.881 INFO  Minecraft: Welcome to Hypixel SkyBlock! 
01:02:55.415 INFO  Minecraft: You're already sitting on this island! 
01:02:55.673 INFO  Sending to skyblock. 
01:02:55.917 INFO  Minecraft: Cannot join SkyBlock for a moment! (Queue join in cooldown) 
01:03:00.966 INFO  Minecraft: You're already sitting on this island! 
01:21:13.723 INFO  Logging in. 
01:21:15.121 INFO  Discord: Logged in. 
01:21:16.154 INFO  Logged in. 
01:21:16.356 INFO  Minecraft:                                       
01:21:16.363 INFO  Minecraft:                           
01:21:16.556 INFO  Minecraft: ----------------------------------------------------- 
01:21:16.557 INFO  Minecraft: Requirements are Skill Avg 23, Cata 23, and 170m net, along 
01:21:16.558 INFO  Minecraft: with 85k gexp a week! Make sure to have fun and contact 
01:21:16.559 INFO  Minecraft: OwOSeal or Smol if you have something to report, or something else to say! 
01:21:16.560 INFO  Minecraft: ----------------------------------------------------- 
01:21:21.337 INFO  Sending to skyblock. 
01:21:22.296 INFO  Minecraft: [MVP+] Kampfpo joined the lobby! 
01:21:22.298 INFO  Sending to skyblock. 
01:21:22.590 INFO  Minecraft: [MVP+] The_soul_hunter: Do /visit the_soul_hunter and warp to PVPRELAX for a massive pvp with people (You can build in there!) 
01:21:22.649 INFO  Minecraft: Sending to server mini166A... 
01:21:22.659 INFO  Logged in. 
01:21:22.678 INFO  Minecraft:         
01:21:23.213 INFO  Minecraft: Please don't spam the command! 
01:21:24.607 INFO  Minecraft: You're already sitting on this island! 
01:21:25.345 INFO  Minecraft: You are playing on profile: Zucchini (Co-op) 
01:21:25.977 INFO  Minecraft:  
01:21:25.979 INFO  Minecraft: Welcome to Hypixel SkyBlock! 
01:21:26.676 INFO  Minecraft: You're already sitting on this island! 
01:21:27.660 INFO  Sending to skyblock. 
01:21:27.911 INFO  Minecraft: Cannot join SkyBlock for a moment! (Queue join in cooldown) 
01:21:32.946 INFO  Minecraft: You're already sitting on this island! 
01:46:44.726 INFO  Logging in. 
01:46:46.146 INFO  Discord: Logged in. 
01:46:47.673 INFO  Logged in. 
01:46:47.818 INFO  Minecraft:                                       
01:46:47.869 INFO  Minecraft:                           
01:46:49.064 INFO  Minecraft: ----------------------------------------------------- 
01:46:49.066 INFO  Minecraft: Requirements are Skill Avg 23, Cata 23, and 170m net, along 
01:46:49.067 INFO  Minecraft: with 85k gexp a week! Make sure to have fun and contact 
01:46:49.067 INFO  Minecraft: OwOSeal or Smol if you have something to report, or something else to say! 
01:46:49.068 INFO  Minecraft: ----------------------------------------------------- 
01:46:52.676 INFO  Sending to skyblock. 
01:46:53.115 INFO  Minecraft: Sending to server mini794B... 
01:46:53.283 INFO  Logged in. 
01:46:53.611 INFO  Minecraft:         
01:46:56.734 INFO  Minecraft: You are playing on profile: Zucchini (Co-op) 
01:46:57.335 INFO  Minecraft:  
01:46:57.337 INFO  Minecraft: Welcome to Hypixel SkyBlock! 
01:46:58.009 INFO  Minecraft: You're already sitting on this island! 
01:46:58.293 INFO  Sending to skyblock. 
01:46:58.534 INFO  Minecraft: Cannot join SkyBlock for a moment! (Queue join in cooldown) 
01:47:03.620 INFO  Minecraft: You're already sitting on this island! 
01:50:36.747 INFO  Minecraft: Guild > UnknownShadow124 left. 
01:51:46.986 INFO  Minecraft: Guild > UnknownShadow124 joined. 
02:00:30.844 INFO  Minecraft:  
02:00:30.847 INFO  Minecraft: [WATCHDOG ANNOUNCEMENT] 
02:00:30.849 INFO  Minecraft: Watchdog has banned 31,221 players in the last 7 days. 
02:00:30.850 INFO  Minecraft: Staff have banned an additional 12,515 in the last 7 days. 
02:00:30.851 INFO  Minecraft: Blacklisted modifications are a bannable offense! 
02:00:30.851 INFO  Minecraft:  
02:00:45.195 INFO  Minecraft: Guild > NucOps06 joined. 
02:06:40.282 INFO  Minecraft: Guild > NucOps06 left. 
02:06:44.147 INFO  Minecraft: Guild > NucOps06 joined. 
02:08:05.046 INFO  Minecraft: Guild > UnknowAccount left. 
02:15:00.473 INFO  Minecraft: FISHING FESTIVAL The festival is now underway! Break out your fishing rods and watch out for sharks! 
02:19:57.405 INFO  Minecraft: Guild > SwagMonkey420 joined. 
02:22:05.863 INFO  Minecraft: Guild > SwagMonkey420 left. 
02:23:15.915 INFO  Minecraft: Guild > SwagMonkey420 joined. 
02:23:55.873 INFO  Minecraft: Guild > UnknownShadow124 left. 
02:24:13.975 INFO  Minecraft: Guild > UnknownShadow124 joined. 
02:26:29.917 INFO  Minecraft: Guild > UnknownShadow124 left. 
02:33:57.125 INFO  Minecraft: Guild > UnknowAccount joined. 
02:34:27.989 INFO  Minecraft: Guild > TimothyPlays57 joined. 
02:34:49.131 INFO  Minecraft: Guild > TimothyPlays57 left. 
02:38:09.311 INFO  Discord: [锔guild-chat] LS | SnowedSeal: bobux 
02:38:09.556 INFO  Minecraft: Guild > Minikloons [LS]: LS| SnowedSeal禄 bobux 
02:38:44.229 INFO  Minecraft: Guild > TimothyPlays57 joined. 
02:58:06.998 INFO  Minecraft: Guild > [MVP+] TimothyPlays57 [M]: oh the guild is dead 
02:58:09.127 INFO  Minecraft: Guild > [MVP+] TimothyPlays57 [M]: like legit 
02:58:12.390 INFO  Minecraft: Guild > [MVP+] oSnapItsWalter [M]: kinda 
02:58:46.757 INFO  Minecraft: Guild > [MVP+] oSnapItsWalter [M]: btw, someone buy my ah pls, its a wither cp with g6 
03:00:24.948 INFO  Minecraft: Guild > [MVP+] oSnapItsWalter [M]: requeue? 
03:00:27.440 INFO  Minecraft: Guild > [MVP+] oSnapItsWalter [M]: wc 
03:12:01.123 INFO  Minecraft: ----------------------------------------------------- 
03:12:01.126 INFO  Minecraft: [MVP+] TimothyPlays57 left the guild! 
03:12:01.128 INFO  Minecraft: ----------------------------------------------------- 
03:12:01.369 INFO  Minecraft: Guild > Minikloons [LS]: We are sorry you had to leave, TimothyPlays57 
03:14:59.372 INFO  Minecraft: FISHING FESTIVAL The festival has concluded! Time to dry off and repair your rods! 
03:15:43.921 INFO  Minecraft: Guild > NucOps06 left. 
03:33:09.850 INFO  Minecraft: Friend > SnowedSeal joined. 
03:53:07.395 INFO  Minecraft: Guild > NucOps06 joined. 
03:57:13.261 INFO  Minecraft: Guild > SwagMonkey420 left. 
03:59:14.237 INFO  Minecraft: Friend > SnowedSeal left. 
04:00:31.759 INFO  Minecraft:  
04:00:31.764 INFO  Minecraft: [WATCHDOG ANNOUNCEMENT] 
04:00:31.765 INFO  Minecraft: Watchdog has banned 31,237 players in the last 7 days. 
04:00:31.766 INFO  Minecraft: Staff have banned an additional 12,569 in the last 7 days. 
04:00:31.767 INFO  Minecraft: Blacklisted modifications are a bannable offense! 
04:00:31.767 INFO  Minecraft:  
04:05:10.191 INFO  Minecraft: Guild > 3ctooo joined. 
04:14:49.315 INFO  Minecraft: Guild > UnknowAccount left. 
04:25:25.157 INFO  Minecraft: Guild > The4p1 joined. 
04:30:28.359 INFO  Minecraft: Guild > The4p1 left. 
04:31:22.239 INFO  Minecraft: Guild > The4p1 joined. 
04:32:44.079 INFO  Minecraft:  
04:32:44.080 INFO  Minecraft: ----------------------------------------------------- 
04:32:44.082 INFO  Minecraft:  
04:32:44.083 INFO  Minecraft:                                  LEVEL UP! 
04:32:44.084 INFO  Minecraft:  
04:32:44.085 INFO  Minecraft:                     The Guild has reached Level 24! 
04:32:44.086 INFO  Minecraft:  
04:32:44.087 INFO  Minecraft: ----------------------------------------------------- 
04:59:42.792 INFO  Logging in. 
04:59:44.276 INFO  Discord: Logged in. 
04:59:45.928 INFO  Logged in. 
04:59:46.121 INFO  Minecraft:                                       
04:59:46.129 INFO  Minecraft:                           
04:59:47.888 INFO  Minecraft: ----------------------------------------------------- 
04:59:47.890 INFO  Minecraft: Requirements are Skill Avg 23, Cata 23, and 170m net, along 
04:59:47.892 INFO  Minecraft: with 85k gexp a week! Make sure to have fun and contact 
04:59:47.892 INFO  Minecraft: OwOSeal or Smol if you have something to report, or something else to say! 
04:59:47.893 INFO  Minecraft: ----------------------------------------------------- 
04:59:50.938 INFO  Sending to skyblock. 
04:59:51.369 INFO  Minecraft: Sending to server mini919T... 
04:59:51.485 INFO  Logged in. 
04:59:51.802 INFO  Minecraft:         
04:59:54.940 INFO  Minecraft: You are playing on profile: Zucchini (Co-op) 
04:59:55.548 INFO  Minecraft:  
04:59:55.550 INFO  Minecraft: Welcome to Hypixel SkyBlock! 
04:59:56.251 INFO  Minecraft: You're already sitting on this island! 
04:59:56.499 INFO  Sending to skyblock. 
04:59:56.733 INFO  Minecraft: Cannot join SkyBlock for a moment! (Queue join in cooldown) 
05:00:02.411 INFO  Minecraft: You're already sitting on this island! 
06:00:32.929 INFO  Minecraft:  
06:00:32.948 INFO  Minecraft: [WATCHDOG ANNOUNCEMENT] 
06:00:32.949 INFO  Minecraft: Watchdog has banned 31,205 players in the last 7 days. 
06:00:32.950 INFO  Minecraft: Staff have banned an additional 12,615 in the last 7 days. 
06:00:32.951 INFO  Minecraft: Blacklisted modifications are a bannable offense! 
06:00:32.952 INFO  Minecraft:  
06:21:17.765 INFO  Minecraft: Guild > The4p1 left. 
07:00:49.888 INFO  Minecraft: Guild > UnknowAccount joined. 
07:02:33.329 INFO  Minecraft: Guild > oSnapItsWalter left. 
07:08:40.486 INFO  Minecraft: Guild > ASovietDoge joined. 
07:13:36.902 INFO  Minecraft: [Important] This server will restart soon: Scheduled Reboot 
07:13:36.906 INFO  Minecraft: You have 60 seconds to warp out! CLICK to warp now! 
07:14:35.054 INFO  Minecraft: Evacuating to Hub... 
07:14:35.088 INFO  Minecraft: Sending to server mini467C... 
07:14:35.245 INFO  Logged in. 
07:14:35.699 INFO  Minecraft:         
07:14:39.251 INFO  Minecraft: You are playing on profile: Zucchini (Co-op) 
07:14:40.259 INFO  Sending to skyblock. 
07:14:40.494 INFO  Minecraft: You are already playing SkyBlock! 
07:14:45.609 INFO  Minecraft: Warping you to your SkyBlock island... 
07:14:45.838 INFO  Minecraft: Sending to server mini437Q... 
07:14:45.982 INFO  Logged in. 
07:14:46.282 INFO  Minecraft:         
07:14:49.378 INFO  Minecraft: You are playing on profile: Zucchini (Co-op) 
07:14:50.982 INFO  Sending to skyblock. 
07:14:51.292 INFO  Minecraft: You are already playing SkyBlock! 
07:14:56.405 INFO  Minecraft: You're already sitting on this island! 
07:28:52.675 INFO  Minecraft: Guild > OwOWolfs joined. 
07:29:41.722 INFO  Minecraft: Guild > OwOWolfs left. 
07:37:30.111 INFO  Logging in. 
07:37:32.076 INFO  Discord: Logged in. 
07:37:32.493 INFO  Minecraft: ----------------------------------------------------- 
07:37:32.496 INFO  Minecraft: Requirements are Skill Avg 23, Cata 23, and 170m net, along 
07:37:32.498 INFO  Minecraft: with 85k gexp a week! Make sure to have fun and contact 
07:37:32.499 INFO  Minecraft: OwOSeal or Smol if you have something to report, or something else to say! 
07:37:32.499 INFO  Minecraft: ----------------------------------------------------- 
07:37:32.620 INFO  Logged in. 
07:37:32.701 INFO  Minecraft:                                       
07:37:32.714 INFO  Minecraft:                           
07:37:36.235 INFO  Minecraft:  >>> [MVP++] ohwaffled joined the lobby! <<< 
07:37:37.624 INFO  Sending to skyblock. 
07:37:38.058 INFO  Minecraft: Sending to server mini930H... 
07:37:38.155 INFO  Logged in. 
07:37:38.475 INFO  Minecraft:         
07:37:41.639 INFO  Minecraft: You are playing on profile: Zucchini (Co-op) 
07:37:42.287 INFO  Minecraft:  
07:37:42.288 INFO  Minecraft: Welcome to Hypixel SkyBlock! 
07:37:42.933 INFO  Minecraft: You're already sitting on this island! 
07:37:43.162 INFO  Sending to skyblock. 
07:37:43.392 INFO  Minecraft: Cannot join SkyBlock for a moment! (Queue join in cooldown) 
07:37:48.500 INFO  Minecraft: You're already sitting on this island! 
07:44:04.046 INFO  Minecraft: Guild > ASovietDoge left. 
07:44:31.163 INFO  Minecraft: Guild > ASovietDoge joined. 
07:44:34.238 INFO  Minecraft: Guild > ASovietDoge left. 
07:44:36.464 INFO  Minecraft: Guild > ASovietDoge joined. 
07:47:56.474 INFO  Minecraft: Guild > NucOps06 left. 
07:54:11.336 INFO  Minecraft: Guild > ASovietDoge left. 
07:58:22.721 INFO  Minecraft: Guild > NucOps06 joined. 
08:00:33.301 INFO  Minecraft:  
08:00:33.303 INFO  Minecraft: [WATCHDOG ANNOUNCEMENT] 
08:00:33.304 INFO  Minecraft: Watchdog has banned 31,190 players in the last 7 days. 
08:00:33.305 INFO  Minecraft: Staff have banned an additional 12,630 in the last 7 days. 
08:00:33.306 INFO  Minecraft: Blacklisted modifications are a bannable offense! 
08:00:33.307 INFO  Minecraft:  
08:09:17.802 INFO  Logging in. 
08:09:19.162 INFO  Discord: Logged in. 
08:09:21.016 INFO  Logged in. 
08:09:21.295 INFO  Minecraft:                                       
08:09:21.303 INFO  Minecraft:                           
08:09:23.561 INFO  Minecraft: ----------------------------------------------------- 
08:09:23.564 INFO  Minecraft: Requirements are Skill Avg 23, Cata 23, and 170m net, along 
08:09:23.565 INFO  Minecraft: with 85k gexp a week! Make sure to have fun and contact 
08:09:23.566 INFO  Minecraft: OwOSeal or Smol if you have something to report, or something else to say! 
08:09:23.567 INFO  Minecraft: ----------------------------------------------------- 
08:09:25.133 INFO  Minecraft:  >>> [MVP++] Dressage joined the lobby! <<< 
08:09:26.030 INFO  Sending to skyblock. 
08:09:26.425 INFO  Minecraft: Sending to server mini650D... 
08:09:26.547 INFO  Logged in. 
08:09:26.859 INFO  Minecraft:         
08:09:29.894 INFO  Minecraft: You are playing on profile: Zucchini (Co-op) 
08:09:30.587 INFO  Minecraft:  
08:09:30.588 INFO  Minecraft: Welcome to Hypixel SkyBlock! 
08:09:31.383 INFO  Minecraft: You're already sitting on this island! 
08:09:31.547 INFO  Sending to skyblock. 
08:09:32.173 INFO  Minecraft: Cannot join SkyBlock for a moment! (Queue join in cooldown) 
08:09:36.892 INFO  Minecraft: You're already sitting on this island! 
08:19:46.377 INFO  Minecraft: Guild > NucOps06 left. 
08:25:02.791 INFO  Minecraft: Guild > OwOWolfs joined. 
08:59:28.068 INFO  Minecraft: Friend > IdlyChiqken joined. 
09:23:33.648 INFO  Minecraft: Friend > IdlyChiqken left. 
09:23:56.909 INFO  Minecraft: Friend > IdlyChiqken joined. 
09:25:25.120 INFO  Minecraft: Guild > TREX2M joined. 
09:27:48.150 INFO  Minecraft: Guild > NucOps06 joined. 
09:33:18.478 INFO  Minecraft: Guild > UnknowAccount left. 
09:44:48.195 INFO  Minecraft: Guild > OwOWolfs left. 
09:55:46.866 INFO  Minecraft: Guild > TREX2M left. 
09:55:49.638 INFO  Minecraft: Guild > TREX2M joined. 
09:56:12.796 INFO  Minecraft: Friend > IdlyChiqken left. 
09:56:44.608 INFO  Minecraft: Friend > IdlyChiqken joined. 
10:00:33.452 INFO  Minecraft:  
10:00:33.455 INFO  Minecraft: [WATCHDOG ANNOUNCEMENT] 
10:00:33.456 INFO  Minecraft: Watchdog has banned 31,157 players in the last 7 days. 
10:00:33.456 INFO  Minecraft: Staff have banned an additional 13,280 in the last 7 days. 
10:00:33.457 INFO  Minecraft: Blacklisted modifications are a bannable offense! 
10:00:33.457 INFO  Minecraft:  
10:08:29.183 INFO  Minecraft: Guild > ASovietDoge joined. 
10:25:28.034 INFO  Minecraft: Guild > 3ctooo left. 
10:25:54.597 INFO  Minecraft: Friend > IdlyChiqken left. 
10:32:38.886 INFO  Minecraft: Guild > ASovietDoge left. 
10:45:27.863 INFO  Logging in. 
10:45:29.372 INFO  Discord: Logged in. 
10:45:31.147 INFO  Logged in. 
10:45:31.260 INFO  Minecraft:                                       
10:45:31.274 INFO  Minecraft:                           
10:45:31.902 INFO  Minecraft:  >>> [MVP++] Unissued joined the lobby! <<< 
10:45:32.685 INFO  Minecraft: ----------------------------------------------------- 
10:45:32.689 INFO  Minecraft: Requirements are Skill Avg 23, Cata 23, and 170m net, along 
10:45:32.690 INFO  Minecraft: with 85k gexp a week! Make sure to have fun and contact 
10:45:32.690 INFO  Minecraft: OwOSeal or Smol if you have something to report, or something else to say! 
10:45:32.691 INFO  Minecraft: ----------------------------------------------------- 
10:45:36.157 INFO  Sending to skyblock. 
10:45:36.622 INFO  Minecraft: Sending to server mini10U... 
10:45:36.686 INFO  Logged in. 
10:45:36.935 INFO  Minecraft:         
10:45:40.108 INFO  Minecraft: You are playing on profile: Zucchini (Co-op) 
10:45:40.692 INFO  Minecraft:  
10:45:40.694 INFO  Minecraft: Welcome to Hypixel SkyBlock! 
10:45:41.486 INFO  Minecraft: You're already sitting on this island! 
10:45:41.690 INFO  Sending to skyblock. 
10:45:41.944 INFO  Minecraft: Cannot join SkyBlock for a moment! (Queue join in cooldown) 
10:45:47.022 INFO  Minecraft: You're already sitting on this island! 
10:50:17.912 INFO  Minecraft: Guild > TREX2M left. 
11:02:53.087 INFO  Discord: [锔guild-chat] Gura's Shrimp: BOPITY 
11:02:53.446 INFO  Minecraft: Guild > Minikloons [LS]: Gura'sShrimp禄 BOPITY 
11:19:56.780 INFO  Logging in. 
11:19:58.215 INFO  Discord: Logged in. 
11:19:59.562 INFO  Logged in. 
11:19:59.774 INFO  Minecraft:                                       
11:19:59.782 INFO  Minecraft:                           
11:20:00.473 INFO  Minecraft: ----------------------------------------------------- 
11:20:00.474 INFO  Minecraft: Requirements are Skill Avg 23, Cata 23, and 170m net, along 
11:20:00.475 INFO  Minecraft: with 85k gexp a week! Make sure to have fun and contact 
11:20:00.476 INFO  Minecraft: OwOSeal or Smol if you have something to report, or something else to say! 
11:20:00.476 INFO  Minecraft: ----------------------------------------------------- 
11:20:04.572 INFO  Sending to skyblock. 
11:20:05.005 INFO  Minecraft: Sending to server mini904S... 
11:20:05.118 INFO  Logged in. 
11:20:05.388 INFO  Minecraft:         
11:20:08.557 INFO  Minecraft: You are playing on profile: Zucchini (Co-op) 
11:20:09.157 INFO  Minecraft:  
11:20:09.158 INFO  Minecraft: Welcome to Hypixel SkyBlock! 
11:20:09.870 INFO  Minecraft: You're already sitting on this island! 
11:20:10.124 INFO  Sending to skyblock. 
11:20:10.380 INFO  Minecraft: Cannot join SkyBlock for a moment! (Queue join in cooldown) 
11:20:15.407 INFO  Minecraft: You're already sitting on this island! 
11:41:14.295 INFO  Minecraft: Guild > 5659 joined. 
11:47:20.985 INFO  Minecraft: Guild > 5659 left. 
11:47:21.962 INFO  Minecraft: Guild > 5659 joined. 
11:48:08.183 INFO  Minecraft: Guild > 5659 left. 
11:48:10.233 INFO  Minecraft: Guild > 5659 joined. 
12:00:56.816 INFO  Minecraft:  
12:00:56.820 INFO  Minecraft: [WATCHDOG ANNOUNCEMENT] 
12:00:56.821 INFO  Minecraft: Watchdog has banned 31,137 players in the last 7 days. 
12:00:56.822 INFO  Minecraft: Staff have banned an additional 13,231 in the last 7 days. 
12:00:56.823 INFO  Minecraft: Blacklisted modifications are a bannable offense! 
12:00:56.824 INFO  Minecraft:  
12:01:35.164 INFO  Minecraft: Guild > 5659 left. 
12:01:48.101 INFO  Minecraft: Guild > TREX2M joined. 
12:21:36.576 INFO  Minecraft: Guild > TREX2M left. 
12:22:17.730 INFO  Minecraft: -----------------------------------------------------
[VIP] Zyperioxx has requested to join the Guild!
Click here to accept or type /guild accept Zyperioxx!
-----------------------------------------------------
 
12:35:01.264 INFO  Minecraft: FISHING FESTIVAL The festival is now underway! Break out your fishing rods and watch out for sharks! 
12:52:21.812 INFO  Minecraft: Guild > NucOps06 left. 
13:07:11.348 INFO  Minecraft: Guild > ASovietDoge joined. 
13:15:16.620 INFO  Minecraft: Guild > ASovietDoge left. 
13:15:18.050 INFO  Minecraft: Guild > ASovietDoge joined. 
13:29:00.539 INFO  Minecraft: Guild > ASovietDoge left. 
13:33:13.779 INFO  Minecraft: Guild > ASovietDoge joined. 
13:35:00.308 INFO  Minecraft: FISHING FESTIVAL The festival has concluded! Time to dry off and repair your rods! 
13:44:29.053 INFO  Minecraft: Guild > OwOWolfs joined. 
13:45:57.867 INFO  Minecraft: Guild > OwOWolfs left. 
13:46:28.863 INFO  Minecraft: Guild > OwOWolfs joined. 
13:47:26.937 INFO  Minecraft: Guild > OwOWolfs left. 
13:49:55.879 INFO  Minecraft: Guild > ASovietDoge left. 
13:49:58.038 INFO  Minecraft: Guild > ASovietDoge joined. 
13:52:41.599 INFO  Minecraft: Guild > ASovietDoge left. 
13:55:50.644 INFO  Minecraft: Guild > ASovietDoge joined. 
14:00:57.169 INFO  Minecraft:  
14:00:57.172 INFO  Minecraft: [WATCHDOG ANNOUNCEMENT] 
14:00:57.173 INFO  Minecraft: Watchdog has banned 31,110 players in the last 7 days. 
14:00:57.174 INFO  Minecraft: Staff have banned an additional 13,283 in the last 7 days. 
14:00:57.174 INFO  Minecraft: Blacklisted modifications are a bannable offense! 
14:00:57.175 INFO  Minecraft:  
14:17:53.555 INFO  Minecraft: [SkyBlock] [VIP] Noobgrpaes is visiting Your Island! 
14:22:47.522 INFO  Minecraft: Guild > ASovietDoge left. 
14:23:26.469 INFO  Minecraft: Guild > 3ctooo joined. 
14:25:40.412 INFO  Minecraft: Guild > ASovietDoge joined. 
14:28:26.061 INFO  Minecraft: [SkyBlock] [VIP] AWiseKid is visiting Your Island! 
14:37:39.978 INFO  Minecraft: Guild > friendly_rook joined. 
14:38:19.980 INFO  Minecraft: Guild > friendly_rook left. 
14:55:08.610 INFO  Minecraft: Guild > ASovietDoge left. 
14:56:13.687 INFO  Minecraft: Guild > ranger4josh joined. 
14:59:11.747 INFO  Minecraft: Guild > ranger4josh left. 
15:19:09.635 INFO  Minecraft: Guild > 3ctooo left. 
15:38:30.052 INFO  Minecraft: Guild > ranger4josh joined. 
15:59:23.714 INFO  Minecraft: Friend > IdlyChiqken joined. 
16:00:47.934 INFO  Minecraft: Friend > IdlyChiqken left. 
16:00:57.273 INFO  Minecraft:  
16:00:57.276 INFO  Minecraft: [WATCHDOG ANNOUNCEMENT] 
16:00:57.276 INFO  Minecraft: Watchdog has banned 31,172 players in the last 7 days. 
16:00:57.277 INFO  Minecraft: Staff have banned an additional 13,282 in the last 7 days. 
16:00:57.278 INFO  Minecraft: Blacklisted modifications are a bannable offense! 
16:00:57.278 INFO  Minecraft:  
16:01:32.296 INFO  Minecraft: Guild > ranger4josh left. 
16:05:46.677 INFO  Minecraft: Friend > IdlyChiqken joined. 
16:43:13.164 INFO  Minecraft: [Important] This server will restart soon: Scheduled Reboot 
16:43:13.197 INFO  Minecraft: You have 60 seconds to warp out! CLICK to warp now! 
16:44:11.290 INFO  Minecraft: Evacuating to Hub... 
16:44:11.337 INFO  Minecraft: Sending to server mini27G... 
16:44:11.463 INFO  Logged in. 
16:44:11.914 INFO  Minecraft:         
16:44:15.290 INFO  Minecraft: You are playing on profile: Zucchini (Co-op) 
16:44:16.172 INFO  Minecraft: ALLOWANCE! You earned 50,000 coins! 
16:44:16.464 INFO  Sending to skyblock. 
16:44:16.727 INFO  Minecraft: You are already playing SkyBlock! 
16:44:17.992 INFO  Minecraft: JefferyBobJr123: k?? 
16:44:21.803 INFO  Minecraft: Warping you to your SkyBlock island... 
16:44:22.003 INFO  Minecraft: Sending to server mini343V... 
16:44:22.090 INFO  Logged in. 
16:44:22.369 INFO  Minecraft:         
16:44:25.525 INFO  Minecraft: You are playing on profile: Zucchini (Co-op) 
16:44:27.095 INFO  Sending to skyblock. 
16:44:27.343 INFO  Minecraft: You are already playing SkyBlock! 
16:44:32.438 INFO  Minecraft: You're already sitting on this island! 
17:09:37.373 INFO  Minecraft: Friend > IdlyChiqken left. 
17:09:45.257 INFO  Minecraft: Friend > IdlyChiqken joined. 
17:27:27.248 INFO  Minecraft: Guild > ranger4josh joined. 
17:38:02.561 INFO  Minecraft: Guild > ranger4josh left. 
17:38:10.588 INFO  Minecraft: Guild > ranger4josh joined. 
17:39:32.860 INFO  Minecraft: Guild > ranger4josh left. 
18:00:57.698 INFO  Minecraft:  
18:00:57.711 INFO  Minecraft: [WATCHDOG ANNOUNCEMENT] 
18:00:57.712 INFO  Minecraft: Watchdog has banned 31,433 players in the last 7 days. 
18:00:57.712 INFO  Minecraft: Staff have banned an additional 13,258 in the last 7 days. 
18:00:57.713 INFO  Minecraft: Blacklisted modifications are a bannable offense! 
18:00:57.713 INFO  Minecraft:  
18:30:24.248 INFO  Minecraft: Friend > IdlyChiqken left. 
18:30:55.404 INFO  Minecraft: Guild > oSnapItsWalter joined. 
18:31:03.310 INFO  Minecraft: Friend > IdlyChiqken joined. 
18:33:16.125 INFO  Minecraft: [Important] This server will restart soon: Scheduled Reboot 
18:33:16.136 INFO  Minecraft: You have 60 seconds to warp out! CLICK to warp now! 
18:34:14.518 INFO  Minecraft: Evacuating to Hub... 
18:34:14.524 INFO  Minecraft: Sending to server mini585S... 
18:34:14.548 INFO  Logged in. 
18:34:15.064 INFO  Minecraft:         
18:34:18.820 INFO  Minecraft: You are playing on profile: Zucchini (Co-op) 
18:34:19.552 INFO  Sending to skyblock. 
18:34:19.793 INFO  Minecraft: You are already playing SkyBlock! 
18:34:24.886 INFO  Minecraft: Warping you to your SkyBlock island... 
18:34:25.143 INFO  Minecraft: Sending to server mini377F... 
18:34:25.206 INFO  Logged in. 
18:34:25.473 INFO  Minecraft:         
18:34:28.653 INFO  Minecraft: You are playing on profile: Zucchini (Co-op) 
18:34:30.211 INFO  Sending to skyblock. 
18:34:30.449 INFO  Minecraft: You are already playing SkyBlock! 
18:34:35.511 INFO  Minecraft: You're already sitting on this island! 
19:14:40.395 INFO  Minecraft: Friend > IdlyChiqken left. 
19:15:47.400 INFO  Minecraft: Guild > ranger4josh joined. 
19:29:13.218 INFO  Minecraft: Guild > ranger4josh left. 
19:45:48.490 INFO  Minecraft: Guild > oSnapItsWalter left. 
20:00:57.871 INFO  Minecraft:  
20:00:57.887 INFO  Minecraft: [WATCHDOG ANNOUNCEMENT] 
20:00:57.888 INFO  Minecraft: Watchdog has banned 31,549 players in the last 7 days. 
20:00:57.889 INFO  Minecraft: Staff have banned an additional 13,202 in the last 7 days. 
20:00:57.889 INFO  Minecraft: Blacklisted modifications are a bannable offense! 
20:00:57.890 INFO  Minecraft:  
20:01:41.324 INFO  Minecraft: Guild > UnknownShadow124 joined. 
20:40:36.403 INFO  Minecraft: Guild > UnknownShadow124 left. 
20:40:38.267 INFO  Minecraft: Guild > UnknownShadow124 joined. 
20:42:05.166 INFO  Minecraft: ----------------------------------------------------- 
20:42:05.169 INFO  Minecraft: [VIP] UnknownShadow124 left the guild! 
20:42:05.171 INFO  Minecraft: ----------------------------------------------------- 
20:42:05.472 INFO  Minecraft: Guild > Minikloons [LS]: We are sorry you had to leave, UnknownShadow124 
20:51:55.590 INFO  Minecraft: Guild > UnknowAccount joined. 
20:57:15.976 INFO  Minecraft: Guild > oSnapItsWalter joined. 
21:14:27.807 INFO  Minecraft: Guild > Ludwin2 joined. 
21:14:42.842 INFO  Minecraft: Guild > Ludwin2 left. 
21:15:05.535 INFO  Minecraft: A Event: Mayor Elections 147! A 
21:15:05.553 INFO  Minecraft: The election room is now closed. Clerk Seraphine is doing a final count of the votes... 
21:15:05.554 INFO  Minecraft:  
21:15:29.866 INFO  Minecraft: Guild > Ludwin2 joined. 
21:15:50.880 INFO  Minecraft: A Event: Mayor Elections 147! A 
21:15:50.920 INFO  Minecraft: Aatrox is elected Mayor for the year, gg! 
21:15:50.921 INFO  Minecraft: Seraphine counted votes from 142k different players. 
21:15:50.923 INFO  Minecraft: Everybody unlocks exclusive perks! [HOVER TO VIEW] 
21:15:50.924 INFO  Minecraft:  
21:15:51.233 INFO  Minecraft: Guild > Ludwin2 left. 
21:16:28.776 INFO  Minecraft: Guild > Ludwin2 joined. 
21:23:38.667 INFO  Minecraft: Guild > Ludwin2 left. 
21:24:17.805 INFO  Minecraft: Guild > oSnapItsWalter left. 
21:39:39.968 INFO  Minecraft: Guild > NucOps06 joined. 
21:42:48.059 INFO  Minecraft: Guild > NucOps06 left. 
21:42:52.131 INFO  Minecraft: Guild > NucOps06 joined. 
21:42:55.057 INFO  Minecraft: Guild > oSnapItsWalter joined. 
22:01:01.310 INFO  Minecraft:  
22:01:01.318 INFO  Minecraft: [WATCHDOG ANNOUNCEMENT] 
22:01:01.320 INFO  Minecraft: Watchdog has banned 31,595 players in the last 7 days. 
22:01:01.320 INFO  Minecraft: Staff have banned an additional 13,188 in the last 7 days. 
22:01:01.321 INFO  Minecraft: Blacklisted modifications are a bannable offense! 
22:01:01.324 INFO  Minecraft:  
22:04:41.868 INFO  Minecraft: Guild > oSnapItsWalter left. 
22:05:45.108 INFO  Minecraft: Guild > oSnapItsWalter joined. 
22:17:21.213 INFO  Discord: [锔guild-chat] UnknowAccount: yooo 
22:17:21.463 INFO  Minecraft: Guild > Minikloons [LS]: UnknowAccount禄 yooo 
22:17:32.750 INFO  Discord: [锔guild-chat] UnknowAccount: any of you on sb right now and have the runaans recipe unlocked? 
22:17:33.017 INFO  Minecraft: Guild > Minikloons [LS]: UnknowAccount禄 any of you on sb right now and have the runaans recipe unlocked? 
22:17:41.765 INFO  Minecraft: Guild > [MVP+] NucOps06 [M]: yeah 
22:17:56.394 INFO  Discord: [锔guild-chat] UnknowAccount: are you able to craft it for my freind, he has the mats 
22:17:56.645 INFO  Minecraft: Guild > Minikloons [LS]: UnknowAccount禄 are you able to craft it for my freind, he has the mats 
22:18:02.906 INFO  Discord: [锔guild-chat] UnknowAccount: ign: AllyMesLegitAcc 
22:18:03.243 INFO  Minecraft: Guild > Minikloons [LS]: UnknowAccount禄 ign: AllyMesLegitAcc 
22:18:09.657 INFO  Minecraft: Guild > [MVP+] NucOps06 [M]: sure 
22:18:21.268 INFO  Minecraft: Guild > NucOps06 left. 
22:18:23.999 INFO  Minecraft: Guild > NucOps06 joined. 
22:19:11.425 INFO  Minecraft: Guild > [MVP+] NucOps06 [M]: who is he so I can party him 
22:19:27.314 INFO  Discord: [锔guild-chat] UnknowAccount: AllyMesLegitAcc 
22:19:27.548 INFO  Minecraft: You cannot say the same message twice! 
22:19:36.434 INFO  Discord: [锔guild-chat] UnknowAccount: AllyMesLegitAcc 
22:19:36.754 INFO  Minecraft: You cannot say the same message twice! 
22:19:47.828 INFO  Discord: [锔guild-chat] UnknowAccount: his ign is AllyMesLegitAcc 
22:19:48.083 INFO  Minecraft: Guild > Minikloons [LS]: UnknowAccount禄 his ign is AllyMesLegitAcc 
22:20:08.668 INFO  Minecraft: Guild > [MVP+] NucOps06 [M]: you cannot invite this player 
22:20:25.195 INFO  Discord: [锔guild-chat] UnknowAccount: how about now? 
22:20:25.481 INFO  Minecraft: Guild > Minikloons [LS]: UnknowAccount禄 how about now? 
22:20:37.832 INFO  Minecraft: Guild > [MVP+] NucOps06 [M]: no 
22:21:04.777 INFO  Discord: [锔guild-chat] UnknowAccount: ok he enabled it now 
22:21:05.055 INFO  Minecraft: Guild > Minikloons [LS]: UnknowAccount禄 ok he enabled it now 
22:21:11.369 INFO  Minecraft: Guild > [MVP+] NucOps06 [M]: aight 
22:22:04.350 INFO  Discord: [锔guild-chat] UnknowAccount: ty ty 
22:22:04.632 INFO  Minecraft: Guild > Minikloons [LS]: UnknowAccount禄 ty ty 
22:32:00.659 INFO  Minecraft: Guild > oSnapItsWalter left. 
22:32:01.448 INFO  Minecraft: Guild > oSnapItsWalter joined. 
22:55:21.667 INFO  Minecraft: The Traveling Zoo is visiting the SkyBlock Hub! 
22:55:21.678 INFO  Minecraft: CLICK HERE to shop for exotic pets! 
22:56:08.897 INFO  Minecraft: ----------------------------------------------------- 
22:56:08.899 INFO  Minecraft: You have just received 132,615 coins as interest in your co-op bank account! 
22:56:08.935 INFO  Minecraft: ----------------------------------------------------- 
23:31:26.266 INFO  Minecraft: Guild > oSnapItsWalter left. 
23:32:17.201 INFO  Minecraft: Guild > oSnapItsWalter joined. 
23:50:34.153 INFO  Minecraft: Guild > NucOps06 left. 
23:53:58.189 INFO  Minecraft: Guild > friendly_rook joined. 

