10:40:27.700 INFO  Logging in. 
10:40:31.794 INFO  Discord: Logged in. 
10:42:43.159 INFO  Logging in. 
10:42:45.682 INFO  Discord: Logged in. 
10:42:48.170 INFO  Logged in. 
10:42:48.405 INFO  Minecraft: You've found a hidden MYSTERY BOX! 
10:42:48.476 INFO  Minecraft: GadgetsMenu 禄 You don't have the required permission gadgetsmenu.mysteryboxes.give! 
10:42:50.230 INFO  Sending to skyblock. 
10:43:08.888 INFO  Minecraft: Unknown command. Type "/help" for help. 
10:43:08.891 INFO  Minecraft: Unknown command. Type "/help" for help. 
10:43:53.446 INFO  Discord: [锔guild-chat] Dev/Mod | BamBoozledMC: ./ping 
10:43:53.502 INFO  Minecraft: You do not have access to that command. 
10:43:58.473 INFO  Discord: [锔guild-chat] Dev/Mod | BamBoozledMC: /ping 
10:44:53.399 INFO  Discord: [锔guild-chat] CO | OwOSmol: cap 
10:44:53.456 INFO  Minecraft: You do not have access to that command. 
10:44:57.314 INFO  Discord: [锔guild-chat] Dev/Mod | BamBoozledMC: ? 
10:44:57.349 INFO  Minecraft: You do not have access to that command. 
10:45:03.816 INFO  Discord: [锔guild-chat] Dev/Mod | BamBoozledMC: /ping 
10:45:13.207 INFO  Discord: [锔guild-chat] CO | OwOSmol: no wsy omg 
10:45:13.225 INFO  Minecraft: You do not have access to that command. 
10:45:18.688 INFO  Discord: [锔guild-chat] Dev/Mod | BamBoozledMC: wsy? 
10:45:18.732 INFO  Minecraft: You do not have access to that command. 
10:45:18.795 INFO  Discord: [锔guild-chat] CO | OwOSmol: crazyffgy 
10:45:18.831 INFO  Minecraft: You do not have access to that command. 
10:45:23.895 INFO  Discord: [锔guild-chat] CO | OwOSmol: way 
10:45:23.952 INFO  Minecraft: You do not have access to that command. 
10:45:47.709 INFO  Discord: [锔guild-chat] Dev/Mod | BamBoozledMC: /ip 
10:50:36.236 INFO  Logging in. 
10:50:38.485 INFO  Discord: Logged in. 
10:50:40.997 INFO  Logged in. 
10:50:41.473 INFO  Minecraft: You've found a hidden MYSTERY BOX! 
10:50:42.994 INFO  Sending to skyblock. 
10:50:48.728 INFO  Minecraft: Unknown command. Type "/help" for help. 
10:50:48.844 INFO  Minecraft: Unknown command. Type "/help" for help. 
10:51:18.156 INFO  Discord: [锔guild-chat] Dev/Mod | BamBoozledMC: /send The bot has started, you may now chat! 
10:51:20.969 INFO  Discord: [锔officer-chat] Dev/Mod | BamBoozledMC: /send The bot has started, you may now chat! 
10:51:41.874 INFO  Discord: [锔guild-chat] Dev/Mod | BamBoozledMC: <@!841888152804130826> <@!414190076042412042> 
10:51:41.896 INFO  Minecraft: You do not have access to that command. 
10:53:23.352 INFO  Discord: [锔guild-chat] GM | lath: wait 
10:53:23.422 INFO  Minecraft: You do not have access to that command. 
10:53:26.197 INFO  Discord: [锔guild-chat] GM | lath: a sec 
10:53:26.251 INFO  Minecraft: You do not have access to that command. 
10:53:34.879 INFO  Discord: [锔guild-chat] GM | lath: the bot is't unbanned 
10:53:34.954 INFO  Minecraft: You do not have access to that command. 
10:53:35.713 INFO  Discord: [锔guild-chat] GM | lath: isn't 
10:53:35.805 INFO  Minecraft: You do not have access to that command. 
10:53:38.701 INFO  Discord: [锔guild-chat] GM | lath: just on a server, right 
10:53:38.745 INFO  Minecraft: You do not have access to that command. 
10:53:49.015 INFO  Logging in. 
10:53:51.406 INFO  Discord: Logged in. 
10:53:53.670 INFO  Logged in. 
10:53:53.769 INFO  Minecraft: You've found a hidden MYSTERY BOX! 
10:53:55.693 INFO  Sending to skyblock. 
10:53:59.809 INFO  Minecraft: Unknown command. Type "/help" for help. 
10:53:59.918 INFO  Minecraft: Unknown command. Type "/help" for help. 
10:54:04.070 INFO  Discord: [锔guild-chat] Dev/Mod | BamBoozledMC: /ip 
10:54:18.365 INFO  Discord: [锔guild-chat] GM | lath: oh 
10:54:18.377 INFO  Minecraft: You do not have access to that command. 
10:54:41.955 INFO  Discord: [锔guild-chat] Dev/Mod | BamBoozledMC: so yea 
10:54:42.017 INFO  Minecraft: You do not have access to that command. 
10:57:11.720 INFO  Discord: [锔guild-chat] Dev/Mod | BamBoozledMC: /ping 
10:57:21.068 INFO  Discord: [锔guild-chat] Dev/Mod | BamBoozledMC: LOL 2MS 
10:57:21.124 INFO  Minecraft: You do not have access to that command. 
10:57:48.391 INFO  Discord: [锔guild-chat] Dev/Mod | BamBoozledMC: /ping 
10:57:53.145 INFO  Discord: [锔guild-chat] Dev/Mod | BamBoozledMC: /ping 

