10:55:03.777 INFO  Discord: [锔guild-chat] Dev/Mod BamBoozledMC: 7 DAYS TIL SEALBOT UNBANNED??
 
10:55:03.855 INFO  Minecraft: SealEaterV:  
10:55:03.878 INFO  Minecraft: You do not have access to that command. 
10:55:11.662 INFO  Discord: [锔guild-chat] Dev/Mod BamBoozledMC: https://sealbotlive.bamboozledmc.xyz/ 
10:55:11.715 INFO  Minecraft: You do not have access to that command. 
11:17:22.940 INFO  Minecraft: This server is running CraftBukkit version git-Spigot-21fe707-e1ebe52 (MC: 1.8.8) (Implementing API version 1.8.8-R0.1-SNAPSHOT) 
11:17:22.943 INFO  Minecraft: Checking version, please wait... 
11:17:24.614 INFO  Minecraft: You are 52 version(s) behind 
11:17:38.917 INFO  Minecraft: BamBoozled MC 禄 You don't have perms for that! 
19:03:48.108 INFO  Logging in. 
19:03:50.079 INFO  Discord: Logged in. 
19:09:12.932 INFO  Logging in. 
19:09:14.475 INFO  Discord: Logged in. 
19:14:36.685 INFO  Logging in. 
19:14:38.059 INFO  Discord: Logged in. 
19:20:04.400 INFO  Logging in. 
19:20:07.067 INFO  Discord: Logged in. 
19:25:29.812 INFO  Logging in. 
19:25:31.172 INFO  Discord: Logged in. 
19:30:54.169 INFO  Logging in. 
19:30:55.829 INFO  Discord: Logged in. 
19:36:17.937 INFO  Logging in. 
19:36:19.513 INFO  Discord: Logged in. 
19:36:26.686 INFO  Minecraft: [LP] Permissions data for your user was not loaded during the pre-login stage - unable to continue. Please try again later. If you are a server admin, please check the console for any errors. 
19:36:27.721 INFO  Minecraft: Could not connect to target server, you have been moved to a fallback server. 
19:41:31.229 INFO  Logging in. 
19:41:32.744 INFO  Discord: Logged in. 
19:41:34.791 INFO  Minecraft: [LP] Permissions data for your user was not loaded during the pre-login stage - unable to continue. Please try again later. If you are a server admin, please check the console for any errors. 
19:41:35.809 INFO  Minecraft: Could not connect to target server, you have been moved to a fallback server. 
19:46:41.282 INFO  Logging in. 
19:46:43.394 INFO  Discord: Logged in. 
19:46:50.714 INFO  Minecraft: [LP] Permissions data for your user was not loaded during the pre-login stage - unable to continue. Please try again later. If you are a server admin, please check the console for any errors. 
19:46:51.734 INFO  Minecraft: Could not connect to target server, you have been moved to a fallback server. 
19:51:55.943 INFO  Logging in. 
19:51:57.773 INFO  Discord: Logged in. 
19:52:04.920 INFO  Minecraft: [LP] Permissions data for your user was not loaded during the pre-login stage - unable to continue. Please try again later. If you are a server admin, please check the console for any errors. 
19:52:05.932 INFO  Minecraft: Could not connect to target server, you have been moved to a fallback server. 
19:57:10.260 INFO  Logging in. 
19:57:12.028 INFO  Discord: Logged in. 
19:57:19.496 INFO  Minecraft: [LP] Permissions data for your user was not loaded during the pre-login stage - unable to continue. Please try again later. If you are a server admin, please check the console for any errors. 
19:57:20.534 INFO  Minecraft: Could not connect to target server, you have been moved to a fallback server. 
20:02:24.203 INFO  Logging in. 
20:02:25.680 INFO  Discord: Logged in. 
20:02:33.181 INFO  Minecraft: [LP] Permissions data for your user was not loaded during the pre-login stage - unable to continue. Please try again later. If you are a server admin, please check the console for any errors. 
20:02:34.204 INFO  Minecraft: Could not connect to target server, you have been moved to a fallback server. 
20:07:38.516 INFO  Logging in. 
20:07:40.306 INFO  Discord: Logged in. 
20:07:42.818 INFO  Minecraft: [LP] Permissions data for your user was not loaded during the pre-login stage - unable to continue. Please try again later. If you are a server admin, please check the console for any errors. 
20:07:43.854 INFO  Minecraft: Could not connect to target server, you have been moved to a fallback server. 
20:12:48.580 INFO  Logging in. 
20:12:50.432 INFO  Discord: Logged in. 
20:12:52.499 INFO  Minecraft: [LP] Permissions data for your user was not loaded during the pre-login stage - unable to continue. Please try again later. If you are a server admin, please check the console for any errors. 
20:12:53.526 INFO  Minecraft: Could not connect to target server, you have been moved to a fallback server. 
20:17:56.979 INFO  Logging in. 
20:17:58.486 INFO  Discord: Logged in. 
20:18:05.459 INFO  Minecraft: [LP] Permissions data for your user was not loaded during the pre-login stage - unable to continue. Please try again later. If you are a server admin, please check the console for any errors. 
20:18:06.495 INFO  Minecraft: Could not connect to target server, you have been moved to a fallback server. 
20:23:10.241 INFO  Logging in. 
20:23:11.886 INFO  Discord: Logged in. 
20:23:18.880 INFO  Minecraft: [LP] Permissions data for your user was not loaded during the pre-login stage - unable to continue. Please try again later. If you are a server admin, please check the console for any errors. 
20:23:19.917 INFO  Minecraft: Could not connect to target server, you have been moved to a fallback server. 
20:28:25.295 INFO  Logging in. 
20:28:26.943 INFO  Discord: Logged in. 
20:28:34.696 INFO  Minecraft: [LP] Permissions data for your user was not loaded during the pre-login stage - unable to continue. Please try again later. If you are a server admin, please check the console for any errors. 
20:28:35.728 INFO  Minecraft: Could not connect to target server, you have been moved to a fallback server. 
20:33:38.845 INFO  Logging in. 
20:33:40.314 INFO  Discord: Logged in. 
20:33:47.865 INFO  Minecraft: [LP] Permissions data for your user was not loaded during the pre-login stage - unable to continue. Please try again later. If you are a server admin, please check the console for any errors. 
20:33:48.879 INFO  Minecraft: Could not connect to target server, you have been moved to a fallback server. 
20:38:52.861 INFO  Logging in. 
20:38:54.335 INFO  Discord: Logged in. 
20:39:00.655 INFO  Minecraft: [LP] Permissions data for your user was not loaded during the pre-login stage - unable to continue. Please try again later. If you are a server admin, please check the console for any errors. 
20:39:01.694 INFO  Minecraft: Could not connect to target server, you have been moved to a fallback server. 
20:44:05.022 INFO  Logging in. 
20:44:06.525 INFO  Discord: Logged in. 
20:44:13.573 INFO  Minecraft: [LP] Permissions data for your user was not loaded during the pre-login stage - unable to continue. Please try again later. If you are a server admin, please check the console for any errors. 
20:44:14.591 INFO  Minecraft: Could not connect to target server, you have been moved to a fallback server. 
20:49:18.309 INFO  Logging in. 
20:49:20.016 INFO  Discord: Logged in. 
20:49:27.194 INFO  Minecraft: [LP] Permissions data for your user was not loaded during the pre-login stage - unable to continue. Please try again later. If you are a server admin, please check the console for any errors. 
20:49:28.219 INFO  Minecraft: Could not connect to target server, you have been moved to a fallback server. 
20:54:32.745 INFO  Logging in. 
20:54:34.557 INFO  Discord: Logged in. 
20:54:41.025 INFO  Minecraft: [LP] Permissions data for your user was not loaded during the pre-login stage - unable to continue. Please try again later. If you are a server admin, please check the console for any errors. 
20:54:42.054 INFO  Minecraft: Could not connect to target server, you have been moved to a fallback server. 
20:59:48.786 INFO  Logging in. 
20:59:50.618 INFO  Discord: Logged in. 
20:59:57.635 INFO  Minecraft: [LP] Permissions data for your user was not loaded during the pre-login stage - unable to continue. Please try again later. If you are a server admin, please check the console for any errors. 
20:59:58.658 INFO  Minecraft: Could not connect to target server, you have been moved to a fallback server. 
21:05:01.900 INFO  Logging in. 
21:05:03.300 INFO  Discord: Logged in. 
21:05:06.632 INFO  Minecraft: Could not connect to target server, you have been moved to a fallback server. 
21:10:09.807 INFO  Logging in. 
21:10:11.090 INFO  Discord: Logged in. 
21:10:13.044 INFO  Logged in. 
21:10:13.161 INFO  Minecraft: You've found a hidden MYSTERY BOX! 
21:10:16.772 INFO  Sending to skyblock. 
21:10:20.550 INFO  Minecraft: Unknown command. Type "/help" for help. 
21:10:20.559 INFO  Minecraft: Unknown command. Type "/help" for help. 
21:39:24.842 INFO  Discord: [锔guild-chat] Dev/Mod BamBoozledMC: !clear 10 
21:39:24.888 INFO  Minecraft: You do not have access to that command. 
21:39:32.833 INFO  Discord: [锔guild-chat] Dev/Mod BamBoozledMC: ?purge 20 
21:39:32.846 INFO  Minecraft: You do not have access to that command. 
21:39:50.125 INFO  Discord: [锔officer-chat] Dev/Mod BamBoozledMC: ?purge 20 
21:39:50.132 INFO  Minecraft: Unknown command. Type "/help" for help. 
21:42:05.717 INFO  Minecraft: [SERVER] > hello  
21:42:11.646 INFO  Minecraft: Kixodic: ayup 
21:42:41.853 INFO  Minecraft: [SERVER] > survival is 1.16 but is backwards conpatible  
21:43:58.998 INFO  Minecraft: Kixodic: 41 
21:44:04.101 INFO  Minecraft: [Broadcast] say i see you figure out commands 
21:44:06.866 INFO  Minecraft: [Server] awesome 
21:44:21.704 INFO  Minecraft: Kixodic: well its like 80 now but still 
21:44:26.349 INFO  Minecraft: [Server] sus 
21:44:40.902 INFO  Minecraft: [Server] might be cause ur doin somwthing or im doing something 
21:44:56.237 INFO  Minecraft: [Server] also you *are* on the other side of australia 
21:45:05.604 INFO  Minecraft: [Server] whats the experience over all 
21:45:25.645 INFO  Minecraft: Kixodic: uhhh pretty good, survival seems fine, lobby looks cool 

