00:22:33.167 INFO  Minecraft: Guild > 4717 joined. 
00:24:17.637 INFO  Minecraft: Guild > 4717 left. 
00:32:35.852 INFO  Minecraft: Guild > boxed_cat joined. 
00:35:18.512 INFO  Minecraft: Guild > FabledLivid left. 
00:37:06.153 INFO  Minecraft: Guild > FabledLivid joined. 
00:40:54.823 INFO  Minecraft: Guild > FabledLivid left. 
00:44:28.323 INFO  Minecraft: Guild > boxed_cat left. 
00:49:02.179 INFO  Minecraft: Guild > FabledLivid joined. 
00:49:26.928 INFO  Minecraft: Guild > boxed_cat joined. 
00:52:45.149 INFO  Minecraft: Guild > FabledLivid left. 
00:53:24.129 INFO  Minecraft: Guild > boxed_cat left. 
01:05:06.314 INFO  Minecraft: Guild > boxed_cat joined. 
01:08:35.138 INFO  Minecraft: Guild > boxed_cat joined. 
01:08:36.360 INFO  Minecraft: Guild > boxed_cat left. 
01:08:50.071 INFO  Minecraft: Guild > boxed_cat left. 
01:09:00.308 INFO  Minecraft: Guild > boxed_cat joined. 
01:12:28.703 INFO  Minecraft: Guild > boxed_cat left. 
01:29:42.627 INFO  Minecraft: Guild > FabledLivid joined. 
01:31:29.481 INFO  Minecraft: Guild > FabledLivid left. 
01:34:00.689 INFO  Minecraft: Guild > boxed_cat joined. 
01:34:54.905 INFO  Minecraft: Guild > FabledLivid joined. 
01:35:04.965 INFO  Minecraft: Guild > boxed_cat left. 
01:36:32.896 INFO  Minecraft: Guild > FabledLivid left. 
01:36:37.143 INFO  Minecraft: Guild > boxed_cat joined. 
01:52:52.275 INFO  Minecraft: Guild > FabledLivid joined. 
01:59:23.641 INFO  Minecraft: Guild > FabledLivid left. 
02:00:11.987 INFO  Minecraft:  
02:00:12.004 INFO  Minecraft: [WATCHDOG ANNOUNCEMENT] 
02:00:12.006 INFO  Minecraft: Watchdog has banned 33,583 players in the last 7 days. 
02:00:12.006 INFO  Minecraft: Staff have banned an additional 11,145 in the last 7 days. 
02:00:12.007 INFO  Minecraft: Blacklisted modifications are a bannable offense! 
02:00:12.008 INFO  Minecraft:  
02:00:36.540 INFO  Minecraft: Guild > FabledLivid joined. 
02:03:18.328 INFO  Minecraft: Guild > FabledLivid left. 
02:21:28.776 INFO  Minecraft: Guild > FabledLivid joined. 
02:28:59.957 INFO  Minecraft: Guild > FabledLivid left. 
02:49:12.583 INFO  Minecraft: Guild > Za1bot joined. 
02:51:18.024 INFO  Minecraft: Guild > boxed_cat left. 
02:52:46.803 INFO  Minecraft: Guild > OwOPingu joined. 
02:53:30.883 INFO  Minecraft: Guild > The4p1 joined. 
03:01:11.990 INFO  Minecraft: Guild > FabledLivid joined. 
03:15:18.189 INFO  Minecraft: Guild > FabledLivid left. 
03:15:25.033 INFO  Minecraft: Guild > OwOPingu left. 
03:16:57.006 INFO  Minecraft: Guild > 4717 joined. 
03:17:18.976 INFO  Minecraft: Guild > 4717 left. 
03:18:13.308 INFO  Minecraft: Guild > 4717 joined. 
03:23:36.395 INFO  Minecraft: Guild > nicemoney joined. 
03:24:23.668 INFO  Minecraft: Guild > FabledLivid joined. 
03:28:01.539 INFO  Minecraft: Guild > FabledLivid left. 
03:42:42.900 INFO  Minecraft: Guild > TimothyPlays57 joined. 
03:44:56.041 INFO  Minecraft: Guild > 4717 left. 
03:47:20.887 INFO  Minecraft: Guild > Micah_W joined. 
03:52:01.665 INFO  Minecraft: Guild > SnowedSeal joined. 
03:52:08.961 INFO  Minecraft: Guild > [MVP++] SnowedSeal [LS]: henlo 
03:52:22.590 INFO  Minecraft: Guild > TimothyPlays57 left. 
03:53:08.114 INFO  Minecraft: Guild > [MVP++] SnowedSeal [LS]: triple xp gone? 
03:53:09.946 INFO  Minecraft: Guild > [MVP++] SnowedSeal [LS]: nvm 
03:53:48.157 INFO  Minecraft: Guild > [MVP++] SnowedSeal [LS]: wtf? 
03:53:51.227 INFO  Minecraft: Guild > [MVP++] SnowedSeal [LS]: wc 
03:54:39.110 INFO  Minecraft: Guild > [MVP++] SnowedSeal [LS]: i lost it 
03:54:40.422 INFO  Minecraft: Guild > [MVP++] SnowedSeal [LS]: wep 
03:54:41.772 INFO  Minecraft: Guild > [MVP++] SnowedSeal [LS]: welp 
03:54:42.601 INFO  Minecraft: Guild > [MVP++] SnowedSeal [LS]: goodbye 
03:57:18.317 INFO  Minecraft: Guild > FabledLivid joined. 
04:00:12.369 INFO  Minecraft:  
04:00:12.377 INFO  Minecraft: [WATCHDOG ANNOUNCEMENT] 
04:00:12.378 INFO  Minecraft: Watchdog has banned 33,839 players in the last 7 days. 
04:00:12.379 INFO  Minecraft: Staff have banned an additional 11,268 in the last 7 days. 
04:00:12.379 INFO  Minecraft: Blacklisted modifications are a bannable offense! 
04:00:12.380 INFO  Minecraft:  
04:01:07.088 INFO  Minecraft: Guild > nicemoney left. 
04:02:19.479 INFO  Minecraft: Guild > SnowedSeal left. 
04:02:29.516 INFO  Minecraft: Guild > OwOPingu joined. 
04:07:35.424 INFO  Minecraft: Guild > UnknownShadow124 joined. 
04:12:06.129 INFO  Discord: [💬→︱guild-chat] Gura's Shrimp: GG m3 comp 
04:12:06.527 INFO  Minecraft: Guild > Minikloons [LS]: Gura'sShrimp» GG m3 comp 
04:15:30.143 INFO  Minecraft: §C§LSEASON OF JERRY Mount Jerry is going to erupt in 3 days! Go to Jerry's Workshop to save the Jerrys and their Gifts! CLICK HERE to join! 
04:19:34.446 INFO  Minecraft: Guild > UnknownShadow124 left. 
04:22:37.083 INFO  Minecraft: [Important] This server will restart soon: Scheduled Reboot 
04:22:37.093 INFO  Minecraft: You have 60 seconds to warp out! CLICK to warp now! 
04:23:35.107 INFO  Minecraft: Evacuating to Hub... 
04:23:35.280 INFO  Minecraft: Sending to server mega51C... 
04:23:35.318 INFO  Logged in. 
04:23:36.356 INFO  Minecraft:         
04:23:40.322 INFO  Sending to skyblock. 
04:23:46.374 INFO  Minecraft: Kingofsoccer557: go buy my really cheap sword super op does over 5000k damge go buy rn before it is gone only a little left cheapest on there 
04:23:46.767 INFO  Minecraft: You are playing on profile: Zucchini (Co-op) 
04:23:47.581 INFO  Minecraft: You are already playing SkyBlock! 
04:23:47.648 INFO  Minecraft: [MVP++] duarmo: 123 Selling T11 Snow Minion for 1.1M /p me 123 <('O')> ➜ OOF 
04:23:48.960 INFO  Minecraft: [MVP+] ClutchBeats: selling t11 clay and t11 melon minions /p me 
04:23:49.218 INFO  Minecraft: Warping you to your SkyBlock island... 
04:23:49.253 INFO  Minecraft: [VIP+] Serokid: selling t2 sugar cane hoe and t2 netherwart hoe for a perfect chestplate /p me 
04:23:49.342 INFO  Minecraft: Sending to server mini451H... 
04:23:49.392 INFO  Logged in. 
04:23:49.696 INFO  Minecraft:         
04:23:53.294 INFO  Minecraft: You are playing on profile: Zucchini (Co-op) 
04:23:54.453 INFO  Sending to skyblock. 
04:23:54.768 INFO  Minecraft: You are already playing SkyBlock! 
04:23:59.900 INFO  Minecraft: You're already sitting on this island! 
04:29:13.005 INFO  Minecraft: Guild > Pizzas_faces joined. 
04:29:59.862 INFO  Minecraft: Guild > Pizzas_faces left. 
04:30:47.500 INFO  Minecraft: Guild > Pizzas_faces joined. 
04:31:07.768 INFO  Minecraft: Guild > The4p1 left. 
04:31:17.431 INFO  Minecraft: Guild > Pizzas_faces left. 
04:33:18.622 INFO  Minecraft: Guild > Pizzas_faces joined. 
04:33:28.941 INFO  Minecraft: Guild > Pizzas_faces left. 
04:33:38.173 INFO  Minecraft: Guild > 4717 joined. 
04:35:49.774 INFO  Minecraft: §C§LSEASON OF JERRY Mount Jerry is going to erupt in 2 days! Go to Jerry's Workshop to save the Jerrys and their Gifts! CLICK HERE to join! 
04:35:58.066 INFO  Minecraft: Guild > Pizzas_faces joined. 
04:36:37.337 INFO  Minecraft: Guild > UnknownShadow124 joined. 
04:43:44.827 INFO  Minecraft: Guild > FabledLivid left. 
04:47:29.641 INFO  Minecraft: Guild > OwOPingu left. 
04:47:31.934 INFO  Minecraft: Guild > OwOPingu joined. 
04:47:46.882 INFO  Minecraft: Guild > Pizzas_faces left. 
04:55:47.921 INFO  Minecraft: §C§LSEASON OF JERRY Mount Jerry is going to erupt in 1 day! Go to Jerry's Workshop to save the Jerrys and their Gifts! CLICK HERE to join! 
04:57:31.921 INFO  Minecraft: Guild > UnknowAccount joined. 
05:03:23.848 INFO  Minecraft: Guild > FabledLivid joined. 
05:05:44.497 INFO  Minecraft: Guild > ASovietDoge joined. 
05:08:57.880 INFO  Minecraft: Guild > OwOPingu left. 
05:11:41.325 INFO  Minecraft: Guild > FabledLivid left. 
05:11:46.372 INFO  Minecraft: Guild > OwOPingu joined. 
05:15:05.101 INFO  Minecraft: Guild > FabledLivid joined. 
05:15:28.274 INFO  Minecraft: Guild > [VIP] FabledLivid [M]: anyone ultimate bw? 
05:15:40.474 INFO  Minecraft: Guild > [VIP+] OwOPingu [F]: ill play one 
05:15:55.076 INFO  Minecraft: Guild > [VIP] FabledLivid [M]: k 
05:15:56.751 INFO  Minecraft: Guild > [VIP] FabledLivid [M]: 1 secc 
05:16:14.463 INFO  Minecraft: Guild > [VIP] FabledLivid [M]: red inc 
05:16:19.910 INFO  Minecraft: Guild > [VIP] FabledLivid [M]: wc 
05:17:14.926 INFO  Minecraft: §C§LSEASON OF JERRY Mount Jerry is moments away from erupting! Go to Jerry's Workshop to save the Gifts! CLICK HERE to join! 
05:28:21.217 INFO  Minecraft: Guild > Micah_W left. 
05:28:59.187 INFO  Minecraft: Guild > UnknownShadow124 left. 
05:33:56.163 INFO  Minecraft: Guild > Micah_W joined. 
05:38:31.389 INFO  Minecraft: Guild > FabledLivid left. 
05:40:09.578 INFO  Minecraft: Guild > 4717 left. 
05:55:00.792 INFO  Minecraft: The New Year’s Celebration event is starting in 3 days! 
05:57:01.533 INFO  Minecraft: Guild > boxed_cat joined. 
06:00:13.799 INFO  Minecraft:  
06:00:13.808 INFO  Minecraft: [WATCHDOG ANNOUNCEMENT] 
06:00:13.809 INFO  Minecraft: Watchdog has banned 34,236 players in the last 7 days. 
06:00:13.809 INFO  Minecraft: Staff have banned an additional 11,396 in the last 7 days. 
06:00:13.810 INFO  Minecraft: Blacklisted modifications are a bannable offense! 
06:00:13.811 INFO  Minecraft:  
06:01:13.738 INFO  Minecraft: Guild > OwOPingu left. 
06:01:21.224 INFO  Minecraft: Guild > OwOPingu joined. 
06:07:12.720 INFO  Minecraft: Guild > ASovietDoge left. 
06:11:27.545 INFO  Minecraft: Guild > FabledLivid joined. 
06:14:08.065 INFO  Minecraft: Guild > OwOPingu left. 
06:14:11.188 INFO  Minecraft: Guild > OwOPingu joined. 
06:15:00.754 INFO  Minecraft: The New Year’s Celebration event is starting in 2 days! 
06:22:57.781 INFO  Minecraft: Guild > [VIP] FabledLivid [M]: why tf are spirit stones 1.8m per 
06:24:19.206 INFO  Minecraft: Guild > FabledLivid left. 
06:24:56.041 INFO  Minecraft: Guild > OwOWolfs joined. 
06:27:16.313 INFO  Minecraft: Guild > noteisaqt joined. 
06:33:51.803 INFO  Minecraft: Guild > OwOPingu left. 
06:35:00.935 INFO  Minecraft: The New Year’s Celebration event is starting in 1 day! 
06:37:25.955 INFO  Minecraft: Guild > OwOPingu joined. 
06:37:37.808 INFO  Minecraft: Guild > OwOPingu left. 
06:38:09.147 INFO  Minecraft: Guild > OwOPingu joined. 
06:38:59.833 INFO  Minecraft: Guild > OwOPingu left. 
06:40:32.363 INFO  Minecraft: Guild > OwOPingu joined. 
06:40:43.933 INFO  Minecraft: Guild > Za1bot left. 
06:41:01.994 INFO  Minecraft: Guild > OwOPingu left. 
06:43:15.915 INFO  Minecraft: Guild > OwOPingu joined. 
06:43:48.863 INFO  Minecraft: Guild > [VIP+] OwOPingu [F]: pog just got sbe 
06:48:00.105 INFO  Minecraft: Guild > OwOWolfs left. 
06:48:19.708 INFO  Minecraft: Guild > OwOWolfs joined. 
06:50:54.058 INFO  Minecraft: Guild > Micah_W left. 
06:51:50.295 INFO  Minecraft: Guild > Micah_W joined. 
06:51:51.336 INFO  Minecraft: Guild > OwOWolfs left. 
06:53:08.400 INFO  Minecraft: Guild > OwOWolfs joined. 
06:56:32.368 INFO  Minecraft: A Event: New Year’s Celebration! A 
06:56:32.376 INFO  Minecraft: Everyone is having a party in the Village! 
06:56:32.377 INFO  Minecraft: Go there and talk to the Baker to get your New Year's Cake! 
06:56:32.399 INFO  Minecraft:  
07:07:16.329 INFO  Minecraft: Guild > 4717 joined. 
07:08:53.519 INFO  Minecraft: Guild > UnknowAccount left. 
07:14:58.845 INFO  Minecraft: Guild > noteisaqt left. 
07:16:04.634 INFO  Minecraft: Guild > UnknownShadow124 joined. 
07:16:33.492 INFO  Minecraft: A Event: New Year’s Celebration! A 
07:16:33.582 INFO  Minecraft: Everyone is having a party in the Village! 
07:16:33.584 INFO  Minecraft: Go there and talk to the Baker to get your New Year's Cake! 
07:16:33.585 INFO  Minecraft:  
07:36:15.366 INFO  Minecraft: Guild > ASovietDoge joined. 
07:36:29.622 INFO  Minecraft: Guild > 4717 left. 
07:36:32.129 INFO  Minecraft: A Event: New Year’s Celebration! A 
07:36:32.131 INFO  Minecraft: Everyone is having a party in the Village! 
07:36:32.155 INFO  Minecraft: Go there and talk to the Baker to get your New Year's Cake! 
07:36:32.156 INFO  Minecraft:  
07:37:38.434 INFO  Minecraft: Guild > OwOPingu left. 
07:38:46.679 INFO  Minecraft: Guild > OwOPingu joined. 
07:41:24.643 INFO  Minecraft: Guild > boxed_cat left. 
07:45:13.370 INFO  Minecraft: Guild > OwOPingu left. 
07:46:07.396 INFO  Minecraft: Guild > OwOPingu joined. 
07:50:48.548 INFO  Minecraft: Guild > OwOPingu left. 
07:52:45.314 INFO  Minecraft: Guild > OwOPingu joined. 
07:54:41.370 INFO  Minecraft: Guild > UnknownShadow124 left. 
07:55:57.545 INFO  Minecraft: Guild > Pizzas_faces joined. 
08:00:13.737 INFO  Minecraft:  
08:00:13.750 INFO  Minecraft: [WATCHDOG ANNOUNCEMENT] 
08:00:13.751 INFO  Minecraft: Watchdog has banned 34,894 players in the last 7 days. 
08:00:13.752 INFO  Minecraft: Staff have banned an additional 11,438 in the last 7 days. 
08:00:13.753 INFO  Minecraft: Blacklisted modifications are a bannable offense! 
08:00:13.754 INFO  Minecraft:  
08:03:58.421 INFO  Minecraft: Guild > OwOPingu left. 
08:05:28.052 INFO  Minecraft: Guild > OwOPingu joined. 
08:12:12.799 INFO  Minecraft: Guild > Pizzas_faces left. 
08:12:30.801 INFO  Minecraft: Guild > OwOPingu left. 
08:13:16.796 INFO  Minecraft: Guild > OwOPingu joined. 
08:15:48.930 INFO  Minecraft: Guild > OwOPingu left. 
08:16:07.227 INFO  Minecraft: Guild > OwOPingu joined. 
08:26:32.944 INFO  Minecraft: Guild > OwOWolfs left. 
08:36:20.151 INFO  Minecraft: Guild > ranger4josh joined. 
08:46:48.477 INFO  Minecraft: Guild > clonzy joined. 
09:14:32.153 INFO  Minecraft: Guild > Micah_W left. 
09:23:06.019 INFO  Minecraft: Guild > ASovietDoge left. 
09:46:31.570 INFO  Minecraft: Guild > [MVP+] ranger4josh [M]: lol im 1/5th the way to fishing 26 
09:46:48.635 INFO  Minecraft: Guild > [MVP+] ranger4josh [M]: cant wait till i can use my soul whip 
09:46:51.686 INFO  Minecraft: Guild > ranger4josh left. 
10:00:13.873 INFO  Minecraft:  
10:00:13.886 INFO  Minecraft: [WATCHDOG ANNOUNCEMENT] 
10:00:13.887 INFO  Minecraft: Watchdog has banned 35,035 players in the last 7 days. 
10:00:13.888 INFO  Minecraft: Staff have banned an additional 11,419 in the last 7 days. 
10:00:13.888 INFO  Minecraft: Blacklisted modifications are a bannable offense! 
10:00:13.889 INFO  Minecraft:  
10:10:33.491 INFO  Minecraft: Guild > SnowedSeal joined. 
10:10:37.968 INFO  Minecraft: Guild > [MVP++] SnowedSeal [LS]: henlo 
10:13:21.318 INFO  Minecraft: Guild > boxed_cat joined. 
10:17:10.407 INFO  Minecraft: Guild > SnowedSeal left. 
10:21:41.772 INFO  Minecraft: Guild > SnowedSeal joined. 
10:21:47.720 INFO  Minecraft: Guild > [MVP++] SnowedSeal [LS]: henlo 
10:21:56.171 INFO  Minecraft: Guild > [VIP] boxed_cat [M]: hello 
10:21:58.339 INFO  Minecraft: Guild > [MVP++] SnowedSeal [LS]: ℯ' 
10:22:03.147 INFO  Minecraft: Guild > [MVP++] SnowedSeal [LS]: 5zig is nice 
10:22:06.548 INFO  Minecraft: Guild > [MVP++] SnowedSeal [LS]: :speed: 
10:23:23.694 INFO  Minecraft: Guild > ShredderSeal joined. 
10:24:49.787 INFO  Minecraft: Guild > [VIP] ShredderSeal [M]: pog 
10:25:00.293 INFO  Minecraft: Guild > [VIP] ShredderSeal [M]: now im like 30m richer than before or something 
10:25:48.916 INFO  Minecraft: Guild > [VIP] boxed_cat [M]: pog 2 more collections until max collections 
10:26:24.967 INFO  Minecraft: Guild > [VIP] ShredderSeal [M]: what is a pog pog mage item for below 30m? 
10:26:40.017 INFO  Minecraft: Guild > [VIP] boxed_cat [M]: spirit sceptre is the only thing that comes to mind 
10:26:46.449 INFO  Minecraft: Guild > [VIP] ShredderSeal [M]: same 
10:26:56.649 INFO  Minecraft: Guild > [VIP] ShredderSeal [M]: i mean i alr have midas but it lacks so much 
10:27:00.532 INFO  Minecraft: Guild > [VIP] boxed_cat [M]: i remember that i used voodoo + frozen scythe + spirit sceptre 
10:27:10.606 INFO  Minecraft: Guild > [VIP] boxed_cat [M]: then upgraded to midas + spirit sceptre 
10:27:24.544 INFO  Minecraft: Guild > [VIP] ShredderSeal [M]: fun fact: 20m midas is already decent for normal floors 
10:27:25.273 INFO  Minecraft: Guild > [VIP] boxed_cat [M]: ice spray is nice if you have a midas 
10:27:30.433 INFO  Minecraft: Guild > [VIP] ShredderSeal [M]: true 
10:27:41.313 INFO  Minecraft: Guild > [VIP] ShredderSeal [M]: but idk how i will attack things in the air 
10:27:44.860 INFO  Minecraft: Guild > [VIP] boxed_cat [M]: why are they so expensive now tho 
10:27:46.396 INFO  Minecraft: Guild > [VIP] boxed_cat [M]: uh 
10:27:50.430 INFO  Minecraft: Guild > [VIP] ShredderSeal [M]: what is? 
10:27:51.624 INFO  Minecraft: Guild > [VIP] boxed_cat [M]: you dont :D 
10:28:07.382 INFO  Minecraft: Guild > [VIP] boxed_cat [M]: what thing in the air are you gonna attack 
10:28:18.000 INFO  Minecraft: Guild > [VIP] ShredderSeal [M]: necron or prof 
10:28:23.541 INFO  Minecraft: Guild > [VIP] ShredderSeal [M]: idk about necron though 
10:28:24.641 INFO  Minecraft: Guild > [MVP++] SnowedSeal [LS]: prof? 
10:28:31.072 INFO  Minecraft: Guild > [VIP] ShredderSeal [M]: professor 
10:28:33.388 INFO  Minecraft: Guild > [VIP] boxed_cat [M]: but necron has 99% magic damage reduction :/ 
10:28:34.803 INFO  Minecraft: Guild > [MVP++] SnowedSeal [LS]: w? 
10:28:40.118 INFO  Minecraft: Guild > [VIP] ShredderSeal [M]: no? 
10:28:43.340 INFO  Minecraft: Guild > [MVP++] SnowedSeal [LS]: professor armor? 
10:28:59.381 INFO  Minecraft: Guild > [VIP] ShredderSeal [M]: no the f3 boss 
10:29:02.391 INFO  Minecraft: Guild > [VIP] ShredderSeal [M]: and m3 
10:29:18.439 INFO  Minecraft: Guild > [VIP] ShredderSeal [M]: necron doesnt have 99% 
10:29:20.716 INFO  Minecraft: Guild > [VIP] boxed_cat [M]: ok well f3 isnt that good for anything and m3 you need hype anyways 
10:29:23.444 INFO  Minecraft: Guild > [VIP] ShredderSeal [M]: but still high 
10:29:33.620 INFO  Minecraft: Guild > [VIP] ShredderSeal [M]: true 
10:29:35.469 INFO  Minecraft: Guild > [VIP] ShredderSeal [M]: but hm 
10:29:45.610 INFO  Minecraft: Guild > [VIP] boxed_cat [M]: i just swapped to berserk lmao 
10:29:51.960 INFO  Minecraft: Guild > [VIP] ShredderSeal [M]: why 
10:30:02.530 INFO  Minecraft: Guild > [VIP] boxed_cat [M]: so i wont be useless outside of dungeons 
10:30:06.875 INFO  Minecraft: Guild > [VIP] ShredderSeal [M]: berserk is the 2nd most bad class rn 
10:30:12.541 INFO  Minecraft: Guild > [VIP] boxed_cat [M]: well yea 
10:30:14.107 INFO  Minecraft: Guild > [VIP] ShredderSeal [M]: archer better lmao 
10:30:16.051 INFO  Minecraft: Guild > [MVP++] SnowedSeal [LS]: wtf? 
10:30:19.620 INFO  Minecraft: Guild > [VIP] boxed_cat [M]: feels terrible inside of dungeon 
10:30:23.520 INFO  Minecraft: Guild > [VIP] boxed_cat [M]: unless you aots 
10:30:29.923 INFO  Minecraft: Guild > [VIP] ShredderSeal [M]: no seriously 
10:30:34.321 INFO  Minecraft: Guild > [VIP] ShredderSeal [M]: even with aots 
10:30:40.541 INFO  Minecraft: Guild > [MVP++] SnowedSeal [LS]: >:( 
10:30:48.080 INFO  Minecraft: Guild > [VIP] ShredderSeal [M]: juju much better 
10:30:53.221 INFO  Minecraft: Guild > [VIP] boxed_cat [M]: well im 310mil of the way to hype anyways so 
10:31:07.554 INFO  Minecraft: Guild > [VIP] boxed_cat [M]: also btw 
10:31:11.331 INFO  Minecraft: Guild > [VIP] boxed_cat [M]: why are storm's prices like 
10:31:13.358 INFO  Minecraft: Guild > [VIP] boxed_cat [M]: dead 
10:31:26.214 INFO  Minecraft: Guild > [VIP] ShredderSeal [M]: idk but its one of the reason why i go mage 
10:31:37.626 INFO  Minecraft: Guild > [VIP] ShredderSeal [M]: im simply to lazy to be an archer 
10:31:46.649 INFO  Minecraft: Guild > [VIP] ShredderSeal [M]: beside now i can oneshot voidlings now 
10:31:53.231 INFO  Minecraft: Guild > [VIP] ShredderSeal [M]: without proper eslayer gear 
10:32:13.035 INFO  Minecraft: Guild > [VIP] boxed_cat [M]: i kinda just gave up doing eslayer until gsword 
10:32:17.399 INFO  Minecraft: [SkyBlock] [MVP+] SweeterCornet is visiting Your Island! 
10:32:17.970 INFO  Minecraft: Guild > [MVP++] SnowedSeal [LS]: same 
10:32:26.361 INFO  Minecraft: Guild > [MVP++] SnowedSeal [LS]: now im bak 
10:32:30.690 INFO  Minecraft: Guild > [VIP] boxed_cat [M]: i dropped a gsword but i sold it when it was at 80mil ;-; 
10:32:31.349 INFO  Minecraft: Guild > [MVP++] SnowedSeal [LS]: well i need final dest 
10:32:47.140 INFO  Minecraft: Guild > [VIP] ShredderSeal [M]: just use mage gear with like a staff and m3 souls 
10:32:53.709 INFO  Minecraft: Guild > [VIP] ShredderSeal [M]: cheaper than gs 
10:33:00.749 INFO  Minecraft: Guild > [MVP++] SnowedSeal [LS]: f 
10:33:03.413 INFO  Minecraft: Guild > [VIP] boxed_cat [M]: too stingy im currently a ofa sf berserk lmao 
10:33:10.377 INFO  Minecraft: Guild > [MVP++] SnowedSeal [LS]: shredder you got some money to spare? 
10:33:14.818 INFO  Minecraft: Guild > [VIP] ShredderSeal [M]: ew ofa 
10:33:15.520 INFO  Minecraft: Guild > [VIP] boxed_cat [M]: hype aint gonna pay for itself 
10:33:16.337 INFO  Minecraft: Guild > [MVP++] SnowedSeal [LS]: im on new profile 
10:33:16.989 INFO  Minecraft: Guild > [VIP] ShredderSeal [M]: i mean 
10:33:19.302 INFO  Minecraft: Guild > [VIP] ShredderSeal [M]: we sf 
10:33:22.241 INFO  Minecraft: Guild > [VIP] ShredderSeal [M]: ew sf 
10:33:30.888 INFO  Minecraft: Guild > [VIP] ShredderSeal [M]: snowed. no 
10:33:39.313 INFO  Minecraft: Guild > [MVP++] SnowedSeal [LS]: im non 
10:33:42.010 INFO  Minecraft: Guild > [VIP] ShredderSeal [M]: im not giving coins rn 
10:33:54.535 INFO  Minecraft: Guild > [VIP] ShredderSeal [M]: sure i have 30m but not now 
10:35:11.264 INFO  Minecraft: Guild > [VIP] boxed_cat [M]: having hurtcam turned off feels so strange 
10:35:23.603 INFO  Minecraft: Guild > [VIP] ShredderSeal [M]: what 
10:35:30.054 INFO  Minecraft: Guild > [VIP] ShredderSeal [M]: why 
10:35:37.496 INFO  Minecraft: Guild > [VIP] boxed_cat [M]: wdym why 
10:35:55.383 INFO  Minecraft: Guild > [VIP] ShredderSeal [M]: also now i need tank for f6 
10:36:01.253 INFO  Minecraft: Guild > [VIP] ShredderSeal [M]: so... pog ig? 
10:36:18.799 INFO  Minecraft: Guild > [MVP++] SnowedSeal [LS]: guys 
10:36:27.021 INFO  Minecraft: Guild > [VIP] ShredderSeal [M]: ima not sweat dungs after 2x exp ended 
10:36:30.112 INFO  Minecraft: Guild > [MVP++] SnowedSeal [LS]: should i fish while my headphones are broken and cant listen to anything? 
10:36:54.173 INFO  Minecraft: Guild > [MVP++] SnowedSeal [LS]: my phone broke too ;-; 
10:36:54.664 INFO  Minecraft: Guild > [VIP] boxed_cat [M]: you're gonna get a biased answer from me because i love fishing 
10:37:06.302 INFO  Minecraft: Guild > [VIP] ShredderSeal [M]: i like fishing 
10:37:12.543 INFO  Minecraft: Guild > [MVP++] SnowedSeal [LS]: shredder and boxed 
10:37:15.453 INFO  Minecraft: Guild > [VIP] ShredderSeal [M]: so dont ask us 
10:37:16.252 INFO  Minecraft: Guild > [MVP++] SnowedSeal [LS]: i hav question 
10:37:25.763 INFO  Minecraft: Guild > [VIP] boxed_cat [M]: hm? 
10:38:11.413 INFO  Minecraft: Guild > [MVP++] SnowedSeal [LS]: how long will it take me to get to fishing 26? 402k xp until fishing 25, im using shark scale, rots, dolphin pet and whale bait 
10:38:28.477 INFO  Minecraft: Guild > [VIP] ShredderSeal [M]: not even fishing 25 LLLLLLLLLLLLLLLLLLLLLLLLLL 
10:38:32.805 INFO  Minecraft: Guild > [MVP++] SnowedSeal [LS]: quiet 
10:38:46.702 INFO  Minecraft: Guild > [VIP] ShredderSeal [M]: about a week if u sweat it like me 
10:38:53.882 INFO  Minecraft: Guild > [MVP++] SnowedSeal [LS]: a week? 
10:38:57.476 INFO  Minecraft: Guild > [VIP] ShredderSeal [M]: yes 
10:38:59.294 INFO  Minecraft: Guild > [MVP++] SnowedSeal [LS]: someone said 14 hours 
10:38:59.299 INFO  Minecraft: Guild > [VIP] ShredderSeal [M]: a week 
10:39:06.608 INFO  Minecraft: Guild > [MVP++] SnowedSeal [LS]: how long do you even play? 
10:39:14.528 INFO  Minecraft: Guild > [VIP] boxed_cat [M]: uh it look me like 3 hours when 3 perk marina was active 
10:39:15.242 INFO  Minecraft: Guild > [VIP] ShredderSeal [M]: thats impossible, atleast from 24 to 26 
10:39:29.013 INFO  Minecraft: Guild > [MVP++] SnowedSeal [LS]: i c 
10:39:32.494 INFO  Minecraft: Guild > [VIP] boxed_cat [M]: oh wait 
10:39:35.284 INFO  Minecraft: Guild > [MVP++] SnowedSeal [LS]: ? 
10:39:35.305 INFO  Minecraft: Guild > [VIP] ShredderSeal [M]: oh yeah nvm its like 12 hours to fishing 26 from 25 
10:39:35.377 INFO  Minecraft: Guild > [VIP] boxed_cat [M]: 24-26 
10:39:37.451 INFO  Minecraft: Guild > [VIP] boxed_cat [M]: uhh 
10:40:12.483 INFO  Minecraft: Guild > [VIP] ShredderSeal [M]: snowed u need like 2 days or around 25hours if u sweat 
10:40:14.631 INFO  Minecraft: Guild > [VIP] boxed_cat [M]: like 7-9 hours if marina + fishing festival,  double if not 
10:40:17.721 INFO  Minecraft: Guild > [VIP] boxed_cat [M]: something like that 
10:40:19.726 INFO  Minecraft: Guild > [MVP++] SnowedSeal [LS]: k 
10:40:21.403 INFO  Minecraft: Guild > [VIP] ShredderSeal [M]: yeah 
10:40:21.549 INFO  Minecraft: Guild > [MVP++] SnowedSeal [LS]: thanks 
10:40:24.419 INFO  Minecraft: Guild > [VIP] ShredderSeal [M]: if no marina 
10:40:27.826 INFO  Minecraft: Guild > [VIP] boxed_cat [M]: not sure tho i kinda just lose track of time when fishing 
10:40:29.741 INFO  Minecraft: Guild > [VIP] ShredderSeal [M]: then around 25 hours 
10:40:46.752 INFO  Minecraft: Guild > [VIP] ShredderSeal [M]: with marina max 6 hours from 24-25 
10:40:55.418 INFO  Minecraft: Guild > [VIP] ShredderSeal [M]: 3 perk marina tho 
10:41:06.512 INFO  Minecraft: Guild > [MVP++] SnowedSeal [LS]: ojk 
10:41:07.562 INFO  Minecraft: Guild > [VIP] ShredderSeal [M]: depends on ur soul 
10:41:09.094 INFO  Minecraft: Guild > [MVP++] SnowedSeal [LS]: thank 
10:41:10.429 INFO  Minecraft: Guild > [MVP++] SnowedSeal [LS]: wot 
10:41:19.055 INFO  Minecraft: Guild > [VIP] ShredderSeal [M]: if u cant handle too much fishing 
10:41:27.149 INFO  Minecraft: Guild > [VIP] ShredderSeal [M]: then you need like a week 
10:41:29.575 INFO  Minecraft: Guild > [VIP] boxed_cat [M]: i think i managed to get 1 million exp in like 3-4 hours when fest and spooky came togetherr 
10:41:45.731 INFO  Minecraft: Guild > [VIP] ShredderSeal [M]: if u fish 1-2 hours per day then, from 24 to 26 gonna take forever 
10:41:46.947 INFO  Minecraft: Guild > [MVP++] SnowedSeal [LS]: k 
10:42:10.446 INFO  Minecraft: Guild > [MVP++] SnowedSeal [LS]: wtf happened to collosal xp bottles 
10:42:10.519 INFO  Minecraft: Guild > [VIP] ShredderSeal [M]: no way 
10:42:13.443 INFO  Minecraft: Guild > [VIP] ShredderSeal [M]: i smell cap 
10:42:21.927 INFO  Minecraft: Guild > [VIP] ShredderSeal [M]: theres no way 1m exp in 4 hours 
10:42:37.690 INFO  Minecraft: Guild > [VIP] ShredderSeal [M]: i barely got 100k xp per hour 
10:42:50.537 INFO  Minecraft: Guild > [VIP] ShredderSeal [M]: although my setup at the time were dumb 
10:43:32.957 INFO  Minecraft: Guild > [VIP] ShredderSeal [M]: do i buy sceptre? 
10:43:37.717 INFO  Minecraft: Guild > [VIP] boxed_cat [M]: yea mine was sharkscale, expertise 8 recomb rots, beacon 3 scc, etc 
10:43:41.098 INFO  Minecraft: Guild > [VIP] boxed_cat [M]: and 3 perk marina so 
10:43:45.204 INFO  Minecraft: Guild > [VIP] boxed_cat [M]: a bit cracked 
10:43:58.704 INFO  Minecraft: Guild > [VIP] ShredderSeal [M]: what level when u use it? 
10:44:11.477 INFO  Minecraft: Guild > [VIP] ShredderSeal [M]: 25? 
10:44:13.573 INFO  Minecraft: Guild > [VIP] boxed_cat [M]: wdym by what level 
10:44:15.703 INFO  Minecraft: Guild > [VIP] boxed_cat [M]: fishing? 
10:44:18.090 INFO  Minecraft: Guild > [VIP] ShredderSeal [M]: yes 
10:44:28.698 INFO  Minecraft: Guild > [VIP] boxed_cat [M]: i think i went from 27 to 28 
10:44:33.584 INFO  Minecraft: Guild > [VIP] ShredderSeal [M]: ah ok 
10:44:41.907 INFO  Minecraft: Guild > [VIP] boxed_cat [M]: fishing is relaxing 
10:44:42.961 INFO  Minecraft: Guild > [VIP] ShredderSeal [M]: i thought fishing lvl 25 or 26 and using that setup 
10:44:48.509 INFO  Minecraft: Guild > [VIP] ShredderSeal [M]: bit overkill tbh 
10:44:53.048 INFO  Minecraft: Guild > [VIP] boxed_cat [M]: friends say im mentally ill for liking fishing but 
10:44:54.652 INFO  Minecraft: Guild > [VIP] boxed_cat [M]: oh well 
10:45:08.606 INFO  Minecraft: Guild > [VIP] ShredderSeal [M]: i mean fishing is better than foraging but a bunch 
10:45:12.212 INFO  Minecraft: Guild > [VIP] boxed_cat [M]: yea 
10:45:20.848 INFO  Minecraft: Guild > [VIP] boxed_cat [M]: too bad its not that great without an event 
10:45:22.515 INFO  Minecraft: Guild > [VIP] ShredderSeal [M]: and easier than catacombs bcz party finder 
10:45:32.447 INFO  Minecraft: Guild > [MVP++] SnowedSeal [LS]: letsgoo 
10:45:34.437 INFO  Minecraft: Guild > [MVP++] SnowedSeal [LS]: livesteal 4 
10:45:38.402 INFO  Minecraft: Guild > [MVP++] SnowedSeal [LS]: lifesteal* 
10:45:45.725 INFO  Minecraft: Guild > [VIP+] OwOPingu [F]: is that good? 
10:45:52.785 INFO  Minecraft: Guild > [VIP] ShredderSeal [M]: i will say worse part about dungs is party finder and the toxicity 
10:46:06.172 INFO  Minecraft: Guild > [VIP] boxed_cat [M]: well i play league so 
10:46:13.719 INFO  Minecraft: Guild > [MVP++] SnowedSeal [LS]: nvm 
10:46:14.965 INFO  Minecraft: Guild > [MVP++] SnowedSeal [LS]: its not good 
10:46:17.480 INFO  Minecraft: Guild > [VIP+] OwOPingu [F]: f 
10:46:21.853 INFO  Minecraft: Guild > [VIP] boxed_cat [M]: toxicity is not a problem for me lmao 
10:46:22.247 INFO  Minecraft: Guild > [VIP] ShredderSeal [M]: bruh league players, how u survive 
10:46:25.165 INFO  Minecraft: Guild > [VIP] boxed_cat [M]: i play league and r6 
10:46:30.104 INFO  Minecraft: Guild > [VIP] boxed_cat [M]: lets just say im numb to it all now 
10:46:37.922 INFO  Minecraft: Guild > [VIP] ShredderSeal [M]: bruh 
10:46:49.928 INFO  Minecraft: Guild > [VIP] boxed_cat [M]: cry through the pain :D 
10:46:55.718 INFO  Minecraft: Guild > [VIP] ShredderSeal [M]: sad 
10:47:06.761 INFO  Minecraft: Guild > [VIP] ShredderSeal [M]: league became a meme now 
10:47:55.249 INFO  Minecraft: Guild > [VIP] boxed_cat [M]: it feels so bad to play but i still do for some unknown reason 
10:48:59.147 INFO  Minecraft: Guild > [VIP] ShredderSeal [M]: should i get scepter? cuz i mean i dont mid not making enemies frozen 
10:49:01.681 INFO  Minecraft: Guild > [VIP] boxed_cat [M]: theres a glitched murderlover having a seizure and im a bit disturbed 
10:49:02.947 INFO  Minecraft: Guild > [VIP] boxed_cat [M]: uh 
10:49:19.196 INFO  Minecraft: Guild > [VIP] boxed_cat [M]: up to you honestly 
10:49:28.533 INFO  Minecraft: Guild > [VIP] boxed_cat [M]: ice spray is super expensive now for some reason 
10:49:37.066 INFO  Minecraft: Guild > [VIP] boxed_cat [M]: so prob sceptre if you're stingy 
10:51:29.435 INFO  Minecraft: Guild > [VIP] ShredderSeal [M]: hmm i gues 
10:52:13.290 INFO  Minecraft: Guild > [VIP] boxed_cat [M]: btw does anyone know why ice sprays are so expensive 
10:52:23.375 INFO  Minecraft: Guild > [VIP+] OwOPingu [F]: cause they good in mm 
10:52:23.618 INFO  Minecraft: Guild > [VIP] boxed_cat [M]: i got mine back when it was 6mil, why are they like 25mil now 
10:52:27.605 INFO  Minecraft: Guild > [VIP] boxed_cat [M]: ohh 
10:52:29.582 INFO  Minecraft: Guild > [VIP+] OwOPingu [F]: 6 mil???? 
10:52:41.476 INFO  Minecraft: Guild > [VIP] boxed_cat [M]: actually 
10:52:44.121 INFO  Minecraft: Guild > [VIP] boxed_cat [M]: i think 
10:52:46.359 INFO  Minecraft: Guild > [VIP+] OwOPingu [F]: they went all the way down there 
10:52:51.420 INFO  Minecraft: Guild > [VIP] ShredderSeal [M]: same 
10:52:52.021 INFO  Minecraft: Guild > [VIP] boxed_cat [M]: like 11mil 
10:52:56.666 INFO  Minecraft: Guild > [VIP] boxed_cat [M]: or something low 
10:53:06.175 INFO  Minecraft: Guild > [VIP] ShredderSeal [M]: i bought mine for 7m before, and i sold it lol 
10:53:11.086 INFO  Minecraft: Guild > [VIP] boxed_cat [M]: ouch 
10:53:16.424 INFO  Minecraft: Guild > [VIP] ShredderSeal [M]: i mean 
10:53:18.411 INFO  Minecraft: Guild > [VIP] boxed_cat [M]: i dropped one and sold it for 15mil 
10:53:22.412 INFO  Minecraft: Guild > [VIP] ShredderSeal [M]: profit??? 
10:53:23.630 INFO  Minecraft: Guild > [VIP] boxed_cat [M]: but i mean i cant complain so eh 
10:53:38.404 INFO  Minecraft: Guild > [MVP++] SnowedSeal [LS]: there 
10:53:39.735 INFO  Minecraft: Guild > [MVP++] SnowedSeal [LS]: wc 
10:54:30.403 INFO  Minecraft: Guild > [VIP] boxed_cat [M]: trying to get sa 40 but all my skills are taking 6 billion years to level ;-; 
10:54:38.433 INFO  Minecraft: Guild > [VIP] ShredderSeal [M]: pog 
10:54:47.924 INFO  Minecraft: Guild > [VIP+] OwOPingu [F]: very pog 
10:55:12.510 INFO  Minecraft: Guild > [VIP] ShredderSeal [M]: im also trying for sa 40 
10:55:14.954 INFO  Minecraft: Guild > [VIP] ShredderSeal [M]: but uhh 
10:55:15.604 INFO  Minecraft: Guild > [VIP] boxed_cat [M]: "i spent 13mil to shiftclick plants into bottles for 3 hours" 
10:55:15.695 INFO  Minecraft: Guild > [MVP++] SnowedSeal [LS]: same 
10:55:25.344 INFO  Minecraft: Guild > WitheredRoyal joined. 
10:55:32.530 INFO  Minecraft: Guild > [VIP] ShredderSeal [M]: rn i asl 33 
10:55:33.538 INFO  Minecraft: Guild > [VIP] ShredderSeal [M]: i think 
10:55:36.163 INFO  Minecraft: Guild > [VIP+] OwOPingu [F]: did you lvl up pets? 
10:55:42.593 INFO  Minecraft: Guild > [VIP] ShredderSeal [M]: no 
10:55:48.534 INFO  Minecraft: Guild > [VIP] ShredderSeal [M]: i just use skill pet or something like that 
10:55:51.851 INFO  Minecraft: Guild > [VIP] boxed_cat [M]: yea i leveled 3 sheeps when getting alch 50 
10:55:52.338 INFO  Minecraft: Guild > [VIP] ShredderSeal [M]: !afk 
10:55:55.223 INFO  Minecraft: Guild > [VIP+] OwOPingu [F]: noic 
10:55:57.556 INFO  Minecraft: Guild > [VIP+] OwOPingu [F]: e 
10:55:59.584 INFO  Minecraft: Guild > [VIP] boxed_cat [M]: but thats about it 
10:56:02.699 INFO  Minecraft: Guild > [VIP] ShredderSeal [M]: bruh bot ded? 
10:56:04.137 INFO  Minecraft: Guild > [VIP] ShredderSeal [M]: anyways 
10:56:09.129 INFO  Minecraft: Guild > [VIP+] WitheredRoyal [M]: Its !lurk 
10:56:11.912 INFO  Minecraft: Guild > [VIP] boxed_cat [M]: im at sa 39.5 :/ 
10:56:13.828 INFO  Minecraft: Guild > [VIP] ShredderSeal [M]: ight 
10:56:15.288 INFO  Minecraft: Guild > [VIP+] OwOPingu [F]: :/ 
10:56:17.285 INFO  Minecraft: Guild > [VIP] ShredderSeal [M]: !lurk 
10:56:17.670 INFO  Minecraft: Guild > Minikloons [LS]: ShredderSeal is now lurking (AFK)! 
10:56:21.322 INFO  Minecraft: Guild > [VIP+] OwOPingu [F]: !lurk 
10:56:21.657 INFO  Minecraft: Guild > Minikloons [LS]: It seems that OwOPingu is lurking (AFK) now! 
10:56:26.730 INFO  Minecraft: Guild > [VIP+] OwOPingu [F]: !unlurk 
10:56:27.078 INFO  Minecraft: Guild > Minikloons [LS]: OwOPingu is no longer lurking (AFK)! 
10:56:30.403 INFO  Minecraft: Guild > [VIP+] OwOPingu [F]: :OOO 
10:56:38.726 INFO  Minecraft: Guild > [VIP] boxed_cat [M]: i didnt even know you could do that 
10:57:39.731 INFO  Minecraft: Guild > SnowedSeal left. 
11:02:17.880 INFO  Minecraft: Guild > [VIP+] WitheredRoyal [M]: Finally have all skills above lvl 20 
11:02:28.270 INFO  Minecraft: Guild > [VIP] boxed_cat [M]: nice 
11:02:33.762 INFO  Minecraft: Guild > [VIP] boxed_cat [M]: what was the last one? 
11:02:38.922 INFO  Minecraft: Guild > [VIP+] WitheredRoyal [M]: Foraging 
11:02:42.756 INFO  Minecraft: Guild > [VIP] boxed_cat [M]: naturally 
11:02:53.284 INFO  Minecraft: Guild > [VIP+] WitheredRoyal [M]: ye .-. 
11:03:09.164 INFO  Minecraft: Guild > [VIP] boxed_cat [M]: im refusing to touch that skill until a foraging update 
11:03:33.439 INFO  Minecraft: Guild > [VIP+] WitheredRoyal [M]: Yeah I'm not touching it anymore 
11:18:59.420 INFO  Minecraft: Guild > 4717 joined. 
11:19:22.191 INFO  Minecraft: Guild > 4717 left. 
11:19:52.305 INFO  Minecraft: Guild > WitheredRoyal left. 
11:21:46.814 INFO  Minecraft: Guild > WitheredRoyal joined. 
11:21:47.006 INFO  Minecraft: Guild > OwOWolfs joined. 
11:21:51.003 INFO  Minecraft: Guild > OwOWolfs left. 
11:30:44.654 INFO  Minecraft: Guild > FabledLivid joined. 
11:32:48.048 INFO  Minecraft: Guild > [VIP] FabledLivid [M]: darnit wolf JUST left 
11:33:24.343 INFO  Discord: [💬→︱guild-chat] Admin | TinyHarpSeal: F 
11:33:24.719 INFO  Minecraft: Guild > Minikloons [LS]: Admin| TinyHarpSeal» F 
11:33:27.570 INFO  Minecraft: Guild > [VIP] FabledLivid [M]: ikr 
11:33:40.408 INFO  Minecraft: Guild > [VIP] FabledLivid [M]: i wanted to tell wolf i finally got cata 30 :) 
11:33:48.439 INFO  Minecraft: Guild > [VIP+] WitheredRoyal [M]: gg 
11:33:54.215 INFO  Minecraft: Guild > [VIP] FabledLivid [M]: pogger 
11:34:00.043 INFO  Minecraft: Guild > [VIP] FabledLivid [M]: 20% to cata 31 too 
11:34:02.085 INFO  Minecraft: Guild > [VIP] FabledLivid [M]: m3 op 
11:34:13.116 INFO  Minecraft: Guild > [VIP+] WitheredRoyal [M]: People let you in their m3 parties? 
11:35:07.944 INFO  Minecraft: Guild > [VIP] FabledLivid [M]: yeah 
11:35:09.766 INFO  Minecraft: Guild > [VIP] FabledLivid [M]: mainly 
11:35:15.789 INFO  Minecraft: Guild > [VIP] FabledLivid [M]: bc cata 46 freind xD 
11:35:23.016 INFO  Minecraft: Guild > [VIP] FabledLivid [M]: ehhee 
11:35:29.706 INFO  Minecraft: Guild > [VIP+] WitheredRoyal [M]: Damn ;-; 
11:35:42.853 INFO  Minecraft: Guild > [VIP] FabledLivid [M]: im a lucky boi 
11:36:25.569 INFO  Minecraft: Guild > [VIP] FabledLivid [M]: im cata 30 
11:36:28.215 INFO  Minecraft: Guild > [VIP] FabledLivid [M]: wc 
11:42:14.809 INFO  Minecraft: Guild > FabledLivid left. 
11:42:29.907 INFO  Discord: [💬→︱guild-chat] Gura's Shrimp: cya guys need sleep 
11:42:30.225 INFO  Minecraft: Guild > Minikloons [LS]: Gura'sShrimp» cya guys need sleep 
11:42:38.851 INFO  Minecraft: Guild > [VIP+] WitheredRoyal [M]: Real gamers don't sleep 
11:42:49.318 INFO  Minecraft: Guild > [VIP+] WitheredRoyal [M]: jk gn :) 
11:42:53.076 INFO  Minecraft: Guild > YoMadaEatingRice joined. 
11:48:18.487 INFO  Discord: [💬→︱guild-chat] Gura's Shrimp: LOL 
11:48:18.973 INFO  Minecraft: Guild > Minikloons [LS]: Gura'sShrimp» LOL 
11:50:32.599 INFO  Minecraft: Guild > YoMadaEatingRice left. 
11:50:43.588 INFO  Minecraft: Guild > OwOPingu left. 
11:51:29.832 INFO  Minecraft: Guild > FabledLivid joined. 
12:00:14.064 INFO  Minecraft:  
12:00:14.073 INFO  Minecraft: [WATCHDOG ANNOUNCEMENT] 
12:00:14.074 INFO  Minecraft: Watchdog has banned 34,854 players in the last 7 days. 
12:00:14.075 INFO  Minecraft: Staff have banned an additional 11,488 in the last 7 days. 
12:00:14.076 INFO  Minecraft: Blacklisted modifications are a bannable offense! 
12:00:14.077 INFO  Minecraft:  
12:14:06.416 INFO  Minecraft: Guild > Micah_W joined. 
12:14:37.442 INFO  Minecraft: Guild > FabledLivid left. 
12:18:18.536 INFO  Minecraft: Guild > noteisaqt joined. 
12:18:49.453 INFO  Minecraft: Guild > boxed_cat left. 
12:22:52.758 INFO  Minecraft: Guild > noteisaqt left. 
12:23:10.874 INFO  Minecraft: Guild > ranger4josh joined. 
12:27:06.520 INFO  Minecraft: Guild > ShredderSeal left. 
12:29:40.430 INFO  Minecraft: Guild > [MVP+] ranger4josh [M]: omg 
12:29:41.736 INFO  Minecraft: Guild > [MVP+] ranger4josh [M]: guys 
12:29:51.985 INFO  Minecraft: Guild > [VIP+] WitheredRoyal [M]: :? 
12:29:58.176 INFO  Minecraft: Guild > [MVP+] ranger4josh [M]: you can steal other people's fishing mobs now 
12:30:04.295 INFO  Minecraft: Guild > [MVP+] ranger4josh [M]: and get the xp 
12:30:04.384 INFO  Minecraft: Guild > [VIP+] WitheredRoyal [M]: OwO 
12:37:41.372 INFO  Minecraft: Guild > [MVP+] ranger4josh [M]: sorry its not all fishing mobs 
12:37:45.819 INFO  Minecraft: Guild > [MVP+] ranger4josh [M]: its only the hydras 
12:37:51.389 INFO  Minecraft: Guild > [VIP+] WitheredRoyal [M]: f 
12:37:57.566 INFO  Minecraft: Guild > [MVP+] ranger4josh [M]: which are 8k xp per 
12:39:28.679 INFO  Minecraft: Guild > [MVP+] ranger4josh [M]: im sad i need 600k more fishing xp to use my ofa soul whip 
12:39:46.696 INFO  Minecraft: Guild > WitheredRoyal left. 
12:58:13.128 INFO  Minecraft: Guild > [MVP+] ranger4josh [M]: sort of 
13:00:02.602 INFO  Minecraft: Guild > ASovietDoge joined. 
13:01:04.676 INFO  Minecraft: Guild > [MVP+] ranger4josh [M]: do you get extra xp for fishing at the barn 
13:30:32.706 INFO  Minecraft: Guild > OwOPingu joined. 
13:31:39.643 INFO  Minecraft: Guild > ranger4josh left. 
13:44:02.308 INFO  Minecraft: Guild > Micah_W left. 
13:44:35.277 INFO  Minecraft: Guild > ASovietDoge left. 
13:44:52.240 INFO  Minecraft: Guild > Micah_W joined. 
13:46:18.395 INFO  Minecraft: Guild > ASovietDoge joined. 
14:00:14.252 INFO  Minecraft:  
14:00:14.260 INFO  Minecraft: [WATCHDOG ANNOUNCEMENT] 
14:00:14.261 INFO  Minecraft: Watchdog has banned 34,749 players in the last 7 days. 
14:00:14.262 INFO  Minecraft: Staff have banned an additional 11,499 in the last 7 days. 
14:00:14.263 INFO  Minecraft: Blacklisted modifications are a bannable offense! 
14:00:14.263 INFO  Minecraft:  
14:16:30.775 INFO  Minecraft: Guild > ASovietDoge left. 
14:24:25.866 INFO  Minecraft: Guild > ranger4josh joined. 
14:25:42.887 INFO  Minecraft: Guild > ShredderSeal joined. 
14:27:09.737 INFO  Minecraft: Guild > [MVP+] ranger4josh [M]: hehe i got 2 fishing xp boosts 
14:27:46.328 INFO  Minecraft: Guild > [VIP] ShredderSeal [M]: pog i nohave virus 
14:31:15.724 INFO  Discord: [💬→︱guild-chat] LS | SnowedSeal: e 
14:31:16.078 INFO  Minecraft: Guild > Minikloons [LS]: LS| SnowedSeal» e 
14:31:18.182 INFO  Discord: [💬→︱guild-chat] LS | SnowedSeal: wot 
14:31:18.644 INFO  Minecraft: Guild > Minikloons [LS]: LS| SnowedSeal» wot 
14:46:17.243 INFO  Minecraft: Guild > Micah_W left. 
14:47:49.276 INFO  Minecraft: Guild > Micah_W joined. 
15:44:25.050 INFO  Minecraft: Guild > [VIP] ShredderSeal [M]: spirit boots so pog 
16:00:14.436 INFO  Minecraft:  
16:00:14.446 INFO  Minecraft: [WATCHDOG ANNOUNCEMENT] 
16:00:14.447 INFO  Minecraft: Watchdog has banned 34,480 players in the last 7 days. 
16:00:14.448 INFO  Minecraft: Staff have banned an additional 11,598 in the last 7 days. 
16:00:14.449 INFO  Minecraft: Blacklisted modifications are a bannable offense! 
16:00:14.449 INFO  Minecraft:  
16:12:18.616 INFO  Minecraft: Guild > [VIP] ShredderSeal [M]: idk maybe 
16:12:20.917 INFO  Minecraft: Guild > [VIP] ShredderSeal [M]: wc 
16:12:39.549 INFO  Minecraft: Guild > Its_Angle joined. 
16:12:47.487 INFO  Minecraft: Guild > Its_Angle left. 
16:18:18.518 INFO  Minecraft: Guild > [MVP+] ranger4josh [M]: hehe ive gotten 408k fishing xp today so far 
16:20:48.532 INFO  Minecraft: Guild > OwOPingu left. 
16:22:12.085 INFO  Minecraft: Guild > [MVP+] ranger4josh [M]: anyone here old enough to drink 
16:22:14.792 INFO  Minecraft: Guild > [MVP+] ranger4josh [M]: wc 
16:22:17.095 INFO  Minecraft: Guild > [VIP] ShredderSeal [M]: nop 
16:22:19.139 INFO  Minecraft: Guild > [VIP] ShredderSeal [M]: oh lmao 
16:23:37.528 INFO  Minecraft: Guild > [VIP] ShredderSeal [M]: bvoth 
16:23:39.326 INFO  Minecraft: Guild > [VIP] ShredderSeal [M]: wc 
16:25:34.843 INFO  Minecraft: Guild > [VIP] ShredderSeal [M]: back 
16:27:28.045 INFO  Minecraft: Guild > [VIP] ShredderSeal [M]: queexnie 
16:27:30.857 INFO  Minecraft: Guild > [VIP] ShredderSeal [M]: wc 
16:27:33.737 INFO  Minecraft: Guild > BamBoozledMC joined. 
16:28:43.590 INFO  Minecraft: BamBoozledMC joined SkyBlock. 
16:28:43.730 INFO  Minecraft: ----------------------------------------------------- 
16:28:43.732 INFO  Minecraft: You have just received 300,000 coins as interest in your co-op bank account! 
16:28:43.733 INFO  Minecraft: ----------------------------------------------------- 
16:28:44.343 INFO  Minecraft: BamBoozledMC left SkyBlock. 
16:28:47.335 INFO  Minecraft: BamBoozledMC joined SkyBlock. 
16:31:06.979 INFO  Minecraft: You gained 2,880 Mining experience from minions! 
16:31:07.743 INFO  Minecraft: You gained 1,216 Mining experience from minions! 
16:31:12.819 INFO  Minecraft: You gained 2,944 Mining experience from minions! 
16:31:13.456 INFO  Minecraft: You gained 1,216 Mining experience from minions! 
16:31:15.921 INFO  Minecraft: You gained 1,216 Mining experience from minions! 
16:31:16.553 INFO  Minecraft: You gained 2,880 Mining experience from minions! 
16:31:19.103 INFO  Minecraft: You gained 2,880 Mining experience from minions! 
16:31:19.750 INFO  Minecraft: You gained 1,152 Mining experience from minions! 
16:31:22.399 INFO  Minecraft: You gained 2,944 Mining experience from minions! 
16:31:23.029 INFO  Minecraft: You gained 1,152 Mining experience from minions! 
16:31:25.448 INFO  Minecraft: You gained 2,880 Mining experience from minions! 
16:31:26.134 INFO  Minecraft: You gained 1,152 Mining experience from minions! 
16:31:29.509 INFO  Minecraft: You gained 2,880 Mining experience from minions! 
16:31:30.141 INFO  Minecraft: You gained 1,088 Mining experience from minions! 
16:31:32.959 INFO  Minecraft: You gained 1,152 Mining experience from minions! 
16:31:33.528 INFO  Minecraft: You gained 2,880 Mining experience from minions! 
16:31:35.813 INFO  Minecraft: You gained 2,880 Mining experience from minions! 
16:31:36.365 INFO  Minecraft: You gained 1,152 Mining experience from minions! 
16:31:53.562 INFO  Minecraft: You gained 2,944 Mining experience from minions! 
16:31:54.206 INFO  Minecraft: You gained 1,216 Mining experience from minions! 
16:31:57.041 INFO  Minecraft: You gained 1,152 Mining experience from minions! 
16:31:57.781 INFO  Minecraft: You gained 2,880 Mining experience from minions! 
16:32:00.762 INFO  Minecraft: You gained 2,944 Mining experience from minions! 
16:32:01.210 INFO  Minecraft: You gained 1,216 Mining experience from minions! 
16:36:32.326 INFO  Minecraft: Guild > [VIP] ShredderSeal [M]: dont enter boss 
16:36:34.517 INFO  Minecraft: Guild > [VIP] ShredderSeal [M]: wc 
16:40:56.280 INFO  Minecraft: Guild > [VIP] ShredderSeal [M]: back 
16:45:46.117 INFO  Minecraft: Guild > [VIP] ShredderSeal [M]: ok 
16:47:55.278 INFO  Minecraft: Guild > [VIP] ShredderSeal [M]:  ☠ Chiqken burnt to death and became a ghost. 
16:47:59.199 INFO  Minecraft: Guild > [VIP] ShredderSeal [M]: chiqken exposed 
16:51:48.739 INFO  Minecraft: Guild > [VIP] ShredderSeal [M]:  breh blc 
16:51:49.913 INFO  Minecraft: Guild > [VIP] ShredderSeal [M]: wc 
16:58:50.582 INFO  Minecraft: Guild > BamBoozledMC left. 
17:02:33.177 INFO  Minecraft: [Important] This server will restart soon: Scheduled Reboot 
17:02:33.190 INFO  Minecraft: You have 60 seconds to warp out! CLICK to warp now! 
17:03:31.377 INFO  Minecraft: Evacuating to Hub... 
17:03:31.389 INFO  Minecraft: Sending to server mini568S... 
17:03:31.472 INFO  Logged in. 
17:03:32.106 INFO  Minecraft:         
17:03:36.470 INFO  Sending to skyblock. 
17:03:37.103 INFO  Minecraft: You are playing on profile: Zucchini (Co-op) 
17:03:37.787 INFO  Minecraft: ALLOWANCE! You earned 50,000 coins! 
17:03:38.030 INFO  Minecraft: You are already playing SkyBlock! 
17:03:42.014 INFO  Minecraft: Warping you to your SkyBlock island... 
17:03:42.176 INFO  Minecraft: Sending to server mini568W... 
17:03:42.322 INFO  Logged in. 
17:03:42.577 INFO  Minecraft:         
17:03:45.713 INFO  Minecraft: You are playing on profile: Zucchini (Co-op) 
17:03:47.332 INFO  Sending to skyblock. 
17:03:47.659 INFO  Minecraft: You are already playing SkyBlock! 
17:03:52.706 INFO  Minecraft: You're already sitting on this island! 
17:06:06.881 INFO  Minecraft: Guild > 3ctooo joined. 
17:06:49.731 INFO  Minecraft: Guild > 3ctooo left. 
17:09:40.206 INFO  Minecraft: Guild > ranger4josh left. 
17:12:47.055 INFO  Minecraft: Guild > ShredderSeal left. 
17:12:53.081 INFO  Minecraft: Guild > ShredderSeal joined. 
17:13:40.109 INFO  Minecraft: Guild > Micah_W left. 
17:13:42.219 INFO  Minecraft: Guild > Micah_W joined. 
17:15:08.587 INFO  Minecraft: Guild > [VIP] ShredderSeal [M]: 16k bits 
17:19:27.999 INFO  Minecraft: Guild > Micah_W left. 
17:46:40.716 INFO  Minecraft: Guild > BamBoozledMC joined. 
17:46:51.358 INFO  Minecraft: BamBoozledMC joined SkyBlock. 
18:00:14.715 INFO  Minecraft:  
18:00:14.723 INFO  Minecraft: [WATCHDOG ANNOUNCEMENT] 
18:00:14.725 INFO  Minecraft: Watchdog has banned 34,569 players in the last 7 days. 
18:00:14.728 INFO  Minecraft: Staff have banned an additional 11,743 in the last 7 days. 
18:00:14.729 INFO  Minecraft: Blacklisted modifications are a bannable offense! 
18:00:14.730 INFO  Minecraft:  
18:00:17.940 INFO  Minecraft: Guild > ranger4josh joined. 
18:19:45.534 INFO  Minecraft: Guild > ranger4josh left. 
18:32:17.419 INFO  Minecraft: Guild > ShredderSeal left. 
18:35:37.520 INFO  Minecraft: Guild > ShredderSeal joined. 
18:37:08.297 INFO  Minecraft: Guild > [VIP] ShredderSeal [M]: f6 anyone? 
18:41:59.883 INFO  Minecraft: Guild > YoMadaEatingRice joined. 
18:45:42.359 INFO  Minecraft: Guild > LexaIsMommy joined. 
18:51:17.641 INFO  Minecraft: Guild > LexaIsMommy left. 
19:16:58.599 INFO  Minecraft: Guild > clonzy left. 
19:27:55.506 INFO  Minecraft: Guild > ranger4josh joined. 
19:28:20.646 INFO  Minecraft: Guild > ShredderSeal left. 
19:28:24.562 INFO  Minecraft: Guild > ShredderSeal joined. 
19:37:15.270 INFO  Minecraft: Guild > [VIP] ShredderSeal [M]: henlo 
19:37:19.083 INFO  Minecraft: Guild > [VIP] ShredderSeal [M]: can someone p me 
19:37:27.444 INFO  Minecraft: Guild > [VIP] ShredderSeal [M]: im testing something 
19:38:18.206 INFO  Minecraft: Guild > [VIP] ShredderSeal [M]: ooh 
19:49:27.953 INFO  Minecraft: Guild > Za1bot joined. 
19:52:30.730 INFO  Minecraft: Guild > YoMadaEatingRice left. 
20:00:14.883 INFO  Minecraft:  
20:00:14.892 INFO  Minecraft: [WATCHDOG ANNOUNCEMENT] 
20:00:14.893 INFO  Minecraft: Watchdog has banned 34,687 players in the last 7 days. 
20:00:14.893 INFO  Minecraft: Staff have banned an additional 11,701 in the last 7 days. 
20:00:14.894 INFO  Minecraft: Blacklisted modifications are a bannable offense! 
20:00:14.895 INFO  Minecraft:  
20:05:14.401 INFO  Minecraft: ----------------------------------------------------- 
20:05:14.419 INFO  Minecraft: [MVP+] BamBoozledMC collected an expired auction! 
20:05:14.420 INFO  Minecraft: ----------------------------------------------------- 
20:05:18.833 INFO  Minecraft: ----------------------------------------------------- 
20:05:18.835 INFO  Minecraft: [MVP+] BamBoozledMC collected an expired auction! 
20:05:18.836 INFO  Minecraft: ----------------------------------------------------- 
20:06:03.987 INFO  Minecraft: ----------------------------------------------------- 
20:06:03.998 INFO  Minecraft: [MVP+] BamBoozledMC created a BIN auction for Enchanted Book at 12,000 coins! 
20:06:03.999 INFO  Minecraft: ----------------------------------------------------- 
20:06:13.041 INFO  Minecraft: ----------------------------------------------------- 
20:06:13.045 INFO  Minecraft: [MVP+] BamBoozledMC created a BIN auction for Enchanted Book at 12,000 coins! 
20:06:13.046 INFO  Minecraft: ----------------------------------------------------- 
20:16:05.301 INFO  Minecraft: BamBoozledMC joined SkyBlock. 
20:17:08.152 INFO  Minecraft: [Bazaar] Your co-op Sell Offer for 1x Summoning Eye was filled! 
20:17:35.025 INFO  Minecraft:  » BamBoozledMC is traveling to Private Island FOLLOW 
20:18:06.081 INFO  Minecraft: [SkyBlock] dominikstipancic is visiting Your Island! 
20:18:31.873 INFO  Minecraft:  » BamBoozledMC is traveling to Hub FOLLOW 
20:18:35.161 INFO  Minecraft: BamBoozledMC joined SkyBlock. 
20:19:59.928 INFO  Minecraft:  » BamBoozledMC is traveling to Private Island FOLLOW 
20:20:22.621 INFO  Minecraft:  » BamBoozledMC is traveling to Hub FOLLOW 
20:20:59.171 INFO  Minecraft: BamBoozledMC joined SkyBlock. 
20:21:09.833 INFO  Minecraft:  » BamBoozledMC is traveling to Hub FOLLOW 
20:22:45.031 INFO  Minecraft:  » BamBoozledMC is traveling to Private Island FOLLOW 
20:22:47.256 INFO  Minecraft: [Bazaar] Your co-op Sell Offer for 43x Enchanted Redstone Block was filled! 
20:23:24.704 INFO  Minecraft:  » BamBoozledMC is traveling to Hub FOLLOW 
20:25:49.183 INFO  Minecraft:  » BamBoozledMC is traveling to Private Island FOLLOW 
20:25:53.160 INFO  Minecraft: BamBoozledMC joined SkyBlock. 
20:26:26.578 INFO  Minecraft: You gained 7,680 Mining experience from minions! 
20:26:30.018 INFO  Minecraft: You gained 7,680 Mining experience from minions! 
20:26:32.527 INFO  Minecraft: You gained 7,680 Mining experience from minions! 
20:26:49.471 INFO  Minecraft:  » BamBoozledMC is traveling to Hub FOLLOW 
20:26:53.165 INFO  Minecraft: BamBoozledMC joined SkyBlock. 
20:27:01.019 INFO  Minecraft:  » BamBoozledMC is traveling to Private Island FOLLOW 
20:29:52.729 INFO  Minecraft: Guild > Za1bot left. 
20:30:02.159 INFO  Minecraft:  » BamBoozledMC is traveling to Hub FOLLOW 
20:33:17.952 INFO  Minecraft: [Bazaar] Your co-op Sell Offer for 3x Enchanted Block of Coal was filled! 
20:33:31.621 INFO  Minecraft:  » BamBoozledMC is traveling to Private Island FOLLOW 
20:33:35.149 INFO  Minecraft: BamBoozledMC joined SkyBlock. 
20:33:52.465 INFO  Minecraft: You gained 3,712 Mining experience from minions! 
20:33:54.970 INFO  Minecraft: You gained 3,712 Mining experience from minions! 
20:33:57.683 INFO  Minecraft:  » BamBoozledMC is traveling to Hub FOLLOW 
20:34:32.517 INFO  Minecraft: [Bazaar] Your co-op Sell Offer for 640x Enchanted Mithril was filled! 
20:38:08.943 INFO  Minecraft:  » BamBoozledMC is traveling to Private Island FOLLOW 
20:40:49.494 INFO  Minecraft:  » BamBoozledMC is traveling to Hub FOLLOW 
20:40:53.132 INFO  Minecraft: BamBoozledMC joined SkyBlock. 
20:41:07.447 INFO  Minecraft:  » BamBoozledMC is traveling to Private Island FOLLOW 
20:41:11.129 INFO  Minecraft: BamBoozledMC joined SkyBlock. 
20:41:29.983 INFO  Minecraft:  » BamBoozledMC is traveling to Hub FOLLOW 
20:42:05.878 INFO  Minecraft: [Auction] MrSh0tGun bought Enchanted Book for 12,000 coins CLICK 
20:42:10.277 INFO  Minecraft: ----------------------------------------------------- 
20:42:10.283 INFO  Minecraft: [MVP+] BamBoozledMC collected an auction for 12,000 coins! 
20:42:10.284 INFO  Minecraft: ----------------------------------------------------- 
20:43:48.702 INFO  Minecraft:  » BamBoozledMC is traveling to The End FOLLOW 
20:49:54.408 INFO  Minecraft: [Bazaar] Your co-op Sell Offer for 1x Summoning Eye was filled! 
20:51:36.988 INFO  Minecraft: ----------------------------------------------------- 
20:51:37.000 INFO  Minecraft: [MVP+] BamBoozledMC created a BIN auction for Enchanted Book at 550,000 coins! 
20:51:37.001 INFO  Minecraft: ----------------------------------------------------- 
20:51:40.885 INFO  Minecraft:  » BamBoozledMC is traveling to Private Island FOLLOW 
20:51:44.134 INFO  Minecraft: BamBoozledMC joined SkyBlock. 
20:51:55.747 INFO  Minecraft: [Auction] iiMqtt bought Enchanted Book for 550,000 coins CLICK 
20:51:59.702 INFO  Minecraft: ----------------------------------------------------- 
20:51:59.713 INFO  Minecraft: [MVP+] BamBoozledMC collected an auction for 550,000 coins! 
20:51:59.714 INFO  Minecraft: ----------------------------------------------------- 
20:52:04.430 INFO  Minecraft:  » BamBoozledMC is traveling to Hub FOLLOW 
20:52:08.122 INFO  Minecraft: BamBoozledMC joined SkyBlock. 
20:52:08.306 INFO  Minecraft:  » BamBoozledMC is traveling to Hub FOLLOW 
20:53:39.070 INFO  Minecraft:  » BamBoozledMC is traveling to The End FOLLOW 
20:55:24.303 INFO  Minecraft:  » BamBoozledMC is traveling to Hub FOLLOW 
20:55:40.407 INFO  Minecraft:  » BamBoozledMC is traveling to Dungeons Hub FOLLOW 
20:55:44.139 INFO  Minecraft: BamBoozledMC joined SkyBlock. 
21:12:21.217 INFO  Minecraft:  » BamBoozledMC is traveling to Hub FOLLOW 
21:12:37.980 INFO  Minecraft:  » BamBoozledMC is traveling to Private Island FOLLOW 
21:12:57.716 INFO  Minecraft: Guild > BamBoozledMC left. 
21:42:49.237 INFO  Minecraft: [Bazaar] Your co-op Sell Offer for 1x Catalyst was filled! 
21:49:12.915 INFO  Minecraft: Guild > ranger4josh left. 
21:51:22.474 INFO  Minecraft: Guild > FabledLivid joined. 
22:00:14.982 INFO  Minecraft:  
22:00:14.995 INFO  Minecraft: [WATCHDOG ANNOUNCEMENT] 
22:00:14.996 INFO  Minecraft: Watchdog has banned 34,509 players in the last 7 days. 
22:00:14.996 INFO  Minecraft: Staff have banned an additional 11,721 in the last 7 days. 
22:00:14.997 INFO  Minecraft: Blacklisted modifications are a bannable offense! 
22:00:14.998 INFO  Minecraft:  
22:13:53.058 INFO  Minecraft: Guild > [VIP] FabledLivid [M]: yo shredde 
22:13:57.715 INFO  Minecraft: Guild > [VIP] FabledLivid [M]: waht do u do now 
22:13:58.722 INFO  Minecraft: Guild > [VIP] ShredderSeal [M]: what 
22:14:07.817 INFO  Minecraft: Guild > [VIP] FabledLivid [M]: like 
22:14:12.898 INFO  Minecraft: Guild > [VIP] FabledLivid [M]: wat u do for money 
22:14:32.736 INFO  Minecraft: Guild > [VIP] ShredderSeal [M]: idk dungeons, farming, voidl- wait i quit eslayer 
22:14:37.841 INFO  Minecraft: Guild > [VIP] FabledLivid [M]: LOL 
22:14:44.250 INFO  Minecraft: Guild > [VIP] FabledLivid [M]: i gtg cya later xD 
22:14:47.306 INFO  Minecraft: Guild > [VIP] ShredderSeal [M]: but, i still oneshots voidlings anyways 
22:14:50.341 INFO  Minecraft: Guild > [VIP] FabledLivid [M]: f7 maybe in like 2 hours/ 
22:14:53.369 INFO  Minecraft: Guild > [VIP] FabledLivid [M]: ?? 
22:15:00.807 INFO  Minecraft: Guild > [VIP] ShredderSeal [M]: staff too op 
22:15:09.246 INFO  Minecraft: Guild > [VIP] FabledLivid [M]: k cya i gtg now 
22:15:11.059 INFO  Minecraft: Guild > FabledLivid left. 
22:15:12.204 INFO  Minecraft: Guild > [VIP] ShredderSeal [M]: cya 
22:15:20.015 INFO  Minecraft: Guild > [VIP] ShredderSeal [M]: fabled wanna do f5 after? 
22:15:36.893 INFO  Minecraft: Guild > [VIP] ShredderSeal [M]: why dont u use !lurk lmao 
22:31:57.428 INFO  Minecraft: Guild > ShredderSeal left. 
22:32:08.467 INFO  Minecraft: Guild > ShredderSeal joined. 
22:32:18.781 INFO  Minecraft: [Auction] SN_GAMER bought Enchanted Book for 12,000 coins CLICK 
22:53:51.350 INFO  Minecraft: Guild > FabledLivid joined. 
22:54:17.083 INFO  Minecraft: Guild > [VIP] FabledLivid [M]: can i warp 
22:54:19.395 INFO  Minecraft: Guild > [VIP] FabledLivid [M]: wc/ 
23:02:05.176 INFO  Minecraft: Guild > FabledLivid left. 
23:36:18.349 INFO  Minecraft: Guild > boxed_cat joined. 
23:38:10.461 INFO  Minecraft: Guild > ShredderSeal left. 
23:39:10.602 INFO  Minecraft: Guild > FabledLivid joined. 
23:41:16.682 INFO  Minecraft: Guild > FabledLivid left. 
00:00:15.100 INFO  Minecraft:  
00:00:15.111 INFO  Minecraft: [WATCHDOG ANNOUNCEMENT] 
00:00:15.112 INFO  Minecraft: Watchdog has banned 34,301 players in the last 7 days. 
00:00:15.113 INFO  Minecraft: Staff have banned an additional 11,700 in the last 7 days. 
00:00:15.114 INFO  Minecraft: Blacklisted modifications are a bannable offense! 
00:00:15.114 INFO  Minecraft:  

