00:04:38.665 INFO  Minecraft: Guild > Hercules_RB joined. 
00:08:23.227 INFO  Minecraft: Guild > SwagMonkey420 joined. 
00:12:30.576 INFO  Minecraft: Guild > OLYforever joined. 
00:15:26.702 INFO  Minecraft: Guild > Hercules_RB left. 
00:15:31.644 INFO  Minecraft: Guild > Hercules_RB joined. 
00:21:17.389 INFO  Minecraft: Guild > SwagMonkey420 left. 
00:21:20.440 INFO  Minecraft: Guild > FabledLivid joined. 
00:23:22.462 INFO  Minecraft: Guild > LionyLev joined. 
00:24:56.351 INFO  Minecraft: Guild > LexaIsMommy joined. 
00:26:03.452 INFO  Minecraft: Guild > LionyLev left. 
00:26:40.408 INFO  Minecraft: Guild > Ludwin2 joined. 
00:34:43.894 INFO  Minecraft: Guild > Za1bot left. 
00:35:19.092 INFO  Minecraft: Guild > Ludwin2 left. 
00:47:31.308 INFO  Minecraft: Guild > DeformedSeal left. 
00:47:41.504 INFO  Minecraft: Guild > SwagMonkey420 joined. 
00:47:59.596 INFO  Minecraft: Guild > gogyxdash joined. 
00:48:02.394 INFO  Minecraft: Guild > LexaIsMommy left. 
00:48:36.888 INFO  Minecraft: Guild > FabledLivid left. 
00:49:14.056 INFO  Minecraft: Guild > LexaIsMommy joined. 
00:56:00.419 INFO  Minecraft: Guild > DeformedSeal joined. 
00:57:30.882 INFO  Minecraft: Guild > LexaIsMommy left. 
00:59:31.022 INFO  Minecraft: Guild > LionyLev joined. 
00:59:59.676 INFO  Minecraft: Guild > [VIP+] OLYforever [M]: is midas staff mage better than juju archer? 
01:00:05.242 INFO  Minecraft: Guild > [MVP+] LionyLev [LS]: no 
01:00:06.551 INFO  Minecraft: Guild > [VIP] Hercules_RB [M]: no 
01:00:12.100 INFO  Minecraft: Guild > [VIP+] OLYforever [M]: so should i change? 
01:00:21.725 INFO  Minecraft: Guild > [MVP+] LionyLev [LS]: i did and i rly like archer 
01:00:33.590 INFO  Minecraft: Guild > [VIP+] OLYforever [M]: what did u have before? 
01:00:39.186 INFO  Minecraft: Guild > [MVP+] LionyLev [LS]: midas staff 
01:00:59.894 INFO  Minecraft: Guild > [VIP+] OLYforever [M]: gm 
01:01:05.150 INFO  Minecraft: Guild > [VIP+] OLYforever [M]: maybe ill swap 
01:01:09.312 INFO  Minecraft: Guild > [MVP+] LionyLev [LS]: ok 
01:01:24.161 INFO  Minecraft: Guild > [VIP] Hercules_RB [M]: the entire guild are going to be juju archers soon 
01:01:34.669 INFO  Minecraft: Guild > [MVP+] LionyLev [LS]: yea lol 
01:01:53.949 INFO  Minecraft: Guild > [VIP+] OLYforever [M]: can you put OfA on bows? 
01:02:01.030 INFO  Minecraft: Guild > [VIP] Hercules_RB [M]: I dont think so 
01:02:17.774 INFO  Minecraft: Guild > [VIP] Hercules_RB [M]: besides, you need infinite quiver or you will run out of arrows mid run 
01:02:26.992 INFO  Minecraft: Guild > [VIP+] OLYforever [M]: oh true 
01:02:39.950 INFO  Minecraft: Guild > [VIP+] OLYforever [M]: i can finally use the 200 infini quiver books i have 
01:03:52.053 INFO  Minecraft: Guild > LRBenito joined. 
01:03:56.841 INFO  Minecraft: Guild > [VIP+] OLYforever [M]: do i need like potions every run tho? 
01:04:03.619 INFO  Minecraft: Guild > [VIP+] OLYforever [M]: cuz thats kind of a waste 
01:04:14.530 INFO  Minecraft: Guild > [VIP] Hercules_RB [M]: dungeon pots and archery pots are helpful, but not necessary 
01:04:26.376 INFO  Minecraft: Guild > [VIP+] OLYforever [M]: oh cool 
01:05:21.013 INFO  Minecraft: Guild > LionyLev left. 
01:05:27.956 INFO  Minecraft: Guild > LionyLev joined. 
01:05:39.444 INFO  Minecraft: Guild > [VIP+] OLYforever [M]: also is juju bow good outside dungs? 
01:05:43.874 INFO  Minecraft: Guild > [MVP+] LionyLev [LS]: yea 
01:12:11.468 INFO  Minecraft: Guild > LionyLev left. 
01:13:59.686 INFO  Minecraft: Guild > LionyLev joined. 
01:15:03.895 INFO  Minecraft: Guild > LexaIsMommy joined. 
01:15:08.147 INFO  Minecraft: A Event: Mayor Elections 142! A 
01:15:08.151 INFO  Minecraft: The election room is now closed. Clerk Seraphine is doing a final count of the votes... 
01:15:08.153 INFO  Minecraft:  
01:15:55.047 INFO  Minecraft: A Event: Mayor Elections 142! A 
01:15:55.052 INFO  Minecraft: Paul is elected Mayor for the year, gg! 
01:15:55.053 INFO  Minecraft: Seraphine counted votes from 150k different players. 
01:15:55.058 INFO  Minecraft: Everybody unlocks exclusive perks! [HOVER TO VIEW] 
01:15:55.060 INFO  Minecraft:  
01:16:05.957 INFO  Minecraft: Guild > 4717 joined. 
01:18:21.071 INFO  Minecraft: Guild > SwagMonkey420 left. 
01:18:39.974 INFO  Minecraft: Guild > 4717 left. 
01:18:46.877 INFO  Minecraft: Guild > 4717 joined. 
01:20:31.994 INFO  Minecraft: Guild > LionyLev left. 
01:30:49.334 INFO  Minecraft: Guild > FabledLivid joined. 
01:31:19.779 INFO  Minecraft: Guild > [VIP] FabledLivid [M]: juju is fucking 55m 
01:31:23.636 INFO  Minecraft: Guild > [VIP] FabledLivid [M]: im sad 
01:31:39.109 INFO  Minecraft: Guild > [VIP] Hercules_RB [M]: how much did you spend on yours? 
01:31:44.823 INFO  Minecraft: Guild > [VIP] FabledLivid [M]: like 90m 
01:31:52.465 INFO  Minecraft: Guild > [VIP] Hercules_RB [M]: I got mine for 85m 
01:31:54.982 INFO  Minecraft: Guild > [VIP] FabledLivid [M]: i bought when clean was 87m pain 
01:32:03.167 INFO  Minecraft: Guild > [VIP] FabledLivid [M]: :((( 
01:35:42.757 INFO  Minecraft: Guild > DeformedSeal left. 
01:37:44.150 INFO  Minecraft: Guild > [VIP] FabledLivid [M]: 50% to cata 30 eee 
01:37:47.900 INFO  Minecraft: Guild > [MVP+] LexaIsMommy [M]: Ok 
01:40:40.483 INFO  Minecraft: Guild > FabledLivid left. 
01:41:07.487 INFO  Minecraft: Guild > [MVP+] gogyxdash [M]: nice too know i can get a juju shortbow lol 
01:41:11.894 INFO  Minecraft: Guild > [MVP+] gogyxdash [M]: to* 
01:42:04.377 INFO  Minecraft: Guild > OLYforever left. 
01:49:54.542 INFO  Minecraft: Guild > Hercules_RB left. 
01:54:41.359 INFO  Minecraft: Guild > LionyLev joined. 
02:00:00.519 INFO  Minecraft:  
02:00:00.542 INFO  Minecraft: [WATCHDOG ANNOUNCEMENT] 
02:00:00.544 INFO  Minecraft: Watchdog has banned 27,708 players in the last 7 days. 
02:00:00.546 INFO  Minecraft: Staff have banned an additional 17,099 in the last 7 days. 
02:00:00.548 INFO  Minecraft: Blacklisted modifications are a bannable offense! 
02:00:00.550 INFO  Minecraft:  
02:11:42.188 INFO  Minecraft: [SkyBlock] [MVP++] Thvi is visiting Your Island! 
02:22:44.181 INFO  Minecraft: Guild > UnknowAccount joined. 
02:32:18.458 INFO  Minecraft: Guild > DeformedSeal joined. 
02:39:29.547 INFO  Minecraft: Guild > LionyLev left. 
02:42:09.350 INFO  Minecraft: Guild > LexaIsMommy left. 
02:43:28.472 INFO  Minecraft: Guild > nicemoney joined. 
02:45:24.787 INFO  Minecraft: Guild > Hercules_RB joined. 
02:46:00.786 INFO  Minecraft: Guild > Hercules_RB left. 
02:49:34.482 INFO  Minecraft: Guild > Hercules_RB joined. 
02:50:21.111 INFO  Minecraft: Guild > [MVP+] gogyxdash [M]: like 3.5k easily 
02:50:24.060 INFO  Minecraft: Guild > [MVP+] gogyxdash [M]: wc 
02:56:20.127 INFO  Minecraft: Guild > DeformedSeal left. 
02:58:29.259 INFO  Minecraft: Guild > OLYforever joined. 
03:00:49.330 INFO  Minecraft: Guild > UnknowAccount left. 
03:01:30.171 INFO  Minecraft: ----------------------------------------------------- 
03:01:30.185 INFO  Minecraft: You have just received 300,000 coins as interest in your co-op bank account! 
03:01:30.191 INFO  Minecraft: ----------------------------------------------------- 
03:03:12.105 INFO  Minecraft: The Traveling Zoo is visiting the SkyBlock Hub! 
03:03:12.127 INFO  Minecraft: CLICK HERE to shop for exotic pets! 
03:12:24.252 INFO  Minecraft: Guild > [VIP+] OLYforever [M]: yeeting mage, /ah olyforever for cheap mage gear 
03:12:58.474 INFO  Minecraft: Guild > [MVP+] nicemoney [M]: nice sharp 4 for 2m 
03:13:06.767 INFO  Minecraft: Guild > [VIP+] OLYforever [M]: thats on my other profile lool 
03:13:12.615 INFO  Minecraft: Guild > [VIP+] OLYforever [M]: my friend got someone w it 
03:13:13.184 INFO  Minecraft: Guild > [MVP+] gogyxdash [M]: im reporting for scam 
03:13:20.282 INFO  Minecraft: Guild > [VIP+] OLYforever [M]: how is it a scam 
03:13:25.522 INFO  Minecraft: Guild > [MVP+] gogyxdash [M]: im joking 
03:13:40.967 INFO  Minecraft: Guild > [VIP+] OLYforever [M]: buy it 
03:13:42.830 INFO  Minecraft: Guild > [VIP+] OLYforever [M]: op 
03:13:56.044 INFO  Minecraft: Guild > [VIP] 4717 [M]: anyone wanna do f5 
03:14:04.779 INFO  Minecraft: Guild > [VIP+] OLYforever [M]: me after i get my arch gear 
03:14:28.758 INFO  Minecraft: Guild > [VIP] 4717 [M]: bruh 
03:14:38.656 INFO  Minecraft: Guild > 4717 left. 
03:14:43.730 INFO  Minecraft: Guild > 4717 joined. 
03:16:03.246 INFO  Minecraft: Guild > [VIP+] OLYforever [M]: is shaded the tali meta for archer? 
03:16:08.896 INFO  Minecraft: Guild > [MVP+] nicemoney [M]: strange 
03:16:12.245 INFO  Minecraft: Guild > [MVP+] nicemoney [M]: on epic and 
03:16:19.945 INFO  Minecraft: Guild > [VIP+] OLYforever [M]: isnt that for mage? 
03:16:25.335 INFO  Minecraft: Guild > [MVP+] nicemoney [M]: uncommon 
03:16:26.519 INFO  Minecraft: Guild > [MVP+] nicemoney [M]: no lol 
03:16:28.420 INFO  Minecraft: Guild > [MVP+] nicemoney [M]: attack speed 
03:16:31.584 INFO  Minecraft: Guild > [MVP+] nicemoney [M]: also bloody on leg 
03:16:34.501 INFO  Minecraft: Guild > [MVP+] nicemoney [M]: and mythic 
03:16:38.944 INFO  Minecraft: Guild > [VIP+] OLYforever [M]: attack speed is meta on archer? 
03:16:43.638 INFO  Minecraft: Guild > [MVP+] nicemoney [M]: yeah? 
03:16:47.948 INFO  Minecraft: Guild > [MVP+] nicemoney [M]: for juju and term, yes 
03:16:55.794 INFO  Minecraft: Guild > [VIP+] OLYforever [M]: i didnt know attack speed affected arrows 
03:17:01.534 INFO  Minecraft: Guild > [MVP+] nicemoney [M]: it does for juju and term 
03:17:02.294 INFO  Minecraft: Guild > [VIP+] OLYforever [M]: or does it like shoot faster 
03:17:10.148 INFO  Minecraft: Guild > [MVP+] nicemoney [M]: shoots faster iirc 
03:17:23.052 INFO  Minecraft: Guild > [VIP+] OLYforever [M]: doesnt strange reduce crit damage tho? 
03:17:31.599 INFO  Minecraft: Guild > [MVP+] nicemoney [M]: no 
03:17:34.678 INFO  Minecraft: Guild > [MVP+] nicemoney [M]: -1 defense on epic 
03:17:36.352 INFO  Minecraft: Guild > [VIP+] OLYforever [M]: wait no 
03:17:40.145 INFO  Minecraft: Guild > [VIP+] OLYforever [M]: thats bizzare 
03:17:46.118 INFO  Minecraft: Guild > [MVP+] nicemoney [M]: ye 
03:18:00.816 INFO  Minecraft: Guild > [VIP] Hercules_RB [M]: be aware that attack speed is only helpful at certain values 
03:18:02.724 INFO  Minecraft: Guild > [VIP+] OLYforever [M]: so strange for epics- and blody for leg+? 
03:18:13.483 INFO  Minecraft: Guild > [MVP+] nicemoney [M]: epics and uncommon, yes 
03:18:24.947 INFO  Minecraft: Guild > [VIP+] OLYforever [M]: oh only epic and uncomman 
03:18:30.954 INFO  Minecraft: Guild > [VIP+] OLYforever [M]: and all others bloody? 
03:18:53.618 INFO  Minecraft: Guild > [VIP] Hercules_RB [M]: it depends on your attack speed after strange 
03:19:11.594 INFO  Minecraft: Guild > LRBenito left. 
03:20:55.241 INFO  Minecraft: Guild > [VIP+] OLYforever [M]: ok after strange my attack speed is 58 
03:20:58.728 INFO  Minecraft: Guild > [VIP+] OLYforever [M]: what do i do now? 
03:21:15.184 INFO  Minecraft: Guild > [MVP+] nicemoney [M]: get a juju, necron, lion/edrag 
03:21:21.704 INFO  Minecraft: Guild > [VIP+] OLYforever [M]: other talis? 
03:21:31.072 INFO  Minecraft: Guild > [MVP+] nicemoney [M]: just get shaded ig 
03:21:48.428 INFO  Minecraft: Guild > OwOPingu joined. 
03:21:49.860 INFO  Minecraft: Guild > [VIP] Hercules_RB [M]: at 58 I dont think you need more bloody, since the next milestone is 100% 
03:21:56.095 INFO  Minecraft: Guild > [MVP+] nicemoney [M]: yeah 
03:24:16.478 INFO  Minecraft: Guild > UnknowAccount joined. 
03:25:01.957 INFO  Minecraft: Guild > [VIP+] OLYforever [M]: what about pet? (something more affordable until i can get something like yeti)? 
03:25:12.431 INFO  Minecraft: Guild > [MVP+] nicemoney [M]: idk 
03:25:16.380 INFO  Minecraft: Guild > [VIP+] OwOPingu [F]: what is your budget? 
03:25:18.440 INFO  Minecraft: Guild > [MVP+] nicemoney [M]: also imagne yeti 
03:25:20.749 INFO  Minecraft: Guild > [MVP+] nicemoney [M]: imagine 
03:25:25.251 INFO  Minecraft: Guild > [VIP] Hercules_RB [M]: I use epic tiger and it works pretty well 
03:25:33.708 INFO  Minecraft: Guild > [VIP+] OLYforever [M]: ferocity for bows? 
03:25:35.316 INFO  Minecraft: Guild > [VIP+] OLYforever [M]: hm 
03:26:25.494 INFO  Minecraft: Guild > [VIP+] OLYforever [M]: spiritual reforge? 
03:26:34.482 INFO  Minecraft: Guild > [VIP+] OwOPingu [F]: for what? 
03:26:37.111 INFO  Minecraft: Guild > [VIP+] OLYforever [M]: juju 
03:26:38.347 INFO  Minecraft: Guild > gogyxdash left. 
03:26:42.395 INFO  Minecraft: Guild > [VIP] Hercules_RB [M]: spiritual or rapid 
03:26:42.572 INFO  Minecraft: Guild > [VIP+] OwOPingu [F]: i heard precise is better 
03:26:50.386 INFO  Minecraft: Guild > SwagMonkey420 joined. 
03:26:51.065 INFO  Minecraft: Guild > [VIP+] OwOPingu [F]: cause if you hit head its 10% more damage 
03:27:02.129 INFO  Minecraft: Guild > [VIP+] OLYforever [M]: is that really worth it tho? 
03:27:06.108 INFO  Minecraft: Guild > [VIP+] OwOPingu [F]: and the stats are just a little worse than spiritual 
03:27:33.298 INFO  Minecraft: Guild > [VIP] Hercules_RB [M]: I dont think its worth it since the extra arrows from archer always shoot a bit lower 
03:27:38.111 INFO  Minecraft: Guild > [MVP+] nicemoney [M]: ye 
03:27:43.489 INFO  Minecraft: Guild > [VIP] Hercules_RB [M]: so only one arrow would get the damage boost 
03:27:56.623 INFO  Minecraft: Guild > [VIP+] OwOPingu [F]: idk man i was just looking through forums yesterday and thats what they said 
03:28:06.222 INFO  Minecraft: Guild > nicemoney left. 
03:28:15.176 INFO  Minecraft: Guild > [VIP+] OwOPingu [F]: i mean your only gonna do like 5k less damage for a chance to hit 10% more so 
03:28:23.974 INFO  Minecraft: Guild > [VIP+] OwOPingu [F]: and its pretty cheap to buy the reforge stone 
03:28:58.640 INFO  Minecraft: Guild > [VIP+] OLYforever [M]: right i see what ur saying 
03:29:02.337 INFO  Minecraft: Guild > [VIP+] OLYforever [M]: ill go for precise now 
03:29:16.486 INFO  Minecraft: Guild > LexaIsMommy joined. 
03:30:59.835 INFO  Minecraft: Guild > 4717 left. 
03:32:08.069 INFO  Minecraft: Guild > 4717 joined. 
03:38:05.293 INFO  Minecraft: Guild > DeformedSeal joined. 
03:43:06.654 INFO  Minecraft: [SkyBlock] [MVP++] Superstasher is visiting Your Island! 
03:43:06.684 INFO  Minecraft: ▬▬▬▬▬▬▬▬▬▬▬▬▬▬▬▬▬▬▬▬▬▬▬▬▬▬▬▬▬▬▬▬▬▬▬▬▬▬▬▬▬▬▬▬▬▬▬▬▬▬▬▬▬▬▬▬▬▬▬▬▬▬▬▬ 
03:43:06.687 INFO  Minecraft:   SKILL LEVEL UP Social III➜IV 
03:43:06.689 INFO  Minecraft:  
03:43:06.692 INFO  Minecraft:   REWARDS 
03:43:06.698 INFO  Minecraft:     Unlock /social Commands 
03:43:06.701 INFO  Minecraft:     +200 Coins 
03:43:06.704 INFO  Minecraft: ▬▬▬▬▬▬▬▬▬▬▬▬▬▬▬▬▬▬▬▬▬▬▬▬▬▬▬▬▬▬▬▬▬▬▬▬▬▬▬▬▬▬▬▬▬▬▬▬▬▬▬▬▬▬▬▬▬▬▬▬▬▬▬▬ 
03:46:39.197 INFO  Minecraft: Guild > UnknownShadow124 joined. 
03:46:52.158 INFO  Minecraft: Guild > UnknownShadow124 left. 
03:47:19.624 INFO  Minecraft: Guild > [VIP+] OLYforever [M]: im gonna go archer i just got a juju 
03:47:25.916 INFO  Minecraft: Guild > [VIP+] OwOPingu [F]: noice 
03:47:26.009 INFO  Minecraft: Guild > [MVP+] LexaIsMommy [M]: Ok 
03:47:36.256 INFO  Minecraft: Guild > [VIP+] OLYforever [M]: oops wrong chat 
03:50:02.322 INFO  Minecraft: Guild > UnknownShadow124 joined. 
03:53:36.838 INFO  Minecraft: Guild > UnknownShadow124 left. 
03:54:55.013 INFO  Minecraft: Guild > DeformedSeal left. 
03:55:28.493 INFO  Minecraft: Guild > DeformedSeal joined. 
03:56:07.144 INFO  Minecraft: Guild > SwagMonkey420 left. 
03:56:09.114 INFO  Minecraft: Guild > SwagMonkey420 joined. 
03:57:13.522 INFO  Minecraft: Guild > DeformedSeal left. 
03:58:50.994 INFO  Minecraft: Guild > LexaIsMommy left. 
03:59:34.090 INFO  Minecraft: Guild > nicemoney joined. 
04:00:00.899 INFO  Minecraft:  
04:00:00.906 INFO  Minecraft: [WATCHDOG ANNOUNCEMENT] 
04:00:00.908 INFO  Minecraft: Watchdog has banned 27,698 players in the last 7 days. 
04:00:00.910 INFO  Minecraft: Staff have banned an additional 17,224 in the last 7 days. 
04:00:00.911 INFO  Minecraft: Blacklisted modifications are a bannable offense! 
04:00:00.913 INFO  Minecraft:  
04:00:04.138 INFO  Minecraft: Guild > nicemoney left. 
04:00:29.199 INFO  Minecraft: Guild > LexaIsMommy joined. 
04:01:42.079 INFO  Minecraft: Guild > Hercules_RB left. 
04:02:54.904 INFO  Minecraft: Guild > OLYforever left. 
04:08:04.762 INFO  Minecraft: Guild > sommthing joined. 
04:09:07.739 INFO  Minecraft: Guild > LexaIsMommy left. 
04:12:10.159 INFO  Minecraft: Guild > Hercules_RB joined. 
04:20:48.099 INFO  Minecraft: Guild > UnknowAccount left. 
04:21:57.033 INFO  Minecraft: Guild > Micah_W joined. 
04:23:48.391 INFO  Minecraft: Guild > TimothyPlays57 joined. 
04:27:17.872 INFO  Minecraft: Guild > gogyxdash joined. 
04:31:56.009 INFO  Minecraft: Guild > FabledLivid joined. 
04:37:14.529 INFO  Minecraft: Guild > TimothyPlays57 left. 
04:37:43.411 INFO  Minecraft: Guild > SwagMonkey420 left. 
04:38:36.356 INFO  Minecraft: Guild > 4717 left. 
04:45:55.587 INFO  Minecraft: Guild > sommthing left. 
04:46:13.294 INFO  Minecraft: Guild > [MVP+] gogyxdash [M]: noice 
04:46:17.443 INFO  Minecraft: Guild > [VIP+] OwOPingu [F]: noice indeed 
04:46:17.591 INFO  Minecraft: Guild > [MVP+] gogyxdash [M]: wc 
04:52:27.671 INFO  Minecraft: Guild > FabledLivid left. 
04:53:15.840 INFO  Minecraft: Guild > Hercules_RB left. 
04:58:21.157 INFO  Logging in. 
04:58:23.470 INFO  Discord: Logged in. 
05:03:35.106 INFO  Logging in. 
05:03:37.726 INFO  Discord: Logged in. 
05:03:39.573 INFO  Logged in. 
05:03:39.879 INFO  Minecraft:                                       
05:03:39.901 INFO  Minecraft:                           
05:03:39.940 INFO  Minecraft: ----------------------------------------------------- 
05:03:39.943 INFO  Minecraft: Requirements are Skill Avg 23, Cata 23, and 170m net, along 
05:03:39.946 INFO  Minecraft: with 85k gexp a week! Make sure to have fun and contact 
05:03:39.947 INFO  Minecraft: OwOSeal or Smol if you have something to report, or something else to say! 
05:03:39.949 INFO  Minecraft: ----------------------------------------------------- 
05:03:39.992 INFO  Minecraft: [VIP] Modificational_: CRASHED 
05:03:39.997 INFO  Minecraft: JonoDos found a ✰✰✰✰✰ Mystery Box! 
05:03:40.154 INFO  Minecraft: You found a ✰✰✰✰✰ Mystery Box! 
05:03:40.330 INFO  Minecraft: [MVP+] ImRai joined the lobby! 
05:03:40.333 INFO  Sending to skyblock. 
05:03:40.415 INFO  Minecraft:  >>> [MVP++] koban4ik joined the lobby! <<< 
05:03:41.989 INFO  Minecraft: Sending to server mini387C... 
05:03:42.077 INFO  Logged in. 
05:03:42.124 INFO  Minecraft:         
05:03:44.204 INFO  Minecraft: You're already sitting on this island! 
05:03:44.613 INFO  Sending to skyblock. 
05:03:45.170 INFO  Minecraft: You are playing on profile: Zucchini (Co-op) 
05:03:45.192 INFO  Minecraft: Please don't spam the command! 
05:03:45.196 INFO  Minecraft:  
05:03:45.198 INFO  Minecraft: Welcome to Hypixel SkyBlock! 
05:03:47.092 INFO  Sending to skyblock. 
05:03:47.402 INFO  Minecraft: Cannot join SkyBlock for a moment! (Queue join in cooldown) 
05:03:50.261 INFO  Minecraft: You're already sitting on this island! 
05:03:52.495 INFO  Minecraft: You're already sitting on this island! 
05:04:42.259 INFO  Minecraft: Guild > DeformedSeal joined. 
05:05:22.737 INFO  Minecraft: Guild > gogyxdash joined. 
05:06:02.298 INFO  Minecraft: Guild > Micah_W joined. 
05:07:55.733 INFO  Minecraft: Guild > Micah_W left. 
05:09:00.873 INFO  Minecraft: Guild > Micah_W joined. 
05:16:19.954 INFO  Logging in. 
05:16:22.291 INFO  Discord: Logged in. 
05:21:32.056 INFO  Logging in. 
05:21:34.563 INFO  Discord: Logged in. 
05:26:45.891 INFO  Logging in. 
05:26:48.509 INFO  Discord: Logged in. 
05:26:49.742 INFO  Logged in. 
05:26:50.698 INFO  Minecraft:  
05:26:50.702 INFO  Minecraft:  
05:26:50.705 INFO  Minecraft: The server is currently full and you have been placed in a queue. 
05:26:50.740 INFO  Minecraft: Purchase VIP, VIP+, MVP or MVP+ to skip the queue at https://store.hypixel.net 
05:26:52.379 INFO  Minecraft:  
05:26:52.381 INFO  Minecraft:  
05:26:52.383 INFO  Minecraft: The server is currently full and you have been placed in a queue. 
05:26:52.389 INFO  Minecraft: Purchase VIP, VIP+, MVP or MVP+ to skip the queue at https://store.hypixel.net 
05:26:54.753 INFO  Sending to skyblock. 
05:27:03.378 INFO  Minecraft:  
05:27:03.382 INFO  Minecraft:  
05:27:03.384 INFO  Minecraft: The server is currently full and you have been placed in a queue. 
05:27:03.390 INFO  Minecraft: Purchase VIP, VIP+, MVP or MVP+ to skip the queue at https://store.hypixel.net 
05:27:14.378 INFO  Minecraft:  
05:27:14.381 INFO  Minecraft:  
05:27:14.383 INFO  Minecraft: The server is currently full and you have been placed in a queue. 
05:27:14.388 INFO  Minecraft: Purchase VIP, VIP+, MVP or MVP+ to skip the queue at https://store.hypixel.net 
05:27:25.381 INFO  Minecraft:  
05:27:25.385 INFO  Minecraft:  
05:27:25.387 INFO  Minecraft: The server is currently full and you have been placed in a queue. 
05:27:25.392 INFO  Minecraft: Purchase VIP, VIP+, MVP or MVP+ to skip the queue at https://store.hypixel.net 
05:27:36.383 INFO  Minecraft:  
05:27:36.389 INFO  Minecraft:  
05:27:36.391 INFO  Minecraft: The server is currently full and you have been placed in a queue. 
05:27:36.397 INFO  Minecraft: Purchase VIP, VIP+, MVP or MVP+ to skip the queue at https://store.hypixel.net 
05:27:47.383 INFO  Minecraft:  
05:27:47.387 INFO  Minecraft:  
05:27:47.389 INFO  Minecraft: The server is currently full and you have been placed in a queue. 
05:27:47.393 INFO  Minecraft: Purchase VIP, VIP+, MVP or MVP+ to skip the queue at https://store.hypixel.net 
05:28:01.017 INFO  Minecraft:  
05:28:01.021 INFO  Minecraft:  
05:28:01.023 INFO  Minecraft: The server is currently full and you have been placed in a queue. 
05:28:01.049 INFO  Minecraft: Purchase VIP, VIP+, MVP or MVP+ to skip the queue at https://store.hypixel.net 
05:33:05.118 INFO  Logging in. 
05:33:07.692 INFO  Discord: Logged in. 
05:38:12.996 INFO  Logging in. 
05:38:15.246 INFO  Discord: Logged in. 
05:43:21.753 INFO  Logging in. 
05:43:23.988 INFO  Discord: Logged in. 
05:48:46.380 INFO  Logging in. 
05:48:48.718 INFO  Discord: Logged in. 
05:48:49.723 INFO  Logged in. 
05:48:50.655 INFO  Minecraft:  
05:48:50.659 INFO  Minecraft:  
05:48:50.662 INFO  Minecraft: The server is currently full and you have been placed in a queue. 
05:48:50.699 INFO  Minecraft: Purchase VIP, VIP+, MVP or MVP+ to skip the queue at https://store.hypixel.net 
05:48:54.732 INFO  Sending to skyblock. 
05:49:00.709 INFO  Minecraft:  
05:49:00.828 INFO  Minecraft:  
05:49:00.918 INFO  Minecraft: The server is currently full and you have been placed in a queue. 
05:49:01.007 INFO  Minecraft: Purchase VIP, VIP+, MVP or MVP+ to skip the queue at https://store.hypixel.net 
05:49:11.547 INFO  Minecraft:  
05:49:11.551 INFO  Minecraft:  
05:49:11.552 INFO  Minecraft: The server is currently full and you have been placed in a queue. 
05:49:11.557 INFO  Minecraft: Purchase VIP, VIP+, MVP or MVP+ to skip the queue at https://store.hypixel.net 
05:49:22.652 INFO  Minecraft:  
05:49:22.656 INFO  Minecraft:  
05:49:22.658 INFO  Minecraft: The server is currently full and you have been placed in a queue. 
05:49:22.663 INFO  Minecraft: Purchase VIP, VIP+, MVP or MVP+ to skip the queue at https://store.hypixel.net 
05:49:33.636 INFO  Minecraft:  
05:49:33.640 INFO  Minecraft:  
05:49:33.643 INFO  Minecraft: The server is currently full and you have been placed in a queue. 
05:49:33.649 INFO  Minecraft: Purchase VIP, VIP+, MVP or MVP+ to skip the queue at https://store.hypixel.net 
05:49:44.634 INFO  Minecraft:  
05:49:44.640 INFO  Minecraft:  
05:49:44.642 INFO  Minecraft: The server is currently full and you have been placed in a queue. 
05:49:44.651 INFO  Minecraft: Purchase VIP, VIP+, MVP or MVP+ to skip the queue at https://store.hypixel.net 
05:49:55.646 INFO  Minecraft:  
05:49:55.652 INFO  Minecraft:  
05:49:55.654 INFO  Minecraft: The server is currently full and you have been placed in a queue. 
05:49:55.658 INFO  Minecraft: Purchase VIP, VIP+, MVP or MVP+ to skip the queue at https://store.hypixel.net 
05:50:06.657 INFO  Minecraft:  
05:50:06.661 INFO  Minecraft:  
05:50:06.662 INFO  Minecraft: The server is currently full and you have been placed in a queue. 
05:50:06.666 INFO  Minecraft: Purchase VIP, VIP+, MVP or MVP+ to skip the queue at https://store.hypixel.net 
05:50:17.634 INFO  Minecraft:  
05:50:17.638 INFO  Minecraft:  
05:50:17.641 INFO  Minecraft: The server is currently full and you have been placed in a queue. 
05:50:17.645 INFO  Minecraft: Purchase VIP, VIP+, MVP or MVP+ to skip the queue at https://store.hypixel.net 
05:50:28.640 INFO  Minecraft:  
05:50:28.644 INFO  Minecraft:  
05:50:28.646 INFO  Minecraft: The server is currently full and you have been placed in a queue. 
05:50:28.650 INFO  Minecraft: Purchase VIP, VIP+, MVP or MVP+ to skip the queue at https://store.hypixel.net 
05:50:39.681 INFO  Minecraft:  
05:50:39.736 INFO  Minecraft:  
05:50:39.742 INFO  Minecraft: The server is currently full and you have been placed in a queue. 
05:50:39.751 INFO  Minecraft: Purchase VIP, VIP+, MVP or MVP+ to skip the queue at https://store.hypixel.net 
05:50:50.643 INFO  Minecraft:  
05:50:50.647 INFO  Minecraft:  
05:50:50.648 INFO  Minecraft: The server is currently full and you have been placed in a queue. 
05:50:50.653 INFO  Minecraft: Purchase VIP, VIP+, MVP or MVP+ to skip the queue at https://store.hypixel.net 
05:51:01.639 INFO  Minecraft:  
05:51:01.643 INFO  Minecraft:  
05:51:01.645 INFO  Minecraft: The server is currently full and you have been placed in a queue. 
05:51:01.649 INFO  Minecraft: Purchase VIP, VIP+, MVP or MVP+ to skip the queue at https://store.hypixel.net 
05:51:12.636 INFO  Minecraft:  
05:51:12.654 INFO  Minecraft:  
05:51:12.656 INFO  Minecraft: The server is currently full and you have been placed in a queue. 
05:51:12.659 INFO  Minecraft: Purchase VIP, VIP+, MVP or MVP+ to skip the queue at https://store.hypixel.net 
05:51:23.640 INFO  Minecraft:  
05:51:23.645 INFO  Minecraft:  
05:51:23.647 INFO  Minecraft: The server is currently full and you have been placed in a queue. 
05:51:23.651 INFO  Minecraft: Purchase VIP, VIP+, MVP or MVP+ to skip the queue at https://store.hypixel.net 
05:51:34.653 INFO  Minecraft:  
05:51:34.662 INFO  Minecraft:  
05:51:34.664 INFO  Minecraft: The server is currently full and you have been placed in a queue. 
05:51:34.668 INFO  Minecraft: Purchase VIP, VIP+, MVP or MVP+ to skip the queue at https://store.hypixel.net 
05:51:45.642 INFO  Minecraft:  
05:51:45.646 INFO  Minecraft:  
05:51:45.648 INFO  Minecraft: The server is currently full and you have been placed in a queue. 
05:51:45.651 INFO  Minecraft: Purchase VIP, VIP+, MVP or MVP+ to skip the queue at https://store.hypixel.net 
05:51:56.647 INFO  Minecraft:  
05:51:56.650 INFO  Minecraft:  
05:51:56.653 INFO  Minecraft: The server is currently full and you have been placed in a queue. 
05:51:56.656 INFO  Minecraft: Purchase VIP, VIP+, MVP or MVP+ to skip the queue at https://store.hypixel.net 
05:52:07.652 INFO  Minecraft:  
05:52:07.656 INFO  Minecraft:  
05:52:07.662 INFO  Minecraft: The server is currently full and you have been placed in a queue. 
05:52:07.667 INFO  Minecraft: Purchase VIP, VIP+, MVP or MVP+ to skip the queue at https://store.hypixel.net 
05:52:18.649 INFO  Minecraft:  
05:52:18.654 INFO  Minecraft:  
05:52:18.657 INFO  Minecraft: The server is currently full and you have been placed in a queue. 
05:52:18.662 INFO  Minecraft: Purchase VIP, VIP+, MVP or MVP+ to skip the queue at https://store.hypixel.net 
05:52:29.648 INFO  Minecraft:  
05:52:29.652 INFO  Minecraft:  
05:52:29.654 INFO  Minecraft: The server is currently full and you have been placed in a queue. 
05:52:29.658 INFO  Minecraft: Purchase VIP, VIP+, MVP or MVP+ to skip the queue at https://store.hypixel.net 
05:52:40.648 INFO  Minecraft:  
05:52:40.656 INFO  Minecraft:  
05:52:40.658 INFO  Minecraft: The server is currently full and you have been placed in a queue. 
05:52:40.665 INFO  Minecraft: Purchase VIP, VIP+, MVP or MVP+ to skip the queue at https://store.hypixel.net 
05:52:51.644 INFO  Minecraft:  
05:52:51.648 INFO  Minecraft:  
05:52:51.650 INFO  Minecraft: The server is currently full and you have been placed in a queue. 
05:52:51.655 INFO  Minecraft: Purchase VIP, VIP+, MVP or MVP+ to skip the queue at https://store.hypixel.net 
05:53:02.652 INFO  Minecraft:  
05:53:02.656 INFO  Minecraft:  
05:53:02.658 INFO  Minecraft: The server is currently full and you have been placed in a queue. 
05:53:02.664 INFO  Minecraft: Purchase VIP, VIP+, MVP or MVP+ to skip the queue at https://store.hypixel.net 
05:53:13.649 INFO  Minecraft:  
05:53:13.653 INFO  Minecraft:  
05:53:13.655 INFO  Minecraft: The server is currently full and you have been placed in a queue. 
05:53:13.660 INFO  Minecraft: Purchase VIP, VIP+, MVP or MVP+ to skip the queue at https://store.hypixel.net 
05:53:24.654 INFO  Minecraft:  
05:53:24.658 INFO  Minecraft:  
05:53:24.660 INFO  Minecraft: The server is currently full and you have been placed in a queue. 
05:53:24.665 INFO  Minecraft: Purchase VIP, VIP+, MVP or MVP+ to skip the queue at https://store.hypixel.net 
05:53:35.662 INFO  Minecraft:  
05:53:35.665 INFO  Minecraft:  
05:53:35.667 INFO  Minecraft: The server is currently full and you have been placed in a queue. 
05:53:35.671 INFO  Minecraft: Purchase VIP, VIP+, MVP or MVP+ to skip the queue at https://store.hypixel.net 
05:53:46.661 INFO  Minecraft:  
05:53:46.665 INFO  Minecraft:  
05:53:46.667 INFO  Minecraft: The server is currently full and you have been placed in a queue. 
05:53:46.672 INFO  Minecraft: Purchase VIP, VIP+, MVP or MVP+ to skip the queue at https://store.hypixel.net 
05:53:57.661 INFO  Minecraft:  
05:53:57.667 INFO  Minecraft:  
05:53:57.670 INFO  Minecraft: The server is currently full and you have been placed in a queue. 
05:53:57.674 INFO  Minecraft: Purchase VIP, VIP+, MVP or MVP+ to skip the queue at https://store.hypixel.net 
05:54:08.655 INFO  Minecraft:  
05:54:08.658 INFO  Minecraft:  
05:54:08.661 INFO  Minecraft: The server is currently full and you have been placed in a queue. 
05:54:08.664 INFO  Minecraft: Purchase VIP, VIP+, MVP or MVP+ to skip the queue at https://store.hypixel.net 
05:54:19.660 INFO  Minecraft:  
05:54:19.664 INFO  Minecraft:  
05:54:19.666 INFO  Minecraft: The server is currently full and you have been placed in a queue. 
05:54:19.669 INFO  Minecraft: Purchase VIP, VIP+, MVP or MVP+ to skip the queue at https://store.hypixel.net 
05:54:30.657 INFO  Minecraft:  
05:54:30.661 INFO  Minecraft:  
05:54:30.663 INFO  Minecraft: The server is currently full and you have been placed in a queue. 
05:54:30.667 INFO  Minecraft: Purchase VIP, VIP+, MVP or MVP+ to skip the queue at https://store.hypixel.net 
05:54:41.660 INFO  Minecraft:  
05:54:41.664 INFO  Minecraft:  
05:54:41.667 INFO  Minecraft: The server is currently full and you have been placed in a queue. 
05:54:41.672 INFO  Minecraft: Purchase VIP, VIP+, MVP or MVP+ to skip the queue at https://store.hypixel.net 
05:54:52.658 INFO  Minecraft:  
05:54:52.661 INFO  Minecraft:  
05:54:52.663 INFO  Minecraft: The server is currently full and you have been placed in a queue. 
05:54:52.667 INFO  Minecraft: Purchase VIP, VIP+, MVP or MVP+ to skip the queue at https://store.hypixel.net 
05:55:04.015 INFO  Minecraft:  
05:55:04.019 INFO  Minecraft:  
05:55:04.021 INFO  Minecraft: The server is currently full and you have been placed in a queue. 
05:55:04.029 INFO  Minecraft: Purchase VIP, VIP+, MVP or MVP+ to skip the queue at https://store.hypixel.net 
05:55:15.010 INFO  Minecraft:  
05:55:15.014 INFO  Minecraft:  
05:55:15.016 INFO  Minecraft: The server is currently full and you have been placed in a queue. 
05:55:15.019 INFO  Minecraft: Purchase VIP, VIP+, MVP or MVP+ to skip the queue at https://store.hypixel.net 
05:55:26.012 INFO  Minecraft:  
05:55:26.016 INFO  Minecraft:  
05:55:26.022 INFO  Minecraft: The server is currently full and you have been placed in a queue. 
05:55:26.026 INFO  Minecraft: Purchase VIP, VIP+, MVP or MVP+ to skip the queue at https://store.hypixel.net 
05:55:37.025 INFO  Minecraft:  
05:55:37.028 INFO  Minecraft:  
05:55:37.030 INFO  Minecraft: The server is currently full and you have been placed in a queue. 
05:55:37.034 INFO  Minecraft: Purchase VIP, VIP+, MVP or MVP+ to skip the queue at https://store.hypixel.net 
05:55:48.036 INFO  Minecraft:  
05:55:48.042 INFO  Minecraft:  
05:55:48.044 INFO  Minecraft: The server is currently full and you have been placed in a queue. 
05:55:48.047 INFO  Minecraft: Purchase VIP, VIP+, MVP or MVP+ to skip the queue at https://store.hypixel.net 
05:55:59.030 INFO  Minecraft:  
05:55:59.033 INFO  Minecraft:  
05:55:59.035 INFO  Minecraft: The server is currently full and you have been placed in a queue. 
05:55:59.040 INFO  Minecraft: Purchase VIP, VIP+, MVP or MVP+ to skip the queue at https://store.hypixel.net 
05:56:10.019 INFO  Minecraft:  
05:56:10.022 INFO  Minecraft:  
05:56:10.027 INFO  Minecraft: The server is currently full and you have been placed in a queue. 
05:56:10.030 INFO  Minecraft: Purchase VIP, VIP+, MVP or MVP+ to skip the queue at https://store.hypixel.net 
05:56:21.046 INFO  Minecraft:  
05:56:21.052 INFO  Minecraft:  
05:56:21.054 INFO  Minecraft: The server is currently full and you have been placed in a queue. 
05:56:21.059 INFO  Minecraft: Purchase VIP, VIP+, MVP or MVP+ to skip the queue at https://store.hypixel.net 
05:56:32.396 INFO  Minecraft:  
05:56:32.401 INFO  Minecraft:  
05:56:32.403 INFO  Minecraft: The server is currently full and you have been placed in a queue. 
05:56:32.409 INFO  Minecraft: Purchase VIP, VIP+, MVP or MVP+ to skip the queue at https://store.hypixel.net 
05:56:43.408 INFO  Minecraft:  
05:56:43.412 INFO  Minecraft:  
05:56:43.426 INFO  Minecraft: The server is currently full and you have been placed in a queue. 
05:56:43.432 INFO  Minecraft: Purchase VIP, VIP+, MVP or MVP+ to skip the queue at https://store.hypixel.net 
05:56:54.387 INFO  Minecraft:  
05:56:54.392 INFO  Minecraft:  
05:56:54.395 INFO  Minecraft: The server is currently full and you have been placed in a queue. 
05:56:54.400 INFO  Minecraft: Purchase VIP, VIP+, MVP or MVP+ to skip the queue at https://store.hypixel.net 
05:57:05.388 INFO  Minecraft:  
05:57:05.393 INFO  Minecraft:  
05:57:05.395 INFO  Minecraft: The server is currently full and you have been placed in a queue. 
05:57:05.398 INFO  Minecraft: Purchase VIP, VIP+, MVP or MVP+ to skip the queue at https://store.hypixel.net 
05:57:16.384 INFO  Minecraft:  
05:57:16.388 INFO  Minecraft:  
05:57:16.390 INFO  Minecraft: The server is currently full and you have been placed in a queue. 
05:57:16.395 INFO  Minecraft: Purchase VIP, VIP+, MVP or MVP+ to skip the queue at https://store.hypixel.net 
05:57:27.389 INFO  Minecraft:  
05:57:27.395 INFO  Minecraft:  
05:57:27.401 INFO  Minecraft: The server is currently full and you have been placed in a queue. 
05:57:27.406 INFO  Minecraft: Purchase VIP, VIP+, MVP or MVP+ to skip the queue at https://store.hypixel.net 
05:57:38.389 INFO  Minecraft:  
05:57:38.393 INFO  Minecraft:  
05:57:38.396 INFO  Minecraft: The server is currently full and you have been placed in a queue. 
05:57:38.400 INFO  Minecraft: Purchase VIP, VIP+, MVP or MVP+ to skip the queue at https://store.hypixel.net 
05:57:49.386 INFO  Minecraft:  
05:57:49.390 INFO  Minecraft:  
05:57:49.392 INFO  Minecraft: The server is currently full and you have been placed in a queue. 
05:57:49.397 INFO  Minecraft: Purchase VIP, VIP+, MVP or MVP+ to skip the queue at https://store.hypixel.net 
05:58:00.645 INFO  Minecraft:  
05:58:00.650 INFO  Minecraft:  
05:58:00.654 INFO  Minecraft: The server is currently full and you have been placed in a queue. 
05:58:00.658 INFO  Minecraft: Purchase VIP, VIP+, MVP or MVP+ to skip the queue at https://store.hypixel.net 
05:58:11.663 INFO  Minecraft:  
05:58:11.667 INFO  Minecraft:  
05:58:11.671 INFO  Minecraft: The server is currently full and you have been placed in a queue. 
05:58:11.675 INFO  Minecraft: Purchase VIP, VIP+, MVP or MVP+ to skip the queue at https://store.hypixel.net 
05:58:22.653 INFO  Minecraft:  
05:58:22.656 INFO  Minecraft:  
05:58:22.658 INFO  Minecraft: The server is currently full and you have been placed in a queue. 
05:58:22.662 INFO  Minecraft: Purchase VIP, VIP+, MVP or MVP+ to skip the queue at https://store.hypixel.net 
05:58:33.649 INFO  Minecraft:  
05:58:33.654 INFO  Minecraft:  
05:58:33.656 INFO  Minecraft: The server is currently full and you have been placed in a queue. 
05:58:33.659 INFO  Minecraft: Purchase VIP, VIP+, MVP or MVP+ to skip the queue at https://store.hypixel.net 
05:58:44.650 INFO  Minecraft:  
05:58:44.654 INFO  Minecraft:  
05:58:44.656 INFO  Minecraft: The server is currently full and you have been placed in a queue. 
05:58:44.660 INFO  Minecraft: Purchase VIP, VIP+, MVP or MVP+ to skip the queue at https://store.hypixel.net 
05:58:55.654 INFO  Minecraft:  
05:58:55.658 INFO  Minecraft:  
05:58:55.660 INFO  Minecraft: The server is currently full and you have been placed in a queue. 
05:58:55.665 INFO  Minecraft: Purchase VIP, VIP+, MVP or MVP+ to skip the queue at https://store.hypixel.net 
05:59:06.656 INFO  Minecraft:  
05:59:06.660 INFO  Minecraft:  
05:59:06.661 INFO  Minecraft: The server is currently full and you have been placed in a queue. 
05:59:06.665 INFO  Minecraft: Purchase VIP, VIP+, MVP or MVP+ to skip the queue at https://store.hypixel.net 
05:59:17.655 INFO  Minecraft:  
05:59:17.658 INFO  Minecraft:  
05:59:17.660 INFO  Minecraft: The server is currently full and you have been placed in a queue. 
05:59:17.663 INFO  Minecraft: Purchase VIP, VIP+, MVP or MVP+ to skip the queue at https://store.hypixel.net 
05:59:28.650 INFO  Minecraft:  
05:59:28.655 INFO  Minecraft:  
05:59:28.657 INFO  Minecraft: The server is currently full and you have been placed in a queue. 
05:59:28.662 INFO  Minecraft: Purchase VIP, VIP+, MVP or MVP+ to skip the queue at https://store.hypixel.net 
05:59:39.656 INFO  Minecraft:  
05:59:39.659 INFO  Minecraft:  
05:59:39.661 INFO  Minecraft: The server is currently full and you have been placed in a queue. 
05:59:39.666 INFO  Minecraft: Purchase VIP, VIP+, MVP or MVP+ to skip the queue at https://store.hypixel.net 
05:59:50.677 INFO  Minecraft:  
05:59:50.680 INFO  Minecraft:  
05:59:50.682 INFO  Minecraft: The server is currently full and you have been placed in a queue. 
05:59:50.690 INFO  Minecraft: Purchase VIP, VIP+, MVP or MVP+ to skip the queue at https://store.hypixel.net 
06:00:01.664 INFO  Minecraft:  
06:00:01.668 INFO  Minecraft:  
06:00:01.670 INFO  Minecraft: The server is currently full and you have been placed in a queue. 
06:00:01.673 INFO  Minecraft: Purchase VIP, VIP+, MVP or MVP+ to skip the queue at https://store.hypixel.net 
06:00:12.657 INFO  Minecraft:  
06:00:12.660 INFO  Minecraft:  
06:00:12.662 INFO  Minecraft: The server is currently full and you have been placed in a queue. 
06:00:12.666 INFO  Minecraft: Purchase VIP, VIP+, MVP or MVP+ to skip the queue at https://store.hypixel.net 
06:00:23.670 INFO  Minecraft:  
06:00:23.673 INFO  Minecraft:  
06:00:23.675 INFO  Minecraft: The server is currently full and you have been placed in a queue. 
06:00:23.680 INFO  Minecraft: Purchase VIP, VIP+, MVP or MVP+ to skip the queue at https://store.hypixel.net 
06:00:34.656 INFO  Minecraft:  
06:00:34.660 INFO  Minecraft:  
06:00:34.662 INFO  Minecraft: The server is currently full and you have been placed in a queue. 
06:00:34.666 INFO  Minecraft: Purchase VIP, VIP+, MVP or MVP+ to skip the queue at https://store.hypixel.net 
06:00:45.657 INFO  Minecraft:  
06:00:45.662 INFO  Minecraft:  
06:00:45.664 INFO  Minecraft: The server is currently full and you have been placed in a queue. 
06:00:45.667 INFO  Minecraft: Purchase VIP, VIP+, MVP or MVP+ to skip the queue at https://store.hypixel.net 
06:00:56.655 INFO  Minecraft:  
06:00:56.660 INFO  Minecraft:  
06:00:56.662 INFO  Minecraft: The server is currently full and you have been placed in a queue. 
06:00:56.666 INFO  Minecraft: Purchase VIP, VIP+, MVP or MVP+ to skip the queue at https://store.hypixel.net 
06:01:07.658 INFO  Minecraft:  
06:01:07.662 INFO  Minecraft:  
06:01:07.664 INFO  Minecraft: The server is currently full and you have been placed in a queue. 
06:01:07.668 INFO  Minecraft: Purchase VIP, VIP+, MVP or MVP+ to skip the queue at https://store.hypixel.net 
06:01:18.662 INFO  Minecraft:  
06:01:18.666 INFO  Minecraft:  
06:01:18.669 INFO  Minecraft: The server is currently full and you have been placed in a queue. 
06:01:18.673 INFO  Minecraft: Purchase VIP, VIP+, MVP or MVP+ to skip the queue at https://store.hypixel.net 
06:01:29.662 INFO  Minecraft:  
06:01:29.666 INFO  Minecraft:  
06:01:29.668 INFO  Minecraft: The server is currently full and you have been placed in a queue. 
06:01:29.672 INFO  Minecraft: Purchase VIP, VIP+, MVP or MVP+ to skip the queue at https://store.hypixel.net 
06:01:40.673 INFO  Minecraft:  
06:01:40.677 INFO  Minecraft:  
06:01:40.679 INFO  Minecraft: The server is currently full and you have been placed in a queue. 
06:01:40.682 INFO  Minecraft: Purchase VIP, VIP+, MVP or MVP+ to skip the queue at https://store.hypixel.net 
06:01:51.664 INFO  Minecraft:  
06:01:51.670 INFO  Minecraft:  
06:01:51.671 INFO  Minecraft: The server is currently full and you have been placed in a queue. 
06:01:51.676 INFO  Minecraft: Purchase VIP, VIP+, MVP or MVP+ to skip the queue at https://store.hypixel.net 
06:02:02.657 INFO  Minecraft:  
06:02:02.664 INFO  Minecraft:  
06:02:02.666 INFO  Minecraft: The server is currently full and you have been placed in a queue. 
06:02:02.670 INFO  Minecraft: Purchase VIP, VIP+, MVP or MVP+ to skip the queue at https://store.hypixel.net 
06:02:13.653 INFO  Minecraft:  
06:02:13.663 INFO  Minecraft:  
06:02:13.665 INFO  Minecraft: The server is currently full and you have been placed in a queue. 
06:02:13.669 INFO  Minecraft: Purchase VIP, VIP+, MVP or MVP+ to skip the queue at https://store.hypixel.net 
06:02:24.661 INFO  Minecraft:  
06:02:24.666 INFO  Minecraft:  
06:02:24.669 INFO  Minecraft: The server is currently full and you have been placed in a queue. 
06:02:24.672 INFO  Minecraft: Purchase VIP, VIP+, MVP or MVP+ to skip the queue at https://store.hypixel.net 
06:02:35.658 INFO  Minecraft:  
06:02:35.661 INFO  Minecraft:  
06:02:35.663 INFO  Minecraft: The server is currently full and you have been placed in a queue. 
06:02:35.668 INFO  Minecraft: Purchase VIP, VIP+, MVP or MVP+ to skip the queue at https://store.hypixel.net 
06:02:46.666 INFO  Minecraft:  
06:02:46.670 INFO  Minecraft:  
06:02:46.672 INFO  Minecraft: The server is currently full and you have been placed in a queue. 
06:02:46.677 INFO  Minecraft: Purchase VIP, VIP+, MVP or MVP+ to skip the queue at https://store.hypixel.net 
06:02:57.781 INFO  Minecraft:  
06:02:57.784 INFO  Minecraft:  
06:02:57.786 INFO  Minecraft: The server is currently full and you have been placed in a queue. 
06:02:57.790 INFO  Minecraft: Purchase VIP, VIP+, MVP or MVP+ to skip the queue at https://store.hypixel.net 
06:03:08.787 INFO  Minecraft:  
06:03:08.793 INFO  Minecraft:  
06:03:08.794 INFO  Minecraft: The server is currently full and you have been placed in a queue. 
06:03:08.797 INFO  Minecraft: Purchase VIP, VIP+, MVP or MVP+ to skip the queue at https://store.hypixel.net 
06:03:19.784 INFO  Minecraft:  
06:03:19.788 INFO  Minecraft:  
06:03:19.790 INFO  Minecraft: The server is currently full and you have been placed in a queue. 
06:03:19.795 INFO  Minecraft: Purchase VIP, VIP+, MVP or MVP+ to skip the queue at https://store.hypixel.net 
06:03:30.794 INFO  Minecraft:  
06:03:30.798 INFO  Minecraft:  
06:03:30.801 INFO  Minecraft: The server is currently full and you have been placed in a queue. 
06:03:30.812 INFO  Minecraft: Purchase VIP, VIP+, MVP or MVP+ to skip the queue at https://store.hypixel.net 
06:03:41.783 INFO  Minecraft:  
06:03:41.789 INFO  Minecraft:  
06:03:41.791 INFO  Minecraft: The server is currently full and you have been placed in a queue. 
06:03:41.795 INFO  Minecraft: Purchase VIP, VIP+, MVP or MVP+ to skip the queue at https://store.hypixel.net 
06:03:52.794 INFO  Minecraft:  
06:03:52.797 INFO  Minecraft:  
06:03:52.802 INFO  Minecraft: The server is currently full and you have been placed in a queue. 
06:03:52.807 INFO  Minecraft: Purchase VIP, VIP+, MVP or MVP+ to skip the queue at https://store.hypixel.net 
06:04:03.783 INFO  Minecraft:  
06:04:03.787 INFO  Minecraft:  
06:04:03.789 INFO  Minecraft: The server is currently full and you have been placed in a queue. 
06:04:03.794 INFO  Minecraft: Purchase VIP, VIP+, MVP or MVP+ to skip the queue at https://store.hypixel.net 
06:04:15.000 INFO  Minecraft:  
06:04:15.004 INFO  Minecraft:  
06:04:15.006 INFO  Minecraft: The server is currently full and you have been placed in a queue. 
06:04:15.012 INFO  Minecraft: Purchase VIP, VIP+, MVP or MVP+ to skip the queue at https://store.hypixel.net 
06:04:26.010 INFO  Minecraft:  
06:04:26.014 INFO  Minecraft:  
06:04:26.018 INFO  Minecraft: The server is currently full and you have been placed in a queue. 
06:04:26.022 INFO  Minecraft: Purchase VIP, VIP+, MVP or MVP+ to skip the queue at https://store.hypixel.net 
06:04:37.003 INFO  Minecraft:  
06:04:37.010 INFO  Minecraft:  
06:04:37.013 INFO  Minecraft: The server is currently full and you have been placed in a queue. 
06:04:37.017 INFO  Minecraft: Purchase VIP, VIP+, MVP or MVP+ to skip the queue at https://store.hypixel.net 
06:04:48.203 INFO  Minecraft:  
06:04:48.206 INFO  Minecraft:  
06:04:48.208 INFO  Minecraft: The server is currently full and you have been placed in a queue. 
06:04:48.212 INFO  Minecraft: Purchase VIP, VIP+, MVP or MVP+ to skip the queue at https://store.hypixel.net 
06:04:59.200 INFO  Minecraft:  
06:04:59.204 INFO  Minecraft:  
06:04:59.206 INFO  Minecraft: The server is currently full and you have been placed in a queue. 
06:04:59.210 INFO  Minecraft: Purchase VIP, VIP+, MVP or MVP+ to skip the queue at https://store.hypixel.net 
06:05:10.201 INFO  Minecraft:  
06:05:10.204 INFO  Minecraft:  
06:05:10.206 INFO  Minecraft: The server is currently full and you have been placed in a queue. 
06:05:10.210 INFO  Minecraft: Purchase VIP, VIP+, MVP or MVP+ to skip the queue at https://store.hypixel.net 
06:05:21.197 INFO  Minecraft:  
06:05:21.201 INFO  Minecraft:  
06:05:21.203 INFO  Minecraft: The server is currently full and you have been placed in a queue. 
06:05:21.207 INFO  Minecraft: Purchase VIP, VIP+, MVP or MVP+ to skip the queue at https://store.hypixel.net 
06:05:32.199 INFO  Minecraft:  
06:05:32.202 INFO  Minecraft:  
06:05:32.204 INFO  Minecraft: The server is currently full and you have been placed in a queue. 
06:05:32.208 INFO  Minecraft: Purchase VIP, VIP+, MVP or MVP+ to skip the queue at https://store.hypixel.net 
06:05:43.215 INFO  Minecraft:  
06:05:43.219 INFO  Minecraft:  
06:05:43.221 INFO  Minecraft: The server is currently full and you have been placed in a queue. 
06:05:43.226 INFO  Minecraft: Purchase VIP, VIP+, MVP or MVP+ to skip the queue at https://store.hypixel.net 
06:05:54.206 INFO  Minecraft:  
06:05:54.211 INFO  Minecraft:  
06:05:54.213 INFO  Minecraft: The server is currently full and you have been placed in a queue. 
06:05:54.216 INFO  Minecraft: Purchase VIP, VIP+, MVP or MVP+ to skip the queue at https://store.hypixel.net 
06:06:05.203 INFO  Minecraft:  
06:06:05.209 INFO  Minecraft:  
06:06:05.211 INFO  Minecraft: The server is currently full and you have been placed in a queue. 
06:06:05.214 INFO  Minecraft: Purchase VIP, VIP+, MVP or MVP+ to skip the queue at https://store.hypixel.net 
06:06:16.209 INFO  Minecraft:  
06:06:16.214 INFO  Minecraft:  
06:06:16.216 INFO  Minecraft: The server is currently full and you have been placed in a queue. 
06:06:16.221 INFO  Minecraft: Purchase VIP, VIP+, MVP or MVP+ to skip the queue at https://store.hypixel.net 
06:06:27.216 INFO  Minecraft:  
06:06:27.220 INFO  Minecraft:  
06:06:27.222 INFO  Minecraft: The server is currently full and you have been placed in a queue. 
06:06:27.225 INFO  Minecraft: Purchase VIP, VIP+, MVP or MVP+ to skip the queue at https://store.hypixel.net 
06:06:38.205 INFO  Minecraft:  
06:06:38.209 INFO  Minecraft:  
06:06:38.212 INFO  Minecraft: The server is currently full and you have been placed in a queue. 
06:06:38.216 INFO  Minecraft: Purchase VIP, VIP+, MVP or MVP+ to skip the queue at https://store.hypixel.net 
06:06:49.226 INFO  Minecraft:  
06:06:49.231 INFO  Minecraft:  
06:06:49.236 INFO  Minecraft: The server is currently full and you have been placed in a queue. 
06:06:49.241 INFO  Minecraft: Purchase VIP, VIP+, MVP or MVP+ to skip the queue at https://store.hypixel.net 
06:07:00.216 INFO  Minecraft:  
06:07:00.221 INFO  Minecraft:  
06:07:00.223 INFO  Minecraft: The server is currently full and you have been placed in a queue. 
06:07:00.229 INFO  Minecraft: Purchase VIP, VIP+, MVP or MVP+ to skip the queue at https://store.hypixel.net 
06:07:11.218 INFO  Minecraft:  
06:07:11.226 INFO  Minecraft:  
06:07:11.228 INFO  Minecraft: The server is currently full and you have been placed in a queue. 
06:07:11.233 INFO  Minecraft: Purchase VIP, VIP+, MVP or MVP+ to skip the queue at https://store.hypixel.net 
06:07:22.218 INFO  Minecraft:  
06:07:22.223 INFO  Minecraft:  
06:07:22.225 INFO  Minecraft: The server is currently full and you have been placed in a queue. 
06:07:22.229 INFO  Minecraft: Purchase VIP, VIP+, MVP or MVP+ to skip the queue at https://store.hypixel.net 
06:07:33.217 INFO  Minecraft:  
06:07:33.221 INFO  Minecraft:  
06:07:33.223 INFO  Minecraft: The server is currently full and you have been placed in a queue. 
06:07:33.226 INFO  Minecraft: Purchase VIP, VIP+, MVP or MVP+ to skip the queue at https://store.hypixel.net 
06:07:44.457 INFO  Minecraft:  
06:07:44.461 INFO  Minecraft:  
06:07:44.463 INFO  Minecraft: The server is currently full and you have been placed in a queue. 
06:07:44.470 INFO  Minecraft: Purchase VIP, VIP+, MVP or MVP+ to skip the queue at https://store.hypixel.net 
06:07:55.456 INFO  Minecraft:  
06:07:55.459 INFO  Minecraft:  
06:07:55.461 INFO  Minecraft: The server is currently full and you have been placed in a queue. 
06:07:55.466 INFO  Minecraft: Purchase VIP, VIP+, MVP or MVP+ to skip the queue at https://store.hypixel.net 
06:08:07.120 INFO  Minecraft:  
06:08:07.125 INFO  Minecraft:  
06:08:07.127 INFO  Minecraft: The server is currently full and you have been placed in a queue. 
06:08:07.132 INFO  Minecraft: Purchase VIP, VIP+, MVP or MVP+ to skip the queue at https://store.hypixel.net 
06:08:17.672 INFO  Minecraft:  
06:08:17.676 INFO  Minecraft:  
06:08:17.678 INFO  Minecraft: The server is currently full and you have been placed in a queue. 
06:08:17.681 INFO  Minecraft: Purchase VIP, VIP+, MVP or MVP+ to skip the queue at https://store.hypixel.net 
06:08:28.667 INFO  Minecraft:  
06:08:28.670 INFO  Minecraft:  
06:08:28.673 INFO  Minecraft: The server is currently full and you have been placed in a queue. 
06:08:28.676 INFO  Minecraft: Purchase VIP, VIP+, MVP or MVP+ to skip the queue at https://store.hypixel.net 
06:08:39.667 INFO  Minecraft:  
06:08:39.670 INFO  Minecraft:  
06:08:39.672 INFO  Minecraft: The server is currently full and you have been placed in a queue. 
06:08:39.676 INFO  Minecraft: Purchase VIP, VIP+, MVP or MVP+ to skip the queue at https://store.hypixel.net 
06:08:50.671 INFO  Minecraft:  
06:08:50.676 INFO  Minecraft:  
06:08:50.678 INFO  Minecraft: The server is currently full and you have been placed in a queue. 
06:08:50.681 INFO  Minecraft: Purchase VIP, VIP+, MVP or MVP+ to skip the queue at https://store.hypixel.net 
06:09:01.667 INFO  Minecraft:  
06:09:01.671 INFO  Minecraft:  
06:09:01.673 INFO  Minecraft: The server is currently full and you have been placed in a queue. 
06:09:01.677 INFO  Minecraft: Purchase VIP, VIP+, MVP or MVP+ to skip the queue at https://store.hypixel.net 
06:09:12.669 INFO  Minecraft:  
06:09:12.672 INFO  Minecraft:  
06:09:12.674 INFO  Minecraft: The server is currently full and you have been placed in a queue. 
06:09:12.678 INFO  Minecraft: Purchase VIP, VIP+, MVP or MVP+ to skip the queue at https://store.hypixel.net 
06:09:23.673 INFO  Minecraft:  
06:09:23.677 INFO  Minecraft:  
06:09:23.679 INFO  Minecraft: The server is currently full and you have been placed in a queue. 
06:09:23.682 INFO  Minecraft: Purchase VIP, VIP+, MVP or MVP+ to skip the queue at https://store.hypixel.net 
06:09:34.690 INFO  Minecraft:  
06:09:34.695 INFO  Minecraft:  
06:09:34.697 INFO  Minecraft: The server is currently full and you have been placed in a queue. 
06:09:34.700 INFO  Minecraft: Purchase VIP, VIP+, MVP or MVP+ to skip the queue at https://store.hypixel.net 
06:09:45.689 INFO  Minecraft:  
06:09:45.692 INFO  Minecraft:  
06:09:45.694 INFO  Minecraft: The server is currently full and you have been placed in a queue. 
06:09:45.698 INFO  Minecraft: Purchase VIP, VIP+, MVP or MVP+ to skip the queue at https://store.hypixel.net 
06:09:56.666 INFO  Minecraft:  
06:09:56.670 INFO  Minecraft:  
06:09:56.673 INFO  Minecraft: The server is currently full and you have been placed in a queue. 
06:09:56.678 INFO  Minecraft: Purchase VIP, VIP+, MVP or MVP+ to skip the queue at https://store.hypixel.net 
06:10:07.668 INFO  Minecraft:  
06:10:07.672 INFO  Minecraft:  
06:10:07.674 INFO  Minecraft: The server is currently full and you have been placed in a queue. 
06:10:07.678 INFO  Minecraft: Purchase VIP, VIP+, MVP or MVP+ to skip the queue at https://store.hypixel.net 
06:10:18.670 INFO  Minecraft:  
06:10:18.673 INFO  Minecraft:  
06:10:18.675 INFO  Minecraft: The server is currently full and you have been placed in a queue. 
06:10:18.678 INFO  Minecraft: Purchase VIP, VIP+, MVP or MVP+ to skip the queue at https://store.hypixel.net 
06:10:29.691 INFO  Minecraft:  
06:10:29.696 INFO  Minecraft:  
06:10:29.698 INFO  Minecraft: The server is currently full and you have been placed in a queue. 
06:10:29.704 INFO  Minecraft: Purchase VIP, VIP+, MVP or MVP+ to skip the queue at https://store.hypixel.net 
06:10:40.692 INFO  Minecraft:  
06:10:40.697 INFO  Minecraft:  
06:10:40.699 INFO  Minecraft: The server is currently full and you have been placed in a queue. 
06:10:40.703 INFO  Minecraft: Purchase VIP, VIP+, MVP or MVP+ to skip the queue at https://store.hypixel.net 
06:10:51.692 INFO  Minecraft:  
06:10:51.695 INFO  Minecraft:  
06:10:51.697 INFO  Minecraft: The server is currently full and you have been placed in a queue. 
06:10:51.701 INFO  Minecraft: Purchase VIP, VIP+, MVP or MVP+ to skip the queue at https://store.hypixel.net 
06:11:02.689 INFO  Minecraft:  
06:11:02.693 INFO  Minecraft:  
06:11:02.695 INFO  Minecraft: The server is currently full and you have been placed in a queue. 
06:11:02.698 INFO  Minecraft: Purchase VIP, VIP+, MVP or MVP+ to skip the queue at https://store.hypixel.net 
06:11:13.695 INFO  Minecraft:  
06:11:13.703 INFO  Minecraft:  
06:11:13.704 INFO  Minecraft: The server is currently full and you have been placed in a queue. 
06:11:13.708 INFO  Minecraft: Purchase VIP, VIP+, MVP or MVP+ to skip the queue at https://store.hypixel.net 
06:11:24.692 INFO  Minecraft:  
06:11:24.696 INFO  Minecraft:  
06:11:24.698 INFO  Minecraft: The server is currently full and you have been placed in a queue. 
06:11:24.701 INFO  Minecraft: Purchase VIP, VIP+, MVP or MVP+ to skip the queue at https://store.hypixel.net 
06:11:35.694 INFO  Minecraft:  
06:11:35.697 INFO  Minecraft:  
06:11:35.699 INFO  Minecraft: The server is currently full and you have been placed in a queue. 
06:11:35.703 INFO  Minecraft: Purchase VIP, VIP+, MVP or MVP+ to skip the queue at https://store.hypixel.net 
06:11:46.692 INFO  Minecraft:  
06:11:46.695 INFO  Minecraft:  
06:11:46.698 INFO  Minecraft: The server is currently full and you have been placed in a queue. 
06:11:46.702 INFO  Minecraft: Purchase VIP, VIP+, MVP or MVP+ to skip the queue at https://store.hypixel.net 
06:11:57.845 INFO  Minecraft:  
06:11:57.850 INFO  Minecraft:  
06:11:57.852 INFO  Minecraft: The server is currently full and you have been placed in a queue. 
06:11:57.855 INFO  Minecraft: Purchase VIP, VIP+, MVP or MVP+ to skip the queue at https://store.hypixel.net 
06:12:08.829 INFO  Minecraft:  
06:12:08.832 INFO  Minecraft:  
06:12:08.834 INFO  Minecraft: The server is currently full and you have been placed in a queue. 
06:12:08.839 INFO  Minecraft: Purchase VIP, VIP+, MVP or MVP+ to skip the queue at https://store.hypixel.net 
06:13:33.772 INFO  Minecraft:  
06:13:33.775 INFO  Minecraft:  
06:13:33.777 INFO  Minecraft: The server is currently full and you have been placed in a queue. 
06:13:33.782 INFO  Minecraft: Purchase VIP, VIP+, MVP or MVP+ to skip the queue at https://store.hypixel.net 
06:13:44.771 INFO  Minecraft:  
06:13:44.776 INFO  Minecraft:  
06:13:44.778 INFO  Minecraft: The server is currently full and you have been placed in a queue. 
06:13:44.782 INFO  Minecraft: Purchase VIP, VIP+, MVP or MVP+ to skip the queue at https://store.hypixel.net 
06:13:55.782 INFO  Minecraft:  
06:13:55.786 INFO  Minecraft:  
06:13:55.789 INFO  Minecraft: The server is currently full and you have been placed in a queue. 
06:13:55.793 INFO  Minecraft: Purchase VIP, VIP+, MVP or MVP+ to skip the queue at https://store.hypixel.net 
06:14:06.777 INFO  Minecraft:  
06:14:06.782 INFO  Minecraft:  
06:14:06.784 INFO  Minecraft: The server is currently full and you have been placed in a queue. 
06:14:06.789 INFO  Minecraft: Purchase VIP, VIP+, MVP or MVP+ to skip the queue at https://store.hypixel.net 
06:14:17.779 INFO  Minecraft:  
06:14:17.782 INFO  Minecraft:  
06:14:17.784 INFO  Minecraft: The server is currently full and you have been placed in a queue. 
06:14:17.789 INFO  Minecraft: Purchase VIP, VIP+, MVP or MVP+ to skip the queue at https://store.hypixel.net 
06:14:28.851 INFO  Minecraft:  
06:14:28.855 INFO  Minecraft:  
06:14:28.857 INFO  Minecraft: The server is currently full and you have been placed in a queue. 
06:14:28.861 INFO  Minecraft: Purchase VIP, VIP+, MVP or MVP+ to skip the queue at https://store.hypixel.net 
06:14:39.853 INFO  Minecraft:  
06:14:39.857 INFO  Minecraft:  
06:14:39.859 INFO  Minecraft: The server is currently full and you have been placed in a queue. 
06:14:39.865 INFO  Minecraft: Purchase VIP, VIP+, MVP or MVP+ to skip the queue at https://store.hypixel.net 
06:14:50.854 INFO  Minecraft:  
06:14:50.858 INFO  Minecraft:  
06:14:50.863 INFO  Minecraft: The server is currently full and you have been placed in a queue. 
06:14:50.867 INFO  Minecraft: Purchase VIP, VIP+, MVP or MVP+ to skip the queue at https://store.hypixel.net 
06:15:02.055 INFO  Minecraft:  
06:15:02.058 INFO  Minecraft:  
06:15:02.060 INFO  Minecraft: The server is currently full and you have been placed in a queue. 
06:15:02.064 INFO  Minecraft: Purchase VIP, VIP+, MVP or MVP+ to skip the queue at https://store.hypixel.net 
06:15:13.057 INFO  Minecraft:  
06:15:13.060 INFO  Minecraft:  
06:15:13.062 INFO  Minecraft: The server is currently full and you have been placed in a queue. 
06:15:13.065 INFO  Minecraft: Purchase VIP, VIP+, MVP or MVP+ to skip the queue at https://store.hypixel.net 
06:15:24.059 INFO  Minecraft:  
06:15:24.062 INFO  Minecraft:  
06:15:24.068 INFO  Minecraft: The server is currently full and you have been placed in a queue. 
06:15:24.072 INFO  Minecraft: Purchase VIP, VIP+, MVP or MVP+ to skip the queue at https://store.hypixel.net 
06:15:35.070 INFO  Minecraft:  
06:15:35.075 INFO  Minecraft:  
06:15:35.076 INFO  Minecraft: The server is currently full and you have been placed in a queue. 
06:15:35.080 INFO  Minecraft: Purchase VIP, VIP+, MVP or MVP+ to skip the queue at https://store.hypixel.net 
06:15:46.056 INFO  Minecraft:  
06:15:46.062 INFO  Minecraft:  
06:15:46.063 INFO  Minecraft: The server is currently full and you have been placed in a queue. 
06:15:46.066 INFO  Minecraft: Purchase VIP, VIP+, MVP or MVP+ to skip the queue at https://store.hypixel.net 
06:15:57.056 INFO  Minecraft:  
06:15:57.060 INFO  Minecraft:  
06:15:57.062 INFO  Minecraft: The server is currently full and you have been placed in a queue. 
06:15:57.066 INFO  Minecraft: Purchase VIP, VIP+, MVP or MVP+ to skip the queue at https://store.hypixel.net 
06:16:08.074 INFO  Minecraft:  
06:16:08.078 INFO  Minecraft:  
06:16:08.080 INFO  Minecraft: The server is currently full and you have been placed in a queue. 
06:16:08.085 INFO  Minecraft: Purchase VIP, VIP+, MVP or MVP+ to skip the queue at https://store.hypixel.net 
06:16:19.076 INFO  Minecraft:  
06:16:19.081 INFO  Minecraft:  
06:16:19.083 INFO  Minecraft: The server is currently full and you have been placed in a queue. 
06:16:19.086 INFO  Minecraft: Purchase VIP, VIP+, MVP or MVP+ to skip the queue at https://store.hypixel.net 
06:16:30.075 INFO  Minecraft:  
06:16:30.079 INFO  Minecraft:  
06:16:30.081 INFO  Minecraft: The server is currently full and you have been placed in a queue. 
06:16:30.085 INFO  Minecraft: Purchase VIP, VIP+, MVP or MVP+ to skip the queue at https://store.hypixel.net 
06:16:41.083 INFO  Minecraft:  
06:16:41.087 INFO  Minecraft:  
06:16:41.089 INFO  Minecraft: The server is currently full and you have been placed in a queue. 
06:16:41.093 INFO  Minecraft: Purchase VIP, VIP+, MVP or MVP+ to skip the queue at https://store.hypixel.net 
06:16:52.127 INFO  Minecraft:  
06:16:52.130 INFO  Minecraft:  
06:16:52.132 INFO  Minecraft: The server is currently full and you have been placed in a queue. 
06:16:52.135 INFO  Minecraft: Purchase VIP, VIP+, MVP or MVP+ to skip the queue at https://store.hypixel.net 
06:17:03.077 INFO  Minecraft:  
06:17:03.080 INFO  Minecraft:  
06:17:03.082 INFO  Minecraft: The server is currently full and you have been placed in a queue. 
06:17:03.086 INFO  Minecraft: Purchase VIP, VIP+, MVP or MVP+ to skip the queue at https://store.hypixel.net 
06:17:14.078 INFO  Minecraft:  
06:17:14.085 INFO  Minecraft:  
06:17:14.089 INFO  Minecraft: The server is currently full and you have been placed in a queue. 
06:17:14.092 INFO  Minecraft: Purchase VIP, VIP+, MVP or MVP+ to skip the queue at https://store.hypixel.net 
06:17:25.078 INFO  Minecraft:  
06:17:25.083 INFO  Minecraft:  
06:17:25.085 INFO  Minecraft: The server is currently full and you have been placed in a queue. 
06:17:25.090 INFO  Minecraft: Purchase VIP, VIP+, MVP or MVP+ to skip the queue at https://store.hypixel.net 
06:17:36.082 INFO  Minecraft:  
06:17:36.086 INFO  Minecraft:  
06:17:36.088 INFO  Minecraft: The server is currently full and you have been placed in a queue. 
06:17:36.091 INFO  Minecraft: Purchase VIP, VIP+, MVP or MVP+ to skip the queue at https://store.hypixel.net 
06:17:47.333 INFO  Minecraft:  
06:17:47.337 INFO  Minecraft:  
06:17:47.339 INFO  Minecraft: The server is currently full and you have been placed in a queue. 
06:17:47.344 INFO  Minecraft: Purchase VIP, VIP+, MVP or MVP+ to skip the queue at https://store.hypixel.net 
06:17:58.317 INFO  Minecraft:  
06:17:58.321 INFO  Minecraft:  
06:17:58.323 INFO  Minecraft: The server is currently full and you have been placed in a queue. 
06:17:58.327 INFO  Minecraft: Purchase VIP, VIP+, MVP or MVP+ to skip the queue at https://store.hypixel.net 
06:18:09.315 INFO  Minecraft:  
06:18:09.320 INFO  Minecraft:  
06:18:09.323 INFO  Minecraft: The server is currently full and you have been placed in a queue. 
06:18:09.326 INFO  Minecraft: Purchase VIP, VIP+, MVP or MVP+ to skip the queue at https://store.hypixel.net 
06:18:20.533 INFO  Minecraft:  
06:18:20.541 INFO  Minecraft:  
06:18:20.543 INFO  Minecraft: The server is currently full and you have been placed in a queue. 
06:18:20.547 INFO  Minecraft: Purchase VIP, VIP+, MVP or MVP+ to skip the queue at https://store.hypixel.net 
06:18:31.441 INFO  Minecraft:  
06:18:31.444 INFO  Minecraft:  
06:18:31.446 INFO  Minecraft: The server is currently full and you have been placed in a queue. 
06:18:31.451 INFO  Minecraft: Purchase VIP, VIP+, MVP or MVP+ to skip the queue at https://store.hypixel.net 
06:18:32.576 INFO  Logged in. 
06:18:33.577 INFO  Minecraft:                                       
06:18:33.613 INFO  Minecraft:                           
06:18:37.579 INFO  Sending to skyblock. 
06:18:40.446 INFO  Minecraft: ----------------------------------------------------- 
06:18:40.451 INFO  Minecraft: Requirements are Skill Avg 23, Cata 23, and 170m net, along 
06:18:40.452 INFO  Minecraft: with 85k gexp a week! Make sure to have fun and contact 
06:18:40.453 INFO  Minecraft: OwOSeal or Smol if you have something to report, or something else to say! 
06:18:40.455 INFO  Minecraft: ----------------------------------------------------- 
06:18:41.386 INFO  Minecraft: [MVP+] Pinkpanpan joined the lobby! 
06:18:41.389 INFO  Sending to skyblock. 
06:18:41.637 INFO  Minecraft: Sending to server mini196N... 
06:18:41.706 INFO  Logged in. 
06:18:41.807 INFO  Minecraft:         
06:18:45.342 INFO  Minecraft: Please don't spam the command! 
06:18:45.362 INFO  Minecraft: You are playing on profile: Zucchini (Co-op) 
06:18:45.375 INFO  Minecraft:  
06:18:45.377 INFO  Minecraft: Welcome to Hypixel SkyBlock! 
06:18:45.582 INFO  Minecraft: You're already sitting on this island! 
06:18:45.774 INFO  Minecraft: You're already sitting on this island! 
06:18:46.779 INFO  Sending to skyblock. 
06:18:47.055 INFO  Minecraft: You are already playing SkyBlock! 
06:18:52.216 INFO  Minecraft: You're already sitting on this island! 
06:20:41.078 INFO  Minecraft: Guild > 4717 joined. 
06:22:33.296 INFO  Minecraft: Guild > [VIP] LRBenito [M]: harp is stupid 
06:23:01.296 INFO  Minecraft: Guild > [VIP+] OwOPingu [F]: i know i just want that +2 intel :( 
06:24:15.907 INFO  Minecraft: Guild > 4717 left. 
06:24:35.518 INFO  Minecraft: Guild > [VIP] LRBenito [M]: fuck you harp 
06:24:39.074 INFO  Minecraft: Guild > [VIP] LRBenito [M]: thank you for talisman 
06:24:41.623 INFO  Minecraft: Guild > [VIP] LRBenito [M]: never coming back 
06:25:21.590 INFO  Minecraft: Guild > 4717 joined. 
06:32:05.490 INFO  Minecraft: Guild > POGGORSEEL left. 
06:32:08.460 INFO  Minecraft: Guild > POGGORSEEL joined. 
06:41:01.409 INFO  Minecraft: Guild > nicemoney left. 
06:49:26.640 INFO  Logging in. 
06:49:28.887 INFO  Discord: Logged in. 
06:49:30.341 INFO  Logged in. 
06:49:30.561 INFO  Minecraft:                                       
06:49:30.591 INFO  Minecraft:                           
06:49:30.840 INFO  Minecraft:  >>> [MVP++] sinkbum joined the lobby! <<< 
06:49:30.844 INFO  Minecraft:  >>> [MVP++] P4UL joined the lobby! <<< 
06:49:30.915 INFO  Minecraft: [MVP+] EvanWasTaken joined the lobby! 
06:49:30.918 INFO  Sending to skyblock. 
06:49:30.978 INFO  Minecraft: [MVP+] SnowyOof joined the lobby! 
06:49:30.988 INFO  Sending to skyblock. 
06:49:33.023 INFO  Minecraft: ----------------------------------------------------- 
06:49:33.026 INFO  Minecraft: Requirements are Skill Avg 23, Cata 23, and 170m net, along 
06:49:33.028 INFO  Minecraft: with 85k gexp a week! Make sure to have fun and contact 
06:49:33.030 INFO  Minecraft: OwOSeal or Smol if you have something to report, or something else to say! 
06:49:33.032 INFO  Minecraft: ----------------------------------------------------- 
06:49:33.290 INFO  Minecraft: Please don't spam the command! 
06:49:33.400 INFO  Minecraft: Sending to server mini565J... 
06:49:33.416 INFO  Logged in. 
06:49:33.492 INFO  Minecraft:         
06:49:35.340 INFO  Sending to skyblock. 
06:49:35.745 INFO  Minecraft: You're already sitting on this island! 
06:49:35.812 INFO  Minecraft: You're already sitting on this island! 
06:49:36.815 INFO  Minecraft: You are playing on profile: Zucchini (Co-op) 
06:49:36.933 INFO  Minecraft:  
06:49:36.936 INFO  Minecraft: Welcome to Hypixel SkyBlock! 
06:49:36.938 INFO  Minecraft: Please don't spam the command! 
06:49:36.956 INFO  Minecraft: Guild > gogyxdash joined. 
06:49:38.427 INFO  Sending to skyblock. 
06:49:38.693 INFO  Minecraft: You are already playing SkyBlock! 
06:49:40.704 INFO  Minecraft: You're already sitting on this island! 
06:49:43.766 INFO  Minecraft: You're already sitting on this island! 
06:50:58.973 INFO  Minecraft: Guild > POGGORSEEL joined. 
06:51:07.898 INFO  Minecraft: Guild > DeformedSeal joined. 
06:53:20.148 INFO  Minecraft: Guild > UnknowAccount left. 
06:53:36.738 INFO  Minecraft: Guild > POGGORSEEL left. 
06:54:05.924 INFO  Minecraft: Guild > POGGORSEEL joined. 
06:59:25.237 INFO  Minecraft: Guild > Hercules_RB joined. 
07:11:23.042 INFO  Logging in. 
07:11:25.337 INFO  Discord: Logged in. 
07:11:26.885 INFO  Logged in. 
07:11:27.065 INFO  Minecraft:                                       
07:11:27.090 INFO  Minecraft:                           
07:11:27.301 INFO  Minecraft: You found a ✰✰✰✰✰ Mystery Box! 
07:11:29.975 INFO  Minecraft: ----------------------------------------------------- 
07:11:29.981 INFO  Minecraft: Requirements are Skill Avg 23, Cata 23, and 170m net, along 
07:11:29.983 INFO  Minecraft: with 85k gexp a week! Make sure to have fun and contact 
07:11:29.985 INFO  Minecraft: OwOSeal or Smol if you have something to report, or something else to say! 
07:11:29.987 INFO  Minecraft: ----------------------------------------------------- 
07:11:31.221 INFO  Minecraft: all22 found a ✰✰✰✰✰ Mystery Box! 
07:11:31.892 INFO  Sending to skyblock. 
07:11:32.324 INFO  Minecraft: Sending to server mini963U... 
07:11:32.386 INFO  Logged in. 
07:11:32.691 INFO  Minecraft:         
07:11:36.707 INFO  Minecraft: You are playing on profile: Zucchini (Co-op) 
07:11:36.719 INFO  Minecraft:  
07:11:36.720 INFO  Minecraft: Welcome to Hypixel SkyBlock! 
07:11:37.224 INFO  Minecraft: You're already sitting on this island! 
07:11:37.389 INFO  Sending to skyblock. 
07:11:37.731 INFO  Minecraft: Cannot join SkyBlock for a moment! (Queue join in cooldown) 
07:11:42.751 INFO  Minecraft: You're already sitting on this island! 
07:12:24.829 INFO  Minecraft: Guild > gogyxdash left. 
07:17:38.163 INFO  Logging in. 
07:17:40.932 INFO  Discord: Logged in. 
07:22:44.998 INFO  Logging in. 
07:22:47.458 INFO  Discord: Logged in. 
07:22:48.916 INFO  Logged in. 
07:22:49.964 INFO  Minecraft:  
07:22:49.967 INFO  Minecraft:  
07:22:49.971 INFO  Minecraft: The server is currently full and you have been placed in a queue. 
07:22:50.009 INFO  Minecraft: Purchase VIP, VIP+, MVP or MVP+ to skip the queue at https://store.hypixel.net 
07:22:50.014 INFO  Minecraft:  
07:22:50.016 INFO  Minecraft:  
07:22:50.017 INFO  Minecraft: The server is currently full and you have been placed in a queue. 
07:22:50.027 INFO  Minecraft: Purchase VIP, VIP+, MVP or MVP+ to skip the queue at https://store.hypixel.net 
07:22:53.928 INFO  Sending to skyblock. 
07:23:00.903 INFO  Minecraft:  
07:23:00.911 INFO  Minecraft:  
07:23:00.935 INFO  Minecraft: The server is currently full and you have been placed in a queue. 
07:23:00.954 INFO  Minecraft: Purchase VIP, VIP+, MVP or MVP+ to skip the queue at https://store.hypixel.net 
07:23:11.889 INFO  Minecraft:  
07:23:11.893 INFO  Minecraft:  
07:23:11.895 INFO  Minecraft: The server is currently full and you have been placed in a queue. 
07:23:11.899 INFO  Minecraft: Purchase VIP, VIP+, MVP or MVP+ to skip the queue at https://store.hypixel.net 
07:23:22.888 INFO  Minecraft:  
07:23:22.892 INFO  Minecraft:  
07:23:22.894 INFO  Minecraft: The server is currently full and you have been placed in a queue. 
07:23:22.901 INFO  Minecraft: Purchase VIP, VIP+, MVP or MVP+ to skip the queue at https://store.hypixel.net 
07:23:33.889 INFO  Minecraft:  
07:23:33.896 INFO  Minecraft:  
07:23:33.898 INFO  Minecraft: The server is currently full and you have been placed in a queue. 
07:23:33.907 INFO  Minecraft: Purchase VIP, VIP+, MVP or MVP+ to skip the queue at https://store.hypixel.net 
07:23:44.907 INFO  Minecraft:  
07:23:44.910 INFO  Minecraft:  
07:23:44.912 INFO  Minecraft: The server is currently full and you have been placed in a queue. 
07:23:44.916 INFO  Minecraft: Purchase VIP, VIP+, MVP or MVP+ to skip the queue at https://store.hypixel.net 
07:23:56.018 INFO  Minecraft:  
07:23:56.026 INFO  Minecraft:  
07:23:56.028 INFO  Minecraft: The server is currently full and you have been placed in a queue. 
07:23:56.032 INFO  Minecraft: Purchase VIP, VIP+, MVP or MVP+ to skip the queue at https://store.hypixel.net 
07:24:06.964 INFO  Minecraft:  
07:24:06.968 INFO  Minecraft:  
07:24:06.969 INFO  Minecraft: The server is currently full and you have been placed in a queue. 
07:24:06.984 INFO  Minecraft: Purchase VIP, VIP+, MVP or MVP+ to skip the queue at https://store.hypixel.net 
07:24:17.983 INFO  Minecraft:  
07:24:18.009 INFO  Minecraft:  
07:24:18.018 INFO  Minecraft: The server is currently full and you have been placed in a queue. 
07:24:18.025 INFO  Minecraft: Purchase VIP, VIP+, MVP or MVP+ to skip the queue at https://store.hypixel.net 
07:24:28.963 INFO  Minecraft:  
07:24:28.967 INFO  Minecraft:  
07:24:28.974 INFO  Minecraft: The server is currently full and you have been placed in a queue. 
07:24:28.989 INFO  Minecraft: Purchase VIP, VIP+, MVP or MVP+ to skip the queue at https://store.hypixel.net 
07:24:39.970 INFO  Minecraft:  
07:24:39.975 INFO  Minecraft:  
07:24:39.981 INFO  Minecraft: The server is currently full and you have been placed in a queue. 
07:24:39.989 INFO  Minecraft: Purchase VIP, VIP+, MVP or MVP+ to skip the queue at https://store.hypixel.net 
07:24:50.962 INFO  Minecraft:  
07:24:50.966 INFO  Minecraft:  
07:24:50.968 INFO  Minecraft: The server is currently full and you have been placed in a queue. 
07:24:50.975 INFO  Minecraft: Purchase VIP, VIP+, MVP or MVP+ to skip the queue at https://store.hypixel.net 
07:25:01.981 INFO  Minecraft:  
07:25:02.001 INFO  Minecraft:  
07:25:02.006 INFO  Minecraft: The server is currently full and you have been placed in a queue. 
07:25:02.016 INFO  Minecraft: Purchase VIP, VIP+, MVP or MVP+ to skip the queue at https://store.hypixel.net 
07:25:13.230 INFO  Minecraft:  
07:25:13.234 INFO  Minecraft:  
07:25:13.238 INFO  Minecraft: The server is currently full and you have been placed in a queue. 
07:25:13.243 INFO  Minecraft: Purchase VIP, VIP+, MVP or MVP+ to skip the queue at https://store.hypixel.net 
07:25:24.208 INFO  Minecraft:  
07:25:24.212 INFO  Minecraft:  
07:25:24.214 INFO  Minecraft: The server is currently full and you have been placed in a queue. 
07:25:24.218 INFO  Minecraft: Purchase VIP, VIP+, MVP or MVP+ to skip the queue at https://store.hypixel.net 
07:25:35.207 INFO  Minecraft:  
07:25:35.211 INFO  Minecraft:  
07:25:35.213 INFO  Minecraft: The server is currently full and you have been placed in a queue. 
07:25:35.218 INFO  Minecraft: Purchase VIP, VIP+, MVP or MVP+ to skip the queue at https://store.hypixel.net 
07:25:46.600 INFO  Minecraft:  
07:25:46.604 INFO  Minecraft:  
07:25:46.605 INFO  Minecraft: The server is currently full and you have been placed in a queue. 
07:25:46.610 INFO  Minecraft: Purchase VIP, VIP+, MVP or MVP+ to skip the queue at https://store.hypixel.net 
07:25:57.578 INFO  Minecraft:  
07:25:57.582 INFO  Minecraft:  
07:25:57.584 INFO  Minecraft: The server is currently full and you have been placed in a queue. 
07:25:57.589 INFO  Minecraft: Purchase VIP, VIP+, MVP or MVP+ to skip the queue at https://store.hypixel.net 
07:26:08.581 INFO  Minecraft:  
07:26:08.589 INFO  Minecraft:  
07:26:08.591 INFO  Minecraft: The server is currently full and you have been placed in a queue. 
07:26:08.599 INFO  Minecraft: Purchase VIP, VIP+, MVP or MVP+ to skip the queue at https://store.hypixel.net 
07:26:19.585 INFO  Minecraft:  
07:26:19.588 INFO  Minecraft:  
07:26:19.590 INFO  Minecraft: The server is currently full and you have been placed in a queue. 
07:26:19.594 INFO  Minecraft: Purchase VIP, VIP+, MVP or MVP+ to skip the queue at https://store.hypixel.net 
07:26:19.598 INFO  Minecraft:  
07:26:19.599 INFO  Minecraft:  
07:26:19.600 INFO  Minecraft: The server is currently full and you have been placed in a queue. 
07:26:19.604 INFO  Minecraft: Purchase VIP, VIP+, MVP or MVP+ to skip the queue at https://store.hypixel.net 
07:26:30.594 INFO  Minecraft:  
07:26:30.598 INFO  Minecraft:  
07:26:30.601 INFO  Minecraft: The server is currently full and you have been placed in a queue. 
07:26:30.605 INFO  Minecraft: Purchase VIP, VIP+, MVP or MVP+ to skip the queue at https://store.hypixel.net 
07:26:30.607 INFO  Minecraft:  
07:26:30.608 INFO  Minecraft:  
07:26:30.613 INFO  Minecraft: The server is currently full and you have been placed in a queue. 
07:26:30.617 INFO  Minecraft: Purchase VIP, VIP+, MVP or MVP+ to skip the queue at https://store.hypixel.net 
07:26:41.595 INFO  Minecraft:  
07:26:41.598 INFO  Minecraft:  
07:26:41.600 INFO  Minecraft: The server is currently full and you have been placed in a queue. 
07:26:41.606 INFO  Minecraft: Purchase VIP, VIP+, MVP or MVP+ to skip the queue at https://store.hypixel.net 
07:26:41.607 INFO  Minecraft:  
07:26:41.609 INFO  Minecraft:  
07:26:41.611 INFO  Minecraft: The server is currently full and you have been placed in a queue. 
07:26:41.614 INFO  Minecraft: Purchase VIP, VIP+, MVP or MVP+ to skip the queue at https://store.hypixel.net 
07:26:52.594 INFO  Minecraft:  
07:26:52.597 INFO  Minecraft:  
07:26:52.599 INFO  Minecraft: The server is currently full and you have been placed in a queue. 
07:26:52.604 INFO  Minecraft: Purchase VIP, VIP+, MVP or MVP+ to skip the queue at https://store.hypixel.net 
07:26:52.609 INFO  Minecraft:  
07:26:52.611 INFO  Minecraft:  
07:26:52.613 INFO  Minecraft: The server is currently full and you have been placed in a queue. 
07:26:52.616 INFO  Minecraft: Purchase VIP, VIP+, MVP or MVP+ to skip the queue at https://store.hypixel.net 
07:27:03.596 INFO  Minecraft:  
07:27:03.603 INFO  Minecraft:  
07:27:03.606 INFO  Minecraft: The server is currently full and you have been placed in a queue. 
07:27:03.609 INFO  Minecraft: Purchase VIP, VIP+, MVP or MVP+ to skip the queue at https://store.hypixel.net 
07:27:03.611 INFO  Minecraft:  
07:27:03.613 INFO  Minecraft:  
07:27:03.615 INFO  Minecraft: The server is currently full and you have been placed in a queue. 
07:27:03.620 INFO  Minecraft: Purchase VIP, VIP+, MVP or MVP+ to skip the queue at https://store.hypixel.net 
07:27:14.592 INFO  Minecraft:  
07:27:14.598 INFO  Minecraft:  
07:27:14.600 INFO  Minecraft: The server is currently full and you have been placed in a queue. 
07:27:14.603 INFO  Minecraft: Purchase VIP, VIP+, MVP or MVP+ to skip the queue at https://store.hypixel.net 
07:27:14.605 INFO  Minecraft:  
07:27:14.607 INFO  Minecraft:  
07:27:14.609 INFO  Minecraft: The server is currently full and you have been placed in a queue. 
07:27:14.613 INFO  Minecraft: Purchase VIP, VIP+, MVP or MVP+ to skip the queue at https://store.hypixel.net 
07:27:25.593 INFO  Minecraft:  
07:27:25.597 INFO  Minecraft:  
07:27:25.599 INFO  Minecraft: The server is currently full and you have been placed in a queue. 
07:27:25.603 INFO  Minecraft: Purchase VIP, VIP+, MVP or MVP+ to skip the queue at https://store.hypixel.net 
07:27:25.605 INFO  Minecraft:  
07:27:25.615 INFO  Minecraft:  
07:27:25.617 INFO  Minecraft: The server is currently full and you have been placed in a queue. 
07:27:25.624 INFO  Minecraft: Purchase VIP, VIP+, MVP or MVP+ to skip the queue at https://store.hypixel.net 
07:27:36.593 INFO  Minecraft:  
07:27:36.598 INFO  Minecraft:  
07:27:36.601 INFO  Minecraft: The server is currently full and you have been placed in a queue. 
07:27:36.605 INFO  Minecraft: Purchase VIP, VIP+, MVP or MVP+ to skip the queue at https://store.hypixel.net 
07:27:36.607 INFO  Minecraft:  
07:27:36.609 INFO  Minecraft:  
07:27:36.611 INFO  Minecraft: The server is currently full and you have been placed in a queue. 
07:27:36.615 INFO  Minecraft: Purchase VIP, VIP+, MVP or MVP+ to skip the queue at https://store.hypixel.net 
07:27:47.593 INFO  Minecraft:  
07:27:47.599 INFO  Minecraft:  
07:27:47.600 INFO  Minecraft: The server is currently full and you have been placed in a queue. 
07:27:47.605 INFO  Minecraft: Purchase VIP, VIP+, MVP or MVP+ to skip the queue at https://store.hypixel.net 
07:27:47.607 INFO  Minecraft:  
07:27:47.609 INFO  Minecraft:  
07:27:47.611 INFO  Minecraft: The server is currently full and you have been placed in a queue. 
07:27:47.615 INFO  Minecraft: Purchase VIP, VIP+, MVP or MVP+ to skip the queue at https://store.hypixel.net 
07:27:58.593 INFO  Minecraft:  
07:27:58.597 INFO  Minecraft:  
07:27:58.600 INFO  Minecraft: The server is currently full and you have been placed in a queue. 
07:27:58.606 INFO  Minecraft: Purchase VIP, VIP+, MVP or MVP+ to skip the queue at https://store.hypixel.net 
07:27:58.607 INFO  Minecraft:  
07:27:58.611 INFO  Minecraft:  
07:27:58.613 INFO  Minecraft: The server is currently full and you have been placed in a queue. 
07:27:58.617 INFO  Minecraft: Purchase VIP, VIP+, MVP or MVP+ to skip the queue at https://store.hypixel.net 
07:28:09.606 INFO  Minecraft:  
07:28:09.612 INFO  Minecraft:  
07:28:09.615 INFO  Minecraft: The server is currently full and you have been placed in a queue. 
07:28:09.621 INFO  Minecraft: Purchase VIP, VIP+, MVP or MVP+ to skip the queue at https://store.hypixel.net 
07:28:09.623 INFO  Minecraft:  
07:28:09.625 INFO  Minecraft:  
07:28:09.627 INFO  Minecraft: The server is currently full and you have been placed in a queue. 
07:28:09.635 INFO  Minecraft: Purchase VIP, VIP+, MVP or MVP+ to skip the queue at https://store.hypixel.net 
07:28:20.596 INFO  Minecraft:  
07:28:20.600 INFO  Minecraft:  
07:28:20.602 INFO  Minecraft: The server is currently full and you have been placed in a queue. 
07:28:20.607 INFO  Minecraft: Purchase VIP, VIP+, MVP or MVP+ to skip the queue at https://store.hypixel.net 
07:28:20.608 INFO  Minecraft:  
07:28:20.610 INFO  Minecraft:  
07:28:20.614 INFO  Minecraft: The server is currently full and you have been placed in a queue. 
07:28:20.619 INFO  Minecraft: Purchase VIP, VIP+, MVP or MVP+ to skip the queue at https://store.hypixel.net 
07:28:31.597 INFO  Minecraft:  
07:28:31.602 INFO  Minecraft:  
07:28:31.604 INFO  Minecraft: The server is currently full and you have been placed in a queue. 
07:28:31.610 INFO  Minecraft: Purchase VIP, VIP+, MVP or MVP+ to skip the queue at https://store.hypixel.net 
07:28:31.614 INFO  Minecraft:  
07:28:31.616 INFO  Minecraft:  
07:28:31.618 INFO  Minecraft: The server is currently full and you have been placed in a queue. 
07:28:31.624 INFO  Minecraft: Purchase VIP, VIP+, MVP or MVP+ to skip the queue at https://store.hypixel.net 
07:28:42.596 INFO  Minecraft:  
07:28:42.600 INFO  Minecraft:  
07:28:42.601 INFO  Minecraft: The server is currently full and you have been placed in a queue. 
07:28:42.609 INFO  Minecraft: Purchase VIP, VIP+, MVP or MVP+ to skip the queue at https://store.hypixel.net 
07:28:42.613 INFO  Minecraft:  
07:28:42.615 INFO  Minecraft:  
07:28:42.617 INFO  Minecraft: The server is currently full and you have been placed in a queue. 
07:28:42.620 INFO  Minecraft: Purchase VIP, VIP+, MVP or MVP+ to skip the queue at https://store.hypixel.net 
07:28:53.595 INFO  Minecraft:  
07:28:53.601 INFO  Minecraft:  
07:28:53.603 INFO  Minecraft: The server is currently full and you have been placed in a queue. 
07:28:53.607 INFO  Minecraft: Purchase VIP, VIP+, MVP or MVP+ to skip the queue at https://store.hypixel.net 
07:28:53.609 INFO  Minecraft:  
07:28:53.613 INFO  Minecraft:  
07:28:53.615 INFO  Minecraft: The server is currently full and you have been placed in a queue. 
07:28:53.619 INFO  Minecraft: Purchase VIP, VIP+, MVP or MVP+ to skip the queue at https://store.hypixel.net 
07:29:04.595 INFO  Minecraft:  
07:29:04.600 INFO  Minecraft:  
07:29:04.602 INFO  Minecraft: The server is currently full and you have been placed in a queue. 
07:29:04.608 INFO  Minecraft: Purchase VIP, VIP+, MVP or MVP+ to skip the queue at https://store.hypixel.net 
07:29:04.609 INFO  Minecraft:  
07:29:04.611 INFO  Minecraft:  
07:29:04.613 INFO  Minecraft: The server is currently full and you have been placed in a queue. 
07:29:04.616 INFO  Minecraft: Purchase VIP, VIP+, MVP or MVP+ to skip the queue at https://store.hypixel.net 
07:29:15.613 INFO  Minecraft:  
07:29:15.616 INFO  Minecraft:  
07:29:15.618 INFO  Minecraft: The server is currently full and you have been placed in a queue. 
07:29:15.622 INFO  Minecraft: Purchase VIP, VIP+, MVP or MVP+ to skip the queue at https://store.hypixel.net 
07:29:15.624 INFO  Minecraft:  
07:29:15.628 INFO  Minecraft:  
07:29:15.630 INFO  Minecraft: The server is currently full and you have been placed in a queue. 
07:29:15.634 INFO  Minecraft: Purchase VIP, VIP+, MVP or MVP+ to skip the queue at https://store.hypixel.net 
07:29:26.599 INFO  Minecraft:  
07:29:26.603 INFO  Minecraft:  
07:29:26.605 INFO  Minecraft: The server is currently full and you have been placed in a queue. 
07:29:26.609 INFO  Minecraft: Purchase VIP, VIP+, MVP or MVP+ to skip the queue at https://store.hypixel.net 
07:29:26.611 INFO  Minecraft:  
07:29:26.613 INFO  Minecraft:  
07:29:26.614 INFO  Minecraft: The server is currently full and you have been placed in a queue. 
07:29:26.618 INFO  Minecraft: Purchase VIP, VIP+, MVP or MVP+ to skip the queue at https://store.hypixel.net 
07:29:37.599 INFO  Minecraft:  
07:29:37.603 INFO  Minecraft:  
07:29:37.608 INFO  Minecraft: The server is currently full and you have been placed in a queue. 
07:29:37.613 INFO  Minecraft: Purchase VIP, VIP+, MVP or MVP+ to skip the queue at https://store.hypixel.net 
07:29:37.615 INFO  Minecraft:  
07:29:37.616 INFO  Minecraft:  
07:29:37.618 INFO  Minecraft: The server is currently full and you have been placed in a queue. 
07:29:37.623 INFO  Minecraft: Purchase VIP, VIP+, MVP or MVP+ to skip the queue at https://store.hypixel.net 
07:29:45.678 INFO  Logged in. 
07:29:45.935 INFO  Minecraft:                                       
07:29:45.953 INFO  Minecraft:                           
07:29:47.071 INFO  Minecraft: ----------------------------------------------------- 
07:29:47.075 INFO  Minecraft: Requirements are Skill Avg 23, Cata 23, and 170m net, along 
07:29:47.077 INFO  Minecraft: with 85k gexp a week! Make sure to have fun and contact 
07:29:47.078 INFO  Minecraft: OwOSeal or Smol if you have something to report, or something else to say! 
07:29:47.080 INFO  Minecraft: ----------------------------------------------------- 
07:29:50.686 INFO  Sending to skyblock. 
07:29:51.138 INFO  Minecraft: Sending to server mini894G... 
07:29:51.247 INFO  Logged in. 
07:29:51.575 INFO  Minecraft:         
07:29:55.045 INFO  Minecraft: You are playing on profile: Zucchini (Co-op) 
07:29:55.333 INFO  Minecraft:  
07:29:55.341 INFO  Minecraft: Welcome to Hypixel SkyBlock! 
07:29:56.083 INFO  Minecraft: You're already sitting on this island! 
07:29:56.247 INFO  Sending to skyblock. 
07:29:56.499 INFO  Minecraft: Cannot join SkyBlock for a moment! (Queue join in cooldown) 
07:30:01.591 INFO  Minecraft: You're already sitting on this island! 
07:38:33.356 INFO  Minecraft: Guild > 5659 joined. 
07:47:54.900 INFO  Minecraft: Guild > 5659 left. 
07:51:20.471 INFO  Minecraft: Guild > sommthing joined. 
07:53:46.613 INFO  Minecraft: Guild > BamBoozledMC joined. 
07:56:08.828 INFO  Minecraft: Guild > sommthing left. 
07:59:26.964 INFO  Minecraft: Guild > sommthing joined. 
08:00:02.092 INFO  Minecraft:  
08:00:02.095 INFO  Minecraft: [WATCHDOG ANNOUNCEMENT] 
08:00:02.098 INFO  Minecraft: Watchdog has banned 27,293 players in the last 7 days. 
08:00:02.102 INFO  Minecraft: Staff have banned an additional 17,094 in the last 7 days. 
08:00:02.108 INFO  Minecraft: Blacklisted modifications are a bannable offense! 
08:00:02.110 INFO  Minecraft:  
08:04:36.421 INFO  Minecraft: Guild > Hercules_RB joined. 
08:04:40.647 INFO  Minecraft: Guild > clonzy joined. 
08:09:01.090 INFO  Minecraft: Guild > Hercules_RB left. 
08:09:05.953 INFO  Minecraft: Guild > Hercules_RB joined. 
08:09:42.245 INFO  Minecraft: Guild > [MVP+] sommthing [M]: whats the item id of aots 
08:09:49.478 INFO  Minecraft: Guild > [MVP+] BamBoozledMC [LS]: wdym 
08:10:04.545 INFO  Minecraft: Guild > [MVP+] sommthing [M]: like how bonemerang is BONE_BOOMERANG 
08:10:41.967 INFO  Minecraft: Guild > [VIP+] OwOPingu [F]: VIEWRECIPE AXE_OF_THE_SHREDDED 
08:10:48.996 INFO  Minecraft: Guild > [VIP+] OwOPingu [F]: that should be it 
08:10:50.730 INFO  Minecraft: Guild > [MVP+] sommthing [M]: ok thx 
08:10:52.821 INFO  Minecraft: Guild > [MVP+] BamBoozledMC [LS]: ye 
08:14:06.800 INFO  Discord: [💬→︱guild-chat] Dev/Mod BamBoozledMC: fdsgfdsvghgadsjf 
08:14:07.083 INFO  Minecraft: Guild > Minikloons [LS]: Dev/ModBamBoozledMC» fdsgfdsvghgadsjf 
08:15:07.382 INFO  Minecraft: Guild > Hercules_RB left. 
08:16:07.833 INFO  Discord: [💬→︱guild-chat] Dev/Mod BamBoozledMC: lmao 
08:16:08.369 INFO  Minecraft: Guild > Minikloons [LS]: Dev/ModBamBoozledMC» lmao 
08:16:14.537 INFO  Discord: [💬→︱guild-chat] Dev/Mod BamBoozledMC: the server went into maintenance mode 
08:16:15.022 INFO  Minecraft: Guild > Minikloons [LS]: Dev/ModBamBoozledMC» the server went into maintenance mode 
08:16:17.394 INFO  Discord: [💬→︱guild-chat] Dev/Mod BamBoozledMC: earlier 
08:16:17.763 INFO  Minecraft: Guild > Minikloons [LS]: Dev/ModBamBoozledMC» earlier 
08:16:22.899 INFO  Minecraft: Guild > [MVP+] sommthing [M]: yes 
08:16:30.119 INFO  Discord: [💬→︱guild-chat] Dev/Mod BamBoozledMC: what happend 
08:16:30.365 INFO  Minecraft: Guild > Minikloons [LS]: Dev/ModBamBoozledMC» what happend 
08:16:37.388 INFO  Discord: [💬→︱guild-chat] Dev/Mod BamBoozledMC: also is the alpha network oout? 
08:16:37.764 INFO  Minecraft: Guild > Minikloons [LS]: Dev/ModBamBoozledMC» also is the alpha network oout? 
08:16:40.232 INFO  Minecraft: Guild > [MVP+] sommthing [M]: idk 
08:16:43.974 INFO  Minecraft: Guild > [MVP+] sommthing [M]: dont think so 
08:17:06.811 INFO  Minecraft: Guild > [MVP+] BamBoozledMC [LS]: then why has the player count halved? 
08:20:22.316 INFO  Minecraft: Guild > [MVP+] BamBoozledMC [LS]: https://bamboozledmc.xyz/assets/Pictures/hypixelhalf.PNG 
08:20:52.861 INFO  Minecraft: Guild > [VIP+] OwOPingu [F]: what is this? 
08:21:00.025 INFO  Minecraft: Guild > [MVP+] BamBoozledMC [LS]: a picture 
08:21:02.612 INFO  Minecraft: Guild > [VIP+] OwOPingu [F]: of what? 
08:21:13.589 INFO  Minecraft: Guild > [MVP+] BamBoozledMC [LS]: what do you think 
08:21:18.039 INFO  Minecraft: Guild > [VIP+] OwOPingu [F]: idk 
08:21:53.733 INFO  Minecraft: Guild > [MVP+] sommthing [M]: i was trying to do party finder and forgot that "5 arch bc funny was" my note 
08:22:06.609 INFO  Minecraft: Guild > [VIP+] OwOPingu [F]: lol 
08:22:06.791 INFO  Minecraft: Guild > [MVP+] sommthing [M]: and was confused about why so much archers where hoiningh 
08:22:11.834 INFO  Minecraft: Guild > [MVP+] sommthing [M]: joining 
08:22:20.717 INFO  Minecraft: Guild > LionyLev joined. 
08:22:20.851 INFO  Minecraft: Guild > [VIP+] OwOPingu [F]: funni 
08:22:27.761 INFO  Minecraft: Guild > [MVP+] sommthing [M]: i am very embarresed now 
08:22:39.319 INFO  Minecraft: Guild > [VIP+] OwOPingu [F]: just start it and pretend like you meant to do it 
08:22:45.344 INFO  Minecraft: Guild > [MVP+] LionyLev [LS]: huh? 
08:26:23.657 INFO  Logging in. 
08:26:26.216 INFO  Discord: Logged in. 
08:26:28.016 INFO  Logged in. 
08:26:28.200 INFO  Minecraft:                                       
08:26:28.233 INFO  Minecraft:                           
08:26:28.366 INFO  Minecraft: You found a ✰✰✰✰✰ Mystery Box! 
08:26:28.607 INFO  Minecraft: ----------------------------------------------------- 
08:26:28.610 INFO  Minecraft: Requirements are Skill Avg 23, Cata 23, and 170m net, along 
08:26:28.612 INFO  Minecraft: with 85k gexp a week! Make sure to have fun and contact 
08:26:28.614 INFO  Minecraft: OwOSeal or Smol if you have something to report, or something else to say! 
08:26:28.616 INFO  Minecraft: ----------------------------------------------------- 
08:26:32.983 INFO  Minecraft: [MVP+] errorn joined the lobby! 
08:26:32.985 INFO  Sending to skyblock. 
08:26:33.104 INFO  Minecraft: Guild > LRBenito joined. 
08:26:33.137 INFO  Sending to skyblock. 
08:26:33.284 INFO  Minecraft: Sending to server mini894G... 
08:26:33.374 INFO  Minecraft: Please don't spam the command! 
08:26:33.416 INFO  Logged in. 
08:26:33.734 INFO  Minecraft:         
08:26:36.301 INFO  Minecraft: You're already sitting on this island! 
08:26:37.241 INFO  Minecraft: You are playing on profile: Zucchini (Co-op) 
08:26:37.492 INFO  Minecraft:  
08:26:37.495 INFO  Minecraft: Welcome to Hypixel SkyBlock! 
08:26:38.416 INFO  Sending to skyblock. 
08:26:38.450 INFO  Minecraft: You're already sitting on this island! 
08:26:38.665 INFO  Minecraft: Cannot join SkyBlock for a moment! (Queue join in cooldown) 
08:26:40.592 INFO  Minecraft: Guild > [MVP+] sommthing [M]: l m a o 
08:26:43.777 INFO  Minecraft: You're already sitting on this island! 
08:26:51.748 INFO  Minecraft: Guild > [MVP+] sommthing [M]: everyone from my doogan just dc'ds 
08:27:05.394 INFO  Minecraft: Guild > [VIP+] OwOPingu [F]: doogans reeee 
08:27:34.944 INFO  Minecraft: Guild > sommthing left. 
08:28:58.798 INFO  Minecraft: BamBoozledMC joined SkyBlock. 
08:30:03.626 INFO  Discord: [💬→︱guild-chat] Dev/Mod BamBoozledMC: /say SealBot will be down until further notice. This is to prevent continued crashing. The bot will be back up when Hypixel becomes more stable. 
08:30:03.874 INFO  Minecraft: Guild > Minikloons [LS]: SealBot will be down until further notice. This is to prevent continued crashing. The bot will be back up when Hypixel becomes more stable. 
08:30:10.091 INFO  Discord: [💬→︱guild-chat] Dev/Mod BamBoozledMC: /send SealBot will be down until further notice. This is to prevent continued crashing. The bot will be back up when Hypixel becomes more stable. 
08:30:13.529 INFO  Minecraft: Guild > LRBenito left. 
