00:01:02.533 INFO  Minecraft: Guild > friendly_rook joined. 
00:01:07.278 INFO  Minecraft: Guild > FabledLivid left. 
00:02:30.682 INFO  Minecraft: Guild > friendly_rook left. 
00:05:08.987 INFO  Minecraft: Guild > Redbeam747 left. 
00:05:20.990 INFO  Minecraft: Guild > gogyxdash joined. 
00:06:12.152 INFO  Minecraft: Guild > FabledLivid joined. 
00:06:55.442 INFO  Minecraft: Guild > FabledLivid left. 
00:07:53.868 INFO  Minecraft: Guild > FabledLivid joined. 
00:10:04.586 INFO  Minecraft: Guild > Redbeam747 joined. 
00:11:05.659 INFO  Minecraft: Guild > FabledLivid left. 
00:11:12.406 INFO  Minecraft: Guild > FabledLivid joined. 
00:11:14.420 INFO  Minecraft: Guild > [VIP] FabledLivid [M]: yo 
00:11:18.334 INFO  Minecraft: Guild > [VIP] FabledLivid [M]: where crab hats 
00:11:19.393 INFO  Minecraft: Guild > [VIP] Redbeam747 [M]: hi 
00:11:20.817 INFO  Minecraft: Guild > [VIP] Redbeam747 [M]: idk 
00:11:28.912 INFO  Minecraft: Guild > [VIP] FabledLivid [M]: they scammin us 
00:11:46.411 INFO  Minecraft: Guild > FabledLivid left. 
00:15:14.321 INFO  Minecraft: Guild > LionyLev joined. 
00:17:59.853 INFO  Minecraft: Guild > YoMadaEatingRice left. 
00:32:11.163 INFO  Minecraft: Guild > SwagMonkey420 joined. 
00:32:46.129 INFO  Minecraft: Guild > 3ctooo left. 
00:36:06.404 INFO  Minecraft: Guild > SwagMonkey420 left. 
00:36:11.426 INFO  Minecraft: [Important] This server will restart soon: Scheduled Reboot 
00:36:11.435 INFO  Minecraft: You have 60 seconds to warp out! CLICK to warp now! 
00:36:21.523 INFO  Minecraft: Guild > OLYforever joined. 
00:37:09.557 INFO  Minecraft: Evacuating to Hub... 
00:37:09.564 INFO  Minecraft: Sending to server mini344V... 
00:37:09.714 INFO  Logged in. 
00:37:10.228 INFO  Minecraft:         
00:37:14.716 INFO  Sending to skyblock. 
00:37:15.295 INFO  Minecraft: You are playing on profile: Zucchini (Co-op) 
00:37:16.618 INFO  Minecraft: You are already playing SkyBlock! 
00:37:20.252 INFO  Minecraft: Warping you to your SkyBlock island... 
00:37:20.509 INFO  Minecraft: Sending to server mini600K... 
00:37:20.653 INFO  Logged in. 
00:37:21.024 INFO  Minecraft:         
00:37:24.694 INFO  Minecraft: You are playing on profile: Zucchini (Co-op) 
00:37:25.668 INFO  Sending to skyblock. 
00:37:26.079 INFO  Minecraft: You are already playing SkyBlock! 
00:37:31.152 INFO  Minecraft: You're already sitting on this island! 
00:37:56.781 INFO  Minecraft: Guild > TimothyPlays57 joined. 
00:39:27.043 INFO  Minecraft: Guild > FabledLivid joined. 
00:40:56.976 INFO  Minecraft: Guild > [VIP] FabledLivid [M]: smh nons these days 
00:41:06.976 INFO  Minecraft: Guild > [VIP] Redbeam747 [M]: ? 
00:41:49.045 INFO  Minecraft: Guild > TimothyPlays57 left. 
00:46:04.343 INFO  Minecraft: Guild > [VIP] FabledLivid [M]: this idoit was asking for a mythril pick 
00:46:09.029 INFO  Minecraft: Guild > [VIP] FabledLivid [M]: and said its 3m 
00:46:12.646 INFO  Minecraft: Guild > [VIP] FabledLivid [M]: i said it 25k 
00:46:23.905 INFO  Minecraft: Guild > gogyxdash left. 
00:46:26.630 INFO  Minecraft: Guild > [VIP] FabledLivid [M]: HE was talking abt the refined one 
00:46:45.731 INFO  Minecraft: Guild > [VIP] FabledLivid [M]: the stupidity of nons 
00:47:22.255 INFO  Minecraft: Guild > UnknowAccount joined. 
00:47:37.317 INFO  Minecraft: Guild > gogyxdash joined. 
00:55:41.465 INFO  Minecraft: Guild > FabledLivid left. 
00:56:54.932 INFO  Minecraft: Guild > FabledLivid joined. 
00:57:14.909 INFO  Minecraft: Guild > FabledLivid left. 
00:57:32.131 INFO  Minecraft: Guild > LionyLev left. 
00:58:51.104 INFO  Minecraft: Guild > UnknownShadow124 joined. 
01:00:12.199 INFO  Minecraft: Guild > WitheredRoyal joined. 
01:01:03.299 INFO  Minecraft: Guild > FabledLivid joined. 
01:08:37.174 INFO  Minecraft: Guild > WitheredRoyal left. 
01:09:59.657 INFO  Minecraft: Guild > FabledLivid left. 
01:12:51.971 INFO  Minecraft: Guild > UnknownShadow124 left. 
01:15:19.366 INFO  Minecraft: Guild > LionyLev joined. 
01:15:21.355 INFO  Minecraft: Guild > OLYforever left. 
01:17:22.711 INFO  Minecraft: Guild > SirTappy joined. 
01:19:02.345 INFO  Minecraft: [Important] This server will restart soon: Scheduled Reboot 
01:19:02.352 INFO  Minecraft: You have 60 seconds to warp out! CLICK to warp now! 
01:20:00.869 INFO  Minecraft: Evacuating to Hub... 
01:20:01.005 INFO  Minecraft: Sending to server mini310J... 
01:20:01.123 INFO  Logged in. 
01:20:01.770 INFO  Minecraft:         
01:20:06.160 INFO  Sending to skyblock. 
01:20:07.816 INFO  Minecraft: You are playing on profile: Zucchini (Co-op) 
01:20:09.062 INFO  Minecraft: You are already playing SkyBlock! 
01:20:11.583 INFO  Minecraft: Warping you to your SkyBlock island... 
01:20:11.986 INFO  Minecraft: Sending to server mini125S... 
01:20:12.190 INFO  Logged in. 
01:20:13.100 INFO  Minecraft:         
01:20:16.446 INFO  Minecraft: You are playing on profile: Zucchini (Co-op) 
01:20:17.190 INFO  Sending to skyblock. 
01:20:17.567 INFO  Minecraft: You are already playing SkyBlock! 
01:20:23.670 INFO  Minecraft: You're already sitting on this island! 
01:23:44.608 INFO  Minecraft: Guild > UnknownShadow124 joined. 
01:24:00.435 INFO  Minecraft: Guild > FabledLivid joined. 
01:24:14.907 INFO  Minecraft: Guild > FabledLivid left. 
01:27:15.567 INFO  Minecraft: Guild > SirTappy left. 
01:30:59.301 INFO  Minecraft: Guild > LionyLev left. 
01:32:19.753 INFO  Minecraft: Guild > OLYforever joined. 
01:33:15.895 INFO  Minecraft: Guild > LionyLev joined. 
01:33:49.747 INFO  Minecraft: Guild > OLYforever left. 
01:33:53.285 INFO  Minecraft: Guild > OLYforever joined. 
01:38:34.168 INFO  Minecraft: Guild > UnknowAccount left. 
01:38:54.410 INFO  Minecraft: Guild > UnknowAccount joined. 
01:39:51.478 INFO  Minecraft: Guild > UnknowAccount left. 
01:44:12.951 INFO  Minecraft: Guild > LionyLev left. 
01:48:18.816 INFO  Minecraft: Guild > UnknownShadow124 left. 
01:49:33.975 INFO  Minecraft: Guild > OwOPingu joined. 
01:53:20.606 INFO  Minecraft: Guild > noteisaqt joined. 
01:59:01.065 INFO  Minecraft: Guild > Redbeam747 left. 
02:00:12.099 INFO  Minecraft:  
02:00:12.104 INFO  Minecraft: [WATCHDOG ANNOUNCEMENT] 
02:00:12.109 INFO  Minecraft: Watchdog has banned 27,846 players in the last 7 days. 
02:00:12.111 INFO  Minecraft: Staff have banned an additional 16,585 in the last 7 days. 
02:00:12.113 INFO  Minecraft: Blacklisted modifications are a bannable offense! 
02:00:12.114 INFO  Minecraft:  
02:08:18.692 INFO  Minecraft: Guild > OLYforever left. 
02:08:35.077 INFO  Discord: [锔guild-chat] LS | SnowedSeal: GUYS 
02:08:35.527 INFO  Minecraft: Guild > Minikloons [LS]: LS| SnowedSeal禄 GUYS 
02:20:22.940 INFO  Minecraft: Guild > noteisaqt left. 
02:27:30.683 INFO  Minecraft: Guild > noteisaqt joined. 
02:36:04.298 INFO  Minecraft: Guild > TimothyPlays57 joined. 
02:38:35.489 INFO  Minecraft: Guild > OwOWolfs joined. 
02:38:48.117 INFO  Discord: [锔guild-chat] LS | SnowedSeal: i found a flip 
02:38:48.362 INFO  Minecraft: Guild > Minikloons [LS]: LS| SnowedSeal禄 i found a flip 
02:40:33.022 INFO  Minecraft: Guild > noteisaqt left. 
02:46:48.147 INFO  Minecraft: Guild > TimothyPlays57 left. 
02:49:21.602 INFO  Minecraft: Guild > UnknowAccount joined. 
02:50:17.842 INFO  Minecraft: Guild > FabledLivid joined. 
02:50:22.382 INFO  Minecraft: Guild > OwOWolfs left. 
02:50:52.906 INFO  Minecraft: Guild > FabledLivid left. 
02:58:28.094 INFO  Minecraft: Guild > LRBenito joined. 
02:59:07.149 INFO  Minecraft: Guild > WitheredRoyal joined. 
03:05:32.829 INFO  Minecraft: Guild > UnknowAccount left. 
03:06:10.174 INFO  Minecraft: Guild > UnknowAccount joined. 
03:06:42.251 INFO  Minecraft: Guild > UnknowAccount left. 
03:08:55.122 INFO  Minecraft: Guild > SnowedSeal joined. 
03:08:59.924 INFO  Minecraft: Guild > [MVP++] SnowedSeal [LS]: sealhenlo 
03:09:06.343 INFO  Minecraft: Guild > [VIP+] WitheredRoyal [M]: lo hens seal 
03:09:08.438 INFO  Minecraft: Guild > [MVP++] SnowedSeal [LS]: :D 
03:10:02.029 INFO  Minecraft: Guild > [MVP++] SnowedSeal [LS]: i found a nice flip 
03:10:04.627 INFO  Minecraft: Guild > [MVP++] SnowedSeal [LS]: its expensive but nice 
03:10:25.225 INFO  Minecraft: Guild > [MVP++] SnowedSeal [LS]: you bid like 100-150m on warden helms 
03:10:33.015 INFO  Minecraft: Guild > [MVP++] SnowedSeal [LS]: and then sell em on binw 
03:10:48.190 INFO  Minecraft: Guild > [VIP+] WitheredRoyal [M]: That's nice, if you can afford it 
03:11:14.026 INFO  Minecraft: Guild > [VIP+] WitheredRoyal [M]: Um, how much does thunderlord 6 sell for? 
03:11:38.599 INFO  Minecraft: Guild > [MVP++] SnowedSeal [LS]: more than full necron 
03:11:45.165 INFO  Minecraft: Guild > [VIP+] WitheredRoyal [M]: :D 
03:11:49.047 INFO  Minecraft: Guild > [MVP++] SnowedSeal [LS]: im kidding 
03:11:53.003 INFO  Minecraft: Guild > [VIP+] WitheredRoyal [M]: D: 
03:11:56.373 INFO  Minecraft: Guild > [MVP++] SnowedSeal [LS]: liek 10k 
03:11:57.579 INFO  Minecraft: Guild > [MVP++] SnowedSeal [LS]: like* 
03:12:04.027 INFO  Minecraft: Guild > [VIP+] WitheredRoyal [M]: god damn it 
03:12:30.931 INFO  Minecraft: Guild > [MVP++] SnowedSeal [LS]: lvl 95 yeti 
03:12:32.180 INFO  Minecraft: Guild > [MVP++] SnowedSeal [LS]: im so pog 
03:12:46.352 INFO  Minecraft: Guild > [MVP++] SnowedSeal [LS]: guys i have a question 
03:12:50.940 INFO  Minecraft: Guild > [MVP++] SnowedSeal [LS]: should i recomb my personal compactor 
03:12:52.075 INFO  Minecraft: Guild > [MVP++] SnowedSeal [LS]: or 
03:12:56.439 INFO  Minecraft: Guild > [MVP++] SnowedSeal [LS]: get campfire god badge 
03:12:57.957 INFO  Minecraft: Guild > [MVP++] SnowedSeal [LS]: and recomb that 
03:13:04.154 INFO  Minecraft: Guild > [VIP+] WitheredRoyal [M]: god badge 
03:13:11.419 INFO  Minecraft: Guild > [MVP++] SnowedSeal [LS]: kay 
03:14:30.993 INFO  Minecraft: Guild > noteisaqt joined. 
03:14:46.728 INFO  Minecraft: Guild > noteisaqt left. 
03:15:34.752 INFO  Minecraft: Guild > OwOSmol joined. 
03:15:56.728 INFO  Minecraft: Guild > [MVP++] SnowedSeal [LS]: 28k ehp 
03:15:58.720 INFO  Minecraft: Guild > [MVP++] SnowedSeal [LS]: oops 
03:16:02.046 INFO  Minecraft: Guild > [MVP++] SnowedSeal [LS]: 28k hp 
03:16:07.489 INFO  Minecraft: Guild > SirTappy joined. 
03:16:13.262 INFO  Minecraft: Guild > [VIP+] WitheredRoyal [M]: I can't hit sadan when the spirit sceptre mage thinks they're doing more dmg than a shortbow arc 
03:16:50.768 INFO  Minecraft: Guild > OwOSmol left. 
03:17:03.145 INFO  Minecraft: Guild > [VIP+] WitheredRoyal [M]: Are there any frag run bots availabe rn or are they all banned? 
03:18:13.555 INFO  Minecraft: Guild > [MVP++] SnowedSeal [LS]: what weapon has the most cd 
03:18:16.488 INFO  Minecraft: Guild > [MVP++] SnowedSeal [LS]: nvm 
03:18:20.153 INFO  Minecraft: Guild > [MVP++] SnowedSeal [LS]: i'll just reforge talismans 
03:18:21.596 INFO  Minecraft: Guild > [VIP+] WitheredRoyal [M]: Dagger I think 
03:18:23.618 INFO  Minecraft: Guild > [MVP++] SnowedSeal [LS]: oh 
03:18:25.167 INFO  Minecraft: Guild > [MVP++] SnowedSeal [LS]: okay 
03:18:29.283 INFO  Minecraft: Guild > [VIP+] WitheredRoyal [M]: Or no scylla 
03:18:45.474 INFO  Minecraft: Guild > [MVP++] SnowedSeal [LS]: its still my aots 
03:18:50.267 INFO  Minecraft: Guild > [MVP++] SnowedSeal [LS]: ii'll just reforge talis 
03:18:52.180 INFO  Minecraft: Guild > [MVP++] SnowedSeal [LS]: to silky 
03:18:54.830 INFO  Minecraft: Guild > [MVP++] SnowedSeal [LS]: temp 
03:19:49.539 INFO  Minecraft: Guild > [MVP++] SnowedSeal [LS]: 35k hp 
03:19:52.264 INFO  Minecraft: Guild > [MVP++] SnowedSeal [LS]: insane 
03:19:56.912 INFO  Minecraft: Guild > [VIP+] WitheredRoyal [M]: Damn f7 carries are 4m 
03:20:03.305 INFO  Minecraft: Guild > [MVP++] SnowedSeal [LS]: must be nice 
03:20:56.369 INFO  Minecraft: Guild > [MVP++] SnowedSeal [LS]: i need more hp 
03:21:03.258 INFO  Minecraft: Guild > [VIP+] WitheredRoyal [M]: blue whale pet? 
03:21:08.331 INFO  Minecraft: Guild > [MVP++] SnowedSeal [LS]: not enough 
03:21:13.470 INFO  Minecraft: Guild > [VIP+] WitheredRoyal [M]: :o 
03:21:15.428 INFO  Minecraft: Guild > [MVP++] SnowedSeal [LS]: i need like uh 
03:21:20.466 INFO  Minecraft: Guild > [MVP++] SnowedSeal [LS]: 43,250 health 
03:21:29.717 INFO  Minecraft: Guild > [VIP+] WitheredRoyal [M]: not even 42k smh 
03:21:33.774 INFO  Minecraft: Guild > [MVP++] SnowedSeal [LS]: HOW TO GET THOO 
03:21:50.542 INFO  Minecraft: Guild > [MVP++] SnowedSeal [LS]: ;-; 
03:23:58.682 INFO  Minecraft: Guild > FabledLivid joined. 
03:24:37.961 INFO  Minecraft: Guild > FabledLivid left. 
03:25:34.728 INFO  Minecraft: Guild > [MVP++] SnowedSeal [LS]: LESTGOO 
03:25:37.434 INFO  Minecraft: Guild > [MVP++] SnowedSeal [LS]: CAMPFIRE GOD BADGE 
03:25:53.840 INFO  Minecraft: Guild > [VIP+] WitheredRoyal [M]: GG! 
03:26:01.438 INFO  Minecraft: Guild > [MVP++] SnowedSeal [LS]: time 2 recomb 
03:26:08.626 INFO  Minecraft: Guild > [MVP++] SnowedSeal [LS]: and it will be first mythic talis 
03:26:30.151 INFO  Minecraft: Guild > LionyLev joined. 
03:26:36.940 INFO  Minecraft: Guild > [VIP+] WitheredRoyal [M]: imagine being rich enough to recomb talis 
03:26:48.168 INFO  Minecraft: Guild > [MVP++] SnowedSeal [LS]: FIRST MYTHIC TALISMAN 
03:26:50.849 INFO  Minecraft: Guild > [MVP++] SnowedSeal [LS]: LETSGOOOOOOOOS 
03:27:22.471 INFO  Minecraft: Guild > [MVP++] SnowedSeal [LS]: 2ND MYTHIC TALISMAN 
03:28:44.908 INFO  Minecraft: Guild > Hercules_RB joined. 
03:29:07.657 INFO  Minecraft: Guild > UnknowAccount joined. 
03:30:24.088 INFO  Minecraft: Guild > [MVP++] SnowedSeal [LS]: imma try lcm 
03:30:40.825 INFO  Minecraft: Guild > [MVP++] SnowedSeal [LS]: E 
03:30:42.070 INFO  Minecraft: Guild > [MVP++] SnowedSeal [LS]: wc 
03:31:39.229 INFO  Minecraft: Guild > [MVP++] SnowedSeal [LS]: 10m damage 
03:31:43.711 INFO  Minecraft: Guild > [MVP++] SnowedSeal [LS]: no bless 
03:31:47.988 INFO  Minecraft: Guild > [VIP+] WitheredRoyal [M]: gg 
03:31:55.027 INFO  Minecraft: Guild > [MVP+] SirTappy [M]: nice 
03:32:03.996 INFO  Minecraft: Guild > [MVP++] SnowedSeal [LS]: imma try with aotd 
03:32:09.174 INFO  Minecraft: Guild > [MVP++] SnowedSeal [LS]: i want to see what the hype is 
03:32:33.355 INFO  Minecraft: Guild > WitheredRoyal left. 
03:32:40.341 INFO  Minecraft: Guild > yKxshi joined. 
03:32:41.857 INFO  Minecraft: Guild > [MVP++] SnowedSeal [LS]: aotd sucks 
03:32:45.052 INFO  Minecraft: Guild > [MVP++] SnowedSeal [LS]: i do like 
03:32:47.253 INFO  Minecraft: Guild > [MVP++] SnowedSeal [LS]: 10k damage 
03:32:52.754 INFO  Minecraft: Guild > [MVP++] SnowedSeal [LS]: while with normal lc 
03:32:54.297 INFO  Minecraft: Guild > [MVP++] SnowedSeal [LS]: i 1tap it 
03:32:57.767 INFO  Minecraft: Guild > [MVP++] SnowedSeal [LS]: minibosses 
03:33:10.293 INFO  Minecraft: Guild > Redbeam747 joined. 
03:33:25.369 INFO  Minecraft: Guild > Hercules_RB left. 
03:33:30.366 INFO  Minecraft: Guild > Hercules_RB joined. 
03:33:42.952 INFO  Minecraft: Guild > [MVP++] SnowedSeal [LS]: lcm is nice 
03:33:54.466 INFO  Minecraft: Guild > [MVP+] LionyLev [LS]: what sword r u using? 
03:34:46.504 INFO  Minecraft: Guild > Redbeam747 left. 
03:35:01.961 INFO  Minecraft: Guild > SirTappy left. 
03:35:11.000 INFO  Minecraft: Guild > SirTappy joined. 
03:35:23.689 INFO  Minecraft: Guild > [MVP++] SnowedSeal [LS]: dps god 
03:35:32.435 INFO  Minecraft: Guild > yKxshi left. 
03:36:15.481 INFO  Minecraft: Guild > Hercules_RB left. 
03:36:21.474 INFO  Minecraft: Guild > Hercules_RB joined. 
03:36:29.458 INFO  Minecraft: Guild > [MVP++] SnowedSeal [LS]: scarf solo 
03:36:33.384 INFO  Minecraft: Guild > [MVP++] SnowedSeal [LS]: with lcm 
03:36:35.448 INFO  Minecraft: Guild > [MVP++] SnowedSeal [LS]: its not too bad 
03:36:44.405 INFO  Minecraft: Guild > [MVP+] UnknowAccount [M]: bro 
03:36:51.161 INFO  Minecraft: Guild > [MVP+] UnknowAccount [M]: u can solo scarf with a sceptre already 
03:36:54.036 INFO  Minecraft: Guild > [MVP+] UnknowAccount [M]: xD 
03:37:31.455 INFO  Minecraft: Guild > [MVP++] SnowedSeal [LS]: ew 
03:37:35.449 INFO  Minecraft: Guild > [MVP++] SnowedSeal [LS]: i do 10k damage to scarf 
03:37:37.667 INFO  Minecraft: Guild > [MVP++] SnowedSeal [LS]: with lcm 
03:37:47.499 INFO  Minecraft: Guild > [MVP+] LionyLev [LS]: uhhh 
03:38:39.022 INFO  Minecraft: Guild > [MVP++] SnowedSeal [LS]: imma play on a new profile while my orders fill 
03:42:33.362 INFO  Minecraft: Guild > [MVP++] SnowedSeal [LS]: new profile is nice 
03:42:36.614 INFO  Minecraft: Guild > [MVP++] SnowedSeal [LS]: flipping 
03:42:45.165 INFO  Minecraft: Guild > [MVP+] UnknowAccount [M]: new profile is nice 
03:42:46.509 INFO  Minecraft: Guild > [MVP++] SnowedSeal [LS]: (temp new profile for fun my main is still within reqs) 
03:42:52.933 INFO  Minecraft: Guild > [MVP+] UnknowAccount [M]: but playing ironman is godlike 
03:42:55.038 INFO  Minecraft: Guild > [MVP++] SnowedSeal [LS]: yes 
03:43:12.290 INFO  Minecraft: Guild > [MVP+] UnknowAccount [M]: gonna get gold in cacti this weekend :o 
03:46:22.560 INFO  Minecraft: Guild > LionyLev left. 
03:48:36.869 INFO  Minecraft: Guild > FabledLivid joined. 
03:49:57.880 INFO  Minecraft: Guild > UnknowAccount left. 
04:00:12.435 INFO  Minecraft:  
04:00:12.456 INFO  Minecraft: [WATCHDOG ANNOUNCEMENT] 
04:00:12.458 INFO  Minecraft: Watchdog has banned 27,899 players in the last 7 days. 
04:00:12.459 INFO  Minecraft: Staff have banned an additional 16,509 in the last 7 days. 
04:00:12.461 INFO  Minecraft: Blacklisted modifications are a bannable offense! 
04:00:12.463 INFO  Minecraft:  
04:03:41.801 INFO  Minecraft: Guild > UnknowAccount joined. 
04:04:56.910 INFO  Minecraft: Guild > SirTappy left. 
04:05:22.070 INFO  Minecraft: Guild > SirTappy joined. 
04:05:26.085 INFO  Minecraft: Guild > SirTappy left. 
04:06:41.063 INFO  Minecraft: Guild > TimothyPlays57 joined. 
04:09:59.494 INFO  Minecraft: Guild > SnowedSeal left. 
04:10:02.812 INFO  Minecraft: Guild > SnowedSeal joined. 
04:10:05.120 INFO  Minecraft: Guild > [MVP++] SnowedSeal [LS]: henlo 
04:10:46.111 INFO  Minecraft: Guild > [VIP+] OwOPingu [F]: reee 
04:10:52.488 INFO  Minecraft: Guild > [MVP++] SnowedSeal [LS]: BAN 
04:10:54.488 INFO  Minecraft: Guild > [MVP++] SnowedSeal [LS]: FROM 
04:10:56.502 INFO  Minecraft: Guild > [MVP++] SnowedSeal [LS]: F10 BOSSFIGTH 
04:11:10.975 INFO  Minecraft: Guild > [VIP+] OwOPingu [F]: fig@E1$ 
04:12:05.802 INFO  Minecraft: Guild > UnknowAccount left. 
04:17:51.046 INFO  Minecraft: Guild > SirTappy joined. 
04:18:42.049 INFO  Minecraft: Guild > [MVP+] SirTappy [M]: uh 
04:18:56.066 INFO  Minecraft: Guild > [MVP+] SirTappy [M]: wc 
04:20:35.993 INFO  Minecraft: Guild > gogyxdash left. 
04:24:01.197 INFO  Minecraft: Guild > yKxshi joined. 
04:24:37.360 INFO  Minecraft: Guild > TimothyPlays57 left. 
04:27:03.044 INFO  Minecraft: Guild > noteisaqt joined. 
04:28:13.705 INFO  Minecraft: Guild > SirTappy left. 
04:29:22.235 INFO  Minecraft: Guild > TheStachelfisch joined. 
04:29:59.414 INFO  Minecraft: Guild > FabledLivid left. 
04:33:05.683 INFO  Minecraft: ----------------------------------------------------- 
04:33:05.707 INFO  Minecraft: [VIP+] TheStachelfisch left the guild! 
04:33:05.711 INFO  Minecraft: ----------------------------------------------------- 
04:33:05.952 INFO  Minecraft: Guild > Minikloons [LS]: We are sorry you had to leave, TheStachelfisch 
04:33:12.871 INFO  Minecraft: Guild > [MVP+] yKxshi [M]: who 
04:33:21.089 INFO  Minecraft: Guild > [VIP+] OwOPingu [F]: E 
04:34:55.222 INFO  Minecraft: Guild > [MVP++] SnowedSeal [LS]: F 
04:35:01.902 INFO  Minecraft: Guild > [MVP+] yKxshi [M]: dude im so happy 
04:35:13.000 INFO  Minecraft: Guild > [MVP+] yKxshi [M]: i fucking knew it that juju shortbow prices would die 
04:35:19.929 INFO  Minecraft: Guild > [MVP+] yKxshi [M]: and guess what 
04:35:24.002 INFO  Minecraft: Guild > [MVP+] yKxshi [M]: they're 60mil now 
04:42:07.893 INFO  Minecraft: Guild > SnowedSeal left. 
04:43:37.002 INFO  Minecraft: Guild > TimothyPlays57 joined. 
04:44:49.031 INFO  Minecraft: Guild > [MVP+] yKxshi [M]: imma grind my way to get a juju shortbow 
04:46:12.533 INFO  Minecraft: Guild > SnowedSeal joined. 
04:46:15.939 INFO  Minecraft: Guild > [MVP++] SnowedSeal [LS]: henlo 
04:49:36.261 INFO  Minecraft: Guild > TimothyPlays57 left. 
04:49:41.864 INFO  Minecraft: Guild > TimothyPlays57 joined. 
04:52:07.867 INFO  Minecraft: Guild > LionyLev joined. 
04:52:22.822 INFO  Minecraft: Guild > [MVP++] SnowedSeal [LS]: OwO 
04:53:47.871 INFO  Minecraft: Guild > SnowedSeal left. 
04:55:14.229 INFO  Minecraft: Guild > SnowedSeal joined. 
04:55:18.051 INFO  Minecraft: Guild > [MVP++] SnowedSeal [LS]: henlo 
04:55:25.001 INFO  Minecraft: Guild > [VIP] Hercules_RB [M]: hi 
04:57:52.301 INFO  Minecraft: Guild > LionyLev left. 
05:00:53.178 INFO  Minecraft: Guild > yKxshi left. 
05:16:52.347 INFO  Minecraft: Guild > noteisaqt left. 
05:18:55.106 INFO  Minecraft: Guild > LRBenito left. 
05:19:28.634 INFO  Minecraft: Guild > SnowedSeal left. 
05:24:25.556 INFO  Minecraft: Guild > LRBenito joined. 
05:24:38.561 INFO  Minecraft: Guild > yKxshi joined. 
05:26:12.451 INFO  Minecraft: Guild > boxed_cat joined. 
05:28:49.056 INFO  Minecraft: Guild > TimothyPlays57 left. 
05:28:56.136 INFO  Minecraft: Guild > boxed_cat left. 
05:30:24.039 INFO  Minecraft: Guild > yKxshi left. 
05:32:01.123 INFO  Minecraft: Guild > TimothyPlays57 joined. 
05:42:05.445 INFO  Minecraft: Guild > TimothyPlays57 left. 
05:42:15.583 INFO  Minecraft: Guild > OwOSmol joined. 
05:43:19.964 INFO  Minecraft: ----------------------------------------------------- 
05:43:19.970 INFO  Minecraft: [MVP+] coozky joined the guild! 
05:43:19.974 INFO  Minecraft: ----------------------------------------------------- 
05:43:20.244 INFO  Minecraft: Guild > Minikloons [LS]: Welcome to Cold Lands coozky! We hope you enjoy your time here. 
05:43:25.534 INFO  Minecraft: ----------------------------------------------------- 
05:43:25.542 INFO  Minecraft: [MVP+] OwOSmol transferred Guild Master rank to [MVP+] coozky 
05:43:25.543 INFO  Minecraft: ----------------------------------------------------- 
05:43:42.112 INFO  Minecraft: ----------------------------------------------------- 
05:43:42.116 INFO  Minecraft: [MVP+] OwOSmol was promoted from Member to Friend 
05:43:42.122 INFO  Minecraft: ----------------------------------------------------- 
05:43:44.222 INFO  Minecraft: ----------------------------------------------------- 
05:43:44.228 INFO  Minecraft: [MVP+] OwOSmol was promoted from Friend to Lower Staff 
05:43:44.230 INFO  Minecraft: ----------------------------------------------------- 
05:43:46.007 INFO  Minecraft: ----------------------------------------------------- 
05:43:46.011 INFO  Minecraft: [MVP+] OwOSmol was promoted from Lower Staff to Upper Staff 
05:43:46.013 INFO  Minecraft: ----------------------------------------------------- 
05:43:49.633 INFO  Minecraft: ----------------------------------------------------- 
05:43:49.636 INFO  Minecraft: [VIP] ASovietDoge joined the guild! 
05:43:49.639 INFO  Minecraft: ----------------------------------------------------- 
05:43:49.879 INFO  Minecraft: You cannot say the same message twice! 
05:43:55.257 INFO  Minecraft: Guild > OwOSmol left. 
05:44:19.010 INFO  Minecraft: ----------------------------------------------------- 
05:44:19.016 INFO  Minecraft: [VIP] ASovietDoge was promoted from Member to Friend 
05:44:19.018 INFO  Minecraft: ----------------------------------------------------- 
05:44:21.062 INFO  Minecraft: ----------------------------------------------------- 
05:44:21.065 INFO  Minecraft: [VIP] ASovietDoge was promoted from Friend to Lower Staff 
05:44:21.068 INFO  Minecraft: ----------------------------------------------------- 
05:44:22.419 INFO  Minecraft: ----------------------------------------------------- 
05:44:22.422 INFO  Minecraft: [VIP] ASovietDoge was promoted from Lower Staff to Upper Staff 
05:44:22.424 INFO  Minecraft: ----------------------------------------------------- 
05:44:23.384 INFO  Minecraft: ----------------------------------------------------- 
05:44:23.387 INFO  Minecraft: [VIP] ASovietDoge was promoted from Upper Staff to Co-Owner 
05:44:23.389 INFO  Minecraft: ----------------------------------------------------- 
05:44:28.896 INFO  Minecraft: ----------------------------------------------------- 
05:44:28.899 INFO  Minecraft: [MVP+] OwOSmol was promoted from Upper Staff to Co-Owner 
05:44:28.901 INFO  Minecraft: ----------------------------------------------------- 
05:44:39.788 INFO  Minecraft: Guild > [MVP+] coozky [GM]: sup 
05:45:06.884 INFO  Minecraft: Guild > [MVP+] coozky [GM]: i am cooky 
05:50:57.711 INFO  Minecraft: Guild > sommthing joined. 
05:52:36.891 INFO  Minecraft: Guild > SirTappy joined. 
05:58:09.841 INFO  Minecraft: ----------------------------------------------------- 
05:58:09.859 INFO  Minecraft: You have just received 300,000 coins as interest in your co-op bank account! 
05:58:09.863 INFO  Minecraft: ----------------------------------------------------- 
05:58:10.716 INFO  Minecraft: Guild > TimothyPlays57 joined. 
05:59:02.670 INFO  Minecraft: Guild > OLYforever joined. 
05:59:39.721 INFO  Minecraft: Guild > TimothyPlays57 left. 
06:00:12.533 INFO  Minecraft:  
06:00:12.544 INFO  Minecraft: [WATCHDOG ANNOUNCEMENT] 
06:00:12.546 INFO  Minecraft: Watchdog has banned 27,880 players in the last 7 days. 
06:00:12.549 INFO  Minecraft: Staff have banned an additional 16,541 in the last 7 days. 
06:00:12.551 INFO  Minecraft: Blacklisted modifications are a bannable offense! 
06:00:12.554 INFO  Minecraft:  
06:04:19.412 INFO  Minecraft: Guild > SirTappy left. 
06:04:23.321 INFO  Minecraft: Guild > SirTappy joined. 
06:07:13.763 INFO  Minecraft: Guild > Pizzas_faces joined. 
06:07:13.903 INFO  Minecraft: Guild > Pizzas_faces joined. 
06:07:15.951 INFO  Minecraft: Guild > Pizzas_faces left. 
06:07:19.858 INFO  Minecraft: Guild > Pizzas_faces joined. 
06:07:20.967 INFO  Minecraft: Guild > Pizzas_faces left. 
06:07:20.972 INFO  Minecraft: Guild > Pizzas_faces joined. 
06:07:22.873 INFO  Minecraft: Guild > Pizzas_faces left. 
06:07:25.963 INFO  Minecraft: Guild > Pizzas_faces joined. 
06:07:26.950 INFO  Minecraft: Guild > Pizzas_faces left. 
06:07:29.128 INFO  Minecraft: Guild > Pizzas_faces joined. 
06:07:30.005 INFO  Minecraft: Guild > Pizzas_faces left. 
06:07:34.610 INFO  Minecraft: Guild > Pizzas_faces joined. 
06:07:35.948 INFO  Minecraft: Guild > Pizzas_faces left. 
06:11:56.763 INFO  Minecraft: Guild > OwOWolfs joined. 
06:15:45.029 INFO  Minecraft: Guild > SirTappy left. 
06:15:55.082 INFO  Minecraft: Guild > coozky left. 
06:16:02.382 INFO  Minecraft: Guild > coozky joined. 
06:17:53.256 INFO  Minecraft: Guild > Redbeam747 joined. 
06:18:13.124 INFO  Minecraft: Guild > clonzy joined. 
06:19:31.049 INFO  Minecraft: Guild > WitheredRoyal joined. 
06:20:15.233 INFO  Minecraft: Guild > Redbeam747 left. 
06:21:26.223 INFO  Minecraft: Guild > TimothyPlays57 joined. 
06:22:15.272 INFO  Minecraft: Guild > TimothyPlays57 left. 
06:22:29.301 INFO  Minecraft: Guild > WitheredRoyal left. 
06:22:46.340 INFO  Minecraft: Guild > ASovietDoge left. 
06:28:26.005 INFO  Minecraft: Guild > WitheredRoyal joined. 
06:38:41.062 INFO  Minecraft: Guild > [VIP+] WitheredRoyal [M]: Enchanting L first lvl 50 skill :D 
06:38:49.303 INFO  Minecraft: Guild > [VIP+] OLYforever [M]: gg 
06:38:49.994 INFO  Minecraft: Guild > [MVP+] clonzy [M]: nice 
06:38:51.048 INFO  Minecraft: Guild > [VIP] Hercules_RB [M]: gg 
06:40:10.498 INFO  Minecraft: Guild > WitheredRoyal left. 
06:41:13.252 INFO  Minecraft: Guild > LRBenito left. 
06:41:19.262 INFO  Minecraft: Guild > LRBenito joined. 
06:42:40.695 INFO  Minecraft: Guild > [VIP+] OLYforever [M]: enchanting 59 so close yet so far 
06:42:47.499 INFO  Minecraft: Guild > [MVP+] coozky [GM]: lmao 
06:43:27.188 INFO  Minecraft: Guild > [VIP+] OLYforever [M]: it should take about a week if i am consistent 
06:44:04.621 INFO  Minecraft: Guild > WitheredRoyal joined. 
06:44:07.682 INFO  Minecraft: Guild > OLYforever left. 
06:44:17.562 INFO  Minecraft: Guild > SirTappy joined. 
06:44:21.781 INFO  Minecraft: Guild > UnknownShadow124 joined. 
06:46:29.102 INFO  Minecraft: Guild > LRBenito left. 
06:47:02.075 INFO  Minecraft: Guild > LRBenito joined. 
06:47:07.450 INFO  Minecraft: Guild > TimothyPlays57 joined. 
06:48:50.498 INFO  Minecraft: Guild > SirTappy left. 
06:49:09.541 INFO  Minecraft: Guild > LRBenito left. 
06:51:40.997 INFO  Minecraft: Guild > OLYforever joined. 
06:52:34.803 INFO  Minecraft: Guild > coozky left. 
06:53:03.290 INFO  Minecraft: Guild > coozky joined. 
06:53:35.195 INFO  Minecraft: Guild > OLYforever left. 
06:54:08.793 INFO  Discord: [锔guild-chat] Boomerseal has so much clout OMG: Sup rats 
06:54:09.236 INFO  Minecraft: Guild > Minikloons [LS]: Boomersealhas so much clout OMG禄 Sup rats 
06:54:17.254 INFO  Minecraft: Guild > [VIP+] WitheredRoyal [M]: o/ 
06:54:17.525 INFO  Discord: [锔guild-chat] Boomerseal has so much clout OMG: Is the party time thing happening 
06:54:17.835 INFO  Minecraft: Guild > Minikloons [LS]: Boomersealhas so much clout OMG禄 Is the party time thing happening 
06:54:23.273 INFO  Discord: [锔guild-chat] Boomerseal has so much clout OMG: Hello 
06:54:23.514 INFO  Minecraft: Guild > Minikloons [LS]: Boomersealhas so much clout OMG禄 Hello 
06:54:24.719 INFO  Minecraft: Guild > [VIP+] WitheredRoyal [M]: nope .-. 
06:54:31.595 INFO  Discord: [锔guild-chat] Boomerseal has so much clout OMG: Sadge p 
06:54:31.854 INFO  Minecraft: Guild > Minikloons [LS]: Boomersealhas so much clout OMG禄 Sadge p 
06:54:40.432 INFO  Discord: [锔guild-chat] Boomerseal has so much clout OMG: Probably late tonight then 
06:54:40.674 INFO  Minecraft: Guild > Minikloons [LS]: Boomersealhas so much clout OMG禄 Probably late tonight then 
06:54:46.996 INFO  Discord: [锔guild-chat] Boomerseal has so much clout OMG: Like 10pm est 
06:54:47.286 INFO  Minecraft: Guild > Minikloons [LS]: Boomersealhas so much clout OMG禄 Like 10pm est 
06:54:53.396 INFO  Minecraft: Guild > [VIP+] WitheredRoyal [M]: Not pog 
06:55:04.413 INFO  Minecraft: Guild > [VIP] Hercules_RB [M]: at least it should go on for a while 
06:55:36.937 INFO  Minecraft: Guild > UnknowAccount joined. 
06:55:42.562 INFO  Minecraft: Guild > [VIP+] WitheredRoyal [M]: Guys any tips on how to stay hidden at a family gathering 
06:55:49.895 INFO  Minecraft: Guild > [VIP] Hercules_RB [M]: fake sickness 
06:56:04.635 INFO  Minecraft: Guild > [MVP+] UnknowAccount [M]: prove your birth certificate is wrong 
06:56:10.957 INFO  Minecraft: Guild > [MVP+] UnknowAccount [M]: no need to show up anymore ever 
06:56:17.776 INFO  Minecraft: Guild > [VIP+] WitheredRoyal [M]: Can't my parents know I'm fine 
06:56:29.488 INFO  Minecraft: Guild > [VIP+] WitheredRoyal [M]: Lemme grab my certificate and change it brb 
06:56:40.176 INFO  Minecraft: Guild > [MVP+] UnknowAccount [M]: tell everyone that your parents sold you to a nigerian prince for 10 mil dollars 
06:58:00.602 INFO  Minecraft: Guild > [VIP+] WitheredRoyal [M]: K so uh, apparently my parents don't have my birth certificate .-. shouldn't that make it easier 
06:58:06.703 INFO  Minecraft: Guild > [MVP+] sommthing [M]: uh what 
06:58:15.929 INFO  Minecraft: Guild > [MVP+] UnknowAccount [M]: ait 
06:58:23.226 INFO  Minecraft: Guild > [MVP+] UnknowAccount [M]: so legally... you dont exist o.O 
06:58:30.605 INFO  Minecraft: Guild > [VIP+] WitheredRoyal [M]: :pogchamp: 
06:58:52.058 INFO  Minecraft: Guild > SirTappy joined. 
07:02:08.049 INFO  Minecraft: Guild > SirTappy left. 
07:03:15.625 INFO  Minecraft: Guild > [VIP+] WitheredRoyal [M]: Time to find out I'm adopted 
07:03:36.436 INFO  Minecraft: Guild > [MVP+] UnknowAccount [M]: sheee... after all this years.. 
07:03:39.167 INFO  Minecraft: Guild > [MVP+] UnknowAccount [M]: i have to admit 
07:03:43.158 INFO  Minecraft: Guild > [MVP+] UnknowAccount [M]: im your dad 
07:03:48.653 INFO  Minecraft: Guild > [VIP+] WitheredRoyal [M]: Oh yeah? 
07:03:56.232 INFO  Minecraft: Guild > [MVP+] UnknowAccount [M]: yep 
07:04:17.471 INFO  Minecraft: Guild > [VIP+] WitheredRoyal [M]: What's my original name then? 
07:04:31.875 INFO  Minecraft: Guild > [MVP+] UnknowAccount [M]: david 
07:04:38.223 INFO  Minecraft: Guild > [VIP+] WitheredRoyal [M]: Nope 
07:04:39.681 INFO  Minecraft: Guild > [MVP+] UnknowAccount [M]: atleast.. thats what i wanted 
07:04:43.373 INFO  Minecraft: Guild > [MVP+] UnknowAccount [M]: but your mom didnt agree 
07:04:47.238 INFO  Minecraft: Guild > [VIP+] WitheredRoyal [M]: :o 
07:04:58.587 INFO  Minecraft: Guild > [MVP+] UnknowAccount [M]: she wanted to call you ben 
07:05:07.311 INFO  Minecraft: Guild > [VIP+] WitheredRoyal [M]: Well you see 
07:05:08.523 INFO  Minecraft: Guild > [MVP+] UnknowAccount [M]: thats also the reason of the break up 
07:05:13.870 INFO  Minecraft: Guild > [MVP+] UnknowAccount [M]: after that things went downhill 
07:05:14.919 INFO  Minecraft: Guild > [MVP+] sommthing [M]: what is going on 
07:05:17.581 INFO  Minecraft: Guild > [VIP+] WitheredRoyal [M]: I'm a girl so why would you call me David 
07:05:22.437 INFO  Minecraft: Guild > [MVP+] UnknowAccount [M]: and you had to be put of for adoption 
07:05:40.387 INFO  Minecraft: Guild > [MVP+] UnknowAccount [M]: yea maybe thats why she didnt want you to be called david  
07:05:55.416 INFO  Minecraft: Guild > [MVP+] UnknowAccount [M]: things start to make sense now 
07:06:01.351 INFO  Minecraft: Guild > [MVP+] UnknowAccount [M]: acid fced my brain up i guess 
07:06:01.359 INFO  Minecraft: Guild > [VIP+] WitheredRoyal [M]: :facepalm: 
07:07:47.576 INFO  Minecraft: Guild > [MVP+] coozky [GM]: anyone have a yeti pet? 
07:07:50.436 INFO  Minecraft: Guild > [MVP+] coozky [GM]: that I can borrow 
07:07:54.870 INFO  Minecraft: Guild > [VIP] Hercules_RB [M]: for how long? 
07:07:59.539 INFO  Minecraft: Guild > [MVP+] coozky [GM]: uhh 
07:08:01.484 INFO  Minecraft: Guild > [MVP+] coozky [GM]: like 10-20 min 
07:08:15.100 INFO  Minecraft: Guild > [MVP++] Pizzas_faces [M]: mine is lvl 100 
07:08:22.031 INFO  Minecraft: Guild > [MVP+] coozky [GM]: can I borrow? 
07:08:29.477 INFO  Minecraft: Guild > [MVP++] Pizzas_faces [M]: do u need leg? 
07:08:33.959 INFO  Minecraft: Guild > [MVP+] coozky [GM]: nah 
07:08:35.036 INFO  Minecraft: Guild > [MVP+] coozky [GM]: an rarity 
07:08:41.692 INFO  Minecraft: Guild > [MVP++] Pizzas_faces [M]: oh sorry 
07:08:42.109 INFO  Minecraft: Guild > [MVP+] coozky [GM]: any* 
07:08:50.508 INFO  Minecraft: Guild > [MVP++] Pizzas_faces [M]: i gtg like rn 
07:08:54.603 INFO  Minecraft: Guild > [MVP+] coozky [GM]: oh ok 
07:08:56.188 INFO  Minecraft: Guild > [MVP+] coozky [GM]: cya 
07:09:02.050 INFO  Minecraft: Guild > [MVP++] Pizzas_faces [M]: srry see ya 
07:09:03.871 INFO  Minecraft: Guild > Pizzas_faces left. 
07:09:08.832 INFO  Minecraft: Guild > [VIP] Hercules_RB [M]: 28m collat but sure, I can lend it to you 
07:09:11.724 INFO  Minecraft: Guild > [MVP+] coozky [GM]: alr 
07:09:14.540 INFO  Minecraft: Guild > [VIP] Hercules_RB [M]: lvl 92 
07:09:36.868 INFO  Minecraft: Guild > OwOWolfs left. 
07:09:43.096 INFO  Minecraft: Guild > [MVP+] coozky [GM]: ty 
07:13:12.942 INFO  Minecraft: Guild > SirTappy joined. 
07:13:54.063 INFO  Minecraft: Guild > UnknownShadow124 left. 
07:14:18.875 INFO  Minecraft: Guild > clonzy left. 
07:16:06.199 INFO  Minecraft: Guild > 4717 joined. 
07:16:39.112 INFO  Minecraft: Guild > [VIP] 4717 [M]: anyone want to do f5 dungeons 
07:16:49.431 INFO  Minecraft: Guild > [VIP] 4717 [M]: not mastermode 
07:17:04.339 INFO  Minecraft: Guild > clonzy joined. 
07:17:13.194 INFO  Minecraft: Guild > [MVP+] coozky [GM]: any easy ways for combat exp? 
07:17:18.702 INFO  Minecraft: Guild > [VIP+] WitheredRoyal [M]: Terras 
07:17:24.649 INFO  Minecraft: Guild > [MVP+] coozky [GM]: skill wiped profile moment 
07:17:31.399 INFO  Minecraft: Guild > [VIP+] WitheredRoyal [M]: F 
07:17:43.430 INFO  Minecraft: Guild > WitheredRoyal left. 
07:17:49.190 INFO  Minecraft: Guild > [MVP+] coozky [GM]: I need enderman lvl 3 
07:17:58.448 INFO  Minecraft: Guild > [VIP] Hercules_RB [M]: you want juju? 
07:18:00.998 INFO  Minecraft: Guild > [MVP+] coozky [GM]: I have 
07:18:01.985 INFO  Minecraft: Guild > [MVP+] coozky [GM]: juju 
07:18:08.181 INFO  Minecraft: Guild > [MVP+] coozky [GM]: but I'm skill wiped 
07:18:18.596 INFO  Minecraft: Guild > [MVP+] coozky [GM]: so my skills are shit 
07:18:38.005 INFO  Minecraft: Guild > TimothyPlays57 left. 
07:18:40.022 INFO  Minecraft: Guild > [MVP+] coozky [GM]: ty 
07:20:45.945 INFO  Minecraft: Guild > TimothyPlays57 joined. 
07:23:24.625 INFO  Minecraft: ----------------------------------------------------- 
07:23:24.652 INFO  Minecraft: [MVP+] coozky transferred Guild Master rank to [MVP+] OwOSmol 
07:23:24.654 INFO  Minecraft: ----------------------------------------------------- 
07:23:31.121 INFO  Minecraft: Guild > [MVP+] sommthing [M]: pog 
07:23:32.967 INFO  Minecraft: Guild > [MVP+] UnknowAccount [M]: this is cursed 
07:23:35.716 INFO  Minecraft: Guild > [MVP+] coozky [M]: lmao 
07:23:42.760 INFO  Minecraft: Guild > [MVP+] UnknowAccount [M]: exactly when that happend the rain started on my is 
07:23:54.457 INFO  Minecraft: Guild > [MVP+] UnknowAccount [M]: like tick perfect timing 
07:25:21.044 INFO  Minecraft: Guild > clonzy left. 
07:28:55.140 INFO  Minecraft: Guild > [MVP+] UnknowAccount [M]: aaaait 
07:28:56.868 INFO  Minecraft: Guild > [MVP+] UnknowAccount [M]: finally done 
07:29:00.929 INFO  Minecraft: Guild > [MVP+] UnknowAccount [M]: with 1 layer cactus farm 
07:29:08.507 INFO  Minecraft: Guild > [MVP+] UnknowAccount [M]: tomorrow im getting 8th unique gold 
07:29:10.124 INFO  Minecraft: Guild > [MVP+] coozky [M]: can anyone help me with e man slayer t2 
07:29:26.984 INFO  Minecraft: Guild > [MVP+] sommthing [M]: sure im bored 
07:29:31.913 INFO  Minecraft: Guild > [MVP+] sommthing [M]: what do u want me to do 
07:29:36.460 INFO  Minecraft: Guild > [MVP+] coozky [M]: just help kill it 
07:29:41.426 INFO  Minecraft: Guild > [MVP+] coozky [M]: btw 
07:29:46.905 INFO  Minecraft: Guild > [MVP+] coozky [M]: I'm skill wiped so I have to kill zealots 
07:29:47.577 INFO  Minecraft: Guild > [MVP+] coozky [M]: to spawn it 
07:30:06.469 INFO  Minecraft: Guild > [VIP] Hercules_RB [M]: pretty sure zealots do not count as enderman xp 
07:30:10.927 INFO  Minecraft: Guild > [MVP+] coozky [M]: it does 
07:30:33.959 INFO  Minecraft: Guild > [MVP+] coozky [M]: skill wipe is a pain 
07:30:36.999 INFO  Minecraft: Guild > [MVP+] coozky [M]: D: 
07:31:14.120 INFO  Minecraft: Guild > [VIP] Hercules_RB [M]: why did you get wiped? 
07:31:20.644 INFO  Minecraft: Guild > [MVP+] coozky [M]: macroing 
07:31:28.095 INFO  Minecraft: Guild > [VIP] 4717 [M]: bruh 
07:31:31.772 INFO  Minecraft: Guild > [MVP+] coozky [M]: lmaoo 
07:31:48.627 INFO  Minecraft: Guild > [MVP+] coozky [M]: sm1 ratted me out 
07:31:51.091 INFO  Minecraft: Guild > [MVP+] sommthing [M]: learned ur lessing ig 
07:31:56.482 INFO  Minecraft: Guild > [MVP+] sommthing [M]: lesson* 
07:32:02.692 INFO  Minecraft: Guild > [MVP+] coozky [M]: I guess? 
07:32:24.494 INFO  Minecraft: Guild > [MVP+] sommthing [M]: i'd be so mad if i got skill wiped 
07:32:33.444 INFO  Minecraft: Guild > [MVP+] sommthing [M]: bc i hit combat 50 like a week ago 
07:32:37.545 INFO  Minecraft: Guild > [MVP+] coozky [M]: I've gotten skill wiped a bit 
07:35:26.168 INFO  Minecraft: Guild > coozky joined. 
07:35:27.166 INFO  Minecraft: Guild > coozky left. 
07:35:29.758 INFO  Minecraft: Guild > coozky joined. 
07:35:30.190 INFO  Minecraft: Guild > coozky left. 
07:35:34.768 INFO  Minecraft: Guild > coozky joined. 
07:35:35.748 INFO  Minecraft: Guild > coozky left. 
07:35:43.159 INFO  Minecraft: Guild > coozky joined. 
07:35:44.756 INFO  Minecraft: Guild > coozky left. 
07:35:48.182 INFO  Minecraft: Guild > coozky left. 
07:35:50.150 INFO  Minecraft: Guild > coozky joined. 
07:38:29.316 INFO  Minecraft: Guild > TimothyPlays57 left. 
07:39:47.005 INFO  Minecraft: Guild > [MVP+] sommthing [M]: anyone wanna do a drag 
07:39:54.049 INFO  Minecraft: Guild > [MVP+] sommthing [M]: i wanna test juj 
07:39:57.046 INFO  Minecraft: Guild > [MVP+] sommthing [M]: juju 
07:41:46.492 INFO  Minecraft: Guild > [VIP] Hercules_RB [M]: I can place 2 
07:41:54.967 INFO  Minecraft: Guild > [VIP] Hercules_RB [M]: for a drag 
07:43:07.225 INFO  Minecraft: Guild > SirTappy left. 
07:43:39.122 INFO  Minecraft: Guild > 4717 left. 
07:43:58.592 INFO  Minecraft: Guild > [MVP+] sommthing [M]: any one wanna place 2 eyes in a drag 
07:53:29.181 INFO  Minecraft: Guild > Hercules_RB left. 
07:57:59.656 INFO  Minecraft: Guild > Hercules_RB joined. 
08:00:12.722 INFO  Minecraft:  
08:00:12.745 INFO  Minecraft: [WATCHDOG ANNOUNCEMENT] 
08:00:12.747 INFO  Minecraft: Watchdog has banned 27,955 players in the last 7 days. 
08:00:12.748 INFO  Minecraft: Staff have banned an additional 16,700 in the last 7 days. 
08:00:12.750 INFO  Minecraft: Blacklisted modifications are a bannable offense! 
08:00:12.754 INFO  Minecraft:  
08:02:15.894 INFO  Minecraft: Guild > noteisaqt joined. 
08:04:26.895 INFO  Discord: [锔guild-chat] LS | SnowedSeal: henlo everyone 
08:04:27.149 INFO  Minecraft: Guild > Minikloons [LS]: LS| SnowedSeal禄 henlo everyone 
08:04:38.942 INFO  Minecraft: Guild > [VIP] Hercules_RB [M]: henlo snowed 
08:04:42.753 INFO  Minecraft: Guild > [MVP+] sommthing [M]: hello 
08:13:28.860 INFO  Minecraft: Guild > POGGORSEEL joined. 
08:14:05.286 INFO  Minecraft: Guild > [MVP++] POGGORSEEL [F]: i got my fucking model o but guess what nothing good can happen and the wireless dongle just doesnt work and i can only use the wired version 
08:14:15.772 INFO  Minecraft: Guild > [MVP+] coozky [M]: f 
08:14:27.504 INFO  Minecraft: Guild > [MVP+] sommthing [M]: can someone help me with getting deathmite soul 
08:14:30.551 INFO  Minecraft: Guild > [MVP++] POGGORSEEL [F]: i hate my fucking life 
08:14:31.506 INFO  Minecraft: Guild > [MVP+] sommthing [M]: im bored 
08:15:46.826 INFO  Minecraft: Guild > SnowedSeal joined. 
08:15:50.592 INFO  Minecraft: Guild > [MVP++] SnowedSeal [LS]: henlooo 
08:15:55.493 INFO  Minecraft: Guild > [MVP+] sommthing [M]: hello 
08:15:59.579 INFO  Minecraft: Guild > [MVP++] SnowedSeal [LS]: :D 
08:17:20.835 INFO  Minecraft: Guild > 4717 joined. 
08:19:12.019 INFO  Minecraft: Guild > coozky left. 
08:22:07.370 INFO  Minecraft: Guild > sommthing left. 
08:24:08.241 INFO  Minecraft: Guild > 4717 left. 
08:24:13.248 INFO  Minecraft: Guild > 4717 joined. 
08:27:37.159 INFO  Minecraft: Guild > [MVP+] UnknowAccount [M]: aait 
08:27:42.257 INFO  Minecraft: Guild > [MVP+] UnknowAccount [M]: new pb kills in solo uhc 
08:27:45.960 INFO  Minecraft: Guild > [MVP+] UnknowAccount [M]: 12 kill win gg 
08:27:58.224 INFO  Minecraft: Guild > [VIP] Hercules_RB [M]: gg 
08:28:09.693 INFO  Minecraft: Guild > [MVP++] SnowedSeal [LS]: gg 
08:28:39.649 INFO  Minecraft: Guild > [MVP++] SnowedSeal [LS]: can you get packed ice from the builder 
08:28:55.363 INFO  Minecraft: Guild > [MVP+] UnknowAccount [M]: think so yea 
08:29:02.039 INFO  Minecraft: Guild > [MVP+] UnknowAccount [M]: maybe only old menu though 
08:29:08.321 INFO  Minecraft: Guild > [MVP++] SnowedSeal [LS]: o 
08:30:57.635 INFO  Minecraft: Guild > UnknowAccount left. 
08:30:57.861 INFO  Minecraft: Guild > Za1bot joined. 
08:35:15.672 INFO  Minecraft: Guild > POGGORSEEL left. 
08:35:52.923 INFO  Minecraft: Guild > POGGORSEEL joined. 
08:44:49.200 INFO  Minecraft: Guild > [MVP++] SnowedSeal [LS]: F 
08:44:50.434 INFO  Minecraft: Guild > [MVP++] SnowedSeal [LS]: wc 
08:44:52.460 INFO  Minecraft: Guild > [VIP+] OwOPingu [F]: F 
08:45:09.048 INFO  Minecraft: Guild > [MVP++] SnowedSeal [LS]: owo 
08:45:11.205 INFO  Minecraft: Guild > [VIP+] OwOPingu [F]: uwu 
08:45:17.641 INFO  Minecraft: Guild > [MVP++] SnowedSeal [LS]: ban 
08:45:20.453 INFO  Minecraft: Guild > [VIP+] OwOPingu [F]: D: 
08:45:27.133 INFO  Minecraft: Guild > [MVP++] SnowedSeal [LS]: unban 
08:45:34.650 INFO  Minecraft: Guild > [VIP+] OwOPingu [F]: lol uwupingu just p me 
08:45:44.086 INFO  Minecraft: Guild > [MVP++] SnowedSeal [LS]: uhm 
08:45:46.197 INFO  Minecraft: Guild > [MVP++] SnowedSeal [LS]: i partied them 
08:49:45.743 INFO  Minecraft: Guild > 4717 left. 
08:50:51.214 INFO  Minecraft: Guild > SnowedSeal left. 
08:57:53.531 INFO  Minecraft: Guild > Za1bot left. 
08:57:59.628 INFO  Minecraft: Guild > LionyLev joined. 
08:59:59.692 INFO  Minecraft: Guild > POGGORSEEL left. 
09:00:04.534 INFO  Minecraft: Guild > POGGORSEEL joined. 
09:00:16.534 INFO  Minecraft: Guild > POGGORSEEL left. 
09:02:50.799 INFO  Minecraft: Guild > POGGORSEEL joined. 
09:15:00.340 INFO  Minecraft: Guild > LionyLev left. 
09:16:42.267 INFO  Minecraft: Guild > POGGORSEEL left. 
09:20:05.402 INFO  Minecraft: Guild > BamBoozledMC joined. 
09:20:38.383 INFO  Minecraft: Guild > POGGORSEEL joined. 
09:42:02.213 INFO  Minecraft: Guild > [MVP++] POGGORSEEL [F]: i love my mouse 
09:56:41.974 INFO  Minecraft: Guild > SnowedSeal joined. 
09:56:52.169 INFO  Minecraft: Guild > [MVP++] SnowedSeal [LS]: byehenlo 
10:00:07.403 INFO  Minecraft: Guild > Hercules_RB left. 
10:00:12.948 INFO  Minecraft:  
10:00:12.952 INFO  Minecraft: [WATCHDOG ANNOUNCEMENT] 
10:00:12.953 INFO  Minecraft: Watchdog has banned 28,008 players in the last 7 days. 
10:00:12.955 INFO  Minecraft: Staff have banned an additional 16,612 in the last 7 days. 
10:00:12.957 INFO  Minecraft: Blacklisted modifications are a bannable offense! 
10:00:12.958 INFO  Minecraft:  
10:00:16.111 INFO  Minecraft: BamBoozledMC joined SkyBlock. 
10:01:12.412 INFO  Minecraft: ----------------------------------------------------- 
10:01:12.418 INFO  Minecraft: Minikloons has muted the guild chat for 9s 
10:01:12.420 INFO  Minecraft: ----------------------------------------------------- 
10:01:23.339 INFO  Minecraft: Guild > [MVP+] BamBoozledMC [LS]: what 
10:01:28.770 INFO  Minecraft: Guild > [MVP++] SnowedSeal [LS]: what.. 
10:01:36.073 INFO  Minecraft: Guild > [MVP++] SnowedSeal [LS]: bamb? 
10:01:40.342 INFO  Minecraft: Guild > [MVP+] BamBoozledMC [LS]: ? 
10:01:44.776 INFO  Minecraft: Guild > [MVP++] SnowedSeal [LS]: why mute 
10:01:49.060 INFO  Minecraft: Guild > [MVP+] BamBoozledMC [LS]: did nothing 
10:02:15.512 INFO  Minecraft: Guild > Hercules_RB joined. 
10:06:01.829 INFO  Minecraft: Guild > SirTappy joined. 
10:06:22.820 INFO  Minecraft: Guild > gogyxdash joined. 
10:10:33.227 INFO  Minecraft: Guild > SirTappy left. 
10:12:10.843 INFO  Minecraft: [SkyBlock] [MVP++] JodyG is visiting Your Island! 
10:12:17.957 INFO  Minecraft: [] [MVP++] JodyG: screenie 
10:12:22.326 INFO  Minecraft: [MVP+] BamBoozledMC: Hg 
10:12:24.284 INFO  Minecraft: [MVP+] BamBoozledMC: hi 
10:12:28.689 INFO  Minecraft: [] [MVP++] JodyG: hi 
10:12:35.160 INFO  Minecraft: [] [MVP++] JodyG: someone told me to come here and get a screenie 
10:12:43.716 INFO  Minecraft: [MVP+] BamBoozledMC: who did? 
10:12:47.696 INFO  Minecraft: [] [MVP++] JodyG: someone called 
10:12:50.179 INFO  Minecraft: [] [MVP++] JodyG: flofflepoffle 
10:12:52.674 INFO  Minecraft: [MVP+] BamBoozledMC: oh 
10:13:07.817 INFO  Minecraft: [MVP+] BamBoozledMC: where would you like to do it 
10:13:15.628 INFO  Minecraft: [] [MVP++] JodyG: idk 
10:13:23.726 INFO  Minecraft: [] [MVP++] JodyG: are u popular or something also 
10:13:31.861 INFO  Minecraft: [MVP+] BamBoozledMC: not rly 
10:13:34.738 INFO  Minecraft: [MVP+] BamBoozledMC: but kinda 
10:13:37.103 INFO  Minecraft: [] [MVP++] JodyG: alr 
10:13:42.835 INFO  Minecraft: [MVP+] BamBoozledMC: i'll prob grow in the fure 
10:13:44.915 INFO  Minecraft: [MVP+] BamBoozledMC: futre 
10:13:45.778 INFO  Minecraft: [] [MVP++] JodyG: ty 
10:13:45.815 INFO  Minecraft: [MVP+] BamBoozledMC: sec 
10:13:55.804 INFO  Minecraft: [] [MVP++] JodyG: remember be as some random who jut wanted a screenie 
10:14:18.033 INFO  Minecraft: [] [MVP++] JodyG: thanks 
10:14:18.337 INFO  Minecraft: [MVP+] BamBoozledMC: all good? 
10:14:20.345 INFO  Minecraft: [MVP+] BamBoozledMC: np 
10:14:21.480 INFO  Minecraft: [] [MVP++] JodyG: yup 
10:14:27.788 INFO  Minecraft: [] [MVP++] JodyG: whats ur yt or twitch 
10:14:47.762 INFO  Minecraft: Guild > SnowedSeal left. 
10:15:23.618 INFO  Minecraft: [] [MVP++] JodyG: ty 
10:15:27.542 INFO  Minecraft: [MVP+] BamBoozledMC: NP 
10:15:29.369 INFO  Minecraft: [MVP+] BamBoozledMC: caps 
10:15:31.233 INFO  Minecraft: [] [MVP++] JodyG: also is ur friend afking popular aswell 
10:15:37.799 INFO  Minecraft: [MVP+] BamBoozledMC: no 
10:15:39.894 INFO  Minecraft: [] [MVP++] JodyG: oh 
10:15:42.090 INFO  Minecraft: [] [MVP++] JodyG: alr 
10:15:45.799 INFO  Minecraft: [MVP+] BamBoozledMC: its my alt 
10:15:48.829 INFO  Minecraft: [] [MVP++] JodyG: ohhhh 
10:15:50.185 INFO  Minecraft: [] [MVP++] JodyG: thats why 
10:15:52.386 INFO  Minecraft: [] [MVP++] JodyG: okay 
10:15:59.906 INFO  Minecraft: [MVP+] BamBoozledMC: he afks my hald done up cactus farm 
10:16:01.354 INFO  Minecraft: [MVP+] BamBoozledMC: lmfao 
10:16:05.865 INFO  Minecraft: [] [MVP++] JodyG: lmao 
10:16:37.299 INFO  Minecraft: Guild > gogyxdash left. 
10:16:38.527 INFO  Minecraft: [] [MVP++] JodyG: 2.751 
10:16:43.649 INFO  Minecraft: [MVP+] BamBoozledMC: sheesh 
10:17:01.633 INFO  Minecraft: [] [MVP++] JodyG: les go 
10:17:02.140 INFO  Minecraft: [MVP+] BamBoozledMC: its gonna reset soon and im gonna give the person with the shortest time after 1 moneth 1mil 
10:17:09.801 INFO  Minecraft: [] [MVP++] JodyG: 0.001 ms faster 
10:17:12.097 INFO  Minecraft: [MVP+] BamBoozledMC: lol 
10:17:24.427 INFO  Minecraft: [] [MVP++] JodyG: 2.251 
10:17:28.587 INFO  Minecraft: [MVP+] BamBoozledMC: w 
10:17:29.297 INFO  Minecraft: [MVP+] BamBoozledMC: we 
10:17:30.458 INFO  Minecraft: [MVP+] BamBoozledMC: e 
10:17:32.463 INFO  Minecraft: Guild > gogyxdash joined. 
10:17:49.272 INFO  Minecraft: [MVP+] BamBoozledMC: if you have young armour use it 
10:17:50.975 INFO  Minecraft: [] [MVP++] JodyG: make a board with signs 
10:17:53.120 INFO  Minecraft: [] [MVP++] JodyG: i dont 
10:17:58.991 INFO  Minecraft: [MVP+] BamBoozledMC: wdym board with sign 
10:18:00.302 INFO  Minecraft: [MVP+] BamBoozledMC: s 
10:18:06.382 INFO  Minecraft: [] [MVP++] JodyG: with the times 
10:18:12.046 INFO  Minecraft: [MVP+] BamBoozledMC: thats here 
10:18:13.005 INFO  Minecraft: [] [MVP++] JodyG: oh 
10:18:15.618 INFO  Minecraft: [] [MVP++] JodyG: f 
10:18:17.557 INFO  Minecraft: [MVP+] BamBoozledMC: xd 
10:18:31.263 INFO  Minecraft: [] [MVP++] JodyG: im going to get speed talismans 
10:18:35.101 INFO  Minecraft: [MVP+] BamBoozledMC: cool 
10:19:07.419 INFO  Minecraft: [] [MVP++] JodyG: mmmm 
10:19:09.186 INFO  Minecraft: [] [MVP++] JodyG: cheese 
10:19:13.061 INFO  Minecraft: [MVP+] BamBoozledMC: tast 
10:19:14.150 INFO  Minecraft: [MVP+] BamBoozledMC: y 
10:19:18.161 INFO  Minecraft: [] [MVP++] JodyG: i got rat 
10:19:35.459 INFO  Minecraft: [MVP+] BamBoozledMC: xd 
10:20:18.366 INFO  Minecraft: [] [MVP++] JodyG: gtg to ask jake thybro for a free reforge 
10:20:22.820 INFO  Minecraft: [] [MVP++] JodyG: havea good one 
10:20:25.194 INFO  Minecraft: [MVP+] BamBoozledMC: ok 
10:20:28.212 INFO  Minecraft: [MVP+] BamBoozledMC: cya 
10:20:33.612 INFO  Minecraft: [MVP+] BamBoozledMC: if u need anything im here 
10:22:47.029 INFO  Minecraft: Guild > gogyxdash left. 
10:23:30.129 INFO  Minecraft: Guild > gogyxdash joined. 
10:24:02.540 INFO  Minecraft: [SkyBlock] [MVP+] Apple212256 is visiting Your Island! 
10:25:07.214 INFO  Minecraft: Guild > TimothyPlays57 joined. 
10:26:04.991 INFO  Minecraft: [MVP+] BamBoozledMC: the fastes race is resseting soon 
10:26:10.798 INFO  Minecraft: [] [MVP+] Apple212256: nooooooooooooo 
10:26:27.669 INFO  Minecraft: [MVP+] BamBoozledMC: and after 1 month the fastest player gets 1 mil 
10:26:53.278 INFO  Minecraft: [] [MVP+] Apple212256: i dont have black cat 
10:26:59.733 INFO  Minecraft: Guild > TimothyPlays57 left. 
10:28:34.758 INFO  Minecraft: [] [MVP+] Apple212256: wait your profile says i have 9 onths 1 dayS of pt 
10:28:43.791 INFO  Minecraft: [] [MVP+] Apple212256: you 
10:28:52.497 INFO  Minecraft: [MVP+] BamBoozledMC: huh 
10:29:06.778 INFO  Minecraft: [] [MVP+] Apple212256: it should be 1 day not 1 days 
10:29:25.777 INFO  Minecraft: [MVP+] BamBoozledMC: tok 
10:30:09.490 INFO  Minecraft: [] [MVP+] Apple212256: i cant go faster 
10:30:16.949 INFO  Minecraft: [MVP+] BamBoozledMC: u can 
10:30:24.965 INFO  Minecraft: [] [MVP+] Apple212256: black cat? 
10:31:00.304 INFO  Minecraft: [] [MVP+] Apple212256: hell no 
10:34:50.445 INFO  Minecraft: Guild > BamBoozledMC left. 
10:39:49.515 INFO  Minecraft: Guild > friendly_rook joined. 
10:40:47.440 INFO  Minecraft: Guild > YoMadaEatingRice joined. 
10:43:20.011 INFO  Minecraft: Guild > friendly_rook left. 
10:44:54.887 INFO  Minecraft: Guild > friendly_rook joined. 
10:50:44.273 INFO  Minecraft: Guild > Hercules_RB left. 
10:50:48.284 INFO  Minecraft: Guild > Hercules_RB joined. 
11:01:06.068 INFO  Minecraft: Guild > noteisaqt left. 
11:01:10.068 INFO  Minecraft: Guild > POGGORSEEL left. 
11:02:35.410 INFO  Minecraft: Guild > POGGORSEEL joined. 
11:07:39.721 INFO  Minecraft: Guild > TREX2M joined. 
11:09:17.776 INFO  Minecraft: Guild > POGGORSEEL left. 
11:09:38.732 INFO  Minecraft: Guild > POGGORSEEL joined. 
11:14:53.300 INFO  Minecraft: Guild > LionyLev joined. 
11:22:13.129 INFO  Minecraft: Guild > SirTappy joined. 
11:29:31.631 INFO  Minecraft: Guild > SirTappy left. 
11:29:37.274 INFO  Minecraft: Guild > SirTappy joined. 
11:30:40.699 INFO  Minecraft: Guild > 4717 joined. 
11:31:55.882 INFO  Minecraft: Guild > LionyLev left. 
11:32:02.745 INFO  Minecraft: Guild > LionyLev joined. 
11:32:06.753 INFO  Minecraft: Guild > LionyLev left. 
11:32:27.003 INFO  Minecraft: Guild > LionyLev joined. 
11:33:16.875 INFO  Minecraft: Guild > TREX2M left. 
11:33:23.389 INFO  Minecraft: Guild > TREX2M joined. 
11:34:32.417 INFO  Minecraft: Guild > sommthing joined. 
11:35:23.391 INFO  Minecraft: Guild > ranger4josh joined. 
11:35:37.513 INFO  Minecraft: Guild > LionyLev left. 
11:36:03.175 INFO  Minecraft: Guild > LionyLev joined. 
11:44:37.744 INFO  Minecraft: Guild > Hercules_RB left. 
11:45:01.763 INFO  Minecraft: Guild > LionyLev left. 
11:49:29.643 INFO  Minecraft: Guild > LionyLev joined. 
11:50:59.957 INFO  Minecraft: Guild > POGGORSEEL left. 
11:52:14.677 INFO  Minecraft: Guild > LionyLev left. 
11:57:01.161 INFO  Minecraft: Guild > friendly_rook left. 
12:00:13.169 INFO  Minecraft:  
12:00:13.188 INFO  Minecraft: [WATCHDOG ANNOUNCEMENT] 
12:00:13.194 INFO  Minecraft: Watchdog has banned 28,100 players in the last 7 days. 
12:00:13.196 INFO  Minecraft: Staff have banned an additional 16,728 in the last 7 days. 
12:00:13.198 INFO  Minecraft: Blacklisted modifications are a bannable offense! 
12:00:13.200 INFO  Minecraft:  
12:08:44.434 INFO  Minecraft: Guild > SirTappy left. 
12:08:48.636 INFO  Minecraft: Guild > SirTappy joined. 
12:11:22.455 INFO  Minecraft: Guild > ranger4josh left. 
12:12:33.380 INFO  Minecraft: Guild > gogyxdash left. 
12:12:38.199 INFO  Minecraft: Guild > gogyxdash joined. 
12:23:01.363 INFO  Minecraft: Guild > YoMadaEatingRice left. 
12:32:11.326 INFO  Minecraft: Guild > TREX2M left. 
12:34:05.493 INFO  Minecraft: Guild > sommthing left. 
12:39:16.551 INFO  Minecraft: Guild > LionyLev joined. 
12:41:00.708 INFO  Minecraft: Guild > 4717 left. 
12:42:52.366 INFO  Minecraft: Guild > LRBenito joined. 
12:55:49.287 INFO  Discord: [锔guild-chat] Boomerseal has so much clout OMG: Anyone online? 
12:55:49.791 INFO  Minecraft: Guild > Minikloons [LS]: Boomersealhas so much clout OMG禄 Anyone online? 
12:55:53.458 INFO  Minecraft: Guild > [MVP+] LionyLev [LS]: hi 
12:56:01.959 INFO  Discord: [锔guild-chat] Boomerseal has so much clout OMG: Is party time occurring? 
12:56:02.231 INFO  Minecraft: Guild > Minikloons [LS]: Boomersealhas so much clout OMG禄 Is party time occurring? 
12:56:06.027 INFO  Discord: [锔guild-chat] Boomerseal has so much clout OMG: Also hi 
12:56:06.267 INFO  Minecraft: Guild > Minikloons [LS]: Boomersealhas so much clout OMG禄 Also hi 
12:59:26.469 INFO  Minecraft: Guild > yKxshi joined. 
13:00:02.531 INFO  Minecraft: Guild > SirTappy left. 
13:00:05.475 INFO  Minecraft: Guild > SirTappy joined. 
13:00:08.432 INFO  Minecraft: Guild > SirTappy left. 
13:08:32.345 INFO  Minecraft: Guild > SirTappy joined. 
13:10:37.920 INFO  Minecraft: Guild > LionyLev left. 
13:10:41.109 INFO  Minecraft: Guild > LionyLev joined. 
13:12:56.532 INFO  Minecraft: Guild > [VIP] LRBenito [M]: sharpness 6 from experiment pog 
13:12:59.534 INFO  Minecraft: Guild > LionyLev left. 
13:13:02.551 INFO  Minecraft: Guild > LionyLev joined. 
13:25:14.637 INFO  Minecraft: Guild > yKxshi left. 
13:37:33.961 INFO  Minecraft: Guild > LionyLev left. 
13:42:19.393 INFO  Minecraft: Guild > YoMadaEatingRice joined. 
13:42:57.249 INFO  Minecraft: Guild > YoMadaEatingRice left. 
13:44:32.745 INFO  Minecraft: Guild > SirTappy left. 
13:44:36.116 INFO  Minecraft: Guild > SirTappy joined. 
13:47:05.903 INFO  Minecraft: Guild > LRBenito left. 
13:58:48.042 INFO  Minecraft: Guild > SirTappy left. 
13:58:50.909 INFO  Minecraft: Guild > SirTappy joined. 
13:59:57.068 INFO  Minecraft: Guild > SirTappy left. 
14:00:13.347 INFO  Minecraft:  
14:00:13.354 INFO  Minecraft: [WATCHDOG ANNOUNCEMENT] 
14:00:13.356 INFO  Minecraft: Watchdog has banned 28,213 players in the last 7 days. 
14:00:13.358 INFO  Minecraft: Staff have banned an additional 16,604 in the last 7 days. 
14:00:13.360 INFO  Minecraft: Blacklisted modifications are a bannable offense! 
14:00:13.362 INFO  Minecraft:  
14:35:07.059 INFO  Minecraft: Guild > SirTappy joined. 
14:37:15.327 INFO  Minecraft: Guild > YoMadaEatingRice joined. 
14:53:54.828 INFO  Minecraft: Guild > SirTappy left. 
14:54:00.749 INFO  Minecraft: Guild > SirTappy joined. 
15:13:28.005 INFO  Minecraft: Guild > Hercules_RB joined. 
15:14:48.927 INFO  Minecraft: Guild > Hercules_RB left. 
15:31:38.101 INFO  Minecraft: Guild > Za1bot joined. 
15:49:39.452 INFO  Minecraft: Guild > OwOPingu left. 
16:00:13.551 INFO  Minecraft:  
16:00:13.572 INFO  Minecraft: [WATCHDOG ANNOUNCEMENT] 
16:00:13.574 INFO  Minecraft: Watchdog has banned 28,181 players in the last 7 days. 
16:00:13.576 INFO  Minecraft: Staff have banned an additional 16,467 in the last 7 days. 
16:00:13.580 INFO  Minecraft: Blacklisted modifications are a bannable offense! 
16:00:13.582 INFO  Minecraft:  
16:06:50.444 INFO  Minecraft: Guild > SirTappy left. 
16:08:29.549 INFO  Minecraft: Guild > Pizzas_faces joined. 
16:21:44.005 INFO  Minecraft: [SkyBlock] [VIP+] KloonsFrog is visiting Your Island! 
16:23:03.643 INFO  Minecraft: Guild > YoMadaEatingRice left. 
16:29:22.027 INFO  Minecraft: Guild > SirTappy joined. 
16:29:30.878 INFO  Minecraft: Guild > SirTappy left. 
16:34:26.912 INFO  Minecraft: Guild > [MVP++] Pizzas_faces [M]: during 
17:35:18.428 INFO  Minecraft: Guild > Za1bot left. 
17:59:21.191 INFO  Minecraft: Guild > BamBoozledMC joined. 
18:00:14.029 INFO  Minecraft:  
18:00:14.035 INFO  Minecraft: [WATCHDOG ANNOUNCEMENT] 
18:00:14.037 INFO  Minecraft: Watchdog has banned 28,216 players in the last 7 days. 
18:00:14.039 INFO  Minecraft: Staff have banned an additional 16,352 in the last 7 days. 
18:00:14.040 INFO  Minecraft: Blacklisted modifications are a bannable offense! 
18:00:14.043 INFO  Minecraft:  
18:02:57.652 INFO  Minecraft: Guild > Pizzas_faces left. 
18:37:56.945 INFO  Minecraft: BamBoozledMC left SkyBlock. 
18:51:27.468 INFO  Minecraft: Guild > YoMadaEatingRice joined. 
19:11:22.046 INFO  Minecraft: Guild > YoMadaEatingRice left. 
19:15:33.068 INFO  Minecraft: BamBoozledMC joined SkyBlock. 
19:15:38.901 INFO  Minecraft: BamBoozledMC joined SkyBlock. 
19:45:35.965 INFO  Minecraft: Guild > YoMadaEatingRice joined. 
19:51:01.837 INFO  Minecraft: Guild > YoMadaEatingRice left. 
19:51:38.874 INFO  Minecraft: BamBoozledMC joined SkyBlock. 
19:54:40.333 INFO  Minecraft: Guild > UnknowAccount joined. 
20:00:14.119 INFO  Minecraft:  
20:00:14.144 INFO  Minecraft: [WATCHDOG ANNOUNCEMENT] 
20:00:14.145 INFO  Minecraft: Watchdog has banned 28,259 players in the last 7 days. 
20:00:14.147 INFO  Minecraft: Staff have banned an additional 16,236 in the last 7 days. 
20:00:14.149 INFO  Minecraft: Blacklisted modifications are a bannable offense! 
20:00:14.151 INFO  Minecraft:  
20:02:45.498 INFO  Minecraft:  禄 BamBoozledMC is traveling to Dungeons Hub FOLLOW 
20:02:58.418 INFO  Minecraft:  禄 BamBoozledMC is traveling to Hub FOLLOW 
20:03:11.866 INFO  Minecraft:  禄 BamBoozledMC is traveling to Private Island FOLLOW 
20:05:36.028 INFO  Minecraft: BamBoozledMC joined SkyBlock. 
20:14:42.680 INFO  Minecraft: Guild > YoMadaEatingRice joined. 
20:28:13.195 INFO  Minecraft: [SkyBlock] [VIP] YonatanGG is visiting Your Island! 
21:02:47.699 INFO  Minecraft: Guild > OLYforever joined. 
21:13:33.027 INFO  Minecraft: BamBoozledMC left SkyBlock. 
21:21:58.872 INFO  Minecraft: Guild > BamBoozledMC left. 
21:22:52.155 INFO  Minecraft: Guild > coozky joined. 
21:24:18.589 INFO  Minecraft: Guild > coozky left. 
21:36:10.179 INFO  Minecraft: Guild > [MVP+] UnknowAccount [M]: aaait gold in cactus 
21:36:12.698 INFO  Minecraft: Guild > [MVP+] UnknowAccount [M]: 8/10 crops done 
21:37:48.732 INFO  Minecraft: Guild > [MVP+] UnknowAccount [M]: hacker L 
21:37:51.988 INFO  Minecraft: Guild > [MVP+] UnknowAccount [M]: f wc 
21:37:52.776 INFO  Minecraft: Guild > [MVP+] UnknowAccount [M]: xD 
21:49:34.223 INFO  Minecraft: Guild > YoMadaEatingRice left. 
21:50:50.272 INFO  Minecraft: [Important] This server will restart soon: Scheduled Reboot 
21:50:50.280 INFO  Minecraft: You have 60 seconds to warp out! CLICK to warp now! 
21:51:48.412 INFO  Minecraft: Evacuating to Hub... 
21:51:48.428 INFO  Minecraft: Sending to server mini244R... 
21:51:48.517 INFO  Logged in. 
21:51:49.286 INFO  Minecraft:         
21:51:53.457 INFO  Minecraft: You are playing on profile: Zucchini (Co-op) 
21:51:53.560 INFO  Sending to skyblock. 
21:51:54.309 INFO  Minecraft: ALLOWANCE! You earned 50,000 coins! 
21:51:54.676 INFO  Minecraft: You are already playing SkyBlock! 
21:51:58.890 INFO  Minecraft: Warping you to your SkyBlock island... 
21:51:59.108 INFO  Minecraft: Sending to server mini596K... 
21:51:59.243 INFO  Logged in. 
21:51:59.629 INFO  Minecraft:         
21:52:03.895 INFO  Minecraft: You are playing on profile: Zucchini (Co-op) 
21:52:04.250 INFO  Sending to skyblock. 
21:52:04.509 INFO  Minecraft: You are already playing SkyBlock! 
21:52:09.556 INFO  Minecraft: You're already sitting on this island! 
21:54:18.139 INFO  Minecraft: Guild > coozky joined. 
21:55:15.152 INFO  Minecraft: Guild > coozky left. 
21:56:03.317 INFO  Minecraft: Guild > coozky joined. 
21:57:41.624 INFO  Minecraft: Guild > friendly_rook joined. 
21:59:04.773 INFO  Minecraft: Guild > coozky left. 
22:00:02.913 INFO  Minecraft: Guild > friendly_rook left. 
22:00:14.317 INFO  Minecraft:  
22:00:14.323 INFO  Minecraft: [WATCHDOG ANNOUNCEMENT] 
22:00:14.326 INFO  Minecraft: Watchdog has banned 28,212 players in the last 7 days. 
22:00:14.328 INFO  Minecraft: Staff have banned an additional 16,113 in the last 7 days. 
22:00:14.330 INFO  Minecraft: Blacklisted modifications are a bannable offense! 
22:00:14.332 INFO  Minecraft:  
22:01:52.499 INFO  Minecraft: Guild > coozky joined. 
22:02:17.904 INFO  Minecraft: Guild > OLYforever left. 
22:02:40.920 INFO  Minecraft: -----------------------------------------------------
[MVP+] Asperitam has requested to join the Guild!
Click here to accept or type /guild accept Asperitam!
-----------------------------------------------------
 
22:03:08.477 INFO  Minecraft: Guild > coozky left. 
22:08:38.999 INFO  Minecraft: [Important] This server will restart soon: Scheduled Reboot 
22:08:39.025 INFO  Minecraft: You have 60 seconds to warp out! CLICK to warp now! 
22:09:37.235 INFO  Minecraft: Evacuating to Hub... 
22:09:37.633 INFO  Minecraft: Sending to server mini155P... 
22:09:37.672 INFO  Logged in. 
22:09:38.410 INFO  Minecraft:         
22:09:42.672 INFO  Sending to skyblock. 
22:09:43.415 INFO  Minecraft: You are playing on profile: Zucchini (Co-op) 
22:09:44.869 INFO  Minecraft: You are already playing SkyBlock! 
22:09:48.005 INFO  Minecraft: Warping you to your SkyBlock island... 
22:09:48.410 INFO  Minecraft: Sending to server mini579P... 
22:09:48.536 INFO  Logged in. 
22:09:48.997 INFO  Minecraft:         
22:09:53.012 INFO  Minecraft: You are playing on profile: Zucchini (Co-op) 
22:09:53.538 INFO  Sending to skyblock. 
22:09:54.081 INFO  Minecraft: You are already playing SkyBlock! 
22:09:59.125 INFO  Minecraft: You're already sitting on this island! 
22:19:25.363 INFO  Minecraft: Guild > sommthing joined. 
22:32:37.758 INFO  Minecraft: Guild > sommthing left. 
23:04:28.653 INFO  Minecraft: Guild > FabledLivid joined. 
23:05:34.930 INFO  Minecraft: Guild > yKxshi joined. 
23:07:40.998 INFO  Minecraft: Guild > yKxshi left. 
23:08:17.111 INFO  Minecraft: Guild > yKxshi joined. 
23:09:07.965 INFO  Minecraft: Guild > FabledLivid left. 
23:14:19.344 INFO  Minecraft: Guild > yKxshi left. 
23:14:20.365 INFO  Minecraft: Guild > yKxshi joined. 
23:21:30.229 INFO  Minecraft: Guild > Hercules_RB joined. 
23:21:46.734 INFO  Minecraft: Guild > yKxshi left. 
23:21:52.908 INFO  Minecraft: Guild > yKxshi joined. 
23:27:56.070 INFO  Minecraft: Guild > Hercules_RB left. 
23:28:02.023 INFO  Minecraft: Guild > Hercules_RB joined. 
23:35:53.657 INFO  Minecraft: Guild > yKxshi left. 
23:38:09.759 INFO  Minecraft: Guild > UnknowAccount left. 

