00:31:17.859 INFO  Minecraft: Friend > IdlyChiqken left. 
00:52:58.119 INFO  Discord: [💬→︱guild-chat] Gura's Shrimp: DEAD CJAT 
00:52:58.409 INFO  Minecraft: Guild > Minikloons [LS]: Gura'sShrimp» DEAD CJAT 
00:52:59.650 INFO  Discord: [💬→︱guild-chat] Gura's Shrimp: CHAT 
00:52:59.931 INFO  Minecraft: Guild > Minikloons [LS]: Gura'sShrimp» CHAT 
00:53:00.760 INFO  Discord: [💬→︱guild-chat] Gura's Shrimp: XD 
00:53:01.001 INFO  Minecraft: Guild > Minikloons [LS]: Gura'sShrimp» XD 
01:39:16.979 INFO  Minecraft: Guild > UnknowAccount left. 
02:00:21.497 INFO  Minecraft:  
02:00:21.523 INFO  Minecraft: [WATCHDOG ANNOUNCEMENT] 
02:00:21.524 INFO  Minecraft: Watchdog has banned 35,129 players in the last 7 days. 
02:00:21.525 INFO  Minecraft: Staff have banned an additional 19,236 in the last 7 days. 
02:00:21.525 INFO  Minecraft: Blacklisted modifications are a bannable offense! 
02:00:21.526 INFO  Minecraft:  
02:35:50.610 INFO  Minecraft: Guild > UnknowAccount joined. 
04:00:21.666 INFO  Minecraft:  
04:00:21.681 INFO  Minecraft: [WATCHDOG ANNOUNCEMENT] 
04:00:21.689 INFO  Minecraft: Watchdog has banned 35,528 players in the last 7 days. 
04:00:21.690 INFO  Minecraft: Staff have banned an additional 19,305 in the last 7 days. 
04:00:21.691 INFO  Minecraft: Blacklisted modifications are a bannable offense! 
04:00:21.692 INFO  Minecraft:  
04:05:05.966 INFO  Minecraft: Guild > NucOps06 left. 
04:06:27.927 INFO  Minecraft: Guild > NucOps06 joined. 
04:11:06.054 INFO  Minecraft: Friend > SnowedSeal joined. 
04:13:44.270 INFO  Minecraft: Guild > UnknowAccount left. 
04:39:14.307 INFO  Minecraft: Guild > SirTappy joined. 
04:42:57.974 INFO  Minecraft: Guild > SirTappy left. 
04:43:02.841 INFO  Minecraft: Guild > SirTappy joined. 
04:53:45.555 INFO  Minecraft: ----------------------------------------------------- 
04:53:45.558 INFO  Minecraft: [MVP+] SirTappy left the guild! 
04:53:45.560 INFO  Minecraft: ----------------------------------------------------- 
04:53:45.815 INFO  Minecraft: Guild > Minikloons [LS]: We are sorry you had to leave, SirTappy 
05:29:11.729 INFO  Minecraft: Friend > SnowedSeal left. 
05:36:26.549 INFO  Minecraft: Guild > UnknowAccount joined. 
05:43:46.577 INFO  Minecraft: [Important] This server will restart soon: Scheduled Reboot 
05:43:46.581 INFO  Minecraft: You have 60 seconds to warp out! CLICK to warp now! 
05:44:44.657 INFO  Minecraft: Evacuating to Hub... 
05:44:44.684 INFO  Minecraft: Sending to server mini789F... 
05:44:44.924 INFO  Logged in. 
05:44:45.629 INFO  Minecraft:         
05:44:49.284 INFO  Minecraft: You are playing on profile: Zucchini (Co-op) 
05:44:49.927 INFO  Sending to skyblock. 
05:44:50.176 INFO  Minecraft: You are already playing SkyBlock! 
05:44:55.211 INFO  Minecraft: Warping you to your SkyBlock island... 
05:44:55.610 INFO  Minecraft: Sending to server mini362W... 
05:44:55.741 INFO  Logged in. 
05:44:56.123 INFO  Minecraft:         
05:44:59.102 INFO  Minecraft: You are playing on profile: Zucchini (Co-op) 
05:45:00.748 INFO  Sending to skyblock. 
05:45:01.033 INFO  Minecraft: You are already playing SkyBlock! 
05:45:06.108 INFO  Minecraft: You're already sitting on this island! 
06:00:21.847 INFO  Minecraft:  
06:00:21.851 INFO  Minecraft: [WATCHDOG ANNOUNCEMENT] 
06:00:21.851 INFO  Minecraft: Watchdog has banned 35,612 players in the last 7 days. 
06:00:21.852 INFO  Minecraft: Staff have banned an additional 19,456 in the last 7 days. 
06:00:21.853 INFO  Minecraft: Blacklisted modifications are a bannable offense! 
06:00:21.854 INFO  Minecraft:  
06:59:03.487 INFO  Discord: Logged in. 
07:07:18.754 INFO  Discord: Logged in. 
07:13:12.008 INFO  Minecraft: Guild > NucOps06 left. 
07:18:58.612 INFO  Logging in. 
07:19:00.324 INFO  Discord: Logged in. 
07:19:02.529 INFO  Logged in. 
07:19:02.676 INFO  Minecraft:                                       
07:19:02.687 INFO  Minecraft:                           
07:19:02.920 INFO  Minecraft: You found a ✰✰✰✰✰ Mystery Box! 
07:19:04.412 INFO  Minecraft: ----------------------------------------------------- 
07:19:04.414 INFO  Minecraft: Requirements are Skill Avg 23, Cata 23, and 170m net, along 
07:19:04.414 INFO  Minecraft: with 85k gexp a week! Make sure to have fun and contact 
07:19:04.415 INFO  Minecraft: OwOSeal or Smol if you have something to report, or something else to say! 
07:19:04.416 INFO  Minecraft: ----------------------------------------------------- 
07:19:07.530 INFO  Sending to skyblock. 
07:19:08.096 INFO  Minecraft: Sending to server mini20K... 
07:19:08.244 INFO  Logged in. 
07:19:08.534 INFO  Minecraft:         
07:19:11.704 INFO  Minecraft: You are playing on profile: Zucchini (Co-op) 
07:19:12.310 INFO  Minecraft:  
07:19:12.311 INFO  Minecraft: Welcome to Hypixel SkyBlock! 
07:19:12.865 INFO  Minecraft: You're already sitting on this island! 
07:19:13.259 INFO  Sending to skyblock. 
07:19:13.516 INFO  Minecraft: Cannot join SkyBlock for a moment! (Queue join in cooldown) 
07:19:18.576 INFO  Minecraft: You're already sitting on this island! 
07:41:28.410 INFO  Logging in. 
07:41:29.982 INFO  Discord: Logged in. 
07:41:31.227 INFO  Logged in. 
07:41:31.402 INFO  Minecraft:                                       
07:41:31.411 INFO  Minecraft:                           
07:41:32.522 INFO  Minecraft: ----------------------------------------------------- 
07:41:32.523 INFO  Minecraft: Requirements are Skill Avg 23, Cata 23, and 170m net, along 
07:41:32.524 INFO  Minecraft: with 85k gexp a week! Make sure to have fun and contact 
07:41:32.525 INFO  Minecraft: OwOSeal or Smol if you have something to report, or something else to say! 
07:41:32.527 INFO  Minecraft: ----------------------------------------------------- 
07:41:36.238 INFO  Sending to skyblock. 
07:41:36.756 INFO  Minecraft: Sending to server mini219R... 
07:41:36.846 INFO  Logged in. 
07:41:37.181 INFO  Minecraft:         
07:41:40.263 INFO  Minecraft: You are playing on profile: Zucchini (Co-op) 
07:41:40.899 INFO  Minecraft:  
07:41:40.901 INFO  Minecraft: Welcome to Hypixel SkyBlock! 
07:41:41.562 INFO  Minecraft: You're already sitting on this island! 
07:41:41.850 INFO  Sending to skyblock. 
07:41:42.088 INFO  Minecraft: Cannot join SkyBlock for a moment! (Queue join in cooldown) 
07:41:47.132 INFO  Minecraft: You're already sitting on this island! 
08:00:22.109 INFO  Minecraft:  
08:00:22.122 INFO  Minecraft: [WATCHDOG ANNOUNCEMENT] 
08:00:22.124 INFO  Minecraft: Watchdog has banned 35,922 players in the last 7 days. 
08:00:22.124 INFO  Minecraft: Staff have banned an additional 19,700 in the last 7 days. 
08:00:22.125 INFO  Minecraft: Blacklisted modifications are a bannable offense! 
08:00:22.126 INFO  Minecraft:  
08:12:47.703 INFO  Minecraft: Guild > NucOps06 joined. 
09:06:13.389 INFO  Minecraft: Friend > IdlyChiqken joined. 
09:20:28.869 INFO  Minecraft: [SkyBlock] [MVP++] Pokemaster14 is visiting Your Island! 
09:34:17.555 INFO  Minecraft: Friend > SnowedSeal joined. 
09:39:18.260 INFO  Minecraft: Guild > UnknowAccount left. 
09:41:29.458 INFO  Minecraft: Friend > IdlyChiqken left. 
09:41:39.342 INFO  Minecraft: Friend > IdlyChiqken joined. 
10:00:24.727 INFO  Minecraft:  
10:00:24.730 INFO  Minecraft: [WATCHDOG ANNOUNCEMENT] 
10:00:24.731 INFO  Minecraft: Watchdog has banned 36,039 players in the last 7 days. 
10:00:24.732 INFO  Minecraft: Staff have banned an additional 19,796 in the last 7 days. 
10:00:24.734 INFO  Minecraft: Blacklisted modifications are a bannable offense! 
10:00:24.736 INFO  Minecraft:  
10:16:42.234 INFO  Minecraft: Guild > NucOps06 left. 
10:17:44.282 INFO  Minecraft: Guild > NucOps06 joined. 
10:30:41.360 INFO  Minecraft: Friend > SnowedSeal left. 
10:30:46.098 INFO  Minecraft: Friend > SnowedSeal joined. 
10:36:26.545 INFO  Minecraft: Friend > SnowedSeal left. 
10:41:28.126 INFO  Minecraft: Friend > SnowedSeal joined. 
11:30:01.875 INFO  Minecraft: Friend > SnowedSeal left. 
12:00:25.007 INFO  Minecraft:  
12:00:25.010 INFO  Minecraft: [WATCHDOG ANNOUNCEMENT] 
12:00:25.011 INFO  Minecraft: Watchdog has banned 36,026 players in the last 7 days. 
12:00:25.012 INFO  Minecraft: Staff have banned an additional 19,806 in the last 7 days. 
12:00:25.013 INFO  Minecraft: Blacklisted modifications are a bannable offense! 
12:00:25.013 INFO  Minecraft:  
12:55:51.267 INFO  Minecraft: Guild > NucOps06 left. 
13:06:25.549 INFO  Minecraft: Guild > NucOps06 joined. 
13:33:13.780 INFO  Minecraft: Guild > Ludwin2 joined. 
13:36:03.682 INFO  Minecraft: Guild > Ludwin2 left. 
13:36:12.798 INFO  Minecraft: Guild > Ludwin2 joined. 
13:36:36.011 INFO  Minecraft: Guild > Ludwin2 left. 
13:48:08.060 INFO  Minecraft: [Important] This server will restart soon: Scheduled Reboot 
13:48:08.063 INFO  Minecraft: You have 60 seconds to warp out! CLICK to warp now! 
13:49:06.139 INFO  Minecraft: Evacuating to Hub... 
13:49:06.191 INFO  Minecraft: Sending to server mini287E... 
13:49:06.280 INFO  Logged in. 
13:49:06.793 INFO  Minecraft:         
13:49:10.092 INFO  Minecraft: You are playing on profile: Zucchini (Co-op) 
13:49:11.294 INFO  Sending to skyblock. 
13:49:11.536 INFO  Minecraft: You are already playing SkyBlock! 
13:49:16.598 INFO  Minecraft: Warping you to your SkyBlock island... 
13:49:16.853 INFO  Minecraft: Sending to server mini273B... 
13:49:16.974 INFO  Logged in. 
13:49:17.193 INFO  Minecraft:         
13:49:20.402 INFO  Minecraft: You are playing on profile: Zucchini (Co-op) 
13:49:21.978 INFO  Sending to skyblock. 
13:49:22.222 INFO  Minecraft: You are already playing SkyBlock! 
13:49:27.319 INFO  Minecraft: You're already sitting on this island! 
14:00:25.285 INFO  Minecraft:  
14:00:25.287 INFO  Minecraft: [WATCHDOG ANNOUNCEMENT] 
14:00:25.288 INFO  Minecraft: Watchdog has banned 36,067 players in the last 7 days. 
14:00:25.289 INFO  Minecraft: Staff have banned an additional 19,865 in the last 7 days. 
14:00:25.290 INFO  Minecraft: Blacklisted modifications are a bannable offense! 
14:00:25.291 INFO  Minecraft:  
16:00:25.517 INFO  Minecraft:  
16:00:25.526 INFO  Minecraft: [WATCHDOG ANNOUNCEMENT] 
16:00:25.526 INFO  Minecraft: Watchdog has banned 35,752 players in the last 7 days. 
16:00:25.527 INFO  Minecraft: Staff have banned an additional 19,848 in the last 7 days. 
16:00:25.529 INFO  Minecraft: Blacklisted modifications are a bannable offense! 
16:00:25.530 INFO  Minecraft:  
16:18:49.451 INFO  Minecraft: Friend > IdlyChiqken left. 
18:00:25.746 INFO  Minecraft:  
18:00:25.754 INFO  Minecraft: [WATCHDOG ANNOUNCEMENT] 
18:00:25.754 INFO  Minecraft: Watchdog has banned 35,620 players in the last 7 days. 
18:00:25.755 INFO  Minecraft: Staff have banned an additional 19,867 in the last 7 days. 
18:00:25.756 INFO  Minecraft: Blacklisted modifications are a bannable offense! 
18:00:25.757 INFO  Minecraft:  
20:00:25.956 INFO  Minecraft:  
20:00:25.965 INFO  Minecraft: [WATCHDOG ANNOUNCEMENT] 
20:00:25.966 INFO  Minecraft: Watchdog has banned 35,658 players in the last 7 days. 
20:00:25.967 INFO  Minecraft: Staff have banned an additional 19,912 in the last 7 days. 
20:00:25.967 INFO  Minecraft: Blacklisted modifications are a bannable offense! 
20:00:25.968 INFO  Minecraft:  
20:10:58.208 INFO  Minecraft: [Important] This server will restart soon: Scheduled Reboot 
20:10:58.247 INFO  Minecraft: You have 60 seconds to warp out! CLICK to warp now! 
20:11:56.356 INFO  Minecraft: Evacuating to Hub... 
20:11:56.452 INFO  Minecraft: Sending to server mini633Q... 
20:11:56.577 INFO  Logged in. 
20:11:57.035 INFO  Minecraft:         
20:12:00.279 INFO  Minecraft: You are playing on profile: Zucchini (Co-op) 
20:12:00.968 INFO  Minecraft: ALLOWANCE! You earned 50,000 coins! 
20:12:01.578 INFO  Sending to skyblock. 
20:12:01.826 INFO  Minecraft: You are already playing SkyBlock! 
20:12:06.883 INFO  Minecraft: Warping you to your SkyBlock island... 
20:12:07.092 INFO  Minecraft: Sending to server mini806F... 
20:12:07.287 INFO  Logged in. 
20:12:07.553 INFO  Minecraft:         
20:12:10.736 INFO  Minecraft: You are playing on profile: Zucchini (Co-op) 
20:12:12.297 INFO  Sending to skyblock. 
20:12:12.564 INFO  Minecraft: You are already playing SkyBlock! 
20:12:17.581 INFO  Minecraft: You're already sitting on this island! 
20:16:06.168 INFO  Minecraft: §C§LSEASON OF JERRY Mount Jerry is going to erupt in 3 days! Go to Jerry's Workshop to save the Jerrys and their Gifts! CLICK HERE to join! 
20:23:46.551 INFO  Minecraft: Guild > UnknowAccount joined. 
20:24:12.534 INFO  Minecraft: Guild > UnknowAccount left. 
20:26:39.819 INFO  Minecraft: Guild > UnknowAccount joined. 
20:36:44.199 INFO  Minecraft: §C§LSEASON OF JERRY Mount Jerry is going to erupt in 2 days! Go to Jerry's Workshop to save the Jerrys and their Gifts! CLICK HERE to join! 
20:55:32.935 INFO  Minecraft: §C§LSEASON OF JERRY Mount Jerry is going to erupt in 1 day! Go to Jerry's Workshop to save the Jerrys and their Gifts! CLICK HERE to join! 
21:16:07.485 INFO  Minecraft: §C§LSEASON OF JERRY Mount Jerry is moments away from erupting! Go to Jerry's Workshop to save the Gifts! CLICK HERE to join! 
21:22:00.602 INFO  Minecraft: Guild > NucOps06 left. 
21:27:05.933 INFO  Minecraft: Guild > NucOps06 joined. 
21:28:07.835 INFO  Minecraft: Guild > NucOps06 left. 
21:29:36.138 INFO  Minecraft: Guild > MegatornSeal joined. 
21:29:51.190 INFO  Minecraft: Guild > NucOps06 joined. 
21:31:03.264 INFO  Minecraft: Guild > NucOps06 left. 
21:47:21.540 INFO  Minecraft: Guild > NucOps06 joined. 
21:55:00.598 INFO  Minecraft: The New Year’s Celebration event is starting in 3 days! 
22:00:26.199 INFO  Minecraft:  
22:00:26.203 INFO  Minecraft: [WATCHDOG ANNOUNCEMENT] 
22:00:26.204 INFO  Minecraft: Watchdog has banned 35,743 players in the last 7 days. 
22:00:26.205 INFO  Minecraft: Staff have banned an additional 19,931 in the last 7 days. 
22:00:26.206 INFO  Minecraft: Blacklisted modifications are a bannable offense! 
22:00:26.208 INFO  Minecraft:  
22:15:00.628 INFO  Minecraft: The New Year’s Celebration event is starting in 2 days! 
22:35:02.321 INFO  Minecraft: The New Year’s Celebration event is starting in 1 day! 
22:54:43.396 INFO  Minecraft: Guild > MegatornSeal left. 
22:57:07.300 INFO  Minecraft: A Event: New Year’s Celebration! A 
22:57:07.309 INFO  Minecraft: Everyone is having a party in the Village! 
22:57:07.311 INFO  Minecraft: Go there and talk to the Baker to get your New Year's Cake! 
22:57:07.313 INFO  Minecraft:  
23:02:49.091 INFO  Minecraft:  
23:02:49.094 INFO  Minecraft: ----------------------------------------------------- 
23:02:49.096 INFO  Minecraft:  
23:02:49.097 INFO  Minecraft:                  GUILD QUEST TIER 1 COMPLETED! 
23:02:49.098 INFO  Minecraft:  
23:02:49.112 INFO  Minecraft:     The guild has completed Tier 1 of this week's Guild Quest! 
23:02:49.113 INFO  Minecraft:                          +50000 Guild Experience 
23:02:49.114 INFO  Minecraft:  
23:02:49.116 INFO  Minecraft: ----------------------------------------------------- 
23:17:07.674 INFO  Minecraft: A Event: New Year’s Celebration! A 
23:17:07.735 INFO  Minecraft: Everyone is having a party in the Village! 
23:17:07.819 INFO  Minecraft: Go there and talk to the Baker to get your New Year's Cake! 
23:17:07.886 INFO  Minecraft:  
23:34:45.996 INFO  Minecraft: Guild > UnknowAccount left. 
23:37:06.677 INFO  Minecraft: A Event: New Year’s Celebration! A 
23:37:06.680 INFO  Minecraft: Everyone is having a party in the Village! 
23:37:06.682 INFO  Minecraft: Go there and talk to the Baker to get your New Year's Cake! 
23:37:06.683 INFO  Minecraft:  
00:00:26.452 INFO  Minecraft:  
00:00:26.471 INFO  Minecraft: [WATCHDOG ANNOUNCEMENT] 
00:00:26.473 INFO  Minecraft: Watchdog has banned 35,688 players in the last 7 days. 
00:00:26.474 INFO  Minecraft: Staff have banned an additional 19,905 in the last 7 days. 
00:00:26.475 INFO  Minecraft: Blacklisted modifications are a bannable offense! 
00:00:26.476 INFO  Minecraft:  

