01:02:55.508 INFO  Minecraft: ----------------------------------------------------- 
01:02:55.523 INFO  Minecraft: You have just received 278,294 coins as interest in your co-op bank account! 
01:02:55.524 INFO  Minecraft: ----------------------------------------------------- 
01:03:23.103 INFO  Minecraft: The Traveling Zoo is visiting the SkyBlock Hub! 
01:03:23.106 INFO  Minecraft: CLICK HERE to shop for exotic pets! 
01:07:28.158 INFO  Minecraft: [Important] This server will restart soon: Scheduled Reboot 
01:07:28.199 INFO  Minecraft: You have 60 seconds to warp out! CLICK to warp now! 
01:08:26.591 INFO  Minecraft: Evacuating to Hub... 
01:08:27.122 INFO  Minecraft: Sending to server mini304V... 
01:08:27.215 INFO  Logged in. 
01:08:28.475 INFO  Minecraft:         
01:08:32.216 INFO  Sending to skyblock. 
01:08:35.057 INFO  Minecraft:  ☠ Lewka2003 was killed by Golden Ghoul. 
01:08:36.790 INFO  Minecraft: You are playing on profile: Zucchini (Co-op) 
01:08:37.219 INFO  Minecraft: You are already playing SkyBlock! 
01:08:37.265 INFO  Minecraft: Oringo brought exotic pets for sale near the Colosseum! 
01:08:37.661 INFO  Minecraft: Warping you to your SkyBlock island... 
01:08:37.903 INFO  Minecraft: Sending to server mini980N... 
01:08:38.042 INFO  Logged in. 
01:08:38.295 INFO  Minecraft:         
01:08:41.389 INFO  Minecraft: You are playing on profile: Zucchini (Co-op) 
01:08:43.046 INFO  Sending to skyblock. 
01:08:43.392 INFO  Minecraft: You are already playing SkyBlock! 
01:08:48.460 INFO  Minecraft: You're already sitting on this island! 
02:00:12.815 INFO  Minecraft:  
02:00:12.841 INFO  Minecraft: [WATCHDOG ANNOUNCEMENT] 
02:00:12.842 INFO  Minecraft: Watchdog has banned 38,627 players in the last 7 days. 
02:00:12.843 INFO  Minecraft: Staff have banned an additional 13,632 in the last 7 days. 
02:00:12.843 INFO  Minecraft: Blacklisted modifications are a bannable offense! 
02:00:12.844 INFO  Minecraft:  
02:29:11.554 INFO  Minecraft: -----------------------------------------------------
[MVP+] Skruschat has requested to join the Guild!
Click here to accept or type /guild accept Skruschat!
-----------------------------------------------------
 
04:00:12.940 INFO  Minecraft:  
04:00:12.956 INFO  Minecraft: [WATCHDOG ANNOUNCEMENT] 
04:00:12.956 INFO  Minecraft: Watchdog has banned 38,636 players in the last 7 days. 
04:00:12.957 INFO  Minecraft: Staff have banned an additional 13,570 in the last 7 days. 
04:00:12.958 INFO  Minecraft: Blacklisted modifications are a bannable offense! 
04:00:12.959 INFO  Minecraft:  
04:37:19.582 INFO  Minecraft: Guild > FearTheVillain3 joined. 
05:12:46.265 INFO  Minecraft: Guild > FearTheVillain3 left. 
05:29:47.172 INFO  Minecraft: [Important] This server will restart soon: For a game update 
05:29:47.196 INFO  Minecraft: You have 30 seconds to warp out! CLICK to warp now! 
05:30:15.231 INFO  Minecraft: Evacuating to Hub... 
05:30:15.378 INFO  Minecraft: Sending to server mini215R... 
05:30:15.540 INFO  Logged in. 
05:30:16.305 INFO  Minecraft:         
05:30:19.721 INFO  Minecraft: You are playing on profile: Zucchini (Co-op) 
05:30:20.542 INFO  Sending to skyblock. 
05:30:20.803 INFO  Minecraft: You are already playing SkyBlock! 
05:30:25.855 INFO  Minecraft: Warping you to your SkyBlock island... 
05:30:26.752 INFO  Minecraft: Sending to server mini535T... 
05:30:27.330 INFO  Logged in. 
05:30:29.074 INFO  Minecraft:         
05:30:32.337 INFO  Sending to skyblock. 
05:30:32.595 INFO  Minecraft: You are already playing SkyBlock! 
05:30:35.560 INFO  Minecraft: You are playing on profile: Zucchini (Co-op) 
05:30:37.661 INFO  Minecraft: You're already sitting on this island! 
05:47:11.104 INFO  Minecraft: You are being transferred to the HUB for being AFK! 
05:47:11.316 INFO  Minecraft: Sending to server mini556C... 
05:47:11.389 INFO  Logged in. 
05:47:11.801 INFO  Minecraft:         
05:47:14.846 INFO  Minecraft: You are playing on profile: Zucchini (Co-op) 
05:47:16.393 INFO  Sending to skyblock. 
05:47:16.646 INFO  Minecraft: You are already playing SkyBlock! 
05:47:19.395 INFO  Minecraft: Kay2y: buy my fierce young boots for 200k 
05:47:21.712 INFO  Minecraft: Warping you to your SkyBlock island... 
05:47:21.919 INFO  Minecraft: Sending to server mini521W... 
05:47:22.068 INFO  Logged in. 
05:47:22.419 INFO  Minecraft:         
05:47:25.465 INFO  Minecraft: You are playing on profile: Zucchini (Co-op) 
05:47:27.069 INFO  Sending to skyblock. 
05:47:27.315 INFO  Minecraft: You are already playing SkyBlock! 
05:47:32.398 INFO  Minecraft: You're already sitting on this island! 
06:00:14.251 INFO  Minecraft:  
06:00:14.254 INFO  Minecraft: [WATCHDOG ANNOUNCEMENT] 
06:00:14.255 INFO  Minecraft: Watchdog has banned 38,787 players in the last 7 days. 
06:00:14.256 INFO  Minecraft: Staff have banned an additional 13,685 in the last 7 days. 
06:00:14.256 INFO  Minecraft: Blacklisted modifications are a bannable offense! 
06:00:14.257 INFO  Minecraft:  
07:18:37.546 INFO  Minecraft: Guild > FearTheVillain3 joined. 
07:20:17.555 INFO  Minecraft: Guild > FearTheVillain3 left. 
08:00:14.478 INFO  Minecraft:  
08:00:14.509 INFO  Minecraft: [WATCHDOG ANNOUNCEMENT] 
08:00:14.510 INFO  Minecraft: Watchdog has banned 38,794 players in the last 7 days. 
08:00:14.510 INFO  Minecraft: Staff have banned an additional 13,855 in the last 7 days. 
08:00:14.511 INFO  Minecraft: Blacklisted modifications are a bannable offense! 
08:00:14.512 INFO  Minecraft:  
08:01:05.058 INFO  Minecraft: Friend > SnowedSeal joined. 
08:51:44.293 INFO  Minecraft: Guild > OwOWolfs joined. 
08:51:54.223 INFO  Minecraft: Guild > OwOWolfs left. 
09:13:47.477 INFO  Minecraft: Guild > LionyLev joined. 
09:17:42.505 INFO  Minecraft: Guild > LionyLev left. 
09:17:46.387 INFO  Minecraft: Guild > LionyLev joined. 
09:17:57.593 INFO  Minecraft: Guild > LionyLev left. 
09:19:07.704 INFO  Minecraft: Guild > LionyLev joined. 
09:51:45.254 INFO  Minecraft: Guild > LionyLev left. 
10:00:14.678 INFO  Minecraft:  
10:00:14.710 INFO  Minecraft: [WATCHDOG ANNOUNCEMENT] 
10:00:14.712 INFO  Minecraft: Watchdog has banned 38,725 players in the last 7 days. 
10:00:14.712 INFO  Minecraft: Staff have banned an additional 13,912 in the last 7 days. 
10:00:14.713 INFO  Minecraft: Blacklisted modifications are a bannable offense! 
10:00:14.714 INFO  Minecraft:  
10:50:35.979 INFO  Discord: [💬→︱guild-chat] LS | SnowedSeal: f 
10:50:36.288 INFO  Minecraft: Guild > Minikloons [LS]: LS| SnowedSeal» f 
10:54:26.588 INFO  Minecraft: Guild > FearTheVillain3 joined. 
10:59:09.063 INFO  Minecraft: Friend > SnowedSeal left. 
11:29:01.282 INFO  Minecraft: Guild > FearTheVillain3 left. 
11:36:48.479 INFO  Minecraft: Guild > FearTheVillain3 joined. 
11:49:14.107 INFO  Minecraft: Guild > FearTheVillain3 left. 
12:00:14.944 INFO  Minecraft:  
12:00:14.946 INFO  Minecraft: [WATCHDOG ANNOUNCEMENT] 
12:00:14.947 INFO  Minecraft: Watchdog has banned 38,592 players in the last 7 days. 
12:00:14.947 INFO  Minecraft: Staff have banned an additional 13,863 in the last 7 days. 
12:00:14.948 INFO  Minecraft: Blacklisted modifications are a bannable offense! 
12:00:14.949 INFO  Minecraft:  
14:00:15.190 INFO  Minecraft:  
14:00:15.205 INFO  Minecraft: [WATCHDOG ANNOUNCEMENT] 
14:00:15.205 INFO  Minecraft: Watchdog has banned 38,596 players in the last 7 days. 
14:00:15.206 INFO  Minecraft: Staff have banned an additional 13,825 in the last 7 days. 
14:00:15.207 INFO  Minecraft: Blacklisted modifications are a bannable offense! 
14:00:15.207 INFO  Minecraft:  
14:54:49.082 INFO  Logging in. 
14:54:50.849 INFO  Discord: Logged in. 
14:54:51.296 INFO  Logged in. 
14:54:51.493 INFO  Minecraft:                                       
14:54:51.501 INFO  Minecraft:                           
14:54:51.517 INFO  Minecraft: ----------------------------------------------------- 
14:54:51.517 INFO  Minecraft: Requirements are Skill Avg 23, Cata 23, and 170m net, along 
14:54:51.518 INFO  Minecraft: with 85k gexp a week! Make sure to have fun and contact 
14:54:51.518 INFO  Minecraft: OwOSeal or Smol if you have something to report, or something else to say! 
14:54:51.518 INFO  Minecraft: ----------------------------------------------------- 
14:54:51.674 INFO  Minecraft: You found a ✰✰✰✰✰ Mystery Box! 
14:54:56.303 INFO  Sending to skyblock. 
14:54:56.692 INFO  Minecraft: Sending to server mini259P... 
14:54:56.802 INFO  Logged in. 
14:54:57.047 INFO  Minecraft:         
14:55:00.236 INFO  Minecraft: You are playing on profile: Zucchini (Co-op) 
14:55:00.874 INFO  Minecraft:  
14:55:00.875 INFO  Minecraft: Welcome to Hypixel SkyBlock! 
14:55:01.759 INFO  Minecraft: You're already sitting on this island! 
14:55:01.762 INFO  Minecraft: ALLOWANCE! You earned 50,000 coins! 
14:55:01.806 INFO  Sending to skyblock. 
14:55:02.146 INFO  Minecraft: Cannot join SkyBlock for a moment! (Queue join in cooldown) 
14:55:07.106 INFO  Minecraft: You're already sitting on this island! 
16:07:03.153 INFO  Minecraft:  
16:07:06.267 INFO  Logging in. 
16:07:08.516 INFO  Discord: Logged in. 
16:07:10.176 INFO  Logged in. 
16:07:10.386 INFO  Minecraft:                                       
16:07:10.394 INFO  Minecraft:                           
16:07:10.776 INFO  Minecraft: You found a ✰✰✰✰✰ Mystery Box! 
16:07:11.166 INFO  Minecraft: ----------------------------------------------------- 
16:07:11.168 INFO  Minecraft: Requirements are Skill Avg 23, Cata 23, and 170m net, along 
16:07:11.169 INFO  Minecraft: with 85k gexp a week! Make sure to have fun and contact 
16:07:11.171 INFO  Minecraft: OwOSeal or Smol if you have something to report, or something else to say! 
16:07:11.171 INFO  Minecraft: ----------------------------------------------------- 
16:07:12.792 INFO  Minecraft: [MVP+] Truemoomilk joined the lobby! 
16:07:12.794 INFO  Sending to skyblock. 
16:07:13.113 INFO  Minecraft: [MVP+] N3XA joined the lobby! 
16:07:13.115 INFO  Sending to skyblock. 
16:07:13.404 INFO  Minecraft: Please don't spam the command! 
16:07:13.908 INFO  Minecraft: Sending to server mini609D... 
16:07:14.061 INFO  Logged in. 
16:07:14.285 INFO  Minecraft:         
16:07:15.176 INFO  Sending to skyblock. 
16:07:16.001 INFO  Minecraft: You're already sitting on this island! 
16:07:16.179 INFO  Minecraft: You're already sitting on this island! 
16:07:16.194 INFO  Minecraft: Please don't spam the command! 
16:07:17.377 INFO  Minecraft: You are playing on profile: Zucchini (Co-op) 
16:07:17.978 INFO  Minecraft:  
16:07:17.980 INFO  Minecraft: Welcome to Hypixel SkyBlock! 
16:07:19.065 INFO  Sending to skyblock. 
16:07:19.374 INFO  Minecraft: Cannot join SkyBlock for a moment! (Queue join in cooldown) 
16:07:20.587 INFO  Minecraft: You're already sitting on this island! 
16:07:24.668 INFO  Minecraft: You're already sitting on this island! 
16:08:50.503 INFO  Logging in. 
16:08:52.685 INFO  Discord: Logged in. 
16:08:54.277 INFO  Logged in. 
16:08:54.489 INFO  Minecraft:                                       
16:08:54.497 INFO  Minecraft:                           
16:08:55.196 INFO  Minecraft: ----------------------------------------------------- 
16:08:55.198 INFO  Minecraft: Requirements are Skill Avg 23, Cata 23, and 170m net, along 
16:08:55.199 INFO  Minecraft: with 85k gexp a week! Make sure to have fun and contact 
16:08:55.200 INFO  Minecraft: OwOSeal or Smol if you have something to report, or something else to say! 
16:08:55.200 INFO  Minecraft: ----------------------------------------------------- 
16:08:59.288 INFO  Sending to skyblock. 
16:08:59.768 INFO  Minecraft: Sending to server mini658R... 
16:08:59.964 INFO  Logged in. 
16:09:00.223 INFO  Minecraft:         
16:09:03.707 INFO  Minecraft: You are playing on profile: Zucchini (Co-op) 
16:09:04.001 INFO  Minecraft:  
16:09:04.026 INFO  Minecraft: Welcome to Hypixel SkyBlock! 
16:09:04.737 INFO  Minecraft: You're already sitting on this island! 
16:09:04.972 INFO  Sending to skyblock. 
16:09:05.287 INFO  Minecraft: Cannot join SkyBlock for a moment! (Queue join in cooldown) 
16:09:10.383 INFO  Minecraft: You're already sitting on this island! 
16:12:56.753 INFO  Logging in. 
16:12:59.409 INFO  Discord: Logged in. 
16:13:00.530 INFO  Logged in. 
16:13:00.773 INFO  Minecraft:                                       
16:13:00.781 INFO  Minecraft:                           
16:13:01.320 INFO  Minecraft: ----------------------------------------------------- 
16:13:01.322 INFO  Minecraft: Requirements are Skill Avg 23, Cata 23, and 170m net, along 
16:13:01.323 INFO  Minecraft: with 85k gexp a week! Make sure to have fun and contact 
16:13:01.324 INFO  Minecraft: OwOSeal or Smol if you have something to report, or something else to say! 
16:13:01.324 INFO  Minecraft: ----------------------------------------------------- 
16:13:05.531 INFO  Sending to skyblock. 
16:13:06.039 INFO  Minecraft: Sending to server mini755D... 
16:13:06.350 INFO  Logged in. 
16:13:06.513 INFO  Minecraft:         
16:13:10.734 INFO  Minecraft: You are playing on profile: Zucchini (Co-op) 
16:13:10.739 INFO  Minecraft:  
16:13:10.739 INFO  Minecraft: Welcome to Hypixel SkyBlock! 
16:13:10.909 INFO  Minecraft: You're already sitting on this island! 
16:13:11.360 INFO  Sending to skyblock. 
16:13:11.667 INFO  Minecraft: Cannot join SkyBlock for a moment! (Queue join in cooldown) 
16:13:16.783 INFO  Minecraft: You're already sitting on this island! 
16:13:49.083 INFO  Logging in. 
16:13:51.014 INFO  Discord: Logged in. 
16:13:52.145 INFO  Logged in. 
16:13:52.297 INFO  Minecraft:                                       
16:13:52.313 INFO  Minecraft:                           
16:13:53.148 INFO  Minecraft: ----------------------------------------------------- 
16:13:53.152 INFO  Minecraft: Requirements are Skill Avg 23, Cata 23, and 170m net, along 
16:13:53.153 INFO  Minecraft: with 85k gexp a week! Make sure to have fun and contact 
16:13:53.154 INFO  Minecraft: OwOSeal or Smol if you have something to report, or something else to say! 
16:13:53.155 INFO  Minecraft: ----------------------------------------------------- 
16:13:54.900 INFO  Minecraft: JayBoyGaming13 found a ✰✰✰✰✰ Mystery Box! 
16:13:57.148 INFO  Sending to skyblock. 
16:13:57.643 INFO  Minecraft: Sending to server mini773Q... 
16:13:57.742 INFO  Logged in. 
16:13:58.039 INFO  Minecraft:         
16:14:01.225 INFO  Minecraft: You are playing on profile: Zucchini (Co-op) 
16:14:01.791 INFO  Minecraft:  
16:14:01.793 INFO  Minecraft: Welcome to Hypixel SkyBlock! 
16:14:02.532 INFO  Minecraft: You're already sitting on this island! 
16:14:02.748 INFO  Sending to skyblock. 
16:14:03.115 INFO  Minecraft: Cannot join SkyBlock for a moment! (Queue join in cooldown) 
16:14:08.145 INFO  Minecraft: You're already sitting on this island! 
16:17:23.991 INFO  Logging in. 
16:17:27.033 INFO  Discord: Logged in. 
16:17:27.263 INFO  Logged in. 
16:17:27.470 INFO  Minecraft:                                       
16:17:27.479 INFO  Minecraft:                           
16:17:28.400 INFO  Minecraft: ----------------------------------------------------- 
16:17:28.401 INFO  Minecraft: Requirements are Skill Avg 23, Cata 23, and 170m net, along 
16:17:28.402 INFO  Minecraft: with 85k gexp a week! Make sure to have fun and contact 
16:17:28.404 INFO  Minecraft: OwOSeal or Smol if you have something to report, or something else to say! 
16:17:28.404 INFO  Minecraft: ----------------------------------------------------- 
16:17:32.263 INFO  Sending to skyblock. 
16:17:32.762 INFO  Minecraft: Sending to server mini402P... 
16:17:32.877 INFO  Logged in. 
16:17:33.131 INFO  Minecraft:         
16:17:36.277 INFO  Minecraft: You are playing on profile: Zucchini (Co-op) 
16:17:36.949 INFO  Minecraft:  
16:17:36.952 INFO  Minecraft: Welcome to Hypixel SkyBlock! 
16:17:37.617 INFO  Minecraft: You're already sitting on this island! 
16:17:37.890 INFO  Sending to skyblock. 
16:17:38.196 INFO  Minecraft: Cannot join SkyBlock for a moment! (Queue join in cooldown) 
16:17:43.217 INFO  Minecraft: You're already sitting on this island! 
16:55:55.512 INFO  Logging in. 
16:55:56.983 INFO  Discord: Logged in. 
16:55:58.301 INFO  Logged in. 
16:55:58.516 INFO  Minecraft:                                       
16:55:58.527 INFO  Minecraft:                           
16:55:59.288 INFO  Minecraft: ----------------------------------------------------- 
16:55:59.289 INFO  Minecraft: Requirements are Skill Avg 23, Cata 23, and 170m net, along 
16:55:59.599 INFO  Minecraft: with 85k gexp a week! Make sure to have fun and contact 
16:55:59.601 INFO  Minecraft: OwOSeal or Smol if you have something to report, or something else to say! 
16:55:59.602 INFO  Minecraft: ----------------------------------------------------- 
16:56:01.192 INFO  Minecraft: [MVP+] IRightClickedU joined the lobby! 
16:56:01.195 INFO  Sending to skyblock. 
16:56:01.646 INFO  Minecraft: Sending to server mini809V... 
16:56:01.736 INFO  Logged in. 
16:56:02.006 INFO  Minecraft:         
16:56:03.304 INFO  Sending to skyblock. 
16:56:03.507 INFO  Minecraft: You're already sitting on this island! 
16:56:03.552 INFO  Minecraft: Please don't spam the command! 
16:56:05.150 INFO  Minecraft: You are playing on profile: Zucchini (Co-op) 
16:56:07.286 INFO  Logging in. 
16:56:08.669 INFO  Discord: Logged in. 
16:56:10.186 INFO  Logged in. 
16:56:10.332 INFO  Minecraft:                                       
16:56:10.348 INFO  Minecraft:                           
16:56:12.841 INFO  Minecraft: ----------------------------------------------------- 
16:56:12.848 INFO  Minecraft: Requirements are Skill Avg 23, Cata 23, and 170m net, along 
16:56:12.851 INFO  Minecraft: with 85k gexp a week! Make sure to have fun and contact 
16:56:12.853 INFO  Minecraft: OwOSeal or Smol if you have something to report, or something else to say! 
16:56:12.856 INFO  Minecraft: ----------------------------------------------------- 
16:56:15.198 INFO  Sending to skyblock. 
16:56:15.503 INFO  Minecraft: There was a problem joining SkyBlock, try again in a moment! 
16:56:15.505 INFO  Minecraft: Oops! Couldn't find a SkyBlock server for you! Try again later! 
16:56:20.515 INFO  Minecraft: Unknown command. Type "/help" for help. 
16:56:50.241 INFO  Minecraft: [MVP+] OF_Spongy joined the lobby! 
16:56:50.243 INFO  Sending to skyblock. 
16:56:50.631 INFO  Minecraft: Sending to server mini598N... 
16:56:50.739 INFO  Logged in. 
16:56:51.002 INFO  Minecraft:         
16:56:52.556 INFO  Minecraft: You're already sitting on this island! 
16:56:54.979 INFO  Minecraft: You are playing on profile: Zucchini (Co-op) 
16:56:55.048 INFO  Minecraft:  
16:56:55.050 INFO  Minecraft: Welcome to Hypixel SkyBlock! 
16:56:55.741 INFO  Sending to skyblock. 
16:56:55.985 INFO  Minecraft: Cannot join SkyBlock for a moment! (Queue join in cooldown) 
16:57:01.049 INFO  Minecraft: You're already sitting on this island! 
17:01:40.703 INFO  Logging in. 
17:01:42.188 INFO  Discord: Logged in. 
17:01:43.056 INFO  Logged in. 
17:01:43.273 INFO  Minecraft:                                       
17:01:43.286 INFO  Minecraft:                           
17:01:43.397 INFO  Minecraft: You found a ✰✰✰✰✰ Mystery Box! 
17:01:44.479 INFO  Minecraft: ----------------------------------------------------- 
17:01:44.481 INFO  Minecraft: Requirements are Skill Avg 23, Cata 23, and 170m net, along 
17:01:44.482 INFO  Minecraft: with 85k gexp a week! Make sure to have fun and contact 
17:01:44.483 INFO  Minecraft: OwOSeal or Smol if you have something to report, or something else to say! 
17:01:44.484 INFO  Minecraft: ----------------------------------------------------- 
17:01:48.062 INFO  Sending to skyblock. 
17:01:48.615 INFO  Minecraft: Sending to server mini292V... 
17:01:48.800 INFO  Logged in. 
17:01:49.205 INFO  Minecraft:         
17:01:52.193 INFO  Minecraft: You are playing on profile: Zucchini (Co-op) 
17:01:52.803 INFO  Minecraft:  
17:01:52.805 INFO  Minecraft: Welcome to Hypixel SkyBlock! 
17:01:53.349 INFO  Minecraft: You're already sitting on this island! 
17:01:53.810 INFO  Sending to skyblock. 
17:01:54.091 INFO  Minecraft: Cannot join SkyBlock for a moment! (Queue join in cooldown) 
17:01:59.125 INFO  Minecraft: You're already sitting on this island! 
17:02:35.849 INFO  Logging in. 
17:02:37.254 INFO  Discord: Logged in. 
17:02:38.678 INFO  Logged in. 
17:02:38.905 INFO  Minecraft:                                       
17:02:38.914 INFO  Minecraft:                           
17:02:39.555 INFO  Minecraft: ----------------------------------------------------- 
17:02:39.557 INFO  Minecraft: Requirements are Skill Avg 23, Cata 23, and 170m net, along 
17:02:39.557 INFO  Minecraft: with 85k gexp a week! Make sure to have fun and contact 
17:02:39.558 INFO  Minecraft: OwOSeal or Smol if you have something to report, or something else to say! 
17:02:39.559 INFO  Minecraft: ----------------------------------------------------- 
17:02:43.686 INFO  Sending to skyblock. 
17:02:44.169 INFO  Minecraft: Sending to server mini867F... 
17:02:44.297 INFO  Logged in. 
17:02:44.568 INFO  Minecraft:         
17:02:47.800 INFO  Minecraft: You are playing on profile: Zucchini (Co-op) 
17:02:48.384 INFO  Minecraft:  
17:02:48.386 INFO  Minecraft: Welcome to Hypixel SkyBlock! 
17:02:49.013 INFO  Minecraft: You're already sitting on this island! 
17:02:49.297 INFO  Sending to skyblock. 
17:02:49.548 INFO  Minecraft: Cannot join SkyBlock for a moment! (Queue join in cooldown) 
17:02:54.634 INFO  Minecraft: You're already sitting on this island! 
18:00:16.024 INFO  Minecraft:  
18:00:16.038 INFO  Minecraft: [WATCHDOG ANNOUNCEMENT] 
18:00:16.040 INFO  Minecraft: Watchdog has banned 38,641 players in the last 7 days. 
18:00:16.040 INFO  Minecraft: Staff have banned an additional 13,832 in the last 7 days. 
18:00:16.041 INFO  Minecraft: Blacklisted modifications are a bannable offense! 
18:00:16.042 INFO  Minecraft:  
18:00:51.839 INFO  Minecraft: Friend > IdlyChiqken joined. 
18:12:53.995 INFO  Minecraft: Friend > IdlyChiqken left. 
