00:06:19.695 INFO  Minecraft: Guild > [MVP+] sommthing [M]: whats the best bow rune 
00:06:24.311 INFO  Minecraft: Guild > [MVP+] sommthing [M]: besides the end rune 
00:08:06.187 INFO  Minecraft: Guild > DeformedSeal joined. 
00:14:25.573 INFO  Minecraft: Guild > FabledLivid joined. 
00:14:57.892 INFO  Minecraft: Guild > [MVP+] sommthing [M]: fabled i need like 1.5m more then ill do f7's 
00:15:03.513 INFO  Minecraft: Guild > [VIP] FabledLivid [M]: k 
00:16:36.000 INFO  Minecraft: Guild > [MVP+] TimothyPlays57 [M]: I have an afk nw farm pog 
00:18:37.767 INFO  Minecraft: Guild > 4717 left. 
00:19:35.777 INFO  Minecraft: Guild > 4717 joined. 
00:19:52.929 INFO  Minecraft: Guild > [VIP] FabledLivid [M]: sommthing 
00:19:57.826 INFO  Minecraft: Guild > [VIP] FabledLivid [M]: u can frag run? 
00:20:07.969 INFO  Minecraft: Guild > [VIP] FabledLivid [M]: i cant even solo f6.. 
00:22:15.574 INFO  Minecraft: Guild > [VIP] FabledLivid [M]: .- 
00:22:42.388 INFO  Minecraft: Guild > 4717 left. 
00:22:52.836 INFO  Minecraft: Guild > [VIP] FabledLivid [M]: ... 
00:23:21.525 INFO  Minecraft: Guild > [VIP] FabledLivid [M]: OH GODD 
00:23:25.430 INFO  Minecraft: Guild > [VIP] FabledLivid [M]: i lagged 
00:23:29.822 INFO  Minecraft: Guild > [VIP] FabledLivid [M]: i thought i duped coins 
00:23:41.986 INFO  Minecraft: Guild > [MVP+] TimothyPlays57 [M]: lmao 
00:23:43.574 INFO  Minecraft: Guild > 4717 joined. 
00:23:49.556 INFO  Minecraft: Guild > [VIP] FabledLivid [M]: BRO itS not funyy 
00:23:53.744 INFO  Minecraft: Guild > [MVP+] TimothyPlays57 [M]: fabled do u think I should afk nw for awhile 
00:23:57.957 INFO  Minecraft: Guild > [VIP] FabledLivid [M]: wdym 
00:24:05.577 INFO  Minecraft: Guild > [VIP] FabledLivid [M]: how do you 'afk' nw 
00:24:06.185 INFO  Minecraft: Guild > [MVP+] TimothyPlays57 [M]: I have a afk nw farm 
00:24:14.986 INFO  Minecraft: Guild > [VIP] FabledLivid [M]: i mean 
00:24:17.846 INFO  Minecraft: Guild > DeformedSeal left. 
00:24:18.105 INFO  Minecraft: Guild > [VIP] FabledLivid [M]: if u have time sure 
00:24:18.193 INFO  Minecraft: Guild > [MVP+] TimothyPlays57 [M]: I have to press down 3 buttons 
00:24:26.091 INFO  Minecraft: Guild > [MVP+] TimothyPlays57 [M]: so kinda not kinda so 
00:24:38.848 INFO  Minecraft: Guild > [MVP+] TimothyPlays57 [M]: I changed my keybinds and hold w d and space 
00:24:50.809 INFO  Minecraft: Guild > [MVP+] TimothyPlays57 [M]: and so I have a free hand 
00:25:14.293 INFO  Minecraft: Guild > [VIP] FabledLivid [M]: sure ig 
00:25:17.910 INFO  Minecraft: Guild > FabledLivid left. 
00:27:18.494 INFO  Minecraft: Guild > [MVP+] sommthing [M]: why did they get kicked 
00:27:20.443 INFO  Minecraft: Guild > [MVP+] sommthing [M]: wc 
00:39:25.264 INFO  Minecraft: Guild > TheStachelfisch joined. 
00:40:08.871 INFO  Minecraft: Guild > [MVP+] sommthing [M]: i one tapped a sa with a juju 
00:40:10.205 INFO  Minecraft: Guild > [MVP+] sommthing [M]: somehow 
00:40:11.953 INFO  Minecraft: Guild > [MVP+] sommthing [M]: on f6 
00:41:11.202 INFO  Minecraft: Guild > Hercules_RB left. 
00:45:02.758 INFO  Minecraft: Guild > TheStachelfisch left. 
00:45:25.888 INFO  Minecraft: Guild > [MVP+] sommthing [M]: bro i one tap the blood room mobs 
00:45:29.972 INFO  Minecraft: Guild > [MVP+] sommthing [M]: juju is op 
00:45:36.044 INFO  Discord: [💬→︱guild-chat] Admin | Loudbook: AkjbvJsfKASFJA:SfnbkjsbfLAKF 
00:45:36.789 INFO  Minecraft: Guild > Minikloons [LS]: Admin| Loudbook» AkjbvJsfKASFJA:SfnbkjsbfLAKF 
00:45:43.786 INFO  Discord: [💬→︱guild-chat] Admin | Loudbook: Sry just getting out my anger 
00:45:44.036 INFO  Minecraft: Guild > Minikloons [LS]: Admin| Loudbook» Sry just getting out my anger 
00:47:20.192 INFO  Minecraft: Guild > [MVP+] TimothyPlays57 [M]: hey what essance is needed for juju shortbow? 
00:47:26.828 INFO  Minecraft: Guild > [MVP+] sommthing [M]: dragon 
00:47:32.288 INFO  Minecraft: Guild > [MVP+] TimothyPlays57 [M]: thats amazing 
00:47:34.826 INFO  Minecraft: Guild > [MVP+] sommthing [M]: idk why tho 
00:47:40.128 INFO  Minecraft: Guild > [MVP+] TimothyPlays57 [M]: bc its from the end 
00:47:41.834 INFO  Minecraft: Guild > [MVP+] TimothyPlays57 [M]: ... 
00:48:08.927 INFO  Minecraft: Guild > [MVP+] TimothyPlays57 [M]: why wouldnt it be, its legit from the place where dragons are 
00:48:19.052 INFO  Minecraft: Guild > [MVP+] TimothyPlays57 [M]: unless its wither but ya know 
00:49:57.120 INFO  Minecraft: Guild > 4717 left. 
00:50:03.219 INFO  Minecraft: Guild > 4717 joined. 
01:03:04.412 INFO  Minecraft: Friend > R4M11_KN0 joined. 
01:14:24.970 INFO  Minecraft: Guild > ClovenBob joined. 
01:18:07.769 INFO  Minecraft: Guild > gogyxdash left. 
01:18:11.383 INFO  Minecraft: Guild > gogyxdash joined. 
01:19:33.134 INFO  Minecraft: Guild > coozky joined. 
01:28:34.196 INFO  Minecraft: Guild > FabledLivid joined. 
01:30:04.288 INFO  Minecraft: [Important] This server will restart soon: Scheduled Reboot 
01:30:04.311 INFO  Minecraft: You have 60 seconds to warp out! CLICK to warp now! 
01:30:17.392 INFO  Minecraft: Guild > [VIP] FabledLivid [M]: i have aots pog 
01:31:04.335 INFO  Minecraft: Evacuating to Hub... 
01:31:04.416 INFO  Minecraft: Sending to server mini362G... 
01:31:04.577 INFO  Logged in. 
01:31:05.550 INFO  Minecraft:         
01:31:09.578 INFO  Sending to skyblock. 
01:31:10.857 INFO  Minecraft: You are playing on profile: Zucchini (Co-op) 
01:31:12.386 INFO  Minecraft: You are already playing SkyBlock! 
01:31:15.349 INFO  Minecraft: Warping you to your SkyBlock island... 
01:31:15.375 INFO  Minecraft: Sending to server mini974M... 
01:31:15.437 INFO  Logged in. 
01:31:16.134 INFO  Minecraft:         
01:31:20.430 INFO  Sending to skyblock. 
01:31:21.034 INFO  Minecraft: You are playing on profile: Zucchini (Co-op) 
01:31:21.440 INFO  Minecraft: You are already playing SkyBlock! 
01:31:25.747 INFO  Minecraft: You're already sitting on this island! 
01:33:39.728 INFO  Minecraft: Guild > gogyxdash left. 
01:46:14.393 INFO  Minecraft: Guild > SnowedSeal joined. 
01:46:18.595 INFO  Minecraft: Guild > [MVP++] SnowedSeal [LS]: henlo 
01:46:52.146 INFO  Minecraft: Guild > [MVP++] SnowedSeal [LS]: my messages are off temporarily 
01:46:57.601 INFO  Minecraft: Guild > [MVP++] SnowedSeal [LS]: to stop a non friend 
01:47:27.501 INFO  Minecraft: Guild > 4717 left. 
01:47:31.507 INFO  Minecraft: Guild > 4717 joined. 
01:48:36.391 INFO  Minecraft: Guild > SnowedSeal left. 
01:52:04.054 INFO  Minecraft: Guild > 4717 left. 
01:52:11.205 INFO  Minecraft: Guild > 4717 joined. 
01:53:03.398 INFO  Minecraft: Friend > R4M11_KN0 left. 
01:54:09.434 INFO  Minecraft: Guild > TheStachelfisch joined. 
01:55:24.537 INFO  Minecraft: Guild > FabledLivid left. 
01:58:52.211 INFO  Minecraft: Friend > R4M11_KN0 joined. 
02:00:06.003 INFO  Minecraft:  
02:00:06.020 INFO  Minecraft: [WATCHDOG ANNOUNCEMENT] 
02:00:06.022 INFO  Minecraft: Watchdog has banned 27,980 players in the last 7 days. 
02:00:06.030 INFO  Minecraft: Staff have banned an additional 17,611 in the last 7 days. 
02:00:06.033 INFO  Minecraft: Blacklisted modifications are a bannable offense! 
02:00:06.038 INFO  Minecraft:  
02:01:10.460 INFO  Minecraft: Guild > FabledLivid joined. 
02:07:26.642 INFO  Minecraft: Guild > SnowedSeal joined. 
02:07:29.709 INFO  Minecraft: Guild > [MVP++] SnowedSeal [LS]: henlo 
02:07:38.695 INFO  Minecraft: Guild > [MVP+] sommthing [M]: hello 
02:07:41.112 INFO  Minecraft: Friend > R4M11_KN0 left. 
02:09:47.436 INFO  Minecraft: Guild > ClovenBob left. 
02:13:09.822 INFO  Minecraft: Guild > yKxshi joined. 
02:13:56.816 INFO  Minecraft: Guild > yKxshi left. 
02:13:58.742 INFO  Minecraft: Guild > 4717 left. 
02:14:03.837 INFO  Minecraft: Guild > 4717 joined. 
02:15:31.349 INFO  Minecraft: Guild > FabledLivid left. 
02:17:35.649 INFO  Minecraft: Friend > R4M11_KN0 joined. 
02:18:51.838 INFO  Minecraft: Friend > R4M11_KN0 left. 
02:18:58.877 INFO  Minecraft: Guild > sommthing left. 
02:19:15.962 INFO  Minecraft: Guild > coozky left. 
02:21:10.685 INFO  Minecraft: Guild > DeformedSeal joined. 
02:23:53.057 INFO  Minecraft: Guild > clonzy joined. 
02:24:57.312 INFO  Minecraft: Guild > ClovenBob joined. 
02:26:36.716 INFO  Minecraft: Guild > coozky joined. 
02:27:38.470 INFO  Minecraft: Guild > sommthing joined. 
02:29:32.679 INFO  Minecraft: Guild > ClovenBob left. 
02:29:36.165 INFO  Minecraft: Guild > ClovenBob joined. 
02:30:19.374 INFO  Minecraft: Friend > R4M11_KN0 joined. 
02:31:03.624 INFO  Minecraft: Guild > 4717 left. 
02:31:56.543 INFO  Minecraft: Guild > 4717 joined. 
02:32:00.569 INFO  Minecraft: Guild > ClovenBob left. 
02:32:01.566 INFO  Minecraft: Guild > DeformedSeal left. 
02:33:50.756 INFO  Minecraft: Guild > ClovenBob joined. 
02:35:02.058 INFO  Minecraft: Guild > sommthing left. 
02:36:33.672 INFO  Minecraft: Guild > sommthing joined. 
02:39:40.258 INFO  Minecraft: Guild > ClovenBob left. 
02:39:48.188 INFO  Minecraft: Guild > Hercules_RB joined. 
02:40:33.791 INFO  Minecraft: Guild > yKxshi joined. 
02:43:19.754 INFO  Minecraft: Guild > UnknownShadow124 joined. 
02:44:41.975 INFO  Minecraft: Guild > [MVP+] sommthing [M]: how much attack speed does strange give on legendary 
02:44:47.923 INFO  Minecraft: Guild > [VIP] Hercules_RB [M]: 0 
02:45:05.125 INFO  Minecraft: Guild > [VIP] Hercules_RB [M]: it only gives attack speed on uncommon and epic 
02:46:37.450 INFO  Minecraft: Guild > [MVP++] SnowedSeal [LS]: i hate building farms 
02:46:56.709 INFO  Minecraft: Guild > [MVP+] yKxshi [M]: at least the bw and bos r enabled u lazy fuck 
02:47:02.415 INFO  Minecraft: Guild > [MVP++] SnowedSeal [LS]: yes 
02:47:21.862 INFO  Minecraft: Guild > [MVP+] yKxshi [M]: so u shut up cause i had to build fuckin 2 layers of cane manually 
02:47:33.856 INFO  Minecraft: Guild > [MVP+] yKxshi [M]: it hurted 
02:47:39.026 INFO  Minecraft: Guild > [MVP+] TimothyPlays57 [M]: yeah I legit built a fucking afk nw farm go to my island and u will see I had to do each indevisual strip 
02:47:40.787 INFO  Minecraft: Guild > [MVP+] coozky [GM]: hurt* 
02:48:03.575 INFO  Minecraft: Guild > [MVP+] TimothyPlays57 [M]: ykxshi I kinda did I did everything by hand except dirt 
02:48:14.575 INFO  Minecraft: Guild > [MVP+] yKxshi [M]: didnt mean you timy i meant snoed 
02:48:17.830 INFO  Minecraft: Guild > [MVP+] TimothyPlays57 [M]: when builders wand didn't work on slabs 
02:48:21.478 INFO  Minecraft: Guild > [MVP+] TimothyPlays57 [M]: ik 
02:48:30.528 INFO  Minecraft: Guild > Hercules_RB left. 
02:49:48.621 INFO  Minecraft: Guild > Hercules_RB joined. 
02:50:04.658 INFO  Minecraft: Guild > OwOPingu joined. 
02:50:07.628 INFO  Minecraft: Guild > OwOPingu left. 
02:50:38.613 INFO  Minecraft: Guild > OwOPingu joined. 
02:52:31.281 INFO  Minecraft: Guild > sommthing left. 
02:52:40.822 INFO  Minecraft: Guild > clonzy left. 
02:53:43.420 INFO  Minecraft: Guild > SnowedSeal left. 
02:54:37.719 INFO  Minecraft: Guild > sommthing joined. 
03:01:54.870 INFO  Minecraft: Guild > gogyxdash joined. 
03:02:00.909 INFO  Minecraft: Guild > SnowedSeal joined. 
03:02:04.124 INFO  Minecraft: Guild > [MVP++] SnowedSeal [LS]: henlo 
03:02:07.171 INFO  Minecraft: Guild > [MVP+] TimothyPlays57 [M]: hi 
03:02:08.846 INFO  Minecraft: Guild > [VIP] Hercules_RB [M]: henlo 
03:02:10.932 INFO  Minecraft: Guild > [MVP++] SnowedSeal [LS]: :D 
03:02:13.843 INFO  Minecraft: Guild > [MVP++] SnowedSeal [LS]: quite the people online 
03:02:16.230 INFO  Minecraft: Guild > [MVP+] TimothyPlays57 [M]: im afk farming 
03:02:20.045 INFO  Minecraft: Guild > [MVP+] yKxshi [M]: im mining 
03:02:22.067 INFO  Minecraft: Guild > [MVP++] SnowedSeal [LS]: nice 
03:02:25.741 INFO  Minecraft: Guild > LRBenito joined. 
03:02:42.912 INFO  Minecraft: Guild > [MVP+] TimothyPlays57 [M]: snowed could u come to my island to see the pain I indured to build this? 
03:03:00.136 INFO  Minecraft: Guild > sommthing left. 
03:03:04.827 INFO  Minecraft: Guild > [MVP+] TimothyPlays57 [M]: side of the island 
03:03:09.842 INFO  Minecraft: Guild > [MVP++] SnowedSeal [LS]: who is sltherin 
03:03:14.005 INFO  Minecraft: Guild > [MVP+] TimothyPlays57 [M]: my sis 
03:03:14.939 INFO  Minecraft: Guild > [MVP++] SnowedSeal [LS]: HOLY 
03:03:17.271 INFO  Minecraft: Guild > [MVP++] SnowedSeal [LS]: THATS A LOT 
03:03:27.940 INFO  Minecraft: Guild > [MVP+] TimothyPlays57 [M]: and redstone on every layer 
03:03:34.296 INFO  Minecraft: Guild > [MVP++] SnowedSeal [LS]: that must be pain 
03:03:36.111 INFO  Minecraft: Guild > [MVP+] TimothyPlays57 [M]: so even with builders wand it hurt 
03:03:46.109 INFO  Minecraft: Guild > [MVP++] SnowedSeal [LS]: how does it work 
03:04:00.037 INFO  Minecraft: Guild > [MVP+] TimothyPlays57 [M]: ok lemme change keybinds before 
03:04:10.070 INFO  Minecraft: Guild > [MVP+] TimothyPlays57 [M]: alr 
03:04:17.313 INFO  Minecraft: Guild > [MVP+] TimothyPlays57 [M]: go to top 
03:04:36.457 INFO  Minecraft: Guild > [MVP+] TimothyPlays57 [M]: when u step on pressure plate 
03:04:48.164 INFO  Minecraft: Guild > [MVP+] TimothyPlays57 [M]: it opens iron trapdoor and closes the irondoor 
03:04:56.268 INFO  Minecraft: Guild > [MVP++] SnowedSeal [LS]: can you do be show 
03:05:04.200 INFO  Minecraft: Guild > [MVP+] TimothyPlays57 [M]: follow me down 
03:05:13.235 INFO  Minecraft: Guild > [MVP++] SnowedSeal [LS]: k 
03:05:21.811 INFO  Minecraft: Guild > [MVP+] TimothyPlays57 [M]: I step on this 
03:05:28.351 INFO  Minecraft: Guild > [MVP+] TimothyPlays57 [M]: those close and open 
03:05:34.557 INFO  Minecraft: Guild > [MVP+] TimothyPlays57 [M]: so next time I hit the tp pad 
03:05:39.607 INFO  Minecraft: Guild > [MVP+] TimothyPlays57 [M]: I go down to next layer 
03:05:57.385 INFO  Minecraft: Guild > TheStachelfisch left. 
03:05:59.504 INFO  Minecraft: Guild > TheStachelfisch joined. 
03:06:11.947 INFO  Minecraft: Guild > [MVP+] TimothyPlays57 [M]: now im down 1 layer 
03:06:19.091 INFO  Minecraft: Guild > [MVP++] SnowedSeal [LS]: niec 
03:06:19.110 INFO  Minecraft: Guild > [MVP+] TimothyPlays57 [M]: so thats how it works 
03:06:22.666 INFO  Minecraft: Guild > [MVP++] SnowedSeal [LS]: noicee 
03:06:24.620 INFO  Minecraft: Guild > [MVP++] SnowedSeal [LS]: imma go now 
03:06:27.426 INFO  Minecraft: Guild > [MVP+] TimothyPlays57 [M]: alr 
03:06:56.552 INFO  Minecraft: Friend > R4M11_KN0 left. 
03:07:24.954 INFO  Minecraft: Friend > R4M11_KN0 joined. 
03:07:41.965 INFO  Minecraft: Guild > [MVP++] SnowedSeal [LS]: im watching scrubby rn 
03:07:50.757 INFO  Minecraft: Guild > [MVP+] TimothyPlays57 [M]: same 
03:07:51.746 INFO  Minecraft: Guild > [MVP+] yKxshi [M]: im watching swavy 
03:08:02.392 INFO  Minecraft: Guild > [MVP+] gogyxdash [M]: isnt scrubby the guy who milks karens 
03:08:11.107 INFO  Minecraft: Guild > [MVP+] TimothyPlays57 [M]: yes 
03:08:11.373 INFO  Minecraft: Guild > [MVP++] SnowedSeal [LS]: . 
03:08:14.261 INFO  Minecraft: Guild > [MVP+] coozky [GM]: that spinds 
03:08:15.024 INFO  Minecraft: Guild > [MVP+] coozky [GM]: sounds 
03:08:18.083 INFO  Minecraft: Guild > [MVP+] coozky [GM]: lmao 
03:08:21.937 INFO  Minecraft: Guild > [MVP++] SnowedSeal [LS]: yea 
03:08:21.955 INFO  Minecraft: Guild > [MVP+] TimothyPlays57 [M]: LMAO 
03:08:24.293 INFO  Minecraft: Guild > [MVP++] SnowedSeal [LS]: it sounds 
03:08:31.971 INFO  Minecraft: Guild > [MVP+] coozky [GM]: he 
03:08:36.036 INFO  Minecraft: Guild > [MVP+] coozky [GM]: "milks them" 
03:08:40.061 INFO  Minecraft: Guild > [MVP++] SnowedSeal [LS]: *shudders* 
03:09:11.596 INFO  Minecraft: Guild > [MVP++] SnowedSeal [LS]: LETSGOO 
03:09:13.608 INFO  Minecraft: Guild > [MVP++] SnowedSeal [LS]: mining 70 
03:09:24.162 INFO  Minecraft: Guild > [MVP+] TimothyPlays57 [M]: lmao 
03:13:44.762 INFO  Minecraft: Guild > [MVP+] yKxshi [M]: LMAO 
03:13:48.672 INFO  Minecraft: Guild > [MVP+] yKxshi [M]: BONES R 7 MIL 
03:16:10.053 INFO  Minecraft: Friend > R4M11_KN0 left. 
03:16:42.974 INFO  Minecraft: Friend > R4M11_KN0 joined. 
03:18:25.089 INFO  Minecraft: Guild > [MVP+] TimothyPlays57 [M]: alch 33 to 34 only from nw 
03:19:56.742 INFO  Minecraft: Guild > yKxshi left. 
03:25:04.942 INFO  Minecraft: Guild > TheStachelfisch left. 
03:25:07.834 INFO  Minecraft: Guild > TheStachelfisch joined. 
03:25:35.020 INFO  Minecraft: Guild > TheStachelfisch left. 
03:26:29.750 INFO  Minecraft: Guild > SnowedSeal left. 
03:26:32.878 INFO  Minecraft: Guild > UnknownShadow124 left. 
03:26:43.872 INFO  Minecraft: Guild > [VIP] LRBenito [M]: the dream vs technoblade nons are devolving 
03:27:07.173 INFO  Minecraft: Guild > [VIP] LRBenito [M]: now they're advertising OTHER peoples dream vs techno auctions 
03:27:20.692 INFO  Minecraft: Guild > [MVP+] coozky [GM]: prob cause 
03:27:22.178 INFO  Minecraft: Guild > [MVP+] coozky [GM]: they get pyed 
03:27:24.471 INFO  Minecraft: Guild > [MVP+] coozky [GM]: -auye 
03:27:24.708 INFO  Minecraft: Guild > [MVP+] coozky [GM]: payed 
03:27:53.470 INFO  Minecraft: Guild > [VIP] LRBenito [M]: wow guys, i got paid 100 coins to have another guy get 1 more coin on his auction so op 
03:28:11.817 INFO  Minecraft: Guild > [MVP+] coozky [GM]: klmao 
03:28:12.502 INFO  Minecraft: Guild > [MVP+] coozky [GM]: lmao 
03:30:34.289 INFO  Minecraft: Guild > UnknownShadow124 joined. 
03:47:15.053 INFO  Minecraft: Friend > R4M11_KN0 left. 
04:00:06.461 INFO  Minecraft:  
04:00:06.480 INFO  Minecraft: [WATCHDOG ANNOUNCEMENT] 
04:00:06.484 INFO  Minecraft: Watchdog has banned 27,929 players in the last 7 days. 
04:00:06.486 INFO  Minecraft: Staff have banned an additional 17,671 in the last 7 days. 
04:00:06.488 INFO  Minecraft: Blacklisted modifications are a bannable offense! 
04:00:06.489 INFO  Minecraft:  
04:00:51.089 INFO  Minecraft: Guild > SirTappy joined. 
04:09:52.922 INFO  Minecraft: Guild > LRBenito left. 
04:19:45.294 INFO  Minecraft: Guild > OwOWolfs joined. 
04:19:53.470 INFO  Minecraft: Guild > OwOWolfs left. 
04:22:01.206 INFO  Minecraft: Guild > 4717 left. 
04:30:04.837 INFO  Minecraft: [Auction] HahaShoes bought Carrot Patch for 40,000 coins CLICK 
04:33:15.654 INFO  Minecraft: Guild > coozky left. 
04:33:58.356 INFO  Minecraft: Guild > coozky joined. 
04:40:08.364 INFO  Minecraft: Guild > Za1bot joined. 
04:40:28.429 INFO  Minecraft: Guild > Za1bot left. 
04:40:32.328 INFO  Minecraft: Guild > Za1bot joined. 
04:44:12.679 INFO  Minecraft: Guild > Hercules_RB left. 
04:47:09.273 INFO  Minecraft: Guild > Hercules_RB joined. 
04:50:14.775 INFO  Minecraft: Guild > sommthing joined. 
04:52:48.502 INFO  Minecraft: Guild > coozky left. 
04:54:35.280 INFO  Minecraft: Guild > LRBenito joined. 
04:54:43.792 INFO  Minecraft: Guild > coozky joined. 
04:56:47.708 INFO  Minecraft: Guild > sommthing left. 
04:58:29.500 INFO  Minecraft: Guild > LRBenito left. 
04:58:39.546 INFO  Minecraft: Guild > LRBenito joined. 
04:59:57.382 INFO  Minecraft: Guild > coozky left. 
05:06:40.244 INFO  Minecraft: Guild > coozky joined. 
05:06:51.241 INFO  Minecraft: Guild > UnknownShadow124 left. 
05:09:52.013 INFO  Minecraft: Guild > [MVP+] coozky [GM]: any1 havea  gayurdian pet 
05:09:59.190 INFO  Minecraft: Guild > [VIP] Hercules_RB [M]: yes 
05:10:03.590 INFO  Minecraft: Guild > [MVP+] coozky [GM]: can I borrow it 
05:10:04.103 INFO  Minecraft: Guild > [MVP+] Za1bot [M]: i have a level 99 epic 
05:10:05.593 INFO  Minecraft: Guild > [MVP+] coozky [GM]: 4m collat right 
05:10:13.755 INFO  Minecraft: Guild > [VIP] Hercules_RB [M]: 4m 
05:10:16.291 INFO  Minecraft: Guild > [MVP+] coozky [GM]: alr 
05:10:51.324 INFO  Minecraft: Guild > sommthing joined. 
05:10:54.832 INFO  Minecraft: Guild > [MVP+] coozky [GM]: ty 
05:11:17.208 INFO  Minecraft: Guild > [MVP+] sommthing [M]: bro attack speed works with juju and its so freaking op 
05:11:20.974 INFO  Minecraft: Guild > [MVP+] sommthing [M]: it doubles the speed 
05:11:23.162 INFO  Minecraft: Guild > [MVP+] sommthing [M]: of the bow 
05:11:44.522 INFO  Minecraft: Guild > [VIP] Hercules_RB [M]: of course it does, did you really think the admins would add a balanced weapon? 
05:12:13.272 INFO  Minecraft: Guild > [MVP+] sommthing [M]: tru 
05:13:13.353 INFO  Minecraft: Guild > coozky joined. 
05:13:14.503 INFO  Minecraft: Guild > coozky left. 
05:13:21.333 INFO  Minecraft: Guild > coozky joined. 
05:13:22.580 INFO  Minecraft: Guild > coozky left. 
05:13:26.492 INFO  Minecraft: Guild > coozky left. 
05:13:28.325 INFO  Minecraft: Guild > coozky joined. 
05:16:07.627 INFO  Minecraft: Guild > [MVP+] coozky [GM]: hercules 
05:16:09.028 INFO  Minecraft: Guild > [MVP+] coozky [GM]: visit 
05:16:25.592 INFO  Minecraft: Guild > [VIP] Hercules_RB [M]: your island does not allow guests 
05:16:27.297 INFO  Minecraft: Guild > Za1bot left. 
05:16:52.264 INFO  Minecraft: Guild > [MVP+] coozky [GM]: ty 
05:26:26.454 INFO  Minecraft: Guild > sommthing left. 
05:27:23.393 INFO  Minecraft: Guild > sommthing joined. 
05:30:02.954 INFO  Minecraft: Guild > OLYforever joined. 
05:37:18.158 INFO  Minecraft: Guild > [MVP+] coozky [GM]: any1 have coal 9? 
05:37:22.174 INFO  Minecraft: Guild > [MVP+] coozky [GM]: 10* 
05:37:26.186 INFO  Minecraft: Guild > [VIP] Hercules_RB [M]: yes 
05:37:33.263 INFO  Minecraft: Guild > [MVP+] coozky [GM]: cfan you craft me a sack 
05:37:36.373 INFO  Minecraft: Guild > [VIP] Hercules_RB [M]: sure 
05:43:49.406 INFO  Minecraft: Guild > Pizzas_faces joined. 
05:44:26.120 INFO  Minecraft: Guild > [VIP+] OLYforever [M]: anyone wanna run some f5s cata 24+ 
05:45:30.560 INFO  Minecraft: Guild > SirTappy left. 
05:45:35.443 INFO  Minecraft: Guild > SirTappy joined. 
05:53:55.889 INFO  Minecraft: Guild > gogyxdash left. 
05:55:07.268 INFO  Minecraft: Guild > Hercules_RB left. 
05:58:01.470 INFO  Minecraft: Guild > Pizzas_faces left. 
05:59:08.709 INFO  Minecraft: Guild > Pizzas_faces joined. 
06:00:07.825 INFO  Minecraft:  
06:00:07.841 INFO  Minecraft: [WATCHDOG ANNOUNCEMENT] 
06:00:07.842 INFO  Minecraft: Watchdog has banned 27,921 players in the last 7 days. 
06:00:07.844 INFO  Minecraft: Staff have banned an additional 17,703 in the last 7 days. 
06:00:07.846 INFO  Minecraft: Blacklisted modifications are a bannable offense! 
06:00:07.847 INFO  Minecraft:  
06:01:44.074 INFO  Minecraft: Guild > SirTappy left. 
06:01:45.923 INFO  Minecraft: Guild > coozky left. 
06:03:48.306 INFO  Minecraft: Guild > LRBenito left. 
06:03:59.254 INFO  Minecraft: Guild > LRBenito joined. 
06:05:38.514 INFO  Minecraft: Guild > Pizzas_faces left. 
06:07:32.375 INFO  Minecraft: Guild > LRBenito left. 
06:08:46.602 INFO  Minecraft: Guild > ClovenBob joined. 
06:13:32.643 INFO  Minecraft: Guild > coozky joined. 
06:14:24.784 INFO  Minecraft: Guild > OLYforever left. 
06:15:01.520 INFO  Minecraft: Guild > coozky left. 
06:16:44.928 INFO  Minecraft: Guild > gogyxdash joined. 
06:18:56.653 INFO  Minecraft: Guild > gogyxdash left. 
06:26:51.886 INFO  Minecraft: Guild > ClovenBob left. 
06:28:37.755 INFO  Minecraft: Guild > sommthing left. 
06:44:56.523 INFO  Minecraft: Guild > DeformedSeal joined. 
06:56:21.219 INFO  Minecraft: Guild > gogyxdash joined. 
06:58:15.771 INFO  Minecraft: Guild > DeformedSeal left. 
07:18:56.324 INFO  Minecraft: Guild > ReS_Awesome joined. 
07:19:34.245 INFO  Minecraft: Guild > ReS_Awesome left. 
07:23:06.735 INFO  Minecraft: Guild > ReS_Awesome joined. 
07:25:00.811 INFO  Minecraft: Guild > Micah_W joined. 
07:27:53.556 INFO  Minecraft: Guild > 4717 joined. 
07:30:45.556 INFO  Minecraft: Guild > 4717 left. 
07:31:09.738 INFO  Minecraft: Guild > 4717 joined. 
07:32:05.644 INFO  Minecraft: Guild > 4717 left. 
07:32:23.576 INFO  Minecraft: Guild > 4717 joined. 
07:34:23.373 INFO  Minecraft: Guild > DoggosAreGood joined. 
07:41:16.152 INFO  Minecraft: Guild > yKxshi joined. 
07:41:31.225 INFO  Minecraft: Guild > yKxshi left. 
07:42:04.233 INFO  Minecraft: Guild > yKxshi joined. 
07:44:23.617 INFO  Minecraft: Guild > [MVP+] TimothyPlays57 [M]: I just bought a month worth of cookies 
07:44:44.344 INFO  Minecraft: Guild > [MVP+] yKxshi [M]: imagine not having a year worth of cookie effect 
07:44:53.431 INFO  Minecraft: Guild > [MVP+] TimothyPlays57 [M]: :( 
07:44:54.328 INFO  Minecraft: Guild > yKxshi left. 
07:45:00.199 INFO  Minecraft: Guild > [MVP+] TimothyPlays57 [M]: I have extra money at the time 
07:46:40.695 INFO  Minecraft: Guild > DeformedSeal joined. 
07:51:21.579 INFO  Minecraft: Guild > DeformedSeal left. 
07:53:09.017 INFO  Minecraft: Guild > DeformedSeal joined. 
07:56:36.669 INFO  Minecraft: Guild > WitheredRoyal joined. 
08:00:00.307 INFO  Minecraft: Guild > [MVP+] TimothyPlays57 [M]: e/is 
08:00:03.730 INFO  Minecraft: Guild > [MVP+] TimothyPlays57 [M]: rip 
08:00:07.901 INFO  Minecraft:  
08:00:07.915 INFO  Minecraft: [WATCHDOG ANNOUNCEMENT] 
08:00:07.917 INFO  Minecraft: Watchdog has banned 28,008 players in the last 7 days. 
08:00:07.918 INFO  Minecraft: Staff have banned an additional 17,648 in the last 7 days. 
08:00:07.920 INFO  Minecraft: Blacklisted modifications are a bannable offense! 
08:00:07.921 INFO  Minecraft:  
08:00:12.263 INFO  Minecraft: Guild > [VIP+] WitheredRoyal [M]: E 
08:02:05.337 INFO  Minecraft: Guild > 4717 left. 
08:02:11.813 INFO  Minecraft: Guild > 4717 joined. 
08:02:54.862 INFO  Minecraft: Guild > TimothyPlays57 left. 
08:03:12.146 INFO  Minecraft: Guild > Minikloons [LS]: According to Wikipedia, 4717 is gay. 
08:03:22.853 INFO  Minecraft: Guild > [VIP] 4717 [M]: i disagree 
08:03:24.433 INFO  Minecraft: Guild > [VIP+] WitheredRoyal [M]: Thank you bot very cool 
08:03:36.172 INFO  Minecraft: Guild > [VIP] 4717 [M]: that bot is a bot 
08:03:39.040 INFO  Minecraft: Guild > [VIP] 4717 [M]: got em 
08:04:13.129 INFO  Minecraft: Guild > Minikloons [LS]: store.hypixel.net 
08:10:15.494 INFO  Minecraft: Guild > DoggosAreGood left. 
08:16:24.893 INFO  Minecraft: Guild > DeformedSeal left. 
08:25:29.176 INFO  Minecraft: Guild > OwOWolfs joined. 
08:28:32.515 INFO  Minecraft: Guild > OwOWolfs left. 
08:32:05.273 INFO  Minecraft: Guild > 4717 left. 
08:32:15.277 INFO  Minecraft: Guild > 4717 joined. 
08:37:41.354 INFO  Minecraft: Guild > 4717 left. 
08:37:47.334 INFO  Minecraft: Guild > 4717 joined. 
08:46:14.345 INFO  Minecraft: Guild > yKxshi joined. 
08:51:29.803 INFO  Minecraft: Guild > yKxshi left. 
08:53:44.619 INFO  Minecraft: Guild > TimothyPlays57 joined. 
08:54:43.879 INFO  Minecraft: Guild > coozky joined. 
08:57:36.009 INFO  Minecraft: Guild > coozky left. 
08:59:16.006 INFO  Minecraft: Guild > WitheredRoyal left. 
08:59:20.058 INFO  Minecraft: Guild > coozky joined. 
09:04:28.409 INFO  Minecraft: Guild > yKxshi joined. 
09:06:03.527 INFO  Minecraft: Guild > yKxshi left. 
09:06:18.164 INFO  Minecraft: Guild > yKxshi joined. 
09:07:20.600 INFO  Minecraft: Guild > gogyxdash left. 
09:07:22.567 INFO  Minecraft: Guild > gogyxdash joined. 
09:08:43.765 INFO  Minecraft: Guild > yKxshi left. 
09:14:52.743 INFO  Minecraft: Guild > yKxshi joined. 
09:14:58.584 INFO  Minecraft: Guild > DoggosAreGood joined. 
09:17:08.100 INFO  Minecraft: Guild > DeformedSeal joined. 
09:17:29.958 INFO  Minecraft: Guild > DeformedSeal left. 
09:17:30.881 INFO  Minecraft: Guild > DeformedSeal joined. 
09:17:56.889 INFO  Minecraft: Guild > TimothyPlays57 left. 
09:22:34.809 INFO  Minecraft: Guild > SirTappy joined. 
09:23:00.458 INFO  Minecraft: Guild > DeformedSeal left. 
09:26:39.888 INFO  Minecraft: Guild > DeformedSeal joined. 
09:27:31.003 INFO  Minecraft: Guild > 4717 left. 
09:29:29.220 INFO  Minecraft: Guild > 4717 joined. 
09:31:19.523 INFO  Minecraft: Guild > DeformedSeal left. 
09:34:59.889 INFO  Minecraft: Guild > yKxshi left. 
09:38:32.988 INFO  Minecraft: Guild > Micah_W left. 
09:40:06.348 INFO  Minecraft: Guild > Micah_W joined. 
09:40:27.300 INFO  Minecraft: Guild > Micah_W left. 
09:41:14.528 INFO  Discord: [💬→︱guild-chat] LS | SnowedSeal: Henlo 
09:41:14.802 INFO  Minecraft: Guild > Minikloons [LS]: LS| SnowedSeal» Henlo 
09:41:18.413 INFO  Minecraft: Guild > [MVP+] coozky [GM]: hi 
09:41:37.600 INFO  Minecraft: Guild > ClovenBob joined. 
09:45:03.971 INFO  Minecraft: Guild > 4717 left. 
09:45:20.984 INFO  Minecraft: Guild > BamBoozledMC joined. 
09:46:27.205 INFO  Minecraft: Guild > 4717 joined. 
09:46:58.979 INFO  Minecraft: Guild > [MVP+] BamBoozledMC [LS]: who 
09:49:56.769 INFO  Minecraft: Guild > Micah_W joined. 
09:50:46.162 INFO  Minecraft: Guild > [MVP+] BamBoozledMC [LS]: res u there? 
09:51:03.228 INFO  Minecraft: Guild > SirTappy left. 
09:51:05.938 INFO  Minecraft: Guild > SnowedSeal joined. 
09:51:07.218 INFO  Minecraft: Guild > SirTappy joined. 
09:51:10.900 INFO  Minecraft: Guild > [MVP++] SnowedSeal [LS]: henlo 
09:54:41.383 INFO  Minecraft: Guild > SnowedSeal left. 
09:58:56.634 INFO  Minecraft: Guild > DoggosAreGood left. 
10:00:08.067 INFO  Minecraft:  
10:00:08.088 INFO  Minecraft: [WATCHDOG ANNOUNCEMENT] 
10:00:08.089 INFO  Minecraft: Watchdog has banned 28,019 players in the last 7 days. 
10:00:08.091 INFO  Minecraft: Staff have banned an additional 17,582 in the last 7 days. 
10:00:08.092 INFO  Minecraft: Blacklisted modifications are a bannable offense! 
10:00:08.094 INFO  Minecraft:  
10:00:30.257 INFO  Minecraft: Guild > coozky left. 
10:00:46.794 INFO  Minecraft: Guild > SnowedSeal joined. 
10:00:49.768 INFO  Minecraft: Guild > [MVP++] SnowedSeal [LS]: henlo 
10:02:24.041 INFO  Minecraft: Guild > FearTheVillain3 joined. 
10:04:22.238 INFO  Minecraft: Guild > FearTheVillain3 left. 
10:10:29.009 INFO  Minecraft: Guild > TimothyPlays57 joined. 
10:11:09.985 INFO  Minecraft: Guild > friendly_rook joined. 
10:20:54.604 INFO  Minecraft: Guild > sommthing joined. 
10:23:12.289 INFO  Minecraft: Guild > DoggosAreGood joined. 
10:26:19.504 INFO  Minecraft: Guild > YoMadaEatingRice joined. 
10:32:39.037 INFO  Minecraft: Guild > DoggosAreGood left. 
10:32:41.188 INFO  Minecraft: Guild > LionyLev joined. 
10:33:35.241 INFO  Minecraft: Guild > ClovenBob left. 
10:34:11.333 INFO  Minecraft: Guild > SnowedSeal left. 
10:35:28.370 INFO  Minecraft: Guild > sommthing left. 
10:39:13.136 INFO  Minecraft: Guild > [MVP+] TimothyPlays57 [M]: me who grinded all day and is g top 
10:39:24.264 INFO  Minecraft: Guild > [MVP+] TimothyPlays57 [M]: by alot 
10:39:28.686 INFO  Minecraft: Guild > LionyLev left. 
10:41:49.361 INFO  Minecraft: Guild > yKxshi joined. 
10:41:52.366 INFO  Minecraft: Guild > SirTappy left. 
10:43:45.557 INFO  Minecraft: Guild > WitheredRoyal joined. 
10:45:29.697 INFO  Minecraft: Guild > OwOWolfs joined. 
10:45:57.694 INFO  Minecraft: Guild > SnowedSeal joined. 
10:46:01.697 INFO  Minecraft: Guild > [MVP++] SnowedSeal [LS]: henlo 
10:47:55.842 INFO  Minecraft: Guild > OwOWolfs left. 
10:48:02.834 INFO  Minecraft: Guild > OwOWolfs joined. 
10:49:41.427 INFO  Minecraft: Guild > OwOWolfs left. 
10:54:57.387 INFO  Minecraft: Guild > 4717 left. 
10:55:02.321 INFO  Minecraft: Guild > 4717 joined. 
10:55:22.472 INFO  Minecraft: Guild > [VIP+] WitheredRoyal [M]: 3 m1 undead souls on a ofa rs 
10:55:40.506 INFO  Minecraft: Guild > 4717 left. 
10:56:36.401 INFO  Minecraft: Guild > 4717 joined. 
11:00:12.072 INFO  Minecraft: Guild > [VIP+] WitheredRoyal [M]: What's a cheap set that can get me 3k mana in dungeons/ 
11:00:18.812 INFO  Minecraft: Guild > [MVP+] yKxshi [M]: adaptiv 
11:00:27.990 INFO  Minecraft: Guild > [MVP+] yKxshi [M]: or like any set 
11:00:34.653 INFO  Minecraft: Guild > [VIP+] WitheredRoyal [M]: on necrotic? 
11:00:36.766 INFO  Minecraft: Guild > [MVP+] yKxshi [M]: yes 
11:00:36.913 INFO  Minecraft: Guild > [MVP++] SnowedSeal [LS]: adaptive or zs 
11:00:42.978 INFO  Minecraft: Guild > [MVP+] yKxshi [M]: like zombie soldier 
11:00:45.610 INFO  Minecraft: Guild > [VIP+] WitheredRoyal [M]: kk thx 
11:00:47.609 INFO  Minecraft: Guild > [MVP+] yKxshi [M]: with goggles 
11:00:55.698 INFO  Minecraft: Guild > [MVP+] yKxshi [M]: aight boys cya imma make 8mil an hour 
11:01:00.891 INFO  Minecraft: Guild > [MVP++] SnowedSeal [LS]: hwo 
11:01:01.857 INFO  Minecraft: Guild > [VIP+] WitheredRoyal [M]: Have fun? 
11:01:06.715 INFO  Minecraft: Guild > [MVP++] SnowedSeal [LS]: how 
11:01:14.866 INFO  Minecraft: Guild > [MVP+] yKxshi [M]: not telling ;) 
11:02:10.164 INFO  Minecraft: Guild > SnowedSeal left. 
11:04:09.949 INFO  Minecraft: Guild > 4717 left. 
11:14:25.515 INFO  Minecraft: Guild > YoMadaEatingRice left. 
11:14:29.105 INFO  Minecraft: Guild > SnowedSeal joined. 
11:14:32.893 INFO  Minecraft: Guild > [MVP++] SnowedSeal [LS]: henlo 
11:18:20.858 INFO  Minecraft: Guild > [VIP+] OwOPingu [F]: E 
11:18:26.965 INFO  Minecraft: Guild > [MVP++] SnowedSeal [LS]: E 
11:18:29.109 INFO  Minecraft: Guild > [VIP+] WitheredRoyal [M]: E 
11:22:31.049 INFO  Minecraft: Guild > [MVP+] yKxshi [M]: 300k in 5 mins 
11:22:32.543 INFO  Minecraft: Guild > [MVP+] yKxshi [M]: not bad 
11:22:42.539 INFO  Minecraft: Guild > [VIP+] WitheredRoyal [M]: Doing what? 
11:22:44.036 INFO  Minecraft: Guild > [MVP+] yKxshi [M]: doing a little experiment 
11:22:48.255 INFO  Minecraft: Guild > [MVP+] yKxshi [M]: ;) 
11:22:56.425 INFO  Minecraft: Guild > [VIP+] WitheredRoyal [M]: OwO 
11:23:15.412 INFO  Minecraft: Guild > [MVP+] yKxshi [M]: im doing it on my island too 
11:23:42.547 INFO  Minecraft: Guild > LionyLev joined. 
11:23:47.427 INFO  Minecraft: Guild > sommthing joined. 
11:25:41.604 INFO  Minecraft: Guild > LionyLev left. 
11:27:38.741 INFO  Minecraft: Guild > SirTappy joined. 
11:28:19.735 INFO  Minecraft: Guild > DeformedSeal joined. 
11:29:58.893 INFO  Minecraft: Guild > DoggosAreGood joined. 
11:30:16.315 INFO  Minecraft: Guild > TimothyPlays57 left. 
11:33:49.213 INFO  Minecraft: Guild > TimothyPlays57 joined. 
11:33:50.459 INFO  Minecraft: Guild > SnowedSeal left. 
11:33:53.362 INFO  Minecraft: Guild > [MVP+] yKxshi [M]: hey timy 
11:33:59.956 INFO  Minecraft: Guild > [MVP+] yKxshi [M]: i found a new money making method 
11:34:06.987 INFO  Minecraft: Guild > [MVP+] TimothyPlays57 [M]: I gtg in a sec 
11:48:15.369 INFO  Minecraft: Guild > TimothyPlays57 left. 
11:52:04.408 INFO  Minecraft: Guild > [VIP+] WitheredRoyal [M]: Guys you gain carpentry xp from picking up minions I think 
11:52:10.617 INFO  Minecraft: Guild > [MVP+] yKxshi [M]: nope 
11:52:21.738 INFO  Minecraft: Guild > [MVP+] yKxshi [M]: u gain carpentry xp bc of ur personal compactor compacting the items 
11:52:27.705 INFO  Minecraft: Guild > [VIP+] WitheredRoyal [M]: o 
12:00:08.258 INFO  Minecraft:  
12:00:08.280 INFO  Minecraft: [WATCHDOG ANNOUNCEMENT] 
12:00:08.282 INFO  Minecraft: Watchdog has banned 27,993 players in the last 7 days. 
12:00:08.283 INFO  Minecraft: Staff have banned an additional 17,552 in the last 7 days. 
12:00:08.287 INFO  Minecraft: Blacklisted modifications are a bannable offense! 
12:00:08.289 INFO  Minecraft:  
12:03:39.131 INFO  Minecraft: [Important] This server will restart soon: Scheduled Reboot 
12:03:39.159 INFO  Minecraft: You have 60 seconds to warp out! CLICK to warp now! 
12:04:37.237 INFO  Minecraft: Evacuating to Hub... 
12:04:37.335 INFO  Minecraft: Sending to server mini465Q... 
12:04:37.458 INFO  Logged in. 
12:04:38.425 INFO  Minecraft:         
12:04:42.458 INFO  Sending to skyblock. 
12:04:44.056 INFO  Minecraft: You are playing on profile: Zucchini (Co-op) 
12:04:45.848 INFO  Minecraft: You are already playing SkyBlock! 
12:04:48.186 INFO  Minecraft: Warping you to your SkyBlock island... 
12:04:48.236 INFO  Minecraft: Sending to server mini521B... 
12:04:48.396 INFO  Logged in. 
12:04:49.045 INFO  Minecraft:         
12:04:53.496 INFO  Sending to skyblock. 
12:04:54.611 INFO  Minecraft: You are playing on profile: Zucchini (Co-op) 
12:04:55.648 INFO  Minecraft: You are already playing SkyBlock! 
12:04:59.026 INFO  Minecraft: You're already sitting on this island! 
12:06:00.064 INFO  Minecraft: Guild > clonzy joined. 
12:08:06.219 INFO  Minecraft: Guild > [MVP+] BamBoozledMC [LS]: !ping 
12:08:07.672 INFO  Minecraft: Guild > Minikloons [LS]: 237ms. 
12:15:56.022 INFO  Minecraft: Guild > WitheredRoyal left. 
12:21:19.205 INFO  Minecraft: Guild > SnowedSeal joined. 
12:21:23.771 INFO  Minecraft: Guild > [MVP++] SnowedSeal [LS]: henlo 
12:22:13.658 INFO  Minecraft: Guild > LRBenito joined. 
12:22:17.194 INFO  Minecraft: Guild > [MVP++] SnowedSeal [LS]: fishing time 
12:23:43.320 INFO  Minecraft: Guild > LRBenito left. 
12:24:22.382 INFO  Minecraft: Guild > [MVP++] SnowedSeal [LS]: guys 
12:24:25.351 INFO  Minecraft: Guild > [MVP++] SnowedSeal [LS]: should i fish or mine rn 
12:24:29.516 INFO  Minecraft: Guild > sommthing left. 
12:25:03.875 INFO  Minecraft: Guild > [MVP++] SnowedSeal [LS]: mining it is 
12:29:49.138 INFO  Minecraft: Guild > ReS_Awesome left. 
12:34:03.876 INFO  Minecraft: Guild > DoggosAreGood left. 
12:39:26.396 INFO  Minecraft: Guild > yKxshi left. 
12:40:29.981 INFO  Minecraft: Guild > clonzy left. 
12:45:25.810 INFO  Discord: [💬→︱guild-chat] Dev/Mod BamBoozledMC: ./visit bamboozledmc > depressed housing 
12:45:26.108 INFO  Minecraft: Guild > Minikloons [LS]: Dev/ModBamBoozledMC» ./visit bamboozledmc > depressed housing 
12:45:46.671 INFO  Minecraft: Guild > [MVP++] SnowedSeal [LS]: depressed 
12:46:28.804 INFO  Minecraft: Guild > SnowedSeal left. 
12:48:58.364 INFO  Minecraft: Guild > DoggosAreGood joined. 
12:55:09.393 INFO  Minecraft: Guild > Micah_W left. 
13:06:16.961 INFO  Minecraft: Guild > coozky joined. 
13:07:22.230 INFO  Minecraft: Guild > coozky left. 
13:11:47.234 INFO  Minecraft: Guild > SnowedSeal joined. 
13:11:50.234 INFO  Minecraft: Guild > [MVP++] SnowedSeal [LS]: henlo 
13:13:56.648 INFO  Minecraft: Guild > [MVP++] SnowedSeal [LS]: :O 
13:15:38.691 INFO  Minecraft: Guild > coozky joined. 
13:16:07.833 INFO  Minecraft: Guild > SnowedSeal left. 
13:16:26.736 INFO  Minecraft: Guild > DoggosAreGood left. 
13:18:25.077 INFO  Minecraft: Guild > coozky left. 
13:18:40.122 INFO  Minecraft: Guild > [MVP+] gogyxdash [M]: i have done like 5 frag runs and all have been jolly pink or bigfoot 
13:21:47.979 INFO  Minecraft: Guild > coozky joined. 
13:22:48.206 INFO  Minecraft: Guild > coozky left. 
13:26:10.867 INFO  Minecraft: Guild > gogyxdash left. 
13:28:40.309 INFO  Minecraft: Guild > gogyxdash joined. 
13:40:39.090 INFO  Minecraft: Guild > TinyHarpSeal joined. 
13:48:28.311 INFO  Minecraft: Guild > DeformedSeal left. 
13:48:44.453 INFO  Minecraft: Guild > SirTappy left. 
13:48:49.636 INFO  Minecraft: Guild > SirTappy joined. 
14:00:08.671 INFO  Minecraft:  
14:00:08.690 INFO  Minecraft: [WATCHDOG ANNOUNCEMENT] 
14:00:08.692 INFO  Minecraft: Watchdog has banned 27,987 players in the last 7 days. 
14:00:08.695 INFO  Minecraft: Staff have banned an additional 17,510 in the last 7 days. 
14:00:08.696 INFO  Minecraft: Blacklisted modifications are a bannable offense! 
14:00:08.698 INFO  Minecraft:  
14:00:13.839 INFO  Minecraft: Guild > TinyHarpSeal left. 
14:11:32.548 INFO  Minecraft: Guild > gogyxdash left. 
14:12:14.622 INFO  Minecraft: Guild > SirTappy left. 
14:12:18.467 INFO  Minecraft: Guild > SirTappy joined. 
14:16:18.309 INFO  Minecraft: Guild > SirTappy left. 
14:16:31.191 INFO  Minecraft: Guild > SirTappy joined. 
14:29:40.116 INFO  Minecraft: Guild > OwOPingu left. 
14:48:07.049 INFO  Minecraft: Friend > R4M11_KN0 joined. 
14:57:55.568 INFO  Minecraft: Guild > ranger4josh joined. 
14:59:29.667 INFO  Minecraft: Guild > [MVP++] ranger4josh [M]: hi 
14:59:32.156 INFO  Minecraft: Guild > [MVP++] ranger4josh [M]: wc 
14:59:35.380 INFO  Minecraft: Friend > R4M11_KN0 left. 
15:05:05.451 INFO  Discord: [💬→︱guild-chat] Dev/Mod BamBoozledMC: ¯\_(ツ)_/¯ 
15:05:05.739 INFO  Minecraft: Guild > Minikloons [LS]: Dev/ModBamBoozledMC» ¯\_(ツ)_/¯ 
15:07:10.066 INFO  Minecraft: Friend > R4M11_KN0 joined. 
15:07:25.770 INFO  Minecraft: Friend > R4M11_KN0 left. 
15:07:37.721 INFO  Minecraft: Guild > clonzy joined. 
15:07:48.689 INFO  Minecraft: Friend > R4M11_KN0 joined. 
15:10:01.928 INFO  Minecraft: Guild > [MVP+] BamBoozledMC [LS]: and sell bes stuff 
15:10:04.790 INFO  Minecraft: Guild > ranger4josh left. 
15:10:21.797 INFO  Minecraft: Guild > [MVP+] BamBoozledMC [LS]: like sell necron for storm 
15:10:27.801 INFO  Minecraft: Guild > [MVP+] BamBoozledMC [LS]: wc 
15:10:40.143 INFO  Minecraft: Guild > [VIP] friendly_rook [M]: what 
15:12:02.903 INFO  Minecraft: Guild > [MVP+] BamBoozledMC [LS]: what 
15:12:59.569 INFO  Minecraft: Guild > [MVP+] BamBoozledMC [LS]: how long u reckon it will be 
15:13:15.019 INFO  Minecraft: Guild > [VIP] friendly_rook [M]: perfect or giant better 
15:13:25.307 INFO  Minecraft: Guild > [MVP+] BamBoozledMC [LS]: giant? 
15:14:33.204 INFO  Minecraft: You gained 5,120 Mining experience from minions! 
15:14:37.195 INFO  Minecraft: You gained 5,120 Mining experience from minions! 
15:15:04.217 INFO  Minecraft: You gained 4,096 Mining experience from minions! 
15:15:04.672 INFO  Minecraft: You gained 3,072 Mining experience from minions! 
15:15:05.215 INFO  Minecraft: You gained 3,392 Mining experience from minions! 
15:15:07.414 INFO  Minecraft: You gained 4,096 Mining experience from minions! 
15:15:08.230 INFO  Minecraft: You gained 3,008 Mining experience from minions! 
15:15:08.406 INFO  Minecraft: You gained 3,328 Mining experience from minions! 
15:15:10.783 INFO  Minecraft: You gained 4,096 Mining experience from minions! 
15:15:11.296 INFO  Minecraft: You gained 3,136 Mining experience from minions! 
15:15:12.220 INFO  Minecraft: You gained 3,328 Mining experience from minions! 
15:15:15.346 INFO  Minecraft: You gained 4,096 Mining experience from minions! 
15:15:15.368 INFO  Minecraft: You gained 3,072 Mining experience from minions! 
15:15:15.755 INFO  Minecraft: You gained 3,264 Mining experience from minions! 
15:15:19.250 INFO  Minecraft: You gained 4,096 Mining experience from minions! 
15:15:19.534 INFO  Minecraft: You gained 3,008 Mining experience from minions! 
15:15:20.227 INFO  Minecraft: ▬▬▬▬▬▬▬▬▬▬▬▬▬▬▬▬▬▬▬▬▬▬▬▬▬▬▬▬▬▬▬▬▬▬▬▬▬▬▬▬▬▬▬▬▬▬▬▬▬▬▬▬▬▬▬▬▬▬▬▬▬▬▬▬ 
15:15:20.230 INFO  Minecraft:   SKILL LEVEL UP Mining XVIII➜XIX 
15:15:20.232 INFO  Minecraft:  
15:15:20.233 INFO  Minecraft:   REWARDS 
15:15:20.237 INFO  Minecraft:     Spelunker XIX 
15:15:20.243 INFO  Minecraft:       Grants +72➜76 ☘ Mining Fortune, 
15:15:20.248 INFO  Minecraft:       which increases your chance for multiple ore 
15:15:20.250 INFO  Minecraft:       drops. 
15:15:20.252 INFO  Minecraft:     +2 ❈ Defense 
15:15:20.257 INFO  Minecraft:     Necromancer's Brooch Reforge 
15:15:20.259 INFO  Minecraft:     +1,800 Coins 
15:15:20.261 INFO  Minecraft: ▬▬▬▬▬▬▬▬▬▬▬▬▬▬▬▬▬▬▬▬▬▬▬▬▬▬▬▬▬▬▬▬▬▬▬▬▬▬▬▬▬▬▬▬▬▬▬▬▬▬▬▬▬▬▬▬▬▬▬▬▬▬▬▬ 
15:15:20.263 INFO  Minecraft: You gained 3,328 Mining experience from minions! 
15:15:29.266 INFO  Minecraft: You gained 3,136 Mining experience from minions! 
15:15:29.654 INFO  Minecraft: You gained 4,096 Mining experience from minions! 
15:15:30.256 INFO  Minecraft: You gained 3,328 Mining experience from minions! 
15:15:38.468 INFO  Minecraft: You gained 4,096 Mining experience from minions! 
15:15:39.262 INFO  Minecraft: You gained 3,072 Mining experience from minions! 
15:15:39.417 INFO  Minecraft: You gained 512 Mining experience from minions! 
15:16:23.720 INFO  Minecraft: You gained 2,944 Mining experience from minions! 
15:16:32.237 INFO  Minecraft: You gained 4,096 Mining experience from minions! 
15:16:32.418 INFO  Minecraft: You gained 3,072 Mining experience from minions! 
15:16:33.250 INFO  Minecraft: You gained 3,392 Mining experience from minions! 
15:16:40.227 INFO  Minecraft: You gained 4,096 Mining experience from minions! 
15:16:40.754 INFO  Minecraft: You gained 3,072 Mining experience from minions! 
15:16:41.273 INFO  Minecraft: You gained 3,392 Mining experience from minions! 
15:16:47.669 INFO  Minecraft: You gained 4,096 Mining experience from minions! 
15:16:48.248 INFO  Minecraft: You gained 3,072 Mining experience from minions! 
15:16:48.812 INFO  Minecraft: You gained 3,328 Mining experience from minions! 
15:16:51.624 INFO  Minecraft: You gained 4,096 Mining experience from minions! 
15:16:52.234 INFO  Minecraft: You gained 3,072 Mining experience from minions! 
15:16:52.669 INFO  Minecraft: You gained 3,392 Mining experience from minions! 
15:16:55.686 INFO  Minecraft: You gained 4,096 Mining experience from minions! 
15:16:56.458 INFO  Minecraft: You gained 3,008 Mining experience from minions! 
15:16:56.795 INFO  Minecraft: You gained 3,328 Mining experience from minions! 
15:17:28.325 INFO  Minecraft: ▬▬▬▬▬▬▬▬▬▬▬▬▬▬▬▬▬▬▬▬▬▬▬▬▬▬▬▬▬▬▬▬▬▬▬▬▬▬▬▬▬▬▬▬▬▬▬▬▬▬▬▬▬▬▬▬▬▬▬▬▬▬▬▬ 
15:17:28.332 INFO  Minecraft:   SKILL LEVEL UP Fishing X➜XI 
15:17:28.334 INFO  Minecraft:  
15:17:28.335 INFO  Minecraft:   REWARDS 
15:17:28.338 INFO  Minecraft:     Monster of the Deep Sea Creature 
15:17:28.341 INFO  Minecraft:     Treasure Hunter XI 
15:17:28.344 INFO  Minecraft:       Increases the chance to find treasure when 
15:17:28.347 INFO  Minecraft:       fishing by 2➜2.2%. 
15:17:28.351 INFO  Minecraft:     +2 HP ❤ Health 
15:17:28.354 INFO  Minecraft:     +900 Coins 
15:17:28.356 INFO  Minecraft: ▬▬▬▬▬▬▬▬▬▬▬▬▬▬▬▬▬▬▬▬▬▬▬▬▬▬▬▬▬▬▬▬▬▬▬▬▬▬▬▬▬▬▬▬▬▬▬▬▬▬▬▬▬▬▬▬▬▬▬▬▬▬▬▬ 
15:17:28.357 INFO  Minecraft: You gained 5,120 Fishing experience from minions! 
15:17:28.359 INFO  Minecraft: You gained 3,472 Fishing experience from minions! 
15:17:28.361 INFO  Minecraft: You gained 300 Fishing experience from minions! 
15:17:28.362 INFO  Minecraft: You gained 280 Fishing experience from minions! 
15:17:28.368 INFO  Minecraft: ▬▬▬▬▬▬▬▬▬▬▬▬▬▬▬▬▬▬▬▬▬▬▬▬▬▬▬▬▬▬▬▬▬▬▬▬▬▬▬▬▬▬▬▬▬▬▬▬▬▬▬▬▬▬▬▬▬▬▬▬▬▬▬▬ 
15:17:28.372 INFO  Minecraft:   SKILL LEVEL UP Fishing XI➜XII 
15:17:28.374 INFO  Minecraft:  
15:17:28.376 INFO  Minecraft:   REWARDS 
15:17:28.384 INFO  Minecraft:     Treasure Hunter XII 
15:17:28.385 INFO  Minecraft:       Increases the chance to find treasure when 
15:17:28.387 INFO  Minecraft:       fishing by 2.2➜2.4%. 
15:17:28.389 INFO  Minecraft:     +2 HP ❤ Health 
15:17:28.391 INFO  Minecraft:     +1,000 Coins 
15:17:28.394 INFO  Minecraft: ▬▬▬▬▬▬▬▬▬▬▬▬▬▬▬▬▬▬▬▬▬▬▬▬▬▬▬▬▬▬▬▬▬▬▬▬▬▬▬▬▬▬▬▬▬▬▬▬▬▬▬▬▬▬▬▬▬▬▬▬▬▬▬▬ 
15:17:28.398 INFO  Minecraft: You gained 1,280 Fishing experience from minions! 
15:17:28.400 INFO  Minecraft: You gained 120 Fishing experience from minions! 
15:17:28.401 INFO  Minecraft: You gained 21.5 Fishing experience from minions! 
15:17:28.403 INFO  Minecraft: You gained 9 Fishing experience from minions! 
15:17:28.404 INFO  Minecraft: You gained 36 Fishing experience from minions! 
15:17:28.406 INFO  Minecraft: You gained 8.5 Fishing experience from minions! 
15:17:28.408 INFO  Minecraft: You gained 44.8 Fishing experience from minions! 
15:17:28.409 INFO  Minecraft: You gained 41 Fishing experience from minions! 
15:17:28.411 INFO  Minecraft: You gained 8.5 Fishing experience from minions! 
15:17:28.415 INFO  Minecraft: You gained 1,280 Fishing experience from minions! 
15:17:28.417 INFO  Minecraft: You gained 160 Fishing experience from minions! 
15:17:28.418 INFO  Minecraft: You gained 1,600 Fishing experience from minions! 
15:17:28.420 INFO  Minecraft: You gained 880 Fishing experience from minions! 
15:17:28.421 INFO  Minecraft: You gained 24.5 Fishing experience from minions! 
15:17:28.423 INFO  Minecraft: You gained 4 Fishing experience from minions! 
15:17:28.424 INFO  Minecraft: You gained 21 Fishing experience from minions! 
15:17:28.426 INFO  Minecraft: You gained 11.2 Fishing experience from minions! 
15:18:08.334 INFO  Minecraft:  » BamBoozledMC is traveling to Hub FOLLOW 
15:19:01.892 INFO  Minecraft: [Bazaar] Your co-op Sell Offer for 75x Enchanted Raw Fish was filled! 
15:19:01.941 INFO  Minecraft: ----------------------------------------------------- 
15:19:01.974 INFO  Minecraft: [MVP+] BamBoozledMC collected an auction for 1,089,000 coins! 
15:19:01.981 INFO  Minecraft: ----------------------------------------------------- 
15:19:01.986 INFO  Minecraft: ----------------------------------------------------- 
15:19:02.007 INFO  Minecraft: [MVP+] BamBoozledMC collected an auction for 40,000 coins! 
15:19:02.009 INFO  Minecraft: ----------------------------------------------------- 
15:19:02.011 INFO  Minecraft: ----------------------------------------------------- 
15:19:02.031 INFO  Minecraft: [MVP+] BamBoozledMC collected an auction for 48,000 coins! 
15:19:02.038 INFO  Minecraft: ----------------------------------------------------- 
15:19:02.042 INFO  Minecraft: ----------------------------------------------------- 
15:19:02.050 INFO  Minecraft: [MVP+] BamBoozledMC collected an auction for 75,000 coins! 
15:19:02.053 INFO  Minecraft: ----------------------------------------------------- 
15:19:02.056 INFO  Minecraft: ----------------------------------------------------- 
15:19:02.060 INFO  Minecraft: [MVP+] BamBoozledMC collected an auction for 70,000 coins! 
15:19:02.066 INFO  Minecraft: ----------------------------------------------------- 
15:19:02.509 INFO  Minecraft: ----------------------------------------------------- 
15:19:02.529 INFO  Minecraft: [MVP+] BamBoozledMC collected an auction for 110,000 coins! 
15:19:02.531 INFO  Minecraft: ----------------------------------------------------- 
15:19:02.532 INFO  Minecraft: ----------------------------------------------------- 
15:19:02.547 INFO  Minecraft: [MVP+] BamBoozledMC collected an auction for 180,000 coins! 
15:19:02.548 INFO  Minecraft: ----------------------------------------------------- 
15:19:02.550 INFO  Minecraft: ----------------------------------------------------- 
15:19:02.554 INFO  Minecraft: [MVP+] BamBoozledMC collected an auction for 200,000 coins! 
15:19:02.558 INFO  Minecraft: ----------------------------------------------------- 
15:19:02.559 INFO  Minecraft: ----------------------------------------------------- 
15:19:02.564 INFO  Minecraft: [MVP+] BamBoozledMC collected an auction for 540,000 coins! 
15:19:02.566 INFO  Minecraft: ----------------------------------------------------- 
15:19:02.568 INFO  Minecraft: ----------------------------------------------------- 
15:19:02.570 INFO  Minecraft: [MVP+] BamBoozledMC collected an auction for 650,000 coins! 
15:19:02.574 INFO  Minecraft: ----------------------------------------------------- 
15:19:02.658 INFO  Minecraft: ----------------------------------------------------- 
15:19:02.664 INFO  Minecraft: [MVP+] BamBoozledMC collected an auction for 710,000 coins! 
15:19:02.666 INFO  Minecraft: ----------------------------------------------------- 
15:19:02.668 INFO  Minecraft: ----------------------------------------------------- 
15:19:02.671 INFO  Minecraft: [MVP+] BamBoozledMC collected an expired auction! 
15:19:02.673 INFO  Minecraft: ----------------------------------------------------- 
15:20:03.736 INFO  Minecraft: ----------------------------------------------------- 
15:20:03.753 INFO  Minecraft: [MVP+] BamBoozledMC created a BIN auction for Pink Bunny Personality at 550,000 coins! 
15:20:03.754 INFO  Minecraft: ----------------------------------------------------- 
15:21:26.551 INFO  Minecraft: Friend > R4M11_KN0 left. 
15:22:33.855 INFO  Minecraft:  » BamBoozledMC is traveling to Private Island FOLLOW 
15:23:32.598 INFO  Minecraft: Guild > [MVP+] BamBoozledMC [LS]: go ahead? 
15:23:39.990 INFO  Minecraft: [Bazaar] Your co-op Sell Offer for 15x Enchanted Sponge was filled! 
15:24:09.821 INFO  Minecraft:  » BamBoozledMC is traveling to The End FOLLOW 
15:24:43.650 INFO  Minecraft: Guild > [MVP+] BamBoozledMC [LS]: bro 
15:24:52.213 INFO  Minecraft: Friend > R4M11_KN0 joined. 
15:25:33.696 INFO  Minecraft: Guild > clonzy left. 
15:25:34.026 INFO  Minecraft: Guild > [MVP+] BamBoozledMC [LS]: yea cause sword 
15:29:19.925 INFO  Minecraft: Guild > [MVP+] BamBoozledMC [LS]: idk how but im gonna need to grind for money lol 
15:31:41.941 INFO  Minecraft: Guild > SirTappy left. 
15:32:36.157 INFO  Minecraft: Guild > [MVP+] BamBoozledMC [LS]: that is 
15:36:25.425 INFO  Minecraft: Guild > SirTappy joined. 
15:39:45.870 INFO  Minecraft: [SkyBlock] [MVP++] AsNubAsICouldBe is visiting Your Island! 
15:51:58.676 INFO  Minecraft:  » BamBoozledMC is traveling to Hub FOLLOW 
15:52:24.985 INFO  Minecraft:  » BamBoozledMC is traveling to Private Island FOLLOW 
15:58:36.290 INFO  Minecraft: Guild > SirTappy left. 
16:00:08.597 INFO  Minecraft:  
16:00:08.613 INFO  Minecraft: [WATCHDOG ANNOUNCEMENT] 
16:00:08.616 INFO  Minecraft: Watchdog has banned 27,953 players in the last 7 days. 
16:00:08.618 INFO  Minecraft: Staff have banned an additional 17,577 in the last 7 days. 
16:00:08.621 INFO  Minecraft: Blacklisted modifications are a bannable offense! 
16:00:08.622 INFO  Minecraft:  
16:01:10.345 INFO  Minecraft: BamBoozledMC left SkyBlock. 
16:48:25.772 INFO  Minecraft: Guild > YoMadaEatingRice joined. 
16:55:02.901 INFO  Minecraft: [Important] This server will restart soon: Scheduled Reboot 
16:55:02.939 INFO  Minecraft: You have 60 seconds to warp out! CLICK to warp now! 
16:56:00.805 INFO  Minecraft: Evacuating to Hub... 
16:56:00.892 INFO  Minecraft: Sending to server mini875U... 
16:56:01.000 INFO  Logged in. 
16:56:01.984 INFO  Minecraft:         
16:56:06.000 INFO  Sending to skyblock. 
16:56:07.021 INFO  Minecraft: You are playing on profile: Zucchini (Co-op) 
16:56:08.283 INFO  Minecraft: ALLOWANCE! You earned 50,000 coins! 
16:56:08.856 INFO  Minecraft: You are already playing SkyBlock! 
16:56:11.543 INFO  Minecraft: Warping you to your SkyBlock island... 
16:56:11.758 INFO  Minecraft: Sending to server mini391N... 
16:56:11.879 INFO  Logged in. 
16:56:12.484 INFO  Minecraft:         
16:56:16.942 INFO  Sending to skyblock. 
16:56:16.985 INFO  Minecraft: You are playing on profile: Zucchini (Co-op) 
16:56:18.027 INFO  Minecraft: You are already playing SkyBlock! 
16:56:22.625 INFO  Minecraft: You're already sitting on this island! 
17:03:57.031 INFO  Minecraft: Friend > R4M11_KN0 joined. 
17:03:57.874 INFO  Minecraft: Friend > R4M11_KN0 left. 
17:03:57.992 INFO  Minecraft: Friend > R4M11_KN0 left. 
17:04:01.873 INFO  Minecraft: Friend > R4M11_KN0 joined. 
17:04:14.920 INFO  Minecraft: Friend > R4M11_KN0 left. 
17:09:12.780 INFO  Minecraft: Friend > R4M11_KN0 joined. 
17:09:19.809 INFO  Minecraft: Friend > R4M11_KN0 left. 
17:09:53.581 INFO  Minecraft: Friend > R4M11_KN0 joined. 
17:14:20.490 INFO  Minecraft: Guild > YoMadaEatingRice left. 
17:22:47.927 INFO  Minecraft: Guild > Za1bot joined. 
17:36:26.642 INFO  Minecraft: Guild > Za1bot left. 
17:37:31.682 INFO  Minecraft: Guild > Za1bot joined. 
17:41:50.136 INFO  Minecraft: Guild > Za1bot left. 
17:43:11.335 INFO  Minecraft: Guild > Za1bot joined. 
17:45:39.585 INFO  Minecraft: Guild > Za1bot left. 
17:46:45.690 INFO  Minecraft: Guild > Za1bot joined. 
17:47:19.682 INFO  Minecraft: Guild > Za1bot left. 
17:48:32.273 INFO  Minecraft: Guild > Za1bot joined. 
17:49:08.271 INFO  Minecraft: Guild > Za1bot left. 
17:50:17.237 INFO  Minecraft: Guild > Za1bot joined. 
17:52:28.755 INFO  Minecraft: Guild > Za1bot left. 
18:00:08.830 INFO  Minecraft:  
18:00:08.850 INFO  Minecraft: [WATCHDOG ANNOUNCEMENT] 
18:00:08.852 INFO  Minecraft: Watchdog has banned 27,943 players in the last 7 days. 
18:00:08.854 INFO  Minecraft: Staff have banned an additional 17,605 in the last 7 days. 
18:00:08.856 INFO  Minecraft: Blacklisted modifications are a bannable offense! 
18:00:08.858 INFO  Minecraft:  
18:03:35.985 INFO  Minecraft: Guild > OwOPingu joined. 
18:08:03.696 INFO  Minecraft: Guild > BamBoozledMC left. 
18:09:18.769 INFO  Minecraft: Guild > BamBoozledMC joined. 
18:10:19.965 INFO  Minecraft: Guild > OwOPingu left. 
18:47:48.844 INFO  Minecraft: Guild > BamBoozledMC left. 
19:06:52.523 INFO  Minecraft: Guild > YoMadaEatingRice joined. 
19:38:56.593 INFO  Minecraft: Guild > OLYforever joined. 
19:45:28.025 INFO  Minecraft: Guild > UnknownShadow124 joined. 
19:58:53.492 INFO  Minecraft: Friend > R4M11_KN0 left. 
20:00:08.968 INFO  Minecraft:  
20:00:08.985 INFO  Minecraft: [WATCHDOG ANNOUNCEMENT] 
20:00:08.987 INFO  Minecraft: Watchdog has banned 27,970 players in the last 7 days. 
20:00:08.988 INFO  Minecraft: Staff have banned an additional 17,581 in the last 7 days. 
20:00:08.997 INFO  Minecraft: Blacklisted modifications are a bannable offense! 
20:00:09.000 INFO  Minecraft:  
20:05:04.733 INFO  Minecraft: Friend > R4M11_KN0 joined. 
20:05:10.692 INFO  Minecraft: Friend > R4M11_KN0 left. 
20:05:34.010 INFO  Minecraft: Friend > R4M11_KN0 joined. 
20:08:32.853 INFO  Minecraft: Guild > YoMadaEatingRice left. 
20:10:21.860 INFO  Minecraft: [Bazaar] Your co-op Sell Offer for 31x Enchanted Raw Salmon was filled! 
20:11:57.976 INFO  Minecraft: Guild > OLYforever left. 
20:11:59.997 INFO  Minecraft: Guild > UnknownShadow124 left. 
20:24:12.449 INFO  Minecraft: Guild > UnknownShadow124 joined. 
20:24:40.495 INFO  Minecraft: Friend > R4M11_KN0 left. 
20:24:58.890 INFO  Minecraft: Friend > R4M11_KN0 joined. 
20:34:02.037 INFO  Minecraft: Guild > UnknownShadow124 left. 
20:37:51.388 INFO  Minecraft: Guild > UnknownShadow124 joined. 
20:53:57.157 INFO  Minecraft: Guild > UnknownShadow124 left. 
21:03:29.691 INFO  Minecraft: Guild > sommthing joined. 
21:17:11.235 INFO  Minecraft: Guild > sommthing left. 
21:24:38.129 INFO  Minecraft: Guild > OLYforever joined. 
21:25:34.106 INFO  Minecraft: Guild > OLYforever left. 
21:29:31.473 INFO  Minecraft: Guild > OLYforever joined. 
21:34:59.900 INFO  Minecraft: SPOOKY FESTIVAL The event starts in 3 days! 
21:34:59.918 INFO  Minecraft: SPOOKY FESTIVAL the Fear Mongerer has arrived in the hub! 
21:48:24.434 INFO  Minecraft: Friend > R4M11_KN0 left. 
21:50:29.174 INFO  Minecraft: Guild > sommthing joined. 
21:55:00.449 INFO  Minecraft: SPOOKY FESTIVAL The event starts in 2 days! 
22:00:03.684 INFO  Minecraft: Friend > R4M11_KN0 joined. 
22:00:09.689 INFO  Minecraft:  
22:00:09.693 INFO  Minecraft: [WATCHDOG ANNOUNCEMENT] 
22:00:09.695 INFO  Minecraft: Watchdog has banned 28,040 players in the last 7 days. 
22:00:09.697 INFO  Minecraft: Staff have banned an additional 17,510 in the last 7 days. 
22:00:09.698 INFO  Minecraft: Blacklisted modifications are a bannable offense! 
22:00:09.700 INFO  Minecraft:  
22:00:43.841 INFO  Minecraft: Friend > R4M11_KN0 left. 
22:01:39.057 INFO  Minecraft: Guild > sommthing left. 
22:02:01.899 INFO  Minecraft: Friend > R4M11_KN0 joined. 
22:15:00.475 INFO  Minecraft: SPOOKY FESTIVAL The event starts in 1 day! 
22:15:58.867 INFO  Minecraft: Guild > OLYforever left. 
22:29:29.734 INFO  Minecraft: [Important] This server will restart soon: Scheduled Reboot 
22:29:29.766 INFO  Minecraft: You have 60 seconds to warp out! CLICK to warp now! 
22:30:27.793 INFO  Minecraft: Evacuating to Hub... 
22:30:27.929 INFO  Minecraft: Sending to server mini738T... 
22:30:28.111 INFO  Logged in. 
22:30:29.208 INFO  Minecraft:         
22:30:31.459 INFO  Minecraft: [VIP] I_DontHax: can relate 
22:30:33.111 INFO  Sending to skyblock. 
22:30:34.577 INFO  Minecraft: You are playing on profile: Zucchini (Co-op) 
22:30:36.286 INFO  Minecraft: You are already playing SkyBlock! 
22:30:39.249 INFO  Minecraft: Warping you to your SkyBlock island... 
22:30:39.781 INFO  Minecraft: Sending to server mini995E... 
22:30:39.795 INFO  Logged in. 
22:30:40.494 INFO  Minecraft:         
22:30:44.935 INFO  Sending to skyblock. 
22:30:46.101 INFO  Minecraft: You are playing on profile: Zucchini (Co-op) 
22:30:47.757 INFO  Minecraft: You are already playing SkyBlock! 
22:30:50.741 INFO  Minecraft: You're already sitting on this island! 
22:59:30.502 INFO  Minecraft: Guild > FabledLivid joined. 
23:18:33.434 INFO  Minecraft: Friend > R4M11_KN0 left. 
23:22:56.570 INFO  Minecraft: Guild > friendly_rook left. 
23:27:13.069 INFO  Minecraft: Guild > FabledLivid left. 
23:40:34.528 INFO  Minecraft: Guild > UnknownShadow124 joined. 
23:45:25.785 INFO  Minecraft: Guild > UnknownShadow124 left. 
23:47:48.260 INFO  Minecraft: Guild > UnknownShadow124 joined. 
23:55:20.133 INFO  Minecraft: Guild > TimothyPlays57 joined. 
00:00:09.567 INFO  Minecraft:  
00:00:09.599 INFO  Minecraft: [WATCHDOG ANNOUNCEMENT] 
00:00:09.601 INFO  Minecraft: Watchdog has banned 28,108 players in the last 7 days. 
00:00:09.603 INFO  Minecraft: Staff have banned an additional 17,473 in the last 7 days. 
00:00:09.605 INFO  Minecraft: Blacklisted modifications are a bannable offense! 
00:00:09.607 INFO  Minecraft:  

