00:31:49.786 INFO  Minecraft: Guild > NucOps06 joined. 
01:19:12.659 INFO  Minecraft: Guild > NucOps06 left. 
02:00:14.112 INFO  Minecraft:  
02:00:14.129 INFO  Minecraft: [WATCHDOG ANNOUNCEMENT] 
02:00:14.130 INFO  Minecraft: Watchdog has banned 34,960 players in the last 7 days. 
02:00:14.131 INFO  Minecraft: Staff have banned an additional 18,083 in the last 7 days. 
02:00:14.132 INFO  Minecraft: Blacklisted modifications are a bannable offense! 
02:00:14.133 INFO  Minecraft:  
02:22:38.159 INFO  Minecraft: Guild > UnknowAccount left. 
02:40:15.797 INFO  Minecraft: Guild > NucOps06 joined. 
03:00:53.597 INFO  Minecraft: Guild > UnknowAccount joined. 
03:50:51.965 INFO  Minecraft: Guild > NucOps06 left. 
03:52:28.988 INFO  Minecraft: Guild > NucOps06 joined. 
03:53:03.266 INFO  Minecraft: Guild > NucOps06 left. 
03:53:28.802 INFO  Minecraft: Guild > UnknowAccount left. 
03:54:06.388 INFO  Minecraft: Guild > NucOps06 joined. 
03:54:38.381 INFO  Minecraft: Guild > NucOps06 left. 
03:55:24.712 INFO  Minecraft: Guild > NucOps06 joined. 
04:00:14.337 INFO  Minecraft:  
04:00:14.345 INFO  Minecraft: [WATCHDOG ANNOUNCEMENT] 
04:00:14.346 INFO  Minecraft: Watchdog has banned 34,952 players in the last 7 days. 
04:00:14.347 INFO  Minecraft: Staff have banned an additional 18,131 in the last 7 days. 
04:00:14.347 INFO  Minecraft: Blacklisted modifications are a bannable offense! 
04:00:14.348 INFO  Minecraft:  
04:07:39.716 INFO  Logging in. 
04:07:41.177 INFO  Discord: Logged in. 
04:07:42.899 INFO  Minecraft: ----------------------------------------------------- 
04:07:42.901 INFO  Minecraft: Requirements are Skill Avg 23, Cata 23, and 170m net, along 
04:07:42.902 INFO  Minecraft: with 85k gexp a week! Make sure to have fun and contact 
04:07:42.903 INFO  Minecraft: OwOSeal or Smol if you have something to report, or something else to say! 
04:07:42.904 INFO  Minecraft: ----------------------------------------------------- 
04:07:42.949 INFO  Logged in. 
04:07:43.074 INFO  Minecraft:                                       
04:07:43.082 INFO  Minecraft:                           
04:07:43.249 INFO  Minecraft: You found a ✰✰✰✰✰ Mystery Box! 
04:07:45.124 INFO  Minecraft: [MVP+] vnsu joined the lobby! 
04:07:45.126 INFO  Sending to skyblock. 
04:07:45.576 INFO  Minecraft: Sending to server mini361P... 
04:07:45.806 INFO  Logged in. 
04:07:46.078 INFO  Minecraft:         
04:07:47.441 INFO  Minecraft: You're already sitting on this island! 
04:07:47.948 INFO  Sending to skyblock. 
04:07:48.184 INFO  Minecraft: Please don't spam the command! 
04:07:49.236 INFO  Minecraft: You are playing on profile: Zucchini (Co-op) 
04:07:49.834 INFO  Minecraft:  
04:07:49.835 INFO  Minecraft: Welcome to Hypixel SkyBlock! 
04:07:50.806 INFO  Sending to skyblock. 
04:07:51.050 INFO  Minecraft: Cannot join SkyBlock for a moment! (Queue join in cooldown) 
04:07:53.233 INFO  Minecraft: You're already sitting on this island! 
04:07:56.171 INFO  Minecraft: You're already sitting on this island! 
04:08:06.935 INFO  Minecraft: Friend > SnowedSeal joined. 
04:35:14.662 INFO  Logging in. 
04:35:16.020 INFO  Discord: Logged in. 
04:35:17.958 INFO  Logged in. 
04:35:18.170 INFO  Minecraft:                                       
04:35:18.177 INFO  Minecraft:                           
04:35:18.518 INFO  Minecraft: ----------------------------------------------------- 
04:35:18.519 INFO  Minecraft: Requirements are Skill Avg 23, Cata 23, and 170m net, along 
04:35:18.520 INFO  Minecraft: with 85k gexp a week! Make sure to have fun and contact 
04:35:18.521 INFO  Minecraft: OwOSeal or Smol if you have something to report, or something else to say! 
04:35:18.521 INFO  Minecraft: ----------------------------------------------------- 
04:35:20.083 INFO  Minecraft: [MVP+] Nightmahre joined the lobby! 
04:35:20.085 INFO  Sending to skyblock. 
04:35:20.601 INFO  Minecraft: Sending to server mini905G... 
04:35:20.750 INFO  Logged in. 
04:35:21.057 INFO  Minecraft:         
04:35:22.397 INFO  Minecraft: You're already sitting on this island! 
04:35:22.957 INFO  Sending to skyblock. 
04:35:23.208 INFO  Minecraft: Please don't spam the command! 
04:35:24.188 INFO  Minecraft: You are playing on profile: Zucchini (Co-op) 
04:35:24.788 INFO  Minecraft:  
04:35:24.829 INFO  Minecraft: Welcome to Hypixel SkyBlock! 
04:35:25.761 INFO  Sending to skyblock. 
04:35:25.998 INFO  Minecraft: Cannot join SkyBlock for a moment! (Queue join in cooldown) 
04:35:28.367 INFO  Minecraft: You're already sitting on this island! 
04:35:31.088 INFO  Minecraft: You're already sitting on this island! 
05:30:00.463 INFO  Minecraft: Friend > SnowedSeal left. 
05:34:59.955 INFO  Minecraft: FISHING FESTIVAL The event starts in 3 days! 
05:55:00.724 INFO  Minecraft: FISHING FESTIVAL The event starts in 2 days! 
06:00:15.680 INFO  Minecraft:  
06:00:15.682 INFO  Minecraft: [WATCHDOG ANNOUNCEMENT] 
06:00:15.683 INFO  Minecraft: Watchdog has banned 34,957 players in the last 7 days. 
06:00:15.684 INFO  Minecraft: Staff have banned an additional 18,150 in the last 7 days. 
06:00:15.685 INFO  Minecraft: Blacklisted modifications are a bannable offense! 
06:00:15.686 INFO  Minecraft:  
06:15:00.963 INFO  Minecraft: FISHING FESTIVAL The event starts in 1 day! 
06:21:05.448 INFO  Minecraft: A player has been removed from your game. 
06:21:05.471 INFO  Minecraft: Use /report to continue helping out the server! 
06:35:02.019 INFO  Minecraft: FISHING FESTIVAL The festival is now underway! Break out your fishing rods and watch out for sharks! 
07:25:18.544 INFO  Minecraft: Guild > itchygabe joined. 
07:26:05.652 INFO  Minecraft: Guild > itchygabe left. 
07:35:00.471 INFO  Minecraft: FISHING FESTIVAL The festival has concluded! Time to dry off and repair your rods! 
07:46:03.788 INFO  Minecraft: Guild > UnknowAccount joined. 
08:00:15.865 INFO  Minecraft:  
08:00:15.867 INFO  Minecraft: [WATCHDOG ANNOUNCEMENT] 
08:00:15.867 INFO  Minecraft: Watchdog has banned 35,015 players in the last 7 days. 
08:00:15.868 INFO  Minecraft: Staff have banned an additional 18,234 in the last 7 days. 
08:00:15.870 INFO  Minecraft: Blacklisted modifications are a bannable offense! 
08:00:15.871 INFO  Minecraft:  
08:18:48.867 INFO  Minecraft: Guild > clonzy joined. 
08:19:11.776 INFO  Minecraft: Guild > clonzy left. 
08:20:29.370 INFO  Minecraft: Guild > clonzy joined. 
08:23:51.693 INFO  Minecraft: Guild > clonzy left. 
08:51:18.317 INFO  Minecraft: Guild > 3ctooo joined. 
09:00:49.053 INFO  Minecraft: Guild > 3ctooo left. 
09:04:55.326 INFO  Minecraft: Guild > noteisaqt joined. 
09:24:01.524 INFO  Minecraft: Guild > loxuu left. 
09:34:05.174 INFO  Minecraft: Friend > SnowedSeal joined. 
09:49:41.100 INFO  Logging in. 
09:49:42.495 INFO  Discord: Logged in. 
09:49:44.007 INFO  Logged in. 
09:49:44.221 INFO  Minecraft:                                       
09:49:44.232 INFO  Minecraft:                           
09:49:44.341 INFO  Minecraft: You found a ✰✰✰✰✰ Mystery Box! 
09:49:45.601 INFO  Minecraft: ----------------------------------------------------- 
09:49:45.602 INFO  Minecraft: Requirements are Skill Avg 23, Cata 23, and 170m net, along 
09:49:45.602 INFO  Minecraft: with 85k gexp a week! Make sure to have fun and contact 
09:49:45.603 INFO  Minecraft: OwOSeal or Smol if you have something to report, or something else to say! 
09:49:45.603 INFO  Minecraft: ----------------------------------------------------- 
09:49:48.675 INFO  Minecraft:  >>> [MVP++] mqzd joined the lobby! <<< 
09:49:49.012 INFO  Sending to skyblock. 
09:49:49.505 INFO  Minecraft: Sending to server mini728F... 
09:49:49.650 INFO  Logged in. 
09:49:49.937 INFO  Minecraft:         
09:49:53.076 INFO  Minecraft: You are playing on profile: Zucchini (Co-op) 
09:49:53.670 INFO  Minecraft:  
09:49:53.670 INFO  Minecraft: Welcome to Hypixel SkyBlock! 
09:49:54.314 INFO  Minecraft: You're already sitting on this island! 
09:49:54.656 INFO  Sending to skyblock. 
09:49:54.903 INFO  Minecraft: Cannot join SkyBlock for a moment! (Queue join in cooldown) 
09:49:59.957 INFO  Minecraft: You're already sitting on this island! 
09:50:15.044 INFO  Logging in. 
09:50:16.443 INFO  Discord: Logged in. 
09:50:17.824 INFO  Logged in. 
09:50:18.029 INFO  Minecraft:                                       
09:50:18.037 INFO  Minecraft:                           
09:50:19.493 INFO  Minecraft: ----------------------------------------------------- 
09:50:19.495 INFO  Minecraft: Requirements are Skill Avg 23, Cata 23, and 170m net, along 
09:50:19.497 INFO  Minecraft: with 85k gexp a week! Make sure to have fun and contact 
09:50:19.498 INFO  Minecraft: OwOSeal or Smol if you have something to report, or something else to say! 
09:50:19.499 INFO  Minecraft: ----------------------------------------------------- 
09:50:22.829 INFO  Sending to skyblock. 
09:50:23.296 INFO  Minecraft: Sending to server mini309N... 
09:50:23.402 INFO  Logged in. 
09:50:23.705 INFO  Minecraft:         
09:50:26.807 INFO  Minecraft: You are playing on profile: Zucchini (Co-op) 
09:50:27.450 INFO  Minecraft:  
09:50:27.451 INFO  Minecraft: Welcome to Hypixel SkyBlock! 
09:50:28.150 INFO  Minecraft: You're already sitting on this island! 
09:50:28.402 INFO  Sending to skyblock. 
09:50:28.647 INFO  Minecraft: Cannot join SkyBlock for a moment! (Queue join in cooldown) 
09:50:33.727 INFO  Minecraft: You're already sitting on this island! 
09:55:04.301 INFO  Minecraft: Guild > itchygabe joined. 
09:55:43.606 INFO  Minecraft: Guild > itchygabe left. 
09:55:52.275 INFO  Minecraft: ----------------------------------------------------- 
09:55:52.277 INFO  Minecraft: You have just received 226,645 coins as interest in your co-op bank account! 
09:55:52.278 INFO  Minecraft: ----------------------------------------------------- 
10:00:14.650 INFO  Minecraft: Guild > itchygabe joined. 
10:00:16.067 INFO  Minecraft:  
10:00:16.070 INFO  Minecraft: [WATCHDOG ANNOUNCEMENT] 
10:00:16.070 INFO  Minecraft: Watchdog has banned 35,093 players in the last 7 days. 
10:00:16.071 INFO  Minecraft: Staff have banned an additional 17,598 in the last 7 days. 
10:00:16.072 INFO  Minecraft: Blacklisted modifications are a bannable offense! 
10:00:16.072 INFO  Minecraft:  
10:02:54.150 INFO  Minecraft: Guild > itchygabe left. 
10:12:43.366 INFO  Minecraft: Guild > UnknowAccount left. 
10:17:32.661 INFO  Minecraft: Guild > loxuu joined. 
10:26:52.231 INFO  Minecraft: Guild > NucOps06 left. 
10:28:00.313 INFO  Minecraft: Guild > NucOps06 joined. 
10:37:08.060 INFO  Minecraft: Guild > NucOps06 left. 
10:37:12.860 INFO  Minecraft: Guild > NucOps06 joined. 
10:57:59.348 INFO  Minecraft: Friend > SnowedSeal left. 
11:03:59.586 INFO  Minecraft: Friend > SnowedSeal joined. 
11:06:43.601 INFO  Minecraft: Friend > SnowedSeal left. 
11:13:58.488 INFO  Minecraft: Friend > SnowedSeal joined. 
11:29:35.927 INFO  Minecraft: Friend > SnowedSeal left. 
12:00:16.393 INFO  Minecraft:  
12:00:16.477 INFO  Minecraft: [WATCHDOG ANNOUNCEMENT] 
12:00:16.479 INFO  Minecraft: Watchdog has banned 35,307 players in the last 7 days. 
12:00:16.479 INFO  Minecraft: Staff have banned an additional 17,643 in the last 7 days. 
12:00:16.480 INFO  Minecraft: Blacklisted modifications are a bannable offense! 
12:00:16.480 INFO  Minecraft:  
12:09:33.953 INFO  Minecraft: Guild > loxuu left. 
12:13:58.526 INFO  Minecraft: Friend > IdlyChiqken joined. 
12:57:18.346 INFO  Minecraft: Guild > 3ctooo joined. 
12:59:31.600 INFO  Minecraft: Guild > 3ctooo left. 
12:59:33.364 INFO  Minecraft: Guild > 3ctooo joined. 
13:01:08.563 INFO  Minecraft: Guild > NucOps06 left. 
13:31:45.238 INFO  Minecraft: Guild > clonzy joined. 
13:31:52.035 INFO  Minecraft: Guild > 3ctooo left. 
14:00:16.564 INFO  Minecraft:  
14:00:16.566 INFO  Minecraft: [WATCHDOG ANNOUNCEMENT] 
14:00:16.567 INFO  Minecraft: Watchdog has banned 35,311 players in the last 7 days. 
14:00:16.568 INFO  Minecraft: Staff have banned an additional 17,602 in the last 7 days. 
14:00:16.569 INFO  Minecraft: Blacklisted modifications are a bannable offense! 
14:00:16.569 INFO  Minecraft:  
15:30:52.079 INFO  Minecraft: Guild > clonzy left. 
15:51:58.337 INFO  Minecraft: Friend > IdlyChiqken left. 
15:59:24.645 INFO  Minecraft: Friend > IdlyChiqken joined. 
16:00:16.709 INFO  Minecraft:  
16:00:16.711 INFO  Minecraft: [WATCHDOG ANNOUNCEMENT] 
16:00:16.712 INFO  Minecraft: Watchdog has banned 35,313 players in the last 7 days. 
16:00:16.713 INFO  Minecraft: Staff have banned an additional 17,623 in the last 7 days. 
16:00:16.713 INFO  Minecraft: Blacklisted modifications are a bannable offense! 
16:00:16.714 INFO  Minecraft:  
16:25:29.886 INFO  Minecraft: [SkyBlock] [VIP+] NuzzNim is visiting Your Island! 
18:00:16.911 INFO  Minecraft:  
18:00:16.914 INFO  Minecraft: [WATCHDOG ANNOUNCEMENT] 
18:00:16.915 INFO  Minecraft: Watchdog has banned 35,004 players in the last 7 days. 
18:00:16.916 INFO  Minecraft: Staff have banned an additional 17,660 in the last 7 days. 
18:00:16.917 INFO  Minecraft: Blacklisted modifications are a bannable offense! 
18:00:16.917 INFO  Minecraft:  
18:32:02.831 INFO  Minecraft: Friend > IdlyChiqken left. 
18:48:57.314 INFO  Minecraft: Friend > IdlyChiqken joined. 
18:59:40.060 INFO  Minecraft: [Important] This server will restart soon: Scheduled Reboot 
18:59:40.103 INFO  Minecraft: You have 60 seconds to warp out! CLICK to warp now! 
19:00:38.171 INFO  Minecraft: Evacuating to Hub... 
19:00:38.214 INFO  Minecraft: Sending to server mini44H... 
19:00:38.309 INFO  Logged in. 
19:00:38.846 INFO  Minecraft:         
19:00:42.181 INFO  Minecraft: You are playing on profile: Zucchini (Co-op) 
19:00:42.691 INFO  Minecraft: ALLOWANCE! You earned 50,000 coins! 
19:00:43.322 INFO  Sending to skyblock. 
19:00:43.565 INFO  Minecraft: You are already playing SkyBlock! 
19:00:48.568 INFO  Minecraft: Warping you to your SkyBlock island... 
19:00:48.874 INFO  Minecraft: Sending to server mini359K... 
19:00:48.941 INFO  Logged in. 
19:00:49.197 INFO  Minecraft:         
19:00:52.360 INFO  Minecraft: You are playing on profile: Zucchini (Co-op) 
19:00:53.952 INFO  Sending to skyblock. 
19:00:54.196 INFO  Minecraft: You are already playing SkyBlock! 
19:00:59.276 INFO  Minecraft: You're already sitting on this island! 
20:00:17.112 INFO  Minecraft:  
20:00:17.123 INFO  Minecraft: [WATCHDOG ANNOUNCEMENT] 
20:00:17.124 INFO  Minecraft: Watchdog has banned 34,907 players in the last 7 days. 
20:00:17.125 INFO  Minecraft: Staff have banned an additional 17,725 in the last 7 days. 
20:00:17.125 INFO  Minecraft: Blacklisted modifications are a bannable offense! 
20:00:17.126 INFO  Minecraft:  
21:30:43.993 INFO  Minecraft: Friend > IdlyChiqken left. 
21:33:38.980 INFO  Minecraft: Guild > UnknowAccount joined. 
21:43:38.800 INFO  Minecraft: Guild > NucOps06 joined. 
21:46:07.978 INFO  Minecraft: Guild > NucOps06 left. 
21:46:13.767 INFO  Minecraft: Guild > NucOps06 joined. 
22:00:17.492 INFO  Minecraft:  
22:00:17.495 INFO  Minecraft: [WATCHDOG ANNOUNCEMENT] 
22:00:17.496 INFO  Minecraft: Watchdog has banned 35,145 players in the last 7 days. 
22:00:17.497 INFO  Minecraft: Staff have banned an additional 17,705 in the last 7 days. 
22:00:17.497 INFO  Minecraft: Blacklisted modifications are a bannable offense! 
22:00:17.498 INFO  Minecraft:  
23:58:02.218 INFO  Minecraft: Guild > NucOps06 left. 
00:00:17.948 INFO  Minecraft:  
00:00:17.952 INFO  Minecraft: [WATCHDOG ANNOUNCEMENT] 
00:00:17.953 INFO  Minecraft: Watchdog has banned 34,813 players in the last 7 days. 
00:00:17.953 INFO  Minecraft: Staff have banned an additional 17,697 in the last 7 days. 
00:00:17.954 INFO  Minecraft: Blacklisted modifications are a bannable offense! 
00:00:17.955 INFO  Minecraft:  

