18:23:31.612 INFO  Logging in. 
18:23:32.934 INFO  Discord: Logged in. 
18:23:35.060 INFO  Logged in. 
18:23:35.279 INFO  Minecraft:                                       
18:23:35.287 INFO  Minecraft:                           
18:23:35.898 INFO  Minecraft: ----------------------------------------------------- 
18:23:35.898 INFO  Minecraft:  You have been muted for 10m by  [MVP++] SnowedSeal 
18:23:35.898 INFO  Minecraft: ----------------------------------------------------- 
18:23:40.063 INFO  Sending to skyblock. 
18:23:40.468 INFO  Minecraft: Sending to server mini737Q... 
18:23:40.849 INFO  Logged in. 
18:23:41.129 INFO  Minecraft:         
18:23:44.259 INFO  Minecraft: You are playing on profile: Zucchini (Co-op) 
18:23:44.859 INFO  Minecraft:  
18:23:44.860 INFO  Minecraft: Welcome to Hypixel SkyBlock! 
18:23:45.287 INFO  Minecraft: ALLOWANCE! You earned 50,000 coins! 
18:23:45.360 INFO  Minecraft: You're already sitting on this island! 
18:23:45.874 INFO  Sending to skyblock. 
18:23:46.122 INFO  Minecraft: Cannot join SkyBlock for a moment! (Queue join in cooldown) 
18:23:51.199 INFO  Minecraft: You're already sitting on this island! 
18:23:53.346 INFO  Minecraft: Guild > Kophur left. 
18:23:54.317 INFO  Minecraft: Guild > Kophur joined. 
18:24:14.050 INFO  Discord: [💬→︱guild-chat] Dev | Bam: ayo bro is it bussin 
18:24:14.317 INFO  Minecraft: Guild > SealBot [ADMIN]: Dev| Bam» ayo bro is it bussin 
18:24:52.321 INFO  Discord: [💬→︱guild-chat] Dev | Bam: =ping 
20:33:10.997 INFO  Logging in. 
20:33:12.259 INFO  Discord: Logged in. 
20:33:13.109 INFO  Minecraft: ----------------------------------------------------- 
20:33:13.112 INFO  Minecraft:  You have been muted for 10m by  [MVP++] SnowedSeal 
20:33:13.112 INFO  Minecraft: ----------------------------------------------------- 
20:33:13.178 INFO  Logged in. 
20:33:13.317 INFO  Minecraft:                                       
20:33:13.322 INFO  Minecraft:                           
20:33:18.185 INFO  Sending to skyblock. 
20:33:18.609 INFO  Minecraft: Sending to server mini530S... 
20:33:18.849 INFO  Logged in. 
20:33:19.135 INFO  Minecraft:         
20:33:22.295 INFO  Minecraft: You are playing on profile: Zucchini (Co-op) 
20:33:22.921 INFO  Minecraft:  
20:33:22.922 INFO  Minecraft: Welcome to Hypixel SkyBlock! 
20:33:23.510 INFO  Minecraft: You're already sitting on this island! 
20:33:23.854 INFO  Sending to skyblock. 
20:33:24.098 INFO  Minecraft: Cannot join SkyBlock for a moment! (Queue join in cooldown) 
20:33:28.737 INFO  Discord: [💬→︱guild-chat] Dev | Bam: =announce Bot is now back up :D 
20:33:28.977 INFO  Minecraft: Guild > SealBot [ADMIN]: <BROADCAST> Bot is now back up :D 
20:33:29.158 INFO  Minecraft: You're already sitting on this island! 
20:33:32.538 INFO  Discord: [💬→︱guild-chat] Dev | Bam:  
20:33:32.853 INFO  Minecraft: Guild > SealBot [ADMIN]: Dev| Bam» 
20:35:46.236 INFO  Minecraft: Guild > [VIP+] YoMadaEatingRice [S]: :eyes: 
20:40:39.240 INFO  Discord: [💬→︱guild-chat] Mod | SnowedBear: sussy 
20:40:39.553 INFO  Minecraft: Guild > SealBot [ADMIN]: Mod| SnowedBear» sussy 
20:40:42.275 INFO  Minecraft: Guild > [MVP+] Gnada [S]: Baka 
20:42:33.130 INFO  Minecraft: Guild > Merged1111 joined. 
20:42:50.437 INFO  Logging in. 
20:42:51.763 INFO  Discord: Logged in. 
20:42:53.308 INFO  Logged in. 
20:42:53.529 INFO  Minecraft:                                       
20:42:53.536 INFO  Minecraft:                           
20:42:54.650 INFO  Minecraft: ----------------------------------------------------- 
20:42:54.652 INFO  Minecraft:  You have been muted for 10m by  [MVP++] SnowedSeal 
20:42:54.653 INFO  Minecraft: ----------------------------------------------------- 
20:42:58.319 INFO  Sending to skyblock. 
20:42:59.041 INFO  Minecraft: Sending to server mini275D... 
20:42:59.145 INFO  Logged in. 
20:42:59.431 INFO  Minecraft:         
20:43:02.901 INFO  Minecraft: You are playing on profile: Zucchini (Co-op) 
20:43:03.166 INFO  Minecraft:  
20:43:03.190 INFO  Minecraft: Welcome to Hypixel SkyBlock! 
20:43:03.626 INFO  Minecraft: You're already sitting on this island! 
20:43:04.154 INFO  Sending to skyblock. 
20:43:04.400 INFO  Minecraft: Cannot join SkyBlock for a moment! (Queue join in cooldown) 
20:43:09.470 INFO  Minecraft: You're already sitting on this island! 
20:44:05.098 INFO  Logging in. 
20:44:06.295 INFO  Discord: Logged in. 
20:44:08.177 INFO  Logged in. 
20:44:08.396 INFO  Minecraft:                                       
20:44:08.402 INFO  Minecraft:                           
20:44:09.549 INFO  Minecraft: ----------------------------------------------------- 
20:44:09.550 INFO  Minecraft:  You have been muted for 10m by  [MVP++] SnowedSeal 
20:44:09.551 INFO  Minecraft: ----------------------------------------------------- 
20:44:13.177 INFO  Sending to skyblock. 
20:44:13.639 INFO  Minecraft: Sending to server mini691W... 
20:44:13.741 INFO  Logged in. 
20:44:14.106 INFO  Minecraft:         
20:44:17.151 INFO  Minecraft: You are playing on profile: Zucchini (Co-op) 
20:44:17.750 INFO  Minecraft:  
20:44:17.784 INFO  Minecraft: Welcome to Hypixel SkyBlock! 
20:44:18.540 INFO  Minecraft: You're already sitting on this island! 
20:44:18.750 INFO  Sending to skyblock. 
20:44:19.018 INFO  Minecraft: Cannot join SkyBlock for a moment! (Queue join in cooldown) 
20:44:24.159 INFO  Minecraft: You're already sitting on this island! 
20:44:34.316 INFO  Minecraft: Guild > slays101 joined. 
20:44:35.214 INFO  Minecraft: Guild > slays101 joined. 
20:44:36.269 INFO  Minecraft: Guild > slays101 left. 
20:44:38.094 INFO  Minecraft: Guild > slays101 joined. 
20:44:39.228 INFO  Minecraft: Guild > slays101 left. 
20:44:42.175 INFO  Minecraft: Guild > slays101 joined. 
20:44:43.099 INFO  Minecraft: Guild > slays101 left. 
20:44:54.301 INFO  Minecraft: Guild > slays101 joined. 
20:44:55.172 INFO  Minecraft: Guild > slays101 left. 
20:44:56.186 INFO  Minecraft: Guild > slays101 joined. 
20:44:57.328 INFO  Minecraft: Guild > slays101 left. 
20:44:58.304 INFO  Minecraft: Guild > slays101 joined. 
20:44:59.205 INFO  Minecraft: Guild > slays101 left. 
20:45:00.091 INFO  Minecraft: Guild > slays101 joined. 
20:45:01.309 INFO  Minecraft: Guild > slays101 left. 
20:52:19.013 INFO  Minecraft: Guild > Gnada left. 
20:52:31.961 INFO  Minecraft: Guild > Teimi08 joined. 
20:55:02.191 INFO  Minecraft: FISHING FESTIVAL The festival is now underway! Break out your fishing rods and watch out for sharks! 
20:55:35.597 INFO  Minecraft: Guild > Gnada joined. 
20:55:44.889 INFO  Minecraft: Guild > ItsGvidas joined. 
20:59:00.475 INFO  Minecraft: The Traveling Zoo is visiting the SkyBlock Hub! 
20:59:00.507 INFO  Minecraft: CLICK HERE to shop for exotic pets! 
20:59:21.122 INFO  Minecraft: Guild > oSnapItsWalter joined. 
21:03:23.463 INFO  Minecraft: Guild > Cloudening joined. 
21:03:25.373 INFO  Minecraft: ----------------------------------------------------- 
21:03:25.374 INFO  Minecraft: You have just received 300,000 coins as interest in your co-op bank account! 
21:03:25.375 INFO  Minecraft: ----------------------------------------------------- 
21:06:15.731 INFO  Minecraft: Guild > Teimi08 left. 
21:06:15.943 INFO  Minecraft: Guild > [MVP+] Gnada [S]: LOL 
21:06:19.473 INFO  Minecraft: Guild > [MVP+] Gnada [S]: HOUND PETS ARE 11M 
21:06:36.908 INFO  Minecraft: Guild > [VIP+] YoMadaEatingRice [S]: wtf why 
21:08:44.570 INFO  Minecraft: Guild > valxtxne left. 
21:08:58.693 INFO  Minecraft: Guild > valxtxne joined. 
21:09:28.063 INFO  Minecraft: Guild > [VIP+] Merged1111 [M]: hi 
21:09:34.577 INFO  Minecraft: Guild > [MVP+] Gnada [S]: helo 
21:09:53.467 INFO  Minecraft: Guild > [VIP+] Merged1111 [M]: anyone has 15mil? 
21:10:58.196 INFO  Minecraft: Guild > trvisXX joined. 
21:11:02.046 INFO  Minecraft: Guild > valxtxne left. 
21:11:16.297 INFO  Minecraft: Guild > [MVP+] trvisXX [M]: goood morning 
21:11:24.777 INFO  Minecraft: Guild > [MVP+] Gnada [S]: gud morning 
21:11:57.042 INFO  Minecraft: Guild > [VIP+] Merged1111 [M]: p trashtho 
21:12:53.952 INFO  Minecraft: Guild > ZZZZAGGGE joined. 
21:13:05.078 INFO  Minecraft: Guild > YoMadaEatingRice left. 
21:13:31.999 INFO  Minecraft: Guild > valxtxne joined. 
21:13:44.804 INFO  Minecraft: [SkyBlock] [VIP] jaimy1010 is visiting Your Island! 
21:14:06.016 INFO  Minecraft: Guild > slays101 left. 
21:15:41.661 INFO  Minecraft: Guild > ItsGvidas left. 
21:15:48.853 INFO  Minecraft: Guild > ItsGvidas joined. 
21:33:13.637 INFO  Minecraft: Guild > trvisXX left. 
21:44:01.540 INFO  Minecraft: Guild > VariableOwO joined. 
21:44:28.512 INFO  Minecraft: Guild > valxtxne left. 
21:45:47.653 INFO  Minecraft: Guild > stinkStonks joined. 
21:46:02.107 INFO  Minecraft: Guild > [MVP+] Gnada [S]: uhh 
21:46:04.470 INFO  Minecraft: Guild > [MVP+] Gnada [S]: sb dying?? 
21:46:09.061 INFO  Minecraft: Guild > [VIP] ZZZZAGGGE [M]: why? 
21:46:20.924 INFO  Minecraft: Guild > [MVP+] Gnada [S]: lot of lag 
21:46:23.916 INFO  Minecraft: Guild > [VIP] ZZZZAGGGE [M]: true 
21:46:30.940 INFO  Minecraft: Guild > [VIP+] Merged1111 [M]: true 
21:46:31.069 INFO  Minecraft: Guild > [VIP] ZZZZAGGGE [M]: especially this few days? 
21:46:32.757 INFO  Minecraft: Guild > [MVP+] Gnada [S]: nothing while playing bw 
21:46:35.292 INFO  Minecraft: Guild > [MVP+] Gnada [S]: yea 
21:46:48.763 INFO  Minecraft: Guild > [MVP+] Gnada [S]: Lol 
21:46:50.951 INFO  Minecraft: Guild > [VIP] ZZZZAGGGE [M]: hypixel being hypixel man xD 
21:48:24.055 INFO  Minecraft: Guild > trvisXX joined. 
21:49:59.017 INFO  Discord: [💬→︱guild-chat] Dev | Bam: Yo 
21:49:59.293 INFO  Minecraft: Guild > SealBot [ADMIN]: Dev| Bam» Yo 
21:50:03.119 INFO  Minecraft: Guild > [MVP+] Gnada [S]: yo!! 
21:50:05.494 INFO  Minecraft: Guild > [MVP+] trvisXX [M]: YO 
21:50:08.757 INFO  Minecraft: Guild > [VIP] ZZZZAGGGE [M]: yo 
21:50:12.696 INFO  Minecraft: Guild > [VIP+] VariableOwO [S]: yo 
21:50:17.755 INFO  Minecraft: Guild > [VIP] ZZZZAGGGE [M]: fishing skill hard to levle up huh 
21:50:21.606 INFO  Minecraft: Guild > [VIP] Cloudening [M]: ayup 
21:50:22.218 INFO  Discord: [💬→︱guild-chat] Dev | Bam: Lmao 4 ppl respond 
21:50:22.469 INFO  Minecraft: Guild > SealBot [ADMIN]: Dev| Bam» Lmao 4 ppl respond 
21:50:34.727 INFO  Discord: [💬→︱guild-chat] Dev | Bam: What yall doing 
21:50:34.968 INFO  Minecraft: Guild > SealBot [ADMIN]: Dev| Bam» What yall doing 
21:50:40.721 INFO  Minecraft: Guild > [VIP] ZZZZAGGGE [M]: i guess minion is fatest way to level up xD 
21:50:56.011 INFO  Minecraft: Guild > [VIP] ZZZZAGGGE [M]: i get like 200k per hour for fishing manually......... 
21:50:58.931 INFO  Minecraft: Guild > [MVP+] Gnada [S]: im trying to get a hyp 
21:51:07.455 INFO  Discord: [💬→︱guild-chat] Dev | Bam: Ok 
21:51:07.696 INFO  Minecraft: Guild > SealBot [ADMIN]: Dev| Bam» Ok 
21:51:08.799 INFO  Minecraft: Guild > [VIP+] Merged1111 [M]: im tryna get cata 35 
21:51:13.775 INFO  Discord: [💬→︱guild-chat] Dev | Bam: Cool 
21:51:14.025 INFO  Minecraft: Guild > SealBot [ADMIN]: Dev| Bam» Cool 
21:51:16.944 INFO  Minecraft: Guild > [VIP+] VariableOwO [S]: I am looking for lava fish spot 
21:51:25.915 INFO  Discord: [💬→︱guild-chat] Dev | Bam: Well bot is back up for now 
21:51:26.166 INFO  Minecraft: Guild > SealBot [ADMIN]: Dev| Bam» Well bot is back up for now 
21:51:30.478 INFO  Discord: [💬→︱guild-chat] Dev | Bam: Should be ok 
21:51:30.761 INFO  Minecraft: Guild > SealBot [ADMIN]: Dev| Bam» Should be ok 
21:51:37.189 INFO  Minecraft: Guild > valxtxne joined. 
21:51:38.147 INFO  Discord: [💬→︱guild-chat] Dev | Bam: But i cant garantee 
21:51:38.726 INFO  Minecraft: Guild > SealBot [ADMIN]: Dev| Bam» But i cant garantee 
21:51:56.009 INFO  Discord: [💬→︱guild-chat] Dev | Bam: But shoyld be preety good 
21:51:56.264 INFO  Minecraft: Guild > SealBot [ADMIN]: Dev| Bam» But shoyld be preety good 
21:54:46.913 INFO  Minecraft: Guild > [MVP+] Gnada [S]: wow 
21:54:52.357 INFO  Minecraft: Guild > [MVP+] Gnada [S]: any1 else lagging?? 
21:54:56.266 INFO  Minecraft: Guild > [VIP+] VariableOwO [S]: no 
21:54:58.421 INFO  Minecraft: Guild > [MVP+] trvisXX [M]: not rlly 
21:55:01.095 INFO  Minecraft: FISHING FESTIVAL The festival has concluded! Time to dry off and repair your rods! 
21:55:34.766 INFO  Minecraft: Guild > E3than joined. 
21:55:58.716 INFO  Minecraft: Guild > ZZZZAGGGE left. 
21:57:51.605 INFO  Logging in. 
21:57:52.828 INFO  Discord: Logged in. 
21:57:54.410 INFO  Logged in. 
21:57:54.631 INFO  Minecraft:                                       
21:57:54.639 INFO  Minecraft:                           
21:57:55.728 INFO  Minecraft: ----------------------------------------------------- 
21:57:55.729 INFO  Minecraft:  You have been muted for 10m by  [MVP++] SnowedSeal 
21:57:55.729 INFO  Minecraft: ----------------------------------------------------- 
21:57:59.421 INFO  Sending to skyblock. 
21:57:59.713 INFO  Minecraft: Sending to server mini691W... 
21:57:59.891 INFO  Logged in. 
21:57:59.914 INFO  Minecraft:         
21:58:03.275 INFO  Minecraft: You are playing on profile: Zucchini (Co-op) 
21:58:03.776 INFO  Minecraft: You have 1 guest on your island! 
21:58:03.906 INFO  Minecraft:  
21:58:03.907 INFO  Minecraft: Welcome to Hypixel SkyBlock! 
21:58:04.744 INFO  Minecraft: You're already sitting on this island! 
21:58:04.891 INFO  Sending to skyblock. 
21:58:05.133 INFO  Minecraft: Cannot join SkyBlock for a moment! (Queue join in cooldown) 
21:58:10.231 INFO  Minecraft: You're already sitting on this island! 
21:58:47.368 INFO  Minecraft: Guild > YoMadaEatingRice joined. 
21:59:19.367 INFO  Minecraft: Guild > [MVP+] trvisXX [M]: !verify 89c640bb 
21:59:19.886 INFO  Minecraft: Guild > SealBot [ADMIN]: trvisXX, Linked! 
21:59:23.442 INFO  Minecraft: Guild > Aeterma__ joined. 
22:00:01.378 INFO  Minecraft:  
22:00:01.380 INFO  Minecraft: [WATCHDOG ANNOUNCEMENT] 
22:00:01.381 INFO  Minecraft: Watchdog has banned 37,347 players in the last 7 days. 
22:00:01.381 INFO  Minecraft: Staff have banned an additional 13,328 in the last 7 days. 
22:00:01.381 INFO  Minecraft: Blacklisted modifications are a bannable offense! 
22:00:01.382 INFO  Minecraft:  
22:00:13.423 INFO  Discord: [💬→︱guild-chat] Dev | Bam: <@343464810060578817> 
22:00:13.687 INFO  Minecraft: Guild > SealBot [ADMIN]: Dev| Bam» <@343464810060578817> 
22:00:17.070 INFO  Discord: [💬→︱guild-chat] ch0c3: yes 
22:00:17.556 INFO  Minecraft: Guild > SealBot [ADMIN]: ch0c3» yes 
22:00:26.260 INFO  Discord: [💬→︱guild-chat] Dev | Bam: Ill add in the msg that you get access here too 
22:00:26.597 INFO  Minecraft: Guild > SealBot [ADMIN]: Dev| Bam» Ill add in the msg that you get access here too 
22:00:44.517 INFO  Discord: [💬→︱guild-chat] Dev | Bam: =linked 
22:01:36.789 INFO  Minecraft: Guild > Aeterma__ left. 
22:02:42.047 INFO  Minecraft: Guild > valxtxne left. 
22:03:19.956 INFO  Minecraft: Guild > BonkXD69 joined. 
22:03:53.597 INFO  Minecraft: Guild > [MVP+] Gnada [S]: Elix3r 
22:04:41.577 INFO  Discord: [💬→︱guild-chat] Dev | Bam: Pov 
22:04:41.830 INFO  Minecraft: Guild > SealBot [ADMIN]: Dev| Bam» Pov 
22:04:59.926 INFO  Minecraft: Guild > [MVP+] Gnada [S]: LOL 
22:05:29.184 INFO  Minecraft: Guild > stinkStonks left. 
22:05:47.397 INFO  Minecraft: Guild > Troug joined. 
22:07:05.649 INFO  Minecraft: Guild > Briskest joined. 
22:08:21.899 INFO  Minecraft: Guild > Cloudening left. 
22:09:17.728 INFO  Minecraft: Guild > [MVP+] trvisXX [M]: should I make my tux renowned for more pet luck 
22:09:23.987 INFO  Minecraft: Guild > [MVP+] trvisXX [M]: or keep ancient 
22:16:49.917 INFO  Minecraft: Guild > [VIP+] VariableOwO [S]: oh mf works on worms 
22:25:03.107 INFO  Minecraft: Guild > MrRedPT joined. 
22:26:27.176 INFO  Minecraft: Guild > [VIP+] VariableOwO [S]: F my nw is below 300m 
22:26:47.186 INFO  Minecraft: Guild > E3than left. 
22:29:06.614 INFO  Minecraft: Guild > E3than joined. 
22:29:21.316 INFO  Minecraft: Guild > PenguinGoon_ joined. 
22:29:24.740 INFO  Minecraft: Guild > WHoWOt joined. 
22:31:07.406 INFO  Minecraft: Guild > PenguinGoon_ left. 
22:31:34.918 INFO  Minecraft: Guild > [VIP+] VariableOwO [S]: tf lobby reset on day 7 
22:31:45.466 INFO  Minecraft: Guild > [MVP+] Gnada [S]: ive seen a lobby reset on day 9 
22:31:55.088 INFO  Minecraft: Guild > [MVP+] oSnapItsWalter [S]: its called crystal hallows 
22:31:59.394 INFO  Minecraft: Guild > [MVP+] oSnapItsWalter [S]: (: 
22:32:03.631 INFO  Minecraft: Guild > [MVP+] oSnapItsWalter [S]: its so dumb 
22:32:08.800 INFO  Minecraft: Guild > [MVP+] Briskest [S]: its called crystal hollows* 
22:32:15.215 INFO  Minecraft: Guild > [MVP+] Gnada [S]: it was crystal hollows 
22:32:16.968 INFO  Minecraft: Guild > [MVP+] oSnapItsWalter [S]: who cares 
22:32:21.128 INFO  Minecraft: Guild > [MVP+] Gnada [S]: brxskxst 
22:32:25.783 INFO  Minecraft: Guild > [MVP+] Briskest [S]: yes 
22:32:33.873 INFO  Minecraft: Guild > [MVP+] Gnada [S]: hxw xrx yxx? 
22:32:43.781 INFO  Minecraft: Guild > [MVP+] Briskest [S]: prxtty gxxd 
22:32:50.581 INFO  Minecraft: Guild > [MVP+] Briskest [S]: xm mxnxng 
22:32:50.813 INFO  Minecraft: Guild > [MVP+] Gnada [S]: nxcx 
22:33:09.574 INFO  Minecraft: Guild > [MVP+] Gnada [S]: xm tryxng tx gxt hypxrxxn xr txrmxnxtxr 
22:33:14.160 INFO  Minecraft: Guild > [MVP+] Briskest [S]: same 
22:33:17.897 INFO  Minecraft: Guild > [MVP+] Briskest [S]: sxmx 
22:33:22.346 INFO  Minecraft: Guild > [MVP+] Briskest [S]: shxt 
22:33:26.336 INFO  Minecraft: Guild > [MVP+] Gnada [S]: whxt 
22:34:17.356 INFO  Minecraft: Guild > [VIP] Troug [M]: bruh 
22:34:40.075 INFO  Minecraft: Guild > oSnapItsWalter left. 
22:35:53.024 INFO  Minecraft: Guild > [MVP+] Briskest [S]: iitr1qdifiqinsicat10nYT 
22:36:17.594 INFO  Minecraft: Guild > [MVP+] Gnada [S]: ohGnxdxifi3dinqsYT 
22:36:44.256 INFO  Minecraft: Guild > [MVP+] Briskest [S]: actually yours was better 
22:37:57.188 INFO  Minecraft: Guild > [MVP+] Gnada [S]: idk 
22:38:18.093 INFO  Minecraft: Guild > YoMadaEatingRice left. 
22:38:23.225 INFO  Minecraft: Guild > [MVP+] Briskest [S]: ohBrxskxstWqsTqk3nif1edicqt10nMC2013YT 
22:38:44.749 INFO  Minecraft: Guild > [MVP+] Briskest [S]: i have implemented the oh strategy 
22:39:39.527 INFO  Minecraft: Guild > [MVP+] Gnada [S]: ilyOhoLawndal3ifiedinqyoutubeYTd0tc0mOwOXxXGam1nqBrosMC2014ifiedinqz 
22:39:50.348 INFO  Minecraft: Guild > [MVP+] Briskest [S]: i was just thinking of the ily 
22:40:20.733 INFO  Minecraft: Guild > [MVP+] Briskest [S]: you win 
22:40:44.927 INFO  Minecraft: Guild > [MVP+] Briskest [S]: by the way 
22:40:49.054 INFO  Minecraft: Guild > [MVP+] Briskest [S]: what is lawndale lights 
22:40:58.481 INFO  Minecraft: Guild > [MVP+] Gnada [S]: winnerGn4d4fi3dinqsYT 
22:41:01.960 INFO  Minecraft: Guild > [MVP+] Gnada [S]: ./gl 
22:41:03.789 INFO  Minecraft: Guild > [MVP+] Briskest [S]: oh 
22:41:07.949 INFO  Minecraft: Guild > [MVP+] Gnada [S]: he is in our guild lol 
22:41:21.978 INFO  Minecraft: Guild > [MVP+] Briskest [S]: um ok 
22:42:11.754 INFO  Minecraft: Guild > [MVP+] Briskest [S]: did you know that jxyfxl's gf is named lzwerzx?!?!?!? 
22:42:18.638 INFO  Minecraft: Guild > [MVP+] Gnada [S]: yes 
22:42:24.926 INFO  Minecraft: Guild > [MVP+] Briskest [S]: <3 
22:42:43.974 INFO  Minecraft: Guild > [MVP+] Gnada [S]: owoJxyfxlGFMC3 
22:42:59.754 INFO  Minecraft: Guild > [MVP+] Briskest [S]: ilyJxyfxlGFMC3* 
22:44:45.378 INFO  Minecraft: Guild > [MVP+] Gnada [S]: how old is jxyfxl?? 
22:45:09.755 INFO  Minecraft: Guild > [VIP+] VariableOwO [S]: can someone help me find spot to worm fish? 
22:48:09.536 INFO  Discord: [💬→︱guild-chat] Dev | Bam: Worm 
22:48:09.792 INFO  Minecraft: Guild > SealBot [ADMIN]: Dev| Bam» Worm 
22:48:13.318 INFO  Minecraft: Guild > WHoWOt left. 
22:48:14.450 INFO  Minecraft: Guild > [VIP+] VariableOwO [S]: what? 
22:48:40.218 INFO  Discord: [💬→︱guild-chat] Dev | Bam: What 
22:48:40.516 INFO  Minecraft: Guild > SealBot [ADMIN]: Dev| Bam» What 
22:48:59.096 INFO  Minecraft: Guild > [VIP+] VariableOwO [S]: I am confused why did you just randomly say womr 
22:49:02.085 INFO  Minecraft: Guild > [VIP+] VariableOwO [S]: worm 
22:49:15.812 INFO  Minecraft: Guild > Gnada left. 
22:49:21.473 INFO  Minecraft: Guild > Gnada joined. 
22:49:35.947 INFO  Minecraft: Guild > [MVP+] Gnada [S]: LOadng Light s :DDDD 
22:51:05.336 INFO  Minecraft: Guild > [MVP+] Briskest [S]: im sobbing and crying rn 
22:51:12.477 INFO  Minecraft: Guild > [MVP+] Briskest [S]: i was watching people break their arms 
22:51:15.410 INFO  Minecraft: Guild > [MVP+] Briskest [S]: and missed the raffle 
22:51:19.390 INFO  Minecraft: Guild > [VIP+] VariableOwO [S]: lol 
22:51:24.026 INFO  Minecraft: Guild > [MVP+] Briskest [S]: i have waited 3 hours for this 
22:51:43.208 INFO  Minecraft: Guild > [MVP+] Briskest [S]: brxskxst thrxwxng 
22:51:55.033 INFO  Minecraft: Guild > [MVP+] Gnada [S]: jxyfxl cxrryxng 
22:52:12.578 INFO  Minecraft: Guild > [MVP+] Briskest [S]: hxs jxst trynx dx bw 
22:52:18.374 INFO  Minecraft: Guild > [MVP+] Gnada [S]: lenguins 
22:52:24.674 INFO  Minecraft: Guild > [MVP+] Gnada [S]: jxyfxl xld nxmx 
22:52:29.622 INFO  Minecraft: Guild > [VIP+] VariableOwO [S]: this is like when I clicked refresh on best buys site waiting for them to put gpu in stock and I looked away for 2 seconds and it was gone but actually they never sold it I was so sad but now I have 3070 so it is fine 
22:52:33.269 INFO  Minecraft: Guild > [MVP+] Gnada [S]: wars_ 
22:52:40.470 INFO  Minecraft: Guild > [MVP+] Gnada [S]: jxyfxl xld nxmx v2 lxl 
22:52:41.910 INFO  Minecraft: Guild > JamesyHamesy joined. 
22:53:03.569 INFO  Minecraft: Guild > [MVP+] Gnada [S]: wxrs = jxyfxl nxmx 
22:53:21.840 INFO  Minecraft: Guild > [MVP+] Briskest [S]: xwx thxts sx jxyfxl 
22:53:22.142 INFO  Discord: [💬→︱guild-chat] chrischrossy: brxskxst 
22:53:22.423 INFO  Minecraft: Guild > SealBot [ADMIN]: chrischrossy» brxskxst 
22:53:30.154 INFO  Minecraft: Guild > [MVP+] Briskest [S]: chrxs 
22:53:31.203 INFO  Minecraft: Guild > [MVP+] Gnada [S]: https://namemc.com/profile/Jxyfxl.1 
22:53:43.254 INFO  Minecraft: Guild > [MVP+] Briskest [S]: LMFAO DEPRESSEDLOVER 
22:53:48.917 INFO  Minecraft: Guild > [MVP+] Briskest [S]: KEK 
22:53:50.800 INFO  Minecraft: Guild > [MVP+] Gnada [S]: LOL 
22:53:55.011 INFO  Minecraft: Guild > [MVP+] Gnada [S]: wxrs 
22:54:57.550 INFO  Minecraft: Guild > [MVP+] Gnada [S]: depressedlover 
22:55:25.623 INFO  Minecraft: Guild > [MVP+] Gnada [S]: top 5 nicknxmes 
22:55:30.519 INFO  Minecraft: Guild > [MVP+] Gnada [S]: 5 ) jxyfxl 
22:55:34.421 INFO  Minecraft: Guild > [MVP+] Gnada [S]: 4 ) Wars_ 
22:55:37.922 INFO  Minecraft: Guild > [MVP+] Gnada [S]: 3 ) wxrs 
22:55:45.709 INFO  Minecraft: Guild > [MVP+] Gnada [S]: 2 ) lenguins 
22:55:50.055 INFO  Minecraft: Guild > [MVP+] Gnada [S]: 1 ) depressedlover 
22:56:18.973 INFO  Minecraft: Guild > [MVP+] Briskest [S]: dxprxssxdlxvxr bxst nxmx 
22:56:23.243 INFO  Minecraft: Guild > [MVP+] Gnada [S]: xndxxd 
22:56:55.299 INFO  Minecraft: Guild > Miner2317 joined. 
22:56:57.678 INFO  Minecraft: Guild > [MVP+] Briskest [S]: hx xs dxprxssxd bxcxxsx pxngxxn xs sx shxt 
22:58:21.641 INFO  Minecraft: Guild > JamesyHamesy left. 
22:58:22.264 INFO  Minecraft: Guild > [VIP+] VariableOwO [S]: can some one help me look for spot to worm fish 
22:58:34.315 INFO  Minecraft: Guild > [MVP+] Gnada [S]: gl finding one 
22:58:43.835 INFO  Minecraft: Guild > [VIP+] VariableOwO [S]: it is a pain to find 
22:58:46.553 INFO  Minecraft: Guild > [MVP+] Gnada [S]: eh 
22:58:52.112 INFO  Minecraft: Guild > [MVP+] Gnada [S]: it takes 3 mins for me to find 1 
22:58:52.468 INFO  Minecraft: Guild > [MVP+] Briskest [S]: my day system on f5 doesnt work 
22:58:53.938 INFO  Minecraft: Guild > [MVP+] Briskest [S]: send he lp 
22:59:09.688 INFO  Minecraft: Guild > [VIP+] VariableOwO [S]: I have been looking for 30 min for lava 
22:59:18.573 INFO  Minecraft: Guild > [MVP+] Briskest [S]: cope 
23:00:48.203 INFO  Minecraft: Guild > [MVP+] Gnada [S]: yxxr xctxxlly sx fxckxng shxt pxngxxn lxke lxgxt gx dxx xm trynx dx bw xnd xf yxx xrxnt xvxn gxnnx plxy x gxmxmxdx prxpxrly thxn fxck xff 
23:00:52.868 INFO  Minecraft: Guild > ChrisChrossy joined. 
23:01:09.550 INFO  Minecraft: Guild > [MVP+] Briskest [S]: x xlrxxdy dxd thxt 
23:02:19.698 INFO  Minecraft: Guild > PenguinGoon_ joined. 
23:02:33.045 INFO  Minecraft: Guild > [VIP+] VariableOwO [S]: hi penguin 
23:02:36.218 INFO  Minecraft: Guild > [VIP+] PenguinGoon_ [ADMIN]: hi 
23:02:37.691 INFO  Minecraft: Guild > PenguinGoon_ left. 
23:02:46.820 INFO  Minecraft: Guild > [MVP+] Gnada [S]: hx 
23:03:18.393 INFO  Minecraft: Guild > [VIP+] VariableOwO [S]: do you mind helping me find worm fishing spot I got scammed of my necron armor yesterday so I need to make back money 
23:03:26.432 INFO  Minecraft: Guild > [MVP+] Gnada [S]: how 
23:03:45.521 INFO  Minecraft: Guild > [MVP+] Gnada [S]: i can but wait im playing bw like jxyfxlgxmxnq1 
23:03:46.557 INFO  Minecraft: Guild > ChrisChrossy left. 
23:03:49.743 INFO  Minecraft: Guild > [VIP+] VariableOwO [S]: he canceled and put in nuggets and neu custom trade menu didnt load 
23:04:37.286 INFO  Minecraft: Guild > [VIP+] VariableOwO [S]: just tell me when you can help Gnada 
23:04:39.731 INFO  Minecraft: Guild > [MVP+] Gnada [S]: ok 
23:04:44.072 INFO  Minecraft: Guild > [MVP+] Briskest [S]: gnxdx 
23:04:48.600 INFO  Minecraft: Guild > [MVP+] Gnada [S]: brxskxst 
23:06:35.847 INFO  Minecraft: Guild > Hercules_RB joined. 
23:09:09.111 INFO  Minecraft: Guild > potato_a1m left. 
23:10:24.603 INFO  Minecraft: Guild > [VIP] Miner2317 [M]: Does anyone have a baby yeti pet they're not using atm? Will give back whenever you need/profit from dungeons i run 
23:10:28.312 INFO  Minecraft: Guild > BonkXD69 left. 
23:10:36.354 INFO  Minecraft: Guild > BonkXD69 joined. 
23:13:06.287 INFO  Minecraft: Guild > slays101 joined. 
23:13:07.090 INFO  Minecraft: Guild > [MVP+] Briskest [S]: first time? 
23:13:09.035 INFO  Minecraft: Guild > [MVP+] Briskest [S]: wc 
23:13:10.483 INFO  Minecraft: Guild > slays101 joined. 
23:13:11.258 INFO  Minecraft: Guild > slays101 left. 
23:13:12.919 INFO  Minecraft: Guild > slays101 joined. 
23:13:13.409 INFO  Minecraft: Guild > slays101 left. 
23:13:27.539 INFO  Minecraft: Guild > slays101 left. 
23:13:34.255 INFO  Minecraft: Guild > slays101 joined. 
23:13:36.494 INFO  Minecraft: Guild > slays101 joined. 
23:13:37.247 INFO  Minecraft: Guild > slays101 left. 
23:13:38.268 INFO  Minecraft: Guild > slays101 joined. 
23:13:39.489 INFO  Minecraft: Guild > slays101 left. 
23:13:40.491 INFO  Minecraft: Guild > slays101 joined. 
23:13:41.238 INFO  Minecraft: Guild > slays101 left. 
23:13:42.211 INFO  Minecraft: Guild > slays101 joined. 
23:13:43.529 INFO  Minecraft: Guild > slays101 left. 
23:16:40.878 INFO  Minecraft: Guild > Troug left. 
23:16:45.626 INFO  Minecraft: Guild > Troug joined. 
23:16:56.238 INFO  Discord: [💬→︱guild-chat] chrischrossy: brxskxst 
23:16:56.540 INFO  Minecraft: Guild > SealBot [ADMIN]: chrischrossy» brxskxst 
23:17:02.328 INFO  Minecraft: Guild > [MVP+] Briskest [S]: yo 
23:17:08.919 INFO  Minecraft: Guild > [MVP+] Gnada [S]: chrxs 
23:17:10.853 INFO  Discord: [💬→︱guild-chat] chrischrossy: unblock me when?????? 
23:17:11.104 INFO  Minecraft: Guild > SealBot [ADMIN]: chrischrossy» unblock me when?????? 
23:17:16.224 INFO  Minecraft: Guild > [MVP+] Briskest [S]: when 5m :D 
23:17:22.576 INFO  Minecraft: Guild > [MVP+] Briskest [S]: im spending so much money rn 
23:17:26.013 INFO  Minecraft: Guild > [MVP+] Briskest [S]: im going broke 
23:17:26.963 INFO  Minecraft: Guild > [MVP+] Gnada [S]: pog!!! 
23:17:28.248 INFO  Discord: [💬→︱guild-chat] chrischrossy: on what 
23:17:28.617 INFO  Minecraft: Guild > SealBot [ADMIN]: chrischrossy» on what 
23:17:53.900 INFO  Minecraft: Guild > ChrisChrossy joined. 
23:17:57.575 INFO  Minecraft: Guild > [MVP+] Briskest [S]: my (well coop member basically, but were on different profiles) waants to switch our goldor set into necron 
23:18:01.943 INFO  Minecraft: Guild > [MVP+] Briskest [S]: rip 30m :'( 
23:18:08.976 INFO  Minecraft: Guild > [MVP+] Gnada [S]: D: 
23:18:10.638 INFO  Minecraft: Guild > [MVP+] Briskest [S]: necron for fragrunning 
23:18:14.512 INFO  Discord: [💬→︱guild-chat] chrischrossy: I see 
23:18:14.935 INFO  Minecraft: Guild > SealBot [ADMIN]: chrischrossy» I see 
23:18:50.859 INFO  Minecraft: Guild > RandomSw3at joined. 
23:19:07.021 INFO  Minecraft: Guild > RandomSw3at [M]: a 
23:19:14.737 INFO  Minecraft: -----------------------------
[MVP+] ChrisChrossy has invited you to join their party!
You have 60 seconds to accept. Click here to join!
----------------------------- 
23:19:18.408 INFO  Discord: [💬→︱guild-chat] chrischrossy: =partyaccept 
23:19:18.872 INFO  Minecraft: ----------------------------- 
23:19:18.874 INFO  Minecraft: You cannot invite that player since they're not online. 
23:19:18.874 INFO  Minecraft: ----------------------------- 
23:19:22.670 INFO  Discord: [💬→︱guild-chat] chrischrossy: =help 
23:19:25.554 INFO  Minecraft: Guild > [MVP+] Briskest [S]: im just comforying myself by constantly telling myself that ill make back everything from mining when i get good 
23:19:29.149 INFO  Discord: [💬→︱guild-chat] chrischrossy: =paccept chirschrossy 
23:19:29.418 INFO  Minecraft: ----------------------------- 
23:19:29.419 INFO  Minecraft: That player does not exist. 
23:19:29.420 INFO  Minecraft: ----------------------------- 
23:19:30.812 INFO  Minecraft: Guild > [MVP+] Briskest [S]: comforting* 
23:19:31.005 INFO  Minecraft: Guild > [MVP+] Gnada [S]: same lo 
23:19:31.682 INFO  Minecraft: Guild > [MVP+] Gnada [S]: l 
23:19:32.572 INFO  Minecraft: Guild > spookedlul joined. 
23:19:35.709 INFO  Minecraft: Guild > [MVP+] Gnada [S]: how much playtime 
23:19:36.058 INFO  Discord: [💬→︱guild-chat] chrischrossy: =paccept chrischrossy 
23:19:36.320 INFO  Minecraft: ----------------------------- 
23:19:36.321 INFO  Minecraft: You have joined [MVP+] ChrisChrossy's party! 
23:19:36.322 INFO  Minecraft: ----------------------------- 
23:19:40.345 INFO  Minecraft: Guild > [MVP+] spookedlul [Staff]: gm qts 
23:19:40.919 INFO  Minecraft: -----------------------------
[MVP+] ChrisChrossy entered The Catacombs, Floor VII!
----------------------------- 
23:19:42.788 INFO  Minecraft: ----------------------------- 
23:19:42.790 INFO  Minecraft: The party was disbanded because all invites expired and the party was empty 
23:19:42.790 INFO  Minecraft: ----------------------------- 
23:19:46.400 INFO  Minecraft: ----------------------------- 
23:19:46.402 INFO  Minecraft: [MVP+] ChrisChrossy warped the party to a SkyBlock dungeon! 
23:19:46.403 INFO  Minecraft: Looting The Catacombs with 2/5 players on Floor VII! 
23:19:46.403 INFO  Minecraft: ----------------------------- 
23:19:46.520 INFO  Minecraft: Couldn't warp you! 
23:19:46.522 INFO  Minecraft: You cannot join this Dungeon! 
23:19:46.784 INFO  Minecraft: Guild > [MVP+] Gnada [S]: spxxkxdlxl 
23:19:48.843 INFO  Minecraft: Guild > slays101 left. 
23:19:50.406 INFO  Minecraft: Guild > [MVP+] Briskest [S]: profile/playtime ratio is so fucking abysmal 
23:19:50.769 INFO  Minecraft: Guild > [MVP+] spookedlul [Staff]: sheesh 
23:19:54.769 INFO  Minecraft: Guild > [MVP+] Gnada [S]: same 
23:19:55.239 INFO  Minecraft: Guild > [MVP+] Briskest [S]: 1154 hours... 
23:20:00.156 INFO  Minecraft: Guild > [MVP+] Gnada [S]: 300m nw 
23:20:00.914 INFO  Minecraft: Guild > [MVP+] spookedlul [Staff]: gnada do i play bw or smth with that name 
23:20:02.358 INFO  Minecraft: Guild > [MVP+] Gnada [S]: 2700 hour 
23:20:05.233 INFO  Minecraft: Guild > [MVP+] Gnada [S]: yes 
23:20:10.082 INFO  Minecraft: Guild > [MVP+] Briskest [S]: oh damn 
23:20:16.290 INFO  Minecraft: Guild > [MVP+] spookedlul [Staff]: oh damn 
23:20:18.939 INFO  Minecraft: Guild > [MVP+] Briskest [S]: i feel you 
23:20:19.840 INFO  Minecraft: Guild > [MVP+] spookedlul [Staff]: the leggings sold 
23:20:22.940 INFO  Minecraft: Guild > [MVP+] Gnada [S]: yea 
23:20:25.869 INFO  Minecraft: Guild > BonkXD69 left. 
23:20:33.507 INFO  Minecraft: Guild > [MVP+] Gnada [S]: 250m to fees 
23:20:33.722 INFO  Minecraft: Guild > E3than left. 
23:20:45.668 INFO  Minecraft: Guild > [MVP+] spookedlul [Staff]: 70m on fees 
23:21:02.931 INFO  Minecraft: Guild > [VIP+] VariableOwO [S]: gg found spot 
23:21:12.073 INFO  Minecraft: Guild > [MVP+] spookedlul [Staff]: variable 
23:21:15.022 INFO  Minecraft: Guild > [MVP+] spookedlul [Staff]: i flipped the legs 
23:21:18.874 INFO  Minecraft: Guild > [MVP+] spookedlul [Staff]: for 3m profit 
23:21:26.153 INFO  Minecraft: Guild > [MVP+] Gnada [S]: gg!!!! 
23:21:27.008 INFO  Minecraft: Guild > Dan5321h joined. 
23:21:27.318 INFO  Minecraft: Guild > [VIP+] VariableOwO [S]: ok that is last piece I have to buy back 
23:21:41.443 INFO  Minecraft: Guild > [MVP+] Gnada [S]: lxwndxlxlxghts 
23:21:54.839 INFO  Minecraft: Guild > sonic1920 joined. 
23:22:43.914 INFO  Minecraft: Guild > ItsGvidas left. 
23:22:44.935 INFO  Minecraft: Guild > Teimi08 joined. 
23:22:50.962 INFO  Minecraft: Guild > RandomSw3at left. 
23:23:09.872 INFO  Minecraft: Guild > E3than joined. 
23:23:50.916 INFO  Minecraft: Guild > Foodiiee joined. 
23:24:14.943 INFO  Minecraft: Guild > BonkXD69 joined. 
23:24:45.060 INFO  Minecraft: -----------------------------
[MVP+] ChrisChrossy has invited you to join their party!
You have 60 seconds to accept. Click here to join!
----------------------------- 
23:24:50.916 INFO  Discord: [💬→︱guild-chat] chrischrossy: =paccept chrischrossy 
23:24:51.169 INFO  Minecraft: ----------------------------- 
23:24:51.171 INFO  Minecraft: You have joined [MVP+] ChrisChrossy's party! 
23:24:51.172 INFO  Minecraft: ----------------------------- 
23:24:55.555 INFO  Minecraft: -----------------------------
[MVP+] ChrisChrossy entered The Catacombs, Floor VII!
----------------------------- 
23:24:57.171 INFO  Minecraft: ----------------------------- 
23:24:57.172 INFO  Minecraft: The party was disbanded because all invites expired and the party was empty 
23:24:57.173 INFO  Minecraft: ----------------------------- 
23:25:01.268 INFO  Minecraft: ----------------------------- 
23:25:01.270 INFO  Minecraft: [MVP+] ChrisChrossy warped the party to a SkyBlock dungeon! 
23:25:01.271 INFO  Minecraft: Looting The Catacombs with 2/5 players on Floor VII! 
23:25:01.271 INFO  Minecraft: ----------------------------- 
23:25:01.394 INFO  Minecraft: Couldn't warp you! 
23:25:01.395 INFO  Minecraft: You cannot join this Dungeon! 
23:25:17.890 INFO  Minecraft: Guild > sonic1920 left. 
23:25:46.929 INFO  Minecraft: Guild > sonic1920 joined. 
23:25:52.148 INFO  Minecraft: Guild > [MVP+] Gnada [S]: xnyxnx wxnnx plxy bxdwxrs?? 
23:28:12.333 INFO  Minecraft: Guild > BonkXD69 left. 
23:28:32.099 INFO  Minecraft: Guild > RandomSw3at joined. 
23:28:48.274 INFO  Minecraft: Guild > BonkXD69 joined. 
23:29:15.114 INFO  Minecraft: Guild > [VIP] Foodiiee [M]: t5 gives 1500 exp right? 
23:29:19.108 INFO  Minecraft: Guild > [MVP+] Gnada [S]: ye 
23:29:21.839 INFO  Minecraft: Guild > [MVP+] ChrisChrossy [S]: ues 
23:29:23.134 INFO  Minecraft: Guild > JamesyHamesy joined. 
23:29:27.975 INFO  Minecraft: Guild > [VIP] Foodiiee [M]: alright 
23:29:29.767 INFO  Minecraft: Guild > [VIP] Foodiiee [M]: wait 
23:29:32.641 INFO  Minecraft: Guild > [VIP] Foodiiee [M]: !seal 
23:29:32.966 INFO  Minecraft: Guild > SealBot [ADMIN]: Seal! 
23:29:37.088 INFO  Minecraft: Guild > [VIP] Foodiiee [M]: ITS BACK 
23:29:47.315 INFO  Minecraft: Guild > BonkXD69 left. 
23:29:51.141 INFO  Minecraft: Guild > BonkXD69 joined. 
23:29:57.705 INFO  Minecraft: Guild > [VIP+] VariableOwO [S]: !seal 
23:29:57.956 INFO  Minecraft: Guild > SealBot [ADMIN]: I like Seals. 
23:30:01.707 INFO  Minecraft: Guild > [VIP] Foodiiee [M]: sealbot is no longer dead crab rave 
23:30:18.571 INFO  Discord: [💬→︱guild-chat] Admin | [SnowedPenguin]: yooo sealbot back 
23:30:18.821 INFO  Minecraft: Guild > SealBot [ADMIN]: Admin| [SnowedPenguin]» yooo sealbot back 
23:30:28.224 INFO  Minecraft: Guild > [MVP+] ChrisChrossy [S]: cap 
23:30:36.070 INFO  Discord: [💬→︱guild-chat] Admin | [SnowedPenguin]: =mute chrischrossy 
23:30:42.416 INFO  Discord: [💬→︱guild-chat] Admin | [SnowedPenguin]: =mute chrischrossy 1s 
23:30:42.908 INFO  Minecraft: ----------------------------------------------------- 
23:30:42.910 INFO  Minecraft: SealBot has muted [MVP+] ChrisChrossy for 1s 
23:30:42.910 INFO  Minecraft: ----------------------------------------------------- 
23:30:45.248 INFO  Minecraft: Guild > BonkXD69 left. 
23:30:50.718 INFO  Minecraft: Guild > [VIP] Foodiiee [M]: lol 
23:30:51.538 INFO  Minecraft: Guild > Dan5321h left. 
23:30:54.022 INFO  Discord: [💬→︱guild-chat] Admin | [SnowedPenguin]: get muted L 
23:30:54.616 INFO  Minecraft: Guild > SealBot [ADMIN]: Admin| [SnowedPenguin]» get muted L 
23:31:02.042 INFO  Minecraft: Guild > [MVP+] ChrisChrossy [S]: :( 
23:31:09.605 INFO  Minecraft: Guild > [MVP+] Briskest [S]: your actually so fucking shit like fuck off 
23:31:12.264 INFO  Minecraft: -----------------------------
[MVP+] ChrisChrossy has invited you to join their party!
You have 60 seconds to accept. Click here to join!
----------------------------- 
23:31:15.833 INFO  Minecraft: Guild > [MVP+] Briskest [S]: im tryna do bw 
23:31:15.944 INFO  Minecraft: Guild > [MVP+] spookedlul [Staff]: bruh 
23:31:16.954 INFO  Minecraft: Guild > [MVP+] spookedlul [Staff]: ? 
23:31:23.418 INFO  Discord: [💬→︱guild-chat] chrischrossy: =paccept chrischrossy 
23:31:23.430 INFO  Discord: [💬→︱guild-chat] Admin | [SnowedPenguin]: yes 
23:31:23.678 INFO  Minecraft: You are sending commands too fast! Please slow down. 
23:31:23.680 INFO  Minecraft: ----------------------------- 
23:31:23.680 INFO  Minecraft: You have joined [MVP+] ChrisChrossy's party! 
23:31:23.681 INFO  Minecraft: ----------------------------- 
23:31:24.444 INFO  Minecraft: Guild > [MVP+] Briskest [S]: copypasta!! 
23:31:27.588 INFO  Minecraft: -----------------------------
[MVP+] ChrisChrossy entered The Catacombs, Floor VII!
----------------------------- 
23:31:29.091 INFO  Minecraft: ----------------------------- 
23:31:29.092 INFO  Minecraft: The party was disbanded because all invites expired and the party was empty 
23:31:29.093 INFO  Minecraft: ----------------------------- 
23:31:30.139 INFO  Discord: [💬→︱guild-chat] Admin | [SnowedPenguin]: spookedrat 
23:31:30.447 INFO  Minecraft: Guild > SealBot [ADMIN]: Admin| [SnowedPenguin]» spookedrat 
23:31:31.372 INFO  Minecraft: Guild > [MVP+] Gnada [S]: yxxr xctxxlly sx fxckxng shxt pxngxxn lxke lxgxt gx dxx xm trynx dx bw xnd xf yxx xrxnt xvxn gxnnx plxy x gxmxmxdx prxpxrly thxn fxck xff 
23:31:32.628 INFO  Minecraft: ----------------------------- 
23:31:32.629 INFO  Minecraft: [MVP+] ChrisChrossy warped the party to a SkyBlock dungeon! 
23:31:32.631 INFO  Minecraft: Playing The Catacombs with 2/5 players on Floor VII! 
23:31:32.631 INFO  Minecraft: ----------------------------- 
23:31:32.757 INFO  Minecraft: Couldn't warp you! 
23:31:32.758 INFO  Minecraft: You cannot join this Dungeon! 
23:31:38.672 INFO  Minecraft: Guild > [MVP+] Briskest [S]: same tbh 
23:31:51.578 INFO  Minecraft: Guild > [VIP] Foodiiee [M]: im sad 
23:32:08.267 INFO  Minecraft: Guild > [MVP+] Gnada [S]: im sad aswell D:D:D:DD:D:D: 
23:32:32.578 INFO  Minecraft: Guild > [MVP+] spookedlul [Staff]: anyone f7 
23:32:37.274 INFO  Minecraft: Guild > [VIP] Foodiiee [M]: no 
23:32:41.558 INFO  Minecraft: Guild > [MVP+] Gnada [S]: yes 
23:32:41.611 INFO  Minecraft: Guild > [MVP+] spookedlul [Staff]: sad 
23:32:47.458 INFO  Minecraft: Guild > [MVP+] spookedlul [Staff]: gnada what calss 
23:32:57.772 INFO  Minecraft: Guild > [MVP+] Gnada [S]: i dont do dundjnedons 
23:32:59.168 INFO  Minecraft: Guild > [VIP+] VariableOwO [S]: I would be down for F7 but I dont have armor 
23:33:01.322 INFO  Minecraft: Guild > [MVP+] Gnada [S]: spelling 
23:33:06.846 INFO  Minecraft: Guild > Dan5321h joined. 
23:33:17.938 INFO  Minecraft: Guild > [VIP] Foodiiee [M]: should i sell my goldor to get fd? 
23:33:23.001 INFO  Minecraft: Guild > [MVP+] Gnada [S]: idk 
23:33:27.966 INFO  Minecraft: Guild > [MVP+] spookedlul [Staff]: isnt fd cheap as shit 
23:33:29.890 INFO  Minecraft: Guild > [MVP+] Gnada [S]: if u wana grind eman ye 
23:33:32.198 INFO  Minecraft: Guild > [MVP+] Gnada [S]: yea 
23:33:47.914 INFO  Minecraft: Guild > [VIP] Foodiiee [M]: ye but buying it without kills is not really what i want 
23:33:56.702 INFO  Minecraft: Guild > [MVP+] Briskest [S]: just get kills on ti 
23:33:59.340 INFO  Minecraft: Guild > [MVP+] Briskest [S]: it 
23:34:10.755 INFO  Discord: [💬→︱guild-chat] chrischrossy: ☠ Briskest was killed by Crypt Undead and became a ghost. 
23:34:11.008 INFO  Minecraft: Guild > SealBot [ADMIN]: chrischrossy» ☠ Briskest was killed by Crypt Undead and became a ghost. 
23:34:15.088 INFO  Minecraft: Guild > [VIP] Foodiiee [M]: lel 
23:34:15.607 INFO  Minecraft: Guild > [MVP+] Briskest [S]: what 
23:34:18.349 INFO  Minecraft: Guild > [MVP+] Gnada [S]: brxskxst 
23:34:20.443 INFO  Minecraft: Guild > [MVP+] Briskest [S]: i havent done dungeons for a week now 
23:34:21.002 INFO  Minecraft: -----------------------------
[MVP+] ChrisChrossy has invited you to join their party!
You have 60 seconds to accept. Click here to join!
----------------------------- 
23:34:27.356 INFO  Discord: [💬→︱guild-chat] Troug: =verify 
23:34:27.731 INFO  Discord: [💬→︱guild-chat] chrischrossy: =paccept chrischrossy 
23:34:27.999 INFO  Minecraft: ----------------------------- 
23:34:28.000 INFO  Minecraft: You have joined [MVP+] ChrisChrossy's party! 
23:34:28.000 INFO  Minecraft: ----------------------------- 
23:34:31.363 INFO  Minecraft: -----------------------------
[MVP+] ChrisChrossy entered The Catacombs, Floor VII!
----------------------------- 
23:34:31.579 INFO  Minecraft: Guild > [MVP+] Briskest [S]: whered you get that 
23:34:32.960 INFO  Minecraft: ----------------------------- 
23:34:32.961 INFO  Minecraft: The party was disbanded because all invites expired and the party was empty 
23:34:32.962 INFO  Minecraft: ----------------------------- 
23:34:33.801 INFO  Minecraft: Guild > [MVP+] Gnada [S]: im eman 5 im so good B) 
23:34:35.599 INFO  Discord: [💬→︱guild-chat] Troug: 😦 
23:34:35.862 INFO  Minecraft: Guild > SealBot [ADMIN]: Troug» 
23:34:37.579 INFO  Minecraft: ----------------------------- 
23:34:37.581 INFO  Minecraft: [MVP+] ChrisChrossy warped the party to a SkyBlock dungeon! 
23:34:37.582 INFO  Minecraft: Playing The Catacombs with 2/5 players on Floor VII! 
23:34:37.582 INFO  Minecraft: ----------------------------- 
23:34:37.675 INFO  Minecraft: Couldn't warp you! 
23:34:37.711 INFO  Minecraft: You cannot join this Dungeon! 
23:34:43.093 INFO  Discord: [💬→︱guild-chat] chrischrossy: 😦 
23:34:43.333 INFO  Minecraft: Guild > SealBot [ADMIN]: chrischrossy» 
23:34:44.089 INFO  Minecraft: Guild > [MVP+] Briskest [S]: damn gnxdx crxckxd 
23:34:48.573 INFO  Minecraft: Guild > [MVP+] Gnada [S]: xndxxd 
23:34:59.199 INFO  Minecraft: Guild > Troug left. 
23:35:06.904 INFO  Minecraft: Guild > Troug joined. 
23:36:48.225 INFO  Minecraft: Guild > [VIP] Foodiiee [M]: wait wasnt warden helm like around 100m or was that bc of the t5 trading cause techno event 
23:37:07.145 INFO  Minecraft: Guild > [MVP+] Gnada [S]: yes 
23:37:11.680 INFO  Minecraft: Guild > [MVP+] Gnada [S]: they were 40m once 
23:37:14.808 INFO  Minecraft: Guild > [MVP+] spookedlul [Staff]: cap 
23:37:17.906 INFO  Minecraft: Guild > [MVP+] Gnada [S]: nx cxp 
23:37:18.130 INFO  Minecraft: Guild > [VIP] Foodiiee [M]: cap 
23:37:22.730 INFO  Minecraft: Guild > [MVP+] ChrisChrossy [S]: you cant use trade in dungeons now :( 
23:37:31.567 INFO  Minecraft: Guild > [MVP+] spookedlul [Staff]: lowest was like 90m 
23:37:31.575 INFO  Minecraft: Guild > [MVP+] Gnada [S]: you never could 
23:37:31.842 INFO  Minecraft: Guild > [VIP] Troug [M]: u never could 
23:37:37.299 INFO  Minecraft: Guild > [VIP] Foodiiee [M]: yea 
23:37:43.128 INFO  Minecraft: Guild > [MVP+] ChrisChrossy [S]: the sell one 
23:37:45.973 INFO  Minecraft: Guild > [MVP+] ChrisChrossy [S]: not the player trade 
23:37:47.713 INFO  Minecraft: Guild > [MVP+] Gnada [S]: o 
23:37:50.415 INFO  Minecraft: Guild > [VIP+] VariableOwO [S]: bz 
23:37:56.255 INFO  Minecraft: Guild > [MVP+] Gnada [S]: its been a thing for 4 months 
23:37:59.930 INFO  Minecraft: Guild > [VIP+] VariableOwO [S]: ye 
23:38:09.854 INFO  Minecraft: Guild > [MVP+] ChrisChrossy [S]: what 
23:38:10.618 INFO  Minecraft: Guild > [VIP] Troug [M]: wait what 
23:38:14.964 INFO  Minecraft: Guild > [VIP] Troug [M]: i can uise in dungeons 
23:38:25.344 INFO  Minecraft: Guild > [MVP+] ChrisChrossy [S]: why isnt it letting me :( 
23:38:31.937 INFO  Minecraft: Guild > [VIP] Troug [M]: idk 
23:39:58.027 INFO  Minecraft: Guild > trvisXX joined. 
23:41:17.311 INFO  Minecraft: Guild > [VIP] Foodiiee [M]: question how much ehp do i need for voidglooms 
23:41:25.536 INFO  Minecraft: Guild > [MVP+] trvisXX [M]: not that much 
23:41:30.315 INFO  Minecraft: Guild > [MVP+] spookedlul [Staff]: depends on ehp to dmg 
23:41:30.368 INFO  Minecraft: Guild > [MVP+] trvisXX [M]: but u need healing 
23:41:33.623 INFO  Minecraft: Guild > [MVP+] Gnada [S]: i was doing them easily with 60k 
23:41:37.570 INFO  Minecraft: Guild > [MVP+] Gnada [S]: t2 
23:41:42.937 INFO  Minecraft: Guild > JamesyHamesy left. 
23:41:48.031 INFO  Minecraft: Guild > JamesyHamesy joined. 
23:41:57.563 INFO  Minecraft: Guild > [VIP] Foodiiee [M]: too bad i dont have 60k 
23:42:02.317 INFO  Minecraft: -----------------------------
[MVP+] ChrisChrossy has invited you to join their party!
You have 60 seconds to accept. Click here to join!
----------------------------- 
23:42:02.919 INFO  Minecraft: Guild > [MVP+] trvisXX [M]: ehp isn't that important imo 
23:42:10.427 INFO  Discord: [💬→︱guild-chat] chrischrossy: =paccept chrischrossy 
23:42:10.699 INFO  Minecraft: ----------------------------- 
23:42:10.700 INFO  Minecraft: You have joined [MVP+] ChrisChrossy's party! 
23:42:10.701 INFO  Minecraft: ----------------------------- 
23:42:12.256 INFO  Minecraft: Guild > [MVP+] trvisXX [M]: u need a lot of healing and damage 
23:42:12.529 INFO  Minecraft: Guild > [MVP+] spookedlul [Staff]: tf u mean it isnt important 
23:42:13.533 INFO  Minecraft: -----------------------------
[MVP+] ChrisChrossy entered The Catacombs, Floor VII!
----------------------------- 
23:42:15.220 INFO  Minecraft: ----------------------------- 
23:42:15.221 INFO  Minecraft: The party was disbanded because all invites expired and the party was empty 
23:42:15.222 INFO  Minecraft: ----------------------------- 
23:42:18.892 INFO  Minecraft: ----------------------------- 
23:42:18.894 INFO  Minecraft: [MVP+] ChrisChrossy warped the party to a SkyBlock dungeon! 
23:42:18.895 INFO  Minecraft: Plundering The Catacombs with 2/5 players on Floor VII! 
23:42:18.895 INFO  Minecraft: ----------------------------- 
23:42:19.024 INFO  Minecraft: Couldn't warp you! 
23:42:19.026 INFO  Minecraft: You cannot join this Dungeon! 
23:42:28.303 INFO  Minecraft: Guild > [MVP+] spookedlul [Staff]: i cant go into a voidgloom fight with fucking sorrow 
23:42:30.889 INFO  Minecraft: Guild > [MVP+] spookedlul [Staff]: id get one shot 
23:42:37.321 INFO  Minecraft: Guild > [MVP+] Briskest [S]: trvis are you haealing with scylla 
23:42:43.485 INFO  Minecraft: Guild > [MVP+] Briskest [S]: and wand of atonement 
23:42:46.222 INFO  Minecraft: Guild > [MVP+] Gnada [S]: haelling??? hacking =?? !??' !'?^wtf 
23:42:46.304 INFO  Minecraft: Guild > [MVP+] trvisXX [M]: yeag# 
23:42:47.287 INFO  Minecraft: Guild > [VIP] Foodiiee [M]: well you see my problem is i cant heal if i die in 1 second 
23:42:58.122 INFO  Minecraft: Guild > sonic1920 left. 
23:42:59.543 INFO  Minecraft: Guild > [MVP+] Briskest [S]: i cant hael if i die in one second :trolleybus: 
23:43:03.691 INFO  Minecraft: Guild > [MVP+] spookedlul [Staff]: HAEL 
23:43:06.005 INFO  Minecraft: Guild > [MVP+] spookedlul [Staff]: HAEL MOMENT 
23:43:08.921 INFO  Minecraft: Guild > [MVP+] Briskest [S]: yep 
23:43:19.039 INFO  Minecraft: Guild > [MVP+] spookedlul [Staff]: HAEL9ER CHEATERS GET BANNED FC ON TOP 
23:43:20.271 INFO  Minecraft: Guild > [MVP+] trvisXX [M]: just saying that like dmg is more important than ehp 
23:43:29.737 INFO  Minecraft: Guild > [MVP+] Briskest [S]: cheater get ban!!! 
23:43:29.743 INFO  Minecraft: Guild > [MVP+] spookedlul [Staff]: no it isnt 
23:43:30.272 INFO  Minecraft: Guild > [MVP+] trvisXX [M]: like im using edrag over yeti 
23:43:36.819 INFO  Minecraft: Guild > [MVP+] spookedlul [Staff]: edrag gives ehp 
23:43:41.209 INFO  Minecraft: Guild > [MVP+] trvisXX [M]: ??? 
23:43:45.013 INFO  Minecraft: Guild > [MVP+] trvisXX [M]: just like a bit 
23:43:49.148 INFO  Minecraft: Guild > [VIP] Foodiiee [M]: how much dmg trvisxx do i need 
23:43:52.239 INFO  Minecraft: Guild > BonkXD69 joined. 
23:43:53.824 INFO  Minecraft: Guild > [MVP+] spookedlul [Staff]: saying dmg>ehp doenst make sense for voidglooms 
23:43:56.322 INFO  Minecraft: Guild > [MVP+] Gnada [S]: wym like non 
23:43:58.221 INFO  Minecraft: Guild > [MVP+] Gnada [S]: e 
23:44:00.571 INFO  Minecraft: Guild > [MVP+] trvisXX [M]: yes? 
23:44:03.768 INFO  Minecraft: Guild > [MVP+] Gnada [S]: gives like alot of ehp 
23:44:36.580 INFO  Minecraft: Guild > [MVP+] trvisXX [M]: but like none compared to yeti 
23:44:39.763 INFO  Minecraft: Guild > [MVP+] Gnada [S]: ye 
23:44:46.922 INFO  Minecraft: Guild > [MVP+] trvisXX [M]: that's what I meant 
23:45:11.649 INFO  Minecraft: Guild > [MVP+] trvisXX [M]: like im just saying 
23:45:13.511 INFO  Minecraft: Guild > BonkXD69 left. 
23:45:26.512 INFO  Minecraft: Guild > [MVP+] trvisXX [M]: some ppl use tux cp for eman slayer 
23:45:31.095 INFO  Minecraft: Guild > [MVP+] spookedlul [Staff]: yes 
23:45:34.595 INFO  Minecraft: Guild > [MVP+] trvisXX [M]: like ehp isn't as important as dmg 
23:45:38.865 INFO  Minecraft: Guild > [MVP+] spookedlul [Staff]: but it doenst set ur hp at anything 
23:45:46.358 INFO  Minecraft: Guild > [MVP+] trvisXX [M]: but less than fd 
23:45:50.584 INFO  Minecraft: Guild > [MVP+] trvisXX [M]: way less 
23:46:02.662 INFO  Minecraft: Guild > [MVP+] Gnada [S]: my best armor for eman is fd lol 
23:46:08.508 INFO  Minecraft: Guild > BonkXD69 joined. 
23:46:10.943 INFO  Minecraft: Guild > [MVP+] trvisXX [M]: I use fd too 
23:46:17.356 INFO  Minecraft: Guild > [MVP+] spookedlul [Staff]: 3/4 fd? 
23:46:19.718 INFO  Minecraft: Guild > [MVP+] Gnada [S]: but like youre rich 
23:46:23.779 INFO  Minecraft: Guild > [MVP+] trvisXX [M]: ye 3/4 
23:46:34.371 INFO  Minecraft: Guild > [MVP+] spookedlul [Staff]: i really need to drop a handle 
23:46:38.774 INFO  Minecraft: Guild > [MVP+] trvisXX [M]: not eman 7 so I can't stack relic yet 
23:46:42.040 INFO  Minecraft: Guild > [MVP+] Gnada [S]: spxxkxdlxl 
23:47:21.696 INFO  Minecraft: Guild > [VIP] Foodiiee [M]: how do people get like 4 sumons i thought that the summoning ring only gives 2 slot 
23:47:36.344 INFO  Minecraft: Guild > [MVP+] trvisXX [M]: reaper scythe has 3 slots 
23:47:58.979 INFO  Minecraft: Guild > [VIP] Foodiiee [M]: huh 
23:48:11.704 INFO  Minecraft: Guild > sonic1920 joined. 
23:48:27.548 INFO  Minecraft: Guild > [VIP] Foodiiee [M]: how do i make it so my blue whale doesnt give me more ehp than baby yeti 
23:48:40.898 INFO  Minecraft: Guild > [MVP+] trvisXX [M]: more strenght 
23:48:42.345 INFO  Minecraft: Guild > [MVP+] Gnada [S]: Loading Lights 
23:48:48.675 INFO  Minecraft: Guild > JamesyHamesy left. 
23:48:57.607 INFO  Minecraft: Guild > Merged1111 left. 
23:49:23.974 INFO  Minecraft: Guild > [MVP+] ChrisChrossy [S]: oh im dumbn 
23:49:27.318 INFO  Minecraft: Guild > [MVP+] ChrisChrossy [S]: my cookie buff ran out 
23:49:29.213 INFO  Minecraft: Guild > [MVP+] ChrisChrossy [S]: thats why 
23:49:38.623 INFO  Minecraft: Guild > [VIP] Foodiiee [M]: how much str do i need for baby yeti to be better than my blue whale 
23:49:43.785 INFO  Minecraft: Guild > BonkXD69 left. 
23:49:56.887 INFO  Minecraft: Guild > AccidentalCactus joined. 
23:50:21.348 INFO  Minecraft: -----------------------------
[MVP+] ChrisChrossy has invited you to join their party!
You have 60 seconds to accept. Click here to join!
----------------------------- 
23:50:28.313 INFO  Discord: [💬→︱guild-chat] chrischrossy: =paccept chrischrossy 
23:50:28.564 INFO  Minecraft: ----------------------------- 
23:50:28.566 INFO  Minecraft: You have joined [MVP+] ChrisChrossy's party! 
23:50:28.566 INFO  Minecraft: ----------------------------- 
23:50:31.066 INFO  Minecraft: -----------------------------
[MVP+] ChrisChrossy entered The Catacombs, Floor VII!
----------------------------- 
23:50:32.556 INFO  Minecraft: ----------------------------- 
23:50:32.558 INFO  Minecraft: The party was disbanded because all invites expired and the party was empty 
23:50:32.558 INFO  Minecraft: ----------------------------- 
23:50:36.011 INFO  Minecraft: ----------------------------- 
23:50:36.012 INFO  Minecraft: [MVP+] ChrisChrossy warped the party to a SkyBlock dungeon! 
23:50:36.013 INFO  Minecraft: Visiting The Catacombs with 2/5 players on Floor VII! 
23:50:36.014 INFO  Minecraft: ----------------------------- 
23:50:36.126 INFO  Minecraft: Couldn't warp you! 
23:50:36.128 INFO  Minecraft: You cannot join this Dungeon! 
23:50:43.569 INFO  Minecraft: Guild > PenguinGoon_ joined. 
23:50:56.262 INFO  Minecraft: Guild > [MVP+] Gnada [S]: pxngxxn 
23:50:58.914 INFO  Minecraft: Guild > [VIP+] PenguinGoon_ [ADMIN]: hi 
23:51:02.204 INFO  Minecraft: Guild > [MVP+] Gnada [S]: hxllx 
23:51:05.165 INFO  Minecraft: Guild > [VIP+] PenguinGoon_ [ADMIN]: also i can finally speed bridge 
23:51:08.162 INFO  Minecraft: Guild > [MVP+] Gnada [S]: gg 
23:51:11.661 INFO  Minecraft: Guild > [VIP+] PenguinGoon_ [ADMIN]: and i did it without mouse xd 
23:51:19.546 INFO  Minecraft: Guild > [VIP+] PenguinGoon_ [ADMIN]: although its hard 
23:52:56.035 INFO  Minecraft: Guild > [VIP+] PenguinGoon_ [ADMIN]: omfg 
23:52:58.261 INFO  Minecraft: Guild > [VIP+] PenguinGoon_ [ADMIN]: not agian 
23:53:00.979 INFO  Minecraft: Guild > [VIP+] PenguinGoon_ [ADMIN]: wc 
23:53:08.823 INFO  Minecraft: Guild > [VIP+] VariableOwO [S]: almost fishing 25 g 
23:53:10.243 INFO  Minecraft: Guild > [MVP+] trvisXX [M]: agian 
23:53:17.753 INFO  Minecraft: Guild > [VIP+] VariableOwO [S]: g 
23:53:23.951 INFO  Minecraft: Guild > [MVP+] ChrisChrossy [S]: geegee 
23:53:25.990 INFO  Minecraft: Guild > BonkXD69 joined. 
23:53:35.364 INFO  Minecraft: Guild > [MVP+] trvisXX [M]: briskest 
23:53:38.544 INFO  Minecraft: Guild > [MVP+] Briskest [S]: yo 
23:53:42.693 INFO  Minecraft: Guild > [MVP+] Briskest [S]: i was just checking your profile 
23:53:45.789 INFO  Minecraft: Guild > [MVP+] trvisXX [M]: my fishing isn't trash anymore! 
23:53:54.800 INFO  Minecraft: Guild > [MVP+] Briskest [S]:  i was looking at your fishing level 
23:53:58.042 INFO  Minecraft: Guild > [MVP+] Briskest [S]: randomly lmao 
23:54:04.729 INFO  Minecraft: Guild > [MVP+] trvisXX [M]: I didn't fish a single time 
23:54:08.981 INFO  Minecraft: Guild > [MVP+] Briskest [S]: i know 
23:54:31.300 INFO  Minecraft: Guild > [MVP+] Gnada [S]: pxngxxn wxnnx plxy bw 
23:54:37.013 INFO  Minecraft: Guild > [MVP+] trvisXX [M]: fishing 33 with 850 sea creature kills! 
23:54:43.436 INFO  Minecraft: Guild > [VIP+] PenguinGoon_ [ADMIN]: sure 
23:55:00.913 INFO  Minecraft: Guild > [VIP+] VariableOwO [S]: I am fishing 24 with 2400 
23:55:05.472 INFO  Minecraft: Guild > [MVP+] trvisXX [M]: L 
23:55:20.413 INFO  Minecraft: Guild > [MVP+] Gnada [S]: im fishing 30 with more than 11k 
23:55:35.062 INFO  Minecraft: Guild > [VIP] Foodiiee [M]: uh question how stong is a voidling devotee 
23:55:39.957 INFO  Minecraft: Guild > [VIP+] PenguinGoon_ [ADMIN]: not very 
23:55:43.949 INFO  Minecraft: Guild > The_Enderclops joined. 
23:55:48.039 INFO  Minecraft: Guild > [MVP+] Gnada [S]: 12m hp idk the dmg but you can easily kill it 
23:55:52.358 INFO  Minecraft: Guild > [VIP+] PenguinGoon_ [ADMIN]: its only the hazards that hurt a lot 
23:55:52.379 INFO  Minecraft: Guild > [MVP+] trvisXX [M]: fish minions = very op 
23:55:53.996 INFO  Minecraft: Guild > [MVP+] Briskest [S]: hypixel level 77 
23:55:54.579 INFO  Minecraft: Guild > [VIP] Foodiiee [M]: you think i can kill one? 
23:55:59.175 INFO  Minecraft: Guild > [MVP+] Gnada [S]: yea 
23:55:59.849 INFO  Minecraft: Guild > [VIP+] PenguinGoon_ [ADMIN]: idk 
23:56:10.204 INFO  Minecraft: Guild > [VIP+] PenguinGoon_ [ADMIN]: you obv cant kill hazards tho 
23:56:18.769 INFO  Minecraft: Guild > [VIP+] PenguinGoon_ [ADMIN]: those things deal more damage than t4s lol 
23:56:26.982 INFO  Minecraft: Guild > [MVP+] trvisXX [M]: are those the 75m hp ones 
23:56:30.724 INFO  Minecraft: Guild > [VIP+] PenguinGoon_ [ADMIN]: yes 
23:56:41.073 INFO  Minecraft: Guild > [MVP+] trvisXX [M]: yea they do like half my hp with one hit 
23:56:45.918 INFO  Minecraft: Guild > RandomSw3at left. 
23:56:50.906 INFO  Minecraft: Guild > [MVP+] trvisXX [M]: but u can dodge easily 
23:56:51.242 INFO  Minecraft: Guild > RandomSw3at joined. 
23:57:05.785 INFO  Minecraft: Guild > [VIP] Foodiiee [M]: i found a voidling devotee's weakness 
23:57:08.552 INFO  Minecraft: Guild > [VIP] Foodiiee [M]: stairs 
23:57:21.913 INFO  Minecraft: Guild > [MVP+] Gnada [S]: when beacons 
23:57:32.284 INFO  Minecraft: Guild > JamesyHamesy joined. 
23:57:36.459 INFO  Minecraft: Guild > [MVP+] Gnada [S]: you cant properly dodge with 250 ms 
23:57:59.100 INFO  Minecraft: Guild > [MVP+] trvisXX [M]: just walk backwards and hit 
23:58:07.826 INFO  Minecraft: Guild > [MVP+] Gnada [S]: lel 
23:58:08.890 INFO  Minecraft: Guild > [MVP+] trvisXX [M]: not gonna hit you 
23:58:09.585 INFO  Minecraft: Guild > [VIP] Foodiiee [M]: wait wut? 
23:58:14.784 INFO  Minecraft: Guild > [MVP+] trvisXX [M]: the 75m ones 
23:58:20.933 INFO  Minecraft: Guild > [VIP] Foodiiee [M]: oh 
23:58:34.149 INFO  Minecraft: Guild > [VIP+] PenguinGoon_ [ADMIN]: i normally dont because i kill faster by not moving back 
23:58:42.347 INFO  Minecraft: Guild > [MVP+] trvisXX [M]: yea 
23:58:49.719 INFO  Minecraft: Guild > [VIP+] PenguinGoon_ [ADMIN]: soulcry go brrrr 
23:58:59.572 INFO  Minecraft: Guild > [MVP+] trvisXX [M]: I just push them forward usually 
23:59:16.907 INFO  Minecraft: Guild > [MVP+] trvisXX [M]: but they still take a while to kill 
23:59:27.056 INFO  Minecraft: Guild > [VIP] Foodiiee [M]: time to die 
23:59:55.189 INFO  Minecraft: Guild > BonkXD69 left. 
23:59:57.351 INFO  Minecraft: Guild > [MVP+] trvisXX [M]: cause I only do like 1.7m per hit to them cause im using eman pet 
23:59:58.085 INFO  Minecraft: Guild > [VIP] Foodiiee [M]: spawning a t3 without fd lets see how long i last lol 
23:59:59.542 INFO  Minecraft: Guild > [MVP+] The_Enderclops [M]: did u guys see the guy that rcmed mage 50 on m6 
00:00:01.609 INFO  Minecraft:  
00:00:01.611 INFO  Minecraft: [WATCHDOG ANNOUNCEMENT] 
00:00:01.612 INFO  Minecraft: Watchdog has banned 37,287 players in the last 7 days. 
00:00:01.612 INFO  Minecraft: Staff have banned an additional 13,435 in the last 7 days. 
00:00:01.613 INFO  Minecraft: Blacklisted modifications are a bannable offense! 
00:00:01.613 INFO  Minecraft:  
00:00:35.665 INFO  Minecraft: Guild > [MVP+] The_Enderclops [M]: who knew hypm was viable on m6 ;-; 

