00:52:24.682 INFO  Minecraft: Guild > TimothyPlays57 joined. 
01:00:09.444 INFO  Minecraft: Guild > NucOps06 left. 
01:17:03.452 INFO  Minecraft: Guild > TimothyPlays57 left. 
02:00:04.358 INFO  Minecraft:  
02:00:04.369 INFO  Minecraft: [WATCHDOG ANNOUNCEMENT] 
02:00:04.370 INFO  Minecraft: Watchdog has banned 31,219 players in the last 7 days. 
02:00:04.370 INFO  Minecraft: Staff have banned an additional 12,603 in the last 7 days. 
02:00:04.371 INFO  Minecraft: Blacklisted modifications are a bannable offense! 
02:00:04.372 INFO  Minecraft:  
02:36:03.618 INFO  Minecraft: Guild > NucOps06 joined. 
02:39:28.837 INFO  Minecraft: Friend > SnowedSeal joined. 
03:02:24.380 INFO  Minecraft: Friend > SnowedSeal left. 
03:21:34.621 INFO  Minecraft: Guild > ASovietDoge joined. 
03:25:20.572 INFO  Minecraft: Guild > UnknowAccount joined. 
03:37:03.242 INFO  Minecraft: Guild > SwagMonkey420 joined. 
03:38:24.459 INFO  Minecraft: Guild > SwagMonkey420 left. 
03:51:06.192 INFO  Discord: [💬→︱guild-chat] LS | SnowedSeal: guys 
03:51:06.525 INFO  Minecraft: Guild > Minikloons [LS]: LS| SnowedSeal» guys 
03:51:12.928 INFO  Discord: [💬→︱guild-chat] LS | SnowedSeal: here's good ah flipping information 
03:51:13.186 INFO  Minecraft: Guild > Minikloons [LS]: LS| SnowedSeal» here's good ah flipping information 
03:51:18.184 INFO  Discord: [💬→︱guild-chat] LS | SnowedSeal: it'll make you endgame 
03:51:18.434 INFO  Minecraft: Guild > Minikloons [LS]: LS| SnowedSeal» it'll make you endgame 
03:51:21.102 INFO  Minecraft: Guild > [MVP+] NucOps06 [M]: git good 
03:51:26.592 INFO  Discord: [💬→︱guild-chat] LS | SnowedSeal: alr 
03:51:26.863 INFO  Minecraft: Guild > Minikloons [LS]: LS| SnowedSeal» alr 
03:51:29.231 INFO  Discord: [💬→︱guild-chat] LS | SnowedSeal: so step one 
03:51:29.470 INFO  Minecraft: Guild > Minikloons [LS]: LS| SnowedSeal» so step one 
03:51:34.246 INFO  Discord: [💬→︱guild-chat] LS | SnowedSeal: you should NEVER buy pet skins 
03:51:34.526 INFO  Minecraft: Guild > Minikloons [LS]: LS| SnowedSeal» you should NEVER buy pet skins 
03:51:39.393 INFO  Minecraft: Guild > [MVP+] NucOps06 [M]: true 
03:51:48.236 INFO  Discord: [💬→︱guild-chat] LS | SnowedSeal: step two you should NEVER ah flip without more than 100000000000b 
03:51:49.016 INFO  Minecraft: Guild > Minikloons [LS]: LS| SnowedSeal» step two you should NEVER ah flip without more than 100000000000b 
03:53:53.803 INFO  Discord: [💬→︱guild-chat] LS | SnowedSeal: step three, you need to question  how clean it is 
03:53:54.052 INFO  Minecraft: Guild > Minikloons [LS]: LS| SnowedSeal» step three, you need to question  how clean it is 
03:53:56.547 INFO  Discord: [💬→︱guild-chat] LS | SnowedSeal: the cleaner the better 
03:53:56.788 INFO  Minecraft: Guild > Minikloons [LS]: LS| SnowedSeal» the cleaner the better 
03:54:00.883 INFO  Discord: [💬→︱guild-chat] LS | SnowedSeal: this is joke 
03:54:01.121 INFO  Minecraft: Guild > Minikloons [LS]: LS| SnowedSeal» this is joke 
03:56:16.152 INFO  Minecraft: Guild > UnknowAccount left. 
04:00:04.708 INFO  Minecraft:  
04:00:04.719 INFO  Minecraft: [WATCHDOG ANNOUNCEMENT] 
04:00:04.720 INFO  Minecraft: Watchdog has banned 30,962 players in the last 7 days. 
04:00:04.721 INFO  Minecraft: Staff have banned an additional 12,607 in the last 7 days. 
04:00:04.721 INFO  Minecraft: Blacklisted modifications are a bannable offense! 
04:00:04.722 INFO  Minecraft:  
04:04:28.980 INFO  Minecraft: Guild > ASovietDoge left. 
04:05:37.816 INFO  Minecraft: Guild > Its_Angle joined. 
04:05:49.546 INFO  Minecraft: ----------------------------------------------------- 
04:05:49.550 INFO  Minecraft: [MVP+] Its_Angle left the guild! 
04:05:49.554 INFO  Minecraft: ----------------------------------------------------- 
04:05:49.826 INFO  Minecraft: Guild > Minikloons [LS]: We are sorry you had to leave, Its_Angle 
04:06:02.097 INFO  Discord: [💬→︱guild-chat] LS | SnowedSeal: rip 
04:06:02.336 INFO  Minecraft: Guild > Minikloons [LS]: LS| SnowedSeal» rip 
04:10:39.248 INFO  Minecraft: Friend > SnowedSeal joined. 
04:40:05.974 INFO  Minecraft: Guild > oSnapItsWalter joined. 
04:50:33.249 INFO  Minecraft: Guild > ASovietDoge joined. 
04:59:54.709 INFO  Minecraft: Friend > SnowedSeal left. 
05:01:34.807 INFO  Minecraft: Guild > TimothyPlays57 joined. 
05:06:21.296 INFO  Minecraft: Guild > TimothyPlays57 left. 
05:09:17.703 INFO  Minecraft: Guild > TimothyPlays57 joined. 
05:12:17.752 INFO  Minecraft: Guild > NucOps06 left. 
05:12:49.107 INFO  Minecraft: Guild > ASovietDoge left. 
05:13:09.670 INFO  Minecraft: Guild > NucOps06 joined. 
05:14:02.920 INFO  Minecraft: Friend > SnowedSeal joined. 
05:18:49.196 INFO  Minecraft: Guild > TimothyPlays57 left. 
05:22:22.825 INFO  Minecraft: Guild > NucOps06 left. 
05:22:28.989 INFO  Minecraft: Guild > NucOps06 joined. 
05:29:10.882 INFO  Minecraft: Guild > NucOps06 left. 
05:29:16.005 INFO  Minecraft: Guild > NucOps06 joined. 
05:30:00.291 INFO  Minecraft: Friend > SnowedSeal left. 
05:33:09.291 INFO  Minecraft: Guild > SwagMonkey420 joined. 
05:35:00.836 INFO  Minecraft: FISHING FESTIVAL The festival is now underway! Break out your fishing rods and watch out for sharks! 
05:35:41.642 INFO  Minecraft: Guild > ASovietDoge joined. 
05:38:07.997 INFO  Minecraft: §C§LSEASON OF JERRY Jerry's Workshop has opened! CLICK HERE to join! 
05:40:28.260 INFO  Minecraft: Guild > UnknownShadow124 joined. 
05:41:25.790 INFO  Minecraft: Guild > oSnapItsWalter left. 
05:42:53.181 INFO  Minecraft: Guild > UnknownShadow124 left. 
05:52:43.448 INFO  Minecraft: Guild > UnknowAccount joined. 
06:00:10.262 INFO  Minecraft:  
06:00:10.274 INFO  Minecraft: [WATCHDOG ANNOUNCEMENT] 
06:00:10.275 INFO  Minecraft: Watchdog has banned 30,991 players in the last 7 days. 
06:00:10.275 INFO  Minecraft: Staff have banned an additional 12,620 in the last 7 days. 
06:00:10.276 INFO  Minecraft: Blacklisted modifications are a bannable offense! 
06:00:10.278 INFO  Minecraft:  
06:15:25.555 INFO  Minecraft: Guild > ASovietDoge left. 
06:18:38.371 INFO  Minecraft: Guild > ASovietDoge joined. 
06:20:05.354 INFO  Minecraft: Guild > SwagMonkey420 left. 
06:35:00.616 INFO  Minecraft: FISHING FESTIVAL The festival has concluded! Time to dry off and repair your rods! 
06:50:01.495 INFO  Minecraft: Guild > ASovietDoge left. 
06:50:48.601 INFO  Minecraft: Guild > TimothyPlays57 joined. 
07:08:00.801 INFO  Minecraft: Guild > NucOps06 left. 
07:13:54.469 INFO  Minecraft: [Important] This server will restart soon: Scheduled Reboot 
07:13:54.480 INFO  Minecraft: You have 60 seconds to warp out! CLICK to warp now! 
07:14:52.572 INFO  Minecraft: Evacuating to Hub... 
07:14:52.626 INFO  Minecraft: Sending to server mini362K... 
07:14:52.764 INFO  Logged in. 
07:14:53.243 INFO  Minecraft:         
07:14:56.942 INFO  Minecraft: You are playing on profile: Zucchini (Co-op) 
07:14:57.768 INFO  Sending to skyblock. 
07:14:58.023 INFO  Minecraft: You are already playing SkyBlock! 
07:15:03.077 INFO  Minecraft: Warping you to your SkyBlock island... 
07:15:03.335 INFO  Minecraft: Sending to server mini916E... 
07:15:03.463 INFO  Logged in. 
07:15:03.772 INFO  Minecraft:         
07:15:06.897 INFO  Minecraft: You are playing on profile: Zucchini (Co-op) 
07:15:08.468 INFO  Sending to skyblock. 
07:15:08.737 INFO  Minecraft: You are already playing SkyBlock! 
07:15:13.870 INFO  Minecraft: You're already sitting on this island! 
07:17:28.763 INFO  Minecraft: Guild > TimothyPlays57 left. 
07:42:55.215 INFO  Minecraft: Guild > clonzy joined. 
07:44:55.280 INFO  Minecraft: Guild > clonzy left. 
08:00:10.422 INFO  Minecraft:  
08:00:10.431 INFO  Minecraft: [WATCHDOG ANNOUNCEMENT] 
08:00:10.435 INFO  Minecraft: Watchdog has banned 30,957 players in the last 7 days. 
08:00:10.436 INFO  Minecraft: Staff have banned an additional 12,641 in the last 7 days. 
08:00:10.438 INFO  Minecraft: Blacklisted modifications are a bannable offense! 
08:00:10.438 INFO  Minecraft:  
08:05:08.530 INFO  Minecraft: Guild > TimothyPlays57 joined. 
08:05:58.512 INFO  Minecraft: Guild > TimothyPlays57 left. 
08:20:04.566 INFO  Minecraft: Guild > ASovietDoge joined. 
08:29:04.384 INFO  Minecraft: Guild > UnknowAccount left. 
08:42:23.292 INFO  Minecraft: Guild > NucOps06 joined. 
08:45:20.905 INFO  Minecraft: Guild > NucOps06 left. 
08:46:11.599 INFO  Minecraft: Guild > NucOps06 joined. 
08:54:04.424 INFO  Minecraft: Guild > NucOps06 left. 
08:54:08.514 INFO  Minecraft: Guild > NucOps06 joined. 
09:02:38.451 INFO  Minecraft: Guild > NucOps06 left. 
09:04:35.116 INFO  Minecraft: Guild > NucOps06 joined. 
09:06:09.368 INFO  Minecraft: Guild > ASovietDoge left. 
09:31:15.193 INFO  Minecraft: Guild > ASovietDoge joined. 
09:34:43.508 INFO  Minecraft: Guild > TREX2M joined. 
09:52:56.665 INFO  Minecraft: Guild > TREX2M left. 
09:53:09.578 INFO  Minecraft: Guild > TREX2M joined. 
10:00:10.607 INFO  Minecraft:  
10:00:10.616 INFO  Minecraft: [WATCHDOG ANNOUNCEMENT] 
10:00:10.617 INFO  Minecraft: Watchdog has banned 30,941 players in the last 7 days. 
10:00:10.617 INFO  Minecraft: Staff have banned an additional 12,736 in the last 7 days. 
10:00:10.619 INFO  Minecraft: Blacklisted modifications are a bannable offense! 
10:00:10.620 INFO  Minecraft:  
10:03:08.297 INFO  Minecraft: Guild > ASovietDoge left. 
10:17:57.452 INFO  Minecraft: Guild > NucOps06 left. 
10:18:01.693 INFO  Minecraft: Guild > NucOps06 joined. 
10:18:50.768 INFO  Minecraft: Guild > NucOps06 left. 
10:26:15.234 INFO  Minecraft: Guild > 5659 joined. 
10:27:25.254 INFO  Minecraft: Guild > 5659 left. 
10:49:40.294 INFO  Minecraft: Guild > TREX2M left. 
10:55:48.511 INFO  Minecraft: Friend > SnowedSeal joined. 
10:56:44.997 INFO  Minecraft: Guild > NucOps06 joined. 
10:58:30.261 INFO  Minecraft: Guild > NucOps06 left. 
11:05:35.831 INFO  Logging in. 
11:05:37.321 INFO  Discord: Logged in. 
11:05:38.221 INFO  Logged in. 
11:05:38.438 INFO  Minecraft:                                       
11:05:38.448 INFO  Minecraft:                           
11:05:38.547 INFO  Minecraft: You found a ✰✰✰✰✰ Mystery Box! 
11:05:39.085 INFO  Minecraft: [MVP+] Littlesparky11 joined the lobby! 
11:05:39.087 INFO  Sending to skyblock. 
11:05:39.883 INFO  Minecraft: ----------------------------------------------------- 
11:05:39.885 INFO  Minecraft: Requirements are Skill Avg 23, Cata 23, and 170m net, along 
11:05:39.886 INFO  Minecraft: with 85k gexp a week! Make sure to have fun and contact 
11:05:39.887 INFO  Minecraft: OwOSeal or Smol if you have something to report, or something else to say! 
11:05:39.888 INFO  Minecraft: ----------------------------------------------------- 
11:05:40.307 INFO  Minecraft: Sending to server mini625N... 
11:05:40.349 INFO  Logged in. 
11:05:40.378 INFO  Minecraft:         
11:05:41.428 INFO  Minecraft: You're already sitting on this island! 
11:05:42.988 INFO  Minecraft: You are playing on profile: Zucchini (Co-op) 
11:05:43.224 INFO  Sending to skyblock. 
11:05:43.469 INFO  Minecraft: Please don't spam the command! 
11:05:43.622 INFO  Minecraft:  
11:05:43.624 INFO  Minecraft: Welcome to Hypixel SkyBlock! 
11:05:45.351 INFO  Sending to skyblock. 
11:05:45.586 INFO  Minecraft: Cannot join SkyBlock for a moment! (Queue join in cooldown) 
11:05:48.530 INFO  Minecraft: You're already sitting on this island! 
11:05:50.631 INFO  Minecraft: You're already sitting on this island! 
11:48:44.728 INFO  Minecraft: Guild > [MVP+] NucOps06 [M]: PET DROP! Baby Yeti (+183% Magic Find!) 
11:52:47.838 INFO  Minecraft: Guild > TREX2M joined. 
12:00:10.781 INFO  Minecraft:  
12:00:10.783 INFO  Minecraft: [WATCHDOG ANNOUNCEMENT] 
12:00:10.784 INFO  Minecraft: Watchdog has banned 31,004 players in the last 7 days. 
12:00:10.785 INFO  Minecraft: Staff have banned an additional 12,645 in the last 7 days. 
12:00:10.787 INFO  Minecraft: Blacklisted modifications are a bannable offense! 
12:00:10.787 INFO  Minecraft:  
12:16:39.444 INFO  Minecraft: §C§LSEASON OF JERRY Mount Jerry is going to erupt in 3 days! Go to Jerry's Workshop to save the Jerrys and their Gifts! CLICK HERE to join! 
12:16:54.783 INFO  Minecraft: Friend > IdlyChiqken joined. 
12:32:01.613 INFO  Minecraft: Guild > OwOWolfs joined. 
12:33:44.786 INFO  Minecraft: Guild > OwOWolfs left. 
12:36:48.300 INFO  Minecraft: §C§LSEASON OF JERRY Mount Jerry is going to erupt in 2 days! Go to Jerry's Workshop to save the Jerrys and their Gifts! CLICK HERE to join! 
12:55:31.337 INFO  Minecraft: §C§LSEASON OF JERRY Mount Jerry is going to erupt in 1 day! Go to Jerry's Workshop to save the Jerrys and their Gifts! CLICK HERE to join! 
13:03:10.816 INFO  Minecraft: Guild > TREX2M left. 
13:14:06.918 INFO  Logging in. 
13:14:08.351 INFO  Discord: Logged in. 
13:14:09.681 INFO  Logged in. 
13:14:09.894 INFO  Minecraft:                                       
13:14:09.904 INFO  Minecraft:                           
13:14:09.921 INFO  Minecraft: ----------------------------------------------------- 
13:14:09.922 INFO  Minecraft: Requirements are Skill Avg 23, Cata 23, and 170m net, along 
13:14:09.922 INFO  Minecraft: with 85k gexp a week! Make sure to have fun and contact 
13:14:09.923 INFO  Minecraft: OwOSeal or Smol if you have something to report, or something else to say! 
13:14:09.926 INFO  Minecraft: ----------------------------------------------------- 
13:14:10.149 INFO  Minecraft: You found a ✰✰✰✰✰ Mystery Box! 
13:14:12.703 INFO  Minecraft:  >>> [MVP++] egom joined the lobby! <<< 
13:14:14.687 INFO  Sending to skyblock. 
13:14:15.223 INFO  Minecraft: Sending to server mini185Q... 
13:14:15.370 INFO  Logged in. 
13:14:15.695 INFO  Minecraft:         
13:14:18.816 INFO  Minecraft: You are playing on profile: Zucchini (Co-op) 
13:14:19.403 INFO  Minecraft:  
13:14:19.406 INFO  Minecraft: Welcome to Hypixel SkyBlock! 
13:14:20.384 INFO  Sending to skyblock. 
13:19:39.788 INFO  Logging in. 
13:19:41.240 INFO  Discord: Logged in. 
13:19:42.420 INFO  Logged in. 
13:19:42.587 INFO  Minecraft:                                       
13:19:42.598 INFO  Minecraft:                           
13:19:44.092 INFO  Minecraft: ----------------------------------------------------- 
13:19:44.095 INFO  Minecraft: Requirements are Skill Avg 23, Cata 23, and 170m net, along 
13:19:44.096 INFO  Minecraft: with 85k gexp a week! Make sure to have fun and contact 
13:19:44.097 INFO  Minecraft: OwOSeal or Smol if you have something to report, or something else to say! 
13:19:44.097 INFO  Minecraft: ----------------------------------------------------- 
13:19:47.247 INFO  Minecraft:  >>> [MVP++] radical_77 joined the lobby! <<< 
13:19:47.431 INFO  Sending to skyblock. 
13:19:47.839 INFO  Minecraft: Sending to server mini245K... 
13:19:47.974 INFO  Logged in. 
13:19:48.221 INFO  Minecraft:         
13:19:51.358 INFO  Minecraft: You are playing on profile: Zucchini (Co-op) 
13:19:51.977 INFO  Minecraft:  
13:19:51.978 INFO  Minecraft: Welcome to Hypixel SkyBlock! 
13:19:52.709 INFO  Minecraft: You're already sitting on this island! 
13:19:52.977 INFO  Sending to skyblock. 
13:19:53.270 INFO  Minecraft: Cannot join SkyBlock for a moment! (Queue join in cooldown) 
13:19:58.260 INFO  Minecraft: You're already sitting on this island! 
13:28:15.486 INFO  Minecraft: Guild > ranger4josh joined. 
13:28:36.304 INFO  Minecraft: Friend > IdlyChiqken joined. 
13:29:07.626 INFO  Minecraft: Guild > ranger4josh left. 
13:30:47.207 INFO  Minecraft: Guild > ranger4josh joined. 
13:31:54.255 INFO  Minecraft: Guild > ranger4josh left. 
13:34:02.197 INFO  Minecraft: Guild > ranger4josh joined. 
13:37:42.910 INFO  Minecraft: Guild > ranger4josh left. 
13:40:03.055 INFO  Minecraft: Guild > ASovietDoge joined. 
13:46:35.720 INFO  Logging in. 
13:46:37.169 INFO  Discord: Logged in. 
13:46:38.585 INFO  Logged in. 
13:46:38.773 INFO  Minecraft:                                       
13:46:38.781 INFO  Minecraft:                           
13:46:40.272 INFO  Minecraft: ----------------------------------------------------- 
13:46:40.273 INFO  Minecraft: Requirements are Skill Avg 23, Cata 23, and 170m net, along 
13:46:40.274 INFO  Minecraft: with 85k gexp a week! Make sure to have fun and contact 
13:46:40.275 INFO  Minecraft: OwOSeal or Smol if you have something to report, or something else to say! 
13:46:40.276 INFO  Minecraft: ----------------------------------------------------- 
13:46:40.560 INFO  Minecraft: [MVP+] giasa joined the lobby! 
13:46:40.562 INFO  Sending to skyblock. 
13:46:40.933 INFO  Minecraft: Sending to server mini489A... 
13:46:41.071 INFO  Logged in. 
13:46:41.307 INFO  Minecraft:         
13:46:42.854 INFO  Minecraft: You're already sitting on this island! 
13:46:43.589 INFO  Sending to skyblock. 
13:46:43.805 INFO  Minecraft: Please don't spam the command! 
13:46:44.532 INFO  Minecraft: You are playing on profile: Zucchini (Co-op) 
13:46:45.091 INFO  Minecraft:  
13:46:45.093 INFO  Minecraft: Welcome to Hypixel SkyBlock! 
13:46:46.080 INFO  Sending to skyblock. 
13:46:46.297 INFO  Minecraft: Cannot join SkyBlock for a moment! (Queue join in cooldown) 
13:46:48.852 INFO  Minecraft: You're already sitting on this island! 
13:46:51.355 INFO  Minecraft: You're already sitting on this island! 
13:55:00.553 INFO  Minecraft: The New Year’s Celebration event is starting in 3 days! 
14:00:10.945 INFO  Minecraft:  
14:00:10.949 INFO  Minecraft: [WATCHDOG ANNOUNCEMENT] 
14:00:10.951 INFO  Minecraft: Watchdog has banned 31,010 players in the last 7 days. 
14:00:10.952 INFO  Minecraft: Staff have banned an additional 12,656 in the last 7 days. 
14:00:10.953 INFO  Minecraft: Blacklisted modifications are a bannable offense! 
14:00:10.954 INFO  Minecraft:  
14:18:03.870 INFO  Logging in. 
14:18:05.312 INFO  Discord: Logged in. 
14:18:06.222 INFO  Logged in. 
14:18:06.405 INFO  Minecraft:                                       
14:18:06.414 INFO  Minecraft:                           
14:18:07.883 INFO  Minecraft: ----------------------------------------------------- 
14:18:07.884 INFO  Minecraft: Requirements are Skill Avg 23, Cata 23, and 170m net, along 
14:18:07.885 INFO  Minecraft: with 85k gexp a week! Make sure to have fun and contact 
14:18:07.886 INFO  Minecraft: OwOSeal or Smol if you have something to report, or something else to say! 
14:18:07.887 INFO  Minecraft: ----------------------------------------------------- 
14:18:11.222 INFO  Sending to skyblock. 
14:18:11.651 INFO  Minecraft: Sending to server mini51N... 
14:18:11.759 INFO  Logged in. 
14:18:12.057 INFO  Minecraft:         
14:18:15.165 INFO  Minecraft: You are playing on profile: Zucchini (Co-op) 
14:18:15.793 INFO  Minecraft:  
14:18:15.795 INFO  Minecraft: Welcome to Hypixel SkyBlock! 
14:18:16.165 INFO  Minecraft: ALLOWANCE! You earned 50,000 coins! 
14:18:16.532 INFO  Minecraft: You're already sitting on this island! 
14:18:16.762 INFO  Sending to skyblock. 
14:18:17.023 INFO  Minecraft: Cannot join SkyBlock for a moment! (Queue join in cooldown) 
14:18:22.070 INFO  Minecraft: You're already sitting on this island! 
14:19:50.734 INFO  Minecraft: Guild > ASovietDoge joined. 
14:34:17.645 INFO  Minecraft: Friend > IdlyChiqken left. 
14:35:00.746 INFO  Minecraft: The New Year’s Celebration event is starting in 1 day! 
14:36:25.362 INFO  Minecraft: Guild > ranger4josh joined. 
14:50:29.897 INFO  Logging in. 
14:50:31.718 INFO  Discord: Logged in. 
14:50:33.217 INFO  Logged in. 
14:50:33.416 INFO  Minecraft:                                       
14:50:33.424 INFO  Minecraft:                           
14:50:33.630 INFO  Minecraft: You found a ✰✰✰✰✰ Mystery Box! 
14:50:34.076 INFO  Minecraft: ----------------------------------------------------- 
14:50:34.078 INFO  Minecraft: Requirements are Skill Avg 23, Cata 23, and 170m net, along 
14:50:34.079 INFO  Minecraft: with 85k gexp a week! Make sure to have fun and contact 
14:50:34.080 INFO  Minecraft: OwOSeal or Smol if you have something to report, or something else to say! 
14:50:34.081 INFO  Minecraft: ----------------------------------------------------- 
14:50:38.228 INFO  Sending to skyblock. 
14:50:38.697 INFO  Minecraft: Sending to server mini394U... 
14:50:38.798 INFO  Logged in. 
14:50:39.057 INFO  Minecraft:         
14:50:42.217 INFO  Minecraft: You are playing on profile: Zucchini (Co-op) 
14:50:42.834 INFO  Minecraft:  
14:50:42.835 INFO  Minecraft: Welcome to Hypixel SkyBlock! 
14:50:43.583 INFO  Minecraft: You're already sitting on this island! 
14:50:43.798 INFO  Sending to skyblock. 
14:50:44.032 INFO  Minecraft: Cannot join SkyBlock for a moment! (Queue join in cooldown) 
14:50:49.114 INFO  Minecraft: You're already sitting on this island! 
14:52:07.625 INFO  Minecraft: Guild > ranger4josh left. 
14:55:02.429 INFO  Minecraft: A Event: New Year’s Celebration! A 
14:55:02.444 INFO  Minecraft: Everyone is having a party in the Village! 
14:55:02.444 INFO  Minecraft: Go there and talk to the Baker to get your New Year's Cake! 
14:55:02.445 INFO  Minecraft:  
14:57:47.665 INFO  Minecraft: Guild > ranger4josh joined. 
15:01:46.285 INFO  Minecraft: Guild > NucOps06 left. 
15:03:32.867 INFO  Minecraft: Guild > ASovietDoge left. 
15:15:01.771 INFO  Minecraft: A Event: New Year’s Celebration! A 
15:15:01.776 INFO  Minecraft: Everyone is having a party in the Village! 
15:15:01.777 INFO  Minecraft: Go there and talk to the Baker to get your New Year's Cake! 
15:15:01.778 INFO  Minecraft:  
15:25:00.573 INFO  Minecraft: Guild > 5659 joined. 
15:28:53.747 INFO  Minecraft: Guild > 5659 left. 
15:29:15.487 INFO  Minecraft: [SkyBlock] [VIP] Vibeamai is visiting Your Island! 
15:31:52.454 INFO  Minecraft: Guild > 5659 joined. 
15:35:01.960 INFO  Minecraft: A Event: New Year’s Celebration! A 
15:35:01.963 INFO  Minecraft: Everyone is having a party in the Village! 
15:35:01.964 INFO  Minecraft: Go there and talk to the Baker to get your New Year's Cake! 
15:35:01.965 INFO  Minecraft:  
15:37:32.575 INFO  Minecraft: Guild > 5659 left. 
15:48:43.365 INFO  Minecraft: Guild > ranger4josh left. 
15:55:01.270 INFO  Minecraft: FISHING FESTIVAL The festival is now underway! Break out your fishing rods and watch out for sharks! 
15:57:35.396 INFO  Minecraft: Guild > UnknowAccount joined. 
15:58:49.700 INFO  Minecraft: Guild > ranger4josh joined. 
16:00:11.083 INFO  Minecraft:  
16:00:11.086 INFO  Minecraft: [WATCHDOG ANNOUNCEMENT] 
16:00:11.086 INFO  Minecraft: Watchdog has banned 31,042 players in the last 7 days. 
16:00:11.087 INFO  Minecraft: Staff have banned an additional 12,662 in the last 7 days. 
16:00:11.088 INFO  Minecraft: Blacklisted modifications are a bannable offense! 
16:00:11.090 INFO  Minecraft:  
16:12:41.692 INFO  Minecraft: Guild > ranger4josh left. 
16:55:00.281 INFO  Minecraft: FISHING FESTIVAL The festival has concluded! Time to dry off and repair your rods! 
16:58:17.351 INFO  Minecraft: Guild > UnknowAccount left. 
17:17:50.026 INFO  Minecraft: -----------------------------------------------------
SBtier has requested to join the Guild!
Click here to accept or type /guild accept SBtier!
-----------------------------------------------------
 
17:28:40.898 INFO  Logging in. 
17:28:42.368 INFO  Discord: Logged in. 
17:28:43.346 INFO  Logged in. 
17:28:43.551 INFO  Minecraft:                                       
17:28:43.559 INFO  Minecraft:                           
17:28:43.580 INFO  Minecraft: You found a ✰✰✰✰✰ Mystery Box! 
17:28:44.427 INFO  Minecraft: ----------------------------------------------------- 
17:28:44.429 INFO  Minecraft: Requirements are Skill Avg 23, Cata 23, and 170m net, along 
17:28:44.430 INFO  Minecraft: with 85k gexp a week! Make sure to have fun and contact 
17:28:44.432 INFO  Minecraft: OwOSeal or Smol if you have something to report, or something else to say! 
17:28:44.433 INFO  Minecraft: ----------------------------------------------------- 
17:28:48.353 INFO  Sending to skyblock. 
17:28:48.793 INFO  Minecraft: Sending to server mini585D... 
17:28:48.906 INFO  Logged in. 
17:28:49.158 INFO  Minecraft:         
17:28:49.360 INFO  Minecraft: ----------------------------------------------------- 
17:28:49.363 INFO  Minecraft: You have just received 130,015 coins as interest in your co-op bank account! 
17:28:49.364 INFO  Minecraft: ----------------------------------------------------- 
17:28:52.299 INFO  Minecraft: You are playing on profile: Zucchini (Co-op) 
17:28:52.989 INFO  Minecraft:  
17:28:52.991 INFO  Minecraft: Welcome to Hypixel SkyBlock! 
17:28:53.650 INFO  Minecraft: You're already sitting on this island! 
17:28:53.906 INFO  Sending to skyblock. 
17:28:54.165 INFO  Minecraft: Cannot join SkyBlock for a moment! (Queue join in cooldown) 
17:28:59.260 INFO  Minecraft: You're already sitting on this island! 
18:00:11.250 INFO  Minecraft:  
18:00:11.267 INFO  Minecraft: [WATCHDOG ANNOUNCEMENT] 
18:00:11.269 INFO  Minecraft: Watchdog has banned 31,109 players in the last 7 days. 
18:00:11.274 INFO  Minecraft: Staff have banned an additional 12,661 in the last 7 days. 
18:00:11.274 INFO  Minecraft: Blacklisted modifications are a bannable offense! 
18:00:11.275 INFO  Minecraft:  
18:04:17.100 INFO  Minecraft: Guild > oSnapItsWalter joined. 
18:04:54.466 INFO  Minecraft: Guild > oSnapItsWalter left. 
18:06:42.645 INFO  Minecraft: Guild > oSnapItsWalter joined. 
18:17:40.902 INFO  Logging in. 
18:17:42.802 INFO  Discord: Logged in. 
18:17:44.209 INFO  Logged in. 
18:17:44.362 INFO  Minecraft:                                       
18:17:44.410 INFO  Minecraft:                           
18:17:48.837 INFO  Minecraft: ----------------------------------------------------- 
18:17:48.839 INFO  Minecraft: Requirements are Skill Avg 23, Cata 23, and 170m net, along 
18:17:48.842 INFO  Minecraft: with 85k gexp a week! Make sure to have fun and contact 
18:17:48.843 INFO  Minecraft: OwOSeal or Smol if you have something to report, or something else to say! 
18:17:48.844 INFO  Minecraft: ----------------------------------------------------- 
18:17:49.217 INFO  Sending to skyblock. 
18:17:52.398 INFO  Minecraft: Sending to server mini59U... 
18:17:52.432 INFO  Logged in. 
18:17:52.549 INFO  Minecraft:         
18:17:55.787 INFO  Minecraft: You are playing on profile: Zucchini (Co-op) 
18:17:55.795 INFO  Minecraft:  
18:17:55.796 INFO  Minecraft: Welcome to Hypixel SkyBlock! 
18:17:55.877 INFO  Minecraft: You're already sitting on this island! 
18:17:57.438 INFO  Sending to skyblock. 
18:17:57.689 INFO  Minecraft: You are already playing SkyBlock! 
18:18:02.731 INFO  Minecraft: You're already sitting on this island! 
18:18:03.120 INFO  Minecraft: Guild > ranger4josh joined. 
18:36:01.445 INFO  Minecraft: Guild > ranger4josh left. 
18:56:22.876 INFO  Minecraft: Guild > ranger4josh joined. 
19:29:55.218 INFO  Minecraft: Guild > ranger4josh left. 
19:32:54.230 INFO  Minecraft: Guild > ranger4josh joined. 
19:34:11.243 INFO  Minecraft: Guild > ranger4josh left. 
19:34:17.373 INFO  Minecraft: Guild > ranger4josh joined. 
19:35:15.468 INFO  Minecraft: Guild > ranger4josh left. 
19:37:51.561 INFO  Minecraft: Guild > ranger4josh joined. 
19:37:53.395 INFO  Minecraft: Guild > oSnapItsWalter left. 
19:38:54.584 INFO  Minecraft: Guild > ranger4josh left. 
19:38:59.416 INFO  Minecraft: Guild > ranger4josh joined. 
19:44:04.780 INFO  Logging in. 
19:44:06.370 INFO  Discord: Logged in. 
19:44:07.498 INFO  Logged in. 
19:44:07.686 INFO  Minecraft:                                       
19:44:07.693 INFO  Minecraft:                           
19:44:07.922 INFO  Minecraft: You found a ✰✰✰✰✰ Mystery Box! 
19:44:07.949 INFO  Minecraft: ----------------------------------------------------- 
19:44:07.949 INFO  Minecraft: Requirements are Skill Avg 23, Cata 23, and 170m net, along 
19:44:07.950 INFO  Minecraft: with 85k gexp a week! Make sure to have fun and contact 
19:44:07.951 INFO  Minecraft: OwOSeal or Smol if you have something to report, or something else to say! 
19:44:07.951 INFO  Minecraft: ----------------------------------------------------- 
19:44:08.412 INFO  Minecraft: [MVP+] Jvyv joined the lobby! 
19:44:08.413 INFO  Sending to skyblock. 
19:44:09.610 INFO  Minecraft: Sending to server mini20D... 
19:44:09.667 INFO  Logged in. 
19:44:09.696 INFO  Minecraft:         
19:44:10.714 INFO  Minecraft: You're already sitting on this island! 
19:44:12.467 INFO  Minecraft: You are playing on profile: Zucchini (Co-op) 
19:44:12.503 INFO  Sending to skyblock. 
19:44:12.795 INFO  Minecraft: Please don't spam the command! 
19:44:13.009 INFO  Minecraft:  
19:44:13.099 INFO  Minecraft: Welcome to Hypixel SkyBlock! 
19:44:14.669 INFO  Sending to skyblock. 
19:44:14.933 INFO  Minecraft: Cannot join SkyBlock for a moment! (Queue join in cooldown) 
19:44:17.795 INFO  Minecraft: You're already sitting on this island! 
19:44:20.035 INFO  Minecraft: You're already sitting on this island! 
19:44:54.725 INFO  Minecraft: Guild > ranger4josh joined. 
19:46:05.786 INFO  Minecraft: Guild > ranger4josh left. 
19:47:48.697 INFO  Minecraft: Guild > ranger4josh joined. 
19:56:32.717 INFO  Logging in. 
19:56:34.154 INFO  Discord: Logged in. 
19:56:34.992 INFO  Minecraft: ----------------------------------------------------- 
19:56:34.995 INFO  Minecraft: Requirements are Skill Avg 23, Cata 23, and 170m net, along 
19:56:34.997 INFO  Minecraft: with 85k gexp a week! Make sure to have fun and contact 
19:56:34.998 INFO  Minecraft: OwOSeal or Smol if you have something to report, or something else to say! 
19:56:34.999 INFO  Minecraft: ----------------------------------------------------- 
19:56:35.040 INFO  Logged in. 
19:56:35.200 INFO  Minecraft:                                       
19:56:35.209 INFO  Minecraft:                           
19:56:40.051 INFO  Sending to skyblock. 
19:56:40.442 INFO  Minecraft: Sending to server mini401H... 
19:56:40.547 INFO  Logged in. 
19:56:40.794 INFO  Minecraft:         
19:56:43.994 INFO  Minecraft: You are playing on profile: Zucchini (Co-op) 
19:56:44.619 INFO  Minecraft:  
19:56:44.637 INFO  Minecraft: Welcome to Hypixel SkyBlock! 
19:56:45.360 INFO  Minecraft: You're already sitting on this island! 
19:56:45.549 INFO  Sending to skyblock. 
19:56:45.810 INFO  Minecraft: Cannot join SkyBlock for a moment! (Queue join in cooldown) 
19:56:50.843 INFO  Minecraft: You're already sitting on this island! 
20:00:11.395 INFO  Minecraft:  
20:00:11.413 INFO  Minecraft: [WATCHDOG ANNOUNCEMENT] 
20:00:11.414 INFO  Minecraft: Watchdog has banned 31,048 players in the last 7 days. 
20:00:11.415 INFO  Minecraft: Staff have banned an additional 12,625 in the last 7 days. 
20:00:11.416 INFO  Minecraft: Blacklisted modifications are a bannable offense! 
20:00:11.417 INFO  Minecraft:  
20:03:54.462 INFO  Minecraft: Guild > [MVP+] ranger4josh [M]: re----party 
20:30:29.034 INFO  Minecraft: Guild > UnknowAccount joined. 
20:47:55.912 INFO  Logging in. 
20:47:57.515 INFO  Discord: Logged in. 
20:47:58.633 INFO  Logged in. 
20:47:58.916 INFO  Minecraft:                                       
20:47:58.924 INFO  Minecraft:                           
20:47:58.956 INFO  Minecraft: You found a ✰✰✰✰✰ Mystery Box! 
20:48:00.790 INFO  Minecraft: ----------------------------------------------------- 
20:48:00.792 INFO  Minecraft: Requirements are Skill Avg 23, Cata 23, and 170m net, along 
20:48:00.793 INFO  Minecraft: with 85k gexp a week! Make sure to have fun and contact 
20:48:00.794 INFO  Minecraft: OwOSeal or Smol if you have something to report, or something else to say! 
20:48:00.794 INFO  Minecraft: ----------------------------------------------------- 
20:48:03.634 INFO  Sending to skyblock. 
20:48:04.120 INFO  Minecraft: Sending to server mini129A... 
20:48:04.175 INFO  Logged in. 
20:48:04.396 INFO  Minecraft:         
20:48:07.573 INFO  Minecraft: You are playing on profile: Zucchini (Co-op) 
20:48:08.172 INFO  Minecraft:  
20:48:08.174 INFO  Minecraft: Welcome to Hypixel SkyBlock! 
20:48:09.111 INFO  Minecraft: You're already sitting on this island! 
20:48:09.177 INFO  Sending to skyblock. 
20:48:09.493 INFO  Minecraft: Cannot join SkyBlock for a moment! (Queue join in cooldown) 
20:48:14.586 INFO  Minecraft: You're already sitting on this island! 
20:52:56.419 INFO  Minecraft: Guild > ranger4josh left. 
21:20:58.187 INFO  Minecraft: Guild > ranger4josh joined. 
21:42:23.077 INFO  Minecraft: Guild > ranger4josh left. 
22:00:12.040 INFO  Minecraft:  
22:00:12.043 INFO  Minecraft: [WATCHDOG ANNOUNCEMENT] 
22:00:12.044 INFO  Minecraft: Watchdog has banned 31,104 players in the last 7 days. 
22:00:12.044 INFO  Minecraft: Staff have banned an additional 12,571 in the last 7 days. 
22:00:12.046 INFO  Minecraft: Blacklisted modifications are a bannable offense! 
22:00:12.046 INFO  Minecraft:  
22:00:55.178 INFO  Minecraft: Guild > oSnapItsWalter left. 
22:01:20.190 INFO  Minecraft: Guild > ranger4josh joined. 
22:01:39.834 INFO  Minecraft: Guild > [MVP+] ranger4josh [M]: helllloooooooo 
22:01:47.014 INFO  Minecraft: Guild > [MVP+] ranger4josh [M]: is anyone in this guild alive 
22:03:49.965 INFO  Minecraft: Guild > [MVP+] ranger4josh [M]: welcome 
22:13:18.479 INFO  Minecraft: Guild > oSnapItsWalter joined. 
22:31:39.551 INFO  Minecraft: Guild > ranger4josh left. 
22:42:45.363 INFO  Minecraft: Guild > NucOps06 joined. 
22:54:24.044 INFO  Minecraft: Guild > oSnapItsWalter left. 
22:55:14.518 INFO  Minecraft: Guild > oSnapItsWalter joined. 
23:08:18.972 INFO  Minecraft: Guild > UnknowAccount left. 
23:18:52.840 INFO  Minecraft: Guild > UnknowAccount joined. 
23:40:07.802 INFO  Minecraft: Guild > oSnapItsWalter left. 
23:53:40.590 INFO  Minecraft: Guild > NucOps06 left. 
23:53:54.144 INFO  Minecraft: Guild > NucOps06 joined. 
00:00:12.153 INFO  Minecraft:  
00:00:12.155 INFO  Minecraft: [WATCHDOG ANNOUNCEMENT] 
00:00:12.156 INFO  Minecraft: Watchdog has banned 31,153 players in the last 7 days. 
00:00:12.157 INFO  Minecraft: Staff have banned an additional 12,515 in the last 7 days. 
00:00:12.159 INFO  Minecraft: Blacklisted modifications are a bannable offense! 
00:00:12.159 INFO  Minecraft:  

