06:43:20.468 INFO  Logging in. 
06:43:22.292 INFO  Discord: Logged in. 
06:43:58.306 INFO  Logging in. 
06:43:59.665 INFO  Discord: Logged in. 
06:44:01.451 INFO  Logged in. 
06:44:01.669 INFO  Minecraft:                                       
06:44:01.679 INFO  Minecraft:                           
06:44:01.812 INFO  Minecraft: You found a ✰✰✰✰✰ Mystery Box! 
06:44:02.845 INFO  Minecraft: ----------------------------------------------------- 
06:44:02.845 INFO  Minecraft: Requirements are Skill Avg 23, Cata 23, and 170m net, along 
06:44:02.846 INFO  Minecraft: with 85k gexp a week! Make sure to have fun and contact 
06:44:02.846 INFO  Minecraft: OwOSeal or Smol if you have something to report, or something else to say! 
06:44:02.847 INFO  Minecraft: ----------------------------------------------------- 
06:44:06.466 INFO  Sending to skyblock. 
06:44:06.949 INFO  Minecraft: Sending to server mini384H... 
06:44:07.182 INFO  Logged in. 
06:44:07.445 INFO  Minecraft:         
06:44:10.573 INFO  Minecraft: You are playing on profile: Zucchini (Co-op) 
06:44:11.221 INFO  Minecraft:  
06:44:11.251 INFO  Minecraft: Welcome to Hypixel SkyBlock! 
06:44:11.812 INFO  Minecraft: You're already sitting on this island! 
06:44:12.183 INFO  Sending to skyblock. 
06:44:12.424 INFO  Minecraft: Cannot join SkyBlock for a moment! (Queue join in cooldown) 
06:44:17.481 INFO  Minecraft: You're already sitting on this island! 
06:49:46.565 INFO  Minecraft: Guild > OwOWolfs left. 
06:49:51.665 INFO  Minecraft: Guild > OwOWolfs joined. 
06:49:57.621 INFO  Minecraft: Guild > OwOWolfs left. 
06:50:05.527 INFO  Minecraft: Guild > OwOWolfs joined. 
06:58:41.852 INFO  Minecraft: A Event: New Year’s Celebration! A 
06:58:41.854 INFO  Minecraft: Everyone is having a party in the Village! 
06:58:41.856 INFO  Minecraft: Go there and talk to the Baker to get your New Year's Cake! 
06:58:41.857 INFO  Minecraft:  
07:18:41.789 INFO  Minecraft: A Event: New Year’s Celebration! A 
07:18:41.791 INFO  Minecraft: Everyone is having a party in the Village! 
07:18:41.793 INFO  Minecraft: Go there and talk to the Baker to get your New Year's Cake! 
07:18:41.793 INFO  Minecraft:  
07:22:49.438 INFO  Minecraft: Guild > loxuu joined. 
07:25:32.823 INFO  Minecraft: ----------------------------------------------------- 
07:25:32.825 INFO  Minecraft: [VIP] loxuu left the guild! 
07:25:32.827 INFO  Minecraft: ----------------------------------------------------- 
07:25:33.111 INFO  Minecraft: Guild > Minikloons [LS]: We are sorry you had to leave, loxuu 
07:29:06.236 INFO  Minecraft: Guild > OwOWolfs left. 
07:29:54.429 INFO  Minecraft: Guild > OwOWolfs joined. 
07:38:18.898 INFO  Minecraft: Guild > FearTheVillain3 joined. 
07:38:41.957 INFO  Minecraft: A Event: New Year’s Celebration! A 
07:38:41.960 INFO  Minecraft: Everyone is having a party in the Village! 
07:38:41.961 INFO  Minecraft: Go there and talk to the Baker to get your New Year's Cake! 
07:38:41.962 INFO  Minecraft:  
07:41:13.304 INFO  Minecraft: Guild > FearTheVillain3 left. 
07:46:15.906 INFO  Minecraft: Friend > SnowedSeal joined. 
07:48:40.698 INFO  Minecraft: Guild > LionyLev joined. 
08:38:52.085 INFO  Logging in. 
08:38:53.509 INFO  Discord: Logged in. 
08:38:55.019 INFO  Logged in. 
08:38:55.228 INFO  Minecraft:                                       
08:38:55.238 INFO  Minecraft:                           
08:38:55.892 INFO  Minecraft: ----------------------------------------------------- 
08:38:55.894 INFO  Minecraft: Requirements are Skill Avg 23, Cata 23, and 170m net, along 
08:38:55.895 INFO  Minecraft: with 85k gexp a week! Make sure to have fun and contact 
08:38:55.895 INFO  Minecraft: OwOSeal or Smol if you have something to report, or something else to say! 
08:38:55.896 INFO  Minecraft: ----------------------------------------------------- 
08:38:58.060 INFO  Minecraft: RealPufferplayz: why are so many people partying me 
08:38:58.211 INFO  Minecraft: [MVP+] RedOlimpus joined the lobby! 
08:38:58.212 INFO  Sending to skyblock. 
08:38:58.657 INFO  Minecraft: Sending to server mini844W... 
08:38:58.885 INFO  Logged in. 
08:38:59.126 INFO  Minecraft:         
08:38:59.172 INFO  Minecraft: ----------------------------------------------------- 
08:38:59.174 INFO  Minecraft: You have just received 281,077 coins as interest in your co-op bank account! 
08:38:59.174 INFO  Minecraft: ----------------------------------------------------- 
08:39:00.021 INFO  Sending to skyblock. 
08:39:00.313 INFO  Minecraft: Please don't spam the command! 
08:39:00.535 INFO  Minecraft: You're already sitting on this island! 
08:39:02.289 INFO  Minecraft: You are playing on profile: Zucchini (Co-op) 
08:39:02.895 INFO  Minecraft:  
08:39:02.899 INFO  Minecraft: Welcome to Hypixel SkyBlock! 
08:39:03.894 INFO  Sending to skyblock. 
08:39:04.138 INFO  Minecraft: Cannot join SkyBlock for a moment! (Queue join in cooldown) 
08:39:05.334 INFO  Minecraft: You're already sitting on this island! 
08:39:09.177 INFO  Minecraft: You're already sitting on this island! 
08:41:45.615 INFO  Minecraft: Guild > LionyLev joined. 
08:56:41.087 INFO  Minecraft: Friend > IdlyChiqken joined. 
09:07:26.488 INFO  Minecraft: Guild > LionyLev left. 
09:10:11.521 INFO  Minecraft: Friend > SnowedSeal left. 
09:10:44.824 INFO  Minecraft:  
09:10:44.827 INFO  Minecraft: ----------------------------------------------------- 
09:10:44.828 INFO  Minecraft:  
09:10:44.829 INFO  Minecraft:                  GUILD QUEST TIER 1 COMPLETED! 
09:10:44.830 INFO  Minecraft:  
09:10:44.831 INFO  Minecraft:     The guild has completed Tier 1 of this week's Guild Quest! 
09:10:44.831 INFO  Minecraft:                          +50000 Guild Experience 
09:10:44.832 INFO  Minecraft:  
09:10:44.832 INFO  Minecraft: ----------------------------------------------------- 
09:12:27.585 INFO  Minecraft: Friend > SnowedSeal joined. 
09:32:44.177 INFO  Minecraft: Guild > OwOWolfs left. 
10:00:19.261 INFO  Minecraft:  
10:00:19.264 INFO  Minecraft: [WATCHDOG ANNOUNCEMENT] 
10:00:19.265 INFO  Minecraft: Watchdog has banned 38,527 players in the last 7 days. 
10:00:19.266 INFO  Minecraft: Staff have banned an additional 13,809 in the last 7 days. 
10:00:19.266 INFO  Minecraft: Blacklisted modifications are a bannable offense! 
10:00:19.267 INFO  Minecraft:  
10:13:08.464 INFO  Minecraft: Friend > SnowedSeal left. 
10:23:59.879 INFO  Discord: [💬→︱guild-chat] Gura's Shrimp: dead chat 
10:24:00.305 INFO  Minecraft: Guild > Minikloons [LS]: Gura'sShrimp» dead chat 
10:54:35.132 INFO  Minecraft: Friend > IdlyChiqken left. 
10:54:39.969 INFO  Minecraft: Friend > IdlyChiqken joined. 
12:00:19.535 INFO  Minecraft:  
12:00:19.551 INFO  Minecraft: [WATCHDOG ANNOUNCEMENT] 
12:00:19.553 INFO  Minecraft: Watchdog has banned 38,542 players in the last 7 days. 
12:00:19.554 INFO  Minecraft: Staff have banned an additional 13,927 in the last 7 days. 
12:00:19.555 INFO  Minecraft: Blacklisted modifications are a bannable offense! 
12:00:19.555 INFO  Minecraft:  
13:08:56.800 INFO  Minecraft: Friend > IdlyChiqken left. 
13:09:13.679 INFO  Minecraft: Friend > IdlyChiqken joined. 
13:10:16.675 INFO  Minecraft: Friend > IdlyChiqken left. 
13:11:42.796 INFO  Minecraft: Friend > IdlyChiqken joined. 
13:21:51.963 INFO  Minecraft: Friend > IdlyChiqken left. 
13:21:58.312 INFO  Minecraft: Friend > IdlyChiqken joined. 
13:27:51.676 INFO  Minecraft: Friend > IdlyChiqken left. 
13:27:54.741 INFO  Minecraft: Friend > IdlyChiqken joined. 
13:29:25.783 INFO  Minecraft: Friend > IdlyChiqken left. 
13:29:30.959 INFO  Minecraft: Friend > IdlyChiqken joined. 
13:39:36.435 INFO  Minecraft: Friend > IdlyChiqken left. 
13:39:40.673 INFO  Minecraft: Friend > IdlyChiqken joined. 
14:00:19.719 INFO  Minecraft:  
14:00:19.722 INFO  Minecraft: [WATCHDOG ANNOUNCEMENT] 
14:00:19.723 INFO  Minecraft: Watchdog has banned 38,460 players in the last 7 days. 
14:00:19.723 INFO  Minecraft: Staff have banned an additional 13,898 in the last 7 days. 
14:00:19.724 INFO  Minecraft: Blacklisted modifications are a bannable offense! 
14:00:19.724 INFO  Minecraft:  
14:35:39.392 INFO  Minecraft: Friend > IdlyChiqken left. 
17:57:40.102 INFO  Logging in. 
17:57:41.507 INFO  Discord: Logged in. 
17:57:43.025 INFO  Logged in. 
17:57:43.240 INFO  Minecraft:                                       
17:57:43.249 INFO  Minecraft:                           
17:57:43.504 INFO  Minecraft: You found a ✰✰✰✰✰ Mystery Box! 
17:57:44.017 INFO  Minecraft: ----------------------------------------------------- 
17:57:44.018 INFO  Minecraft: Requirements are Skill Avg 23, Cata 23, and 170m net, along 
17:57:44.019 INFO  Minecraft: with 85k gexp a week! Make sure to have fun and contact 
17:57:44.019 INFO  Minecraft: OwOSeal or Smol if you have something to report, or something else to say! 
17:57:44.020 INFO  Minecraft: ----------------------------------------------------- 
17:57:48.034 INFO  Sending to skyblock. 
17:57:48.491 INFO  Minecraft: Sending to server mini348D... 
17:57:48.664 INFO  Logged in. 
17:57:48.934 INFO  Minecraft:         
17:57:52.095 INFO  Minecraft: You are playing on profile: Zucchini (Co-op) 
17:57:52.736 INFO  Minecraft:  
17:57:52.737 INFO  Minecraft: Welcome to Hypixel SkyBlock! 
17:57:53.134 INFO  Minecraft: ALLOWANCE! You earned 50,000 coins! 
17:57:53.356 INFO  Minecraft: You're already sitting on this island! 
17:57:53.675 INFO  Sending to skyblock. 
17:57:53.952 INFO  Minecraft: Cannot join SkyBlock for a moment! (Queue join in cooldown) 
17:57:58.995 INFO  Minecraft: You're already sitting on this island! 
17:58:40.680 INFO  Discord: [💬→︱guild-chat] Member | IdlyChiqken: hello chat 
17:58:40.929 INFO  Minecraft: Guild > Minikloons [LS]: Member| IdlyChiqken» hello chat 
18:00:20.705 INFO  Minecraft:  
18:00:20.707 INFO  Minecraft: [WATCHDOG ANNOUNCEMENT] 
18:00:20.708 INFO  Minecraft: Watchdog has banned 38,213 players in the last 7 days. 
18:00:20.709 INFO  Minecraft: Staff have banned an additional 13,859 in the last 7 days. 
18:00:20.709 INFO  Minecraft: Blacklisted modifications are a bannable offense! 
18:00:20.710 INFO  Minecraft:  
18:32:02.950 INFO  Minecraft: Friend > IdlyChiqken left. 
18:32:21.304 INFO  Minecraft: Friend > IdlyChiqken joined. 
19:07:31.834 INFO  Logging in. 
19:07:33.161 INFO  Discord: Logged in. 
19:07:34.552 INFO  Logged in. 
19:07:34.759 INFO  Minecraft:                                       
19:07:34.767 INFO  Minecraft:                           
19:07:34.874 INFO  Minecraft: You found a ✰✰✰✰✰ Mystery Box! 
19:07:35.353 INFO  Minecraft: ----------------------------------------------------- 
19:07:35.354 INFO  Minecraft: Requirements are Skill Avg 23, Cata 23, and 170m net, along 
19:07:35.355 INFO  Minecraft: with 85k gexp a week! Make sure to have fun and contact 
19:07:35.355 INFO  Minecraft: OwOSeal or Smol if you have something to report, or something else to say! 
19:07:35.356 INFO  Minecraft: ----------------------------------------------------- 
19:07:36.168 INFO  Minecraft: [MVP+] N3XA joined the lobby! 
19:07:36.169 INFO  Sending to skyblock. 
19:07:36.650 INFO  Minecraft: Sending to server mini885T... 
19:07:36.762 INFO  Logged in. 
19:07:37.077 INFO  Minecraft:         
19:07:38.518 INFO  Minecraft: You're already sitting on this island! 
19:07:39.554 INFO  Sending to skyblock. 
19:07:39.795 INFO  Minecraft: Please don't spam the command! 
19:07:40.138 INFO  Minecraft: You are playing on profile: Zucchini (Co-op) 
19:07:40.807 INFO  Minecraft:  
19:07:40.809 INFO  Minecraft: Welcome to Hypixel SkyBlock! 
19:07:41.765 INFO  Sending to skyblock. 
19:07:42.025 INFO  Minecraft: Cannot join SkyBlock for a moment! (Queue join in cooldown) 
19:07:44.895 INFO  Minecraft: You're already sitting on this island! 
19:07:47.083 INFO  Minecraft: You're already sitting on this island! 
19:27:07.848 INFO  Minecraft: Friend > IdlyChiqken left. 
19:27:37.891 INFO  Minecraft: Friend > IdlyChiqken joined. 
19:36:04.586 INFO  Logging in. 
19:36:05.949 INFO  Discord: Logged in. 
19:36:06.982 INFO  Logged in. 
19:36:07.192 INFO  Minecraft:                                       
19:36:07.200 INFO  Minecraft:                           
19:36:07.891 INFO  Minecraft: ----------------------------------------------------- 
19:36:07.893 INFO  Minecraft: Requirements are Skill Avg 23, Cata 23, and 170m net, along 
19:36:07.894 INFO  Minecraft: with 85k gexp a week! Make sure to have fun and contact 
19:36:07.894 INFO  Minecraft: OwOSeal or Smol if you have something to report, or something else to say! 
19:36:07.895 INFO  Minecraft: ----------------------------------------------------- 
19:36:09.707 INFO  Minecraft: [Mystery Box] Bibibi found a Epic Mind Blown Gesture! 
19:36:11.995 INFO  Sending to skyblock. 
19:36:12.447 INFO  Minecraft: Sending to server mini405J... 
19:36:12.561 INFO  Logged in. 
19:36:12.827 INFO  Minecraft:         
19:36:15.991 INFO  Minecraft: You are playing on profile: Zucchini (Co-op) 
19:36:16.605 INFO  Minecraft:  
19:36:16.607 INFO  Minecraft: Welcome to Hypixel SkyBlock! 
19:36:17.309 INFO  Minecraft: You're already sitting on this island! 
19:36:17.574 INFO  Sending to skyblock. 
19:36:17.829 INFO  Minecraft: Cannot join SkyBlock for a moment! (Queue join in cooldown) 
19:36:22.882 INFO  Minecraft: You're already sitting on this island! 
20:00:20.906 INFO  Minecraft:  
20:00:20.923 INFO  Minecraft: [WATCHDOG ANNOUNCEMENT] 
20:00:20.924 INFO  Minecraft: Watchdog has banned 38,195 players in the last 7 days. 
20:00:20.925 INFO  Minecraft: Staff have banned an additional 13,904 in the last 7 days. 
20:00:20.926 INFO  Minecraft: Blacklisted modifications are a bannable offense! 
20:00:20.926 INFO  Minecraft:  
22:00:21.512 INFO  Minecraft:  
22:00:21.523 INFO  Minecraft: [WATCHDOG ANNOUNCEMENT] 
22:00:21.524 INFO  Minecraft: Watchdog has banned 38,191 players in the last 7 days. 
22:00:21.525 INFO  Minecraft: Staff have banned an additional 13,996 in the last 7 days. 
22:00:21.526 INFO  Minecraft: Blacklisted modifications are a bannable offense! 
22:00:21.527 INFO  Minecraft:  
23:28:15.958 INFO  Minecraft: Friend > IdlyChiqken left. 
23:33:35.900 INFO  Minecraft: Friend > IdlyChiqken joined. 
23:50:29.885 INFO  Minecraft: Friend > IdlyChiqken left. 
23:58:45.294 INFO  Minecraft: Guild > LionyLev joined. 

