19:28:24.625 INFO  Logging in. 
19:28:26.125 INFO  Discord: Logged in. 
19:28:26.994 INFO  Logged in. 
19:28:27.138 INFO  Minecraft:                                       
19:28:27.146 INFO  Minecraft:                           
19:28:29.008 INFO  Sending to skyblock. 
19:28:29.388 INFO  Minecraft: Sending to server mini375A... 
19:28:29.483 INFO  Logged in. 
19:28:29.807 INFO  Minecraft:         
19:28:31.310 INFO  Minecraft: You're already sitting on this island! 
19:28:31.488 INFO  Sending to skyblock. 
19:28:31.744 INFO  Minecraft: Please don't spam the command! 
19:28:33.501 INFO  Minecraft:  
19:28:33.502 INFO  Minecraft: Welcome to Hypixel SkyBlock! 
19:28:33.504 INFO  Minecraft: Backpacks are currently disabled! Read more at https://hypixel.net/threads/4085288/ 
19:28:33.814 INFO  Minecraft: You're already sitting on this island! 
19:29:20.040 INFO  Discord: [💬→︱guild-chat] Dev/Mod | BamBoozledMC: /ping 
19:29:35.655 INFO  Discord: [💬→︱guild-chat] Dev/Mod | BamBoozledMC: /execute f bamboozledmc 
19:29:36.068 INFO  Minecraft: ----------------------------------------------------- 
19:29:36.071 INFO  Minecraft: You sent a friend request to BamBoozledMC! They have 5 minutes to accept it! 
19:29:36.072 INFO  Minecraft: ----------------------------------------------------- 
19:29:43.823 INFO  Minecraft: ----------------------------------------------------- 
19:29:43.824 INFO  Minecraft: You are now friends with [VIP+] BamBoozledMC 
19:29:43.825 INFO  Minecraft: ----------------------------------------------------- 
19:30:04.437 INFO  Discord: [💬→︱guild-chat] Dev/Mod | BamBoozledMC: /execute g join coldlands 
19:30:04.696 INFO  Minecraft: ----------------------------------------------------- 
19:30:04.696 INFO  Minecraft: Could not find a guild by the name of or with the member 'coldlands'! 
19:30:04.697 INFO  Minecraft: ----------------------------------------------------- 
19:30:25.418 INFO  Minecraft: From [VIP+] BamBoozledMC: g join loudbook 
19:30:25.735 INFO  Minecraft: ----------------------------------------------------- 
19:30:25.737 INFO  Minecraft: You requested to join Cold Lands! They have 5 minutes to accept! 
19:30:25.739 INFO  Minecraft: ----------------------------------------------------- 
19:30:27.595 INFO  Minecraft: ----------------------------------------------------- 
19:30:27.597 INFO  Minecraft: You joined Cold Lands! 
19:30:27.598 INFO  Minecraft: ----------------------------------------------------- 
19:30:32.098 INFO  Discord: [💬→︱guild-chat] Dev/Mod | BamBoozledMC: hallo 
19:30:32.421 INFO  Minecraft: Guild > SealEaterV [M]: Dev/Mod| BamBoozledMC» hallo 
19:30:33.759 INFO  Minecraft: Guild > [VIP] sokkeninsandalen [M]: hi 
19:30:34.772 INFO  Minecraft: Guild > [VIP] MaknetzSeals [M]: Welcome 
19:30:38.416 INFO  Minecraft: Guild > [VIP] MaknetzSeals [M]: WHAT 
19:30:40.349 INFO  Minecraft: Guild > [VIP] MaknetzSeals [M]: YOOO 
19:30:40.560 INFO  Minecraft: Guild > [VIP] friendly_rook [M]: nice name 
19:30:46.437 INFO  Discord: [💬→︱guild-chat] Dev/Mod | BamBoozledMC: yes 
19:30:46.753 INFO  Minecraft: Guild > SealEaterV [M]: Dev/Mod| BamBoozledMC» yes 
19:30:46.933 INFO  Minecraft: Guild > [VIP] MaknetzSeals [M]:  bruh 
19:30:48.742 INFO  Minecraft: Guild > [VIP] friendly_rook [M]: friendly_doc 
19:30:52.306 INFO  Minecraft: Guild > [VIP] MaknetzSeals [M]: NO 
19:30:53.736 INFO  Minecraft: Guild > [VIP] MaknetzSeals [M]: WHY 
19:30:59.175 INFO  Discord: [💬→︱guild-chat] Dev/Mod | BamBoozledMC: what 
19:30:59.443 INFO  Minecraft: You cannot say the same message twice! 
19:31:08.011 INFO  Discord: [💬→︱guild-chat] Dev/Mod | BamBoozledMC: ? 
19:31:08.248 INFO  Minecraft: You cannot say the same message twice! 
19:31:09.593 INFO  Minecraft: Guild > [VIP] sokkeninsandalen [M]: is this new sealbot 
19:31:17.272 INFO  Discord: [💬→︱guild-chat] Dev/Mod | BamBoozledMC: :> 
19:31:17.512 INFO  Minecraft: You cannot say the same message twice! 
19:31:26.945 INFO  Discord: [💬→︱guild-chat] Dev/Mod | BamBoozledMC: /execute gc :> 
19:31:27.185 INFO  Minecraft: Guild > SealEaterV [M]: :> 
19:31:34.271 INFO  Minecraft: Guild > [VIP] MaknetzSeals [M]: bruh why sealeater 
19:31:39.652 INFO  Minecraft: Guild > [VIP] MaknetzSeals [M]: you're killing us 
19:31:40.901 INFO  Discord: [💬→︱guild-chat] Dev/Mod | BamBoozledMC: LMAO 
19:31:41.139 INFO  Minecraft: You cannot say the same message twice! 
19:31:46.113 INFO  Discord: [💬→︱guild-chat] Dev/Mod | BamBoozledMC: LMAO................. 
19:31:46.417 INFO  Minecraft: Guild > SealEaterV [M]: Dev/Mod| BamBoozledMC» LMAO................. 
19:31:56.970 INFO  Minecraft: Guild > [VIP] Curiousite [M]: cool 
19:32:00.536 INFO  Minecraft: Guild > [VIP] MaknetzSeals [M]: :'( 
19:32:05.498 INFO  Minecraft: Guild > [VIP] MaknetzSeals [M]: :sadsealnoises: 
19:32:22.454 INFO  Minecraft: Guild > c_RaMMikKs__ joined. 
19:32:22.458 INFO  Minecraft: Guild > c_RaMMikKs__ joined. 
19:32:23.450 INFO  Minecraft: Guild > c_RaMMikKs__ left. 
19:32:50.807 INFO  Logging in. 
19:32:52.127 INFO  Discord: Logged in. 
19:32:52.977 INFO  Logged in. 
19:32:53.121 INFO  Minecraft:                                       
19:32:53.153 INFO  Minecraft:                           
19:32:53.174 INFO  Minecraft: You found a ✰✰✰✰✰ Mystery Box! 
19:32:54.382 INFO  Minecraft: ----------------------------------------------------- 
19:32:54.383 INFO  Minecraft: Requirements are Skill Avg 20, Cata 20, and 100m net, along with 85k gexp a week! Make sure to have fun and contact OwOseal or a staff member if you have something to report, or something else to say! 
19:32:54.384 INFO  Minecraft: ----------------------------------------------------- 
19:32:54.843 INFO  Minecraft: Guild > c_RaMMikKs__ left. 
19:32:54.986 INFO  Sending to skyblock. 
19:32:55.347 INFO  Minecraft: Sending to server mini1095W... 
19:32:55.412 INFO  Logged in. 
19:32:55.756 INFO  Minecraft:         
19:32:57.253 INFO  Minecraft: Guild > [VIP+] BamBoozledMC [LS]: its been lonely without him 
19:32:57.313 INFO  Minecraft: You're already sitting on this island! 
19:32:57.412 INFO  Sending to skyblock. 
19:32:57.648 INFO  Minecraft: Please don't spam the command! 
19:32:59.410 INFO  Minecraft:  
19:32:59.411 INFO  Minecraft: Welcome to Hypixel SkyBlock! 
19:32:59.413 INFO  Minecraft: Backpacks are currently disabled! Read more at https://hypixel.net/threads/4085288/ 
19:32:59.708 INFO  Minecraft: You're already sitting on this island! 
19:33:01.889 INFO  Discord: [💬→︱guild-chat] Dev/Mod | BamBoozledMC: lol 
19:33:02.124 INFO  Minecraft: You cannot say the same message twice! 
19:33:03.652 INFO  Minecraft: Guild > [VIP] MaknetzSeals [M]: yep 
19:33:09.697 INFO  Minecraft: Guild > c_RaMMikKs__ joined. 
19:33:12.414 INFO  Discord: [💬→︱guild-chat] Dev/Mod | BamBoozledMC: why is every message not sending 
19:33:12.706 INFO  Minecraft: Guild > SealEaterV [M]: Dev/Mod| BamBoozledMC» why is every message not sending 
19:33:18.045 INFO  Minecraft: Guild > [VIP] MaknetzSeals [M]: sealbot will always be on our heart 
19:33:19.162 INFO  Minecraft: Guild > [MVP+] c_RaMMikKs__ [M]: is sealbot back? 
19:33:23.896 INFO  Minecraft: Guild > [VIP] MaknetzSeals [M]: kinda\ 
19:33:25.057 INFO  Discord: [💬→︱guild-chat] Dev/Mod | BamBoozledMC: kinda 
19:33:25.310 INFO  Minecraft: Guild > SealEaterV [M]: Dev/Mod| BamBoozledMC» kinda 
19:33:27.971 INFO  Minecraft: Guild > [MVP+] c_RaMMikKs__ [M]: how 
19:33:31.396 INFO  Discord: [💬→︱guild-chat] Dev/Mod | BamBoozledMC: lol...................................................... 
19:33:31.614 INFO  Minecraft: Guild > [MVP+] c_RaMMikKs__ [M]: OHHH 
19:33:31.675 INFO  Minecraft: Guild > SealEaterV [M]: Dev/Mod| BamBoozledMC» lol...................................................... 
19:33:36.249 INFO  Discord: [💬→︱guild-chat] Dev/Mod | BamBoozledMC: different account 
19:33:36.523 INFO  Minecraft: Guild > SealEaterV [M]: Dev/Mod| BamBoozledMC» different account 
19:33:45.105 INFO  Minecraft: Guild > [MVP+] c_RaMMikKs__ [M]: this time change its settings 
19:33:48.272 INFO  Minecraft: Guild > [VIP] MaknetzSeals [M]: SealEaterV = SealBot 
19:33:50.783 INFO  Minecraft: Guild > [MVP+] c_RaMMikKs__ [M]: to only guild members can inv him 
19:33:50.987 INFO  Minecraft: Guild > [VIP+] BamBoozledMC [LS]: i did 
19:33:57.139 INFO  Minecraft: Guild > [VIP] friendly_rook [M]: i think no frag bot is ok 
19:33:58.178 INFO  Minecraft: Guild > [MVP+] c_RaMMikKs__ [M]: and friends 
19:34:04.158 INFO  Minecraft: Guild > [VIP+] BamBoozledMC [LS]: there is no such thing as frag bot anymore 
19:34:18.491 INFO  Minecraft: Guild > [MVP+] c_RaMMikKs__ [M]: so he isn't for frunnin? 
19:34:20.691 INFO  Minecraft: Guild > [VIP+] BamBoozledMC [LS]: its purely a chat bot 
19:34:22.302 INFO  Minecraft: Guild > [VIP] MaknetzSeals [M]: wait why friend? 
20:14:49.767 INFO  Logging in. 
20:14:51.218 INFO  Discord: Logged in. 
20:14:52.743 INFO  Logged in. 
20:14:52.928 INFO  Minecraft:                                       
20:14:52.941 INFO  Minecraft:                           
20:14:53.511 INFO  Minecraft: ----------------------------------------------------- 
20:14:53.512 INFO  Minecraft: Requirements are Skill Avg 20, Cata 20, and 100m net, along with 85k gexp a week! Make sure to have fun and contact OwOseal or a staff member if you have something to report, or something else to say! 
20:14:53.513 INFO  Minecraft: ----------------------------------------------------- 
20:14:54.760 INFO  Sending to skyblock. 
20:14:55.056 INFO  Minecraft: Sending to server mini401J... 
20:14:55.180 INFO  Logged in. 
20:14:55.210 INFO  Minecraft:         
20:14:55.616 INFO  Minecraft: Your inventory is full! 
20:14:57.137 INFO  Minecraft: You're already sitting on this island! 
20:14:57.180 INFO  Sending to skyblock. 
20:14:57.423 INFO  Minecraft: Please don't spam the command! 
20:14:59.190 INFO  Minecraft:  
20:14:59.191 INFO  Minecraft: Welcome to Hypixel SkyBlock! 
20:14:59.192 INFO  Minecraft: Backpacks are currently disabled! Read more at https://hypixel.net/threads/4085288/ 
20:14:59.543 INFO  Minecraft: You're already sitting on this island! 
20:15:10.203 INFO  Minecraft:  ☠ BamBoozledMC fell into the void. 
20:15:20.226 INFO  Minecraft: Guild > [VIP+] BamBoozledMC [LS]: VISIT SEALWATER 
20:15:25.036 INFO  Minecraft: Guild > [MVP+] c_RaMMikKs__ [M]: um why 
20:15:26.070 INFO  Minecraft: Guild > [VIP+] BamBoozledMC [LS]: SEALEATER 
20:15:29.110 INFO  Minecraft: Guild > [VIP+] BamBoozledMC [LS]: V 
20:15:38.939 INFO  Minecraft: Guild > [MVP+] c_RaMMikKs__ [M]: i can't even visit 
20:15:43.983 INFO  Minecraft: Guild > [MVP+] c_RaMMikKs__ [M]: iots full 
20:15:49.035 INFO  Minecraft:  ☠ BamBoozledMC fell into the void. 
20:15:53.277 INFO  Minecraft: Guild > [VIP] MaknetzSeals [M]: ? 
20:15:55.844 INFO  Minecraft: Your inventory is full! 
20:16:24.700 INFO  Minecraft: Guild > [VIP+] BamBoozledMC [LS]: !ping 
20:16:26.004 INFO  Minecraft: Guild > SealEaterV [M]: I currently have 235ms on Hypixel 
20:16:43.924 INFO  Discord: [💬→︱guild-chat] Dev/Mod | BamBoozledMC: /clear 10 
20:21:05.780 INFO  Logging in. 
20:21:07.051 INFO  Discord: Logged in. 
20:21:08.590 INFO  Logged in. 
20:21:08.811 INFO  Minecraft:                                       
20:21:08.818 INFO  Minecraft:                           
20:21:09.085 INFO  Minecraft: ----------------------------------------------------- 
20:21:09.086 INFO  Minecraft: Requirements are Skill Avg 20, Cata 20, and 100m net, along with 85k gexp a week! Make sure to have fun and contact OwOseal or a staff member if you have something to report, or something else to say! 
20:21:09.086 INFO  Minecraft: ----------------------------------------------------- 
20:21:10.510 INFO  Minecraft: [MVP+] B0PPLE joined the lobby! 
20:21:10.510 INFO  Sending to skyblock. 
20:21:10.605 INFO  Sending to skyblock. 
20:21:10.769 INFO  Minecraft: Sending to server mini401J... 
20:21:10.849 INFO  Minecraft: Please don't spam the command! 
20:21:10.903 INFO  Logged in. 
20:21:10.941 INFO  Minecraft:         
20:21:11.256 INFO  Minecraft: Your inventory is full! 
20:21:12.042 INFO  Minecraft: Guild > [VIP] MaknetzSeals [M]: hmm 
20:21:12.834 INFO  Minecraft: You're already sitting on this island! 
20:21:12.910 INFO  Sending to skyblock. 
20:21:12.937 INFO  Minecraft: You're already sitting on this island! 
20:21:13.165 INFO  Minecraft: Please don't spam the command! 
20:21:14.921 INFO  Minecraft:  
20:21:14.922 INFO  Minecraft: Welcome to Hypixel SkyBlock! 
20:21:14.923 INFO  Minecraft: Backpacks are currently disabled! Read more at https://hypixel.net/threads/4085288/ 
20:21:15.223 INFO  Minecraft: You're already sitting on this island! 
20:22:27.485 INFO  Logging in. 
20:22:28.719 INFO  Discord: Logged in. 
20:22:30.247 INFO  Logged in. 
20:22:30.442 INFO  Minecraft:                                       
20:22:30.454 INFO  Minecraft:                           
20:22:31.636 INFO  Minecraft: ----------------------------------------------------- 
20:22:31.638 INFO  Minecraft: Requirements are Skill Avg 20, Cata 20, and 100m net, along with 85k gexp a week! Make sure to have fun and contact OwOseal or a staff member if you have something to report, or something else to say! 
20:22:31.638 INFO  Minecraft: ----------------------------------------------------- 
20:22:32.290 INFO  Sending to skyblock. 
20:22:32.622 INFO  Minecraft: Sending to server mini401J... 
20:22:32.728 INFO  Logged in. 
20:22:32.765 INFO  Minecraft:         
20:22:34.618 INFO  Minecraft: You're already sitting on this island! 
20:22:34.728 INFO  Sending to skyblock. 
20:22:34.982 INFO  Minecraft: Please don't spam the command! 
20:22:36.719 INFO  Minecraft:  
20:22:36.720 INFO  Minecraft: Welcome to Hypixel SkyBlock! 
20:22:36.721 INFO  Minecraft: Backpacks are currently disabled! Read more at https://hypixel.net/threads/4085288/ 
20:22:37.059 INFO  Minecraft: You're already sitting on this island! 
