00:10:25.377 INFO  Minecraft: Guild > FabledLivid left. 
00:13:28.481 INFO  Minecraft: Guild > 4717 joined. 
00:27:53.783 INFO  Minecraft: Guild > boxed_cat joined. 
00:30:29.644 INFO  Minecraft: Guild > TimothyPlays57 joined. 
00:32:54.816 INFO  Minecraft: Guild > TimothyPlays57 left. 
00:47:55.752 INFO  Minecraft: Guild > FabledLivid joined. 
00:53:45.315 INFO  Minecraft: Guild > Za1bot left. 
00:53:58.299 INFO  Minecraft: Guild > LRBenito joined. 
01:00:06.583 INFO  Minecraft: Guild > LRBenito left. 
01:00:10.449 INFO  Minecraft: Guild > LRBenito joined. 
01:05:02.208 INFO  Minecraft: Guild > UnknowAccount left. 
01:10:51.082 INFO  Minecraft: Guild > 4717 left. 
01:12:29.648 INFO  Minecraft: Guild > UnknowAccount joined. 
01:28:44.083 INFO  Minecraft: Guild > FabledLivid left. 
01:31:18.382 INFO  Minecraft: Guild > boxed_cat left. 
01:31:29.329 INFO  Minecraft: Guild > OwOPingu joined. 
01:45:04.896 INFO  Minecraft: Guild > FabledLivid joined. 
02:00:26.506 INFO  Minecraft:  
02:00:26.516 INFO  Minecraft: [WATCHDOG ANNOUNCEMENT] 
02:00:26.517 INFO  Minecraft: Watchdog has banned 30,614 players in the last 7 days. 
02:00:26.518 INFO  Minecraft: Staff have banned an additional 13,487 in the last 7 days. 
02:00:26.519 INFO  Minecraft: Blacklisted modifications are a bannable offense! 
02:00:26.519 INFO  Minecraft:  
02:01:23.776 INFO  Minecraft: Guild > FabledLivid left. 
02:03:56.729 INFO  Minecraft: Guild > boxed_cat joined. 
02:05:17.851 INFO  Minecraft: Guild > 4717 joined. 
02:08:56.796 INFO  Discord: [💬→︱guild-chat] Gura's Shrimp: . 
02:08:57.175 INFO  Minecraft: Guild > Minikloons [LS]: Gura'sShrimp» . 
02:10:54.896 INFO  Minecraft: Guild > FabledLivid joined. 
02:14:02.318 INFO  Minecraft: Guild > boxed_cat left. 
02:17:17.898 INFO  Minecraft: Guild > 4717 left. 
02:25:19.140 INFO  Minecraft: Guild > FabledLivid left. 
02:28:41.989 INFO  Minecraft: Guild > UnknowAccount left. 
02:33:30.069 INFO  Minecraft: Guild > UnknownShadow124 joined. 
02:36:41.155 INFO  Discord: [💬→︱guild-chat] LS | SnowedSeal: alright then 
02:36:41.546 INFO  Minecraft: Guild > Minikloons [LS]: LS| SnowedSeal» alright then 
02:36:45.872 INFO  Discord: [💬→︱guild-chat] LS | SnowedSeal: new guild has started 
02:36:46.227 INFO  Minecraft: Guild > Minikloons [LS]: LS| SnowedSeal» new guild has started 
02:36:50.535 INFO  Minecraft: Guild > [VIP+] OwOPingu [F]: :OOO 
02:40:48.910 INFO  Discord: [💬→︱guild-chat] LS | SnowedSeal: i'll join and get it transferred to myself when im on 
02:40:49.241 INFO  Minecraft: Guild > Minikloons [LS]: LS| SnowedSeal» i'll join and get it transferred to myself when im on 
02:54:12.315 INFO  Minecraft: Guild > UnknowAccount joined. 
02:56:21.591 INFO  Minecraft: Guild > 4717 joined. 
02:56:23.587 INFO  Minecraft: Guild > 4717 left. 
02:58:21.537 INFO  Minecraft: Guild > 4717 joined. 
02:58:31.539 INFO  Minecraft: Guild > 4717 left. 
03:02:47.859 INFO  Minecraft: Guild > FabledLivid joined. 
03:03:33.192 INFO  Minecraft: Guild > FabledLivid left. 
03:10:45.264 INFO  Discord: [💬→︱guild-chat] Gura's Shrimp: snoood 
03:10:45.644 INFO  Minecraft: Guild > Minikloons [LS]: Gura'sShrimp» snoood 
03:10:57.288 INFO  Discord: [💬→︱guild-chat] Gura's Shrimp: pinguuuu 
03:10:57.832 INFO  Minecraft: Guild > Minikloons [LS]: Gura'sShrimp» pinguuuu 
03:11:01.210 INFO  Minecraft: Guild > 4717 joined. 
03:13:41.041 INFO  Minecraft: Guild > UnknownShadow124 left. 
03:13:43.873 INFO  Minecraft: Guild > LRBenito left. 
03:14:39.024 INFO  Minecraft: Guild > 4717 left. 
03:33:05.911 INFO  Minecraft: Guild > SnowedSeal joined. 
03:33:09.875 INFO  Minecraft: Guild > [MVP++] SnowedSeal [LS]: henlo 
03:33:14.910 INFO  Minecraft: Guild > [MVP++] SnowedSeal [LS]: GAAH 
03:33:22.493 INFO  Minecraft: Guild > [MVP++] SnowedSeal [LS]: guildmaster of v2 is not online 
03:40:52.414 INFO  Minecraft: Guild > OwOPingu left. 
03:40:54.566 INFO  Minecraft: Guild > OwOPingu joined. 
03:42:58.969 INFO  Minecraft: Guild > OwOPingu left. 
03:42:59.944 INFO  Minecraft: Guild > OwOPingu joined. 
03:45:03.058 INFO  Minecraft: Guild > [MVP++] SnowedSeal [LS]: pingu 
03:45:07.458 INFO  Minecraft: Guild > [MVP++] SnowedSeal [LS]: do you by chance have 2m 
03:45:11.810 INFO  Minecraft: Guild > [VIP+] OwOPingu [F]: yea i do 
03:45:16.906 INFO  Minecraft: Guild > [MVP++] SnowedSeal [LS]: can i have it if possible 
03:45:23.057 INFO  Minecraft: Guild > [VIP+] OwOPingu [F]: for free or what? 
03:45:36.337 INFO  Minecraft: Guild > [VIP+] OwOPingu [F]: you gonna pay me back?? 
03:45:37.399 INFO  Minecraft: Guild > [MVP++] SnowedSeal [LS]: for free if possible, i just bought fish minion and out of money for booster cooki 
03:45:46.435 INFO  Minecraft: Guild > [MVP++] SnowedSeal [LS]: one day 
03:45:48.692 INFO  Minecraft: Guild > [MVP++] SnowedSeal [LS]: like 
03:45:52.473 INFO  Minecraft: Guild > [VIP+] OwOPingu [F]: how many bits do you get? 
03:45:52.557 INFO  Minecraft: Guild > [MVP++] SnowedSeal [LS]: a few days 
03:45:53.439 INFO  Minecraft: Guild > [MVP++] SnowedSeal [LS]: after 
03:45:54.240 INFO  Minecraft: Guild > [MVP++] SnowedSeal [LS]: uh 
03:45:56.741 INFO  Minecraft: Guild > [MVP++] SnowedSeal [LS]: i have 4554 
03:45:57.517 INFO  Minecraft: Guild > [MVP++] SnowedSeal [LS]: bits 
03:46:05.224 INFO  Minecraft: Guild > [VIP+] OwOPingu [F]: no i much cookies per bit? 
03:46:10.793 INFO  Minecraft: Guild > [MVP++] SnowedSeal [LS]: what 
03:46:20.283 INFO  Minecraft: Guild > [VIP+] OwOPingu [F]: how bits per cookie? 
03:46:23.423 INFO  Minecraft: Guild > [MVP++] SnowedSeal [LS]: like 
03:46:26.916 INFO  Minecraft: Guild > [MVP++] SnowedSeal [LS]: 15k 
03:46:41.551 INFO  Minecraft: Guild > [VIP+] OwOPingu [F]: thats not possible lmao 
03:46:48.881 INFO  Minecraft: Guild > [VIP+] OwOPingu [F]: click on cookie and then hover over diamond 
03:46:57.209 INFO  Minecraft: Guild > [VIP+] OwOPingu [F]: than look at cookies per bit 
03:46:58.838 INFO  Minecraft: Guild > [MVP++] SnowedSeal [LS]: wc 
03:47:02.861 INFO  Minecraft: Guild > [MVP++] SnowedSeal [LS]: 9120 
03:47:21.891 INFO  Minecraft: Guild > [VIP+] OwOPingu [F]: just buy me like a ultimate carrot candy upgrade when you get all the bits 
03:47:41.576 INFO  Minecraft: Guild > [VIP+] OwOPingu [F]: it just buy you a cookie 
03:47:46.446 INFO  Minecraft: Guild > [MVP++] SnowedSeal [LS]: kay 
03:48:14.429 INFO  Minecraft: Guild > [MVP++] SnowedSeal [LS]: scam? 
03:48:15.725 INFO  Minecraft: Guild > [MVP++] SnowedSeal [LS]: jk 
03:48:20.097 INFO  Minecraft: Guild > [MVP++] SnowedSeal [LS]: in a party rn 
03:48:21.052 INFO  Minecraft: Guild > [VIP+] OwOPingu [F]: it cant be traded 
03:48:41.645 INFO  Minecraft: Guild > [VIP+] OwOPingu [F]: warping 
03:48:56.983 INFO  Minecraft: Guild > [VIP+] OwOPingu [F]: fuck you cant drop it 
03:49:05.942 INFO  Minecraft: Guild > UnknowAccount left. 
03:49:09.147 INFO  Minecraft: Guild > [VIP+] OwOPingu [F]: it just give you like 1.8 mil 
03:49:33.969 INFO  Minecraft: Guild > [VIP+] OwOPingu [F]: make sure to pay me back with that carrot upgrade 
03:49:42.261 INFO  Minecraft: Guild > [VIP+] OwOPingu [F]: or just 1.8 mil 
03:49:45.893 INFO  Minecraft: Guild > [MVP++] SnowedSeal [LS]: k 
03:49:49.277 INFO  Minecraft: Guild > [MVP++] SnowedSeal [LS]: 1.8m B) 
03:50:03.494 INFO  Minecraft: Guild > [MVP++] SnowedSeal [LS]: cya later 
03:50:06.277 INFO  Minecraft: Guild > [MVP++] SnowedSeal [LS]: gtg 
03:50:07.454 INFO  Minecraft: Guild > [VIP+] OwOPingu [F]: cya 
03:50:24.010 INFO  Minecraft: Guild > SnowedSeal left. 
03:53:20.461 INFO  Minecraft: Guild > boxed_cat joined. 
03:55:18.242 INFO  Minecraft: Guild > boxed_cat left. 
04:00:26.688 INFO  Minecraft:  
04:00:26.698 INFO  Minecraft: [WATCHDOG ANNOUNCEMENT] 
04:00:26.699 INFO  Minecraft: Watchdog has banned 30,390 players in the last 7 days. 
04:00:26.699 INFO  Minecraft: Staff have banned an additional 13,380 in the last 7 days. 
04:00:26.700 INFO  Minecraft: Blacklisted modifications are a bannable offense! 
04:00:26.700 INFO  Minecraft:  
04:04:02.964 INFO  Minecraft: Guild > UnknowAccount joined. 
04:06:28.355 INFO  Minecraft: Guild > WitheredRoyal joined. 
04:07:02.916 INFO  Minecraft: Guild > [VIP+] WitheredRoyal [M]: Why must discord be such a mess ;-; 
04:08:56.345 INFO  Minecraft: Guild > UnknowAccount left. 
04:18:11.548 INFO  Minecraft: Guild > 4717 joined. 
04:34:12.943 INFO  Minecraft: Guild > OwOPingu left. 
04:48:03.613 INFO  Minecraft: Guild > LRBenito joined. 
04:56:39.743 INFO  Minecraft: Guild > boxed_cat joined. 
04:56:56.196 INFO  Minecraft: The Traveling Zoo is visiting the SkyBlock Hub! 
04:56:56.200 INFO  Minecraft: CLICK HERE to shop for exotic pets! 
05:02:17.586 INFO  Minecraft: ----------------------------------------------------- 
05:02:17.593 INFO  Minecraft: You have just received 47,479 coins as interest in your co-op bank account! 
05:02:17.597 INFO  Minecraft: ----------------------------------------------------- 
05:02:32.050 INFO  Minecraft: Guild > 4717 left. 
05:24:18.840 INFO  Minecraft: Guild > 4717 joined. 
05:24:34.905 INFO  Minecraft: Guild > ASovietDoge joined. 
05:37:11.403 INFO  Minecraft: Guild > UnknownShadow124 joined. 
05:37:24.482 INFO  Minecraft: Guild > UnknownShadow124 left. 
05:48:56.192 INFO  Minecraft: Guild > LRBenito left. 
05:56:37.325 INFO  Minecraft: Guild > boxed_cat left. 
06:00:27.955 INFO  Minecraft:  
06:00:27.964 INFO  Minecraft: [WATCHDOG ANNOUNCEMENT] 
06:00:27.965 INFO  Minecraft: Watchdog has banned 30,437 players in the last 7 days. 
06:00:27.966 INFO  Minecraft: Staff have banned an additional 13,264 in the last 7 days. 
06:00:27.968 INFO  Minecraft: Blacklisted modifications are a bannable offense! 
06:00:27.969 INFO  Minecraft:  
06:02:04.979 INFO  Minecraft: Guild > 4717 left. 
06:06:07.295 INFO  Minecraft: Guild > ASovietDoge left. 
06:11:43.153 INFO  Minecraft: Guild > clonzy joined. 
06:26:30.568 INFO  Minecraft: Guild > UnknowAccount joined. 
07:02:53.862 INFO  Minecraft: Guild > 4717 joined. 
07:11:35.917 INFO  Minecraft: Guild > TREX2M joined. 
07:12:55.697 INFO  Minecraft: Guild > OwOPingu joined. 
07:15:10.775 INFO  Minecraft: Guild > UnknownShadow124 joined. 
07:16:16.302 INFO  Minecraft: Guild > TREX2M left. 
07:16:48.676 INFO  Minecraft: Guild > UnknownShadow124 left. 
07:17:27.875 INFO  Minecraft: Guild > TREX2M joined. 
07:19:10.759 INFO  Minecraft: Guild > ASovietDoge joined. 
07:21:32.578 INFO  Minecraft: Guild > Za1bot joined. 
07:24:01.540 INFO  Minecraft: Guild > Za1bot left. 
07:26:37.430 INFO  Minecraft: Guild > ASovietDoge left. 
07:27:40.789 INFO  Minecraft: Guild > TREX2M left. 
07:27:45.776 INFO  Minecraft: Guild > TREX2M joined. 
07:32:37.617 INFO  Minecraft: Guild > boxed_cat joined. 
07:34:05.793 INFO  Minecraft: Guild > Za1bot joined. 
07:34:11.778 INFO  Minecraft: Guild > Za1bot left. 
07:36:38.372 INFO  Minecraft: Guild > Za1bot joined. 
07:46:22.782 INFO  Minecraft: Guild > TREX2M left. 
08:00:28.121 INFO  Minecraft:  
08:00:28.134 INFO  Minecraft: [WATCHDOG ANNOUNCEMENT] 
08:00:28.135 INFO  Minecraft: Watchdog has banned 30,430 players in the last 7 days. 
08:00:28.136 INFO  Minecraft: Staff have banned an additional 13,291 in the last 7 days. 
08:00:28.136 INFO  Minecraft: Blacklisted modifications are a bannable offense! 
08:00:28.137 INFO  Minecraft:  
08:21:30.962 INFO  Minecraft: Guild > clonzy left. 
08:21:33.713 INFO  Minecraft: Guild > clonzy joined. 
08:21:55.653 INFO  Minecraft: Guild > SnowedSeal joined. 
08:21:59.546 INFO  Minecraft: Guild > [MVP++] SnowedSeal [LS]: henlo 
08:22:03.001 INFO  Minecraft: Guild > [VIP+] WitheredRoyal [M]: Lo hens! 
08:22:07.005 INFO  Minecraft: Guild > [MVP++] SnowedSeal [LS]: alright 
08:22:13.010 INFO  Minecraft: Guild > [MVP++] SnowedSeal [LS]: other guild has been created 
08:22:20.926 INFO  Minecraft: Guild > [VIP+] WitheredRoyal [M]: :o 
08:22:23.207 INFO  Minecraft: Guild > [VIP] boxed_cat [M]: huh 
08:22:24.637 INFO  Minecraft: Guild > [MVP++] SnowedSeal [LS]: yomad just needs to transfer it to me 
08:22:44.409 INFO  Minecraft: Guild > [VIP+] WitheredRoyal [M]: Are they online? 
08:22:49.227 INFO  Minecraft: Guild > [MVP++] SnowedSeal [LS]: no 
08:22:53.144 INFO  Minecraft: Guild > [VIP+] WitheredRoyal [M]: Sadness 
08:22:53.771 INFO  Minecraft: Guild > [VIP+] OwOPingu [F]: :O 
08:22:57.224 INFO  Minecraft: Guild > [VIP+] WitheredRoyal [M]: Also snowed 
08:23:00.333 INFO  Minecraft: Guild > [MVP++] SnowedSeal [LS]: ? 
08:23:09.735 INFO  Minecraft: Guild > [VIP+] WitheredRoyal [M]: Do you know how to get disc accounts back with the e-mail 
08:23:14.730 INFO  Minecraft: Guild > [VIP+] WitheredRoyal [M]: or delete them 
08:23:22.547 INFO  Minecraft: Guild > [MVP++] SnowedSeal [LS]: 1s 
08:23:37.500 INFO  Minecraft: Guild > [MVP++] SnowedSeal [LS]: v 
08:23:39.297 INFO  Minecraft: Guild > [MVP++] SnowedSeal [LS]: oops 
08:24:14.079 INFO  Minecraft: Guild > [MVP++] SnowedSeal [LS]: https://support.discord.com/hc/en-us 
08:24:19.586 INFO  Minecraft: Guild > 4717 left. 
08:24:23.025 INFO  Minecraft: Guild > [MVP++] SnowedSeal [LS]: i had to fucking manually type that in 
08:24:28.347 INFO  Minecraft: Guild > [MVP++] SnowedSeal [LS]: bc 5zig doesnt allow copy and paste 
08:24:35.293 INFO  Minecraft: Guild > [VIP+] WitheredRoyal [M]: f 
08:24:44.952 INFO  Minecraft: Guild > [MVP++] SnowedSeal [LS]: try that 
08:24:45.692 INFO  Minecraft: Guild > [MVP++] SnowedSeal [LS]: if not 
08:24:47.097 INFO  Minecraft: Guild > [MVP++] SnowedSeal [LS]: then uh 
08:24:49.026 INFO  Minecraft: Guild > [MVP++] SnowedSeal [LS]: make new acc 
08:25:06.246 INFO  Minecraft: Guild > [VIP+] WitheredRoyal [M]: Ok thx :) 
08:27:57.746 INFO  Minecraft: Guild > 4717 joined. 
08:31:50.628 INFO  Minecraft: Guild > [MVP++] SnowedSeal [LS]: imma farm wart 
08:31:52.670 INFO  Minecraft: Guild > [MVP++] SnowedSeal [LS]: for fun 
08:32:06.180 INFO  Minecraft: Guild > [VIP] 4717 [M]: thats not fun 
08:32:20.610 INFO  Minecraft: Guild > [MVP++] SnowedSeal [LS]: okay 
08:32:50.657 INFO  Minecraft: Guild > boxed_cat left. 
08:36:18.937 INFO  Minecraft: Guild > [VIP+] WitheredRoyal [M]: I FINALLY GOT IT WORKING 
08:36:22.912 INFO  Minecraft: Guild > [MVP++] SnowedSeal [LS]: ? 
08:36:27.489 INFO  Minecraft: Guild > [VIP+] WitheredRoyal [M]: My disc acc 
08:36:30.560 INFO  Minecraft: Guild > [MVP++] SnowedSeal [LS]: k 
08:36:32.482 INFO  Minecraft: Guild > [MVP++] SnowedSeal [LS]: do /g discord 
08:41:23.402 INFO  Minecraft: Guild > boxed_cat joined. 
08:42:27.290 INFO  Minecraft: Guild > [MVP++] SnowedSeal [LS]: royalwithered 
08:43:16.527 INFO  Minecraft: Guild > [VIP+] WitheredRoyal [M]: huh? 
08:44:00.623 INFO  Minecraft: Guild > [MVP++] SnowedSeal [LS]: do /g discord 
08:44:01.785 INFO  Minecraft: Guild > [MVP++] SnowedSeal [LS]: and join 
08:44:13.209 INFO  Minecraft: Guild > [VIP+] WitheredRoyal [M]: I did 
08:45:11.136 INFO  Minecraft: Guild > [VIP+] WitheredRoyal [M]: Is there someplace I'm supposed to verify or smth? 
08:45:54.677 INFO  Minecraft: Guild > [MVP++] SnowedSeal [LS]: uh 
08:45:57.173 INFO  Minecraft: Guild > [MVP++] SnowedSeal [LS]: why? 
08:46:15.001 INFO  Minecraft: Guild > [VIP+] WitheredRoyal [M]: Idk I haven't used this thing in a while 
08:46:21.133 INFO  Minecraft: Guild > [MVP++] SnowedSeal [LS]: id ont think so 
08:46:47.154 INFO  Minecraft: Guild > [VIP+] WitheredRoyal [M]: K 
08:50:17.202 INFO  Minecraft: Guild > [MVP++] SnowedSeal [LS]: i got 150m fishing setup 
08:50:18.146 INFO  Minecraft: Guild > [MVP++] SnowedSeal [LS]: 200m* 
08:50:21.685 INFO  Minecraft: Guild > [MVP++] SnowedSeal [LS]: minion* 
08:50:34.728 INFO  Minecraft: Guild > [MVP++] SnowedSeal [LS]: soulflow engine 
08:50:38.393 INFO  Minecraft: Guild > [MVP++] SnowedSeal [LS]: plasma buckets 
08:50:41.191 INFO  Minecraft: Guild > [MVP++] SnowedSeal [LS]: t11 fish minion 
08:50:48.750 INFO  Minecraft: Guild > [MVP++] SnowedSeal [LS]: s 
08:50:54.320 INFO  Minecraft: Guild > [MVP++] SnowedSeal [LS]: in a dream ofc 
08:54:20.868 INFO  Minecraft: Guild > [MVP++] SnowedSeal [LS]: owo 
08:55:18.705 INFO  Minecraft: Guild > clonzy left. 
09:05:37.458 INFO  Minecraft: Guild > [MVP++] SnowedSeal [LS]: who wants an invite to the cold lands v2 if they want? 
09:05:47.405 INFO  Minecraft: Guild > [MVP+] Za1bot [M]: perp 
09:05:50.528 INFO  Minecraft: Guild > [MVP+] Za1bot [M]: he does 
09:06:10.901 INFO  Minecraft: Guild > [MVP+] Za1bot [M]: wait is there a guild already? 
09:06:31.477 INFO  Minecraft: Guild > [MVP++] SnowedSeal [LS]: not yet 
09:06:51.653 INFO  Minecraft: Guild > [MVP+] Za1bot [M]: can i invite perp to the discord thoguh? 
09:07:30.264 INFO  Minecraft: Guild > [MVP++] SnowedSeal [LS]: k 
09:07:50.254 INFO  Minecraft: Guild > [VIP+] WitheredRoyal [M]: I feel like a boomer trying to figure out waht all the buttons and tabs do in disc 
09:11:22.238 INFO  Minecraft: Guild > [MVP++] SnowedSeal [LS]: owo 
09:15:00.248 INFO  Minecraft: Guild > IdlyChiqken joined. 
09:16:06.473 INFO  Minecraft: Guild > clonzy joined. 
09:16:32.392 INFO  Minecraft: Guild > SnowedSeal left. 
09:17:10.470 INFO  Minecraft: Guild > clonzy left. 
09:21:46.741 INFO  Minecraft: Guild > UnknowAccount left. 
09:26:56.842 INFO  Minecraft: Guild > ASovietDoge joined. 
09:30:27.635 INFO  Discord: [💬→︱guild-chat] LS | SnowedSeal: owo 
09:30:28.039 INFO  Minecraft: Guild > Minikloons [LS]: LS| SnowedSeal» owo 
09:30:39.316 INFO  Minecraft: Guild > [VIP] ASovietDoge [CO]: owo 
09:30:50.411 INFO  Minecraft: Guild > [VIP+] WitheredRoyal [M]: OwO 
09:30:55.884 INFO  Minecraft: Guild > [VIP] IdlyChiqken [M]: uwu 
09:31:05.782 INFO  Minecraft: Guild > [VIP+] WitheredRoyal [M]: :o 
09:32:00.095 INFO  Discord: [💬→︱guild-chat] LS | SnowedSeal: link for new guild in <#800870128119709758> 
09:32:00.423 INFO  Minecraft: Guild > Minikloons [LS]: LS| SnowedSeal» link for new guild in <#800870128119709758> 
09:33:50.698 INFO  Discord: [💬→︱guild-chat] LS | SnowedSeal: e 
09:33:51.049 INFO  Minecraft: Guild > Minikloons [LS]: LS| SnowedSeal» e 
09:36:37.743 INFO  Minecraft: Guild > [VIP+] WitheredRoyal [M]: It's amazing how easily bw players get p!ssed 
09:36:40.032 INFO  Minecraft: Guild > [VIP+] WitheredRoyal [M]: wc 
09:45:51.835 INFO  Minecraft: Guild > [VIP] IdlyChiqken [M]: u sus 
09:46:02.802 INFO  Minecraft: Guild > [VIP+] WitheredRoyal [M]: +2 Streak Points (Losing Braincells) 
09:46:05.552 INFO  Minecraft: Guild > [VIP+] WitheredRoyal [M]: wc 
10:00:28.362 INFO  Minecraft:  
10:00:28.379 INFO  Minecraft: [WATCHDOG ANNOUNCEMENT] 
10:00:28.380 INFO  Minecraft: Watchdog has banned 30,413 players in the last 7 days. 
10:00:28.381 INFO  Minecraft: Staff have banned an additional 13,415 in the last 7 days. 
10:00:28.381 INFO  Minecraft: Blacklisted modifications are a bannable offense! 
10:00:28.382 INFO  Minecraft:  
10:10:57.116 INFO  Discord: [💬→︱guild-chat] LS | SnowedSeal: soviet 
10:10:57.521 INFO  Minecraft: Guild > Minikloons [LS]: LS| SnowedSeal» soviet 
10:10:59.746 INFO  Discord: [💬→︱guild-chat] LS | SnowedSeal: are you on? 
10:11:00.336 INFO  Minecraft: Guild > Minikloons [LS]: LS| SnowedSeal» are you on? 
10:11:28.068 INFO  Minecraft: Guild > [VIP] IdlyChiqken [M]: soviet is on 
10:11:31.048 INFO  Minecraft: Guild > [VIP] ASovietDoge [CO]: eys 
10:12:00.603 INFO  Minecraft: Guild > SnowedSeal joined. 
10:12:04.837 INFO  Minecraft: Guild > [MVP++] SnowedSeal [LS]: henlo 
10:12:07.012 INFO  Minecraft: Guild > [MVP++] SnowedSeal [LS]: alright 
10:12:08.615 INFO  Minecraft: Guild > [VIP+] OwOPingu [F]: henlo 
10:12:13.385 INFO  Minecraft: Guild > [MVP++] SnowedSeal [LS]: should i leave the guild now and do the thing? 
10:12:20.798 INFO  Minecraft: Guild > [VIP] ASovietDoge [CO]: u2u 
10:12:25.618 INFO  Minecraft: Guild > [MVP++] SnowedSeal [LS]: k 
10:12:29.720 INFO  Minecraft: Guild > [VIP] ASovietDoge [CO]: i alr told small u were prob gonna do it 
10:12:40.356 INFO  Minecraft: Guild > [MVP++] SnowedSeal [LS]: if anything goes wrong 
10:12:42.615 INFO  Minecraft: Guild > [MVP++] SnowedSeal [LS]: can you uh 
10:12:48.854 INFO  Minecraft: Guild > [VIP] ASovietDoge [CO]: yeah sure 
10:12:52.397 INFO  Minecraft: Guild > [MVP++] SnowedSeal [LS]: aight 
10:12:52.562 INFO  Minecraft: Guild > [VIP] ASovietDoge [CO]: i saw ur dm 
10:12:58.115 INFO  Minecraft: Guild > [VIP+] WitheredRoyal [M]: :o 
10:13:00.280 INFO  Minecraft: Guild > [MVP++] SnowedSeal [LS]: bruh 
10:13:01.194 INFO  Minecraft: Guild > [MVP++] SnowedSeal [LS]: idly 
10:13:04.845 INFO  Minecraft: Guild > [MVP++] SnowedSeal [LS]: tell yomad to get back on 
10:14:01.755 INFO  Minecraft: Guild > [MVP++] SnowedSeal [LS]: yomadd get back onnn 
10:14:03.896 INFO  Minecraft: Guild > [MVP++] SnowedSeal [LS]: pleassseee 
10:14:10.223 INFO  Minecraft: Guild > [MVP++] SnowedSeal [LS]: i have a diet of fish 
10:14:11.550 INFO  Minecraft: Guild > [MVP++] SnowedSeal [LS]: and fish 
10:15:55.951 INFO  Minecraft: Guild > [MVP++] SnowedSeal [LS]: okay guys this is it 
10:15:59.193 INFO  Minecraft: Guild > [MVP++] SnowedSeal [LS]: 6 months 
10:16:04.790 INFO  Minecraft: Guild > [MVP++] SnowedSeal [LS]: in this guild 
10:16:10.842 INFO  Minecraft: Guild > [VIP+] OwOPingu [F]: ??? 
10:16:14.261 INFO  Minecraft: Guild > [MVP++] SnowedSeal [LS]: its time to go and make a v2 
10:16:19.829 INFO  Minecraft: Guild > [VIP+] OwOPingu [F]: otay 
10:16:51.309 INFO  Minecraft: Guild > [MVP++] SnowedSeal [LS]: so uh 
10:16:54.853 INFO  Minecraft: Guild > [MVP++] SnowedSeal [LS]: bye guys! 
10:16:57.103 INFO  Minecraft: Guild > [MVP++] SnowedSeal [LS]: check general 
10:17:02.317 INFO  Minecraft: Guild > [MVP++] SnowedSeal [LS]: in cold lands 
10:17:23.106 INFO  Minecraft: Guild > [MVP++] SnowedSeal [LS]: byeeeee! 
10:17:25.520 INFO  Minecraft: Guild > [VIP] IdlyChiqken [M]: cya cl 
10:17:27.988 INFO  Minecraft: Guild > [VIP] IdlyChiqken [M]: ight 
10:17:29.222 INFO  Minecraft: Guild > [VIP+] OwOPingu [F]: bye 
10:17:32.359 INFO  Minecraft: Guild > [VIP] IdlyChiqken [M]: do i g leave? 
10:17:35.565 INFO  Minecraft: Guild > [MVP++] SnowedSeal [LS]: i'll join this guild if this goes wrong 
10:17:47.787 INFO  Minecraft: Guild > [VIP] IdlyChiqken [M]: ok so i no g leave then? 
10:17:53.461 INFO  Minecraft: Guild > [MVP++] SnowedSeal [LS]: k 
10:18:07.866 INFO  Minecraft: ----------------------------------------------------- 
10:18:07.869 INFO  Minecraft: [MVP++] SnowedSeal left the guild! 
10:18:07.872 INFO  Minecraft: ----------------------------------------------------- 
10:18:08.200 INFO  Minecraft: Guild > Minikloons [LS]: We are sorry you had to leave, SnowedSeal 
10:18:11.743 INFO  Minecraft: Guild > [VIP+] OwOPingu [F]: f 
10:18:14.134 INFO  Minecraft: Guild > [VIP+] OwOPingu [F]: =:( 
10:18:15.861 INFO  Minecraft: Guild > [VIP] 4717 [M]: rip 
10:18:22.726 INFO  Minecraft: Guild > [VIP+] WitheredRoyal [M]: The transition is happeneing :o 
10:18:24.630 INFO  Minecraft: Guild > [VIP] IdlyChiqken [M]: Cya 
10:18:26.675 INFO  Minecraft: Guild > [VIP] IdlyChiqken [M]: yep 
10:18:27.092 INFO  Minecraft: Guild > [VIP+] OwOPingu [F]: ;o 
10:18:30.958 INFO  Discord: [💬→︱guild-chat] LS | SnowedSeal: alright then 
10:18:31.280 INFO  Minecraft: Guild > Minikloons [LS]: LS| SnowedSeal» alright then 
10:18:34.471 INFO  Minecraft: Guild > [VIP] IdlyChiqken [M]: join the discord 
10:18:51.129 INFO  Minecraft: Guild > [VIP] IdlyChiqken [M]: Boreas = CLV2 
10:18:57.295 INFO  Minecraft: Guild > [VIP] IdlyChiqken [M]: see ya 
10:18:59.673 INFO  Minecraft: ----------------------------------------------------- 
10:18:59.675 INFO  Minecraft: [VIP] IdlyChiqken left the guild! 
10:18:59.677 INFO  Minecraft: ----------------------------------------------------- 
10:18:59.992 INFO  Minecraft: Guild > Minikloons [LS]: We are sorry you had to leave, IdlyChiqken 
10:19:27.616 INFO  Minecraft: Guild > [VIP+] OwOPingu [F]: otay 
10:19:35.153 INFO  Minecraft: Guild > [VIP+] OwOPingu [F]: good guild 
10:19:39.167 INFO  Minecraft: Guild > [VIP+] OwOPingu [F]: good bye 
10:19:58.210 INFO  Discord: [💬→︱guild-chat] LS | SnowedSeal: goodbye the pingu of the guild of the pingu of the guild of the bye 
10:19:58.549 INFO  Minecraft: Guild > Minikloons [LS]: LS| SnowedSeal» goodbye the pingu of the guild of the pingu of the guild of the bye 
10:20:04.450 INFO  Minecraft: Guild > [VIP+] OwOPingu [F]: good bye :( 
10:20:07.361 INFO  Minecraft: ----------------------------------------------------- 
10:20:07.362 INFO  Minecraft: [VIP+] OwOPingu left the guild! 
10:20:07.363 INFO  Minecraft: ----------------------------------------------------- 
10:20:07.676 INFO  Minecraft: Guild > Minikloons [LS]: We are sorry you had to leave, OwOPingu 
10:20:56.460 INFO  Minecraft: Guild > [VIP+] WitheredRoyal [M]: Goodbye guild ;-; 
10:21:00.467 INFO  Minecraft: ----------------------------------------------------- 
10:21:00.492 INFO  Minecraft: [VIP+] WitheredRoyal left the guild! 
10:21:00.493 INFO  Minecraft: ----------------------------------------------------- 
10:21:00.803 INFO  Minecraft: Guild > Minikloons [LS]: We are sorry you had to leave, WitheredRoyal 
10:21:07.025 INFO  Minecraft: ----------------------------------------------------- 
10:21:07.029 INFO  Minecraft: [VIP] 4717 left the guild! 
10:21:07.030 INFO  Minecraft: ----------------------------------------------------- 
10:21:07.453 INFO  Minecraft: Guild > Minikloons [LS]: We are sorry you had to leave, 4717 
10:24:53.952 INFO  Discord: [💬→︱guild-chat] LS | SnowedSeal: aight 
10:24:54.342 INFO  Minecraft: Guild > Minikloons [LS]: LS| SnowedSeal» aight 
10:27:08.945 INFO  Minecraft: ----------------------------------------------------- 
10:27:08.954 INFO  Minecraft: [MVP+] Za1bot left the guild! 
10:27:08.956 INFO  Minecraft: ----------------------------------------------------- 
10:27:09.295 INFO  Minecraft: Guild > Minikloons [LS]: We are sorry you had to leave, Za1bot 
10:29:31.610 INFO  Minecraft: ----------------------------------------------------- 
10:29:31.618 INFO  Minecraft: [VIP] boxed_cat left the guild! 
10:29:31.620 INFO  Minecraft: ----------------------------------------------------- 
10:29:31.943 INFO  Minecraft: Guild > Minikloons [LS]: We are sorry you had to leave, boxed_cat 
10:32:22.845 INFO  Minecraft: Guild > [VIP] ASovietDoge [CO]: inc 
10:32:24.045 INFO  Minecraft: Guild > [VIP] ASovietDoge [CO]: wc 
10:33:10.331 INFO  Minecraft: Friend > SnowedSeal left. 
10:34:13.281 INFO  Minecraft: Guild > ASovietDoge left. 
10:58:55.186 INFO  Discord: [💬→︱guild-chat] LS | SnowedSeal: owO 
10:58:55.582 INFO  Minecraft: Guild > Minikloons [LS]: LS| SnowedSeal» owO 
11:06:07.796 INFO  Minecraft: Friend > IdlyChiqken left. 
11:06:11.497 INFO  Minecraft: Friend > IdlyChiqken joined. 
11:06:38.566 INFO  Minecraft: Friend > SnowedSeal joined. 
11:10:01.533 INFO  Minecraft: Friend > SnowedSeal left. 
11:10:04.771 INFO  Minecraft: Friend > SnowedSeal joined. 
11:12:10.448 INFO  Minecraft: Friend > SnowedSeal left. 
11:17:00.950 INFO  Minecraft: Friend > IdlyChiqken left. 
11:17:31.569 INFO  Minecraft: Friend > IdlyChiqken joined. 
11:17:35.711 INFO  Discord: [💬→︱guild-chat] LS | SnowedSeal: henlo 
11:17:36.065 INFO  Minecraft: Guild > Minikloons [LS]: LS| SnowedSeal» henlo 
11:20:17.193 INFO  Minecraft: Friend > IdlyChiqken left. 
11:21:21.230 INFO  Minecraft: Friend > IdlyChiqken joined. 
11:23:50.419 INFO  Minecraft: Friend > IdlyChiqken left. 
11:25:43.521 INFO  Minecraft: Friend > IdlyChiqken joined. 
11:48:05.800 INFO  Minecraft: Friend > IdlyChiqken left. 
12:00:28.526 INFO  Minecraft:  
12:00:28.537 INFO  Minecraft: [WATCHDOG ANNOUNCEMENT] 
12:00:28.538 INFO  Minecraft: Watchdog has banned 30,342 players in the last 7 days. 
12:00:28.539 INFO  Minecraft: Staff have banned an additional 13,408 in the last 7 days. 
12:00:28.540 INFO  Minecraft: Blacklisted modifications are a bannable offense! 
12:00:28.541 INFO  Minecraft:  
12:08:35.815 INFO  Minecraft: Guild > yKxshi joined. 
12:09:38.767 INFO  Minecraft: Friend > IdlyChiqken joined. 
12:18:24.607 INFO  Minecraft: Guild > LRBenito joined. 
12:21:05.938 INFO  Minecraft: Guild > LRBenito left. 
12:43:27.848 INFO  Minecraft: Friend > IdlyChiqken left. 
12:47:02.739 INFO  Minecraft: Guild > yKxshi left. 
12:47:46.454 INFO  Discord: [💬→︱guild-chat] Member | IdlyChiqken: henlo guys 
12:47:46.771 INFO  Minecraft: Guild > Minikloons [LS]: Member| IdlyChiqken» henlo guys 
12:47:48.251 INFO  Discord: [💬→︱guild-chat] Member | IdlyChiqken: so uh 
12:47:48.604 INFO  Minecraft: Guild > Minikloons [LS]: Member| IdlyChiqken» so uh 
12:47:58.673 INFO  Discord: [💬→︱guild-chat] Member | IdlyChiqken: how are you guys doing 
12:47:59.020 INFO  Minecraft: Guild > Minikloons [LS]: Member| IdlyChiqken» how are you guys doing 
12:48:08.871 INFO  Discord: [💬→︱guild-chat] Member | IdlyChiqken: the clv2 project is working pretty good 
12:48:09.286 INFO  Minecraft: Guild > Minikloons [LS]: Member| IdlyChiqken» the clv2 project is working pretty good 
13:16:18.114 INFO  Minecraft: Guild > BamBoozledMC joined. 
13:20:38.337 INFO  Minecraft: BamBoozledMC joined SkyBlock. 
13:20:38.492 INFO  Minecraft: BamBoozledMC left SkyBlock. 
13:20:41.483 INFO  Minecraft: BamBoozledMC joined SkyBlock. 
13:21:14.428 INFO  Minecraft: You gained 2,432 Mining experience from minions! 
13:21:15.206 INFO  Minecraft: You gained 4,096 Mining experience from minions! 
13:21:15.869 INFO  Minecraft: You gained 1,792 Mining experience from minions! 
13:21:23.990 INFO  Minecraft: You gained 1,792 Mining experience from minions! 
13:21:25.069 INFO  Minecraft: You gained 2,432 Mining experience from minions! 
13:21:25.834 INFO  Minecraft: You gained 4,096 Mining experience from minions! 
13:21:29.286 INFO  Minecraft: You gained 1,792 Mining experience from minions! 
13:21:29.881 INFO  Minecraft: You gained 4,096 Mining experience from minions! 
13:21:30.611 INFO  Minecraft: You gained 2,432 Mining experience from minions! 
13:21:34.000 INFO  Minecraft: You gained 4,096 Mining experience from minions! 
13:21:34.619 INFO  Minecraft: You gained 2,432 Mining experience from minions! 
13:21:35.409 INFO  Minecraft: You gained 1,792 Mining experience from minions! 
13:21:41.639 INFO  Minecraft: You gained 4,096 Mining experience from minions! 
13:21:42.444 INFO  Minecraft: You gained 2,368 Mining experience from minions! 
13:21:43.015 INFO  Minecraft: You gained 1,856 Mining experience from minions! 
13:21:46.205 INFO  Minecraft: You gained 4,096 Mining experience from minions! 
13:21:46.777 INFO  Minecraft: You gained 2,496 Mining experience from minions! 
13:21:47.400 INFO  Minecraft: You gained 1,856 Mining experience from minions! 
13:21:50.873 INFO  Minecraft: You gained 4,096 Mining experience from minions! 
13:21:51.703 INFO  Minecraft: You gained 2,432 Mining experience from minions! 
13:21:52.414 INFO  Minecraft: You gained 1,856 Mining experience from minions! 
13:21:55.729 INFO  Minecraft: You gained 4,096 Mining experience from minions! 
13:21:56.355 INFO  Minecraft: You gained 2,432 Mining experience from minions! 
13:21:57.015 INFO  Minecraft: You gained 1,792 Mining experience from minions! 
13:21:59.717 INFO  Minecraft: You gained 2,432 Mining experience from minions! 
13:22:00.290 INFO  Minecraft: You gained 4,096 Mining experience from minions! 
13:22:02.292 INFO  Minecraft: You gained 1,792 Mining experience from minions! 
13:22:19.456 INFO  Minecraft: You gained 2,368 Mining experience from minions! 
13:22:20.132 INFO  Minecraft: You gained 4,096 Mining experience from minions! 
13:22:20.866 INFO  Minecraft: You gained 1,792 Mining experience from minions! 
13:22:23.755 INFO  Minecraft: You gained 4,096 Mining experience from minions! 
13:22:24.498 INFO  Minecraft: You gained 2,432 Mining experience from minions! 
13:22:25.161 INFO  Minecraft: You gained 1,792 Mining experience from minions! 
13:22:29.988 INFO  Minecraft: You gained 2,368 Mining experience from minions! 
13:22:30.575 INFO  Minecraft: You gained 4,096 Mining experience from minions! 
13:22:31.218 INFO  Minecraft: You gained 1,856 Mining experience from minions! 
13:22:47.367 INFO  Minecraft: Guild > clonzy joined. 
13:37:43.195 INFO  Minecraft: [SkyBlock] [MVP+] Bonk_Cookie is visiting Your Island! 
13:40:27.547 INFO  Minecraft: ▬▬▬▬▬▬▬▬▬▬▬▬▬▬▬▬▬▬▬▬▬▬▬▬▬▬▬▬▬▬▬▬▬▬▬▬▬▬▬▬▬▬▬▬▬▬▬▬▬▬▬▬▬▬▬▬▬▬▬▬▬▬▬▬ 
13:40:27.556 INFO  Minecraft:   SKILL LEVEL UP Social IV➜V 
13:40:27.557 INFO  Minecraft:  
13:40:27.558 INFO  Minecraft:   REWARDS 
13:40:27.560 INFO  Minecraft:     Ability to purchase Island NPCs at Amelia 
13:40:27.562 INFO  Minecraft:     in the Hub 
13:40:27.563 INFO  Minecraft:     +300 Coins 
13:40:27.564 INFO  Minecraft: ▬▬▬▬▬▬▬▬▬▬▬▬▬▬▬▬▬▬▬▬▬▬▬▬▬▬▬▬▬▬▬▬▬▬▬▬▬▬▬▬▬▬▬▬▬▬▬▬▬▬▬▬▬▬▬▬▬▬▬▬▬▬▬▬ 
13:41:35.457 INFO  Minecraft: BamBoozledMC joined SkyBlock. 
13:45:15.578 INFO  Minecraft: Guild > ASovietDoge joined. 
13:51:07.582 INFO  Minecraft: Guild > ASovietDoge left. 
13:51:56.352 INFO  Minecraft: Guild > BamBoozledMC left. 
13:52:15.598 INFO  Minecraft: Guild > ASovietDoge joined. 
14:00:28.735 INFO  Minecraft:  
14:00:28.745 INFO  Minecraft: [WATCHDOG ANNOUNCEMENT] 
14:00:28.746 INFO  Minecraft: Watchdog has banned 30,361 players in the last 7 days. 
14:00:28.747 INFO  Minecraft: Staff have banned an additional 13,411 in the last 7 days. 
14:00:28.748 INFO  Minecraft: Blacklisted modifications are a bannable offense! 
14:00:28.749 INFO  Minecraft:  
14:19:42.409 INFO  Minecraft: Guild > BamBoozledMC joined. 
14:20:52.334 INFO  Minecraft: BamBoozledMC joined SkyBlock. 
14:21:15.597 INFO  Minecraft: Guild > BamBoozledMC left. 
14:23:40.753 INFO  Minecraft: Guild > ASovietDoge left. 
14:25:05.136 INFO  Minecraft: Guild > ASovietDoge joined. 
14:25:10.270 INFO  Minecraft: Guild > FearTheVillain3 joined. 
14:56:55.349 INFO  Minecraft: Guild > ASovietDoge left. 
14:56:58.374 INFO  Minecraft: Guild > ASovietDoge joined. 
14:57:07.446 INFO  Minecraft: Guild > FearTheVillain3 left. 
15:18:33.706 INFO  Minecraft: Guild > ASovietDoge left. 
15:19:03.400 INFO  Minecraft: [Important] This server will restart soon: Scheduled Reboot 
15:19:03.404 INFO  Minecraft: You have 60 seconds to warp out! CLICK to warp now! 
15:20:01.457 INFO  Minecraft: Evacuating to Hub... 
15:20:01.511 INFO  Minecraft: Sending to server mini79Q... 
15:20:01.601 INFO  Logged in. 
15:20:02.066 INFO  Minecraft:         
15:20:05.971 INFO  Minecraft: Tiger4455: is a level 11 glowstone minion worth anything? 
15:20:06.053 INFO  Minecraft: You are playing on profile: Zucchini (Co-op) 
15:20:06.412 INFO  Minecraft: ALLOWANCE! You earned 50,000 coins! 
15:20:06.613 INFO  Sending to skyblock. 
15:20:06.941 INFO  Minecraft: You are already playing SkyBlock! 
15:20:12.024 INFO  Minecraft: Warping you to your SkyBlock island... 
15:20:12.330 INFO  Minecraft: Sending to server mini536G... 
15:20:12.481 INFO  Logged in. 
15:20:12.884 INFO  Minecraft:         
15:20:15.878 INFO  Minecraft: You are playing on profile: Zucchini (Co-op) 
15:20:17.481 INFO  Sending to skyblock. 
15:20:17.843 INFO  Minecraft: You are already playing SkyBlock! 
15:20:23.029 INFO  Minecraft: You're already sitting on this island! 
15:52:45.715 INFO  Discord: [💬→︱guild-chat] LS | SnowedSeal: henlo 
15:52:46.144 INFO  Minecraft: Guild > Minikloons [LS]: LS| SnowedSeal» henlo 
16:00:28.873 INFO  Minecraft:  
16:00:28.882 INFO  Minecraft: [WATCHDOG ANNOUNCEMENT] 
16:00:28.883 INFO  Minecraft: Watchdog has banned 30,243 players in the last 7 days. 
16:00:28.883 INFO  Minecraft: Staff have banned an additional 13,418 in the last 7 days. 
16:00:28.884 INFO  Minecraft: Blacklisted modifications are a bannable offense! 
16:00:28.885 INFO  Minecraft:  
16:19:54.123 INFO  Minecraft: Guild > clonzy left. 
16:52:20.602 INFO  Minecraft: Guild > clonzy joined. 
17:18:41.054 INFO  Minecraft: [Important] This server will restart soon: Scheduled Reboot 
17:18:41.064 INFO  Minecraft: You have 60 seconds to warp out! CLICK to warp now! 
17:19:39.174 INFO  Minecraft: Evacuating to Hub... 
17:19:39.279 INFO  Minecraft: Sending to server mini212Q... 
17:19:39.379 INFO  Logged in. 
17:19:39.785 INFO  Minecraft:         
17:19:43.617 INFO  Minecraft: You are playing on profile: Zucchini (Co-op) 
17:19:44.382 INFO  Sending to skyblock. 
17:19:44.710 INFO  Minecraft: You are already playing SkyBlock! 
17:19:49.773 INFO  Minecraft: Warping you to your SkyBlock island... 
17:19:50.047 INFO  Minecraft: Sending to server mini449P... 
17:19:50.176 INFO  Logged in. 
17:19:50.448 INFO  Minecraft:         
17:19:53.577 INFO  Minecraft: You are playing on profile: Zucchini (Co-op) 
17:19:55.199 INFO  Sending to skyblock. 
17:19:55.520 INFO  Minecraft: You are already playing SkyBlock! 
17:20:00.646 INFO  Minecraft: You're already sitting on this island! 
18:00:29.054 INFO  Minecraft:  
18:00:29.064 INFO  Minecraft: [WATCHDOG ANNOUNCEMENT] 
18:00:29.064 INFO  Minecraft: Watchdog has banned 30,277 players in the last 7 days. 
18:00:29.065 INFO  Minecraft: Staff have banned an additional 13,400 in the last 7 days. 
18:00:29.066 INFO  Minecraft: Blacklisted modifications are a bannable offense! 
18:00:29.066 INFO  Minecraft:  
18:05:53.374 INFO  Minecraft: Guild > Pizzas_faces joined. 
18:15:56.321 INFO  Logging in. 
18:15:57.863 INFO  Discord: Logged in. 
18:15:59.146 INFO  Logged in. 
18:15:59.438 INFO  Minecraft:                                       
18:15:59.446 INFO  Minecraft:                           
18:15:59.469 INFO  Minecraft: You found a ✰✰✰✰✰ Mystery Box! 
18:16:00.484 INFO  Minecraft: ----------------------------------------------------- 
18:16:00.486 INFO  Minecraft: Requirements are Skill Avg 23, Cata 23, and 170m net, along 
18:16:00.487 INFO  Minecraft: with 85k gexp a week! Make sure to have fun and contact 
18:16:00.488 INFO  Minecraft: OwOSeal or Smol if you have something to report, or something else to say! 
18:16:00.489 INFO  Minecraft: ----------------------------------------------------- 
18:16:04.118 INFO  Minecraft:  >>> [MVP++] mikaaaah joined the lobby! <<< 
18:16:04.155 INFO  Sending to skyblock. 
18:16:04.671 INFO  Minecraft: Sending to server mini795R... 
18:16:04.897 INFO  Logged in. 
18:16:05.220 INFO  Minecraft:         
18:16:08.304 INFO  Minecraft: You are playing on profile: Zucchini (Co-op) 
18:16:08.893 INFO  Minecraft:  
18:16:08.930 INFO  Minecraft: Welcome to Hypixel SkyBlock! 
18:16:09.530 INFO  Minecraft: You're already sitting on this island! 
18:16:09.899 INFO  Sending to skyblock. 
18:16:10.251 INFO  Minecraft: Cannot join SkyBlock for a moment! (Queue join in cooldown) 
18:16:15.341 INFO  Minecraft: You're already sitting on this island! 
18:37:23.724 INFO  Logging in. 
18:37:25.174 INFO  Discord: Logged in. 
18:37:26.313 INFO  Logged in. 
18:37:26.608 INFO  Minecraft:                                       
18:37:26.615 INFO  Minecraft:                           
18:37:28.558 INFO  Minecraft: ----------------------------------------------------- 
18:37:28.560 INFO  Minecraft: Requirements are Skill Avg 23, Cata 23, and 170m net, along 
18:37:28.561 INFO  Minecraft: with 85k gexp a week! Make sure to have fun and contact 
18:37:28.562 INFO  Minecraft: OwOSeal or Smol if you have something to report, or something else to say! 
18:37:28.562 INFO  Minecraft: ----------------------------------------------------- 
18:37:28.782 INFO  Minecraft:  >>> [MVP++] Jahpanese joined the lobby! <<< 
18:37:28.859 INFO  Minecraft: [MVP+] wakaba08k joined the lobby! 
18:37:28.861 INFO  Sending to skyblock. 
18:37:29.434 INFO  Minecraft: Sending to server mini534M... 
18:37:29.578 INFO  Logged in. 
18:37:29.839 INFO  Minecraft:         
18:37:31.260 INFO  Minecraft: You're already sitting on this island! 
18:37:31.313 INFO  Sending to skyblock. 
18:37:31.629 INFO  Minecraft: Please don't spam the command! 
18:37:33.005 INFO  Minecraft: You are playing on profile: Zucchini (Co-op) 
18:37:33.631 INFO  Minecraft:  
18:37:33.633 INFO  Minecraft: Welcome to Hypixel SkyBlock! 
18:37:34.584 INFO  Sending to skyblock. 
18:37:34.978 INFO  Minecraft: Cannot join SkyBlock for a moment! (Queue join in cooldown) 
18:37:36.706 INFO  Minecraft: You're already sitting on this island! 
18:37:39.972 INFO  Minecraft: You're already sitting on this island! 
19:13:09.284 INFO  Minecraft: Guild > UnknowAccount joined. 
19:32:19.890 INFO  Minecraft: Guild > ranger4josh joined. 
19:36:48.505 INFO  Minecraft: Guild > UnknowAccount left. 
19:39:14.493 INFO  Minecraft: Guild > ranger4josh left. 
19:47:53.884 INFO  Minecraft: Guild > ranger4josh joined. 
19:54:38.547 INFO  Minecraft: Guild > UnknowAccount joined. 
20:00:29.279 INFO  Minecraft:  
20:00:29.287 INFO  Minecraft: [WATCHDOG ANNOUNCEMENT] 
20:00:29.288 INFO  Minecraft: Watchdog has banned 30,181 players in the last 7 days. 
20:00:29.289 INFO  Minecraft: Staff have banned an additional 13,429 in the last 7 days. 
20:00:29.290 INFO  Minecraft: Blacklisted modifications are a bannable offense! 
20:00:29.291 INFO  Minecraft:  
20:10:56.414 INFO  Minecraft: Guild > ranger4josh left. 
20:47:58.778 INFO  Minecraft: Guild > ranger4josh joined. 
21:08:24.101 INFO  Minecraft: [Important] This server will restart soon: Scheduled Reboot 
21:08:24.142 INFO  Minecraft: You have 60 seconds to warp out! CLICK to warp now! 
21:09:22.153 INFO  Minecraft: Evacuating to Hub... 
21:09:22.254 INFO  Minecraft: Sending to server mini80E... 
21:09:22.363 INFO  Logged in. 
21:09:22.661 INFO  Minecraft:         
21:09:25.821 INFO  Minecraft: You are playing on profile: Zucchini (Co-op) 
21:09:25.914 INFO  Minecraft: [MVP+] EofE: ok thxz 
21:09:27.368 INFO  Sending to skyblock. 
21:09:27.698 INFO  Minecraft: You are already playing SkyBlock! 
21:09:32.765 INFO  Minecraft: Warping you to your SkyBlock island... 
21:09:33.069 INFO  Minecraft: Sending to server mini413B... 
21:09:33.137 INFO  Logged in. 
21:09:33.394 INFO  Minecraft:         
21:09:36.680 INFO  Minecraft: You are playing on profile: Zucchini (Co-op) 
21:09:38.143 INFO  Sending to skyblock. 
21:09:38.462 INFO  Minecraft: You are already playing SkyBlock! 
21:09:43.574 INFO  Minecraft: You're already sitting on this island! 
21:39:25.017 INFO  Minecraft: Guild > VariableOwO joined. 
21:43:48.338 INFO  Minecraft: Guild > UnknownShadow124 joined. 
21:46:45.993 INFO  Discord: [💬→︱guild-chat] UnknowAccount: SA chestplate!!! 
21:46:46.394 INFO  Minecraft: Guild > Minikloons [LS]: UnknowAccount» SA chestplate!!! 
21:46:49.717 INFO  Discord: [💬→︱guild-chat] UnknowAccount: 42 runs LMAO 
21:46:50.037 INFO  Minecraft: Guild > Minikloons [LS]: UnknowAccount» 42 runs LMAO 
21:46:53.095 INFO  Minecraft: Guild > [VIP+] VariableOwO [M]: nice 
21:47:58.621 INFO  Discord: [💬→︱guild-chat] UnknowAccount: LOL IT HAS PROT 6 
21:47:58.956 INFO  Minecraft: Guild > Minikloons [LS]: UnknowAccount» LOL IT HAS PROT 6 
21:48:01.210 INFO  Discord: [💬→︱guild-chat] UnknowAccount: PFFFF 
21:48:01.550 INFO  Minecraft: Guild > Minikloons [LS]: UnknowAccount» PFFFF 
21:48:41.483 INFO  Minecraft: Guild > [VIP+] VariableOwO [M]: wow I am just coming back to sb and strength got hit hard I used to do 100k+ with FOT now I do 45k 
22:00:29.706 INFO  Minecraft:  
22:00:29.716 INFO  Minecraft: [WATCHDOG ANNOUNCEMENT] 
22:00:29.717 INFO  Minecraft: Watchdog has banned 30,104 players in the last 7 days. 
22:00:29.718 INFO  Minecraft: Staff have banned an additional 13,442 in the last 7 days. 
22:00:29.719 INFO  Minecraft: Blacklisted modifications are a bannable offense! 
22:00:29.719 INFO  Minecraft:  
22:04:19.937 INFO  Minecraft: Guild > ranger4josh left. 
22:06:19.929 INFO  Minecraft: Guild > UnknownShadow124 left. 
22:10:01.598 INFO  Minecraft: Guild > UnknownShadow124 joined. 
22:42:28.271 INFO  Minecraft: Guild > VariableOwO left. 
22:44:23.238 INFO  Minecraft: Guild > VariableOwO joined. 
22:47:38.333 INFO  Minecraft: Guild > UnknowAccount left. 
22:47:46.228 INFO  Minecraft: Guild > UnknownShadow124 left. 
22:47:48.115 INFO  Minecraft: Guild > UnknownShadow124 joined. 
23:10:20.631 INFO  Minecraft: Guild > UnknownShadow124 left. 
23:10:20.678 INFO  Minecraft: Guild > FabledLivid joined. 
23:10:27.581 INFO  Minecraft: Guild > UnknownShadow124 joined. 
23:10:45.055 INFO  Minecraft: Guild > [VIP] FabledLivid [M]: bye bye guys 
23:10:52.181 INFO  Minecraft: Guild > [VIP] FabledLivid [M]: cold lands v2 
23:10:56.809 INFO  Minecraft: Guild > [VIP] FabledLivid [M]: is now up and running 
23:11:09.195 INFO  Minecraft: Guild > [VIP+] VariableOwO [M]: can someone invite me to cold lands v2 
23:11:17.882 INFO  Minecraft: Guild > [VIP] FabledLivid [M]: ill ask redbeam 
23:12:07.321 INFO  Minecraft: Guild > [VIP] FabledLivid [M]: hes afk keksdee 
23:12:25.809 INFO  Minecraft: Guild > [VIP+] VariableOwO [M]: ok I am getting off now 
23:12:28.642 INFO  Minecraft: Guild > VariableOwO left. 
23:12:43.560 INFO  Minecraft: Guild > UnknownShadow124 left. 
23:15:35.993 INFO  Minecraft: Guild > [VIP] FabledLivid [M]: go 
23:15:37.768 INFO  Minecraft: Guild > [VIP] FabledLivid [M]: wc/ 
23:33:00.495 INFO  Minecraft: Guild > FabledLivid left. 
00:00:15.107 INFO  Minecraft: Guild > UnknowAccount joined. 

