13:47:04.281 INFO  Logging in. 
13:47:07.193 INFO  Discord: Logged in. 
13:47:08.449 INFO  Logged in. 
13:47:08.636 INFO  Minecraft:                                       
13:47:08.656 INFO  Minecraft:                           
13:47:08.946 INFO  Minecraft: ----------------------------------------------------- 
13:47:08.948 INFO  Minecraft: Requirements are Skill Avg 23, Cata 23, and 170m net, along 
13:47:08.950 INFO  Minecraft: with 85k gexp a week! Make sure to have fun and contact 
13:47:08.951 INFO  Minecraft: OwOSeal or Smol if you have something to report, or something else to say! 
13:47:08.952 INFO  Minecraft: ----------------------------------------------------- 
13:47:13.495 INFO  Sending to skyblock. 
13:47:14.772 INFO  Minecraft: Sending to server mini883F... 
13:47:14.794 INFO  Logged in. 
13:47:14.853 INFO  Minecraft:         
13:47:15.388 INFO  Minecraft: You gained 256,000 Mining experience from minions! 
13:47:15.389 INFO  Minecraft: You gained 15,632 Fishing experience from minions! 
13:47:18.978 INFO  Minecraft: You are playing on profile: Zucchini (Co-op) 
13:47:19.020 INFO  Minecraft:  
13:47:19.021 INFO  Minecraft: Welcome to Hypixel SkyBlock! 
13:47:19.022 INFO  Minecraft: 2x experience is currently enabled! 
13:47:19.314 INFO  Minecraft: ALLOWANCE! You earned 50,000 coins! 
13:47:19.332 INFO  Minecraft: You're already sitting on this island! 
13:47:19.796 INFO  Sending to skyblock. 
13:47:20.114 INFO  Minecraft: Cannot join SkyBlock for a moment! (Queue join in cooldown) 
13:47:25.668 INFO  Minecraft: You're already sitting on this island! 
13:49:36.779 INFO  Minecraft: Guild > [MVP+] BamBoozledMC [LS]: bot is back up 
13:50:58.618 INFO  Minecraft: Guild > ShredderSeal joined. 
13:51:53.960 INFO  Minecraft: You gained 6.4 Mining experience from minions! 
13:52:26.752 INFO  Minecraft: Guild > [MVP+] BamBoozledMC [LS]: !ping 
13:52:28.407 INFO  Minecraft: Guild > Minikloons [LS]: My ping on Hypixel is: 309ms 
13:52:36.280 INFO  Minecraft: You gained 4,096 Mining experience from minions! 
13:52:36.289 INFO  Minecraft: You gained 4,096 Mining experience from minions! 
13:52:36.291 INFO  Minecraft: You gained 4,096 Mining experience from minions! 
13:52:36.296 INFO  Minecraft: You gained 4,096 Mining experience from minions! 
13:52:36.298 INFO  Minecraft: You gained 4,096 Mining experience from minions! 
13:52:36.301 INFO  Minecraft: You gained 4,096 Mining experience from minions! 
13:52:36.311 INFO  Minecraft: You gained 4,096 Mining experience from minions! 
13:52:36.313 INFO  Minecraft: You gained 960 Mining experience from minions! 
13:52:36.315 INFO  Minecraft: You gained 25.6 Mining experience from minions! 
13:52:36.317 INFO  Minecraft: You gained 25.6 Mining experience from minions! 
13:52:36.319 INFO  Minecraft: You gained 6.4 Mining experience from minions! 
13:52:36.321 INFO  Minecraft: You gained 6.4 Mining experience from minions! 
13:52:36.324 INFO  Minecraft: You gained 12.4 Mining experience from minions! 
13:52:36.331 INFO  Minecraft: You gained 1.6 Mining experience from minions! 
13:52:39.737 INFO  Minecraft: You gained 6.4 Mining experience from minions! 
13:52:39.745 INFO  Minecraft: You gained 0.4 Mining experience from minions! 
13:52:39.748 INFO  Minecraft: You gained 2,496 Mining experience from minions! 
13:53:05.299 INFO  Minecraft: You gained 4,096 Mining experience from minions! 
13:53:05.304 INFO  Minecraft: You gained 4,096 Mining experience from minions! 
13:53:05.306 INFO  Minecraft: You gained 4,096 Mining experience from minions! 
13:53:05.309 INFO  Minecraft: You gained 4,096 Mining experience from minions! 
13:53:05.311 INFO  Minecraft: You gained 4,096 Mining experience from minions! 
13:53:05.313 INFO  Minecraft: You gained 4,096 Mining experience from minions! 
13:53:05.314 INFO  Minecraft: You gained 4,096 Mining experience from minions! 
13:53:05.339 INFO  Minecraft: You gained 1,024 Mining experience from minions! 
13:53:05.343 INFO  Minecraft: You gained 22 Mining experience from minions! 
13:53:05.345 INFO  Minecraft: You gained 1,664 Mining experience from minions! 
13:53:36.856 INFO  Minecraft: You gained 6.4 Mining experience from minions! 
13:53:36.860 INFO  Minecraft: You gained 6.4 Mining experience from minions! 
13:53:36.861 INFO  Minecraft: You gained 6.4 Mining experience from minions! 
13:53:36.895 INFO  Minecraft: You gained 1.6 Mining experience from minions! 
13:53:36.897 INFO  Minecraft: You gained 0.4 Mining experience from minions! 
13:53:38.375 INFO  Minecraft: You gained 6 Mining experience from minions! 
13:53:38.379 INFO  Minecraft: You gained 0.8 Mining experience from minions! 
13:53:38.381 INFO  Minecraft: You gained 832 Mining experience from minions! 
13:53:42.148 INFO  Minecraft: You gained 4,096 Mining experience from minions! 
13:53:42.154 INFO  Minecraft: You gained 4,096 Mining experience from minions! 
13:53:42.159 INFO  Minecraft: You gained 4,096 Mining experience from minions! 
13:53:42.163 INFO  Minecraft: You gained 4,096 Mining experience from minions! 
13:53:42.165 INFO  Minecraft: You gained 4,096 Mining experience from minions! 
13:53:42.176 INFO  Minecraft: You gained 4,096 Mining experience from minions! 
13:53:42.177 INFO  Minecraft: You gained 1,088 Mining experience from minions! 
13:53:42.182 INFO  Minecraft: â–¬â–¬â–¬â–¬â–¬â–¬â–¬â–¬â–¬â–¬â–¬â–¬â–¬â–¬â–¬â–¬â–¬â–¬â–¬â–¬â–¬â–¬â–¬â–¬â–¬â–¬â–¬â–¬â–¬â–¬â–¬â–¬â–¬â–¬â–¬â–¬â–¬â–¬â–¬â–¬â–¬â–¬â–¬â–¬â–¬â–¬â–¬â–¬â–¬â–¬â–¬â–¬â–¬â–¬â–¬â–¬â–¬â–¬â–¬â–¬â–¬â–¬â–¬â–¬ 
13:53:42.191 INFO  Minecraft:   SKILL LEVEL UP Mining XXIâžœXXII 
13:53:42.195 INFO  Minecraft:  
13:53:42.222 INFO  Minecraft:   REWARDS 
13:53:42.260 INFO  Minecraft:     Spelunker XXII 
13:53:42.265 INFO  Minecraft:       Grants +84âžœ88 â˜˜ Mining Fortune, 
13:53:42.268 INFO  Minecraft:       which increases your chance for multiple ore 
13:53:42.271 INFO  Minecraft:       drops. 
13:53:42.274 INFO  Minecraft:     +2 âˆ Defense 
13:53:42.295 INFO  Minecraft:     Dragon Claw Reforge 
13:53:42.299 INFO  Minecraft:     Diamond Atom Reforge 
13:53:42.303 INFO  Minecraft:     Optical Lens Reforge 
13:53:42.315 INFO  Minecraft:     +2,400 Coins 
13:53:42.319 INFO  Minecraft: â–¬â–¬â–¬â–¬â–¬â–¬â–¬â–¬â–¬â–¬â–¬â–¬â–¬â–¬â–¬â–¬â–¬â–¬â–¬â–¬â–¬â–¬â–¬â–¬â–¬â–¬â–¬â–¬â–¬â–¬â–¬â–¬â–¬â–¬â–¬â–¬â–¬â–¬â–¬â–¬â–¬â–¬â–¬â–¬â–¬â–¬â–¬â–¬â–¬â–¬â–¬â–¬â–¬â–¬â–¬â–¬â–¬â–¬â–¬â–¬â–¬â–¬â–¬â–¬ 
13:53:42.321 INFO  Minecraft: You gained 1,088 Mining experience from minions! 
13:53:42.335 INFO  Minecraft: You gained 25.6 Mining experience from minions! 
13:53:42.336 INFO  Minecraft: You gained 6.4 Mining experience from minions! 
13:53:42.338 INFO  Minecraft: You gained 4.4 Mining experience from minions! 
13:53:42.345 INFO  Minecraft: You gained 2,176 Mining experience from minions! 
13:53:43.221 INFO  Minecraft: You gained 6.4 Mining experience from minions! 
13:53:44.051 INFO  Minecraft: You gained 6.4 Mining experience from minions! 
13:53:45.813 INFO  Minecraft: You gained 4.4 Mining experience from minions! 
13:53:45.818 INFO  Minecraft: You gained 1,920 Mining experience from minions! 
13:53:45.820 INFO  Minecraft: You gained 1,408 Mining experience from minions! 
13:54:01.045 INFO  Minecraft: You gained 4,096 Mining experience from minions! 
13:54:01.057 INFO  Minecraft: You gained 4,096 Mining experience from minions! 
13:54:01.060 INFO  Minecraft: You gained 4,096 Mining experience from minions! 
13:54:01.061 INFO  Minecraft: You gained 4,096 Mining experience from minions! 
13:54:01.064 INFO  Minecraft: You gained 4,096 Mining experience from minions! 
13:54:01.068 INFO  Minecraft: You gained 4,096 Mining experience from minions! 
13:54:01.072 INFO  Minecraft: You gained 3,648 Mining experience from minions! 
13:54:01.073 INFO  Minecraft: You gained 960 Mining experience from minions! 
13:54:01.075 INFO  Minecraft: You gained 24.8 Mining experience from minions! 
13:54:01.077 INFO  Minecraft: You gained 3.2 Mining experience from minions! 
13:54:01.080 INFO  Minecraft: You gained 448 Mining experience from minions! 
13:54:01.086 INFO  Minecraft: You gained 64 Mining experience from minions! 
13:54:02.128 INFO  Minecraft: You gained 1.6 Mining experience from minions! 
13:54:32.825 INFO  Minecraft: You gained 6.4 Mining experience from minions! 
13:54:32.834 INFO  Minecraft: You gained 6.4 Mining experience from minions! 
13:54:32.840 INFO  Minecraft: You gained 6.4 Mining experience from minions! 
13:54:32.841 INFO  Minecraft: You gained 6.4 Mining experience from minions! 
13:54:32.843 INFO  Minecraft: You gained 3.2 Mining experience from minions! 
13:54:32.844 INFO  Minecraft: You gained 0.4 Mining experience from minions! 
13:54:34.405 INFO  Minecraft: You gained 3.2 Mining experience from minions! 
13:54:34.411 INFO  Minecraft: You gained 2.8 Mining experience from minions! 
13:54:34.413 INFO  Minecraft: You gained 2,496 Mining experience from minions! 
13:54:38.797 INFO  Minecraft: You gained 4,096 Mining experience from minions! 
13:54:38.800 INFO  Minecraft: You gained 4,096 Mining experience from minions! 
13:54:38.802 INFO  Minecraft: You gained 4,096 Mining experience from minions! 
13:54:38.804 INFO  Minecraft: You gained 4,096 Mining experience from minions! 
13:54:38.806 INFO  Minecraft: You gained 4,096 Mining experience from minions! 
13:54:38.808 INFO  Minecraft: You gained 4,096 Mining experience from minions! 
13:54:38.834 INFO  Minecraft: You gained 3,968 Mining experience from minions! 
13:54:38.837 INFO  Minecraft: You gained 1,024 Mining experience from minions! 
13:54:38.842 INFO  Minecraft: You gained 19.2 Mining experience from minions! 
13:54:38.844 INFO  Minecraft: You gained 6.4 Mining experience from minions! 
13:54:38.847 INFO  Minecraft: You gained 4.8 Mining experience from minions! 
13:54:38.850 INFO  Minecraft: You gained 1,728 Mining experience from minions! 
13:54:39.430 INFO  Minecraft: You gained 1.6 Mining experience from minions! 
13:54:39.435 INFO  Minecraft: You gained 6.4 Mining experience from minions! 
13:54:39.437 INFO  Minecraft: You gained 3.2 Mining experience from minions! 
13:54:40.013 INFO  Minecraft: You gained 3.2 Mining experience from minions! 
13:54:40.017 INFO  Minecraft: You gained 6.4 Mining experience from minions! 
13:54:40.798 INFO  Minecraft: You gained 2.8 Mining experience from minions! 
13:54:40.801 INFO  Minecraft: You gained 896 Mining experience from minions! 
13:54:41.809 INFO  Minecraft: You gained 0.4 Mining experience from minions! 
13:54:45.784 INFO  Minecraft: You gained 4,096 Mining experience from minions! 
13:54:45.788 INFO  Minecraft: You gained 4,096 Mining experience from minions! 
13:54:45.790 INFO  Minecraft: You gained 4,096 Mining experience from minions! 
13:54:45.793 INFO  Minecraft: You gained 4,096 Mining experience from minions! 
13:54:45.795 INFO  Minecraft: You gained 4,096 Mining experience from minions! 
13:54:45.797 INFO  Minecraft: You gained 3,200 Mining experience from minions! 
13:54:45.799 INFO  Minecraft: You gained 768 Mining experience from minions! 
13:54:45.801 INFO  Minecraft: You gained 22 Mining experience from minions! 
13:54:45.813 INFO  Minecraft: You gained 256 Mining experience from minions! 
13:55:04.801 INFO  Minecraft: You gained 896 Mining experience from minions! 
13:55:04.805 INFO  Minecraft: You gained 3,008 Mining experience from minions! 
13:55:04.807 INFO  Minecraft: You gained 6.4 Mining experience from minions! 
13:55:04.809 INFO  Minecraft: You gained 3.2 Mining experience from minions! 
13:55:04.811 INFO  Minecraft: You gained 0.4 Mining experience from minions! 
13:55:04.813 INFO  Minecraft: You gained 192 Mining experience from minions! 
13:55:06.287 INFO  Minecraft: You gained 3.2 Mining experience from minions! 
13:55:06.290 INFO  Minecraft: You gained 4.8 Mining experience from minions! 
13:55:06.837 INFO  Minecraft: You gained 1.6 Mining experience from minions! 
13:55:06.840 INFO  Minecraft: You gained 6.4 Mining experience from minions! 
13:55:07.320 INFO  Minecraft: You gained 6.4 Mining experience from minions! 
13:55:07.324 INFO  Minecraft: You gained 1.6 Mining experience from minions! 
13:55:07.888 INFO  Minecraft: You gained 4.8 Mining experience from minions! 
13:55:07.891 INFO  Minecraft: You gained 0.8 Mining experience from minions! 
13:55:08.454 INFO  Minecraft: You gained 3,392 Mining experience from minions! 
13:55:10.603 INFO  Minecraft: You gained 0.4 Mining experience from minions! 
13:55:10.610 INFO  Minecraft: You gained 0.4 Mining experience from minions! 
13:55:16.438 INFO  Minecraft: You gained 4,096 Mining experience from minions! 
13:55:16.441 INFO  Minecraft: You gained 4,096 Mining experience from minions! 
13:55:16.444 INFO  Minecraft: You gained 4,096 Mining experience from minions! 
13:55:16.446 INFO  Minecraft: You gained 704 Mining experience from minions! 
13:55:16.448 INFO  Minecraft: You gained 2,048 Mining experience from minions! 
13:55:16.450 INFO  Minecraft: You gained 24 Mining experience from minions! 
13:55:43.657 INFO  Minecraft: You gained 3,392 Mining experience from minions! 
13:55:43.661 INFO  Minecraft: You gained 2,048 Mining experience from minions! 
13:55:43.663 INFO  Minecraft: You gained 4,096 Mining experience from minions! 
13:55:43.666 INFO  Minecraft: You gained 4,096 Mining experience from minions! 
13:55:43.668 INFO  Minecraft: You gained 960 Mining experience from minions! 
13:55:43.670 INFO  Minecraft: You gained 6.4 Mining experience from minions! 
13:55:43.693 INFO  Minecraft: You gained 6.4 Mining experience from minions! 
13:55:43.694 INFO  Minecraft: You gained 6.4 Mining experience from minions! 
13:55:43.696 INFO  Minecraft: You gained 3.2 Mining experience from minions! 
13:55:43.698 INFO  Minecraft: You gained 704 Mining experience from minions! 
13:55:43.700 INFO  Minecraft: You gained 64 Mining experience from minions! 
13:55:44.687 INFO  Minecraft: You gained 6.4 Mining experience from minions! 
13:55:44.692 INFO  Minecraft: You gained 6.4 Mining experience from minions! 
13:55:44.693 INFO  Minecraft: You gained 3.6 Mining experience from minions! 
13:55:44.695 INFO  Minecraft: You gained 1,792 Mining experience from minions! 
13:55:48.043 INFO  Minecraft: You gained 4,096 Mining experience from minions! 
13:55:48.047 INFO  Minecraft: You gained 4,096 Mining experience from minions! 
13:55:48.050 INFO  Minecraft: You gained 4,096 Mining experience from minions! 
13:55:48.057 INFO  Minecraft: You gained 4,096 Mining experience from minions! 
13:55:48.059 INFO  Minecraft: You gained 4,096 Mining experience from minions! 
13:55:48.069 INFO  Minecraft: You gained 4,096 Mining experience from minions! 
13:55:48.072 INFO  Minecraft: You gained 3,648 Mining experience from minions! 
13:55:48.074 INFO  Minecraft: You gained 1,024 Mining experience from minions! 
13:55:48.076 INFO  Minecraft: You gained 23.2 Mining experience from minions! 
13:55:48.078 INFO  Minecraft: You gained 6.4 Mining experience from minions! 
13:55:48.083 INFO  Minecraft: You gained 2,752 Mining experience from minions! 
13:55:48.687 INFO  Minecraft: You gained 6.4 Mining experience from minions! 
13:55:49.251 INFO  Minecraft: You gained 4.8 Mining experience from minions! 
13:55:50.285 INFO  Minecraft: You gained 1.6 Mining experience from minions! 
13:55:50.298 INFO  Minecraft: You gained 3.2 Mining experience from minions! 
13:55:50.939 INFO  Minecraft: You gained 3.2 Mining experience from minions! 
13:55:50.942 INFO  Minecraft: You gained 1.6 Mining experience from minions! 
13:55:52.022 INFO  Minecraft: You gained 4.8 Mining experience from minions! 
13:55:52.674 INFO  Minecraft: You gained 4.8 Mining experience from minions! 
13:55:53.243 INFO  Minecraft: You gained 0.8 Mining experience from minions! 
13:55:53.255 INFO  Minecraft: You gained 256 Mining experience from minions! 
13:56:19.285 INFO  Minecraft: You gained 4,096 Mining experience from minions! 
13:56:19.298 INFO  Minecraft: You gained 4,096 Mining experience from minions! 
13:56:19.299 INFO  Minecraft: You gained 4,096 Mining experience from minions! 
13:56:19.306 INFO  Minecraft: You gained 4,096 Mining experience from minions! 
13:56:19.308 INFO  Minecraft: You gained 4,096 Mining experience from minions! 
13:56:19.312 INFO  Minecraft: You gained 4,096 Mining experience from minions! 
13:56:19.315 INFO  Minecraft: You gained 4,096 Mining experience from minions! 
13:56:19.319 INFO  Minecraft: You gained 1,088 Mining experience from minions! 
13:56:19.321 INFO  Minecraft: You gained 6.4 Mining experience from minions! 
13:56:19.323 INFO  Minecraft: You gained 6.4 Mining experience from minions! 
13:56:19.325 INFO  Minecraft: You gained 3.2 Mining experience from minions! 
13:56:19.332 INFO  Minecraft: You gained 4.8 Mining experience from minions! 
13:56:19.980 INFO  Minecraft: You gained 3.2 Mining experience from minions! 
13:56:19.986 INFO  Minecraft: You gained 6.4 Mining experience from minions! 
13:56:19.988 INFO  Minecraft: You gained 4.8 Mining experience from minions! 
13:56:20.614 INFO  Minecraft: You gained 1.6 Mining experience from minions! 
13:56:20.617 INFO  Minecraft: You gained 4.8 Mining experience from minions! 
13:56:20.619 INFO  Minecraft: You gained 2,496 Mining experience from minions! 
13:56:43.677 INFO  Minecraft: You gained 4,096 Mining experience from minions! 
13:56:43.681 INFO  Minecraft: You gained 4,096 Mining experience from minions! 
13:56:43.683 INFO  Minecraft: You gained 4,096 Mining experience from minions! 
13:56:43.686 INFO  Minecraft: You gained 4,096 Mining experience from minions! 
13:56:43.688 INFO  Minecraft: You gained 4,096 Mining experience from minions! 
13:56:43.691 INFO  Minecraft: You gained 4,096 Mining experience from minions! 
13:56:43.696 INFO  Minecraft: You gained 4,096 Mining experience from minions! 
13:56:43.699 INFO  Minecraft: You gained 1,024 Mining experience from minions! 
13:56:43.702 INFO  Minecraft: You gained 15.6 Mining experience from minions! 
13:56:43.704 INFO  Minecraft: You gained 1,600 Mining experience from minions! 
13:57:37.439 INFO  Minecraft: You gained 64 Mining experience from minions! 
13:57:37.444 INFO  Minecraft: You gained 1.6 Mining experience from minions! 
13:57:37.446 INFO  Minecraft: You gained 0.8 Mining experience from minions! 
13:57:37.448 INFO  Minecraft: You gained 832 Mining experience from minions! 
13:57:41.153 INFO  Minecraft: You gained 4,096 Mining experience from minions! 
13:57:41.158 INFO  Minecraft: You gained 4,096 Mining experience from minions! 
13:57:41.160 INFO  Minecraft: You gained 4,096 Mining experience from minions! 
13:57:41.165 INFO  Minecraft: You gained 4,096 Mining experience from minions! 
13:57:41.167 INFO  Minecraft: You gained 4,096 Mining experience from minions! 
13:57:41.169 INFO  Minecraft: You gained 4,096 Mining experience from minions! 
13:57:41.174 INFO  Minecraft: You gained 4,096 Mining experience from minions! 
13:57:41.192 INFO  Minecraft: You gained 960 Mining experience from minions! 
13:57:41.195 INFO  Minecraft: You gained 6.4 Mining experience from minions! 
13:57:41.197 INFO  Minecraft: You gained 25.6 Mining experience from minions! 
13:57:41.200 INFO  Minecraft: You gained 6.4 Mining experience from minions! 
13:57:41.207 INFO  Minecraft: You gained 2,432 Mining experience from minions! 
13:57:41.742 INFO  Minecraft: You gained 6.4 Mining experience from minions! 
13:57:41.746 INFO  Minecraft: You gained 6.4 Mining experience from minions! 
13:57:42.757 INFO  Minecraft: You gained 6.4 Mining experience from minions! 
13:57:42.762 INFO  Minecraft: You gained 4.8 Mining experience from minions! 
13:57:43.636 INFO  Minecraft: You gained 1.6 Mining experience from minions! 
13:57:43.641 INFO  Minecraft: You gained 6.4 Mining experience from minions! 
13:57:43.643 INFO  Minecraft: You gained 3.2 Mining experience from minions! 
13:57:44.432 INFO  Minecraft: You gained 3.2 Mining experience from minions! 
13:57:44.437 INFO  Minecraft: You gained 0.8 Mining experience from minions! 
13:57:49.469 INFO  Minecraft: You gained 4,096 Mining experience from minions! 
13:57:49.473 INFO  Minecraft: You gained 4,096 Mining experience from minions! 
13:57:49.475 INFO  Minecraft: You gained 4,096 Mining experience from minions! 
13:57:49.477 INFO  Minecraft: You gained 4,096 Mining experience from minions! 
13:57:49.479 INFO  Minecraft: You gained 4,096 Mining experience from minions! 
13:57:49.480 INFO  Minecraft: You gained 4,096 Mining experience from minions! 
13:57:49.499 INFO  Minecraft: You gained 768 Mining experience from minions! 
13:57:49.502 INFO  Minecraft: You gained 960 Mining experience from minions! 
13:57:49.505 INFO  Minecraft: You gained 25.6 Mining experience from minions! 
13:57:49.507 INFO  Minecraft: You gained 2 Mining experience from minions! 
13:57:49.999 INFO  Minecraft: You gained 0.4 Mining experience from minions! 
13:58:12.052 INFO  Minecraft: You gained 3,328 Mining experience from minions! 
13:58:12.057 INFO  Minecraft: You gained 6.4 Mining experience from minions! 
13:58:12.058 INFO  Minecraft: You gained 1.6 Mining experience from minions! 
13:58:12.060 INFO  Minecraft: You gained 0.4 Mining experience from minions! 
13:58:12.063 INFO  Minecraft: You gained 512 Mining experience from minions! 
13:58:12.636 INFO  Minecraft: You gained 4.8 Mining experience from minions! 
13:58:12.640 INFO  Minecraft: You gained 3.2 Mining experience from minions! 
13:58:13.304 INFO  Minecraft: You gained 3.2 Mining experience from minions! 
13:58:13.313 INFO  Minecraft: You gained 4.8 Mining experience from minions! 
13:58:14.252 INFO  Minecraft: You gained 1.6 Mining experience from minions! 
13:58:14.262 INFO  Minecraft: You gained 6.4 Mining experience from minions! 
13:58:14.818 INFO  Minecraft: You gained 6.4 Mining experience from minions! 
13:58:15.388 INFO  Minecraft: You gained 1.2 Mining experience from minions! 
13:58:15.391 INFO  Minecraft: You gained 1,920 Mining experience from minions! 
13:58:15.393 INFO  Minecraft: You gained 3.6 Mining experience from minions! 
13:58:16.061 INFO  Minecraft: You gained 2.8 Mining experience from minions! 
13:58:16.065 INFO  Minecraft: You gained 2 Mining experience from minions! 
13:58:16.587 INFO  Minecraft: You gained 4.4 Mining experience from minions! 
13:58:16.590 INFO  Minecraft: You gained 0.4 Mining experience from minions! 
13:58:17.521 INFO  Minecraft: You gained 3.2 Mining experience from minions! 
13:58:18.287 INFO  Minecraft: You gained 2.8 Mining experience from minions! 
13:58:18.295 INFO  Minecraft: You gained 0.4 Mining experience from minions! 
13:58:18.885 INFO  Minecraft: You gained 0.8 Mining experience from minions! 
13:59:45.841 INFO  Minecraft: Guild > Loudbook left. 
14:00:01.434 INFO  Minecraft:  
14:00:01.441 INFO  Minecraft: [WATCHDOG ANNOUNCEMENT] 
14:00:01.443 INFO  Minecraft: Watchdog has banned 8,218 players in the last 7 days. 
14:00:01.445 INFO  Minecraft: Staff have banned an additional 3,540 in the last 7 days. 
14:00:01.449 INFO  Minecraft: Blacklisted modifications are a bannable offense! 
14:00:01.451 INFO  Minecraft:  
14:03:18.417 INFO  Minecraft: Guild > [MVP+] BamBoozledMC [LS]: !ping 
14:03:20.104 INFO  Minecraft: Guild > Minikloons [LS]: 312ms. 
14:03:44.448 INFO  Minecraft: BamBoozledMC joined SkyBlock. 
14:04:35.627 INFO  Minecraft: BamBoozledMC left SkyBlock. 
14:06:20.505 INFO  Minecraft: Guild > BamBoozledMC left. 
14:18:59.513 INFO  Minecraft: Guild > BamBoozledMC joined. 
14:29:00.723 INFO  Minecraft: Guild > [VIP] ShredderSeal [M]: what 
14:29:04.638 INFO  Minecraft: Guild > [VIP] ShredderSeal [M]: lol 
14:29:16.165 INFO  Minecraft: Guild > [VIP] ShredderSeal [M]: cool i just leveled up mining with clay minion 
14:29:17.626 INFO  Minecraft: Guild > [MVP+] BamBoozledMC [LS]: pvp is a nightmare fo me 
14:29:33.936 INFO  Minecraft: Guild > [VIP+] YoMadaEatingRice [M]: same 
14:29:57.083 INFO  Minecraft: Guild > [VIP] ShredderSeal [M]: cool 
14:30:01.162 INFO  Minecraft: Guild > [VIP] ShredderSeal [M]: 5m from minion 
14:30:02.740 INFO  Minecraft: Guild > LRBenito left. 
14:30:14.234 INFO  Minecraft: Guild > [VIP] ShredderSeal [M]: and leveled my baby yet to 90 
14:37:01.100 INFO  Minecraft: Guild > The4p1 joined. 
14:39:51.952 INFO  Minecraft: Guild > Hercules_RB joined. 
14:52:08.032 INFO  Minecraft: Guild > [MVP+] BamBoozledMC [LS]: !ping 
14:52:09.690 INFO  Minecraft: Guild > Minikloons [LS]: I currently have 311ms on Hypixel 
14:57:46.250 INFO  Discord: [ðŸ’¬â†’ï¸±guild-chat] LS | SnowedSeal: gc back 
14:57:46.865 INFO  Minecraft: Guild > Minikloons [LS]: LS| SnowedSealÂ» gc back 
14:57:49.569 INFO  Discord: [ðŸ’¬â†’ï¸±guild-chat] LS | SnowedSeal: henlo bamb 
14:57:49.945 INFO  Minecraft: Guild > Minikloons [LS]: LS| SnowedSealÂ» henlo bamb 
14:58:06.191 INFO  Minecraft: Guild > [MVP+] BamBoozledMC [LS]: rf' 
14:59:08.830 INFO  Discord: [ðŸ’¬ðŸ‘®â†’ï¸±officer-chat] LS | SnowedSeal: henlo 
14:59:09.215 INFO  Minecraft: Officer > Minikloons [LS]: LS| SnowedSealÂ» henlo 
14:59:11.333 INFO  Discord: [ðŸ’¬ðŸ‘®â†’ï¸±officer-chat] LS | SnowedSeal: oh 
14:59:11.664 INFO  Minecraft: Officer > Minikloons [LS]: LS| SnowedSealÂ» oh 
15:01:17.546 INFO  Minecraft: Guild > [VIP] ShredderSeal [M]: OMG 
15:01:21.163 INFO  Minecraft: Guild > [VIP] ShredderSeal [M]: I FOUND A WAY 
15:01:34.737 INFO  Minecraft: Guild > [VIP] ShredderSeal [M]: to spend overflow mana 
15:01:48.453 INFO  Minecraft: Guild > [MVP] The4p1 [M]: whats that 
15:01:55.766 INFO  Minecraft: Guild > [VIP] ShredderSeal [M]: spam ability 
15:02:56.048 INFO  Minecraft: Guild > [MVP] The4p1 [M]: alot has happened when i was gone 
15:03:06.768 INFO  Minecraft: Guild > [MVP+] BamBoozledMC [LS]: yes 
15:03:24.288 INFO  Minecraft: Guild > [MVP] The4p1 [M]: last update i remember is the farming island one 
15:05:50.573 INFO  Minecraft: Guild > Pizzas_faces joined. 
15:05:51.415 INFO  Minecraft: Guild > Pizzas_faces joined. 
15:05:52.536 INFO  Minecraft: Guild > Pizzas_faces joined. 
15:05:52.568 INFO  Minecraft: Guild > Pizzas_faces left. 
15:05:53.435 INFO  Minecraft: Guild > Pizzas_faces left. 
15:05:53.645 INFO  Minecraft: Guild > Pizzas_faces joined. 
15:05:54.536 INFO  Minecraft: Guild > Pizzas_faces left. 
15:05:58.523 INFO  Minecraft: Guild > Pizzas_faces joined. 
15:06:00.572 INFO  Minecraft: Guild > Pizzas_faces joined. 
15:06:01.619 INFO  Minecraft: Guild > Pizzas_faces left. 
15:06:15.583 INFO  Minecraft: Guild > Pizzas_faces left. 
15:10:34.691 INFO  Minecraft: Guild > Hercules_RB left. 
15:10:39.397 INFO  Minecraft: Guild > [VIP] ShredderSeal [M]: is there something that drains your mana? 
15:10:50.797 INFO  Minecraft: Guild > [VIP] ShredderSeal [M]: like final destination but for mana 
15:10:59.693 INFO  Discord: [ðŸ’¬â†’ï¸±guild-chat] LS | SnowedSeal: WHAT 
15:11:00.378 INFO  Minecraft: Guild > Minikloons [LS]: LS| SnowedSealÂ» WHAT 
15:11:01.347 INFO  Minecraft: Guild > [VIP+] OwOPingu [F]: like how much? 
15:11:04.087 INFO  Discord: [ðŸ’¬â†’ï¸±guild-chat] LS | SnowedSeal: LIES 
15:11:04.468 INFO  Minecraft: Guild > Minikloons [LS]: LS| SnowedSealÂ» LIES 
15:11:05.360 INFO  Minecraft: Guild > [MVP++] Pizzas_faces [M]: anyone f6\??? 
15:11:16.995 INFO  Minecraft: Guild > [VIP] ShredderSeal [M]: like 1 mana/s 
15:11:24.759 INFO  Minecraft: Guild > BamBoozledMC left. 
15:11:26.543 INFO  Minecraft: Guild > [VIP] ShredderSeal [M]: i rlly wanna get rid of overflow 
15:11:31.693 INFO  Minecraft: Guild > [VIP] ShredderSeal [M]: WAIT NO 
15:11:31.775 INFO  Minecraft: Guild > [MVP++] Pizzas_faces [M]: w hat is 1 mana per second 
15:11:32.888 INFO  Minecraft: Guild > [VIP] ShredderSeal [M]: NVM 
15:11:35.737 INFO  Discord: [ðŸ’¬â†’ï¸±guild-chat] LS | SnowedSeal: guys is hypixel.net down 
15:11:36.049 INFO  Minecraft: Guild > Minikloons [LS]: LS| SnowedSealÂ» guys is hypixel.net down 
15:11:38.373 INFO  Minecraft: Guild > [VIP+] OwOPingu [F]: there is the orb healing ting 
15:11:39.513 INFO  Minecraft: Guild > [VIP] ShredderSeal [M]: overflow actually good 
15:11:44.783 INFO  Minecraft: Guild > Hercules_RB joined. 
15:11:48.580 INFO  Minecraft: Guild > [VIP+] OwOPingu [F]: what does it do? 
15:11:48.721 INFO  Minecraft: Guild > clonzy joined. 
15:12:03.366 INFO  Minecraft: Guild > [VIP] ShredderSeal [M]: its basically mana when u dont have mana 
15:12:06.359 INFO  Minecraft: Guild > [VIP] ShredderSeal [M]: extra mana 
15:12:09.908 INFO  Minecraft: Guild > [VIP+] OwOPingu [F]: :O 
15:12:14.448 INFO  Minecraft: Guild > [VIP] ShredderSeal [M]: above your mana cap 
15:12:19.571 INFO  Minecraft: Guild > [VIP+] OwOPingu [F]: :OOOOO 
15:13:02.149 INFO  Minecraft: Guild > [MVP++] Pizzas_faces [M]: hi 
15:13:36.584 INFO  Minecraft: Guild > [VIP] ShredderSeal [M]: overflow is now fixed 
15:13:38.781 INFO  Minecraft: Guild > [VIP] ShredderSeal [M]: so its good 
15:13:49.227 INFO  Minecraft: Guild > [VIP] ShredderSeal [M]: you can spend overflow now 
15:15:32.323 INFO  Minecraft: Guild > [VIP] ShredderSeal [M]: i just realised oveflow can help me on slayers 
15:16:00.206 INFO  Discord: [ðŸ’¬â†’ï¸±guild-chat] LS | SnowedSeal: shredder 
15:16:00.644 INFO  Minecraft: Guild > Minikloons [LS]: LS| SnowedSealÂ» shredder 
15:16:03.695 INFO  Discord: [ðŸ’¬â†’ï¸±guild-chat] LS | SnowedSeal: is the hypixel website down 
15:16:04.116 INFO  Minecraft: Guild > Minikloons [LS]: LS| SnowedSealÂ» is the hypixel website down 
15:16:10.220 INFO  Minecraft: Guild > [VIP] ShredderSeal [M]: nyes 
15:16:18.438 INFO  Discord: [ðŸ’¬â†’ï¸±guild-chat] LS | SnowedSeal: k 
15:16:18.752 INFO  Minecraft: Guild > Minikloons [LS]: LS| SnowedSealÂ» k 
15:16:37.867 INFO  Minecraft: Guild > [VIP] ShredderSeal [M]: is yesn't the same as idk? 
15:17:29.393 INFO  Minecraft: Guild > [VIP] ShredderSeal [M]: funny 
15:17:38.788 INFO  Minecraft: Guild > [VIP] ShredderSeal [M]: its funny that 
15:18:26.155 INFO  Minecraft: Guild > [VIP] ShredderSeal [M]: that its not weird seeing 9m in my purse even tho ive saw my purse being 1 quadrill, bcz i meant to be broke 
15:18:45.786 INFO  Minecraft: Guild > [VIP] ShredderSeal [M]: but somehow 
15:19:01.494 INFO  Minecraft: Guild > [VIP] ShredderSeal [M]: it feels surreal seing low number in leaderboards 
15:25:11.141 INFO  Minecraft: Guild > YoMadaEatingRice left. 
15:25:30.150 INFO  Minecraft: Guild > Hercules_RB left. 
15:27:21.979 INFO  Minecraft: Guild > [VIP] ShredderSeal [M]: nuts 
15:27:30.602 INFO  Minecraft: Guild > [VIP] ShredderSeal [M]: is there anyone here like nuts? 
15:29:19.593 INFO  Minecraft: Guild > ShredderSeal left. 
15:31:54.410 INFO  Minecraft: Guild > The4p1 joined. 
15:31:56.469 INFO  Minecraft: Guild > The4p1 left. 
15:32:05.423 INFO  Minecraft: Guild > The4p1 left. 
15:32:16.007 INFO  Minecraft: Guild > The4p1 joined. 
15:40:40.906 INFO  Logging in. 
15:40:45.864 INFO  Discord: Logged in. 
15:40:47.069 INFO  Minecraft: ----------------------------------------------------- 
15:40:47.081 INFO  Minecraft: Requirements are Skill Avg 23, Cata 23, and 170m net, along 
15:40:47.085 INFO  Minecraft: with 85k gexp a week! Make sure to have fun and contact 
15:40:47.088 INFO  Minecraft: OwOSeal or Smol if you have something to report, or something else to say! 
15:40:47.091 INFO  Minecraft: ----------------------------------------------------- 
15:40:47.165 INFO  Logged in. 
15:40:47.356 INFO  Minecraft:                                       
15:40:47.384 INFO  Minecraft:                           
15:40:52.347 INFO  Sending to skyblock. 
15:41:10.855 INFO  Minecraft: Sending to server mini493B... 
15:41:10.911 INFO  Logged in. 
15:41:11.045 INFO  Minecraft:         
15:41:15.984 INFO  Sending to skyblock. 
15:41:20.244 INFO  Minecraft: You are playing on profile: Zucchini (Co-op) 
15:41:20.588 INFO  Minecraft:  
15:41:20.592 INFO  Minecraft: Welcome to Hypixel SkyBlock! 
15:41:20.595 INFO  Minecraft: 2x experience is currently enabled! 
15:41:20.609 INFO  Minecraft: ALLOWANCE! You earned 50,000 coins! 
15:41:20.941 INFO  Minecraft: You're already sitting on this island! 
15:41:30.176 INFO  Minecraft: You are already playing SkyBlock! 
15:41:42.136 INFO  Minecraft: You're already sitting on this island! 
15:49:02.280 INFO  Minecraft: Guild > [MVP++] Pizzas_faces [M]: anyone on who wants to do 1 f6 
15:49:09.929 INFO  Minecraft: Guild > [MVP++] Pizzas_faces [M]: ill carr y 
15:49:16.860 INFO  Minecraft: Guild > [MVP++] Pizzas_faces [M]: plz 
15:49:24.333 INFO  Minecraft: Guild > [MVP] The4p1 [M]: sure 
15:49:36.826 INFO  Minecraft: Guild > [MVP] The4p1 [M]: don't join yet 
15:49:50.325 INFO  Minecraft: Guild > [MVP++] Pizzas_faces [M]: chat p] 
15:51:11.743 INFO  Minecraft: Guild > OwOPingu left. 
16:00:01.424 INFO  Minecraft:  
16:00:01.433 INFO  Minecraft: [WATCHDOG ANNOUNCEMENT] 
16:00:01.437 INFO  Minecraft: Watchdog has banned 8,677 players in the last 7 days. 
16:00:01.439 INFO  Minecraft: Staff have banned an additional 3,559 in the last 7 days. 
16:00:01.441 INFO  Minecraft: Blacklisted modifications are a bannable offense! 
16:00:01.443 INFO  Minecraft:  
16:01:03.333 INFO  Minecraft: Guild > ranger4josh joined. 
16:04:38.475 INFO  Minecraft: Guild > Pizzas_faces left. 
16:09:03.166 INFO  Minecraft: Guild > ranger4josh left. 
16:11:35.170 INFO  Minecraft: Guild > The4p1 left. 
16:11:58.977 INFO  Minecraft: Guild > The4p1 joined. 
16:22:50.356 INFO  Minecraft: Guild > clonzy left. 
17:06:47.846 INFO  Minecraft: Guild > MegatornSeal joined. 
17:20:23.341 INFO  Minecraft: Guild > The4p1 joined. 
17:20:24.198 INFO  Minecraft: Guild > The4p1 left. 
17:20:32.273 INFO  Minecraft: Guild > The4p1 left. 
17:20:36.176 INFO  Minecraft: Guild > The4p1 joined. 
17:25:49.936 INFO  Minecraft: Guild > The4p1 left. 
17:26:36.065 INFO  Minecraft: Guild > MegatornSeal left. 
17:42:57.138 INFO  Minecraft: [Important] This server will restart soon: For a game update 
17:42:57.148 INFO  Minecraft: You have 30 seconds to warp out! CLICK to warp now! 
17:43:25.222 INFO  Minecraft: Evacuating to Hub... 
17:43:25.286 INFO  Minecraft: Sending to server mini9E... 
17:43:25.363 INFO  Logged in. 
17:43:25.831 INFO  Minecraft:         
17:43:30.363 INFO  Sending to skyblock. 
17:43:34.107 INFO  Minecraft: You are playing on profile: Zucchini (Co-op) 
17:43:35.388 INFO  Minecraft: You are already playing SkyBlock! 
17:43:36.941 INFO  Minecraft: Warping you to your SkyBlock island... 
17:43:38.927 INFO  Minecraft: Sending to server mini390M... 
17:43:40.638 INFO  Logged in. 
17:43:41.576 INFO  Minecraft:         
17:43:45.644 INFO  Sending to skyblock. 
17:43:45.895 INFO  Minecraft: You are already playing SkyBlock! 
17:43:51.322 INFO  Minecraft: You're already sitting on this island! 
17:43:55.044 INFO  Minecraft: You are playing on profile: Zucchini (Co-op) 
18:00:01.609 INFO  Minecraft:  
18:00:01.635 INFO  Minecraft: [WATCHDOG ANNOUNCEMENT] 
18:00:01.637 INFO  Minecraft: Watchdog has banned 9,090 players in the last 7 days. 
18:00:01.640 INFO  Minecraft: Staff have banned an additional 3,553 in the last 7 days. 
18:00:01.642 INFO  Minecraft: Blacklisted modifications are a bannable offense! 
18:00:01.644 INFO  Minecraft:  
18:20:42.802 INFO  Minecraft: Guild > friendly_rook joined. 
18:21:56.851 INFO  Minecraft: Guild > friendly_rook left. 
18:47:43.809 INFO  Minecraft: Guild > BamBoozledMC joined. 
18:47:53.884 INFO  Minecraft: Guild > [MVP+] BamBoozledMC [LS]: !ping 
18:47:55.187 INFO  Minecraft: Guild > Minikloons [LS]: Am I lagging? because 234ms seems a bit much 
18:48:01.728 INFO  Minecraft: Guild > BamBoozledMC left. 
19:03:02.257 INFO  Minecraft: Guild > 3ctooo joined. 
19:47:52.432 INFO  Minecraft: Guild > nicemoney joined. 
19:48:19.513 INFO  Minecraft: Guild > nicemoney left. 
19:49:29.543 INFO  Minecraft: Guild > LexaIsMommy joined. 
19:56:21.822 INFO  Minecraft: Guild > LexaIsMommy left. 
19:57:37.012 INFO  Minecraft: Guild > nicemoney joined. 
19:59:31.258 INFO  Minecraft: Guild > BamBoozledMC joined. 
20:00:01.391 INFO  Minecraft:  
20:00:01.396 INFO  Minecraft: [WATCHDOG ANNOUNCEMENT] 
20:00:01.397 INFO  Minecraft: Watchdog has banned 9,460 players in the last 7 days. 
20:00:01.399 INFO  Minecraft: Staff have banned an additional 3,548 in the last 7 days. 
20:00:01.401 INFO  Minecraft: Blacklisted modifications are a bannable offense! 
20:00:01.406 INFO  Minecraft:  
20:19:07.702 INFO  Minecraft: Guild > [MVP+] BamBoozledMC [LS]: !ping 
20:19:08.981 INFO  Minecraft: Guild > Minikloons [LS]: According to my calculations... i have 230ms ping 
20:19:15.834 INFO  Minecraft: Guild > [MVP+] BamBoozledMC [LS]: !playtime 
20:19:16.248 INFO  Minecraft: You have 373 hours and 46 minutes playtime! 
20:19:16.521 INFO  Minecraft: Guild > Minikloons [LS]: You have 373 hours and 46 minutes playtime! 
20:40:07.722 INFO  Minecraft: Guild > BamBoozledMC left. 
20:40:11.850 INFO  Minecraft: Guild > nicemoney left. 
20:42:39.126 INFO  Minecraft: Guild > BamBoozledMC joined. 
20:57:27.280 INFO  Minecraft: Guild > [MVP+] BamBoozledMC [LS]: fair enough 
20:59:17.931 INFO  Minecraft: Guild > BamBoozledMC left. 
21:09:47.406 INFO  Minecraft: Guild > 3ctooo left. 
21:27:08.684 INFO  Minecraft: Guild > friendly_rook joined. 
21:27:58.644 INFO  Minecraft: Guild > friendly_rook left. 
21:48:01.590 INFO  Minecraft: Guild > FabledLivid joined. 
21:54:03.941 INFO  Minecraft: Guild > [VIP] FabledLivid [M]: so uh 
21:56:01.732 INFO  Minecraft: Guild > [VIP] FabledLivid [M]: .-. 
22:00:01.405 INFO  Minecraft:  
22:00:01.411 INFO  Minecraft: [WATCHDOG ANNOUNCEMENT] 
22:00:01.413 INFO  Minecraft: Watchdog has banned 9,913 players in the last 7 days. 
22:00:01.415 INFO  Minecraft: Staff have banned an additional 3,534 in the last 7 days. 
22:00:01.417 INFO  Minecraft: Blacklisted modifications are a bannable offense! 
22:00:01.418 INFO  Minecraft:  
22:09:53.698 INFO  Minecraft: Guild > FabledLivid left. 
22:28:15.426 INFO  Minecraft: Guild > The4p1 joined. 
22:51:35.345 INFO  Minecraft: Guild > FabledLivid joined. 
22:55:48.090 INFO  Minecraft: Guild > FabledLivid left. 
22:56:46.324 INFO  Minecraft: Guild > FabledLivid joined. 
23:02:23.048 INFO  Minecraft: Guild > FabledLivid left. 
23:08:37.725 INFO  Minecraft: Guild > Hercules_RB joined. 
23:11:19.311 INFO  Minecraft: Guild > Za1bot joined. 
23:34:21.684 INFO  Minecraft: Guild > The4p1 left. 
23:58:24.257 INFO  Minecraft: Guild > 4717 joined. 
00:00:01.500 INFO  Minecraft:  
00:00:01.507 INFO  Minecraft: [WATCHDOG ANNOUNCEMENT] 
00:00:01.509 INFO  Minecraft: Watchdog has banned 10,399 players in the last 7 days. 
00:00:01.511 INFO  Minecraft: Staff have banned an additional 3,516 in the last 7 days. 
00:00:01.513 INFO  Minecraft: Blacklisted modifications are a bannable offense! 
00:00:01.519 INFO  Minecraft:  

