00:06:57.453 INFO  Minecraft: [Important] This server will restart soon: Scheduled Reboot 
00:06:57.457 INFO  Minecraft: You have 60 seconds to warp out! CLICK to warp now! 
00:07:55.563 INFO  Minecraft: Evacuating to Hub... 
00:07:55.590 INFO  Minecraft: Sending to server mini280E... 
00:07:55.720 INFO  Logged in. 
00:07:56.391 INFO  Minecraft:         
00:08:00.131 INFO  Minecraft: You are playing on profile: Zucchini (Co-op) 
00:08:00.727 INFO  Sending to skyblock. 
00:08:00.974 INFO  Minecraft: You are already playing SkyBlock! 
00:08:06.044 INFO  Minecraft: Warping you to your SkyBlock island... 
00:08:06.291 INFO  Minecraft: Sending to server mini916A... 
00:08:06.440 INFO  Logged in. 
00:08:06.726 INFO  Minecraft:         
00:08:09.856 INFO  Minecraft: You are playing on profile: Zucchini (Co-op) 
00:08:11.450 INFO  Sending to skyblock. 
00:08:11.717 INFO  Minecraft: You are already playing SkyBlock! 
00:08:16.783 INFO  Minecraft: You're already sitting on this island! 
01:02:50.500 INFO  Minecraft: Guild > Ludwin2 joined. 
01:10:13.617 INFO  Minecraft: Guild > Ludwin2 left. 
02:00:18.382 INFO  Minecraft:  
02:00:18.393 INFO  Minecraft: [WATCHDOG ANNOUNCEMENT] 
02:00:18.394 INFO  Minecraft: Watchdog has banned 34,851 players in the last 7 days. 
02:00:18.396 INFO  Minecraft: Staff have banned an additional 17,813 in the last 7 days. 
02:00:18.397 INFO  Minecraft: Blacklisted modifications are a bannable offense! 
02:00:18.398 INFO  Minecraft:  
02:15:39.222 INFO  Minecraft: Guild > UnknowAccount left. 
02:36:34.265 INFO  Minecraft: An exception occurred in your connection, so you were put in the SkyBlock Lobby! 
02:36:34.374 INFO  Logged in. 
02:36:34.606 INFO  Minecraft:                                       
02:36:34.610 INFO  Minecraft:                           
02:36:35.031 INFO  Minecraft: You found a ✰✰✰✰✰ Mystery Box! 
02:36:35.252 INFO  Logged in. 
02:36:35.386 INFO  Minecraft:                                       
02:36:35.392 INFO  Minecraft:                           
02:36:39.388 INFO  Sending to skyblock. 
02:36:40.261 INFO  Sending to skyblock. 
02:36:41.101 INFO  Minecraft: Sending to server mini916A... 
02:36:41.628 INFO  Minecraft: Unknown command. Type "/help" for help. 
02:36:41.635 INFO  Minecraft: Please don't spam the command! 
02:36:41.723 INFO  Minecraft: Please don't spam the command! 
02:36:41.736 INFO  Minecraft: [MVP+] 8WBISDADDY joined the lobby! 
02:36:41.737 INFO  Sending to skyblock. 
02:36:41.998 INFO  Minecraft: Cannot join SkyBlock for a moment! (Queue join in cooldown) 
02:36:42.202 INFO  Minecraft: You were kicked while joining that server! 
02:36:42.204 INFO  Minecraft: Couldn't find which world to put you in! 
02:36:43.985 INFO  Minecraft: Unknown command. Type "/help" for help. 
02:36:44.676 INFO  Minecraft: Unknown command. Type "/help" for help. 
02:36:45.522 INFO  Minecraft: Unknown command. Type "/help" for help. 
02:37:09.993 INFO  Minecraft: [MVP+] UhmTrevor joined the lobby! 
02:37:09.995 INFO  Sending to skyblock. 
02:37:10.435 INFO  Minecraft: Sending to server mini702G... 
02:37:10.551 INFO  Logged in. 
02:37:10.846 INFO  Minecraft:         
02:37:12.302 INFO  Minecraft: You're already sitting on this island! 
02:37:13.937 INFO  Minecraft: You are playing on profile: Zucchini (Co-op) 
02:37:14.536 INFO  Minecraft:  
02:37:14.538 INFO  Minecraft: Welcome to Hypixel SkyBlock! 
02:37:15.558 INFO  Sending to skyblock. 
02:37:15.822 INFO  Minecraft: Cannot join SkyBlock for a moment! (Queue join in cooldown) 
02:37:20.876 INFO  Minecraft: You're already sitting on this island! 
03:49:22.695 INFO  Minecraft: Guild > NucOps06 joined. 
03:53:55.194 INFO  Minecraft: Guild > NucOps06 left. 
03:53:59.319 INFO  Minecraft: Guild > NucOps06 joined. 
04:00:13.832 INFO  Minecraft: Guild > UnknowAccount joined. 
04:00:18.625 INFO  Minecraft:  
04:00:18.627 INFO  Minecraft: [WATCHDOG ANNOUNCEMENT] 
04:00:18.628 INFO  Minecraft: Watchdog has banned 34,959 players in the last 7 days. 
04:00:18.629 INFO  Minecraft: Staff have banned an additional 17,893 in the last 7 days. 
04:00:18.629 INFO  Minecraft: Blacklisted modifications are a bannable offense! 
04:00:18.630 INFO  Minecraft:  
04:25:05.479 INFO  Minecraft: Guild > UnknowAccount left. 
04:34:59.813 INFO  Minecraft: SPOOKY FESTIVAL The event starts in 3 days! 
04:34:59.815 INFO  Minecraft: SPOOKY FESTIVAL the Fear Mongerer has arrived in the hub! 
04:54:59.374 INFO  Minecraft: SPOOKY FESTIVAL The event starts in 2 days! 
05:00:43.589 INFO  Minecraft: Guild > UnknowAccount joined. 
05:14:59.208 INFO  Minecraft: SPOOKY FESTIVAL The event starts in 1 day! 
06:00:18.855 INFO  Minecraft:  
06:00:18.871 INFO  Minecraft: [WATCHDOG ANNOUNCEMENT] 
06:00:18.872 INFO  Minecraft: Watchdog has banned 35,040 players in the last 7 days. 
06:00:18.873 INFO  Minecraft: Staff have banned an additional 18,016 in the last 7 days. 
06:00:18.874 INFO  Minecraft: Blacklisted modifications are a bannable offense! 
06:00:18.875 INFO  Minecraft:  
06:14:09.112 INFO  Minecraft: SPOOKY FESTIVAL A Bat Piñata has appeared! It's dropping candies! 
06:50:05.880 INFO  Minecraft: Guild > NucOps06 left. 
07:43:59.240 INFO  Minecraft: Guild > NucOps06 joined. 
07:47:20.876 INFO  Minecraft: Guild > NucOps06 left. 
08:00:19.307 INFO  Minecraft:  
08:00:19.310 INFO  Minecraft: [WATCHDOG ANNOUNCEMENT] 
08:00:19.311 INFO  Minecraft: Watchdog has banned 35,082 players in the last 7 days. 
08:00:19.312 INFO  Minecraft: Staff have banned an additional 18,163 in the last 7 days. 
08:00:19.313 INFO  Minecraft: Blacklisted modifications are a bannable offense! 
08:00:19.313 INFO  Minecraft:  
08:52:17.969 INFO  Minecraft: Guild > clonzy joined. 
09:34:04.537 INFO  Minecraft: Guild > clonzy left. 
09:39:21.117 INFO  Minecraft: Guild > sommthing joined. 
09:49:37.745 INFO  Minecraft: Guild > sommthing left. 
10:00:19.446 INFO  Minecraft:  
10:00:19.449 INFO  Minecraft: [WATCHDOG ANNOUNCEMENT] 
10:00:19.451 INFO  Minecraft: Watchdog has banned 34,629 players in the last 7 days. 
10:00:19.452 INFO  Minecraft: Staff have banned an additional 18,186 in the last 7 days. 
10:00:19.453 INFO  Minecraft: Blacklisted modifications are a bannable offense! 
10:00:19.453 INFO  Minecraft:  
10:30:07.676 INFO  Minecraft: Guild > UnknowAccount left. 
11:02:34.311 INFO  Minecraft: Friend > SnowedSeal joined. 
11:02:54.118 INFO  Minecraft: Guild > NucOps06 joined. 
11:10:26.138 INFO  Minecraft: Guild > NucOps06 left. 
11:10:30.875 INFO  Minecraft: Guild > NucOps06 joined. 
11:12:49.195 INFO  Minecraft: Guild > NucOps06 left. 
11:12:53.058 INFO  Minecraft: Guild > NucOps06 joined. 
11:30:00.472 INFO  Minecraft: Friend > SnowedSeal left. 
11:31:48.554 INFO  Minecraft: Friend > SnowedSeal joined. 
11:55:55.857 INFO  Minecraft: Friend > SnowedSeal left. 
12:00:19.660 INFO  Minecraft:  
12:00:19.673 INFO  Minecraft: [WATCHDOG ANNOUNCEMENT] 
12:00:19.674 INFO  Minecraft: Watchdog has banned 34,542 players in the last 7 days. 
12:00:19.675 INFO  Minecraft: Staff have banned an additional 18,366 in the last 7 days. 
12:00:19.676 INFO  Minecraft: Blacklisted modifications are a bannable offense! 
12:00:19.677 INFO  Minecraft:  
12:01:02.481 INFO  Minecraft: Friend > SnowedSeal joined. 
12:53:49.883 INFO  Minecraft: [SkyBlock] [VIP] WontGood is visiting Your Island! 
13:01:45.406 INFO  Minecraft: [SkyBlock] [VIP] WontGood is visiting Your Island! 
13:01:51.258 INFO  Minecraft: [✌] [VIP] WontGood: Я ГЕЙ Азаа 
13:04:18.484 INFO  Minecraft: Guild > NucOps06 left. 
13:08:44.161 INFO  Minecraft: Friend > SnowedSeal left. 
14:00:20.083 INFO  Minecraft:  
14:00:20.094 INFO  Minecraft: [WATCHDOG ANNOUNCEMENT] 
14:00:20.095 INFO  Minecraft: Watchdog has banned 34,536 players in the last 7 days. 
14:00:20.096 INFO  Minecraft: Staff have banned an additional 18,412 in the last 7 days. 
14:00:20.097 INFO  Minecraft: Blacklisted modifications are a bannable offense! 
14:00:20.098 INFO  Minecraft:  
15:04:46.808 INFO  Minecraft: Friend > IdlyChiqken joined. 
15:54:28.874 INFO  Minecraft: Friend > IdlyChiqken left. 
16:00:21.866 INFO  Minecraft:  
16:00:21.869 INFO  Minecraft: [WATCHDOG ANNOUNCEMENT] 
16:00:21.870 INFO  Minecraft: Watchdog has banned 34,491 players in the last 7 days. 
16:00:21.870 INFO  Minecraft: Staff have banned an additional 18,387 in the last 7 days. 
16:00:21.871 INFO  Minecraft: Blacklisted modifications are a bannable offense! 
16:00:21.872 INFO  Minecraft:  
16:55:23.233 INFO  Minecraft: The Traveling Zoo is visiting the SkyBlock Hub! 
16:55:23.248 INFO  Minecraft: CLICK HERE to shop for exotic pets! 
17:02:04.711 INFO  Minecraft: ----------------------------------------------------- 
17:02:04.714 INFO  Minecraft: You have just received 228,911 coins as interest in your co-op bank account! 
17:02:04.716 INFO  Minecraft: ----------------------------------------------------- 
18:00:20.476 INFO  Minecraft:  
18:00:20.490 INFO  Minecraft: [WATCHDOG ANNOUNCEMENT] 
18:00:20.491 INFO  Minecraft: Watchdog has banned 34,478 players in the last 7 days. 
18:00:20.491 INFO  Minecraft: Staff have banned an additional 18,588 in the last 7 days. 
18:00:20.492 INFO  Minecraft: Blacklisted modifications are a bannable offense! 
18:00:20.493 INFO  Minecraft:  
18:45:57.545 INFO  Minecraft: [Important] This server will restart soon: Scheduled Reboot 
18:45:57.561 INFO  Minecraft: You have 60 seconds to warp out! CLICK to warp now! 
18:46:55.638 INFO  Minecraft: Evacuating to Hub... 
18:46:55.749 INFO  Minecraft: Sending to server mini3V... 
18:46:55.891 INFO  Logged in. 
18:46:56.420 INFO  Minecraft:         
18:46:59.727 INFO  Minecraft: You are playing on profile: Zucchini (Co-op) 
18:47:00.280 INFO  Minecraft: ALLOWANCE! You earned 50,000 coins! 
18:47:00.906 INFO  Sending to skyblock. 
18:47:01.160 INFO  Minecraft: You are already playing SkyBlock! 
18:47:06.189 INFO  Minecraft: Warping you to your SkyBlock island... 
18:47:06.496 INFO  Minecraft: Sending to server mini600W... 
18:47:06.648 INFO  Logged in. 
18:47:06.990 INFO  Minecraft:         
18:47:09.993 INFO  Minecraft: You are playing on profile: Zucchini (Co-op) 
18:47:11.658 INFO  Sending to skyblock. 
18:47:11.908 INFO  Minecraft: You are already playing SkyBlock! 
18:47:16.961 INFO  Minecraft: You're already sitting on this island! 
20:00:20.721 INFO  Minecraft:  
20:00:20.733 INFO  Minecraft: [WATCHDOG ANNOUNCEMENT] 
20:00:20.734 INFO  Minecraft: Watchdog has banned 34,504 players in the last 7 days. 
20:00:20.735 INFO  Minecraft: Staff have banned an additional 18,780 in the last 7 days. 
20:00:20.736 INFO  Minecraft: Blacklisted modifications are a bannable offense! 
20:00:20.737 INFO  Minecraft:  
20:30:36.080 INFO  Minecraft: Guild > UnknowAccount joined. 
21:27:37.518 INFO  Minecraft: Guild > NucOps06 joined. 
21:27:57.817 INFO  Minecraft: Guild > NucOps06 left. 
21:30:52.383 INFO  Minecraft: Guild > NucOps06 joined. 
21:34:49.994 INFO  Minecraft: Guild > NucOps06 left. 
21:34:54.857 INFO  Minecraft: Guild > NucOps06 joined. 
22:00:20.952 INFO  Minecraft:  
22:00:20.962 INFO  Minecraft: [WATCHDOG ANNOUNCEMENT] 
22:00:20.963 INFO  Minecraft: Watchdog has banned 34,735 players in the last 7 days. 
22:00:20.964 INFO  Minecraft: Staff have banned an additional 19,020 in the last 7 days. 
22:00:20.965 INFO  Minecraft: Blacklisted modifications are a bannable offense! 
22:00:20.966 INFO  Minecraft:  
22:03:40.350 INFO  Minecraft: Friend > IdlyChiqken joined. 
23:53:41.055 INFO  Minecraft: Guild > NucOps06 left. 
23:53:46.965 INFO  Minecraft: Guild > NucOps06 joined. 
00:00:21.222 INFO  Minecraft:  
00:00:21.224 INFO  Minecraft: [WATCHDOG ANNOUNCEMENT] 
00:00:21.225 INFO  Minecraft: Watchdog has banned 34,907 players in the last 7 days. 
00:00:21.226 INFO  Minecraft: Staff have banned an additional 19,182 in the last 7 days. 
00:00:21.227 INFO  Minecraft: Blacklisted modifications are a bannable offense! 
00:00:21.228 INFO  Minecraft:  

