00:00:21.715 INFO  Minecraft:  
00:00:21.718 INFO  Minecraft: [WATCHDOG ANNOUNCEMENT] 
00:00:21.719 INFO  Minecraft: Watchdog has banned 38,246 players in the last 7 days. 
00:00:21.719 INFO  Minecraft: Staff have banned an additional 14,056 in the last 7 days. 
00:00:21.720 INFO  Minecraft: Blacklisted modifications are a bannable offense! 
00:00:21.720 INFO  Minecraft:  
00:30:51.556 INFO  Minecraft: Guild > LionyLev left. 
00:31:55.478 INFO  Minecraft: Guild > LionyLev joined. 
00:39:12.581 INFO  Minecraft: Guild > LionyLev left. 
01:30:19.163 INFO  Minecraft: [SkyBlock] [VIP] orxngi is visiting Your Island! 
02:00:22.300 INFO  Minecraft:  
02:00:22.302 INFO  Minecraft: [WATCHDOG ANNOUNCEMENT] 
02:00:22.303 INFO  Minecraft: Watchdog has banned 38,223 players in the last 7 days. 
02:00:22.304 INFO  Minecraft: Staff have banned an additional 14,065 in the last 7 days. 
02:00:22.305 INFO  Minecraft: Blacklisted modifications are a bannable offense! 
02:00:22.306 INFO  Minecraft:  
02:12:22.722 INFO  Minecraft: Guild > LionyLev joined. 
02:43:27.233 INFO  Minecraft: [Important] This server will restart soon: Scheduled Reboot 
02:43:27.243 INFO  Minecraft: You have 60 seconds to warp out! CLICK to warp now! 
02:44:09.145 INFO  Minecraft: Guild > LionyLev left. 
02:44:25.665 INFO  Minecraft: Evacuating to Hub... 
02:44:25.807 INFO  Minecraft: Sending to server mega56E... 
02:44:25.945 INFO  Logged in. 
02:44:26.490 INFO  Minecraft:         
02:44:30.240 INFO  Minecraft: You are playing on profile: Zucchini (Co-op) 
02:44:30.949 INFO  Sending to skyblock. 
02:44:31.214 INFO  Minecraft: You are already playing SkyBlock! 
02:44:36.239 INFO  Minecraft: Warping you to your SkyBlock island... 
02:44:36.475 INFO  Minecraft: [MVP+] ItsAlexxxQG: BABY WISE DRAGON SKIN on my ah 90 mil flip GO BID NOW!!!! ONLY 1 MINUTE LEFT<><><>><><><><><><> 
02:44:36.510 INFO  Minecraft: Sending to server mini408T... 
02:44:36.658 INFO  Logged in. 
02:44:36.958 INFO  Minecraft:         
02:44:40.108 INFO  Minecraft: You are playing on profile: Zucchini (Co-op) 
02:44:41.660 INFO  Sending to skyblock. 
02:44:41.909 INFO  Minecraft: You are already playing SkyBlock! 
02:44:46.965 INFO  Minecraft: You're already sitting on this island! 
08:30:12.894 INFO  Logging in. 
08:30:14.302 INFO  Discord: Logged in. 
08:30:15.944 INFO  Logged in. 
08:30:16.173 INFO  Minecraft:                                       
08:30:16.181 INFO  Minecraft:                           
08:30:16.434 INFO  Minecraft: You found a ✰✰✰✰✰ Mystery Box! 
08:30:17.406 INFO  Minecraft: ----------------------------------------------------- 
08:30:17.408 INFO  Minecraft: Requirements are Skill Avg 23, Cata 23, and 170m net, along 
08:30:17.409 INFO  Minecraft: with 85k gexp a week! Make sure to have fun and contact 
08:30:17.410 INFO  Minecraft: OwOSeal or Smol if you have something to report, or something else to say! 
08:30:17.410 INFO  Minecraft: ----------------------------------------------------- 
08:30:20.946 INFO  Sending to skyblock. 
08:30:21.434 INFO  Minecraft: Sending to server mini947N... 
08:30:21.522 INFO  Logged in. 
08:30:21.832 INFO  Minecraft:         
08:30:25.008 INFO  Minecraft: You are playing on profile: Zucchini (Co-op) 
08:30:25.650 INFO  Minecraft:  
08:30:25.652 INFO  Minecraft: Welcome to Hypixel SkyBlock! 
08:30:26.260 INFO  Minecraft: You're already sitting on this island! 
08:30:26.536 INFO  Sending to skyblock. 
08:30:26.811 INFO  Minecraft: Cannot join SkyBlock for a moment! (Queue join in cooldown) 
08:30:31.870 INFO  Minecraft: You're already sitting on this island! 
08:44:47.592 INFO  Logging in. 
08:44:49.010 INFO  Discord: Logged in. 
08:44:50.816 INFO  Logged in. 
08:44:51.035 INFO  Minecraft:                                       
08:44:51.049 INFO  Minecraft:                           
08:44:52.385 INFO  Minecraft: ----------------------------------------------------- 
08:44:52.387 INFO  Minecraft: Requirements are Skill Avg 23, Cata 23, and 170m net, along 
08:44:52.388 INFO  Minecraft: with 85k gexp a week! Make sure to have fun and contact 
08:44:52.389 INFO  Minecraft: OwOSeal or Smol if you have something to report, or something else to say! 
08:44:52.389 INFO  Minecraft: ----------------------------------------------------- 
08:44:52.692 INFO  Minecraft:  >>> [MVP++] Mairs joined the lobby! <<< 
08:44:53.242 INFO  Minecraft: [MVP+] GEN_Symphony joined the lobby! 
08:44:53.243 INFO  Sending to skyblock. 
08:44:53.772 INFO  Minecraft: Sending to server mini423D... 
08:44:53.863 INFO  Logged in. 
08:44:54.131 INFO  Minecraft:         
08:44:55.535 INFO  Minecraft: You're already sitting on this island! 
08:44:55.818 INFO  Sending to skyblock. 
08:44:56.106 INFO  Minecraft: Please don't spam the command! 
08:44:57.307 INFO  Minecraft: You are playing on profile: Zucchini (Co-op) 
08:44:57.923 INFO  Minecraft:  
08:44:57.926 INFO  Minecraft: Welcome to Hypixel SkyBlock! 
08:44:58.867 INFO  Sending to skyblock. 
08:44:59.123 INFO  Minecraft: Cannot join SkyBlock for a moment! (Queue join in cooldown) 
08:45:01.174 INFO  Minecraft: You're already sitting on this island! 
08:45:04.204 INFO  Minecraft: You're already sitting on this island! 
09:13:10.511 INFO  Minecraft: Guild > LionyLev joined. 
09:21:20.079 INFO  Minecraft: Friend > IdlyChiqken joined. 
09:33:21.545 INFO  Minecraft: Guild > LionyLev left. 
09:33:30.538 INFO  Minecraft: Guild > LionyLev joined. 
09:35:38.285 INFO  Minecraft: Friend > SnowedSeal joined. 
09:42:06.263 INFO  Minecraft: Guild > LionyLev left. 
10:00:01.120 INFO  Minecraft:  
10:00:01.124 INFO  Minecraft: [WATCHDOG ANNOUNCEMENT] 
10:00:01.125 INFO  Minecraft: Watchdog has banned 37,503 players in the last 7 days. 
10:00:01.125 INFO  Minecraft: Staff have banned an additional 14,447 in the last 7 days. 
10:00:01.126 INFO  Minecraft: Blacklisted modifications are a bannable offense! 
10:00:01.127 INFO  Minecraft:  
10:06:38.624 INFO  Logging in. 
10:06:40.011 INFO  Discord: Logged in. 
10:06:40.940 INFO  Logged in. 
10:06:41.157 INFO  Minecraft:                                       
10:06:41.166 INFO  Minecraft:                           
10:06:41.428 INFO  Minecraft: You found a ✰✰✰✰✰ Mystery Box! 
10:06:42.427 INFO  Minecraft: ----------------------------------------------------- 
10:06:42.429 INFO  Minecraft: Requirements are Skill Avg 23, Cata 23, and 170m net, along 
10:06:42.429 INFO  Minecraft: with 85k gexp a week! Make sure to have fun and contact 
10:06:42.430 INFO  Minecraft: OwOSeal or Smol if you have something to report, or something else to say! 
10:06:42.431 INFO  Minecraft: ----------------------------------------------------- 
10:06:45.940 INFO  Sending to skyblock. 
10:06:46.367 INFO  Minecraft: Sending to server mini830P... 
10:06:46.513 INFO  Logged in. 
10:06:46.767 INFO  Minecraft:         
10:06:49.917 INFO  Minecraft: You are playing on profile: Zucchini (Co-op) 
10:06:50.548 INFO  Minecraft:  
10:06:50.549 INFO  Minecraft: Welcome to Hypixel SkyBlock! 
10:06:51.266 INFO  Minecraft: You're already sitting on this island! 
10:06:51.525 INFO  Sending to skyblock. 
10:06:51.813 INFO  Minecraft: Cannot join SkyBlock for a moment! (Queue join in cooldown) 
10:06:56.864 INFO  Minecraft: You're already sitting on this island! 
10:13:48.758 INFO  Minecraft: Guild > OwOWolfs left. 
10:43:01.655 INFO  Minecraft: Friend > SnowedSeal left. 
10:49:40.696 INFO  Logging in. 
10:49:42.557 INFO  Discord: Logged in. 
10:49:43.017 INFO  Logged in. 
10:49:43.243 INFO  Minecraft:                                       
10:49:43.251 INFO  Minecraft:                           
10:49:43.946 INFO  Minecraft: ----------------------------------------------------- 
10:49:43.948 INFO  Minecraft: Requirements are Skill Avg 23, Cata 23, and 170m net, along 
10:49:43.949 INFO  Minecraft: with 85k gexp a week! Make sure to have fun and contact 
10:49:43.949 INFO  Minecraft: OwOSeal or Smol if you have something to report, or something else to say! 
10:49:43.950 INFO  Minecraft: ----------------------------------------------------- 
10:49:48.024 INFO  Sending to skyblock. 
10:49:48.473 INFO  Minecraft: Sending to server mini212D... 
10:49:48.629 INFO  Logged in. 
10:49:48.889 INFO  Minecraft:         
10:49:52.091 INFO  Minecraft: You are playing on profile: Zucchini (Co-op) 
10:49:52.692 INFO  Minecraft:  
10:49:52.693 INFO  Minecraft: Welcome to Hypixel SkyBlock! 
10:49:53.379 INFO  Minecraft: You're already sitting on this island! 
10:49:53.641 INFO  Sending to skyblock. 
10:49:53.904 INFO  Minecraft: Cannot join SkyBlock for a moment! (Queue join in cooldown) 
10:49:58.962 INFO  Minecraft: You're already sitting on this island! 
11:54:45.804 INFO  Minecraft: Guild > 3ctooo joined. 
11:57:00.464 INFO  Minecraft: Friend > IdlyChiqken left. 
12:00:01.373 INFO  Minecraft:  
12:00:01.376 INFO  Minecraft: [WATCHDOG ANNOUNCEMENT] 
12:00:01.376 INFO  Minecraft: Watchdog has banned 37,479 players in the last 7 days. 
12:00:01.377 INFO  Minecraft: Staff have banned an additional 14,472 in the last 7 days. 
12:00:01.378 INFO  Minecraft: Blacklisted modifications are a bannable offense! 
12:00:01.379 INFO  Minecraft:  
12:04:27.696 INFO  Minecraft: Friend > IdlyChiqken joined. 
12:16:01.950 INFO  Minecraft: Guild > 3ctooo left. 
12:39:43.664 INFO  Logging in. 
12:39:45.044 INFO  Discord: Logged in. 
12:39:46.465 INFO  Logged in. 
12:39:46.674 INFO  Minecraft:                                       
12:39:46.682 INFO  Minecraft:                           
12:39:46.927 INFO  Minecraft: You found a ✰✰✰✰✰ Mystery Box! 
12:39:47.796 INFO  Minecraft: ----------------------------------------------------- 
12:39:47.797 INFO  Minecraft: Requirements are Skill Avg 23, Cata 23, and 170m net, along 
12:39:47.798 INFO  Minecraft: with 85k gexp a week! Make sure to have fun and contact 
12:39:47.798 INFO  Minecraft: OwOSeal or Smol if you have something to report, or something else to say! 
12:39:47.799 INFO  Minecraft: ----------------------------------------------------- 
12:39:51.480 INFO  Sending to skyblock. 
12:39:51.893 INFO  Minecraft: Sending to server mini244H... 
12:39:52.058 INFO  Logged in. 
12:39:52.368 INFO  Minecraft:         
12:39:55.472 INFO  Minecraft: You are playing on profile: Zucchini (Co-op) 
12:39:56.099 INFO  Minecraft:  
12:39:56.101 INFO  Minecraft: Welcome to Hypixel SkyBlock! 
12:39:56.789 INFO  Minecraft: You're already sitting on this island! 
12:39:57.061 INFO  Sending to skyblock. 
12:39:57.321 INFO  Minecraft: Cannot join SkyBlock for a moment! (Queue join in cooldown) 
12:40:02.398 INFO  Minecraft: You're already sitting on this island! 
13:15:04.476 INFO  Minecraft: A Event: Mayor Elections 151! A 
13:15:04.490 INFO  Minecraft: The election room is now closed. Clerk Seraphine is doing a final count of the votes... 
13:15:04.490 INFO  Minecraft:  
13:15:55.484 INFO  Minecraft: A Event: Mayor Elections 151! A 
13:15:55.487 INFO  Minecraft: Aatrox is elected Mayor for the year, gg! 
13:15:55.488 INFO  Minecraft: Seraphine counted votes from 126k different players. 
13:15:55.491 INFO  Minecraft: Everybody unlocks exclusive perks! [HOVER TO VIEW] 
13:15:55.492 INFO  Minecraft:  
13:30:05.657 INFO  Logging in. 
13:30:07.025 INFO  Discord: Logged in. 
13:30:08.490 INFO  Logged in. 
13:30:08.718 INFO  Minecraft:                                       
13:30:08.726 INFO  Minecraft:                           
13:30:09.341 INFO  Minecraft: ----------------------------------------------------- 
13:30:09.343 INFO  Minecraft: Requirements are Skill Avg 23, Cata 23, and 170m net, along 
13:30:09.343 INFO  Minecraft: with 85k gexp a week! Make sure to have fun and contact 
13:30:09.344 INFO  Minecraft: OwOSeal or Smol if you have something to report, or something else to say! 
13:30:09.345 INFO  Minecraft: ----------------------------------------------------- 
13:30:13.495 INFO  Sending to skyblock. 
13:30:13.966 INFO  Minecraft: Sending to server mini411V... 
13:30:14.120 INFO  Logged in. 
13:30:14.442 INFO  Minecraft:         
13:30:17.539 INFO  Minecraft: You are playing on profile: Zucchini (Co-op) 
13:30:18.139 INFO  Minecraft:  
13:30:18.140 INFO  Minecraft: Welcome to Hypixel SkyBlock! 
13:30:18.822 INFO  Minecraft: You're already sitting on this island! 
13:30:19.127 INFO  Sending to skyblock. 
13:30:19.866 INFO  Minecraft: Cannot join SkyBlock for a moment! (Queue join in cooldown) 
13:30:24.477 INFO  Minecraft: You're already sitting on this island! 
14:00:02.087 INFO  Minecraft:  
14:00:02.105 INFO  Minecraft: [WATCHDOG ANNOUNCEMENT] 
14:00:02.106 INFO  Minecraft: Watchdog has banned 37,417 players in the last 7 days. 
14:00:02.107 INFO  Minecraft: Staff have banned an additional 14,563 in the last 7 days. 
14:00:02.107 INFO  Minecraft: Blacklisted modifications are a bannable offense! 
14:00:02.108 INFO  Minecraft:  
14:03:43.439 INFO  Minecraft: Friend > IdlyChiqken left. 
14:04:01.683 INFO  Minecraft: Friend > IdlyChiqken joined. 
14:30:33.888 INFO  Discord: [💬→︱guild-chat] LS | SnowedSeal: a 
14:30:34.166 INFO  Minecraft: Guild > Minikloons [LS]: LS| SnowedSeal» a 
14:30:34.304 INFO  Discord: [💬→︱guild-chat] LS | SnowedSeal: e 
14:30:34.541 INFO  Minecraft: You cannot say the same message twice! 
14:30:34.899 INFO  Discord: [💬→︱guild-chat] LS | SnowedSeal: b 
14:30:35.132 INFO  Minecraft: You cannot say the same message twice! 
14:42:55.870 INFO  Minecraft: Friend > IdlyChiqken left. 
14:42:59.795 INFO  Minecraft: Friend > IdlyChiqken joined. 
14:56:47.206 INFO  Minecraft: The Traveling Zoo is visiting the SkyBlock Hub! 
14:56:47.210 INFO  Minecraft: CLICK HERE to shop for exotic pets! 
14:59:35.374 INFO  Minecraft: ----------------------------------------------------- 
14:59:35.376 INFO  Minecraft: You have just received 283,888 coins as interest in your co-op bank account! 
14:59:35.377 INFO  Minecraft: ----------------------------------------------------- 
16:00:02.295 INFO  Minecraft:  
16:00:02.305 INFO  Minecraft: [WATCHDOG ANNOUNCEMENT] 
16:00:02.306 INFO  Minecraft: Watchdog has banned 37,356 players in the last 7 days. 
16:00:02.307 INFO  Minecraft: Staff have banned an additional 14,585 in the last 7 days. 
16:00:02.307 INFO  Minecraft: Blacklisted modifications are a bannable offense! 
16:00:02.308 INFO  Minecraft:  
18:00:02.513 INFO  Minecraft:  
18:00:02.522 INFO  Minecraft: [WATCHDOG ANNOUNCEMENT] 
18:00:02.523 INFO  Minecraft: Watchdog has banned 37,312 players in the last 7 days. 
18:00:02.524 INFO  Minecraft: Staff have banned an additional 14,565 in the last 7 days. 
18:00:02.525 INFO  Minecraft: Blacklisted modifications are a bannable offense! 
18:00:02.525 INFO  Minecraft:  
18:34:55.047 INFO  Minecraft: Friend > IdlyChiqken left. 
18:35:23.129 INFO  Minecraft: Friend > IdlyChiqken joined. 
18:35:49.299 INFO  Minecraft: Friend > IdlyChiqken left. 
18:37:04.091 INFO  Minecraft: Friend > IdlyChiqken joined. 
18:59:58.687 INFO  Logging in. 
19:00:00.027 INFO  Discord: Logged in. 
19:00:00.905 INFO  Logged in. 
19:00:01.124 INFO  Minecraft:                                       
19:00:01.132 INFO  Minecraft:                           
19:00:01.388 INFO  Minecraft: You found a ✰✰✰✰✰ Mystery Box! 
19:00:02.403 INFO  Minecraft: ----------------------------------------------------- 
19:00:02.405 INFO  Minecraft: Requirements are Skill Avg 23, Cata 23, and 170m net, along 
19:00:02.405 INFO  Minecraft: with 85k gexp a week! Make sure to have fun and contact 
19:00:02.406 INFO  Minecraft: OwOSeal or Smol if you have something to report, or something else to say! 
19:00:02.406 INFO  Minecraft: ----------------------------------------------------- 
19:00:05.913 INFO  Sending to skyblock. 
19:00:06.469 INFO  Minecraft: Sending to server mini366H... 
19:00:06.604 INFO  Logged in. 
19:00:06.987 INFO  Minecraft:         
19:00:09.953 INFO  Minecraft: You are playing on profile: Zucchini (Co-op) 
19:00:10.603 INFO  Minecraft:  
19:00:10.604 INFO  Minecraft: Welcome to Hypixel SkyBlock! 
19:00:10.979 INFO  Minecraft: ALLOWANCE! You earned 50,000 coins! 
19:00:11.266 INFO  Minecraft: You're already sitting on this island! 
19:00:11.604 INFO  Sending to skyblock. 
19:00:11.873 INFO  Minecraft: Cannot join SkyBlock for a moment! (Queue join in cooldown) 
19:00:16.924 INFO  Minecraft: You're already sitting on this island! 
20:00:02.752 INFO  Minecraft:  
20:00:02.767 INFO  Minecraft: [WATCHDOG ANNOUNCEMENT] 
20:00:02.768 INFO  Minecraft: Watchdog has banned 37,316 players in the last 7 days. 
20:00:02.769 INFO  Minecraft: Staff have banned an additional 14,635 in the last 7 days. 
20:00:02.770 INFO  Minecraft: Blacklisted modifications are a bannable offense! 
20:00:02.771 INFO  Minecraft:  
21:51:08.624 INFO  Minecraft: Friend > IdlyChiqken left. 
21:51:18.635 INFO  Minecraft: Friend > IdlyChiqken joined. 
22:00:02.973 INFO  Minecraft:  
22:00:02.976 INFO  Minecraft: [WATCHDOG ANNOUNCEMENT] 
22:00:02.977 INFO  Minecraft: Watchdog has banned 37,264 players in the last 7 days. 
22:00:02.978 INFO  Minecraft: Staff have banned an additional 14,728 in the last 7 days. 
22:00:02.978 INFO  Minecraft: Blacklisted modifications are a bannable offense! 
22:00:02.979 INFO  Minecraft:  
22:17:54.752 INFO  Minecraft: Friend > IdlyChiqken left. 
22:57:32.693 INFO  Logging in. 
22:57:34.018 INFO  Discord: Logged in. 
22:57:35.870 INFO  Logged in. 
22:57:36.097 INFO  Minecraft:                                       
22:57:36.110 INFO  Minecraft:                           
22:57:36.315 INFO  Minecraft: You found a ✰✰✰✰✰ Mystery Box! 
22:57:37.267 INFO  Minecraft: [VIP] P4W3L: yh 
22:57:37.316 INFO  Minecraft: ----------------------------------------------------- 
22:57:37.317 INFO  Minecraft: Requirements are Skill Avg 23, Cata 23, and 170m net, along 
22:57:37.318 INFO  Minecraft: with 85k gexp a week! Make sure to have fun and contact 
22:57:37.319 INFO  Minecraft: OwOSeal or Smol if you have something to report, or something else to say! 
22:57:37.319 INFO  Minecraft: ----------------------------------------------------- 
22:57:40.874 INFO  Sending to skyblock. 
22:57:41.338 INFO  Minecraft: Sending to server mini298J... 
22:57:41.465 INFO  Logged in. 
22:57:41.748 INFO  Minecraft:         
22:57:44.911 INFO  Minecraft: You are playing on profile: Zucchini (Co-op) 
22:57:45.495 INFO  Minecraft:  
22:57:45.536 INFO  Minecraft: Welcome to Hypixel SkyBlock! 
22:57:46.203 INFO  Minecraft: You're already sitting on this island! 
22:57:46.466 INFO  Sending to skyblock. 
22:57:46.722 INFO  Minecraft: Cannot join SkyBlock for a moment! (Queue join in cooldown) 
22:57:51.748 INFO  Minecraft: You're already sitting on this island! 
22:58:09.026 INFO  Minecraft: Evacuating to Hub... 
22:58:09.056 INFO  Minecraft: Sending to server mini944D... 
22:58:09.150 INFO  Logged in. 
22:58:09.259 INFO  Minecraft:         
22:58:12.523 INFO  Minecraft: You are playing on profile: Zucchini (Co-op) 
22:58:14.165 INFO  Sending to skyblock. 
22:58:14.411 INFO  Minecraft: You are already playing SkyBlock! 
22:58:19.504 INFO  Minecraft: Warping you to your SkyBlock island... 
22:58:19.809 INFO  Minecraft: Sending to server mini464U... 
22:58:19.984 INFO  Logged in. 
22:58:20.500 INFO  Minecraft:         
22:58:23.361 INFO  Minecraft: You are playing on profile: Zucchini (Co-op) 
22:58:24.992 INFO  Sending to skyblock. 
22:58:25.245 INFO  Minecraft: You are already playing SkyBlock! 
22:58:30.329 INFO  Minecraft: You're already sitting on this island! 
23:05:17.583 INFO  Logging in. 

