02:00:05.520 INFO  Minecraft:  
02:00:05.529 INFO  Minecraft: [WATCHDOG ANNOUNCEMENT] 
02:00:05.530 INFO  Minecraft: Watchdog has banned 36,100 players in the last 7 days. 
02:00:05.531 INFO  Minecraft: Staff have banned an additional 12,814 in the last 7 days. 
02:00:05.531 INFO  Minecraft: Blacklisted modifications are a bannable offense! 
02:00:05.532 INFO  Minecraft:  
03:03:07.449 INFO  Minecraft: [Important] This server will restart soon: Scheduled Reboot 
03:03:07.464 INFO  Minecraft: You have 60 seconds to warp out! CLICK to warp now! 
03:04:05.733 INFO  Minecraft: Evacuating to Hub... 
03:04:05.837 INFO  Minecraft: Sending to server mini166K... 
03:04:05.968 INFO  Logged in. 
03:04:06.610 INFO  Minecraft:         
03:04:09.981 INFO  Minecraft: You are playing on profile: Zucchini (Co-op) 
03:04:10.982 INFO  Sending to skyblock. 
03:04:11.269 INFO  Minecraft: You are already playing SkyBlock! 
03:04:16.316 INFO  Minecraft: Warping you to your SkyBlock island... 
03:04:16.609 INFO  Minecraft: Sending to server mini491R... 
03:04:16.712 INFO  Logged in. 
03:04:17.183 INFO  Minecraft:         
03:04:20.115 INFO  Minecraft: You are playing on profile: Zucchini (Co-op) 
03:04:21.713 INFO  Sending to skyblock. 
03:04:21.974 INFO  Minecraft: You are already playing SkyBlock! 
03:04:27.087 INFO  Minecraft: You're already sitting on this island! 
04:00:05.757 INFO  Minecraft:  
04:00:05.765 INFO  Minecraft: [WATCHDOG ANNOUNCEMENT] 
04:00:05.766 INFO  Minecraft: Watchdog has banned 36,067 players in the last 7 days. 
04:00:05.766 INFO  Minecraft: Staff have banned an additional 12,774 in the last 7 days. 
04:00:05.767 INFO  Minecraft: Blacklisted modifications are a bannable offense! 
04:00:05.768 INFO  Minecraft:  
04:12:06.436 INFO  Minecraft: Friend > SnowedSeal joined. 
04:42:34.938 INFO  Minecraft: Friend > SnowedSeal left. 
04:44:24.314 INFO  Minecraft: Friend > SnowedSeal joined. 
04:55:59.993 INFO  Minecraft: Guild > FearTheVillain3 joined. 
05:27:34.904 INFO  Minecraft: [Important] This server will restart soon: For a game update 
05:27:34.930 INFO  Minecraft: You have 30 seconds to warp out! CLICK to warp now! 
05:28:02.974 INFO  Minecraft: Evacuating to Hub... 
05:28:03.061 INFO  Minecraft: Sending to server mini518N... 
05:28:03.222 INFO  Logged in. 
05:28:03.681 INFO  Minecraft:         
05:28:06.662 INFO  Minecraft: You are playing on profile: Zucchini (Co-op) 
05:28:08.222 INFO  Sending to skyblock. 
05:28:08.470 INFO  Minecraft: You are already playing SkyBlock! 
05:28:13.550 INFO  Minecraft: Warping you to your SkyBlock island... 
05:28:14.560 INFO  Minecraft: Sending to server mini781E... 
05:28:15.483 INFO  Logged in. 
05:28:16.507 INFO  Minecraft:         
05:28:20.488 INFO  Sending to skyblock. 
05:28:20.737 INFO  Minecraft: You are already playing SkyBlock! 
05:28:23.360 INFO  Minecraft: You are playing on profile: Zucchini (Co-op) 
05:28:25.774 INFO  Minecraft: You're already sitting on this island! 
05:28:55.174 INFO  Minecraft: Friend > SnowedSeal left. 
05:44:58.204 INFO  Minecraft: You are being transferred to the HUB for being AFK! 
05:44:58.280 INFO  Minecraft: Sending to server mini214C... 
05:44:58.392 INFO  Logged in. 
05:44:59.298 INFO  Minecraft:         
05:45:02.922 INFO  Minecraft: You are playing on profile: Zucchini (Co-op) 
05:45:03.402 INFO  Sending to skyblock. 
05:45:03.664 INFO  Minecraft: You are already playing SkyBlock! 
05:45:08.743 INFO  Minecraft: Warping you to your SkyBlock island... 
05:45:09.105 INFO  Minecraft: Sending to server mini42R... 
05:45:09.309 INFO  Logged in. 
05:45:09.669 INFO  Minecraft:         
05:45:12.744 INFO  Minecraft: You are playing on profile: Zucchini (Co-op) 
05:45:14.322 INFO  Sending to skyblock. 
05:45:14.664 INFO  Minecraft: You are already playing SkyBlock! 
05:45:19.704 INFO  Minecraft: You're already sitting on this island! 
05:50:47.776 INFO  Minecraft: Guild > FearTheVillain3 left. 
05:50:49.918 INFO  Minecraft: Guild > FearTheVillain3 joined. 
06:00:07.000 INFO  Minecraft:  
06:00:07.010 INFO  Minecraft: [WATCHDOG ANNOUNCEMENT] 
06:00:07.012 INFO  Minecraft: Watchdog has banned 36,466 players in the last 7 days. 
06:00:07.012 INFO  Minecraft: Staff have banned an additional 12,646 in the last 7 days. 
06:00:07.013 INFO  Minecraft: Blacklisted modifications are a bannable offense! 
06:00:07.014 INFO  Minecraft:  
06:36:45.905 INFO  Minecraft: [Important] This server will restart soon: For a game update 
06:36:45.915 INFO  Minecraft: You have 30 seconds to warp out! CLICK to warp now! 
06:37:13.983 INFO  Minecraft: Evacuating to Hub... 
06:37:14.019 INFO  Minecraft: Sending to server mini50D... 
06:37:14.262 INFO  Logged in. 
06:37:14.963 INFO  Minecraft:         
06:37:18.647 INFO  Minecraft: You are playing on profile: Zucchini (Co-op) 
06:37:19.277 INFO  Sending to skyblock. 
06:37:19.539 INFO  Minecraft: You are already playing SkyBlock! 
06:37:24.569 INFO  Minecraft: Warping you to your SkyBlock island... 
06:37:24.883 INFO  Minecraft: Sending to server mini74W... 
06:37:25.067 INFO  Logged in. 
06:37:25.303 INFO  Minecraft:         
06:37:28.514 INFO  Minecraft: You are playing on profile: Zucchini (Co-op) 
06:37:30.067 INFO  Sending to skyblock. 
06:37:30.319 INFO  Minecraft: You are already playing SkyBlock! 
06:37:35.421 INFO  Minecraft: You're already sitting on this island! 
06:41:45.401 INFO  Minecraft: Guild > FearTheVillain3 left. 
06:41:48.423 INFO  Minecraft: Guild > FearTheVillain3 joined. 
06:41:50.309 INFO  Minecraft: Guild > FearTheVillain3 left. 
06:51:47.891 INFO  Minecraft: [Important] This server will restart soon: For a game update 
06:51:47.929 INFO  Minecraft: You have 30 seconds to warp out! CLICK to warp now! 
06:52:15.948 INFO  Minecraft: Evacuating to Hub... 
06:52:16.009 INFO  Minecraft: Sending to server mini622M... 
06:52:16.104 INFO  Logged in. 
06:52:16.436 INFO  Minecraft:         
06:52:19.515 INFO  Minecraft: You are playing on profile: Zucchini (Co-op) 
06:52:21.109 INFO  Sending to skyblock. 
06:52:21.362 INFO  Minecraft: You are already playing SkyBlock! 
06:52:26.477 INFO  Minecraft: Warping you to your SkyBlock island... 
06:52:26.995 INFO  Minecraft: Sending to server mini523S... 
06:52:27.160 INFO  Logged in. 
06:52:27.431 INFO  Minecraft:         
06:52:30.548 INFO  Minecraft: You are playing on profile: Zucchini (Co-op) 
06:52:32.166 INFO  Sending to skyblock. 
06:52:32.417 INFO  Minecraft: You are already playing SkyBlock! 
06:52:37.504 INFO  Minecraft: You're already sitting on this island! 
06:54:22.387 INFO  Minecraft: Guild > FearTheVillain3 joined. 
07:38:20.307 INFO  Minecraft: Guild > FearTheVillain3 left. 
07:38:21.427 INFO  Minecraft: Guild > FearTheVillain3 joined. 
07:44:11.893 INFO  Minecraft: Guild > FearTheVillain3 left. 
08:00:07.164 INFO  Minecraft:  
08:00:07.173 INFO  Minecraft: [WATCHDOG ANNOUNCEMENT] 
08:00:07.174 INFO  Minecraft: Watchdog has banned 36,559 players in the last 7 days. 
08:00:07.175 INFO  Minecraft: Staff have banned an additional 12,795 in the last 7 days. 
08:00:07.176 INFO  Minecraft: Blacklisted modifications are a bannable offense! 
08:00:07.177 INFO  Minecraft:  
08:20:46.153 INFO  Minecraft: Guild > 5659 joined. 
08:22:08.523 INFO  Minecraft: Guild > 5659 left. 
08:52:35.103 INFO  Minecraft: Guild > 5659 joined. 
08:53:32.257 INFO  Minecraft: Guild > 5659 left. 
09:28:41.101 INFO  Minecraft: Friend > IdlyChiqken joined. 
10:00:07.370 INFO  Minecraft:  
10:00:07.389 INFO  Minecraft: [WATCHDOG ANNOUNCEMENT] 
10:00:07.391 INFO  Minecraft: Watchdog has banned 36,505 players in the last 7 days. 
10:00:07.394 INFO  Minecraft: Staff have banned an additional 12,830 in the last 7 days. 
10:00:07.395 INFO  Minecraft: Blacklisted modifications are a bannable offense! 
10:00:07.396 INFO  Minecraft:  
10:56:52.887 INFO  Minecraft: Friend > IdlyChiqken left. 
12:00:07.603 INFO  Minecraft:  
12:00:07.620 INFO  Minecraft: [WATCHDOG ANNOUNCEMENT] 
12:00:07.623 INFO  Minecraft: Watchdog has banned 36,481 players in the last 7 days. 
12:00:07.624 INFO  Minecraft: Staff have banned an additional 12,993 in the last 7 days. 
12:00:07.624 INFO  Minecraft: Blacklisted modifications are a bannable offense! 
12:00:07.625 INFO  Minecraft:  
12:31:11.670 INFO  Minecraft: Guild > FearTheVillain3 joined. 
12:38:26.829 INFO  Minecraft: Guild > Pizzas_faces joined. 
12:38:43.141 INFO  Minecraft: Guild > Pizzas_faces left. 
12:40:45.651 INFO  Minecraft: Guild > Pizzas_faces joined. 
12:54:25.561 INFO  Minecraft: Guild > FearTheVillain3 left. 
12:54:26.621 INFO  Minecraft: Guild > FearTheVillain3 joined. 
13:07:00.825 INFO  Minecraft: Guild > FearTheVillain3 left. 
13:07:06.736 INFO  Minecraft: Guild > FearTheVillain3 joined. 
13:30:34.622 INFO  Minecraft: Guild > Pizzas_faces left. 
13:34:54.858 INFO  Minecraft: Guild > Pizzas_faces joined. 
13:38:00.500 INFO  Minecraft: ----------------------------------------------------- 
13:38:00.503 INFO  Minecraft: [MVP++] Pizzas_faces left the guild! 
13:38:00.506 INFO  Minecraft: ----------------------------------------------------- 
13:38:00.749 INFO  Minecraft: Guild > Minikloons [LS]: We are sorry you had to leave, Pizzas_faces 
13:46:41.896 INFO  Minecraft: Guild > FearTheVillain3 left. 
13:46:42.841 INFO  Minecraft: Guild > FearTheVillain3 joined. 
13:51:50.299 INFO  Minecraft: Guild > FearTheVillain3 left. 
14:00:07.797 INFO  Minecraft:  
14:00:07.805 INFO  Minecraft: [WATCHDOG ANNOUNCEMENT] 
14:00:07.806 INFO  Minecraft: Watchdog has banned 36,533 players in the last 7 days. 
14:00:07.806 INFO  Minecraft: Staff have banned an additional 12,957 in the last 7 days. 
14:00:07.807 INFO  Minecraft: Blacklisted modifications are a bannable offense! 
14:00:07.808 INFO  Minecraft:  
16:00:07.933 INFO  Minecraft:  
16:00:07.944 INFO  Minecraft: [WATCHDOG ANNOUNCEMENT] 
16:00:07.945 INFO  Minecraft: Watchdog has banned 36,515 players in the last 7 days. 
16:00:07.946 INFO  Minecraft: Staff have banned an additional 13,006 in the last 7 days. 
16:00:07.947 INFO  Minecraft: Blacklisted modifications are a bannable offense! 
16:00:07.947 INFO  Minecraft:  
17:22:52.998 INFO  Minecraft: Guild > clonzy joined. 
17:26:00.275 INFO  Minecraft: Guild > clonzy left. 
17:29:26.406 INFO  Minecraft: Guild > clonzy joined. 
17:30:19.397 INFO  Minecraft: Guild > clonzy left. 
17:36:38.658 INFO  Minecraft: Guild > clonzy joined. 
17:37:29.609 INFO  Minecraft: Guild > clonzy left. 
17:40:28.891 INFO  Minecraft: Guild > clonzy joined. 
17:41:05.867 INFO  Minecraft: Guild > clonzy left. 
17:42:47.723 INFO  Minecraft: Guild > clonzy joined. 
17:43:37.722 INFO  Minecraft: Guild > clonzy left. 
17:56:15.307 INFO  Minecraft: Guild > clonzy joined. 
17:56:20.286 INFO  Minecraft: Guild > clonzy left. 
17:59:47.790 INFO  Minecraft: Guild > clonzy joined. 
18:00:08.105 INFO  Minecraft:  
18:00:08.107 INFO  Minecraft: [WATCHDOG ANNOUNCEMENT] 
18:00:08.108 INFO  Minecraft: Watchdog has banned 36,562 players in the last 7 days. 
18:00:08.109 INFO  Minecraft: Staff have banned an additional 13,024 in the last 7 days. 
18:00:08.112 INFO  Minecraft: Blacklisted modifications are a bannable offense! 
18:00:08.113 INFO  Minecraft:  
18:00:36.959 INFO  Minecraft: ----------------------------------------------------- 
18:00:36.963 INFO  Minecraft: You have just received 275,539 coins as interest in your co-op bank account! 
18:00:36.964 INFO  Minecraft: ----------------------------------------------------- 
18:01:05.761 INFO  Minecraft: Guild > clonzy left. 
20:00:08.273 INFO  Minecraft:  
20:00:08.282 INFO  Minecraft: [WATCHDOG ANNOUNCEMENT] 
20:00:08.283 INFO  Minecraft: Watchdog has banned 36,691 players in the last 7 days. 
20:00:08.284 INFO  Minecraft: Staff have banned an additional 13,090 in the last 7 days. 
20:00:08.284 INFO  Minecraft: Blacklisted modifications are a bannable offense! 
20:00:08.286 INFO  Minecraft:  
20:05:32.655 INFO  Logging in. 
20:05:34.314 INFO  Discord: Logged in. 
20:05:35.505 INFO  Logged in. 
20:05:35.705 INFO  Minecraft:                                       
20:05:35.717 INFO  Minecraft:                           
20:05:35.972 INFO  Minecraft: You found a ✰✰✰✰✰ Mystery Box! 
20:05:36.380 INFO  Minecraft: ----------------------------------------------------- 
20:05:36.383 INFO  Minecraft: Requirements are Skill Avg 23, Cata 23, and 170m net, along 
20:05:36.385 INFO  Minecraft: with 85k gexp a week! Make sure to have fun and contact 
20:05:36.386 INFO  Minecraft: OwOSeal or Smol if you have something to report, or something else to say! 
20:05:36.387 INFO  Minecraft: ----------------------------------------------------- 
20:05:40.509 INFO  Sending to skyblock. 
20:05:40.912 INFO  Minecraft: Sending to server mini581G... 
20:05:41.124 INFO  Logged in. 
20:05:41.484 INFO  Minecraft:         
20:05:44.513 INFO  Minecraft: You are playing on profile: Zucchini (Co-op) 
20:05:45.112 INFO  Minecraft:  
20:05:45.148 INFO  Minecraft: Welcome to Hypixel SkyBlock! 
20:05:45.512 INFO  Minecraft: ALLOWANCE! You earned 50,000 coins! 
20:05:45.851 INFO  Minecraft: You're already sitting on this island! 
20:05:46.133 INFO  Sending to skyblock. 
20:05:46.382 INFO  Minecraft: Cannot join SkyBlock for a moment! (Queue join in cooldown) 
20:05:51.455 INFO  Minecraft: You're already sitting on this island! 
22:00:08.438 INFO  Minecraft:  
22:00:08.454 INFO  Minecraft: [WATCHDOG ANNOUNCEMENT] 
22:00:08.455 INFO  Minecraft: Watchdog has banned 37,000 players in the last 7 days. 
22:00:08.456 INFO  Minecraft: Staff have banned an additional 12,996 in the last 7 days. 
22:00:08.456 INFO  Minecraft: Blacklisted modifications are a bannable offense! 
22:00:08.457 INFO  Minecraft:  
00:00:08.660 INFO  Minecraft:  
00:00:08.670 INFO  Minecraft: [WATCHDOG ANNOUNCEMENT] 
00:00:08.672 INFO  Minecraft: Watchdog has banned 36,958 players in the last 7 days. 
00:00:08.672 INFO  Minecraft: Staff have banned an additional 13,003 in the last 7 days. 
00:00:08.673 INFO  Minecraft: Blacklisted modifications are a bannable offense! 
00:00:08.674 INFO  Minecraft:  

