00:01:03.867 INFO  Minecraft: Guild > UnknowAccount joined. 
01:26:26.235 INFO  Minecraft: Guild > UnknowAccount left. 
01:49:07.334 INFO  Minecraft: [Important] This server will restart soon: For a game update 
01:49:07.365 INFO  Minecraft: You have 30 seconds to warp out! CLICK to warp now! 
01:49:35.422 INFO  Minecraft: Evacuating to Hub... 
01:49:35.704 INFO  Minecraft: Sending to server mini295R... 
01:49:35.891 INFO  Logged in. 
01:49:36.359 INFO  Minecraft:         
01:49:36.801 INFO  Minecraft: ----------------------------------------------------- 
01:49:36.803 INFO  Minecraft: You have just received 231,200 coins as interest in your co-op bank account! 
01:49:36.804 INFO  Minecraft: ----------------------------------------------------- 
01:49:39.514 INFO  Minecraft: You are playing on profile: Zucchini (Co-op) 
01:49:40.891 INFO  Sending to skyblock. 
01:49:41.135 INFO  Minecraft: You are already playing SkyBlock! 
01:49:46.221 INFO  Minecraft: Warping you to your SkyBlock island... 
01:49:46.521 INFO  Minecraft: Sending to server mini668H... 
01:49:46.630 INFO  Logged in. 
01:49:46.899 INFO  Minecraft:         
01:49:50.070 INFO  Minecraft: You are playing on profile: Zucchini (Co-op) 
01:49:51.643 INFO  Sending to skyblock. 
01:49:51.886 INFO  Minecraft: You are already playing SkyBlock! 
01:49:56.986 INFO  Minecraft: You're already sitting on this island! 
02:00:26.714 INFO  Minecraft:  
02:00:26.717 INFO  Minecraft: [WATCHDOG ANNOUNCEMENT] 
02:00:26.718 INFO  Minecraft: Watchdog has banned 35,694 players in the last 7 days. 
02:00:26.719 INFO  Minecraft: Staff have banned an additional 19,941 in the last 7 days. 
02:00:26.719 INFO  Minecraft: Blacklisted modifications are a bannable offense! 
02:00:26.720 INFO  Minecraft:  
02:15:15.883 INFO  Minecraft: Guild > UnknowAccount joined. 
03:07:20.573 INFO  Minecraft: Guild > NucOps06 left. 
03:09:33.064 INFO  Minecraft: Guild > NucOps06 joined. 
03:39:34.299 INFO  Minecraft: Guild > UnknowAccount left. 
03:47:44.900 INFO  Minecraft: Guild > NucOps06 left. 
03:48:29.114 INFO  Minecraft: Guild > NucOps06 joined. 
04:00:26.986 INFO  Minecraft:  
04:00:26.990 INFO  Minecraft: [WATCHDOG ANNOUNCEMENT] 
04:00:26.992 INFO  Minecraft: Watchdog has banned 35,528 players in the last 7 days. 
04:00:26.994 INFO  Minecraft: Staff have banned an additional 19,871 in the last 7 days. 
04:00:26.996 INFO  Minecraft: Blacklisted modifications are a bannable offense! 
04:00:26.998 INFO  Minecraft:  
04:08:52.121 INFO  Minecraft: Guild > NucOps06 left. 
04:08:55.003 INFO  Minecraft: Guild > NucOps06 joined. 
04:11:27.090 INFO  Minecraft: Guild > MegatornSeal joined. 
04:12:14.250 INFO  Minecraft: Friend > SnowedSeal joined. 
05:29:53.533 INFO  Minecraft: Friend > SnowedSeal left. 
05:45:47.137 INFO  Minecraft: Guild > OwOWolfs joined. 
05:58:15.774 INFO  Minecraft: Guild > MegatornSeal left. 
06:00:27.510 INFO  Minecraft:  
06:00:27.555 INFO  Minecraft: [WATCHDOG ANNOUNCEMENT] 
06:00:27.556 INFO  Minecraft: Watchdog has banned 35,704 players in the last 7 days. 
06:00:27.557 INFO  Minecraft: Staff have banned an additional 20,023 in the last 7 days. 
06:00:27.558 INFO  Minecraft: Blacklisted modifications are a bannable offense! 
06:00:27.559 INFO  Minecraft:  
06:25:34.589 INFO  Minecraft: Guild > NucOps06 left. 
06:27:10.347 INFO  Minecraft: [Important] This server will restart soon: For a game update 
06:27:10.351 INFO  Minecraft: You have 30 seconds to warp out! CLICK to warp now! 
06:27:38.498 INFO  Minecraft: Evacuating to Hub... 
06:27:38.599 INFO  Minecraft: Sending to server mini21A... 
06:27:38.757 INFO  Logged in. 
06:27:39.399 INFO  Minecraft:         
06:27:42.944 INFO  Minecraft: You are playing on profile: Zucchini (Co-op) 
06:27:43.761 INFO  Sending to skyblock. 
06:27:44.011 INFO  Minecraft: You are already playing SkyBlock! 
06:27:49.098 INFO  Minecraft: Warping you to your SkyBlock island... 
06:27:49.454 INFO  Minecraft: Sending to server mini982J... 
06:27:49.652 INFO  Logged in. 
06:27:50.127 INFO  Minecraft:         
06:27:52.997 INFO  Minecraft: You are playing on profile: Zucchini (Co-op) 
06:27:54.652 INFO  Sending to skyblock. 
06:27:54.902 INFO  Minecraft: You are already playing SkyBlock! 
06:27:59.962 INFO  Minecraft: You're already sitting on this island! 
06:33:41.608 INFO  Minecraft: Guild > itchygabe joined. 
06:38:36.330 INFO  Minecraft: [Important] This server will restart soon: For a game update 
06:38:36.370 INFO  Minecraft: You have 30 seconds to warp out! CLICK to warp now! 
06:39:04.379 INFO  Minecraft: Evacuating to Hub... 
06:39:04.443 INFO  Minecraft: Sending to server mini381P... 
06:39:04.577 INFO  Logged in. 
06:39:04.911 INFO  Minecraft:         
06:39:07.965 INFO  Minecraft: You are playing on profile: Zucchini (Co-op) 
06:39:09.576 INFO  Sending to skyblock. 
06:39:09.822 INFO  Minecraft: You are already playing SkyBlock! 
06:39:14.882 INFO  Minecraft: Warping you to your SkyBlock island... 
06:39:15.246 INFO  Minecraft: Sending to server mini645A... 
06:39:15.393 INFO  Logged in. 
06:39:15.656 INFO  Minecraft:         
06:39:18.850 INFO  Minecraft: You are playing on profile: Zucchini (Co-op) 
06:39:20.405 INFO  Sending to skyblock. 
06:39:20.655 INFO  Minecraft: You are already playing SkyBlock! 
06:39:25.755 INFO  Minecraft: You're already sitting on this island! 
06:44:30.782 INFO  Minecraft: Guild > itchygabe left. 
06:56:00.805 INFO  Minecraft: Guild > UnknowAccount joined. 
06:56:54.198 INFO  Minecraft: Guild > OwOWolfs left. 
07:23:32.622 INFO  Minecraft: [Important] This server will restart soon: For a game update 
07:23:32.633 INFO  Minecraft: You have 30 seconds to warp out! CLICK to warp now! 
07:24:00.892 INFO  Minecraft: Evacuating to Hub... 
07:24:01.035 INFO  Minecraft: Sending to server mini767D... 
07:24:01.121 INFO  Logged in. 
07:24:01.623 INFO  Minecraft:         
07:24:04.608 INFO  Minecraft: You are playing on profile: Zucchini (Co-op) 
07:24:06.134 INFO  Sending to skyblock. 
07:24:06.384 INFO  Minecraft: You are already playing SkyBlock! 
07:24:11.429 INFO  Minecraft: Warping you to your SkyBlock island... 
07:24:15.981 INFO  Minecraft: Sending to server mini486C... 
07:24:18.105 INFO  Logged in. 
07:24:18.653 INFO  Minecraft:         
07:24:23.111 INFO  Sending to skyblock. 
07:24:23.356 INFO  Minecraft: You are already playing SkyBlock! 
07:24:28.440 INFO  Minecraft: You're already sitting on this island! 
07:24:29.559 INFO  Minecraft: You are playing on profile: Zucchini (Co-op) 
08:00:27.789 INFO  Minecraft:  
08:00:27.801 INFO  Minecraft: [WATCHDOG ANNOUNCEMENT] 
08:00:27.803 INFO  Minecraft: Watchdog has banned 35,596 players in the last 7 days. 
08:00:27.804 INFO  Minecraft: Staff have banned an additional 20,118 in the last 7 days. 
08:00:27.804 INFO  Minecraft: Blacklisted modifications are a bannable offense! 
08:00:27.805 INFO  Minecraft:  
09:28:49.447 INFO  Minecraft: Guild > NucOps06 joined. 
09:36:36.893 INFO  Minecraft: Guild > clonzy joined. 
09:36:44.842 INFO  Minecraft: Friend > SnowedSeal joined. 
09:38:23.288 INFO  Minecraft: Guild > clonzy left. 
09:39:59.606 INFO  Minecraft: Guild > clonzy joined. 
09:48:15.728 INFO  Minecraft: Guild > clonzy left. 
09:51:34.938 INFO  Minecraft: ----------------------------------------------------- 
09:51:34.941 INFO  Minecraft: [MVP+] UnknowAccount left the guild! 
09:51:34.943 INFO  Minecraft: ----------------------------------------------------- 
09:51:35.183 INFO  Minecraft: Guild > Minikloons [LS]: We are sorry you had to leave, UnknowAccount 
10:00:28.003 INFO  Minecraft:  
10:00:28.005 INFO  Minecraft: [WATCHDOG ANNOUNCEMENT] 
10:00:28.005 INFO  Minecraft: Watchdog has banned 35,548 players in the last 7 days. 
10:00:28.006 INFO  Minecraft: Staff have banned an additional 20,070 in the last 7 days. 
10:00:28.007 INFO  Minecraft: Blacklisted modifications are a bannable offense! 
10:00:28.008 INFO  Minecraft:  
10:18:09.273 INFO  Minecraft: Guild > NucOps06 left. 
10:19:13.312 INFO  Minecraft: Guild > NucOps06 joined. 
10:46:22.293 INFO  Discord: [💬→︱guild-chat] Gura's Shrimp: D e A D c Ah T 
10:46:22.637 INFO  Minecraft: Guild > Minikloons [LS]: Gura'sShrimp» D e A D c Ah T 
10:46:39.950 INFO  Minecraft: Guild > Ludwin2 joined. 
10:48:41.039 INFO  Discord: [💬→︱guild-chat] Gura's Shrimp: the chat is dead 
10:48:41.313 INFO  Minecraft: Guild > Minikloons [LS]: Gura'sShrimp» the chat is dead 
10:49:17.308 INFO  Minecraft: Guild > Ludwin2 left. 
11:12:10.577 INFO  Minecraft: Friend > SnowedSeal left. 
12:00:28.264 INFO  Minecraft:  
12:00:28.272 INFO  Minecraft: [WATCHDOG ANNOUNCEMENT] 
12:00:28.273 INFO  Minecraft: Watchdog has banned 35,057 players in the last 7 days. 
12:00:28.274 INFO  Minecraft: Staff have banned an additional 20,147 in the last 7 days. 
12:00:28.275 INFO  Minecraft: Blacklisted modifications are a bannable offense! 
12:00:28.276 INFO  Minecraft:  
13:05:41.869 INFO  Minecraft: Guild > NucOps06 left. 
13:09:22.417 INFO  Minecraft: Guild > NucOps06 joined. 
14:00:28.498 INFO  Minecraft:  
14:00:28.506 INFO  Minecraft: [WATCHDOG ANNOUNCEMENT] 
14:00:28.507 INFO  Minecraft: Watchdog has banned 34,882 players in the last 7 days. 
14:00:28.508 INFO  Minecraft: Staff have banned an additional 20,164 in the last 7 days. 
14:00:28.509 INFO  Minecraft: Blacklisted modifications are a bannable offense! 
14:00:28.509 INFO  Minecraft:  
16:00:28.705 INFO  Minecraft:  
16:00:28.714 INFO  Minecraft: [WATCHDOG ANNOUNCEMENT] 
16:00:28.714 INFO  Minecraft: Watchdog has banned 34,696 players in the last 7 days. 
16:00:28.715 INFO  Minecraft: Staff have banned an additional 20,152 in the last 7 days. 
16:00:28.716 INFO  Minecraft: Blacklisted modifications are a bannable offense! 
16:00:28.717 INFO  Minecraft:  
17:29:13.409 INFO  Logging in. 
17:29:14.803 INFO  Discord: Logged in. 
17:29:15.766 INFO  Logged in. 
17:29:15.974 INFO  Minecraft:                                       
17:29:15.986 INFO  Minecraft:                           
17:29:16.214 INFO  Minecraft: You found a ✰✰✰✰✰ Mystery Box! 
17:29:17.331 INFO  Minecraft: ----------------------------------------------------- 
17:29:17.332 INFO  Minecraft: Requirements are Skill Avg 23, Cata 23, and 170m net, along 
17:29:17.333 INFO  Minecraft: with 85k gexp a week! Make sure to have fun and contact 
17:29:17.333 INFO  Minecraft: OwOSeal or Smol if you have something to report, or something else to say! 
17:29:17.334 INFO  Minecraft: ----------------------------------------------------- 
17:29:20.777 INFO  Sending to skyblock. 
17:29:21.181 INFO  Minecraft: Sending to server mini251S... 
17:29:21.350 INFO  Logged in. 
17:29:21.561 INFO  Minecraft:         
17:29:24.776 INFO  Minecraft: You are playing on profile: Zucchini (Co-op) 
17:29:25.405 INFO  Minecraft:  
17:29:25.406 INFO  Minecraft: Welcome to Hypixel SkyBlock! 
17:29:25.791 INFO  Minecraft: ALLOWANCE! You earned 50,000 coins! 
17:29:26.105 INFO  Minecraft: You're already sitting on this island! 
17:29:26.355 INFO  Sending to skyblock. 
17:29:26.614 INFO  Minecraft: Cannot join SkyBlock for a moment! (Queue join in cooldown) 
17:29:31.704 INFO  Minecraft: You're already sitting on this island! 
18:00:28.928 INFO  Minecraft:  
18:00:28.944 INFO  Minecraft: [WATCHDOG ANNOUNCEMENT] 
18:00:28.945 INFO  Minecraft: Watchdog has banned 34,677 players in the last 7 days. 
18:00:28.946 INFO  Minecraft: Staff have banned an additional 20,136 in the last 7 days. 
18:00:28.946 INFO  Minecraft: Blacklisted modifications are a bannable offense! 
18:00:28.947 INFO  Minecraft:  
18:33:37.712 INFO  Minecraft: Guild > MegatornSeal joined. 
18:44:45.449 INFO  Minecraft: Guild > MegatornSeal left. 
20:00:29.126 INFO  Minecraft:  
20:00:29.133 INFO  Minecraft: [WATCHDOG ANNOUNCEMENT] 
20:00:29.134 INFO  Minecraft: Watchdog has banned 34,749 players in the last 7 days. 
20:00:29.135 INFO  Minecraft: Staff have banned an additional 20,067 in the last 7 days. 
20:00:29.136 INFO  Minecraft: Blacklisted modifications are a bannable offense! 
20:00:29.136 INFO  Minecraft:  
20:07:06.533 INFO  Minecraft: Guild > MegatornSeal joined. 
21:15:32.703 INFO  Minecraft: Guild > [MVP+] MegatornSeal [M]: bruhhhhh 
21:15:43.065 INFO  Minecraft: Guild > [MVP+] MegatornSeal [M]: i was wondering why the guild was so quiet 
21:15:52.682 INFO  Minecraft: Guild > [MVP+] MegatornSeal [M]: it was disabled for like 3 days 
21:18:32.530 INFO  Minecraft: Guild > NucOps06 left. 
21:20:57.933 INFO  Minecraft: Guild > [MVP+] MegatornSeal [M]: king and queen cords? 
21:21:03.760 INFO  Minecraft: Guild > [MVP+] MegatornSeal [M]: vc 
21:28:30.787 INFO  Minecraft: Guild > NucOps06 joined. 
21:34:09.316 INFO  Minecraft: Guild > NucOps06 left. 
21:34:14.389 INFO  Minecraft: Guild > NucOps06 joined. 
21:38:27.136 INFO  Minecraft: Guild > NucOps06 joined. 
21:38:28.003 INFO  Minecraft: Guild > NucOps06 left. 
21:38:42.144 INFO  Minecraft: Guild > NucOps06 left. 
21:38:48.982 INFO  Minecraft: Guild > NucOps06 joined. 
21:40:45.195 INFO  Minecraft: Guild > MegatornSeal left. 
22:00:29.356 INFO  Minecraft:  
22:00:29.359 INFO  Minecraft: [WATCHDOG ANNOUNCEMENT] 
22:00:29.360 INFO  Minecraft: Watchdog has banned 34,910 players in the last 7 days. 
22:00:29.361 INFO  Minecraft: Staff have banned an additional 20,111 in the last 7 days. 
22:00:29.362 INFO  Minecraft: Blacklisted modifications are a bannable offense! 
22:00:29.363 INFO  Minecraft:  
23:15:01.420 INFO  Minecraft: Guild > NucOps06 left. 
23:15:04.465 INFO  Minecraft: Guild > NucOps06 joined. 

