00:16:45.924 INFO  Minecraft: §C§LSEASON OF JERRY Mount Jerry is going to erupt in 3 days! Go to Jerry's Workshop to save the Jerrys and their Gifts! CLICK HERE to join! 
00:35:59.899 INFO  Minecraft: §C§LSEASON OF JERRY Mount Jerry is going to erupt in 2 days! Go to Jerry's Workshop to save the Jerrys and their Gifts! CLICK HERE to join! 
00:52:53.979 INFO  Minecraft: Friend > IdlyChiqken left. 
00:56:15.129 INFO  Minecraft: §C§LSEASON OF JERRY Mount Jerry is going to erupt in 1 day! Go to Jerry's Workshop to save the Jerrys and their Gifts! CLICK HERE to join! 
01:03:35.779 INFO  Minecraft: Friend > SnowedSeal joined. 
01:16:01.361 INFO  Minecraft: §C§LSEASON OF JERRY Mount Jerry is moments away from erupting! Go to Jerry's Workshop to save the Gifts! CLICK HERE to join! 
01:54:59.985 INFO  Minecraft: The New Year’s Celebration event is starting in 3 days! 
02:00:06.372 INFO  Minecraft:  
02:00:06.381 INFO  Minecraft: [WATCHDOG ANNOUNCEMENT] 
02:00:06.382 INFO  Minecraft: Watchdog has banned 34,974 players in the last 7 days. 
02:00:06.383 INFO  Minecraft: Staff have banned an additional 14,388 in the last 7 days. 
02:00:06.384 INFO  Minecraft: Blacklisted modifications are a bannable offense! 
02:00:06.385 INFO  Minecraft:  
02:14:59.879 INFO  Minecraft: The New Year’s Celebration event is starting in 2 days! 
02:17:18.418 INFO  Minecraft: Friend > SnowedSeal left. 
02:34:59.289 INFO  Minecraft: The New Year’s Celebration event is starting in 1 day! 
02:36:36.484 INFO  Discord: [💬→︱guild-chat] Gura's Shrimp: DEaD CHAT 
02:36:36.835 INFO  Minecraft: Guild > Minikloons [LS]: Gura'sShrimp» DEaD CHAT 
02:44:49.697 INFO  Minecraft: Guild > FearTheVillain3 joined. 
02:56:20.144 INFO  Minecraft: A Event: New Year’s Celebration! A 
02:56:20.152 INFO  Minecraft: Everyone is having a party in the Village! 
02:56:20.154 INFO  Minecraft: Go there and talk to the Baker to get your New Year's Cake! 
02:56:20.155 INFO  Minecraft:  
03:15:55.232 INFO  Minecraft: Guild > LionyLev joined. 
03:16:20.810 INFO  Minecraft: A Event: New Year’s Celebration! A 
03:16:20.818 INFO  Minecraft: Everyone is having a party in the Village! 
03:16:20.819 INFO  Minecraft: Go there and talk to the Baker to get your New Year's Cake! 
03:16:20.820 INFO  Minecraft:  
03:22:31.524 INFO  Minecraft: Guild > LionyLev left. 
03:32:45.430 INFO  Minecraft: Guild > FearTheVillain3 left. 
03:36:20.462 INFO  Minecraft: A Event: New Year’s Celebration! A 
03:36:20.464 INFO  Minecraft: Everyone is having a party in the Village! 
03:36:20.466 INFO  Minecraft: Go there and talk to the Baker to get your New Year's Cake! 
03:36:20.466 INFO  Minecraft:  
03:42:17.221 INFO  Minecraft: Guild > LionyLev joined. 
03:43:15.885 INFO  Minecraft: Guild > LionyLev left. 
03:44:08.346 INFO  Minecraft: Guild > LionyLev joined. 
03:45:45.257 INFO  Minecraft: Guild > FearTheVillain3 joined. 
03:48:54.923 INFO  Minecraft: Guild > LionyLev left. 
03:49:38.038 INFO  Minecraft: Guild > LionyLev joined. 
04:00:06.580 INFO  Minecraft:  
04:00:06.589 INFO  Minecraft: [WATCHDOG ANNOUNCEMENT] 
04:00:06.589 INFO  Minecraft: Watchdog has banned 35,110 players in the last 7 days. 
04:00:06.590 INFO  Minecraft: Staff have banned an additional 14,305 in the last 7 days. 
04:00:06.591 INFO  Minecraft: Blacklisted modifications are a bannable offense! 
04:00:06.591 INFO  Minecraft:  
04:09:17.203 INFO  Minecraft: Guild > LionyLev left. 
04:30:08.298 INFO  Minecraft: Guild > FearTheVillain3 left. 
04:32:03.882 INFO  Minecraft: Guild > FearTheVillain3 joined. 
04:39:39.274 INFO  Minecraft: Guild > FearTheVillain3 left. 
04:42:57.079 INFO  Minecraft: Guild > FearTheVillain3 joined. 
04:57:48.803 INFO  Minecraft: [SkyBlock] [VIP+] devsunday is visiting Your Island! 
05:08:18.316 INFO  Minecraft: Friend > SnowedSeal joined. 
05:25:52.251 INFO  Minecraft: Friend > SnowedSeal left. 
06:00:07.871 INFO  Minecraft:  
06:00:07.881 INFO  Minecraft: [WATCHDOG ANNOUNCEMENT] 
06:00:07.882 INFO  Minecraft: Watchdog has banned 37,040 players in the last 7 days. 
06:00:07.883 INFO  Minecraft: Staff have banned an additional 14,196 in the last 7 days. 
06:00:07.884 INFO  Minecraft: Blacklisted modifications are a bannable offense! 
06:00:07.885 INFO  Minecraft:  
06:23:35.679 INFO  Minecraft: Guild > FearTheVillain3 left. 
06:23:37.934 INFO  Minecraft: Guild > FearTheVillain3 joined. 
06:45:57.326 INFO  Minecraft: Guild > LionyLev joined. 
06:54:27.946 INFO  Minecraft: Guild > LionyLev left. 
07:39:59.169 INFO  Minecraft: Guild > FearTheVillain3 left. 
07:43:54.041 INFO  Minecraft: Guild > OwOWolfs joined. 
07:47:48.973 INFO  Minecraft: Guild > FearTheVillain3 joined. 
08:00:08.430 INFO  Minecraft:  
08:00:08.439 INFO  Minecraft: [WATCHDOG ANNOUNCEMENT] 
08:00:08.440 INFO  Minecraft: Watchdog has banned 37,383 players in the last 7 days. 
08:00:08.441 INFO  Minecraft: Staff have banned an additional 14,031 in the last 7 days. 
08:00:08.442 INFO  Minecraft: Blacklisted modifications are a bannable offense! 
08:00:08.442 INFO  Minecraft:  
08:12:22.807 INFO  Minecraft: [Important] This server will restart soon: For a game update 
08:12:22.819 INFO  Minecraft: You have 30 seconds to warp out! CLICK to warp now! 
08:12:50.880 INFO  Minecraft: Evacuating to Hub... 
08:12:50.929 INFO  Minecraft: Sending to server mini755Q... 
08:12:51.072 INFO  Logged in. 
08:12:51.639 INFO  Minecraft:         
08:12:51.776 INFO  Minecraft: ----------------------------------------------------- 
08:12:51.778 INFO  Minecraft: You have just received 270,110 coins as interest in your co-op bank account! 
08:12:51.778 INFO  Minecraft: ----------------------------------------------------- 
08:12:55.137 INFO  Minecraft: You are playing on profile: Zucchini (Co-op) 
08:12:56.075 INFO  Sending to skyblock. 
08:12:56.337 INFO  Minecraft: You are already playing SkyBlock! 
08:13:01.365 INFO  Minecraft: Warping you to your SkyBlock island... 
08:13:01.783 INFO  Minecraft: Sending to server mini724K... 
08:13:01.949 INFO  Logged in. 
08:13:02.631 INFO  Minecraft:         
08:13:05.366 INFO  Minecraft: You are playing on profile: Zucchini (Co-op) 
08:13:06.963 INFO  Sending to skyblock. 
08:13:07.209 INFO  Minecraft: You are already playing SkyBlock! 
08:13:12.318 INFO  Minecraft: You're already sitting on this island! 
08:20:36.809 INFO  Minecraft: [Important] This server will restart soon: For a game update 
08:20:36.820 INFO  Minecraft: You have 30 seconds to warp out! CLICK to warp now! 
08:21:04.826 INFO  Minecraft: Evacuating to Hub... 
08:21:04.967 INFO  Minecraft: Sending to server mini674Q... 
08:21:05.097 INFO  Logged in. 
08:21:05.384 INFO  Minecraft:         
08:21:08.515 INFO  Minecraft: You are playing on profile: Zucchini (Co-op) 
08:21:10.103 INFO  Sending to skyblock. 
08:21:10.382 INFO  Minecraft: You are already playing SkyBlock! 
08:21:15.400 INFO  Minecraft: Warping you to your SkyBlock island... 
08:21:15.709 INFO  Minecraft: Sending to server mini335V... 
08:21:15.795 INFO  Logged in. 
08:21:16.186 INFO  Minecraft:         
08:21:19.230 INFO  Minecraft: You are playing on profile: Zucchini (Co-op) 
08:21:20.805 INFO  Sending to skyblock. 
08:21:21.058 INFO  Minecraft: You are already playing SkyBlock! 
08:21:26.171 INFO  Minecraft: You're already sitting on this island! 
08:40:34.430 INFO  Minecraft: Guild > FearTheVillain3 left. 
08:44:55.147 INFO  Minecraft: Guild > FearTheVillain3 joined. 
09:32:45.136 INFO  Minecraft: Guild > OwOWolfs left. 
09:35:11.385 INFO  Minecraft: Friend > IdlyChiqken joined. 
09:39:15.571 INFO  Minecraft: Friend > SnowedSeal joined. 
09:47:35.494 INFO  Minecraft: Guild > FearTheVillain3 left. 
09:47:44.265 INFO  Minecraft: Guild > FearTheVillain3 joined. 
09:56:59.164 INFO  Minecraft: Guild > FearTheVillain3 left. 
10:00:08.609 INFO  Minecraft:  
10:00:08.611 INFO  Minecraft: [WATCHDOG ANNOUNCEMENT] 
10:00:08.612 INFO  Minecraft: Watchdog has banned 37,406 players in the last 7 days. 
10:00:08.613 INFO  Minecraft: Staff have banned an additional 14,148 in the last 7 days. 
10:00:08.616 INFO  Minecraft: Blacklisted modifications are a bannable offense! 
10:00:08.618 INFO  Minecraft:  
10:24:35.497 INFO  Minecraft: Friend > SnowedSeal left. 
10:30:19.982 INFO  Minecraft: Guild > FearTheVillain3 joined. 
10:35:59.156 INFO  Minecraft: Guild > LionyLev joined. 
10:59:17.085 INFO  Minecraft: Guild > LionyLev left. 
10:59:50.107 INFO  Minecraft: Guild > Pizzas_faces joined. 
11:17:43.075 INFO  Minecraft: Friend > SnowedSeal joined. 
11:30:01.350 INFO  Minecraft: Friend > SnowedSeal left. 
11:46:40.784 INFO  Minecraft: Guild > Pizzas_faces left. 
11:47:56.896 INFO  Minecraft: Guild > Pizzas_faces joined. 
11:47:58.170 INFO  Minecraft: Guild > Pizzas_faces joined. 
11:47:59.883 INFO  Minecraft: Guild > Pizzas_faces left. 
11:48:03.210 INFO  Minecraft: Guild > Pizzas_faces joined. 
11:48:19.328 INFO  Minecraft: Guild > Pizzas_faces left. 
11:52:25.620 INFO  Minecraft: Guild > FearTheVillain3 left. 
11:54:34.745 INFO  Minecraft: Guild > Pizzas_faces left. 
12:00:08.831 INFO  Minecraft:  
12:00:08.840 INFO  Minecraft: [WATCHDOG ANNOUNCEMENT] 
12:00:08.841 INFO  Minecraft: Watchdog has banned 37,412 players in the last 7 days. 
12:00:08.842 INFO  Minecraft: Staff have banned an additional 13,978 in the last 7 days. 
12:00:08.842 INFO  Minecraft: Blacklisted modifications are a bannable offense! 
12:00:08.843 INFO  Minecraft:  
12:55:13.218 INFO  Logging in. 
12:55:14.675 INFO  Discord: Logged in. 
12:55:16.408 INFO  Logged in. 
12:55:16.626 INFO  Minecraft:                                       
12:55:16.637 INFO  Minecraft:                           
12:55:16.882 INFO  Minecraft: You found a ✰✰✰✰✰ Mystery Box! 
12:55:17.016 INFO  Minecraft: ----------------------------------------------------- 
12:55:17.018 INFO  Minecraft: Requirements are Skill Avg 23, Cata 23, and 170m net, along 
12:55:17.019 INFO  Minecraft: with 85k gexp a week! Make sure to have fun and contact 
12:55:17.020 INFO  Minecraft: OwOSeal or Smol if you have something to report, or something else to say! 
12:55:17.022 INFO  Minecraft: ----------------------------------------------------- 
12:55:21.419 INFO  Sending to skyblock. 
12:55:21.830 INFO  Minecraft: Sending to server mini772D... 
12:55:21.987 INFO  Logged in. 
12:55:22.306 INFO  Minecraft:         
12:55:25.407 INFO  Minecraft: You are playing on profile: Zucchini (Co-op) 
12:55:25.998 INFO  Minecraft:  
12:55:26.033 INFO  Minecraft: Welcome to Hypixel SkyBlock! 
12:55:26.996 INFO  Sending to skyblock. 
12:55:27.071 INFO  Minecraft: You're already sitting on this island! 
12:55:27.255 INFO  Minecraft: Cannot join SkyBlock for a moment! (Queue join in cooldown) 
12:55:32.312 INFO  Minecraft: You're already sitting on this island! 
12:58:52.882 INFO  Minecraft: Guild > FearTheVillain3 joined. 
14:00:09.083 INFO  Minecraft:  
14:00:09.086 INFO  Minecraft: [WATCHDOG ANNOUNCEMENT] 
14:00:09.087 INFO  Minecraft: Watchdog has banned 37,353 players in the last 7 days. 
14:00:09.088 INFO  Minecraft: Staff have banned an additional 14,103 in the last 7 days. 
14:00:09.089 INFO  Minecraft: Blacklisted modifications are a bannable offense! 
14:00:09.090 INFO  Minecraft:  
14:07:15.871 INFO  Minecraft: Guild > FearTheVillain3 left. 
14:27:14.279 INFO  Minecraft: Guild > FearTheVillain3 joined. 
14:31:42.550 INFO  Minecraft: Guild > FearTheVillain3 left. 
14:32:03.727 INFO  Minecraft: Guild > FearTheVillain3 joined. 
14:48:02.199 INFO  Minecraft: Guild > FearTheVillain3 left. 
16:00:09.286 INFO  Minecraft:  
16:00:09.290 INFO  Minecraft: [WATCHDOG ANNOUNCEMENT] 
16:00:09.291 INFO  Minecraft: Watchdog has banned 37,370 players in the last 7 days. 
16:00:09.291 INFO  Minecraft: Staff have banned an additional 14,130 in the last 7 days. 
16:00:09.292 INFO  Minecraft: Blacklisted modifications are a bannable offense! 
16:00:09.293 INFO  Minecraft:  
16:13:33.495 INFO  Minecraft: [SkyBlock] [VIP] niplig_chickens is visiting Your Island! 
16:27:49.552 INFO  Minecraft: Friend > IdlyChiqken left. 
16:28:08.340 INFO  Minecraft: Friend > IdlyChiqken joined. 
17:13:00.025 INFO  Minecraft: Friend > IdlyChiqken left. 
17:27:43.425 INFO  Minecraft: Friend > IdlyChiqken joined. 
18:00:00.818 INFO  Minecraft:  
18:00:00.821 INFO  Minecraft: [WATCHDOG ANNOUNCEMENT] 
18:00:00.822 INFO  Minecraft: Watchdog has banned 37,347 players in the last 7 days. 
18:00:00.822 INFO  Minecraft: Staff have banned an additional 13,936 in the last 7 days. 
18:00:00.823 INFO  Minecraft: Blacklisted modifications are a bannable offense! 
18:00:00.824 INFO  Minecraft:  
18:17:43.208 INFO  Minecraft: [Important] This server will restart soon: For a game update 
18:17:43.219 INFO  Minecraft: You have 30 seconds to warp out! CLICK to warp now! 
18:18:11.249 INFO  Minecraft: Evacuating to Hub... 
18:18:11.400 INFO  Minecraft: Sending to server mini444N... 
18:18:11.526 INFO  Logged in. 
18:18:11.984 INFO  Minecraft:         
18:18:15.035 INFO  Minecraft: You are playing on profile: Zucchini (Co-op) 
18:18:15.922 INFO  Minecraft: ALLOWANCE! You earned 50,000 coins! 
18:18:16.527 INFO  Sending to skyblock. 
18:18:16.782 INFO  Minecraft: You are already playing SkyBlock! 
18:18:21.842 INFO  Minecraft: Warping you to your SkyBlock island... 
18:18:22.148 INFO  Minecraft: Sending to server mini761S... 
18:18:22.305 INFO  Logged in. 
18:18:22.628 INFO  Minecraft:         
18:18:25.659 INFO  Minecraft: You are playing on profile: Zucchini (Co-op) 
18:18:27.306 INFO  Sending to skyblock. 
18:18:27.562 INFO  Minecraft: You are already playing SkyBlock! 
18:18:32.605 INFO  Minecraft: You're already sitting on this island! 
18:35:34.791 INFO  Minecraft: Friend > IdlyChiqken left. 
18:36:05.013 INFO  Minecraft: Friend > IdlyChiqken joined. 
19:28:56.111 INFO  Minecraft: Friend > IdlyChiqken left. 
19:29:04.089 INFO  Minecraft: Friend > IdlyChiqken joined. 
20:00:00.999 INFO  Minecraft:  
20:00:01.002 INFO  Minecraft: [WATCHDOG ANNOUNCEMENT] 
20:00:01.003 INFO  Minecraft: Watchdog has banned 37,281 players in the last 7 days. 
20:00:01.004 INFO  Minecraft: Staff have banned an additional 13,848 in the last 7 days. 
20:00:01.004 INFO  Minecraft: Blacklisted modifications are a bannable offense! 
20:00:01.005 INFO  Minecraft:  
20:24:06.550 INFO  Minecraft: Friend > IdlyChiqken left. 
20:24:16.588 INFO  Minecraft: Friend > IdlyChiqken joined. 
21:26:05.744 INFO  Minecraft: Friend > IdlyChiqken left. 
21:44:36.129 INFO  Minecraft: Friend > IdlyChiqken joined. 
21:55:19.302 INFO  Minecraft: [Important] This server will restart soon: For a game update 
21:55:19.319 INFO  Minecraft: You have 30 seconds to warp out! CLICK to warp now! 
21:55:47.344 INFO  Minecraft: Evacuating to Hub... 
21:55:47.394 INFO  Minecraft: Sending to server mini341V... 
21:55:47.472 INFO  Logged in. 
21:55:47.936 INFO  Minecraft:         
21:55:50.968 INFO  Minecraft: You are playing on profile: Zucchini (Co-op) 
21:55:52.480 INFO  Sending to skyblock. 
21:55:52.740 INFO  Minecraft: You are already playing SkyBlock! 
21:55:57.812 INFO  Minecraft: Warping you to your SkyBlock island... 
21:55:58.069 INFO  Minecraft: Sending to server mini525K... 
21:55:58.216 INFO  Logged in. 
21:55:58.751 INFO  Minecraft:         
21:56:01.612 INFO  Minecraft: You are playing on profile: Zucchini (Co-op) 
21:56:03.225 INFO  Sending to skyblock. 
21:56:03.474 INFO  Minecraft: You are already playing SkyBlock! 
21:56:08.568 INFO  Minecraft: You're already sitting on this island! 
22:00:01.193 INFO  Minecraft:  
22:00:01.196 INFO  Minecraft: [WATCHDOG ANNOUNCEMENT] 
22:00:01.197 INFO  Minecraft: Watchdog has banned 37,102 players in the last 7 days. 
22:00:01.197 INFO  Minecraft: Staff have banned an additional 13,613 in the last 7 days. 
22:00:01.198 INFO  Minecraft: Blacklisted modifications are a bannable offense! 
22:00:01.199 INFO  Minecraft:  
22:23:37.763 INFO  Minecraft: Friend > IdlyChiqken left. 
00:00:01.500 INFO  Minecraft:  
00:00:01.504 INFO  Minecraft: [WATCHDOG ANNOUNCEMENT] 
00:00:01.505 INFO  Minecraft: Watchdog has banned 36,941 players in the last 7 days. 
00:00:01.505 INFO  Minecraft: Staff have banned an additional 13,555 in the last 7 days. 
00:00:01.506 INFO  Minecraft: Blacklisted modifications are a bannable offense! 
00:00:01.507 INFO  Minecraft:  

