14:58:28.402 INFO  Logging in. 
14:58:30.766 INFO  Discord: Logged in. 
14:58:32.790 INFO  Minecraft:  
14:58:32.802 INFO  Minecraft: An kick occurred in your connection. Reason: [LP] A database error occurred whilst loading permissions data. Please try again later. If you are a server admin, please check the console for any errors. 
14:58:32.805 INFO  Minecraft: You have been send back to the main lobby. 
14:58:32.806 INFO  Minecraft:  
15:03:36.059 INFO  Logging in. 
15:03:37.938 INFO  Discord: Logged in. 
15:03:38.547 INFO  Minecraft:  
15:03:38.565 INFO  Minecraft: An kick occurred in your connection. Reason: [LP] A database error occurred whilst loading permissions data. Please try again later. If you are a server admin, please check the console for any errors. 
15:03:38.569 INFO  Minecraft: You have been send back to the main lobby. 
15:03:38.570 INFO  Minecraft:  
15:08:41.032 INFO  Logging in. 
15:08:42.861 INFO  Discord: Logged in. 
15:08:44.640 INFO  Minecraft:  
15:08:44.651 INFO  Minecraft: An kick occurred in your connection. Reason: [LP] A database error occurred whilst loading permissions data. Please try again later. If you are a server admin, please check the console for any errors. 
15:08:44.655 INFO  Minecraft: You have been send back to the main lobby. 
15:08:44.658 INFO  Minecraft:  
15:13:47.309 INFO  Logging in. 
15:13:49.357 INFO  Discord: Logged in. 
15:13:50.531 INFO  Minecraft:  
15:13:50.547 INFO  Minecraft: An kick occurred in your connection. Reason: [LP] A database error occurred whilst loading permissions data. Please try again later. If you are a server admin, please check the console for any errors. 
15:13:50.549 INFO  Minecraft: You have been send back to the main lobby. 
15:13:50.550 INFO  Minecraft:  
15:18:53.426 INFO  Logging in. 
15:18:55.482 INFO  Discord: Logged in. 
15:18:55.983 INFO  Minecraft:  
15:18:56.006 INFO  Minecraft: An kick occurred in your connection. Reason: [LP] A database error occurred whilst loading permissions data. Please try again later. If you are a server admin, please check the console for any errors. 
15:18:56.009 INFO  Minecraft: You have been send back to the main lobby. 
15:18:56.011 INFO  Minecraft:  
15:23:59.649 INFO  Logging in. 
15:24:02.004 INFO  Discord: Logged in. 
15:24:03.271 INFO  Minecraft:  
15:24:03.286 INFO  Minecraft: An kick occurred in your connection. Reason: [LP] A database error occurred whilst loading permissions data. Please try again later. If you are a server admin, please check the console for any errors. 
15:24:03.288 INFO  Minecraft: You have been send back to the main lobby. 
15:24:03.289 INFO  Minecraft:  
15:29:06.753 INFO  Logging in. 
15:29:09.013 INFO  Discord: Logged in. 
15:29:09.990 INFO  Minecraft:  
15:29:10.003 INFO  Minecraft: An kick occurred in your connection. Reason: [LP] A database error occurred whilst loading permissions data. Please try again later. If you are a server admin, please check the console for any errors. 
15:29:10.005 INFO  Minecraft: You have been send back to the main lobby. 
15:29:10.006 INFO  Minecraft:  
15:34:13.901 INFO  Logging in. 
15:34:16.331 INFO  Discord: Logged in. 
15:34:18.480 INFO  Minecraft:  
15:34:18.499 INFO  Minecraft: An kick occurred in your connection. Reason: [LP] A database error occurred whilst loading permissions data. Please try again later. If you are a server admin, please check the console for any errors. 
15:34:18.513 INFO  Minecraft: You have been send back to the main lobby. 
15:34:18.517 INFO  Minecraft:  
15:39:22.947 INFO  Logging in. 
15:39:25.350 INFO  Discord: Logged in. 
15:39:26.633 INFO  Minecraft:  
15:39:26.648 INFO  Minecraft: An kick occurred in your connection. Reason: [LP] A database error occurred whilst loading permissions data. Please try again later. If you are a server admin, please check the console for any errors. 
15:39:26.650 INFO  Minecraft: You have been send back to the main lobby. 
15:39:26.652 INFO  Minecraft:  
15:44:30.032 INFO  Logging in. 
15:44:32.307 INFO  Discord: Logged in. 
15:44:33.512 INFO  Minecraft:  
15:44:33.531 INFO  Minecraft: An kick occurred in your connection. Reason: [LP] A database error occurred whilst loading permissions data. Please try again later. If you are a server admin, please check the console for any errors. 
15:44:33.535 INFO  Minecraft: You have been send back to the main lobby. 
15:44:33.542 INFO  Minecraft:  
15:49:36.895 INFO  Logging in. 
15:49:39.090 INFO  Discord: Logged in. 
15:49:40.224 INFO  Minecraft:  
15:49:40.236 INFO  Minecraft: An kick occurred in your connection. Reason: [LP] A database error occurred whilst loading permissions data. Please try again later. If you are a server admin, please check the console for any errors. 
15:49:40.242 INFO  Minecraft: You have been send back to the main lobby. 
15:49:40.243 INFO  Minecraft:  
15:54:43.955 INFO  Logging in. 
15:54:46.296 INFO  Discord: Logged in. 
15:54:46.926 INFO  Minecraft:  
15:54:46.955 INFO  Minecraft: An kick occurred in your connection. Reason: [LP] A database error occurred whilst loading permissions data. Please try again later. If you are a server admin, please check the console for any errors. 
15:54:46.958 INFO  Minecraft: You have been send back to the main lobby. 
15:54:46.960 INFO  Minecraft:  
15:59:52.975 INFO  Logging in. 
15:59:56.061 INFO  Discord: Logged in. 
16:05:19.238 INFO  Logging in. 
16:05:21.791 INFO  Discord: Logged in. 
16:05:23.135 INFO  Minecraft:  
16:05:23.155 INFO  Minecraft: An kick occurred in your connection. Reason: [LP] A database error occurred whilst loading permissions data. Please try again later. If you are a server admin, please check the console for any errors. 
16:05:23.164 INFO  Minecraft: You have been send back to the main lobby. 
16:05:23.167 INFO  Minecraft:  
16:10:26.471 INFO  Logging in. 
16:10:28.982 INFO  Discord: Logged in. 
16:10:29.621 INFO  Minecraft:  
16:10:29.634 INFO  Minecraft: An kick occurred in your connection. Reason: [LP] A database error occurred whilst loading permissions data. Please try again later. If you are a server admin, please check the console for any errors. 
16:10:29.636 INFO  Minecraft: You have been send back to the main lobby. 
16:10:29.637 INFO  Minecraft:  
16:15:32.551 INFO  Logging in. 
16:15:34.560 INFO  Discord: Logged in. 
16:15:36.299 INFO  Minecraft:  
16:15:36.311 INFO  Minecraft: An kick occurred in your connection. Reason: [LP] A database error occurred whilst loading permissions data. Please try again later. If you are a server admin, please check the console for any errors. 
16:15:36.315 INFO  Minecraft: You have been send back to the main lobby. 
16:15:36.316 INFO  Minecraft:  
16:20:39.694 INFO  Logging in. 
16:20:41.706 INFO  Discord: Logged in. 
16:20:43.413 INFO  Minecraft:  
16:20:43.457 INFO  Minecraft: An kick occurred in your connection. Reason: [LP] A database error occurred whilst loading permissions data. Please try again later. If you are a server admin, please check the console for any errors. 
16:20:43.469 INFO  Minecraft: You have been send back to the main lobby. 
16:20:43.472 INFO  Minecraft:  
16:25:46.422 INFO  Logging in. 
16:25:48.310 INFO  Discord: Logged in. 
16:25:50.086 INFO  Minecraft:  
16:25:50.132 INFO  Minecraft: An kick occurred in your connection. Reason: [LP] A database error occurred whilst loading permissions data. Please try again later. If you are a server admin, please check the console for any errors. 
16:25:50.139 INFO  Minecraft: You have been send back to the main lobby. 
16:25:50.150 INFO  Minecraft:  
16:30:53.607 INFO  Logging in. 
16:30:55.820 INFO  Discord: Logged in. 
16:30:56.966 INFO  Minecraft:  
16:30:56.977 INFO  Minecraft: An kick occurred in your connection. Reason: [LP] A database error occurred whilst loading permissions data. Please try again later. If you are a server admin, please check the console for any errors. 
16:30:56.979 INFO  Minecraft: You have been send back to the main lobby. 
16:30:56.981 INFO  Minecraft:  
16:36:00.707 INFO  Logging in. 
16:36:02.972 INFO  Discord: Logged in. 
16:36:05.150 INFO  Minecraft:  
16:36:05.163 INFO  Minecraft: An kick occurred in your connection. Reason: [LP] A database error occurred whilst loading permissions data. Please try again later. If you are a server admin, please check the console for any errors. 
16:36:05.165 INFO  Minecraft: You have been send back to the main lobby. 
16:36:05.166 INFO  Minecraft:  
16:41:08.778 INFO  Logging in. 
16:41:11.165 INFO  Discord: Logged in. 
16:41:12.894 INFO  Minecraft:  
16:41:12.904 INFO  Minecraft: An kick occurred in your connection. Reason: [LP] A database error occurred whilst loading permissions data. Please try again later. If you are a server admin, please check the console for any errors. 
16:41:12.907 INFO  Minecraft: You have been send back to the main lobby. 
16:41:12.909 INFO  Minecraft:  
16:46:16.780 INFO  Logging in. 
16:46:19.014 INFO  Discord: Logged in. 
16:46:19.672 INFO  Minecraft:  
16:46:19.689 INFO  Minecraft: An kick occurred in your connection. Reason: [LP] A database error occurred whilst loading permissions data. Please try again later. If you are a server admin, please check the console for any errors. 
16:46:19.692 INFO  Minecraft: You have been send back to the main lobby. 
16:46:19.694 INFO  Minecraft:  
16:51:22.902 INFO  Logging in. 
16:51:25.351 INFO  Discord: Logged in. 
16:51:26.385 INFO  Minecraft:  
16:51:26.409 INFO  Minecraft: An kick occurred in your connection. Reason: [LP] A database error occurred whilst loading permissions data. Please try again later. If you are a server admin, please check the console for any errors. 
16:51:26.412 INFO  Minecraft: You have been send back to the main lobby. 
16:51:26.419 INFO  Minecraft:  
16:56:29.641 INFO  Logging in. 
16:56:31.882 INFO  Discord: Logged in. 
16:56:32.419 INFO  Minecraft:  
16:56:32.449 INFO  Minecraft: An kick occurred in your connection. Reason: [LP] A database error occurred whilst loading permissions data. Please try again later. If you are a server admin, please check the console for any errors. 
16:56:32.452 INFO  Minecraft: You have been send back to the main lobby. 
16:56:32.454 INFO  Minecraft:  
17:01:36.336 INFO  Logging in. 
17:01:38.768 INFO  Discord: Logged in. 
17:01:40.514 INFO  Minecraft:  
17:01:40.527 INFO  Minecraft: An kick occurred in your connection. Reason: [LP] A database error occurred whilst loading permissions data. Please try again later. If you are a server admin, please check the console for any errors. 
17:01:40.530 INFO  Minecraft: You have been send back to the main lobby. 
17:01:40.533 INFO  Minecraft:  
17:06:43.458 INFO  Logging in. 
17:06:45.439 INFO  Discord: Logged in. 
17:06:47.185 INFO  Minecraft:  
17:06:47.197 INFO  Minecraft: An kick occurred in your connection. Reason: [LP] A database error occurred whilst loading permissions data. Please try again later. If you are a server admin, please check the console for any errors. 
17:06:47.201 INFO  Minecraft: You have been send back to the main lobby. 
17:06:47.202 INFO  Minecraft:  
17:11:50.410 INFO  Logging in. 
17:11:52.545 INFO  Discord: Logged in. 
17:11:54.764 INFO  Minecraft:  
17:11:54.777 INFO  Minecraft: An kick occurred in your connection. Reason: [LP] A database error occurred whilst loading permissions data. Please try again later. If you are a server admin, please check the console for any errors. 
17:11:54.780 INFO  Minecraft: You have been send back to the main lobby. 
17:11:54.781 INFO  Minecraft:  
17:16:57.209 INFO  Logging in. 
17:16:59.107 INFO  Discord: Logged in. 
17:17:00.998 INFO  Minecraft:  
17:17:01.013 INFO  Minecraft: An kick occurred in your connection. Reason: [LP] A database error occurred whilst loading permissions data. Please try again later. If you are a server admin, please check the console for any errors. 
17:17:01.016 INFO  Minecraft: You have been send back to the main lobby. 
17:17:01.018 INFO  Minecraft:  
17:22:05.286 INFO  Logging in. 
17:22:07.701 INFO  Discord: Logged in. 
17:22:08.824 INFO  Minecraft:  
17:22:08.858 INFO  Minecraft: An kick occurred in your connection. Reason: [LP] A database error occurred whilst loading permissions data. Please try again later. If you are a server admin, please check the console for any errors. 
17:22:08.862 INFO  Minecraft: You have been send back to the main lobby. 
17:22:08.865 INFO  Minecraft:  
17:27:12.729 INFO  Logging in. 
17:27:14.940 INFO  Discord: Logged in. 
17:27:16.689 INFO  Minecraft:  
17:27:16.702 INFO  Minecraft: An kick occurred in your connection. Reason: [LP] A database error occurred whilst loading permissions data. Please try again later. If you are a server admin, please check the console for any errors. 
17:27:16.705 INFO  Minecraft: You have been send back to the main lobby. 
17:27:16.706 INFO  Minecraft:  
17:32:19.341 INFO  Logging in. 
17:32:21.496 INFO  Discord: Logged in. 
17:32:23.263 INFO  Minecraft:  
17:32:23.282 INFO  Minecraft: An kick occurred in your connection. Reason: [LP] A database error occurred whilst loading permissions data. Please try again later. If you are a server admin, please check the console for any errors. 
17:32:23.298 INFO  Minecraft: You have been send back to the main lobby. 
17:32:23.299 INFO  Minecraft:  
17:37:27.509 INFO  Logging in. 
17:37:31.069 INFO  Discord: Logged in. 
17:37:32.264 INFO  Minecraft:  
17:37:32.282 INFO  Minecraft: An kick occurred in your connection. Reason: [LP] A database error occurred whilst loading permissions data. Please try again later. If you are a server admin, please check the console for any errors. 
17:37:32.286 INFO  Minecraft: You have been send back to the main lobby. 
17:37:32.315 INFO  Minecraft:  
17:42:37.880 INFO  Logging in. 
17:42:40.555 INFO  Discord: Logged in. 
17:42:43.133 INFO  Logged in. 
17:42:43.421 INFO  Minecraft: You've found a hidden MYSTERY BOX! 
17:42:50.709 INFO  Sending to skyblock. 
17:42:55.186 INFO  Minecraft: Unknown command. Type "/help" for help. 
17:42:55.206 INFO  Minecraft: Unknown command. Type "/help" for help. 
17:45:59.376 INFO  Discord: [💬👮→︱officer-chat] Dev/Mod BamBoozledMC: /clear 20 

