00:01:13.173 INFO  Minecraft:  
00:01:13.181 INFO  Minecraft: [WATCHDOG ANNOUNCEMENT] 
00:01:13.186 INFO  Minecraft: Watchdog has banned 31,841 players in the last 7 days. 
00:01:13.186 INFO  Minecraft: Staff have banned an additional 13,176 in the last 7 days. 
00:01:13.188 INFO  Minecraft: Blacklisted modifications are a bannable offense! 
00:01:13.188 INFO  Minecraft:  
00:04:13.451 INFO  Minecraft: Guild > friendly_rook left. 
00:05:44.478 INFO  Minecraft: Guild > friendly_rook joined. 
00:28:16.348 INFO  Minecraft: Guild > friendly_rook left. 
00:37:03.659 INFO  Minecraft: Guild > NucOps06 joined. 
00:56:27.618 INFO  Discord: [锔guild-chat] Gura's Shrimp: yo uys 
00:56:27.906 INFO  Minecraft: Guild > Minikloons [LS]: Gura'sShrimp禄 yo uys 
00:56:35.824 INFO  Discord: [锔guild-chat] Gura's Shrimp: why does genshin take forever to load 
00:56:36.064 INFO  Minecraft: Guild > Minikloons [LS]: Gura'sShrimp禄 why does genshin take forever to load 
01:19:31.424 INFO  Minecraft: Guild > oSnapItsWalter left. 
01:27:41.205 INFO  Minecraft: Guild > NucOps06 left. 
01:52:39.532 INFO  Minecraft: Guild > UnknowAccount left. 
01:58:12.851 INFO  Minecraft: Guild > NucOps06 joined. 
01:58:46.979 INFO  Discord: [锔guild-chat] Gura's Shrimp: .... 
01:58:47.488 INFO  Minecraft: Guild > Minikloons [LS]: Gura'sShrimp禄 .... 
01:58:47.894 INFO  Discord: [锔guild-chat] Gura's Shrimp: .... 
01:58:48.233 INFO  Minecraft: You cannot say the same message twice! 
01:58:48.564 INFO  Discord: [锔guild-chat] Gura's Shrimp: ... 
01:58:48.899 INFO  Minecraft: You cannot say the same message twice! 
01:58:51.206 INFO  Discord: [锔guild-chat] Gura's Shrimp: DEAD CHAt 
01:58:51.441 INFO  Minecraft: Guild > Minikloons [LS]: Gura'sShrimp禄 DEAD CHAt 
02:02:12.987 INFO  Minecraft:  
02:02:12.998 INFO  Minecraft: [WATCHDOG ANNOUNCEMENT] 
02:02:12.999 INFO  Minecraft: Watchdog has banned 31,674 players in the last 7 days. 
02:02:13.000 INFO  Minecraft: Staff have banned an additional 13,215 in the last 7 days. 
02:02:13.000 INFO  Minecraft: Blacklisted modifications are a bannable offense! 
02:02:13.001 INFO  Minecraft:  
02:11:42.263 INFO  Minecraft: Guild > NucOps06 left. 
02:29:18.386 INFO  Minecraft: Guild > UnknowAccount joined. 
02:29:43.998 INFO  Minecraft: Guild > oSnapItsWalter joined. 
02:32:36.517 INFO  Minecraft: Guild > 3ctooo joined. 
02:33:08.805 INFO  Minecraft: Guild > 3ctooo left. 
02:47:56.907 INFO  Minecraft: Friend > SnowedSeal joined. 
02:48:54.335 INFO  Minecraft: [Important] This server will restart soon: Scheduled Reboot 
02:48:54.340 INFO  Minecraft: You have 60 seconds to warp out! CLICK to warp now! 
02:49:53.702 INFO  Minecraft: Evacuating to Hub... 
02:49:53.802 INFO  Minecraft: Sending to server mini567E... 
02:49:53.889 INFO  Logged in. 
02:49:54.350 INFO  Minecraft:         
02:49:57.513 INFO  Minecraft: You are playing on profile: Zucchini (Co-op) 
02:49:58.891 INFO  Sending to skyblock. 
02:49:59.141 INFO  Minecraft: You are already playing SkyBlock! 
02:50:04.197 INFO  Minecraft: Warping you to your SkyBlock island... 
02:50:04.446 INFO  Minecraft: Sending to server mini225V... 
02:50:04.593 INFO  Logged in. 
02:50:04.871 INFO  Minecraft:         
02:50:08.044 INFO  Minecraft: You are playing on profile: Zucchini (Co-op) 
02:50:09.602 INFO  Sending to skyblock. 
02:50:09.839 INFO  Minecraft: You are already playing SkyBlock! 
02:50:14.886 INFO  Minecraft: You're already sitting on this island! 
02:57:32.325 INFO  Minecraft: Guild > NucOps06 joined. 
03:17:15.362 INFO  Minecraft: Guild > OwOWolfs joined. 
03:17:45.828 INFO  Minecraft: Guild > NucOps06 left. 
03:26:23.741 INFO  Minecraft: Friend > SnowedSeal left. 
03:26:28.783 INFO  Minecraft: Friend > SnowedSeal joined. 
03:26:34.764 INFO  Minecraft: Friend > SnowedSeal left. 
03:29:53.240 INFO  Minecraft: Friend > SnowedSeal joined. 
03:30:40.283 INFO  Minecraft: Friend > SnowedSeal left. 
03:35:19.164 INFO  Minecraft: Friend > SnowedSeal joined. 
03:53:27.745 INFO  Minecraft: Guild > NucOps06 joined. 
03:53:55.772 INFO  Minecraft: Guild > NucOps06 left. 
03:55:20.057 INFO  Minecraft: Friend > SnowedSeal left. 
03:59:59.496 INFO  Minecraft:  
03:59:59.505 INFO  Minecraft: [WATCHDOG ANNOUNCEMENT] 
03:59:59.506 INFO  Minecraft: Watchdog has banned 31,670 players in the last 7 days. 
03:59:59.506 INFO  Minecraft: Staff have banned an additional 13,162 in the last 7 days. 
03:59:59.507 INFO  Minecraft: Blacklisted modifications are a bannable offense! 
03:59:59.508 INFO  Minecraft:  
04:09:47.640 INFO  Minecraft: Guild > NucOps06 joined. 
04:53:38.699 INFO  Minecraft: Guild > [MVP+] NucOps06 [M]: cheapiest ofa daedalus axe on my ah 7m under crafting $ 
04:54:30.350 INFO  Minecraft: Guild > NucOps06 left. 
04:54:35.476 INFO  Minecraft: Guild > NucOps06 joined. 
05:01:52.710 INFO  Minecraft: Guild > UnknowAccount left. 
05:25:54.696 INFO  Minecraft: Guild > oSnapItsWalter left. 
05:27:06.947 INFO  Minecraft: Guild > oSnapItsWalter joined. 
05:54:03.339 INFO  Minecraft: Guild > NucOps06 left. 
06:00:00.811 INFO  Minecraft:  
06:00:00.823 INFO  Minecraft: [WATCHDOG ANNOUNCEMENT] 
06:00:00.825 INFO  Minecraft: Watchdog has banned 31,664 players in the last 7 days. 
06:00:00.826 INFO  Minecraft: Staff have banned an additional 13,047 in the last 7 days. 
06:00:00.827 INFO  Minecraft: Blacklisted modifications are a bannable offense! 
06:00:00.828 INFO  Minecraft:  
06:06:32.801 INFO  Minecraft: Guild > oSnapItsWalter left. 
06:23:09.466 INFO  Minecraft: Guild > ASovietDoge joined. 
06:32:12.744 INFO  Minecraft: Guild > NucOps06 joined. 
07:15:16.017 INFO  Minecraft: Guild > ASovietDoge left. 
07:15:42.910 INFO  Minecraft: Guild > OwOWolfs left. 
07:17:48.113 INFO  Minecraft: Guild > NucOps06 left. 
07:59:22.953 INFO  Minecraft: Guild > ASovietDoge joined. 
08:00:00.827 INFO  Minecraft:  
08:00:00.830 INFO  Minecraft: [WATCHDOG ANNOUNCEMENT] 
08:00:00.831 INFO  Minecraft: Watchdog has banned 31,656 players in the last 7 days. 
08:00:00.832 INFO  Minecraft: Staff have banned an additional 13,029 in the last 7 days. 
08:00:00.834 INFO  Minecraft: Blacklisted modifications are a bannable offense! 
08:00:00.835 INFO  Minecraft:  
08:13:25.222 INFO  Minecraft:  
08:13:25.234 INFO  Minecraft: ----------------------------------------------------- 
08:13:25.258 INFO  Minecraft:  
08:13:25.259 INFO  Minecraft:                  GUILD QUEST TIER 1 COMPLETED! 
08:13:25.260 INFO  Minecraft:  
08:13:25.261 INFO  Minecraft:     The guild has completed Tier 1 of this week's Guild Quest! 
08:13:25.262 INFO  Minecraft:                          +50000 Guild Experience 
08:13:25.263 INFO  Minecraft:  
08:13:25.265 INFO  Minecraft: ----------------------------------------------------- 
08:17:46.262 INFO  Minecraft: Guild > ASovietDoge left. 
09:37:40.420 INFO  Minecraft: Friend > IdlyChiqken joined. 
09:56:05.823 INFO  Minecraft: Guild > TREX2M joined. 
10:00:01.021 INFO  Minecraft:  
10:00:01.029 INFO  Minecraft: [WATCHDOG ANNOUNCEMENT] 
10:00:01.030 INFO  Minecraft: Watchdog has banned 32,177 players in the last 7 days. 
10:00:01.031 INFO  Minecraft: Staff have banned an additional 13,034 in the last 7 days. 
10:00:01.031 INFO  Minecraft: Blacklisted modifications are a bannable offense! 
10:00:01.032 INFO  Minecraft:  
10:08:25.285 INFO  Minecraft: Friend > SnowedSeal joined. 
10:09:52.743 INFO  Minecraft: Guild > NucOps06 joined. 
10:10:52.077 INFO  Minecraft: Guild > NucOps06 left. 
10:11:38.506 INFO  Minecraft: Guild > NucOps06 joined. 
10:33:39.529 INFO  Minecraft: Guild > TREX2M left. 
10:37:05.523 INFO  Minecraft: Guild > TREX2M joined. 
10:37:15.391 INFO  Minecraft: Guild > TREX2M left. 
10:37:19.157 INFO  Minecraft: Guild > TREX2M joined. 
11:01:56.138 INFO  Minecraft: Friend > SnowedSeal left. 
11:04:34.290 INFO  Minecraft: Friend > SnowedSeal joined. 
11:04:35.284 INFO  Minecraft: Friend > SnowedSeal joined. 
11:04:36.242 INFO  Minecraft: Friend > SnowedSeal left. 
11:04:51.173 INFO  Minecraft: Friend > SnowedSeal left. 
11:04:55.176 INFO  Minecraft: Friend > SnowedSeal joined. 
11:05:07.141 INFO  Minecraft: Friend > SnowedSeal left. 
11:05:15.181 INFO  Minecraft: Friend > SnowedSeal joined. 
11:12:27.557 INFO  Minecraft: Guild > friendly_rook joined. 
11:19:21.395 INFO  Minecraft: Friend > IdlyChiqken left. 
11:25:50.858 INFO  Minecraft: [Important] This server will restart soon: Scheduled Reboot 
11:25:50.867 INFO  Minecraft: You have 60 seconds to warp out! CLICK to warp now! 
11:26:48.874 INFO  Minecraft: Evacuating to Hub... 
11:26:48.878 INFO  Minecraft: Sending to server mini391V... 
11:26:48.948 INFO  Logged in. 
11:26:49.339 INFO  Minecraft:         
11:26:52.750 INFO  Minecraft: You are playing on profile: Zucchini (Co-op) 
11:26:53.964 INFO  Sending to skyblock. 
11:26:54.212 INFO  Minecraft: You are already playing SkyBlock! 
11:26:59.290 INFO  Minecraft: Warping you to your SkyBlock island... 
11:26:59.591 INFO  Minecraft: Sending to server mini520Q... 
11:26:59.714 INFO  Logged in. 
11:26:59.990 INFO  Minecraft:         
11:27:03.159 INFO  Minecraft: You are playing on profile: Zucchini (Co-op) 
11:27:04.715 INFO  Sending to skyblock. 
11:27:05.053 INFO  Minecraft: You are already playing SkyBlock! 
11:27:10.101 INFO  Minecraft: You're already sitting on this island! 
11:44:40.305 INFO  Minecraft: Friend > SnowedSeal left. 
12:00:01.233 INFO  Minecraft:  
12:00:01.248 INFO  Minecraft: [WATCHDOG ANNOUNCEMENT] 
12:00:01.249 INFO  Minecraft: Watchdog has banned 32,343 players in the last 7 days. 
12:00:01.250 INFO  Minecraft: Staff have banned an additional 13,030 in the last 7 days. 
12:00:01.250 INFO  Minecraft: Blacklisted modifications are a bannable offense! 
12:00:01.251 INFO  Minecraft:  
12:34:09.286 INFO  Logging in. 
12:34:10.834 INFO  Discord: Logged in. 
12:34:12.205 INFO  Logged in. 
12:34:12.410 INFO  Minecraft:                                       
12:34:12.420 INFO  Minecraft:                           
12:34:12.770 INFO  Minecraft: ----------------------------------------------------- 
12:34:12.772 INFO  Minecraft: Requirements are Skill Avg 23, Cata 23, and 170m net, along 
12:34:12.773 INFO  Minecraft: with 85k gexp a week! Make sure to have fun and contact 
12:34:12.774 INFO  Minecraft: OwOSeal or Smol if you have something to report, or something else to say! 
12:34:12.775 INFO  Minecraft: ----------------------------------------------------- 
12:34:17.212 INFO  Sending to skyblock. 
12:34:17.646 INFO  Minecraft: Sending to server mini350V... 
12:34:17.810 INFO  Logged in. 
12:34:18.088 INFO  Minecraft:         
12:34:21.275 INFO  Minecraft: You are playing on profile: Zucchini (Co-op) 
12:34:21.876 INFO  Minecraft:  
12:34:21.877 INFO  Minecraft: Welcome to Hypixel SkyBlock! 
12:34:22.537 INFO  Minecraft: You're already sitting on this island! 
12:34:22.811 INFO  Sending to skyblock. 
12:34:23.071 INFO  Minecraft: Cannot join SkyBlock for a moment! (Queue join in cooldown) 
12:34:28.394 INFO  Minecraft: You're already sitting on this island! 
12:50:46.713 INFO  Minecraft: [Important] This server will restart soon: Scheduled Reboot 
12:50:46.730 INFO  Minecraft: You have 60 seconds to warp out! CLICK to warp now! 
12:51:44.832 INFO  Minecraft: Evacuating to Hub... 
12:51:44.919 INFO  Minecraft: Sending to server mini700F... 
12:51:45.035 INFO  Logged in. 
12:51:45.223 INFO  Minecraft:         
12:51:48.422 INFO  Minecraft: You are playing on profile: Zucchini (Co-op) 
12:51:50.043 INFO  Sending to skyblock. 
12:51:50.290 INFO  Minecraft: You are already playing SkyBlock! 
12:51:55.326 INFO  Minecraft: Warping you to your SkyBlock island... 
12:51:55.584 INFO  Minecraft: Sending to server mini678A... 
12:51:55.684 INFO  Logged in. 
12:51:55.966 INFO  Minecraft:         
12:51:59.092 INFO  Minecraft: You are playing on profile: Zucchini (Co-op) 
12:52:00.689 INFO  Sending to skyblock. 
12:52:00.992 INFO  Minecraft: You are already playing SkyBlock! 
12:52:06.019 INFO  Minecraft: You're already sitting on this island! 
13:09:11.931 INFO  Minecraft: Guild > ASovietDoge joined. 
13:12:53.699 INFO  Minecraft: Guild > NucOps06 left. 
13:13:40.327 INFO  Minecraft: Guild > NucOps06 joined. 
13:14:26.353 INFO  Minecraft: Guild > NucOps06 left. 
14:00:01.400 INFO  Minecraft:  
14:00:01.422 INFO  Minecraft: [WATCHDOG ANNOUNCEMENT] 
14:00:01.423 INFO  Minecraft: Watchdog has banned 32,451 players in the last 7 days. 
14:00:01.424 INFO  Minecraft: Staff have banned an additional 13,018 in the last 7 days. 
14:00:01.425 INFO  Minecraft: Blacklisted modifications are a bannable offense! 
14:00:01.426 INFO  Minecraft:  
14:09:36.850 INFO  Minecraft: Guild > ASovietDoge left. 
14:11:42.698 INFO  Minecraft: Guild > ASovietDoge joined. 
14:31:10.535 INFO  Minecraft: Friend > IdlyChiqken joined. 
14:35:38.513 INFO  Minecraft: Guild > friendly_rook left. 
14:35:46.893 INFO  Minecraft: Guild > [VIP] ASovietDoge [CO]: Walt... I don't know man. You've been acting kinda sus lately. It's almost like we've got an imposter among us. I saw you wanted- DON'T LIE TO ME WALT! YOU SUSSY BAKA! 
14:43:55.393 INFO  Minecraft: Guild > ASovietDoge left. 
15:22:22.298 INFO  Minecraft: [Important] This server will restart soon: Scheduled Reboot 
15:22:22.318 INFO  Minecraft: You have 60 seconds to warp out! CLICK to warp now! 
15:23:20.358 INFO  Minecraft: Evacuating to Hub... 
15:23:20.428 INFO  Minecraft: Sending to server mini9C... 
15:23:20.508 INFO  Logged in. 
15:23:20.912 INFO  Minecraft:         
15:23:24.137 INFO  Minecraft: You are playing on profile: Zucchini (Co-op) 
15:23:24.934 INFO  Minecraft: ALLOWANCE! You earned 50,000 coins! 
15:23:25.509 INFO  Sending to skyblock. 
15:23:25.757 INFO  Minecraft: You are already playing SkyBlock! 
15:23:30.824 INFO  Minecraft: Warping you to your SkyBlock island... 
15:23:31.138 INFO  Minecraft: Sending to server mini840V... 
15:23:31.279 INFO  Logged in. 
15:23:31.608 INFO  Minecraft:         
15:23:34.679 INFO  Minecraft: You are playing on profile: Zucchini (Co-op) 
15:23:36.293 INFO  Sending to skyblock. 
15:23:36.549 INFO  Minecraft: You are already playing SkyBlock! 
15:23:41.648 INFO  Minecraft: You're already sitting on this island! 
15:36:55.027 INFO  Minecraft: Friend > IdlyChiqken left. 
15:43:08.232 INFO  Minecraft: Friend > IdlyChiqken joined. 
16:00:01.598 INFO  Minecraft:  
16:00:01.615 INFO  Minecraft: [WATCHDOG ANNOUNCEMENT] 
16:00:01.617 INFO  Minecraft: Watchdog has banned 32,592 players in the last 7 days. 
16:00:01.618 INFO  Minecraft: Staff have banned an additional 13,062 in the last 7 days. 
16:00:01.619 INFO  Minecraft: Blacklisted modifications are a bannable offense! 
16:00:01.621 INFO  Minecraft:  
16:55:28.493 INFO  Minecraft: Guild > clonzy joined. 
16:57:37.471 INFO  Minecraft: Guild > clonzy left. 
16:59:15.608 INFO  Minecraft: Guild > clonzy joined. 
17:12:45.838 INFO  Minecraft: Guild > clonzy left. 
17:14:37.822 INFO  Minecraft: Guild > clonzy joined. 
17:22:07.734 INFO  Minecraft: Guild > clonzy left. 
18:00:01.769 INFO  Minecraft:  
18:00:01.780 INFO  Minecraft: [WATCHDOG ANNOUNCEMENT] 
18:00:01.781 INFO  Minecraft: Watchdog has banned 32,673 players in the last 7 days. 
18:00:01.781 INFO  Minecraft: Staff have banned an additional 13,074 in the last 7 days. 
18:00:01.782 INFO  Minecraft: Blacklisted modifications are a bannable offense! 
18:00:01.783 INFO  Minecraft:  
18:29:47.260 INFO  Minecraft: Friend > IdlyChiqken left. 
18:37:47.198 INFO  Minecraft: Friend > IdlyChiqken joined. 
18:46:45.653 INFO  Minecraft: Guild > friendly_rook joined. 
19:00:41.077 INFO  Minecraft: -----------------------------------------------------
[MVP++] JGoodwin1412 has requested to join the Guild!
Click here to accept or type /guild accept JGoodwin1412!
-----------------------------------------------------
 
19:05:44.162 INFO  Minecraft: Guild > ranger4josh joined. 
19:08:44.375 INFO  Minecraft: Guild > oSnapItsWalter joined. 
19:28:14.190 INFO  Minecraft: Guild > ranger4josh left. 
20:00:01.911 INFO  Minecraft:  
20:00:01.923 INFO  Minecraft: [WATCHDOG ANNOUNCEMENT] 
20:00:01.924 INFO  Minecraft: Watchdog has banned 32,755 players in the last 7 days. 
20:00:01.925 INFO  Minecraft: Staff have banned an additional 13,020 in the last 7 days. 
20:00:01.927 INFO  Minecraft: Blacklisted modifications are a bannable offense! 
20:00:01.928 INFO  Minecraft:  
20:24:19.403 INFO  Minecraft: Guild > friendly_rook left. 
20:37:28.033 INFO  Minecraft: Guild > oSnapItsWalter left. 
21:21:02.819 INFO  Minecraft: Friend > IdlyChiqken left. 
21:22:40.293 INFO  Minecraft: Friend > IdlyChiqken joined. 
21:24:21.687 INFO  Minecraft: Friend > IdlyChiqken left. 
21:29:12.320 INFO  Minecraft: Friend > IdlyChiqken joined. 
21:31:35.485 INFO  Minecraft: Guild > ranger4josh joined. 
21:36:21.918 INFO  Minecraft: Guild > UnknowAccount joined. 
21:43:45.416 INFO  Minecraft: Guild > ranger4josh left. 
21:55:39.964 INFO  Minecraft: Guild > NucOps06 joined. 
21:58:07.410 INFO  Minecraft: Guild > UnknowAccount left. 
22:00:02.072 INFO  Minecraft:  
22:00:02.080 INFO  Minecraft: [WATCHDOG ANNOUNCEMENT] 
22:00:02.081 INFO  Minecraft: Watchdog has banned 32,729 players in the last 7 days. 
22:00:02.082 INFO  Minecraft: Staff have banned an additional 12,917 in the last 7 days. 
22:00:02.083 INFO  Minecraft: Blacklisted modifications are a bannable offense! 
22:00:02.083 INFO  Minecraft:  
22:23:21.567 INFO  Minecraft: Guild > NucOps06 left. 
22:23:25.587 INFO  Minecraft: Guild > NucOps06 joined. 
22:24:35.675 INFO  Minecraft: Guild > UnknowAccount joined. 
22:35:11.331 INFO  Minecraft: Guild > NucOps06 left. 
23:11:01.827 INFO  Minecraft: Friend > IdlyChiqken left. 
23:11:09.020 INFO  Minecraft: Friend > IdlyChiqken joined. 
23:18:59.791 INFO  Minecraft: Friend > IdlyChiqken left. 
23:19:07.889 INFO  Minecraft: Friend > IdlyChiqken joined. 
23:20:23.648 INFO  Minecraft: Guild > NucOps06 joined. 
23:29:07.863 INFO  Minecraft: Friend > IdlyChiqken left. 
23:59:04.542 INFO  Minecraft: Guild > oSnapItsWalter joined. 
00:00:02.272 INFO  Minecraft:  
00:00:02.275 INFO  Minecraft: [WATCHDOG ANNOUNCEMENT] 
00:00:02.276 INFO  Minecraft: Watchdog has banned 32,754 players in the last 7 days. 
00:00:02.277 INFO  Minecraft: Staff have banned an additional 12,883 in the last 7 days. 
00:00:02.277 INFO  Minecraft: Blacklisted modifications are a bannable offense! 
00:00:02.278 INFO  Minecraft:  

