00:05:09.473 INFO  Minecraft: Guild > NucOps06 left. 
00:39:17.689 INFO  Logging in. 
00:39:19.040 INFO  Discord: Logged in. 
00:39:20.509 INFO  Logged in. 
00:39:20.688 INFO  Minecraft:                                       
00:39:20.696 INFO  Minecraft:                           
00:39:20.923 INFO  Minecraft: You found a ✰✰✰✰✰ Mystery Box! 
00:39:20.925 INFO  Minecraft: ----------------------------------------------------- 
00:39:20.926 INFO  Minecraft: Requirements are Skill Avg 23, Cata 23, and 170m net, along 
00:39:20.927 INFO  Minecraft: with 85k gexp a week! Make sure to have fun and contact 
00:39:20.928 INFO  Minecraft: OwOSeal or Smol if you have something to report, or something else to say! 
00:39:20.928 INFO  Minecraft: ----------------------------------------------------- 
00:39:25.511 INFO  Sending to skyblock. 
00:39:25.986 INFO  Minecraft: Sending to server mini364N... 
00:39:26.148 INFO  Logged in. 
00:39:26.443 INFO  Minecraft:         
00:39:29.588 INFO  Minecraft: You are playing on profile: Zucchini (Co-op) 
00:39:30.178 INFO  Minecraft:  
00:39:30.179 INFO  Minecraft: Welcome to Hypixel SkyBlock! 
00:39:30.613 INFO  Minecraft: ALLOWANCE! You earned 50,000 coins! 
00:39:30.833 INFO  Minecraft: You're already sitting on this island! 
00:39:31.150 INFO  Sending to skyblock. 
00:39:31.414 INFO  Minecraft: Cannot join SkyBlock for a moment! (Queue join in cooldown) 
00:39:36.474 INFO  Minecraft: You're already sitting on this island! 
00:59:17.673 INFO  Minecraft: Guild > UnknowAccount left. 
00:59:26.009 INFO  Minecraft: Guild > UnknowAccount joined. 
01:15:08.403 INFO  Minecraft: A Event: Mayor Elections 148! A 
01:15:08.406 INFO  Minecraft: The election room is now closed. Clerk Seraphine is doing a final count of the votes... 
01:15:08.407 INFO  Minecraft:  
01:15:45.717 INFO  Minecraft: A Event: Mayor Elections 148! A 
01:15:45.720 INFO  Minecraft: Foxy is elected Mayor for the year, gg! 
01:15:45.721 INFO  Minecraft: Seraphine counted votes from 134k different players. 
01:15:45.722 INFO  Minecraft: Everybody unlocks exclusive perks! [HOVER TO VIEW] 
01:15:45.723 INFO  Minecraft:  
01:58:43.351 INFO  Minecraft: Guild > LexaIsMommy joined. 
02:00:10.504 INFO  Minecraft:  
02:00:10.506 INFO  Minecraft: [WATCHDOG ANNOUNCEMENT] 
02:00:10.507 INFO  Minecraft: Watchdog has banned 35,453 players in the last 7 days. 
02:00:10.508 INFO  Minecraft: Staff have banned an additional 16,715 in the last 7 days. 
02:00:10.509 INFO  Minecraft: Blacklisted modifications are a bannable offense! 
02:00:10.510 INFO  Minecraft:  
02:02:38.679 INFO  Minecraft: Guild > coozky left. 
02:24:59.338 INFO  Minecraft: Guild > UnknowAccount left. 
02:58:24.570 INFO  Minecraft: ----------------------------------------------------- 
02:58:24.572 INFO  Minecraft: You have just received 224,401 coins as interest in your co-op bank account! 
02:58:24.575 INFO  Minecraft: ----------------------------------------------------- 
03:03:16.338 INFO  Minecraft: The Traveling Zoo is visiting the SkyBlock Hub! 
03:03:16.355 INFO  Minecraft: CLICK HERE to shop for exotic pets! 
03:06:40.104 INFO  Minecraft: Guild > UnknowAccount joined. 
03:23:33.370 INFO  Minecraft: Guild > NucOps06 joined. 
03:31:50.058 INFO  Minecraft: Guild > coozky joined. 
03:32:20.243 INFO  Minecraft: ----------------------------------------------------- 
03:32:20.247 INFO  Minecraft: [MVP+] coozky left the guild! 
03:32:20.250 INFO  Minecraft: ----------------------------------------------------- 
03:32:20.480 INFO  Minecraft: Guild > Minikloons [LS]: We are sorry you had to leave, coozky 
03:39:02.712 INFO  Logging in. 
03:39:04.131 INFO  Discord: Logged in. 
03:39:05.948 INFO  Logged in. 
03:39:06.149 INFO  Minecraft:                                       
03:39:06.156 INFO  Minecraft:                           
03:39:06.373 INFO  Minecraft: You found a ✰✰✰✰✰ Mystery Box! 
03:39:06.863 INFO  Minecraft: ----------------------------------------------------- 
03:39:06.867 INFO  Minecraft: Requirements are Skill Avg 23, Cata 23, and 170m net, along 
03:39:06.867 INFO  Minecraft: with 85k gexp a week! Make sure to have fun and contact 
03:39:06.868 INFO  Minecraft: OwOSeal or Smol if you have something to report, or something else to say! 
03:39:06.869 INFO  Minecraft: ----------------------------------------------------- 
03:39:10.956 INFO  Sending to skyblock. 
03:39:11.382 INFO  Minecraft: Sending to server mini798E... 
03:39:11.530 INFO  Logged in. 
03:39:11.839 INFO  Minecraft:         
03:39:14.838 INFO  Minecraft: You are playing on profile: Zucchini (Co-op) 
03:39:15.555 INFO  Minecraft:  
03:39:15.557 INFO  Minecraft: Welcome to Hypixel SkyBlock! 
03:39:16.245 INFO  Minecraft: You're already sitting on this island! 
03:39:16.535 INFO  Sending to skyblock. 
03:39:16.787 INFO  Minecraft: Cannot join SkyBlock for a moment! (Queue join in cooldown) 
03:39:21.891 INFO  Minecraft: You're already sitting on this island! 
03:59:29.617 INFO  Discord: [💬→︱guild-chat] LS | SnowedSeal: guild 
03:59:29.942 INFO  Minecraft: Guild > Minikloons [LS]: LS| SnowedSeal» guild 
03:59:30.953 INFO  Discord: [💬→︱guild-chat] LS | SnowedSeal: chat 
03:59:31.195 INFO  Minecraft: Guild > Minikloons [LS]: LS| SnowedSeal» chat 
03:59:42.894 INFO  Discord: [💬→︱guild-chat] LS | SnowedSeal: can anyone respond to this 
03:59:43.141 INFO  Minecraft: Guild > Minikloons [LS]: LS| SnowedSeal» can anyone respond to this 
03:59:57.109 INFO  Minecraft: Guild > [MVP+] NucOps06 [M]: yeah 
04:00:10.706 INFO  Minecraft:  
04:00:10.708 INFO  Minecraft: [WATCHDOG ANNOUNCEMENT] 
04:00:10.709 INFO  Minecraft: Watchdog has banned 35,400 players in the last 7 days. 
04:00:10.710 INFO  Minecraft: Staff have banned an additional 16,864 in the last 7 days. 
04:00:10.711 INFO  Minecraft: Blacklisted modifications are a bannable offense! 
04:00:10.712 INFO  Minecraft:  
04:00:47.554 INFO  Discord: [💬→︱guild-chat] LS | SnowedSeal: :D 
04:00:48.203 INFO  Minecraft: Guild > Minikloons [LS]: LS| SnowedSeal» :D 
04:10:06.727 INFO  Logging in. 
04:10:08.234 INFO  Discord: Logged in. 
04:10:09.656 INFO  Logged in. 
04:10:09.861 INFO  Minecraft:                                       
04:10:09.870 INFO  Minecraft:                           
04:10:09.889 INFO  Minecraft: ----------------------------------------------------- 
04:10:09.889 INFO  Minecraft: Requirements are Skill Avg 23, Cata 23, and 170m net, along 
04:10:09.890 INFO  Minecraft: with 85k gexp a week! Make sure to have fun and contact 
04:10:09.891 INFO  Minecraft: OwOSeal or Smol if you have something to report, or something else to say! 
04:10:09.891 INFO  Minecraft: ----------------------------------------------------- 
04:10:11.291 INFO  Minecraft: [MVP+] Guitarman86 joined the lobby! 
04:10:11.292 INFO  Sending to skyblock. 
04:10:11.788 INFO  Minecraft: Sending to server mini549Q... 
04:10:11.868 INFO  Logged in. 
04:10:12.132 INFO  Minecraft:         
04:10:13.600 INFO  Minecraft: You're already sitting on this island! 
04:10:14.655 INFO  Sending to skyblock. 
04:10:14.903 INFO  Minecraft: Please don't spam the command! 
04:10:15.295 INFO  Minecraft: You are playing on profile: Zucchini (Co-op) 
04:10:15.893 INFO  Minecraft:  
04:10:15.915 INFO  Minecraft: Welcome to Hypixel SkyBlock! 
04:10:16.874 INFO  Sending to skyblock. 
04:10:17.119 INFO  Minecraft: Cannot join SkyBlock for a moment! (Queue join in cooldown) 
04:10:19.961 INFO  Minecraft: You're already sitting on this island! 
04:10:22.207 INFO  Minecraft: You're already sitting on this island! 
04:26:27.180 INFO  Minecraft: [SkyBlock] [MVP+] Broclly is visiting Your Island! 
04:30:19.991 INFO  Minecraft: Guild > UnknowAccount left. 
05:28:23.390 INFO  Minecraft: Friend > SnowedSeal left. 
06:00:12.018 INFO  Minecraft:  
06:00:12.021 INFO  Minecraft: [WATCHDOG ANNOUNCEMENT] 
06:00:12.022 INFO  Minecraft: Watchdog has banned 35,348 players in the last 7 days. 
06:00:12.023 INFO  Minecraft: Staff have banned an additional 17,101 in the last 7 days. 
06:00:12.024 INFO  Minecraft: Blacklisted modifications are a bannable offense! 
06:00:12.024 INFO  Minecraft:  
06:20:22.704 INFO  Minecraft: Guild > UnknowAccount joined. 
06:22:52.256 INFO  Minecraft: Guild > NucOps06 left. 
06:23:36.629 INFO  Minecraft: Guild > NucOps06 joined. 
06:25:07.375 INFO  Minecraft: [Important] This server will restart soon: For a game update 
06:25:07.378 INFO  Minecraft: You have 30 seconds to warp out! CLICK to warp now! 
06:25:35.139 INFO  Minecraft: Evacuating to Hub... 
06:25:35.261 INFO  Minecraft: Sending to server mini699F... 
06:25:35.416 INFO  Logged in. 
06:25:35.914 INFO  Minecraft:         
06:25:39.458 INFO  Minecraft: You are playing on profile: Zucchini (Co-op) 
06:25:40.418 INFO  Sending to skyblock. 
06:25:40.677 INFO  Minecraft: You are already playing SkyBlock! 
06:25:45.758 INFO  Minecraft: Warping you to your SkyBlock island... 
06:25:46.066 INFO  Minecraft: Sending to server mini486J... 
06:25:46.190 INFO  Logged in. 
06:25:46.499 INFO  Minecraft:         
06:25:49.593 INFO  Minecraft: You are playing on profile: Zucchini (Co-op) 
06:25:51.194 INFO  Sending to skyblock. 
06:25:51.453 INFO  Minecraft: You are already playing SkyBlock! 
06:25:56.530 INFO  Minecraft: You're already sitting on this island! 
06:53:06.554 INFO  Minecraft: Guild > UnknowAccount left. 
06:53:08.444 INFO  Minecraft: Guild > UnknowAccount joined. 
06:59:38.682 INFO  Minecraft: Guild > VincentSenpai joined. 
07:01:49.886 INFO  Minecraft: Guild > VincentSenpai left. 
07:01:51.963 INFO  Minecraft: Guild > VincentSenpai joined. 
07:03:07.293 INFO  Minecraft: Guild > NucOps06 left. 
07:18:15.789 INFO  Minecraft: Guild > [MVP+] VincentSenpai [M]: im still in the guild 
07:18:27.854 INFO  Minecraft: Guild > [MVP+] VincentSenpai [M]: even tho I didn't log in 1 month and a half 
07:18:29.060 INFO  Minecraft: Guild > [MVP+] VincentSenpai [M]: or more 
07:48:58.852 INFO  Minecraft: Guild > VincentSenpai left. 
08:00:12.297 INFO  Minecraft:  
08:00:12.356 INFO  Minecraft: [WATCHDOG ANNOUNCEMENT] 
08:00:12.358 INFO  Minecraft: Watchdog has banned 35,383 players in the last 7 days. 
08:00:12.359 INFO  Minecraft: Staff have banned an additional 17,340 in the last 7 days. 
08:00:12.360 INFO  Minecraft: Blacklisted modifications are a bannable offense! 
08:00:12.360 INFO  Minecraft:  
08:05:06.017 INFO  Minecraft: [Important] This server will restart soon: For a game update 
08:05:06.058 INFO  Minecraft: You have 30 seconds to warp out! CLICK to warp now! 
08:05:34.042 INFO  Minecraft: Evacuating to Hub... 
08:05:34.148 INFO  Minecraft: Sending to server mini532K... 
08:05:34.237 INFO  Logged in. 
08:05:34.816 INFO  Minecraft:         
08:05:38.048 INFO  Minecraft: You are playing on profile: Zucchini (Co-op) 
08:05:39.246 INFO  Sending to skyblock. 
08:05:39.488 INFO  Minecraft: You are already playing SkyBlock! 
08:05:44.535 INFO  Minecraft: Warping you to your SkyBlock island... 
08:05:45.335 INFO  Minecraft: Sending to server mini808U... 
08:05:45.728 INFO  Logged in. 
08:05:46.653 INFO  Minecraft:         
08:05:50.729 INFO  Sending to skyblock. 
08:05:51.004 INFO  Minecraft: You are already playing SkyBlock! 
08:05:52.821 INFO  Minecraft: You are playing on profile: Zucchini (Co-op) 
08:05:56.040 INFO  Minecraft: You're already sitting on this island! 
08:37:41.810 INFO  Minecraft: You are being transferred to the HUB for being AFK! 
08:37:41.870 INFO  Minecraft: Sending to server mini40J... 
08:37:41.949 INFO  Logged in. 
08:37:42.160 INFO  Minecraft:         
08:37:45.305 INFO  Minecraft: You are playing on profile: Zucchini (Co-op) 
08:37:46.953 INFO  Sending to skyblock. 
08:37:47.233 INFO  Minecraft: You are already playing SkyBlock! 
08:37:52.234 INFO  Minecraft: Warping you to your SkyBlock island... 
08:37:52.489 INFO  Minecraft: Sending to server mini6F... 
08:37:52.630 INFO  Logged in. 
08:37:52.866 INFO  Minecraft:         
08:37:56.095 INFO  Minecraft: You are playing on profile: Zucchini (Co-op) 
08:37:57.639 INFO  Sending to skyblock. 
08:37:57.886 INFO  Minecraft: You are already playing SkyBlock! 
08:38:02.983 INFO  Minecraft: You're already sitting on this island! 
09:12:00.620 INFO  Minecraft: Guild > itchygabe joined. 
09:29:20.334 INFO  Minecraft: Guild > clonzy joined. 
09:33:08.777 INFO  Minecraft: Guild > NucOps06 joined. 
09:35:35.808 INFO  Minecraft: Guild > NucOps06 left. 
09:35:40.819 INFO  Minecraft: Guild > NucOps06 joined. 
09:36:55.650 INFO  Minecraft: Friend > IdlyChiqken joined. 
09:40:27.317 INFO  Minecraft: Friend > SnowedSeal joined. 
09:41:23.207 INFO  Minecraft: Guild > clonzy left. 
09:53:54.832 INFO  Minecraft: Guild > NucOps06 left. 
09:54:01.460 INFO  Minecraft: Guild > NucOps06 joined. 
09:55:27.471 INFO  Minecraft: Guild > NucOps06 left. 
09:59:16.521 INFO  Minecraft: Guild > NucOps06 joined. 
10:00:12.426 INFO  Minecraft:  
10:00:12.429 INFO  Minecraft: [WATCHDOG ANNOUNCEMENT] 
10:00:12.429 INFO  Minecraft: Watchdog has banned 35,396 players in the last 7 days. 
10:00:12.430 INFO  Minecraft: Staff have banned an additional 17,578 in the last 7 days. 
10:00:12.433 INFO  Minecraft: Blacklisted modifications are a bannable offense! 
10:00:12.434 INFO  Minecraft:  
10:01:54.949 INFO  Minecraft: Guild > NucOps06 left. 
10:01:58.933 INFO  Minecraft: Guild > NucOps06 joined. 
10:03:03.900 INFO  Minecraft: Guild > NucOps06 left. 
10:13:42.516 INFO  Minecraft: Friend > SnowedSeal left. 
10:14:03.482 INFO  Minecraft: Guild > UnknowAccount left. 
10:17:11.534 INFO  Minecraft: Guild > NucOps06 joined. 
10:20:36.769 INFO  Minecraft: Guild > NucOps06 left. 
10:23:11.333 INFO  Minecraft: Friend > SnowedSeal joined. 
10:27:47.910 INFO  Minecraft: Guild > NucOps06 joined. 
10:29:36.897 INFO  Minecraft: Guild > NucOps06 left. 
10:30:25.898 INFO  Minecraft: Guild > NucOps06 joined. 
10:34:09.174 INFO  Minecraft: Guild > NucOps06 left. 
10:34:16.261 INFO  Minecraft: Guild > NucOps06 joined. 
10:37:45.543 INFO  Minecraft: Guild > NucOps06 left. 
10:37:53.583 INFO  Minecraft: Guild > NucOps06 joined. 
10:38:20.551 INFO  Minecraft: Guild > NucOps06 left. 
10:38:32.425 INFO  Minecraft: Guild > NucOps06 joined. 
10:39:55.469 INFO  Minecraft: Guild > NucOps06 left. 
10:40:32.564 INFO  Minecraft: Guild > NucOps06 joined. 
10:41:02.524 INFO  Minecraft: Guild > NucOps06 left. 
10:43:41.584 INFO  Minecraft: Guild > itchygabe left. 
11:01:40.497 INFO  Minecraft: Guild > NucOps06 joined. 
11:02:19.562 INFO  Minecraft: Guild > NucOps06 left. 
11:07:17.052 INFO  Minecraft: Guild > NucOps06 joined. 
11:09:18.214 INFO  Minecraft: Guild > NucOps06 left. 
11:13:46.908 INFO  Minecraft: Guild > NucOps06 joined. 
11:14:01.882 INFO  Minecraft: Guild > NucOps06 left. 
11:14:21.891 INFO  Minecraft: Guild > NucOps06 joined. 
11:15:16.859 INFO  Minecraft: Guild > NucOps06 left. 
11:29:42.354 INFO  Minecraft: Friend > SnowedSeal left. 
11:34:07.528 INFO  Minecraft: [Important] This server will restart soon: For a game update 
11:34:07.570 INFO  Minecraft: You have 30 seconds to warp out! CLICK to warp now! 
11:34:35.551 INFO  Minecraft: Evacuating to Hub... 
11:34:35.625 INFO  Minecraft: Sending to server mini729F... 
11:34:35.720 INFO  Logged in. 
11:34:36.399 INFO  Minecraft:         
11:34:39.692 INFO  Minecraft: You are playing on profile: Zucchini (Co-op) 
11:34:40.727 INFO  Sending to skyblock. 
11:34:40.971 INFO  Minecraft: You are already playing SkyBlock! 
11:34:46.067 INFO  Minecraft: Warping you to your SkyBlock island... 
11:34:46.326 INFO  Minecraft: Sending to server mini456B... 
11:34:46.405 INFO  Logged in. 
11:34:46.677 INFO  Minecraft:         
11:34:49.873 INFO  Minecraft: You are playing on profile: Zucchini (Co-op) 
11:34:51.414 INFO  Sending to skyblock. 
11:34:51.656 INFO  Minecraft: You are already playing SkyBlock! 
11:34:56.738 INFO  Minecraft: You're already sitting on this island! 
11:36:13.770 INFO  Minecraft: Guild > NucOps06 joined. 
11:38:53.331 INFO  Minecraft: Guild > NucOps06 left. 
11:39:58.576 INFO  Minecraft: [Important] This server will restart soon: For a game update 
11:39:58.579 INFO  Minecraft: You have 30 seconds to warp out! CLICK to warp now! 
11:40:26.692 INFO  Minecraft: Evacuating to Hub... 
11:40:26.709 INFO  Minecraft: Sending to server mini470U... 
11:40:26.834 INFO  Logged in. 
11:40:27.180 INFO  Minecraft:         
11:40:30.204 INFO  Minecraft: You are playing on profile: Zucchini (Co-op) 
11:40:31.836 INFO  Sending to skyblock. 
11:40:32.091 INFO  Minecraft: You are already playing SkyBlock! 
11:40:37.128 INFO  Minecraft: Warping you to your SkyBlock island... 
11:40:37.479 INFO  Minecraft: Sending to server mini861A... 
11:40:37.675 INFO  Logged in. 
11:40:38.037 INFO  Minecraft:         
11:40:41.097 INFO  Minecraft: You are playing on profile: Zucchini (Co-op) 
11:40:42.685 INFO  Sending to skyblock. 
11:40:42.927 INFO  Minecraft: You are already playing SkyBlock! 
11:40:47.998 INFO  Minecraft: You're already sitting on this island! 
11:45:22.590 INFO  Minecraft: [Important] This server will restart soon: For a game update 
11:45:22.594 INFO  Minecraft: You have 30 seconds to warp out! CLICK to warp now! 
11:45:50.636 INFO  Minecraft: Evacuating to Hub... 
11:45:50.788 INFO  Minecraft: Sending to server mini958R... 
11:45:50.900 INFO  Logged in. 
11:45:51.306 INFO  Minecraft:         
11:45:54.291 INFO  Minecraft: You are playing on profile: Zucchini (Co-op) 
11:45:55.904 INFO  Sending to skyblock. 
11:45:56.153 INFO  Minecraft: You are already playing SkyBlock! 
11:46:01.205 INFO  Minecraft: Warping you to your SkyBlock island... 
11:46:01.914 INFO  Minecraft: Sending to server mini268H... 
11:46:02.056 INFO  Logged in. 
11:46:02.303 INFO  Minecraft:         
11:46:05.202 INFO  Minecraft: You are playing on profile: Zucchini (Co-op) 
11:46:07.065 INFO  Sending to skyblock. 
11:46:07.305 INFO  Minecraft: You are already playing SkyBlock! 
11:46:12.378 INFO  Minecraft: You're already sitting on this island! 
11:52:10.392 INFO  Minecraft: Guild > NucOps06 joined. 
11:54:21.495 INFO  Minecraft: Guild > NucOps06 left. 
12:00:12.653 INFO  Minecraft:  
12:00:12.662 INFO  Minecraft: [WATCHDOG ANNOUNCEMENT] 
12:00:12.663 INFO  Minecraft: Watchdog has banned 35,370 players in the last 7 days. 
12:00:12.664 INFO  Minecraft: Staff have banned an additional 17,645 in the last 7 days. 
12:00:12.665 INFO  Minecraft: Blacklisted modifications are a bannable offense! 
12:00:12.665 INFO  Minecraft:  
14:00:13.088 INFO  Minecraft:  
14:00:13.096 INFO  Minecraft: [WATCHDOG ANNOUNCEMENT] 
14:00:13.097 INFO  Minecraft: Watchdog has banned 35,350 players in the last 7 days. 
14:00:13.097 INFO  Minecraft: Staff have banned an additional 17,742 in the last 7 days. 
14:00:13.098 INFO  Minecraft: Blacklisted modifications are a bannable offense! 
14:00:13.099 INFO  Minecraft:  
14:44:33.994 INFO  Minecraft: Friend > IdlyChiqken left. 
14:44:43.000 INFO  Minecraft: Friend > IdlyChiqken joined. 
16:00:13.042 INFO  Minecraft:  
16:00:13.052 INFO  Minecraft: [WATCHDOG ANNOUNCEMENT] 
16:00:13.053 INFO  Minecraft: Watchdog has banned 35,283 players in the last 7 days. 
16:00:13.054 INFO  Minecraft: Staff have banned an additional 17,698 in the last 7 days. 
16:00:13.055 INFO  Minecraft: Blacklisted modifications are a bannable offense! 
16:00:13.056 INFO  Minecraft:  
18:00:13.231 INFO  Minecraft:  
18:00:13.244 INFO  Minecraft: [WATCHDOG ANNOUNCEMENT] 
18:00:13.245 INFO  Minecraft: Watchdog has banned 35,131 players in the last 7 days. 
18:00:13.246 INFO  Minecraft: Staff have banned an additional 17,759 in the last 7 days. 
18:00:13.246 INFO  Minecraft: Blacklisted modifications are a bannable offense! 
18:00:13.247 INFO  Minecraft:  
18:34:47.281 INFO  Minecraft: Friend > IdlyChiqken left. 
18:34:51.028 INFO  Minecraft: Friend > IdlyChiqken joined. 
20:00:13.434 INFO  Minecraft:  
20:00:13.444 INFO  Minecraft: [WATCHDOG ANNOUNCEMENT] 
20:00:13.444 INFO  Minecraft: Watchdog has banned 35,126 players in the last 7 days. 
20:00:13.445 INFO  Minecraft: Staff have banned an additional 17,864 in the last 7 days. 
20:00:13.446 INFO  Minecraft: Blacklisted modifications are a bannable offense! 
20:00:13.446 INFO  Minecraft:  
20:20:58.115 INFO  Minecraft: Guild > UnknowAccount joined. 
20:31:33.341 INFO  Minecraft: Friend > IdlyChiqken left. 
20:31:50.508 INFO  Minecraft: Friend > IdlyChiqken joined. 
21:37:01.261 INFO  Minecraft:  
21:37:01.269 INFO  Minecraft: ----------------------------------------------------- 
21:37:01.273 INFO  Minecraft:  
21:37:01.276 INFO  Minecraft:                  GUILD QUEST TIER 2 COMPLETED! 
21:37:01.276 INFO  Minecraft:  
21:37:01.277 INFO  Minecraft:     The guild has completed Tier 2 of this week's Guild Quest! 
21:37:01.278 INFO  Minecraft:                          +50000 Guild Experience 
21:37:01.278 INFO  Minecraft:  
21:37:01.279 INFO  Minecraft: ----------------------------------------------------- 
21:44:36.902 INFO  Minecraft: Guild > NucOps06 joined. 
22:00:13.673 INFO  Minecraft:  
22:00:13.684 INFO  Minecraft: [WATCHDOG ANNOUNCEMENT] 
22:00:13.685 INFO  Minecraft: Watchdog has banned 35,133 players in the last 7 days. 
22:00:13.685 INFO  Minecraft: Staff have banned an additional 17,908 in the last 7 days. 
22:00:13.686 INFO  Minecraft: Blacklisted modifications are a bannable offense! 
22:00:13.687 INFO  Minecraft:  
22:09:46.081 INFO  Minecraft: [Important] This server will restart soon: For a game update 
22:09:46.122 INFO  Minecraft: You have 30 seconds to warp out! CLICK to warp now! 
22:10:14.150 INFO  Minecraft: Evacuating to Hub... 
22:10:14.253 INFO  Minecraft: Sending to server mini14E... 
22:10:14.325 INFO  Logged in. 
22:10:14.911 INFO  Minecraft:         
22:10:18.030 INFO  Minecraft: You are playing on profile: Zucchini (Co-op) 
22:10:18.734 INFO  Minecraft: ALLOWANCE! You earned 50,000 coins! 
22:10:19.331 INFO  Sending to skyblock. 
22:10:19.568 INFO  Minecraft: You are already playing SkyBlock! 
22:10:24.631 INFO  Minecraft: Warping you to your SkyBlock island... 
22:10:24.937 INFO  Minecraft: Sending to server mini95R... 
22:10:25.063 INFO  Logged in. 
22:10:25.305 INFO  Minecraft:         
22:10:28.536 INFO  Minecraft: You are playing on profile: Zucchini (Co-op) 
22:10:30.063 INFO  Sending to skyblock. 
22:10:30.312 INFO  Minecraft: You are already playing SkyBlock! 
22:10:35.412 INFO  Minecraft: You're already sitting on this island! 
22:21:34.106 INFO  Minecraft: [Important] This server will restart soon: For a game update 
22:21:34.116 INFO  Minecraft: You have 30 seconds to warp out! CLICK to warp now! 
22:22:02.114 INFO  Minecraft: Evacuating to Hub... 
22:22:02.181 INFO  Minecraft: Sending to server mini85G... 
22:22:02.390 INFO  Logged in. 
22:22:02.837 INFO  Minecraft:         
22:22:05.719 INFO  Minecraft: You are playing on profile: Zucchini (Co-op) 
22:22:07.401 INFO  Sending to skyblock. 
22:22:07.644 INFO  Minecraft: You are already playing SkyBlock! 
22:22:12.690 INFO  Minecraft: Warping you to your SkyBlock island... 
22:22:13.046 INFO  Minecraft: Sending to server mini158R... 
22:22:13.115 INFO  Logged in. 
22:22:13.444 INFO  Minecraft:         
22:22:16.534 INFO  Minecraft: You are playing on profile: Zucchini (Co-op) 
22:22:18.118 INFO  Sending to skyblock. 
22:22:18.359 INFO  Minecraft: You are already playing SkyBlock! 
22:22:23.474 INFO  Minecraft: You're already sitting on this island! 
22:32:20.858 INFO  Minecraft: Guild > UnknowAccount left. 
22:32:23.813 INFO  Minecraft: Guild > UnknowAccount joined. 
22:47:12.783 INFO  Minecraft: Friend > IdlyChiqken left. 
23:50:53.996 INFO  Minecraft: Guild > NucOps06 left. 
00:00:13.897 INFO  Minecraft:  
00:00:13.912 INFO  Minecraft: [WATCHDOG ANNOUNCEMENT] 
00:00:13.913 INFO  Minecraft: Watchdog has banned 35,110 players in the last 7 days. 
00:00:13.914 INFO  Minecraft: Staff have banned an additional 17,962 in the last 7 days. 
00:00:13.915 INFO  Minecraft: Blacklisted modifications are a bannable offense! 
00:00:13.916 INFO  Minecraft:  

