00:09:43.333 INFO  Minecraft: Guild > FabledLivid joined. 
00:10:26.236 INFO  Minecraft: Guild > boxed_cat left. 
00:11:35.148 INFO  Minecraft: Guild > [VIP] ShredderSeal [M]: no 
00:11:40.617 INFO  Minecraft: Guild > [VIP] ShredderSeal [M]: im a mage\ 
00:11:53.802 INFO  Minecraft: Guild > [VIP] ShredderSeal [M]: and a random that do skills for no reason 
00:11:53.998 INFO  Minecraft: Guild > [VIP] FabledLivid [M]: .-. 
00:12:03.356 INFO  Minecraft: Guild > [VIP] ShredderSeal [M]: gtg 
00:12:04.771 INFO  Minecraft: Guild > ShredderSeal left. 
00:14:26.439 INFO  Minecraft: Guild > FabledLivid left. 
00:16:12.348 INFO  Minecraft: Guild > FabledLivid joined. 
00:16:49.042 INFO  Minecraft: Guild > [VIP] FabledLivid [M]: hold up theres a gs 
00:16:55.156 INFO  Minecraft: Guild > [VIP] FabledLivid [M]: on ah 
00:17:03.116 INFO  Minecraft: Guild > [VIP] FabledLivid [M]: that deathstreaks dopeed?? 
00:17:44.279 INFO  Minecraft: Guild > FabledLivid left. 
00:25:36.556 INFO  Minecraft: Guild > FabledLivid joined. 
00:26:16.547 INFO  Minecraft: Guild > [VIP] FabledLivid [M]: should i become gs lcm 
00:44:31.177 INFO  Minecraft: Guild > FabledLivid left. 
01:00:05.529 INFO  Minecraft: ----------------------------------------------------- 
01:00:05.537 INFO  Minecraft: You have just received 71,746 coins as interest in your co-op bank account! 
01:00:05.538 INFO  Minecraft: ----------------------------------------------------- 
01:03:35.198 INFO  Minecraft: The Traveling Zoo is visiting the SkyBlock Hub! 
01:03:35.210 INFO  Minecraft: CLICK HERE to shop for exotic pets! 
01:06:56.393 INFO  Minecraft: Guild > Micah_W joined. 
01:21:05.006 INFO  Minecraft: Guild > UnknowAccount left. 
01:33:46.807 INFO  Minecraft: Guild > FabledLivid joined. 
01:35:10.827 INFO  Minecraft: Guild > Micah_W left. 
01:35:13.056 INFO  Minecraft: Guild > Micah_W joined. 
01:44:57.882 INFO  Minecraft: Guild > FabledLivid left. 
01:45:57.834 INFO  Minecraft: Guild > FabledLivid joined. 
02:00:08.480 INFO  Minecraft:  
02:00:08.491 INFO  Minecraft: [WATCHDOG ANNOUNCEMENT] 
02:00:08.492 INFO  Minecraft: Watchdog has banned 29,847 players in the last 7 days. 
02:00:08.493 INFO  Minecraft: Staff have banned an additional 8,992 in the last 7 days. 
02:00:08.493 INFO  Minecraft: Blacklisted modifications are a bannable offense! 
02:00:08.494 INFO  Minecraft:  
02:08:01.396 INFO  Minecraft: Guild > UnknowAccount joined. 
02:10:30.608 INFO  Minecraft: Guild > FabledLivid left. 
02:18:22.821 INFO  Minecraft: Guild > ASovietDoge joined. 
02:18:55.101 INFO  Minecraft: Guild > ASovietDoge left. 
02:29:01.085 INFO  Minecraft: Guild > 4717 left. 
02:34:38.060 INFO  Minecraft: Guild > FabledLivid joined. 
02:37:02.301 INFO  Minecraft: Guild > [VIP] FabledLivid [M]: .. 
02:39:56.072 INFO  Discord: [锔guild-chat] LS | SnowedSeal: .. 
02:39:56.408 INFO  Minecraft: Guild > Minikloons [LS]: LS| SnowedSeal禄 .. 
02:40:12.594 INFO  Minecraft: Guild > [VIP] FabledLivid [M]: snowed want to join me and baldman for m2 
02:45:19.237 INFO  Discord: [锔guild-chat] LS | SnowedSeal: nrn 
02:45:20.000 INFO  Minecraft: Guild > Minikloons [LS]: LS| SnowedSeal禄 nrn 
02:45:20.219 INFO  Discord: [锔guild-chat] LS | SnowedSeal: later? 
02:45:20.556 INFO  Minecraft: Guild > Minikloons [LS]: LS| SnowedSeal禄 later? 
02:45:27.160 INFO  Discord: [锔guild-chat] LS | SnowedSeal: i cant log onto hypixel rn 
02:45:27.519 INFO  Minecraft: Guild > Minikloons [LS]: LS| SnowedSeal禄 i cant log onto hypixel rn 
02:45:30.741 INFO  Discord: [锔guild-chat] LS | SnowedSeal: mc crashing 
02:45:31.090 INFO  Minecraft: Guild > Minikloons [LS]: LS| SnowedSeal禄 mc crashing 
02:45:31.476 INFO  Discord: [锔guild-chat] LS | SnowedSeal: a lot 
02:45:31.867 INFO  Minecraft: Guild > Minikloons [LS]: LS| SnowedSeal禄 a lot 
02:45:59.302 INFO  Minecraft: Guild > [VIP] FabledLivid [M]: ffs im with a cata 40 sweat team for m2 
02:46:01.301 INFO  Minecraft: Guild > [VIP] FabledLivid [M]: lmao 
02:46:10.696 INFO  Minecraft: Guild > [VIP] FabledLivid [M]: mr.goodbaldman 
02:46:26.973 INFO  Minecraft: Guild > ASovietDoge joined. 
02:47:51.077 INFO  Minecraft: Guild > ASovietDoge left. 
02:48:22.075 INFO  Minecraft: Guild > ASovietDoge joined. 
02:48:28.396 INFO  Minecraft: Guild > UnknowAccount left. 
02:54:09.096 INFO  Minecraft: Guild > ASovietDoge left. 
02:54:27.271 INFO  Minecraft: Guild > ASovietDoge joined. 
02:55:18.264 INFO  Minecraft: Guild > OwOPingu joined. 
02:56:28.880 INFO  Minecraft: Guild > SnowedSeal joined. 
02:56:33.002 INFO  Minecraft: Guild > [MVP++] SnowedSeal [LS]: henlo 
02:56:36.400 INFO  Minecraft: Guild > [MVP++] SnowedSeal [LS]: m7 time 
02:56:37.184 INFO  Minecraft: Guild > [VIP] FabledLivid [M]: henlo 
02:56:39.558 INFO  Minecraft: Guild > [MVP++] SnowedSeal [LS]: m6* 
02:56:56.545 INFO  Minecraft: Guild > [VIP] FabledLivid [M]: suore 
02:57:00.339 INFO  Minecraft: Guild > [MVP++] SnowedSeal [LS]: ? 
02:57:35.699 INFO  Minecraft: Guild > ASovietDoge left. 
02:57:42.209 INFO  Minecraft: Guild > [MVP++] SnowedSeal [LS]: m2 or 
02:57:45.931 INFO  Minecraft: Guild > [MVP++] SnowedSeal [LS]: fishing 
02:57:46.529 INFO  Minecraft: Guild > ASovietDoge joined. 
02:58:45.950 INFO  Minecraft: Guild > [VIP] FabledLivid [M]: we are failing in m2 XD 
02:59:27.260 INFO  Minecraft: Guild > ASovietDoge left. 
02:59:30.395 INFO  Minecraft: Guild > ASovietDoge joined. 
03:04:45.963 INFO  Minecraft: Guild > SnowedSeal left. 
03:08:41.431 INFO  Minecraft: Guild > 4717 joined. 
03:21:11.333 INFO  Minecraft: Guild > FabledLivid left. 
03:22:01.819 INFO  Minecraft: Guild > ASovietDoge left. 
03:24:07.224 INFO  Minecraft: Guild > Micah_W left. 
03:27:04.291 INFO  Minecraft: Guild > Micah_W joined. 
03:36:46.420 INFO  Minecraft: Guild > TimothyPlays57 joined. 
03:37:10.413 INFO  Minecraft: Guild > Za1bot joined. 
03:42:29.258 INFO  Minecraft: Guild > TimothyPlays57 left. 
03:49:33.256 INFO  Minecraft: Guild > 4717 left. 
03:55:37.688 INFO  Minecraft: Guild > TimothyPlays57 joined. 
03:56:43.448 INFO  Minecraft: Guild > 4717 joined. 
04:00:01.523 INFO  Minecraft: Guild > [MVP+] TimothyPlays57 [M]: is this guild dead? 
04:00:06.511 INFO  Minecraft: Guild > [VIP] 4717 [M]: yes 
04:00:08.676 INFO  Minecraft:  
04:00:08.678 INFO  Minecraft: [WATCHDOG ANNOUNCEMENT] 
04:00:08.679 INFO  Minecraft: Watchdog has banned 30,171 players in the last 7 days. 
04:00:08.680 INFO  Minecraft: Staff have banned an additional 9,119 in the last 7 days. 
04:00:08.680 INFO  Minecraft: Blacklisted modifications are a bannable offense! 
04:00:08.681 INFO  Minecraft:  
04:00:12.206 INFO  Minecraft: Guild > [MVP+] TimothyPlays57 [M]: alr 
04:15:45.521 INFO  Minecraft: Guild > FabledLivid joined. 
04:20:12.277 INFO  Minecraft: Guild > FabledLivid left. 
04:23:43.600 INFO  Minecraft: Guild > Za1bot left. 
04:24:28.780 INFO  Minecraft: Guild > FabledLivid joined. 
04:26:35.970 INFO  Minecraft: Guild > FabledLivid left. 
04:27:26.230 INFO  Minecraft: Guild > FabledLivid joined. 
04:29:34.272 INFO  Minecraft: Guild > TimothyPlays57 left. 
04:30:52.533 INFO  Minecraft: Guild > TimothyPlays57 joined. 
04:34:15.613 INFO  Minecraft: Guild > [VIP] FabledLivid [M]: pog 
04:34:33.299 INFO  Minecraft: Guild > [VIP] FabledLivid [M]: sniped wis 5 5 stars necron legs fumings for 21m Poggies 
04:34:43.116 INFO  Minecraft: Guild > [VIP] FabledLivid [M]: stonks 
04:34:55.856 INFO  Minecraft: Guild > TimothyPlays57 left. 
04:34:59.213 INFO  Minecraft: Guild > FabledLivid left. 
04:37:46.832 INFO  Discord: [锔guild-chat] Gura's Shrimp: drip 
04:37:47.235 INFO  Minecraft: Guild > Minikloons [LS]: Gura'sShrimp禄 drip 
04:43:26.160 INFO  Minecraft: Guild > yKxshi joined. 
04:43:39.116 INFO  Minecraft: Guild > yKxshi left. 
04:45:55.201 INFO  Minecraft: Guild > FabledLivid joined. 
04:52:21.545 INFO  Minecraft: Guild > UnknownShadow124 joined. 
04:54:01.063 INFO  Minecraft: Guild > Micah_W left. 
04:54:12.221 INFO  Minecraft: Guild > FabledLivid left. 
04:56:38.307 INFO  Minecraft: Guild > UnknownShadow124 left. 
04:56:43.833 INFO  Minecraft: Guild > UnknownShadow124 joined. 
04:57:14.804 INFO  Minecraft: Guild > UnknownShadow124 left. 
04:57:36.846 INFO  Minecraft: Guild > ASovietDoge joined. 
04:59:08.835 INFO  Minecraft: Guild > FabledLivid joined. 
04:59:46.377 INFO  Minecraft: Guild > [VIP] FabledLivid [M]: i have 15 mins to play 
04:59:49.164 INFO  Minecraft: Guild > [VIP] FabledLivid [M]: wc 
05:00:41.774 INFO  Minecraft: Guild > [VIP] 4717 [M]: skill average 40 pog 
05:01:13.318 INFO  Minecraft: Guild > TimothyPlays57 joined. 
05:04:59.381 INFO  Minecraft: Guild > FabledLivid left. 
05:06:13.512 INFO  Minecraft: Guild > yKxshi joined. 
05:06:44.498 INFO  Minecraft: Guild > yKxshi left. 
05:10:08.066 INFO  Minecraft: Guild > UnknownShadow124 joined. 
05:11:10.301 INFO  Minecraft: Guild > UnknownShadow124 left. 
05:11:31.702 INFO  Minecraft: Guild > LRBenito joined. 
05:12:35.039 INFO  Minecraft: Guild > LRBenito left. 
05:14:40.123 INFO  Minecraft: -----------------------------------------------------
Ttvkevd851 has requested to join the Guild!
Click here to accept or type /guild accept Ttvkevd851!
-----------------------------------------------------
 
05:15:54.918 INFO  Minecraft: Guild > Ludwin2 joined. 
05:17:15.672 INFO  Minecraft: Guild > TimothyPlays57 left. 
05:18:03.210 INFO  Minecraft: Guild > yKxshi joined. 
05:18:24.482 INFO  Minecraft: Guild > yKxshi left. 
05:22:43.531 INFO  Minecraft: Guild > TimothyPlays57 joined. 
05:23:24.491 INFO  Minecraft: Guild > UnknowAccount joined. 
05:32:44.758 INFO  Minecraft: Guild > Ludwin2 left. 
05:37:42.504 INFO  Minecraft: Guild > UnknowAccount left. 
05:46:01.687 INFO  Minecraft: Guild > clonzy joined. 
05:52:01.439 INFO  Minecraft: Guild > OwOWolfs joined. 
05:53:55.825 INFO  Minecraft: Guild > TimothyPlays57 left. 
05:54:25.601 INFO  Minecraft: Guild > SwagMonkey420 joined. 
05:59:18.299 INFO  Minecraft: Guild > ASovietDoge left. 
06:00:09.901 INFO  Minecraft:  
06:00:09.904 INFO  Minecraft: [WATCHDOG ANNOUNCEMENT] 
06:00:09.905 INFO  Minecraft: Watchdog has banned 30,423 players in the last 7 days. 
06:00:09.906 INFO  Minecraft: Staff have banned an additional 9,291 in the last 7 days. 
06:00:09.907 INFO  Minecraft: Blacklisted modifications are a bannable offense! 
06:00:09.908 INFO  Minecraft:  
06:00:40.213 INFO  Minecraft: Guild > SwagMonkey420 left. 
06:02:34.519 INFO  Minecraft: Guild > UnknowAccount joined. 
06:23:37.714 INFO  Minecraft: Guild > 4717 left. 
06:36:52.699 INFO  Minecraft: Guild > OwOPingu left. 
06:36:56.775 INFO  Minecraft: Guild > OwOPingu joined. 
06:38:03.777 INFO  Minecraft: Guild > TimothyPlays57 joined. 
06:38:12.884 INFO  Minecraft: Guild > OwOPingu left. 
06:38:24.749 INFO  Minecraft: Guild > TimothyPlays57 left. 
06:38:42.897 INFO  Minecraft: Guild > TimothyPlays57 joined. 
06:39:15.284 INFO  Minecraft: Guild > TimothyPlays57 left. 
06:40:04.176 INFO  Minecraft: Guild > OwOPingu joined. 
06:41:03.990 INFO  Minecraft: Guild > Za1bot joined. 
06:41:30.379 INFO  Minecraft: Guild > TimothyPlays57 joined. 
06:41:48.414 INFO  Minecraft: Guild > Micah_W joined. 
06:51:59.507 INFO  Minecraft: Guild > TREX2M joined. 
06:52:25.751 INFO  Minecraft: Guild > Micah_W left. 
06:54:16.185 INFO  Minecraft: Guild > Micah_W joined. 
06:57:08.319 INFO  Minecraft: Guild > OwOWolfs left. 
07:07:08.759 INFO  Minecraft: Guild > Za1bot left. 
07:15:13.071 INFO  Minecraft: Guild > TimothyPlays57 left. 
07:15:42.057 INFO  Minecraft: Guild > boxed_cat joined. 
07:16:03.942 INFO  Minecraft: Guild > OwOWolfs joined. 
07:16:12.057 INFO  Minecraft: Guild > TREX2M left. 
07:19:12.213 INFO  Minecraft: Guild > TimothyPlays57 joined. 
07:19:28.222 INFO  Minecraft: Guild > boxed_cat left. 
07:19:38.866 INFO  Minecraft: Guild > TimothyPlays57 left. 
07:20:50.104 INFO  Minecraft: Guild > TimothyPlays57 joined. 
07:24:06.204 INFO  Minecraft: Guild > boxed_cat joined. 
07:26:29.039 INFO  Minecraft: Guild > OwOWolfs left. 
07:27:08.865 INFO  Minecraft: Guild > TimothyPlays57 left. 
07:27:54.190 INFO  Minecraft: Guild > TimothyPlays57 joined. 
07:40:03.465 INFO  Minecraft: Guild > TimothyPlays57 left. 
07:43:20.384 INFO  Minecraft: Guild > TimothyPlays57 joined. 
07:43:47.357 INFO  Minecraft: Guild > TimothyPlays57 left. 
07:51:09.975 INFO  Minecraft: Guild > TimothyPlays57 joined. 
07:51:10.300 INFO  Minecraft: Guild > TimothyPlays57 joined. 
07:51:11.753 INFO  Minecraft: Guild > TimothyPlays57 left. 
07:51:18.196 INFO  Minecraft: Guild > TimothyPlays57 joined. 
07:51:19.455 INFO  Minecraft: Guild > TimothyPlays57 left. 
07:51:26.444 INFO  Minecraft: Guild > TimothyPlays57 joined. 
07:51:27.225 INFO  Minecraft: Guild > TimothyPlays57 left. 
07:51:34.066 INFO  Minecraft: Guild > TimothyPlays57 joined. 
07:51:35.245 INFO  Minecraft: Guild > TimothyPlays57 left. 
07:51:41.373 INFO  Minecraft: Guild > TimothyPlays57 joined. 
07:51:43.087 INFO  Minecraft: Guild > TimothyPlays57 left. 
07:51:48.090 INFO  Minecraft: Guild > TimothyPlays57 joined. 
07:51:49.552 INFO  Minecraft: Guild > TimothyPlays57 left. 
07:51:53.409 INFO  Minecraft: Guild > TimothyPlays57 joined. 
07:51:55.086 INFO  Minecraft: Guild > TimothyPlays57 left. 
07:51:58.354 INFO  Minecraft: Guild > TimothyPlays57 joined. 
07:51:59.430 INFO  Minecraft: Guild > TimothyPlays57 left. 
07:52:04.109 INFO  Minecraft: Guild > TimothyPlays57 joined. 
07:52:05.391 INFO  Minecraft: Guild > TimothyPlays57 left. 
07:52:13.403 INFO  Minecraft: Guild > TimothyPlays57 joined. 
07:52:15.103 INFO  Minecraft: Guild > TimothyPlays57 left. 
07:52:22.199 INFO  Minecraft: Guild > TimothyPlays57 joined. 
07:52:23.409 INFO  Minecraft: Guild > TimothyPlays57 left. 
07:52:37.215 INFO  Minecraft: Guild > TimothyPlays57 left. 
07:53:17.118 INFO  Minecraft: Guild > TimothyPlays57 joined. 
07:56:17.338 INFO  Minecraft: Guild > 4717 joined. 
07:56:20.289 INFO  Minecraft: Guild > 5659 joined. 
07:59:14.508 INFO  Minecraft: Guild > 5659 left. 
07:59:20.426 INFO  Minecraft: Guild > 5659 joined. 
08:00:10.057 INFO  Minecraft:  
08:00:10.061 INFO  Minecraft: [WATCHDOG ANNOUNCEMENT] 
08:00:10.062 INFO  Minecraft: Watchdog has banned 30,705 players in the last 7 days. 
08:00:10.063 INFO  Minecraft: Staff have banned an additional 9,516 in the last 7 days. 
08:00:10.063 INFO  Minecraft: Blacklisted modifications are a bannable offense! 
08:00:10.064 INFO  Minecraft:  
08:02:01.838 INFO  Minecraft: Guild > BamBoozledMC joined. 
08:02:18.040 INFO  Minecraft: BamBoozledMC joined SkyBlock. 
08:02:31.874 INFO  Minecraft: Guild > boxed_cat left. 
08:13:15.654 INFO  Minecraft: Guild > TimothyPlays57 left. 
08:13:38.636 INFO  Minecraft: Guild > 5659 left. 
08:19:52.717 INFO  Minecraft: Guild > TimothyPlays57 joined. 
08:21:38.552 INFO  Minecraft: [SkyBlock] [MVP+] liamflip is visiting Your Island! 
08:22:10.597 INFO  Minecraft: [MVP+] BamBoozledMC: ? 
08:22:11.204 INFO  Minecraft: [] [MVP+] liamflip: mmh 
08:22:11.699 INFO  Minecraft: BamBoozledMC joined SkyBlock. 
08:22:13.660 INFO  Minecraft: [] [MVP+] liamflip: impressive 
08:22:14.654 INFO  Minecraft: [] [MVP+] liamflip: BUT 
08:22:17.590 INFO  Minecraft: [] [MVP+] liamflip: yup 
08:22:19.704 INFO  Minecraft: [] [MVP+] liamflip: thats a shame 
08:22:24.929 INFO  Minecraft: [] [MVP+] liamflip: such nice builds 
08:22:26.455 INFO  Minecraft: [] [MVP+] liamflip: but a farm 
08:22:32.664 INFO  Minecraft: [] [MVP+] liamflip: still, could i ask you a question? 
08:22:54.096 INFO  Minecraft: [] [MVP+] liamflip: mmh? 
08:22:54.655 INFO  Minecraft: [MVP+] BamBoozledMC: what 
08:23:01.827 INFO  Minecraft: [] [MVP+] liamflip: so i see you are same as me 
08:23:03.052 INFO  Minecraft: [] [MVP+] liamflip: a builder 
08:23:08.016 INFO  Minecraft: [] [MVP+] liamflip: youve got npcs, builds etc etc 
08:23:09.954 INFO  Minecraft: [] [MVP+] liamflip: very nice! 
08:23:14.195 INFO  Minecraft: [] [MVP+] liamflip: so can i ask you 
08:23:17.416 INFO  Minecraft: [] [MVP+] liamflip: from builder to builder 
08:23:22.671 INFO  Minecraft: [] [MVP+] liamflip: to rate one of my recent builds? 
08:23:38.798 INFO  Minecraft: [] [MVP+] liamflip: im very iffy about it so i would like another view 
08:24:00.549 INFO  Minecraft: [MVP+] BamBoozledMC: maybe 
08:24:08.236 INFO  Minecraft: [] [MVP+] liamflip: maybe? 
08:24:17.191 INFO  Minecraft: [] [MVP+] liamflip: well if you dont want to, just say so 
08:24:23.068 INFO  Minecraft: [] [MVP+] liamflip: its fine, no biggy 
08:24:26.109 INFO  Minecraft: [] [MVP+] liamflip: was just curious 
08:24:34.298 INFO  Minecraft: [MVP+] BamBoozledMC: im busy rn 
08:24:42.825 INFO  Minecraft: [] [MVP+] liamflip: ahh, as are all players 
08:24:46.876 INFO  Minecraft: [] [MVP+] liamflip: thats fine! 
08:24:54.827 INFO  Minecraft: [] [MVP+] liamflip: good luck playing the boring part of the game 
08:25:01.739 INFO  Minecraft: [] [MVP+] liamflip: gotta say though, yet again 
08:25:05.358 INFO  Minecraft: [] [MVP+] liamflip: nice builds brother! 
08:25:08.662 INFO  Minecraft: [] [MVP+] liamflip: btw 
08:25:14.812 INFO  Minecraft: [] [MVP+] liamflip: how did you do that text color with the npcs? 
08:25:30.326 INFO  Minecraft: Minikloons: color codes 
08:25:36.621 INFO  Minecraft: [] [MVP+] liamflip: hello minikloons 
08:25:41.560 INFO  Minecraft: [] [MVP+] liamflip: how do i do that again? 
08:25:48.328 INFO  Minecraft: [] [MVP+] liamflip: wasnt it with the & key or something? 
08:26:11.517 INFO  Minecraft: Minikloons: search mc color codes on google you will find it 
08:26:20.123 INFO  Minecraft: [] [MVP+] liamflip: ah okay 
08:26:23.918 INFO  Minecraft: [] [MVP+] liamflip: say, minikloon 
08:26:28.536 INFO  Minecraft: [] [MVP+] liamflip: who is responsible for the farm? 
08:26:57.268 INFO  Minecraft: Unknown command. Type "/help" for help. 
08:27:15.439 INFO  Minecraft: Minikloons: im the same person btw 
08:27:20.353 INFO  Minecraft: [] [MVP+] liamflip: ahh okay! 
08:27:21.703 INFO  Minecraft: [] [MVP+] liamflip: an alt 
08:27:27.661 INFO  Minecraft: [] [MVP+] liamflip: so its you then 
08:27:36.171 INFO  Minecraft: Unknown command. Type "/help" for help. 
08:27:36.179 INFO  Minecraft: [] [MVP+] liamflip: mmh, quite a shame, but i still do you like your other builds! 
08:27:55.309 INFO  Minecraft: Minikloons: idc about my farm 
08:28:01.971 INFO  Minecraft: [] [MVP+] liamflip: i care about them 
08:28:04.535 INFO  Minecraft: Minikloons: i hardly ever use it 
08:28:12.296 INFO  Minecraft: [] [MVP+] liamflip: they reduce the value of islands in terms of how beautiful it is 
08:28:19.956 INFO  Minecraft: [] [MVP+] liamflip: not to sound rude 
08:28:26.518 INFO  Minecraft: Minikloons: well the my problem then aint it :/ 
08:28:41.326 INFO  Minecraft: [] [MVP+] liamflip: i know, just saying 
08:28:46.022 INFO  Minecraft: [] [MVP+] liamflip: why dont you remove it then? 
08:29:08.483 INFO  Minecraft: Minikloons: cause sometimes i use it as a bit of money making when im board 
08:29:24.699 INFO  Minecraft: [] [MVP+] liamflip: but when you're bored, isnt it nicer to build 
08:29:39.979 INFO  Minecraft: Minikloons: no cause thats wasting time and money 
08:29:44.082 INFO  Minecraft: [] [MVP+] liamflip: and? 
08:29:54.432 INFO  Minecraft: [] [MVP+] liamflip: does money really matter that much to you? 
08:29:55.541 INFO  Minecraft: Guild > ASovietDoge joined. 
08:30:12.837 INFO  Minecraft: Guild > TimothyPlays57 left. 
08:31:37.369 INFO  Minecraft: [] [MVP+] liamflip: well i guess so 
08:32:49.048 INFO  Minecraft: [] [MVP+] liamflip: well, if you ever want to rate my new build, just shoot a message aye? 
08:32:59.445 INFO  Minecraft: Minikloons: ok 
08:33:20.789 INFO  Minecraft: BamBoozledMC joined SkyBlock. 
08:33:41.821 INFO  Minecraft: BamBoozledMC joined SkyBlock. 
08:35:26.339 INFO  Minecraft: ----------------------------------------------------- 
08:35:26.349 INFO  Minecraft: [MVP+] BamBoozledMC created a BIN auction for Fleet Mithril Drill SX-R226 at 3,850,000 coins! 
08:35:26.350 INFO  Minecraft: ----------------------------------------------------- 
08:35:31.507 INFO  Minecraft: [Bazaar] Your co-op Sell Offer for 1x Catalyst was filled! 
08:36:01.197 INFO  Minecraft: Guild > UnknowAccount left. 
08:36:41.260 INFO  Minecraft: Guild > TimothyPlays57 joined. 
08:37:07.259 INFO  Minecraft: Guild > TimothyPlays57 left. 
08:38:48.368 INFO  Minecraft: Guild > BamBoozledMC left. 
08:45:24.560 INFO  Minecraft: [Auction] LimIsCool bought Fleet Mithril Drill SX-R226 for 3,850,000 coins CLICK 
09:09:13.022 INFO  Minecraft: Guild > SnowedSeal joined. 
09:09:13.936 INFO  Minecraft: Guild > SnowedSeal left. 
09:09:25.950 INFO  Minecraft: Guild > OwOPingu left. 
09:14:51.073 INFO  Minecraft: Guild > ASovietDoge left. 
09:21:08.838 INFO  Minecraft: Guild > TimothyPlays57 joined. 
09:34:19.552 INFO  Minecraft: Guild > WitheredRoyal joined. 
09:37:20.593 INFO  Minecraft: Guild > WitheredRoyal left. 
09:38:15.646 INFO  Minecraft: Guild > WitheredRoyal joined. 
09:43:25.306 INFO  Minecraft: Guild > Micah_W left. 
09:46:29.587 INFO  Minecraft: Guild > 4717 left. 
09:57:43.499 INFO  Minecraft: Guild > TimothyPlays57 left. 
10:00:10.212 INFO  Minecraft:  
10:00:10.222 INFO  Minecraft: [WATCHDOG ANNOUNCEMENT] 
10:00:10.223 INFO  Minecraft: Watchdog has banned 30,945 players in the last 7 days. 
10:00:10.224 INFO  Minecraft: Staff have banned an additional 9,705 in the last 7 days. 
10:00:10.225 INFO  Minecraft: Blacklisted modifications are a bannable offense! 
10:00:10.225 INFO  Minecraft:  
10:12:36.960 INFO  Minecraft: Guild > 4717 joined. 
10:12:56.946 INFO  Minecraft: Guild > 4717 left. 
10:16:00.290 INFO  Minecraft: Guild > WitheredRoyal left. 
10:16:05.229 INFO  Minecraft: Guild > WitheredRoyal joined. 
10:43:55.760 INFO  Minecraft: Guild > OwOPingu joined. 
10:47:55.365 INFO  Minecraft: Guild > [VIP+] WitheredRoyal [M]: Does any1 wanna boss trade revs? 
10:50:56.427 INFO  Minecraft: Guild > 4717 joined. 
10:51:54.536 INFO  Minecraft: Guild > 4717 left. 
11:06:41.691 INFO  Minecraft: Guild > [VIP+] WitheredRoyal [M]: Does any1 wanna boss trade revs? 
11:57:59.597 INFO  Minecraft: Guild > [VIP+] WitheredRoyal [M]: Does jelly fish count for seal? 
12:00:10.377 INFO  Minecraft:  
12:00:10.385 INFO  Minecraft: [WATCHDOG ANNOUNCEMENT] 
12:00:10.386 INFO  Minecraft: Watchdog has banned 31,160 players in the last 7 days. 
12:00:10.387 INFO  Minecraft: Staff have banned an additional 9,912 in the last 7 days. 
12:00:10.388 INFO  Minecraft: Blacklisted modifications are a bannable offense! 
12:00:10.388 INFO  Minecraft:  
12:06:35.066 INFO  Minecraft: [Important] This server will restart soon: Scheduled Reboot 
12:06:35.078 INFO  Minecraft: You have 60 seconds to warp out! CLICK to warp now! 
12:07:33.276 INFO  Minecraft: Evacuating to Hub... 
12:07:33.578 INFO  Minecraft: Sending to server mini240E... 
12:07:33.684 INFO  Logged in. 
12:07:34.373 INFO  Minecraft:         
12:07:38.565 INFO  Minecraft: You are playing on profile: Zucchini (Co-op) 
12:07:38.736 INFO  Sending to skyblock. 
12:07:39.126 INFO  Minecraft: You are already playing SkyBlock! 
12:07:44.143 INFO  Minecraft: Warping you to your SkyBlock island... 
12:07:44.405 INFO  Minecraft: Sending to server mini151E... 
12:07:44.555 INFO  Logged in. 
12:07:44.837 INFO  Minecraft:         
12:07:47.970 INFO  Minecraft: You are playing on profile: Zucchini (Co-op) 
12:07:49.557 INFO  Sending to skyblock. 
12:07:49.882 INFO  Minecraft: You are already playing SkyBlock! 
12:07:54.974 INFO  Minecraft: You're already sitting on this island! 
12:17:17.127 INFO  Minecraft: Guild > ShredderSeal joined. 
12:21:15.758 INFO  Minecraft: Guild > [VIP] ShredderSeal [M]: i hate my financial desicions 
12:21:25.197 INFO  Minecraft: Guild > [VIP+] WitheredRoyal [M]: What;d you do? 
12:21:41.548 INFO  Minecraft: Guild > [VIP] ShredderSeal [M]: bought 4 star loving storm cp for 29, 
12:21:44.352 INFO  Minecraft: Guild > [VIP] ShredderSeal [M]: m 
12:21:52.568 INFO  Minecraft: Guild > [VIP+] WitheredRoyal [M]: Isn't that good? 
12:21:53.147 INFO  Minecraft: Guild > [VIP] ShredderSeal [M]: night night wise cp 
12:22:01.894 INFO  Minecraft: Guild > [VIP] ShredderSeal [M]: i alr have wise cp 
12:22:06.626 INFO  Minecraft: Guild > [VIP] ShredderSeal [M]: loving wise 
12:22:13.248 INFO  Minecraft: Guild > [VIP+] WitheredRoyal [M]: oh 
12:29:03.140 INFO  Minecraft: Guild > ranger4josh joined. 
12:33:09.115 INFO  Minecraft: Guild > YoMadaEatingRice joined. 
12:46:31.883 INFO  Minecraft: Guild > ranger4josh left. 
12:48:21.696 INFO  Minecraft: Guild > 4717 joined. 
12:50:10.711 INFO  Minecraft: Guild > 4717 left. 
12:54:47.198 INFO  Minecraft: Guild > WitheredRoyal left. 
13:00:33.845 INFO  Minecraft: Guild > [VIP] ShredderSeal [M]: is there any fragbots on? 
13:06:33.487 INFO  Minecraft: Guild > Micah_W joined. 
13:08:07.318 INFO  Minecraft: Guild > boxed_cat joined. 
13:08:37.373 INFO  Minecraft: [Important] This server will restart soon: Scheduled Reboot 
13:08:37.403 INFO  Minecraft: You have 60 seconds to warp out! CLICK to warp now! 
13:09:35.636 INFO  Minecraft: Evacuating to Hub... 
13:09:35.665 INFO  Minecraft: Sending to server mini389M... 
13:09:35.786 INFO  Logged in. 
13:09:36.419 INFO  Minecraft:         
13:09:40.547 INFO  Minecraft: You are playing on profile: Zucchini (Co-op) 
13:09:40.786 INFO  Sending to skyblock. 
13:09:41.175 INFO  Minecraft: You are already playing SkyBlock! 
13:09:46.152 INFO  Minecraft: Warping you to your SkyBlock island... 
13:09:46.452 INFO  Minecraft: Sending to server mini902K... 
13:09:46.580 INFO  Logged in. 
13:09:46.887 INFO  Minecraft:         
13:09:50.079 INFO  Minecraft: You are playing on profile: Zucchini (Co-op) 
13:09:51.585 INFO  Sending to skyblock. 
13:09:51.972 INFO  Minecraft: You are already playing SkyBlock! 
13:09:56.987 INFO  Minecraft: You're already sitting on this island! 
13:18:25.776 INFO  Minecraft: Guild > boxed_cat left. 
13:21:12.305 INFO  Minecraft: Guild > ranger4josh joined. 
13:34:08.857 INFO  Minecraft: Guild > YoMadaEatingRice left. 
13:35:43.889 INFO  Minecraft: Guild > YoMadaEatingRice joined. 
13:44:07.863 INFO  Minecraft: Guild > YoMadaEatingRice left. 
13:44:15.801 INFO  Minecraft: Guild > YoMadaEatingRice joined. 
13:45:28.819 INFO  Minecraft: Guild > YoMadaEatingRice left. 
13:45:36.615 INFO  Minecraft: Guild > YoMadaEatingRice joined. 
13:48:03.962 INFO  Minecraft: Guild > Ludwin2 joined. 
13:48:54.938 INFO  Minecraft: Guild > Ludwin2 left. 
13:56:13.260 INFO  Minecraft: Guild > nicemoney joined. 
13:56:19.122 INFO  Minecraft: Guild > nicemoney left. 
13:59:03.288 INFO  Minecraft: Guild > [VIP] ShredderSeal [M]: yo 
13:59:06.181 INFO  Minecraft: Guild > [VIP] ShredderSeal [M]: combat 46 
14:00:10.519 INFO  Minecraft:  
14:00:10.530 INFO  Minecraft: [WATCHDOG ANNOUNCEMENT] 
14:00:10.531 INFO  Minecraft: Watchdog has banned 31,431 players in the last 7 days. 
14:00:10.532 INFO  Minecraft: Staff have banned an additional 10,086 in the last 7 days. 
14:00:10.533 INFO  Minecraft: Blacklisted modifications are a bannable offense! 
14:00:10.533 INFO  Minecraft:  
14:00:38.161 INFO  Minecraft: Guild > [VIP] ShredderSeal [M]: why is storm so weak 
14:00:40.164 INFO  Minecraft: Guild > [VIP] ShredderSeal [M]: wtf man 
14:00:50.296 INFO  Minecraft: Guild > [MVP+] ranger4josh [M]: lol 
14:00:50.911 INFO  Minecraft: Guild > [VIP] ShredderSeal [M]: i instantly die 
14:00:57.119 INFO  Minecraft: Guild > [VIP] Micah_W [M]: you got stars on it? 
14:00:59.154 INFO  Minecraft: Guild > [VIP] ShredderSeal [M]: i legit using meta gear 
14:01:00.301 INFO  Minecraft: Guild > [VIP] ShredderSeal [M]: yesa 
14:01:05.566 INFO  Minecraft: Guild > [VIP] ShredderSeal [M]: 4 star cp and legs 
14:01:09.508 INFO  Minecraft: Guild > [VIP] ShredderSeal [M]: 3 star on boots 
14:01:27.742 INFO  Minecraft: Guild > [VIP] ShredderSeal [M]: worse thing is 
14:01:29.945 INFO  Minecraft: Guild > [VIP] ShredderSeal [M]: its f5 
14:01:40.479 INFO  Minecraft: Guild > [VIP] Micah_W [M]: if I ever go mage im going to die so much coz im tank rn I I just run into stuff and dont care lol 
14:01:40.768 INFO  Minecraft: Guild > [VIP] ShredderSeal [M]: i mean i do like 4-5m with a 25m midas staff 
14:01:45.614 INFO  Minecraft: Guild > [VIP] ShredderSeal [M]: but im so stupidly weak 
14:02:04.616 INFO  Minecraft: Guild > [VIP] ShredderSeal [M]: i used to be one but tank is so boring 
14:02:34.219 INFO  Minecraft: Guild > [VIP] ShredderSeal [M]: and uhm 
14:02:44.745 INFO  Minecraft: Guild > [VIP] ShredderSeal [M]: sheep give a bunch of mana 
14:02:47.910 INFO  Minecraft: Guild > [VIP] ShredderSeal [M]: but no hp 
14:03:28.511 INFO  Minecraft: Guild > [VIP] ShredderSeal [M]: wtf 
14:03:32.393 INFO  Minecraft: Guild > [VIP] ShredderSeal [M]: necron is the same 
14:03:36.180 INFO  Minecraft: Guild > [VIP] ShredderSeal [M]: but i die less/ 
14:03:41.531 INFO  Minecraft: Guild > [VIP] ShredderSeal [M]: this game is a scam lmao 
14:03:55.780 INFO  Minecraft: Guild > [VIP] ShredderSeal [M]: could be wither goggles 
14:03:59.644 INFO  Minecraft: Guild > [VIP] ShredderSeal [M]: wither goggles so weak 
14:04:31.043 INFO  Minecraft: Guild > [VIP] ShredderSeal [M]: wither goggles is like, either u 1shot them or they 1shot u 
14:05:53.593 INFO  Minecraft: Guild > [VIP] ShredderSeal [M]: hmm 
14:06:10.335 INFO  Minecraft: Guild > [VIP] ShredderSeal [M]: i kinda wanted to switch back to whale 
14:06:18.175 INFO  Minecraft: Guild > [VIP] ShredderSeal [M]: but i like having a leg baby yeti 
14:07:09.826 INFO  Minecraft: Guild > ASovietDoge joined. 
14:37:13.279 INFO  Minecraft: Guild > [VIP] ShredderSeal [M]: anyone wanna do like f5 or something 
14:37:15.599 INFO  Minecraft: Guild > [VIP] ShredderSeal [M]: im bored 
14:37:35.335 INFO  Minecraft: Guild > [MVP+] ranger4josh [M]: i have no weapon atm for in dungeons :( 
14:39:52.650 INFO  Minecraft: Guild > ASovietDoge left. 
14:51:23.964 INFO  Minecraft: Guild > ranger4josh left. 
14:51:28.709 INFO  Minecraft: Guild > ranger4josh joined. 
15:07:10.869 INFO  Minecraft: Guild > OwOPingu left. 
15:09:41.048 INFO  Minecraft: Guild > Micah_W left. 
15:10:28.041 INFO  Minecraft: Guild > Micah_W joined. 
15:13:53.892 INFO  Minecraft: Guild > [MVP+] ranger4josh [M]: when did they debuff the ring of love 
15:22:11.579 INFO  Minecraft: Guild > [MVP+] ranger4josh [M]: no 
15:28:28.757 INFO  Minecraft: Guild > ranger4josh left. 
15:52:48.235 INFO  Minecraft: Guild > YoMadaEatingRice left. 
15:52:54.217 INFO  Minecraft: Guild > YoMadaEatingRice joined. 
15:54:33.283 INFO  Minecraft: Guild > YoMadaEatingRice left. 
15:54:40.363 INFO  Minecraft: Guild > YoMadaEatingRice joined. 
15:56:54.498 INFO  Minecraft: Guild > 3ctooo joined. 
15:57:09.519 INFO  Minecraft: Guild > 3ctooo left. 
16:00:10.726 INFO  Minecraft:  
16:00:10.738 INFO  Minecraft: [WATCHDOG ANNOUNCEMENT] 
16:00:10.739 INFO  Minecraft: Watchdog has banned 31,738 players in the last 7 days. 
16:00:10.740 INFO  Minecraft: Staff have banned an additional 10,213 in the last 7 days. 
16:00:10.740 INFO  Minecraft: Blacklisted modifications are a bannable offense! 
16:00:10.741 INFO  Minecraft:  
16:06:14.546 INFO  Discord: [锔guild-chat] LS | SnowedSeal: owo 
16:06:14.920 INFO  Minecraft: Guild > Minikloons [LS]: LS| SnowedSeal禄 owo 
16:07:35.960 INFO  Discord: [锔guild-chat] LS | SnowedSeal: can anyone answer? 
16:07:36.283 INFO  Minecraft: Guild > Minikloons [LS]: LS| SnowedSeal禄 can anyone answer? 
16:07:40.267 INFO  Minecraft: Guild > [VIP] ShredderSeal [M]: henlo 
16:07:45.922 INFO  Discord: [锔guild-chat] LS | SnowedSeal: :D 
16:07:46.261 INFO  Minecraft: Guild > Minikloons [LS]: LS| SnowedSeal禄 :D 
16:07:48.704 INFO  Discord: [锔guild-chat] LS | SnowedSeal: henlo 
16:07:49.044 INFO  Minecraft: Guild > Minikloons [LS]: LS| SnowedSeal禄 henlo 
16:09:05.958 INFO  Minecraft: Guild > [VIP] ShredderSeal [M]: lmao 
16:09:13.671 INFO  Minecraft: Guild > [VIP] ShredderSeal [M]: someone trying to scam me 
16:09:18.605 INFO  Minecraft: Guild > [VIP] ShredderSeal [M]: but i have neu 
16:09:20.941 INFO  Minecraft: Guild > [VIP] ShredderSeal [M]: lllll 
16:13:34.779 INFO  Discord: [锔guild-chat] LS | SnowedSeal: gg 
16:13:35.109 INFO  Minecraft: Guild > Minikloons [LS]: LS| SnowedSeal禄 gg 
16:14:30.771 INFO  Minecraft: Guild > [VIP] ShredderSeal [M]: i have leg baby yeti in my ah if anyone wants 
16:14:35.096 INFO  Minecraft: Guild > [VIP] ShredderSeal [M]: it has candies tho 
16:28:07.063 INFO  Minecraft: Guild > [VIP] ShredderSeal [M]: r u ok? 
16:28:14.042 INFO  Minecraft: Guild > [VIP] ShredderSeal [M]: wc 
16:38:18.219 INFO  Minecraft: Guild > ranger4josh joined. 
16:40:06.545 INFO  Minecraft: Guild > Micah_W left. 
16:40:53.792 INFO  Minecraft: Guild > Micah_W joined. 
16:41:08.404 INFO  Minecraft: Guild > [VIP] ShredderSeal [M]: im suprised still many people say Hype and not hyp 
16:41:33.625 INFO  Minecraft: Guild > [MVP+] ranger4josh [M]: hehe warden helm is super op 
16:41:58.359 INFO  Minecraft: Guild > [VIP] ShredderSeal [M]: ok? 
16:42:07.176 INFO  Minecraft: Guild > [VIP] ShredderSeal [M]: so uh 
16:42:10.518 INFO  Minecraft: Guild > [VIP] ShredderSeal [M]: i just became mage 
16:42:15.299 INFO  Minecraft: Guild > [VIP] ShredderSeal [M]: someone bought my ah plz 
16:42:21.059 INFO  Minecraft: Guild > [VIP] ShredderSeal [M]: so i can buy whale 
16:42:41.519 INFO  Minecraft: Guild > [VIP] ShredderSeal [M]: mage is kinda fun 
16:43:54.517 INFO  Minecraft: Guild > [VIP] ShredderSeal [M]: i used to question people on why they use 3/4 necrotic and loving or full necrotic 
16:44:02.509 INFO  Minecraft: Guild > [VIP] ShredderSeal [M]: and now i literally use it 
16:44:17.468 INFO  Minecraft: Guild > [VIP] ShredderSeal [M]: basically cheap midgame mage set 
16:44:41.745 INFO  Minecraft: Guild > [VIP] ShredderSeal [M]: 20m midas staff, 3/4 storm's, wither goggles, sheep & blue whale 
16:45:08.468 INFO  Minecraft: Guild > [VIP] ShredderSeal [M]: and yes i call it cheap and a midgame set bcz 20m midas staff is nothing compared to 100m ones 
16:45:35.389 INFO  Minecraft: Guild > [MVP+] ranger4josh [M]: i need to get more wither essence :( 
16:45:43.091 INFO  Minecraft: Guild > [VIP] ShredderSeal [M]: same :( 
16:45:48.163 INFO  Minecraft: Guild > [VIP] ShredderSeal [M]: 42 wither 
16:45:52.929 INFO  Minecraft: Guild > [VIP] ShredderSeal [M]: i need to do f5 and f6 
16:45:57.190 INFO  Minecraft: Guild > [VIP] ShredderSeal [M]: with this weak gear 
16:46:00.164 INFO  Minecraft: Guild > [MVP+] ranger4josh [M]: i cant even do that 
16:46:05.118 INFO  Minecraft: Guild > [MVP+] ranger4josh [M]: i need to get more stuff 
16:46:08.125 INFO  Minecraft: Guild > [VIP] ShredderSeal [M]: i can only do f1-f3 
16:46:13.368 INFO  Minecraft: Guild > [MVP+] ranger4josh [M]: same 
16:46:17.965 INFO  Minecraft: Guild > [VIP] ShredderSeal [M]: bcz my 25m midas staff lacks 
16:46:29.364 INFO  Minecraft: Guild > [VIP] ShredderSeal [M]: i need a weapon 
16:46:35.785 INFO  Minecraft: Guild > [VIP] ShredderSeal [M]: that crowd controls 
16:46:50.215 INFO  Minecraft: Guild > [MVP+] ranger4josh [M]: i need to get a juju bow so that i can be archer 
16:47:35.894 INFO  Minecraft: Guild > [MVP+] ranger4josh [M]: my armor is so bad atm 
16:48:23.444 INFO  Minecraft: Guild > [VIP] ShredderSeal [M]: same 
16:48:33.916 INFO  Minecraft: Guild > [VIP] ShredderSeal [M]: my storm isnt even recombed 
16:49:15.379 INFO  Minecraft: Guild > [VIP] ShredderSeal [M]: wtf 
16:49:26.419 INFO  Minecraft: Guild > [VIP] ShredderSeal [M]: crafting ls 5 from ls 4s is a scam 
16:49:30.913 INFO  Minecraft: Guild > [VIP] ShredderSeal [M]: 2m for each ls 4 
16:49:36.423 INFO  Minecraft: Guild > [VIP] ShredderSeal [M]: and ls 5 is 3.3m 
16:49:45.625 INFO  Minecraft: Guild > [VIP] ShredderSeal [M]: you'll lose like 1.7m 
16:50:35.464 INFO  Minecraft: Guild > [VIP] ShredderSeal [M]: ima change my storm set color 
17:01:53.316 INFO  Minecraft: Guild > ranger4josh left. 
17:03:16.174 INFO  Minecraft: Guild > Micah_W left. 
17:03:57.026 INFO  Minecraft: Guild > Micah_W joined. 
17:19:52.246 INFO  Minecraft: Guild > clonzy left. 
17:27:53.191 INFO  Minecraft: Guild > Micah_W left. 
17:45:59.265 INFO  Minecraft: Guild > clonzy joined. 
17:49:38.328 INFO  Minecraft: Guild > UnknowAccount joined. 
17:54:35.645 INFO  Minecraft: Guild > clonzy left. 
17:55:36.814 INFO  Minecraft: [Important] This server will restart soon: Scheduled Reboot 
17:55:36.825 INFO  Minecraft: You have 60 seconds to warp out! CLICK to warp now! 
17:56:12.882 INFO  Minecraft: Guild > UnknowAccount left. 
17:56:35.071 INFO  Minecraft: Evacuating to Hub... 
17:56:35.157 INFO  Minecraft: Sending to server mini337K... 
17:56:35.196 INFO  Logged in. 
17:56:35.793 INFO  Minecraft:         
17:56:39.824 INFO  Minecraft: You are playing on profile: Zucchini (Co-op) 
17:56:40.276 INFO  Sending to skyblock. 
17:56:40.296 INFO  Minecraft: ALLOWANCE! You earned 50,000 coins! 
17:56:40.689 INFO  Minecraft: You are already playing SkyBlock! 
17:56:45.701 INFO  Minecraft: Warping you to your SkyBlock island... 
17:56:45.837 INFO  Minecraft: Sending to server mini532U... 
17:56:45.930 INFO  Logged in. 
17:56:46.182 INFO  Minecraft:         
17:56:49.346 INFO  Minecraft: You are playing on profile: Zucchini (Co-op) 
17:56:51.000 INFO  Sending to skyblock. 
17:56:51.359 INFO  Minecraft: You are already playing SkyBlock! 
17:56:56.409 INFO  Minecraft: You're already sitting on this island! 
18:00:11.126 INFO  Minecraft:  
18:00:11.140 INFO  Minecraft: [WATCHDOG ANNOUNCEMENT] 
18:00:11.141 INFO  Minecraft: Watchdog has banned 32,086 players in the last 7 days. 
18:00:11.142 INFO  Minecraft: Staff have banned an additional 10,511 in the last 7 days. 
18:00:11.143 INFO  Minecraft: Blacklisted modifications are a bannable offense! 
18:00:11.143 INFO  Minecraft:  
18:06:32.841 INFO  Minecraft: Guild > [VIP] ShredderSeal [M]: trans tuner is so bugged that instead of the 11, its shows that it tps 12 blocks, BUT, instead of the 12 blocks, it actually teleports you 13 blocks forward 
18:06:44.877 INFO  Minecraft: Guild > [VIP+] YoMadaEatingRice [M]: yea 
18:10:52.495 INFO  Minecraft: Guild > clonzy joined. 
18:11:00.811 INFO  Discord: [锔guild-chat] Member | ShredderSeal: henlo 
18:11:01.138 INFO  Minecraft: Guild > Minikloons [LS]: Member| ShredderSeal禄 henlo 
18:11:04.974 INFO  Minecraft: Guild > [VIP] ShredderSeal [M]: henlo 
18:11:15.082 INFO  Discord: [锔guild-chat] Member | ShredderSeal: how are you doing? 
18:11:15.451 INFO  Minecraft: Guild > Minikloons [LS]: Member| ShredderSeal禄 how are you doing? 
18:11:20.944 INFO  Minecraft: Guild > [VIP] ShredderSeal [M]: im fine! how about you? 
18:11:34.385 INFO  Discord: [锔guild-chat] Member | ShredderSeal: im fine too! 
18:11:34.700 INFO  Minecraft: Guild > Minikloons [LS]: Member| ShredderSeal禄 im fine too! 
18:11:46.565 INFO  Discord: [锔guild-chat] Member | ShredderSeal: wanna play hypixel together? 
18:11:46.895 INFO  Minecraft: Guild > Minikloons [LS]: Member| ShredderSeal禄 wanna play hypixel together? 
18:11:50.258 INFO  Minecraft: Guild > [VIP] ShredderSeal [M]: sure! 
18:12:23.423 INFO  Minecraft: Guild > [VIP] ShredderSeal [M]: ok add me on hypixel, my name is ShredderSeal! 
18:12:23.734 INFO  Discord: [锔guild-chat] Member | ShredderSeal: ok add me on hypixel, my name is ShredderSeal! 
18:12:24.197 INFO  Minecraft: Guild > Minikloons [LS]: Member| ShredderSeal禄 ok add me on hypixel, my name is ShredderSeal! 
18:12:34.914 INFO  Minecraft: Guild > [VIP] ShredderSeal [M]: oh 
18:12:35.259 INFO  Discord: [锔guild-chat] Member | ShredderSeal: oh 
18:12:35.601 INFO  Minecraft: Guild > Minikloons [LS]: Member| ShredderSeal禄 oh 
18:13:04.631 INFO  Minecraft: Guild > [VIP] ShredderSeal [M]: :( 
18:13:04.696 INFO  Discord: [锔guild-chat] Member | ShredderSeal: :( 
18:13:05.082 INFO  Minecraft: You cannot say the same message twice! 
18:24:56.092 INFO  Minecraft: Guild > UnknowAccount joined. 
18:27:59.889 INFO  Minecraft: Guild > ShredderSeal left. 
18:28:41.818 INFO  Minecraft: Guild > ShredderSeal joined. 
18:44:48.534 INFO  Minecraft: Guild > ranger4josh joined. 
18:46:28.422 INFO  Minecraft: Guild > YoMadaEatingRice left. 
18:58:12.067 INFO  Minecraft: Guild > ranger4josh left. 
18:58:16.787 INFO  Minecraft: Guild > ranger4josh joined. 
19:09:27.158 INFO  Minecraft: Guild > clonzy left. 
19:11:56.012 INFO  Minecraft: Guild > ranger4josh left. 
19:12:05.044 INFO  Minecraft: Guild > ShredderSeal left. 
19:18:44.685 INFO  Minecraft: Guild > ShredderSeal joined. 
19:30:10.346 INFO  Minecraft: Guild > BamBoozledMC joined. 
19:31:25.831 INFO  Minecraft: ----------------------------------------------------- 
19:31:25.843 INFO  Minecraft: [MVP+] BamBoozledMC collected an auction for 3,811,500 coins! 
19:31:25.844 INFO  Minecraft: ----------------------------------------------------- 
19:32:22.132 INFO  Minecraft: You gained 5,120 Mining experience from minions! 
19:32:24.829 INFO  Minecraft: You gained 5,120 Mining experience from minions! 
19:32:30.363 INFO  Minecraft: You gained 1,024 Fishing experience from minions! 
19:32:30.818 INFO  Minecraft: You gained 2,176 Mining experience from minions! 
19:32:31.333 INFO  Minecraft: You gained 1,024 Fishing experience from minions! 
19:32:31.800 INFO  Minecraft: You gained 1,024 Fishing experience from minions! 
19:32:32.367 INFO  Minecraft: You gained 1,024 Fishing experience from minions! 
19:32:32.834 INFO  Minecraft: You gained 1,024 Fishing experience from minions! 
19:32:33.658 INFO  Minecraft: You gained 352 Fishing experience from minions! 
19:32:37.598 INFO  Minecraft: You gained 336 Fishing experience from minions! 
19:32:38.469 INFO  Minecraft: You gained 1,024 Fishing experience from minions! 
19:32:39.053 INFO  Minecraft: You gained 1,024 Fishing experience from minions! 
19:32:39.687 INFO  Minecraft: You gained 1,024 Fishing experience from minions! 
19:32:40.135 INFO  Minecraft: You gained 1,024 Fishing experience from minions! 
19:32:40.662 INFO  Minecraft: You gained 2,176 Mining experience from minions! 
19:32:41.170 INFO  Minecraft: You gained 1,024 Fishing experience from minions! 
19:34:14.117 INFO  Minecraft: You gained 1,280 Mining experience from minions! 
19:34:14.709 INFO  Minecraft: You gained 3,328 Mining experience from minions! 
19:34:17.009 INFO  Minecraft: You gained 1,344 Mining experience from minions! 
19:34:17.518 INFO  Minecraft: You gained 3,328 Mining experience from minions! 
19:34:19.607 INFO  Minecraft: You gained 1,344 Mining experience from minions! 
19:34:20.243 INFO  Minecraft: You gained 3,328 Mining experience from minions! 
19:34:22.980 INFO  Minecraft: You gained 1,344 Mining experience from minions! 
19:34:23.601 INFO  Minecraft: You gained 3,328 Mining experience from minions! 
19:34:25.555 INFO  Minecraft: You gained 3,264 Mining experience from minions! 
19:34:26.108 INFO  Minecraft: You gained 1,280 Mining experience from minions! 
19:34:28.156 INFO  Minecraft: You gained 3,328 Mining experience from minions! 
19:34:28.809 INFO  Minecraft: You gained 1,344 Mining experience from minions! 
19:34:32.385 INFO  Minecraft: You gained 1,280 Mining experience from minions! 
19:34:32.901 INFO  Minecraft: You gained 3,328 Mining experience from minions! 
19:34:35.373 INFO  Minecraft: You gained 3,328 Mining experience from minions! 
19:34:35.851 INFO  Minecraft: You gained 1,344 Mining experience from minions! 
19:34:38.006 INFO  Minecraft: You gained 3,328 Mining experience from minions! 
19:34:38.604 INFO  Minecraft: You gained 1,408 Mining experience from minions! 
19:34:44.673 INFO  Minecraft: You gained 1,280 Mining experience from minions! 
19:34:45.202 INFO  Minecraft: You gained 3,328 Mining experience from minions! 
19:34:47.497 INFO  Minecraft: You gained 3,328 Mining experience from minions! 
19:34:48.052 INFO  Minecraft: You gained 1,344 Mining experience from minions! 
19:34:49.827 INFO  Minecraft: You gained 1,344 Mining experience from minions! 
19:34:50.438 INFO  Minecraft: You gained 3,264 Mining experience from minions! 
19:34:56.208 INFO  Minecraft: BamBoozledMC joined SkyBlock. 
19:36:58.616 INFO  Minecraft: Guild > [MVP+] BamBoozledMC [LS]: hello 
19:37:00.503 INFO  Minecraft: Guild > [MVP+] BamBoozledMC [LS]: anyone 
19:39:18.640 INFO  Minecraft: Guild > ranger4josh joined. 
19:42:53.196 INFO  Minecraft: BamBoozledMC joined SkyBlock. 
19:46:20.225 INFO  Minecraft: Guild > ranger4josh left. 
19:59:12.425 INFO  Minecraft:  禄 BamBoozledMC is traveling to Hub FOLLOW 
19:59:40.948 INFO  Minecraft: ----------------------------------------------------- 
19:59:40.979 INFO  Minecraft: [MVP+] BamBoozledMC created a BIN auction for Ancient Rose at 299,000 coins! 
19:59:40.980 INFO  Minecraft: ----------------------------------------------------- 
20:00:11.384 INFO  Minecraft:  
20:00:11.388 INFO  Minecraft: [WATCHDOG ANNOUNCEMENT] 
20:00:11.389 INFO  Minecraft: Watchdog has banned 32,388 players in the last 7 days. 
20:00:11.390 INFO  Minecraft: Staff have banned an additional 10,643 in the last 7 days. 
20:00:11.391 INFO  Minecraft: Blacklisted modifications are a bannable offense! 
20:00:11.391 INFO  Minecraft:  
20:02:54.670 INFO  Minecraft: Guild > [VIP] ShredderSeal [M]: man i miss my ice spray 
20:03:03.823 INFO  Minecraft: Guild > [MVP+] BamBoozledMC [LS]: why 
20:10:23.252 INFO  Minecraft:  禄 BamBoozledMC is traveling to Dungeons Hub FOLLOW 
20:10:30.633 INFO  Minecraft:  禄 BamBoozledMC is traveling to Hub FOLLOW 
20:11:02.676 INFO  Minecraft: ----------------------------------------------------- 
20:11:02.680 INFO  Minecraft: [MVP+] BamBoozledMC created a BIN auction for Ancient Rose at 295,000 coins! 
20:11:02.680 INFO  Minecraft: ----------------------------------------------------- 
20:11:19.361 INFO  Minecraft:  禄 BamBoozledMC is traveling to Dungeons Hub FOLLOW 
20:11:23.262 INFO  Minecraft: BamBoozledMC joined SkyBlock. 
20:12:26.269 INFO  Minecraft: BamBoozledMC joined SkyBlock. 
20:15:37.198 INFO  Minecraft: Guild > UnknowAccount left. 
20:16:46.238 INFO  Minecraft: [Auction] 4saror bought Ancient Rose for 299,000 coins CLICK 
20:16:59.665 INFO  Minecraft: [Auction] 4saror bought Ancient Rose for 295,000 coins CLICK 
20:25:28.113 INFO  Minecraft:  禄 BamBoozledMC is traveling to Dungeons Hub FOLLOW 
20:25:32.153 INFO  Minecraft: BamBoozledMC joined SkyBlock. 
20:28:16.115 INFO  Minecraft: Guild > ranger4josh joined. 
20:37:19.173 INFO  Minecraft: Guild > ranger4josh left. 
20:37:29.069 INFO  Minecraft: Guild > ranger4josh joined. 
20:38:20.146 INFO  Minecraft: BamBoozledMC joined SkyBlock. 
20:39:23.136 INFO  Minecraft: ----------------------------------------------------- 
20:39:23.148 INFO  Minecraft: [MVP+] BamBoozledMC collected an auction for 299,000 coins! 
20:39:23.149 INFO  Minecraft: ----------------------------------------------------- 
20:39:23.186 INFO  Minecraft: ----------------------------------------------------- 
20:39:23.187 INFO  Minecraft: [MVP+] BamBoozledMC collected an auction for 295,000 coins! 
20:39:23.231 INFO  Minecraft: ----------------------------------------------------- 
20:39:56.916 INFO  Minecraft: ----------------------------------------------------- 
20:39:56.922 INFO  Minecraft: [MVP+] BamBoozledMC created a BIN auction for Enchanted Book at 40,000 coins! 
20:39:56.926 INFO  Minecraft: ----------------------------------------------------- 
20:40:03.440 INFO  Minecraft: ----------------------------------------------------- 
20:40:03.443 INFO  Minecraft: [MVP+] BamBoozledMC created a BIN auction for Enchanted Book at 40,000 coins! 
20:40:03.445 INFO  Minecraft: ----------------------------------------------------- 
20:40:09.925 INFO  Minecraft: ----------------------------------------------------- 
20:40:09.927 INFO  Minecraft: [MVP+] BamBoozledMC created a BIN auction for Enchanted Book at 45,000 coins! 
20:40:09.928 INFO  Minecraft: ----------------------------------------------------- 
20:40:15.429 INFO  Minecraft: ----------------------------------------------------- 
20:40:15.433 INFO  Minecraft: [MVP+] BamBoozledMC created a BIN auction for Enchanted Book at 40,000 coins! 
20:40:15.434 INFO  Minecraft: ----------------------------------------------------- 
20:41:21.039 INFO  Minecraft: [Auction] Swagguppu bought Enchanted Book for 40,000 coins CLICK 
20:44:46.609 INFO  Minecraft: Guild > ranger4josh left. 
20:45:54.758 INFO  Minecraft: [Auction] Drip_Shiba bought Enchanted Book for 40,000 coins CLICK 
20:53:20.137 INFO  Minecraft: BamBoozledMC joined SkyBlock. 
21:01:30.609 INFO  Minecraft: Guild > BamBoozledMC left. 
21:24:32.126 INFO  Minecraft: Guild > UnknowAccount joined. 
21:37:32.789 INFO  Minecraft: 搂C搂LSEASON OF JERRY Jerry's Workshop has opened! CLICK HERE to join! 
22:00:11.475 INFO  Minecraft:  
22:00:11.497 INFO  Minecraft: [WATCHDOG ANNOUNCEMENT] 
22:00:11.498 INFO  Minecraft: Watchdog has banned 32,757 players in the last 7 days. 
22:00:11.499 INFO  Minecraft: Staff have banned an additional 10,795 in the last 7 days. 
22:00:11.500 INFO  Minecraft: Blacklisted modifications are a bannable offense! 
22:00:11.501 INFO  Minecraft:  
22:01:31.332 INFO  Minecraft: Guild > FabledLivid joined. 
22:05:32.363 INFO  Minecraft: Guild > FabledLivid left. 
22:06:33.133 INFO  Minecraft: Guild > [VIP] ShredderSeal [M]: what cata for 5 starred strong again? 
22:06:36.931 INFO  Minecraft: Guild > [VIP] ShredderSeal [M]: wc 
22:12:12.888 INFO  Minecraft: Guild > FabledLivid joined. 
22:18:32.476 INFO  Minecraft: Guild > FabledLivid left. 
22:20:11.512 INFO  Minecraft: Guild > FabledLivid joined. 
22:25:14.007 INFO  Minecraft: Guild > FabledLivid left. 
22:27:50.734 INFO  Minecraft: Guild > FabledLivid joined. 
22:34:18.357 INFO  Minecraft: Guild > FabledLivid left. 
22:34:38.307 INFO  Minecraft: Guild > UnknowAccount left. 
23:08:57.955 INFO  Minecraft: Guild > ShredderSeal left. 
23:13:16.866 INFO  Minecraft: Guild > ShredderSeal joined. 
23:20:07.890 INFO  Discord: [锔guild-chat] Gura's Shrimp: CHAT DED 
23:20:08.247 INFO  Minecraft: Guild > Minikloons [LS]: Gura'sShrimp禄 CHAT DED 
23:20:12.440 INFO  Minecraft: Guild > [VIP] ShredderSeal [M]: yos 
23:20:14.411 INFO  Discord: [锔guild-chat] Gura's Shrimp: yo shredder 
23:20:14.736 INFO  Minecraft: Guild > Minikloons [LS]: Gura'sShrimp禄 yo shredder 
23:20:18.355 INFO  Minecraft: Guild > [VIP] ShredderSeal [M]: wot 
23:20:20.761 INFO  Discord: [锔guild-chat] Gura's Shrimp: can we do m3 owo 
23:20:21.090 INFO  Minecraft: Guild > Minikloons [LS]: Gura'sShrimp禄 can we do m3 owo 
23:20:24.295 INFO  Discord: [锔guild-chat] Gura's Shrimp: later ;-; 
23:20:24.691 INFO  Minecraft: Guild > Minikloons [LS]: Gura'sShrimp禄 later ;-; 
23:20:26.800 INFO  Minecraft: Guild > [VIP] ShredderSeal [M]: no 
23:20:34.998 INFO  Minecraft: Guild > [VIP] ShredderSeal [M]: i cant do m3 
23:20:37.168 INFO  Discord: [锔guild-chat] Gura's Shrimp: ._. 
23:20:37.537 INFO  Minecraft: Guild > Minikloons [LS]: Gura'sShrimp禄 ._. 
23:20:48.451 INFO  Discord: [锔guild-chat] Gura's Shrimp: i need a t a n k 
23:20:49.050 INFO  Minecraft: Guild > Minikloons [LS]: Gura'sShrimp禄 i need a t a n k 
23:20:50.775 INFO  Minecraft: Guild > [VIP] ShredderSeal [M]: ask someone else or chiqken lmao 
23:20:55.421 INFO  Minecraft: Guild > [VIP] ShredderSeal [M]: im mage 
23:21:08.485 INFO  Discord: [锔guild-chat] Gura's Shrimp: RAGDHAs 
23:21:09.021 INFO  Minecraft: Guild > Minikloons [LS]: Gura'sShrimp禄 RAGDHAs 
23:21:24.511 INFO  Minecraft: Guild > [VIP] ShredderSeal [M]: just ask chiqken or redbeam 
23:21:46.793 INFO  Discord: [锔guild-chat] Gura's Shrimp: f i n e 
23:21:47.129 INFO  Minecraft: Guild > Minikloons [LS]: Gura'sShrimp禄 f i n e 
23:21:55.019 INFO  Discord: [锔guild-chat] Gura's Shrimp: boomerman not on 
23:21:55.486 INFO  Minecraft: Guild > Minikloons [LS]: Gura'sShrimp禄 boomerman not on 
23:22:35.989 INFO  Minecraft: Guild > [VIP] ShredderSeal [M]: chiqken off 
23:22:44.465 INFO  Minecraft: Guild > [VIP] ShredderSeal [M]: redbeam also off 
23:22:59.588 INFO  Discord: [锔guild-chat] Gura's Shrimp: ik 
23:23:00.092 INFO  Minecraft: Guild > Minikloons [LS]: Gura'sShrimp禄 ik 
23:23:33.530 INFO  Discord: [锔guild-chat] Gura's Shrimp: boomerseal not have m2 comp 
23:23:33.926 INFO  Minecraft: Guild > Minikloons [LS]: Gura'sShrimp禄 boomerseal not have m2 comp 
23:23:39.602 INFO  Discord: [锔guild-chat] Gura's Shrimp: bruh size large 
23:23:39.930 INFO  Minecraft: Guild > Minikloons [LS]: Gura'sShrimp禄 bruh size large 
23:25:57.265 INFO  Minecraft: Guild > [VIP] ShredderSeal [M]: just ask ur tank friend 
23:26:16.072 INFO  Minecraft: Guild > [VIP] ShredderSeal [M]: or you know... party finder 
23:26:42.823 INFO  Minecraft: Guild > [VIP] ShredderSeal [M]: im literally killing voidling with a spoon rn 
23:26:46.878 INFO  Minecraft: Guild > [VIP] ShredderSeal [M]: for combat xp 
23:26:58.978 INFO  Discord: [锔guild-chat] Gura's Shrimp: .-. 
23:26:59.298 INFO  Minecraft: Guild > Minikloons [LS]: Gura'sShrimp禄 .-. 
23:27:05.547 INFO  Discord: [锔guild-chat] Gura's Shrimp: whos my tank freind 
23:27:06.110 INFO  Minecraft: Guild > Minikloons [LS]: Gura'sShrimp禄 whos my tank freind 
23:27:08.448 INFO  Discord: [锔guild-chat] Gura's Shrimp: baldman? 
23:27:08.848 INFO  Minecraft: Guild > Minikloons [LS]: Gura'sShrimp禄 baldman? 
23:27:10.474 INFO  Minecraft: Guild > [VIP] ShredderSeal [M]: im killing tall black thing rn 
23:27:34.987 INFO  Discord: [锔guild-chat] Gura's Shrimp: shredder can u halp me with t2?? 
23:27:35.320 INFO  Minecraft: Guild > Minikloons [LS]: Gura'sShrimp禄 shredder can u halp me with t2?? 
23:27:38.044 INFO  Minecraft: Guild > [VIP] ShredderSeal [M]: they die to golden spoon in 1shot 
23:27:42.430 INFO  Minecraft: Guild > [VIP] ShredderSeal [M]: nah 
23:27:53.392 INFO  Discord: [锔guild-chat] Gura's Shrimp: ;-; 
23:27:53.819 INFO  Minecraft: Guild > Minikloons [LS]: Gura'sShrimp禄 ;-; 
23:27:55.539 INFO  Discord: [锔guild-chat] Gura's Shrimp: pain 
23:27:55.862 INFO  Minecraft: Guild > Minikloons [LS]: Gura'sShrimp禄 pain 
23:27:57.852 INFO  Minecraft: Guild > [VIP] ShredderSeal [M]: i sold stuff 
23:28:26.035 INFO  Minecraft: Guild > [VIP] ShredderSeal [M]: u can buy my ah stuff tho 
23:28:31.122 INFO  Minecraft: Guild > [VIP] ShredderSeal [M]: would help me out a ton 
23:28:44.318 INFO  Discord: [锔guild-chat] Gura's Shrimp: nah im good 
23:28:44.640 INFO  Minecraft: Guild > Minikloons [LS]: Gura'sShrimp禄 nah im good 
23:28:47.888 INFO  Discord: [锔guild-chat] Gura's Shrimp: i cant even use it 
23:28:48.224 INFO  Minecraft: Guild > Minikloons [LS]: Gura'sShrimp禄 i cant even use it 
23:29:24.167 INFO  Minecraft: Guild > [VIP] ShredderSeal [M]: ok 
23:30:45.307 INFO  Discord: [锔guild-chat] Gura's Shrimp: shredder p finder u need like cata 36 to get in a party ;-; 
23:30:45.655 INFO  Minecraft: Guild > Minikloons [LS]: Gura'sShrimp禄 shredder p finder u need like cata 36 to get in a party ;-; 
23:31:02.407 INFO  Minecraft: Guild > [VIP] ShredderSeal [M]: if u no have then why u want to do m3 
23:31:16.616 INFO  Discord: [锔guild-chat] Gura's Shrimp: bc f7 p finder trash af 
23:31:17.099 INFO  Minecraft: Guild > Minikloons [LS]: Gura'sShrimp禄 bc f7 p finder trash af 
23:31:33.027 INFO  Minecraft: Guild > [VIP] ShredderSeal [M]: me have cata 30 
23:31:39.271 INFO  Minecraft: Guild > [VIP] ShredderSeal [M]: mage 24 
23:31:39.366 INFO  Discord: [锔guild-chat] Gura's Shrimp: me with cata 29 
23:31:40.024 INFO  Minecraft: Guild > Minikloons [LS]: Gura'sShrimp禄 me with cata 29 
23:31:45.024 INFO  Discord: [锔guild-chat] Gura's Shrimp: archer 24 
23:31:45.344 INFO  Minecraft: Guild > Minikloons [LS]: Gura'sShrimp禄 archer 24 
23:31:57.371 INFO  Minecraft: Guild > [VIP] ShredderSeal [M]: bruh dont do m3 xd 
23:32:09.177 INFO  Discord: [锔guild-chat] Gura's Shrimp: we shall see 
23:32:09.524 INFO  Minecraft: Guild > Minikloons [LS]: Gura'sShrimp禄 we shall see 
23:32:25.177 INFO  Minecraft: Guild > ShredderSeal left. 
23:32:25.420 INFO  Discord: [锔guild-chat] Gura's Shrimp: my rich boi freind with over 6k weight is missing an archer on his team 
23:32:25.749 INFO  Minecraft: Guild > Minikloons [LS]: Gura'sShrimp禄 my rich boi freind with over 6k weight is missing an archer on his team 
23:45:48.098 INFO  Minecraft: Guild > ShredderSeal joined. 
23:46:28.027 INFO  Discord: [锔guild-chat] Gura's Shrimp: shredder 
23:46:28.368 INFO  Minecraft: Guild > Minikloons [LS]: Gura'sShrimp禄 shredder 
23:46:36.816 INFO  Minecraft: Guild > [VIP] ShredderSeal [M]: what 
23:47:00.087 INFO  Discord: [锔guild-chat] Gura's Shrimp: my rich boi freind with over 6k weight is missing an archer on his team 
23:47:00.428 INFO  Minecraft: Guild > Minikloons [LS]: Gura'sShrimp禄 my rich boi freind with over 6k weight is missing an archer on his team 
23:47:08.336 INFO  Minecraft: Guild > [VIP] ShredderSeal [M]: ok 
23:47:08.347 INFO  Discord: [锔guild-chat] Gura's Shrimp: maybe ii  have a chance?? 
23:47:08.737 INFO  Minecraft: Guild > Minikloons [LS]: Gura'sShrimp禄 maybe ii  have a chance?? 
23:47:16.080 INFO  Minecraft: Guild > [VIP] ShredderSeal [M]: maybe idk 
23:47:24.115 INFO  Discord: [锔guild-chat] Gura's Shrimp: i need to get better 
23:47:24.478 INFO  Minecraft: Guild > Minikloons [LS]: Gura'sShrimp禄 i need to get better 
23:47:30.077 INFO  Discord: [锔guild-chat] Gura's Shrimp: he is cata 46 ;-; 
23:47:30.410 INFO  Minecraft: Guild > Minikloons [LS]: Gura'sShrimp禄 he is cata 46 ;-; 
23:47:30.902 INFO  Minecraft: Guild > [VIP] ShredderSeal [M]: then? 
23:47:35.608 INFO  Minecraft: Guild > [VIP] ShredderSeal [M]: oh LLLL 
23:47:37.673 INFO  Discord: [锔guild-chat] Gura's Shrimp: ._. 
23:47:38.147 INFO  Minecraft: Guild > Minikloons [LS]: Gura'sShrimp禄 ._. 
23:47:41.722 INFO  Discord: [锔guild-chat] Gura's Shrimp: im weak 
23:47:42.097 INFO  Minecraft: Guild > Minikloons [LS]: Gura'sShrimp禄 im weak 
23:47:47.348 INFO  Minecraft: Guild > [VIP] ShredderSeal [M]: so why me? 
23:48:17.212 INFO  Discord: [锔guild-chat] Gura's Shrimp: im asking if u want join? 
23:48:17.572 INFO  Minecraft: Guild > Minikloons [LS]: Gura'sShrimp禄 im asking if u want join? 
23:48:23.955 INFO  Minecraft: Guild > [VIP] ShredderSeal [M]: join what? 
23:48:34.805 INFO  Discord: [锔guild-chat] Gura's Shrimp: join the party... 
23:48:35.145 INFO  Minecraft: Guild > Minikloons [LS]: Gura'sShrimp禄 join the party... 
23:48:36.313 INFO  Discord: [锔guild-chat] Gura's Shrimp: later 
23:48:36.623 INFO  Minecraft: Guild > Minikloons [LS]: Gura'sShrimp禄 later 
23:48:45.478 INFO  Minecraft: Guild > [VIP] ShredderSeal [M]: the cata 46 guy party? 
23:48:50.830 INFO  Discord: [锔guild-chat] Gura's Shrimp: yeah.... 
23:48:51.159 INFO  Minecraft: Guild > Minikloons [LS]: Gura'sShrimp禄 yeah.... 
23:48:55.267 INFO  Minecraft: Guild > [VIP] ShredderSeal [M]: nah 
23:48:59.282 INFO  Minecraft: Guild > [VIP] ShredderSeal [M]: why me though? 
23:49:12.353 INFO  Discord: [锔guild-chat] Gura's Shrimp: cuz ur the only one on who talks xD 
23:49:12.704 INFO  Minecraft: Guild > Minikloons [LS]: Gura'sShrimp禄 cuz ur the only one on who talks xD 
23:49:14.576 INFO  Minecraft: Guild > [VIP] ShredderSeal [M]: i dont even have 100m staff 
23:49:27.381 INFO  Discord: [锔guild-chat] Gura's Shrimp: lol 
23:49:27.705 INFO  Minecraft: Guild > Minikloons [LS]: Gura'sShrimp禄 lol 
23:49:37.201 INFO  Minecraft: Guild > [VIP] ShredderSeal [M]: i only have 24m staff, no sceptre, not even spray wand... 
23:49:45.633 INFO  Minecraft: Guild > [VIP] ShredderSeal [M]: im only cata 30 too. 
23:50:01.229 INFO  Discord: [锔guild-chat] Gura's Shrimp: omegalol 
23:50:02.051 INFO  Minecraft: Guild > Minikloons [LS]: Gura'sShrimp禄 omegalol 
23:50:03.993 INFO  Discord: [锔guild-chat] Gura's Shrimp: dont worry 
23:50:04.343 INFO  Minecraft: Guild > Minikloons [LS]: Gura'sShrimp禄 dont worry 
23:50:13.895 INFO  Discord: [锔guild-chat] Gura's Shrimp: we a tank with astreae 
23:50:14.310 INFO  Minecraft: Guild > Minikloons [LS]: Gura'sShrimp禄 we a tank with astreae 
23:50:19.556 INFO  Minecraft: Guild > [VIP] ShredderSeal [M]: what 
23:50:28.067 INFO  Minecraft: Guild > [VIP] ShredderSeal [M]: i deal no dmg 
23:50:31.399 INFO  Minecraft: Guild > [VIP] ShredderSeal [M]: actually wait 
23:50:35.267 INFO  Minecraft: Guild > [VIP] ShredderSeal [M]: what floor? 
23:50:36.245 INFO  Discord: [锔guild-chat] Gura's Shrimp: worst case you go healer lmfao 
23:50:36.695 INFO  Minecraft: Guild > Minikloons [LS]: Gura'sShrimp禄 worst case you go healer lmfao 
23:50:39.496 INFO  Discord: [锔guild-chat] Gura's Shrimp: m3 keksdee 
23:50:39.987 INFO  Minecraft: Guild > Minikloons [LS]: Gura'sShrimp禄 m3 keksdee 
23:50:43.720 INFO  Minecraft: Guild > [VIP] ShredderSeal [M]: no 
23:51:00.272 INFO  Minecraft: Guild > [VIP] ShredderSeal [M]: i do 4m with low magic dmg res and 900k to f6 withermancers 
23:51:10.415 INFO  Minecraft: Guild > [VIP] ShredderSeal [M]: or f5 i forgot 
23:51:10.422 INFO  Discord: [锔guild-chat] Gura's Shrimp: omegalol 
23:51:10.892 INFO  Minecraft: Guild > Minikloons [LS]: Gura'sShrimp禄 omegalol 
23:51:18.262 INFO  Discord: [锔guild-chat] Gura's Shrimp: even i do more than that 
23:51:18.592 INFO  Minecraft: Guild > Minikloons [LS]: Gura'sShrimp禄 even i do more than that 
23:51:36.336 INFO  Minecraft: Guild > [VIP] ShredderSeal [M]: yeah 24m spoon sucks 
23:51:51.012 INFO  Discord: [锔guild-chat] Gura's Shrimp: just get a juju when diaz 
23:51:51.553 INFO  Minecraft: Guild > Minikloons [LS]: Gura'sShrimp禄 just get a juju when diaz 
23:51:56.644 INFO  Minecraft: Guild > [VIP] ShredderSeal [M]: it surely can atleast 1 shot f7 enemies i guess 
23:52:09.555 INFO  Minecraft: Guild > [VIP] ShredderSeal [M]: 2 answer to that: no, no. 
23:52:30.914 INFO  Discord: [锔guild-chat] Gura's Shrimp: why not 
23:52:31.518 INFO  Minecraft: Guild > Minikloons [LS]: Gura'sShrimp禄 why not 
23:52:37.545 INFO  Discord: [锔guild-chat] Gura's Shrimp: juju is godly 
23:52:37.908 INFO  Minecraft: Guild > Minikloons [LS]: Gura'sShrimp禄 juju is godly 
23:52:44.319 INFO  Minecraft: Guild > [VIP] ShredderSeal [M]: archer 19, tank better, i need to rebuy necron wich is tidious 
23:52:53.406 INFO  Minecraft: Guild > [VIP] ShredderSeal [M]: which 
23:53:06.220 INFO  Discord: [锔guild-chat] Gura's Shrimp: lmao 
23:53:06.711 INFO  Minecraft: Guild > Minikloons [LS]: Gura'sShrimp禄 lmao 
23:53:16.495 INFO  Discord: [锔guild-chat] Gura's Shrimp: then play tank reee 
23:53:16.816 INFO  Minecraft: Guild > Minikloons [LS]: Gura'sShrimp禄 then play tank reee 
23:53:31.059 INFO  Minecraft: Guild > [VIP] ShredderSeal [M]: not untill i have budget 
23:53:33.914 INFO  Minecraft: Guild > [VIP] ShredderSeal [M]: also sad 
23:53:37.048 INFO  Minecraft: Guild > [VIP] ShredderSeal [M]: ah not selling 
23:54:05.858 INFO  Discord: [锔guild-chat] Gura's Shrimp: ;-; 
23:54:06.454 INFO  Minecraft: Guild > Minikloons [LS]: Gura'sShrimp禄 ;-; 
23:54:16.690 INFO  Minecraft: Guild > ShredderSeal left. 
23:54:27.668 INFO  Minecraft: Guild > ShredderSeal joined. 
23:57:29.702 INFO  Minecraft: Guild > FabledLivid joined. 
23:59:41.283 INFO  Minecraft: Guild > ShredderSeal left. 
23:59:49.077 INFO  Discord: [锔guild-chat] Member | ShredderSeal: i leave 
23:59:49.431 INFO  Minecraft: Guild > Minikloons [LS]: Member| ShredderSeal禄 i leave 
23:59:51.951 INFO  Discord: [锔guild-chat] Member | ShredderSeal: bcz 
23:59:52.262 INFO  Minecraft: Guild > Minikloons [LS]: Member| ShredderSeal禄 bcz 
23:59:54.313 INFO  Discord: [锔guild-chat] Member | ShredderSeal: night 
23:59:54.702 INFO  Minecraft: Guild > Minikloons [LS]: Member| ShredderSeal禄 night 
00:00:12.047 INFO  Minecraft:  
00:00:12.050 INFO  Minecraft: [WATCHDOG ANNOUNCEMENT] 
00:00:12.051 INFO  Minecraft: Watchdog has banned 33,222 players in the last 7 days. 
00:00:12.052 INFO  Minecraft: Staff have banned an additional 10,993 in the last 7 days. 
00:00:12.053 INFO  Minecraft: Blacklisted modifications are a bannable offense! 
00:00:12.054 INFO  Minecraft:  

