00:13:09.240 INFO  Minecraft: Guild > OLYforever left. 
00:20:07.976 INFO  Minecraft: Guild > Redbeam747 left. 
00:21:02.248 INFO  Minecraft: Friend > R4M11_KN0 joined. 
00:21:43.902 INFO  Minecraft: Guild > FabledLivid joined. 
00:23:41.315 INFO  Minecraft: Friend > R4M11_KN0 left. 
00:25:11.189 INFO  Minecraft: Guild > Redbeam747 joined. 
00:27:20.683 INFO  Minecraft: Guild > Redbeam747 left. 
00:31:20.522 INFO  Minecraft: Guild > Redbeam747 joined. 
00:37:02.809 INFO  Minecraft: Guild > DeformedSeal left. 
00:57:34.920 INFO  Minecraft: Guild > Redbeam747 left. 
01:00:21.473 INFO  Minecraft: Guild > FabledLivid left. 
01:00:45.632 INFO  Minecraft: Guild > Redbeam747 joined. 
01:00:58.654 INFO  Minecraft: Guild > FabledLivid joined. 
01:01:09.630 INFO  Minecraft: Guild > [VIP] FabledLivid [M]: just wasted 30 mins of my life doing f7 
01:01:19.192 INFO  Minecraft: Guild > [VIP] Hercules_RB [M]: why wasted? 
01:01:24.986 INFO  Minecraft: Guild > [VIP] FabledLivid [M]: we lost 
01:01:38.761 INFO  Minecraft: Guild > [VIP] Redbeam747 [M]: anyone wanna play american bw with me? 
01:02:47.773 INFO  Minecraft: Guild > FabledLivid left. 
01:04:42.521 INFO  Minecraft: Friend > R4M11_KN0 joined. 
01:05:20.664 INFO  Minecraft: -----------------------------------------------------
                           Friends (Page 1 of 1) 
R4M11_KN0 is in a Bed Wars Lobby
BamBoozledMC is currently offline
ShredderSeal is currently offline
SnowedSeal is currently offline




----------------------------------------------------- 
01:05:40.386 INFO  Discord: [💬→︱guild-chat] Dev/Mod BamBoozledMC: Owoseal 
01:05:40.644 INFO  Minecraft: Guild > Minikloons [LS]: Dev/ModBamBoozledMC» Owoseal 
01:05:45.291 INFO  Minecraft: Guild > SnowedSeal joined. 
01:05:48.854 INFO  Minecraft: Guild > [MVP++] SnowedSeal [LS]: henlo 
01:06:34.731 INFO  Discord: [💬→︱guild-chat] Dev/Mod BamBoozledMC: What if i told yoy 
01:06:34.979 INFO  Minecraft: Guild > Minikloons [LS]: Dev/ModBamBoozledMC» What if i told yoy 
01:06:45.903 INFO  Discord: [💬→︱guild-chat] Dev/Mod BamBoozledMC: /friend remove snowedseal 
01:06:46.150 INFO  Minecraft: Invalid usage! '/friend remove Player' 
01:07:15.277 INFO  Discord: [💬→︱guild-chat] Dev/Mod BamBoozledMC: /fremove snowedseal 
01:07:35.201 INFO  Discord: [💬→︱guild-chat] Dev/Mod BamBoozledMC: /execute f remove snowedseal 
01:07:35.467 INFO  Minecraft: -----------------------------------------------------
You removed [MVP++] SnowedSeal from your friends list!
----------------------------------------------------- 
01:07:39.739 INFO  Minecraft: Guild > [MVP++] SnowedSeal [LS]: HEY 
01:07:42.319 INFO  Minecraft: Guild > [MVP++] SnowedSeal [LS]: what was that fore 
01:07:46.991 INFO  Minecraft: ----------------------------------------------------
Friend request from [MVP++] SnowedSeal
[ACCEPT] - [DENY] - [IGNORE]
---------------------------------------------------- 
01:07:58.479 INFO  Discord: [💬→︱guild-chat] Dev/Mod BamBoozledMC: Funny thing that.. 
01:07:58.749 INFO  Minecraft: Guild > Minikloons [LS]: Dev/ModBamBoozledMC» Funny thing that.. 
01:08:00.642 INFO  Discord: [💬→︱guild-chat] Dev/Mod BamBoozledMC: I cant 
01:08:00.892 INFO  Minecraft: Guild > Minikloons [LS]: Dev/ModBamBoozledMC» I cant 
01:08:02.761 INFO  Discord: [💬→︱guild-chat] Dev/Mod BamBoozledMC: Really 
01:08:03.010 INFO  Minecraft: Guild > Minikloons [LS]: Dev/ModBamBoozledMC» Really 
01:08:05.146 INFO  Discord: [💬→︱guild-chat] LS | SnowedSeal: /accept 
01:08:09.158 INFO  Discord: [💬→︱guild-chat] Dev/Mod BamBoozledMC: Accept reqests 
01:08:09.515 INFO  Minecraft: Guild > Minikloons [LS]: Dev/ModBamBoozledMC» Accept reqests 
01:08:16.443 INFO  Discord: [💬→︱guild-chat] LS | SnowedSeal: /execute f add SnowedSeal 
01:08:29.867 INFO  Discord: [💬→︱guild-chat] LS | SnowedSeal: this is very bannable 
01:08:30.113 INFO  Minecraft: Guild > Minikloons [LS]: LS| SnowedSeal» this is very bannable 
01:08:33.316 INFO  Discord: [💬→︱guild-chat] LS | SnowedSeal: i'm banning you from uh 
01:08:33.599 INFO  Minecraft: Guild > Minikloons [LS]: LS| SnowedSeal» i'm banning you from uh 
01:08:38.753 INFO  Discord: [💬→︱guild-chat] LS | SnowedSeal: somewhere 
01:08:39.001 INFO  Minecraft: Guild > Minikloons [LS]: LS| SnowedSeal» somewhere 
01:08:57.209 INFO  Discord: [💬→︱guild-chat] Dev/Mod BamBoozledMC: https://tenor.com/view/nigga-please-sure-mhmm-yeah-okay-whatever-gif-14450049 
01:08:57.456 INFO  Minecraft: We blocked your comment "Dev/ModBamBoozledMC» https://tenor.com/view/nigga-please-sure-mhmm-yeah-okay-whatever-gif-14450049" as it is breaking our rules because it involves encouraging violence or hatred towards other players. http://www.hypixel.net/rules/ 
01:09:02.327 INFO  Discord: [💬→︱guild-chat] Dev/Mod BamBoozledMC: /execute f add SnowedSeal 
01:09:02.610 INFO  Minecraft: ----------------------------------------------------- 
01:09:02.638 INFO  Minecraft: You are now friends with [MVP++] SnowedSeal 
01:09:02.642 INFO  Minecraft: ----------------------------------------------------- 
01:09:05.191 INFO  Minecraft: Guild > gogyxdash joined. 
01:09:39.205 INFO  Minecraft: Guild > [MVP++] SnowedSeal [LS]: gogy 
01:09:45.026 INFO  Minecraft: Guild > [MVP++] SnowedSeal [LS]: henlo 
01:10:04.733 INFO  Minecraft: Guild > [MVP+] gogyxdash [M]: logging on to afk goblins going to schgool soon 
01:10:09.199 INFO  Minecraft: Guild > [MVP++] SnowedSeal [LS]: OH 
01:10:15.714 INFO  Discord: [💬→︱guild-chat] Dev/Mod BamBoozledMC: ... 
01:10:15.846 INFO  Minecraft: Guild > [MVP++] SnowedSeal [LS]: okay 
01:10:15.975 INFO  Minecraft: Guild > Minikloons [LS]: Dev/ModBamBoozledMC» ... 
01:10:20.343 INFO  Minecraft: Guild > [VIP] Redbeam747 [M]: cringe 
01:10:22.693 INFO  Minecraft: Guild > [MVP++] SnowedSeal [LS]: yeah 
01:10:25.444 INFO  Minecraft: Guild > [MVP++] SnowedSeal [LS]: but m onis 
01:10:32.335 INFO  Minecraft: Guild > [MVP++] SnowedSeal [LS]: i am an auction flip learner 
01:10:39.971 INFO  Discord: [💬→︱guild-chat] Dev/Mod BamBoozledMC:  
01:10:40.674 INFO  Minecraft: Guild > Minikloons [LS]: Dev/ModBamBoozledMC» 
01:11:07.130 INFO  Discord: [💬→︱guild-chat] LS | SnowedSeal: gg 
01:11:07.379 INFO  Minecraft: Guild > Minikloons [LS]: LS| SnowedSeal» gg 
01:12:16.667 INFO  Discord: [💬→︱guild-chat] Member | Fabled Livid: snoed 
01:12:16.931 INFO  Minecraft: Guild > Minikloons [LS]: Member| Fabled Livid» snoed 
01:12:18.745 INFO  Minecraft: Guild > [MVP++] SnowedSeal [LS]: what 
01:12:22.793 INFO  Minecraft: Guild > FabledLivid joined. 
01:12:26.536 INFO  Discord: [💬→︱guild-chat] Member | Fabled Livid: i has big brain method 
01:12:26.783 INFO  Minecraft: Guild > Minikloons [LS]: Member| Fabled Livid» i has big brain method 
01:12:30.396 INFO  Minecraft: Guild > [MVP++] SnowedSeal [LS]: okay 
01:12:36.808 INFO  Minecraft: Guild > [MVP++] SnowedSeal [LS]: wont respond in a dungeon rn 
01:12:40.892 INFO  Minecraft: Guild > [VIP] FabledLivid [M]: ight 
01:12:45.205 INFO  Minecraft: Guild > [MVP++] SnowedSeal [LS]: can you dm me the big brain method on disc 
01:12:46.888 INFO  Minecraft: Guild > [MVP++] SnowedSeal [LS]: :O 
01:12:51.765 INFO  Minecraft: Guild > [VIP] FabledLivid [M]: hmmm 
01:12:56.335 INFO  Minecraft: Guild > [VIP] FabledLivid [M]: ill think about it 
01:13:37.755 INFO  Minecraft: Guild > [VIP] FabledLivid [M]: ok bruhhhh 
01:13:42.801 INFO  Minecraft: Guild > [VIP] FabledLivid [M]: studies are 600k AGAIN 
01:13:49.069 INFO  Minecraft: Guild > [VIP] FabledLivid [M]: EYS 
01:13:55.043 INFO  Minecraft: Guild > [VIP] FabledLivid [M]: got 1 for 400k pog 
01:14:34.914 INFO  Minecraft: Guild > [VIP] FabledLivid [M]: ehehehehe 
01:21:41.998 INFO  Minecraft: Guild > FabledLivid left. 
01:27:14.504 INFO  Minecraft: Friend > R4M11_KN0 left. 
01:27:28.201 INFO  Minecraft: Friend > R4M11_KN0 joined. 
01:28:56.174 INFO  Discord: [💬→︱guild-chat] Member | EggSeal: s n o w e d 
01:28:56.476 INFO  Minecraft: Guild > Minikloons [LS]: Member| EggSeal» s n o w e d 
01:29:01.386 INFO  Minecraft: Guild > [MVP++] SnowedSeal [LS]: what 
01:29:07.338 INFO  Minecraft: Guild > [MVP++] SnowedSeal [LS]: i'm carrying some people 1sec 
01:29:21.031 INFO  Discord: [💬→︱guild-chat] Member | EggSeal: k 
01:29:21.275 INFO  Minecraft: Guild > Minikloons [LS]: Member| EggSeal» k 
01:30:12.481 INFO  Discord: [💬→︱guild-chat] Dev/Mod BamBoozledMC: No 
01:30:12.727 INFO  Minecraft: Guild > Minikloons [LS]: Dev/ModBamBoozledMC» No 
01:30:20.333 INFO  Minecraft: Guild > [MVP++] SnowedSeal [LS]: no 
01:30:34.095 INFO  Discord: [💬→︱guild-chat] Dev/Mod BamBoozledMC: https://media.discordapp.net/attachments/832560624440442910/851840664257429554/gettinganewcar.jpg 
01:30:34.451 INFO  Minecraft: Guild > Minikloons [LS]: Dev/ModBamBoozledMC» https://media.discordapp.net/attachments/832560624440442910/851840664257429554/gettinganewcar.jpg 
01:31:12.328 INFO  Discord: [💬→︱guild-chat] LS | SnowedSeal: gg 
01:31:12.624 INFO  Minecraft: Guild > Minikloons [LS]: LS| SnowedSeal» gg 
01:31:16.314 INFO  Discord: [💬→︱guild-chat] LS | SnowedSeal: <:Carrot:774740493979877486> 
01:31:16.595 INFO  Minecraft: Guild > Minikloons [LS]: LS| SnowedSeal» <:Carrot:774740493979877486> 
01:31:42.419 INFO  Discord: [💬→︱guild-chat] Dev/Mod BamBoozledMC: https://bamboozledmc.xyz/totally-not-a-IP-logger 
01:31:42.667 INFO  Minecraft: Guild > Minikloons [LS]: Dev/ModBamBoozledMC» https://bamboozledmc.xyz/totally-not-a-IP-logger 
01:32:35.228 INFO  Discord: [💬→︱guild-chat] Dev/Mod BamBoozledMC: Imma go back to sleep 
01:32:35.481 INFO  Minecraft: Guild > Minikloons [LS]: Dev/ModBamBoozledMC» Imma go back to sleep 
01:32:37.856 INFO  Discord: [💬→︱guild-chat] Dev/Mod BamBoozledMC: Its 1am 
01:32:38.115 INFO  Minecraft: Guild > Minikloons [LS]: Dev/ModBamBoozledMC» Its 1am 
01:32:40.236 INFO  Minecraft: Guild > [MVP++] SnowedSeal [LS]: OH SHIT 
01:32:44.510 INFO  Minecraft: Guild > [MVP++] SnowedSeal [LS]: I NEARLY DELETED MY MAIN PROFILE 
01:32:45.303 INFO  Discord: [💬→︱guild-chat] Dev/Mod BamBoozledMC: Good night loosers 
01:32:45.547 INFO  Minecraft: Guild > Minikloons [LS]: Dev/ModBamBoozledMC» Good night loosers 
01:32:55.933 INFO  Minecraft: Guild > [MVP++] SnowedSeal [LS]: bye 
01:32:57.175 INFO  Minecraft: Guild > [MVP++] SnowedSeal [LS]: gn 
01:37:31.060 INFO  Discord: [💬→︱guild-chat] Member | EggSeal: snowed just lmk when u gonna do ThE FLip 
01:37:31.488 INFO  Minecraft: Guild > Minikloons [LS]: Member| EggSeal» snowed just lmk when u gonna do ThE FLip 
01:37:35.780 INFO  Minecraft: Guild > [MVP++] SnowedSeal [LS]: k 
01:37:40.111 INFO  Minecraft: Guild > OLYforever joined. 
01:37:41.095 INFO  Minecraft: Guild > [MVP++] SnowedSeal [LS]: i'm starting a new profile temp for fun rn 
01:37:50.470 INFO  Discord: [💬→︱guild-chat] Member | EggSeal: br U H 
01:37:50.718 INFO  Minecraft: Guild > Minikloons [LS]: Member| EggSeal» br U H 
01:37:57.402 INFO  Discord: [💬→︱guild-chat] Member | EggSeal: why tho 
01:37:57.667 INFO  Minecraft: Guild > Minikloons [LS]: Member| EggSeal» why tho 
01:38:04.209 INFO  Minecraft: Guild > OLYforever left. 
01:38:11.720 INFO  Minecraft: Guild > [MVP++] SnowedSeal [LS]: i still have my old profile 
01:38:12.281 INFO  Minecraft: Guild > [MVP++] SnowedSeal [LS]: uh 
01:38:14.805 INFO  Minecraft: Guild > [MVP++] SnowedSeal [LS]: i want to flp to 10m 
01:38:22.489 INFO  Discord: [💬→︱guild-chat] Member | EggSeal: w h y 
01:38:22.750 INFO  Minecraft: Guild > Minikloons [LS]: Member| EggSeal» w h y 
01:38:25.605 INFO  Discord: [💬→︱guild-chat] Member | EggSeal: u little 
01:38:25.850 INFO  Minecraft: Guild > Minikloons [LS]: Member| EggSeal» u little 
01:38:27.201 INFO  Minecraft: Guild > LRBenito joined. 
01:38:28.120 INFO  Discord: [💬→︱guild-chat] Member | EggSeal: .-. 
01:38:28.377 INFO  Minecraft: Guild > Minikloons [LS]: Member| EggSeal» .-. 
01:39:06.913 INFO  Discord: [💬→︱guild-chat] Member | EggSeal: snoed 
01:39:07.234 INFO  Minecraft: Guild > Minikloons [LS]: Member| EggSeal» snoed 
01:39:11.149 INFO  Minecraft: Guild > [MVP++] SnowedSeal [LS]: what 
01:39:58.659 INFO  Discord: [💬→︱guild-chat] Member | EggSeal: uh i can help u do the flip 
01:39:58.905 INFO  Minecraft: Guild > Minikloons [LS]: Member| EggSeal» uh i can help u do the flip 
01:40:03.400 INFO  Discord: [💬→︱guild-chat] Member | EggSeal: btw 
01:40:03.687 INFO  Minecraft: You cannot say the same message twice! 
01:40:09.367 INFO  Minecraft: Guild > [MVP++] SnowedSeal [LS]: nrn but thanks 
01:40:11.689 INFO  Discord: [💬→︱guild-chat] Member | EggSeal: the rare talismans u cant do 
01:40:11.969 INFO  Minecraft: Guild > Minikloons [LS]: Member| EggSeal» the rare talismans u cant do 
01:40:14.655 INFO  Minecraft: Guild > [MVP++] SnowedSeal [LS]: what? 
01:40:16.509 INFO  Minecraft: Guild > [MVP++] SnowedSeal [LS]: huh? 
01:40:18.895 INFO  Discord: [💬→︱guild-chat] Member | EggSeal: u need to do the epics 
01:40:19.140 INFO  Minecraft: Guild > Minikloons [LS]: Member| EggSeal» u need to do the epics 
01:40:22.978 INFO  Minecraft: Guild > [MVP++] SnowedSeal [LS]: okay 
01:44:32.806 INFO  Minecraft: Guild > [MVP++] SnowedSeal [LS]: k 
01:44:34.496 INFO  Minecraft: Guild > [MVP++] SnowedSeal [LS]: imma go 
01:44:36.725 INFO  Minecraft: Guild > [MVP++] SnowedSeal [LS]: thanks for the thing fabled 
01:44:38.611 INFO  Minecraft: Guild > SnowedSeal left. 
01:48:21.527 INFO  Minecraft: Guild > TimothyPlays57 joined. 
01:59:14.996 INFO  Minecraft: Guild > OLYforever joined. 
02:00:00.083 INFO  Minecraft:  
02:00:00.087 INFO  Minecraft: [WATCHDOG ANNOUNCEMENT] 
02:00:00.089 INFO  Minecraft: Watchdog has banned 28,687 players in the last 7 days. 
02:00:00.091 INFO  Minecraft: Staff have banned an additional 17,140 in the last 7 days. 
02:00:00.093 INFO  Minecraft: Blacklisted modifications are a bannable offense! 
02:00:00.095 INFO  Minecraft:  
02:00:08.154 INFO  Minecraft: Guild > FabledLivid joined. 
02:01:02.127 INFO  Minecraft: Guild > FabledLivid left. 
02:03:23.262 INFO  Minecraft: Guild > UnknownShadow124 joined. 
02:22:23.870 INFO  Minecraft: Guild > SnowedSeal joined. 
02:22:30.266 INFO  Minecraft: Guild > [MVP++] SnowedSeal [LS]: Hello 
02:22:36.910 INFO  Minecraft: Guild > [MVP++] SnowedSeal [LS]: Henlo* 
02:23:40.363 INFO  Minecraft: Guild > [VIP] Redbeam747 [M]: henlo 
02:23:54.327 INFO  Minecraft: Guild > [VIP] Redbeam747 [M]: buy my ah for a pog 12k kill tara helm snowed. 
02:23:57.676 INFO  Minecraft: Guild > [MVP++] SnowedSeal [LS]: REALLY? 
02:23:57.909 INFO  Minecraft: Guild > [VIP] Redbeam747 [M]: or ban 
02:24:02.460 INFO  Minecraft: Guild > [VIP] Redbeam747 [M]: yeah 
02:24:07.805 INFO  Minecraft: Guild > [VIP] Redbeam747 [M]: i killed too many things with it 
02:24:10.063 INFO  Minecraft: Guild > [MVP+] TimothyPlays57 [M]: yes snowed buy or ban 
02:24:14.842 INFO  Minecraft: Guild > [MVP++] SnowedSeal [LS]: i'll buy later 
02:24:18.679 INFO  Minecraft: Guild > [MVP++] SnowedSeal [LS]: am ah flipping 
02:24:20.725 INFO  Minecraft: Guild > [MVP+] TimothyPlays57 [M]: no now or ban 
02:24:21.497 INFO  Minecraft: Guild > [VIP] Redbeam747 [M]: cause thats the helm that got me to tara 7 
02:24:29.370 INFO  Minecraft: Guild > [MVP++] SnowedSeal [LS]: L 
02:24:32.032 INFO  Minecraft: Guild > [MVP++] SnowedSeal [LS]: BAD 
02:24:36.233 INFO  Minecraft: Guild > [VIP] Redbeam747 [M]: ? 
02:24:41.725 INFO  Minecraft: Guild > [MVP++] SnowedSeal [LS]: you cant do taras without that helm? 
02:24:43.803 INFO  Minecraft: Guild > [MVP+] TimothyPlays57 [M]: afk 
02:24:48.174 INFO  Minecraft: Guild > [VIP] Redbeam747 [M]: you can but its nice. 
02:24:51.481 INFO  Minecraft: Guild > [MVP++] SnowedSeal [LS]: k 
02:24:52.359 INFO  Minecraft: Guild > [MVP+] TimothyPlays57 [M]: I have 28k bits available 
02:24:52.622 INFO  Minecraft: Guild > [VIP] Redbeam747 [M]: i can 
02:24:55.233 INFO  Minecraft: Guild > [MVP++] SnowedSeal [LS]: i buy once ah flip 
02:24:56.120 INFO  Minecraft: Guild > [VIP] Redbeam747 [M]: but the thing is 
02:25:01.406 INFO  Minecraft: Guild > [VIP] Redbeam747 [M]: with the strength nerf 
02:25:06.757 INFO  Minecraft: Guild > [VIP] Redbeam747 [M]: the extra cd is nice 
02:25:11.954 INFO  Minecraft: Guild > [VIP] Redbeam747 [M]: thats why i have mine rn 
02:25:13.566 INFO  Minecraft: Guild > [MVP++] SnowedSeal [LS]: also where do you get cortex rewriter 
02:25:19.579 INFO  Minecraft: Guild > [VIP] Redbeam747 [M]: rng drop 
02:25:24.360 INFO  Minecraft: Guild > [MVP++] SnowedSeal [LS]: sad times 
02:25:30.065 INFO  Minecraft: Guild > [MVP++] SnowedSeal [LS]: i thought it wsa from bits shop 
02:25:30.801 INFO  Minecraft: Guild > [MVP++] SnowedSeal [LS]: bas 
02:25:32.027 INFO  Minecraft: Guild > [MVP++] SnowedSeal [LS]: was* 
02:25:42.788 INFO  Minecraft: Guild > [VIP] Redbeam747 [M]: its 250k lbin 
02:25:48.126 INFO  Minecraft: Guild > [VIP] Redbeam747 [M]: just buy it if you want lmao 
02:25:53.796 INFO  Minecraft: Guild > [MVP++] SnowedSeal [LS]: no 
02:28:00.827 INFO  Minecraft: Guild > [VIP] Redbeam747 [M]: oh pog 
02:28:14.864 INFO  Minecraft: Guild > [VIP] Redbeam747 [M]: my tara helm is actually worth the price 
02:37:17.816 INFO  Minecraft: Guild > SirTappy joined. 
02:39:19.719 INFO  Minecraft: Guild > [MVP++] SnowedSeal [LS]: my face reveal in general 
02:43:06.899 INFO  Minecraft: Guild > OLYforever left. 
02:45:43.815 INFO  Minecraft: Guild > UnknownShadow124 left. 
02:48:02.058 INFO  Minecraft: Guild > TimothyPlays57 left. 
02:48:59.064 INFO  Minecraft: Guild > UnknownShadow124 joined. 
02:51:13.209 INFO  Minecraft: Guild > UnknowAccount joined. 
02:51:15.147 INFO  Minecraft: Friend > R4M11_KN0 left. 
02:54:39.277 INFO  Minecraft: Guild > SirTappy left. 
02:54:42.852 INFO  Minecraft: Guild > SirTappy joined. 
02:55:27.687 INFO  Minecraft: Guild > [MVP++] SnowedSeal [LS]: :D 
02:55:35.178 INFO  Minecraft: Guild > [VIP] Redbeam747 [M]: Snowed 
02:55:35.386 INFO  Minecraft: Guild > [MVP+] SirTappy [M]: :D 
02:55:38.864 INFO  Minecraft: Guild > [MVP++] SnowedSeal [LS]: what 
02:55:42.709 INFO  Minecraft: Guild > [VIP] Redbeam747 [M]: buy!1!!!1!1 
02:55:52.742 INFO  Minecraft: Guild > [MVP++] SnowedSeal [LS]: later 
02:56:21.523 INFO  Minecraft: Guild > SirTappy left. 
02:58:54.686 INFO  Minecraft: Guild > [VIP] Redbeam747 [M]: redbeam#7280 
02:59:01.634 INFO  Minecraft: Guild > [VIP] Redbeam747 [M]: perfect 
02:59:35.997 INFO  Minecraft: Guild > [MVP++] SnowedSeal [LS]: ? 
03:00:43.594 INFO  Minecraft: Guild > [VIP] Redbeam747 [M]: jut getting a ss 
03:00:47.474 INFO  Minecraft: Guild > [VIP] Redbeam747 [M]: just 
03:00:58.036 INFO  Minecraft: Guild > [MVP++] SnowedSeal [LS]: grammar 
03:02:28.123 INFO  Minecraft: Guild > [VIP] Redbeam747 [M]: redbeam#7280 
03:06:10.938 INFO  Minecraft: Guild > [VIP] Redbeam747 [M]: redbeam#7280 
03:22:55.128 INFO  Logging in. 
03:22:57.436 INFO  Discord: Logged in. 
03:22:59.404 INFO  Logged in. 
03:22:59.551 INFO  Minecraft:                                       
03:22:59.582 INFO  Minecraft:                           
03:22:59.816 INFO  Minecraft: You found a ✰✰✰✰✰ Mystery Box! 
03:23:00.230 INFO  Minecraft: You have 1 unclaimed achievement reward! 
03:23:00.234 INFO  Minecraft: Click here to view it! 
03:23:01.297 INFO  Minecraft: ----------------------------------------------------- 
03:23:01.300 INFO  Minecraft: Requirements are Skill Avg 23, Cata 23, and 170m net, along 
03:23:01.302 INFO  Minecraft: with 85k gexp a week! Make sure to have fun and contact 
03:23:01.304 INFO  Minecraft: OwOSeal or Smol if you have something to report, or something else to say! 
03:23:01.305 INFO  Minecraft: ----------------------------------------------------- 
03:23:02.319 INFO  Minecraft:   ➤ You have reached your Hype limit! Add Hype to Prototype Lobby minigames by right-clicking with the Hype Diamond! 
03:23:04.419 INFO  Sending to skyblock. 
03:23:04.851 INFO  Minecraft: Sending to server mini989W... 
03:23:04.978 INFO  Logged in. 
03:23:05.304 INFO  Minecraft:         
03:23:08.373 INFO  Minecraft: You are playing on profile: Zucchini (Co-op) 
03:23:09.003 INFO  Minecraft:  
03:23:09.006 INFO  Minecraft: Welcome to Hypixel SkyBlock! 
03:23:09.719 INFO  Minecraft: You're already sitting on this island! 
03:23:09.987 INFO  Sending to skyblock. 
03:23:10.240 INFO  Minecraft: Cannot join SkyBlock for a moment! (Queue join in cooldown) 
03:23:10.904 INFO  Minecraft: Guild > [VIP] FabledLivid [M]: i never knew i needed minecraft anime in my lifebut now i realizei was wrong all along 
03:23:15.334 INFO  Minecraft: You're already sitting on this island! 
03:23:36.983 INFO  Minecraft: Guild > [VIP] FabledLivid [M]: uh snooed 
03:23:49.017 INFO  Minecraft: Guild > [VIP] FabledLivid [M]: timy won giveaway 
03:23:55.568 INFO  Minecraft: Guild > [VIP] FabledLivid [M]: talisman is in louds invintory 
03:25:26.151 INFO  Minecraft: Guild > UnknownShadow124 left. 
03:26:45.886 INFO  Minecraft: Guild > [VIP] FabledLivid [M]: is snowed afk? 
03:27:04.833 INFO  Minecraft: Guild > [VIP] FabledLivid [M]: uhm 
03:27:07.740 INFO  Minecraft: Guild > [VIP] FabledLivid [M]: someone talkk 
03:27:11.251 INFO  Minecraft: Guild > UnknownShadow124 joined. 
03:27:13.495 INFO  Minecraft: Guild > TimothyPlays57 joined. 
03:27:13.955 INFO  Minecraft: Guild > [VIP] Hercules_RB [M]: hi fabled 
03:27:19.476 INFO  Minecraft: Guild > [VIP] LRBenito [M]: no 
03:27:38.940 INFO  Minecraft: Guild > [VIP] FabledLivid [M]: whehw 
03:27:43.230 INFO  Minecraft: Guild > [VIP] FabledLivid [M]: yo timy 
03:27:51.434 INFO  Minecraft: Guild > [MVP+] TimothyPlays57 [M]: loud 
03:27:56.853 INFO  Minecraft: Guild > [VIP] FabledLivid [M]: loud nt on 
03:27:56.940 INFO  Minecraft: Guild > [MVP+] TimothyPlays57 [M]: give treasure tali 
03:28:00.466 INFO  Minecraft: Guild > [MVP+] TimothyPlays57 [M]: :( 
03:28:08.986 INFO  Minecraft: Guild > [VIP] FabledLivid [M]: just wait a bit 
03:28:14.806 INFO  Minecraft: Guild > [VIP] FabledLivid [M]: also anyone f2/? 
03:28:20.596 INFO  Minecraft: Guild > [VIP] FabledLivid [M]: :) 
03:28:20.707 INFO  Minecraft: [Important] This server will restart soon: For a game update 
03:28:20.750 INFO  Minecraft: You have 30 seconds to warp out! CLICK to warp now! 
03:28:29.851 INFO  Minecraft: Guild > [VIP] LRBenito [M]: oh boy f2??????? 
03:28:33.613 INFO  Minecraft: Guild > [VIP] FabledLivid [M]: .-. 
03:28:35.033 INFO  Minecraft: Guild > [VIP] FabledLivid [M]: lol 
03:28:35.409 INFO  Minecraft: Guild > Redbeam747 joined. 
03:28:36.429 INFO  Minecraft: Guild > [VIP] FabledLivid [M]: yes 
03:28:41.866 INFO  Minecraft: Guild > [VIP] FabledLivid [M]: f2 = muhc stonkw 
03:28:45.632 INFO  Minecraft: Guild > [VIP] FabledLivid [M]: yooo 
03:28:48.653 INFO  Minecraft: Guild > [VIP] FabledLivid [M]: boomerseal 
03:28:48.712 INFO  Minecraft: Evacuating to Hub... 
03:28:48.818 INFO  Minecraft: Sending to server mini279B... 
03:28:48.968 INFO  Logged in. 
03:28:49.189 INFO  Minecraft:         
03:28:52.106 INFO  Minecraft: Guild > [VIP] FabledLivid [M]: f2?? 
03:28:53.361 INFO  Minecraft: You are playing on profile: Zucchini (Co-op) 
03:28:53.981 INFO  Sending to skyblock. 
03:28:54.283 INFO  Minecraft: Guild > [VIP] LRBenito [M]: i just need completions for recombs lel 
03:28:54.286 INFO  Minecraft: You are already playing SkyBlock! 
03:28:59.322 INFO  Minecraft: Warping you to your SkyBlock island... 
03:28:59.638 INFO  Minecraft: NoVaL34dEr: MY WHEAT 
03:29:00.330 INFO  Minecraft: Sending to server mini920U... 
03:29:01.156 INFO  Logged in. 
03:29:01.804 INFO  Minecraft:         
03:29:03.979 INFO  Minecraft: Guild > [VIP] FabledLivid [M]: same lol 
03:29:06.179 INFO  Sending to skyblock. 
03:29:06.473 INFO  Minecraft: You are already playing SkyBlock! 
03:29:06.508 INFO  Minecraft: Guild > Redbeam747 left. 
03:29:13.120 INFO  Minecraft: You're already sitting on this island! 
03:29:15.719 INFO  Minecraft: Your 1 extra Jerry packed his stuff and left! 
03:29:17.164 INFO  Minecraft: You are playing on profile: Zucchini (Co-op) 
03:29:46.758 INFO  Minecraft: Guild > Redbeam747 joined. 
03:30:22.011 INFO  Minecraft: Guild > OwOPingu joined. 
03:30:49.771 INFO  Minecraft: Guild > [VIP] FabledLivid [M]: eeee 
03:30:54.677 INFO  Minecraft: Guild > [VIP+] OwOPingu [F]: eeee 
03:31:20.030 INFO  Minecraft: Guild > [VIP] FabledLivid [M]: pog my flip worked 
03:31:30.006 INFO  Minecraft: Guild > [MVP++] SnowedSeal [LS]: niceee 
03:31:31.339 INFO  Minecraft: Guild > [VIP] FabledLivid [M]: herm 
03:31:34.406 INFO  Minecraft: Guild > [VIP] FabledLivid [M]: yeah snwoed 
03:31:34.699 INFO  Minecraft: Guild > [VIP] Redbeam747 [M]: e 
03:31:38.675 INFO  Minecraft: Guild > [VIP] FabledLivid [M]: do the method i dmed u 
03:31:38.702 INFO  Minecraft: Guild > [VIP] Redbeam747 [M]: wait what flip 
03:31:42.585 INFO  Minecraft: Guild > [VIP] FabledLivid [M]: shhh 
03:31:44.226 INFO  Minecraft: Guild > [VIP] Redbeam747 [M]: fabled dm me 
03:31:45.402 INFO  Minecraft: Guild > [MVP++] SnowedSeal [LS]: shhhhhh 
03:31:46.365 INFO  Minecraft: Guild > [VIP] FabledLivid [M]: you heard nothinggg 
03:31:50.170 INFO  Minecraft: Guild > [MVP++] SnowedSeal [LS]: you heart nothing 
03:31:53.326 INFO  Minecraft: Guild > [VIP] FabledLivid [M]: p a y  m e 
03:32:04.205 INFO  Minecraft: Guild > [VIP] LRBenito [M]: pls tell flip i need to know best flip so i can flip 
03:32:19.191 INFO  Minecraft: Guild > [VIP] FabledLivid [M]: u know i alr killed 1 method right/ 
03:32:35.676 INFO  Minecraft: Guild > [VIP] FabledLivid [M]: hehehe 
03:32:39.646 INFO  Minecraft: Guild > [VIP] Redbeam747 [M]: dm or bad 
03:32:46.421 INFO  Minecraft: Guild > [VIP] FabledLivid [M]: impossible 
03:37:16.513 INFO  Minecraft: Guild > [VIP] FabledLivid [M]: yo boomerseal 
03:37:25.254 INFO  Minecraft: Guild > [VIP] FabledLivid [M]: buy the last 2 treasure talismans on ah 
03:37:28.138 INFO  Minecraft: Guild > [VIP] FabledLivid [M]: ill tell u flip 
03:37:30.190 INFO  Minecraft: Guild > [VIP] Redbeam747 [M]: no 
03:37:33.193 INFO  Minecraft: Guild > [VIP] Redbeam747 [M]: i refuse 
03:37:36.045 INFO  Minecraft: Guild > [VIP] FabledLivid [M]: .-. 
03:37:43.632 INFO  Minecraft: Guild > [VIP] Redbeam747 [M]: hyauctions moment 
03:37:50.597 INFO  Minecraft: Guild > [VIP] FabledLivid [M]: welp 
03:37:53.590 INFO  Minecraft: Guild > [VIP] FabledLivid [M]: u got me there 
03:39:06.895 INFO  Minecraft: Guild > [VIP] FabledLivid [M]: snowed 
03:39:08.926 INFO  Minecraft: Guild > [VIP] FabledLivid [M]: f2? 
03:39:21.784 INFO  Minecraft: Guild > [VIP] Redbeam747 [M]: f5 better 
03:39:24.833 INFO  Minecraft: Guild > [VIP] Redbeam747 [M]: dark orb 
03:39:29.531 INFO  Minecraft: Guild > [VIP] FabledLivid [M]: fr? 
03:39:40.598 INFO  Minecraft: Guild > [VIP] Redbeam747 [M]: dark orb is more profit i think 
03:39:45.096 INFO  Minecraft: Guild > [VIP] Redbeam747 [M]: and you can also get sa cp 
03:39:47.196 INFO  Minecraft: Guild > [VIP] Redbeam747 [M]: and sf 
03:39:49.618 INFO  Minecraft: Guild > [VIP] FabledLivid [M]: herm 
03:39:53.013 INFO  Minecraft: Guild > [VIP] Redbeam747 [M]: but f2 is faster 
03:39:57.889 INFO  Minecraft: Guild > [VIP] Redbeam747 [M]: so they are about equal 
03:40:02.704 INFO  Minecraft: Guild > [VIP] FabledLivid [M]: tru 
03:40:25.938 INFO  Minecraft: Guild > DeformedSeal left. 
03:41:13.405 INFO  Minecraft: Guild > [VIP] FabledLivid [M]: .- 
03:43:03.928 INFO  Minecraft: Guild > [VIP] FabledLivid [M]: ... 
03:43:17.407 INFO  Minecraft: Guild > [VIP] FabledLivid [M]: gehehehhe 
03:43:23.304 INFO  Minecraft: Guild > [VIP] FabledLivid [M]: crashing talisman market = pog 
03:44:07.604 INFO  Minecraft: Guild > [VIP] FabledLivid [M]: :O 
03:44:11.260 INFO  Minecraft: Guild > [VIP] FabledLivid [M]: ok new flip time 
03:47:01.637 INFO  Minecraft: Guild > FabledLivid left. 
03:51:29.204 INFO  Discord: [💬→︱guild-chat] Member | EggSeal: imma go play zelda now cya 
03:51:29.502 INFO  Minecraft: Guild > Minikloons [LS]: Member| EggSeal» imma go play zelda now cya 
03:55:57.087 INFO  Minecraft: Guild > UnknownShadow124 left. 
03:57:38.750 INFO  Minecraft: Guild > UnknownShadow124 joined. 
03:58:23.950 INFO  Minecraft: Friend > R4M11_KN0 joined. 
03:58:25.907 INFO  Minecraft: Friend > R4M11_KN0 left. 
03:59:46.516 INFO  Minecraft: Guild > TimothyPlays57 left. 
04:00:00.775 INFO  Minecraft:  
04:00:00.786 INFO  Minecraft: [WATCHDOG ANNOUNCEMENT] 
04:00:00.788 INFO  Minecraft: Watchdog has banned 28,647 players in the last 7 days. 
04:00:00.790 INFO  Minecraft: Staff have banned an additional 17,088 in the last 7 days. 
04:00:00.792 INFO  Minecraft: Blacklisted modifications are a bannable offense! 
04:00:00.794 INFO  Minecraft:  
04:00:02.654 INFO  Minecraft: Guild > Redbeam747 left. 
04:00:21.329 INFO  Minecraft: Guild > UnknowAccount left. 
04:00:22.730 INFO  Minecraft: Guild > UnknowAccount joined. 
04:02:13.150 INFO  Minecraft: Guild > [MVP++] SnowedSeal [LS]: :D 
04:02:15.086 INFO  Minecraft: Guild > [MVP++] SnowedSeal [LS]: zeldaaa 
04:06:05.043 INFO  Minecraft: Guild > UnknownShadow124 left. 
04:06:09.991 INFO  Minecraft: Guild > OwOPingu left. 
04:06:25.219 INFO  Minecraft: Guild > OwOPingu joined. 
04:09:23.064 INFO  Minecraft: Guild > Za1bot joined. 
04:11:58.233 INFO  Minecraft: Guild > UnknowAccount left. 
04:13:39.631 INFO  Minecraft: Guild > UnknownShadow124 joined. 
04:23:06.240 INFO  Minecraft: Friend > R4M11_KN0 joined. 
04:24:54.425 INFO  Minecraft: Friend > R4M11_KN0 left. 
04:36:06.892 INFO  Logging in. 
04:36:09.329 INFO  Discord: Logged in. 
04:36:11.123 INFO  Logged in. 
04:36:11.251 INFO  Minecraft:                                       
04:36:11.268 INFO  Minecraft:                           
04:36:11.942 INFO  Minecraft: You have 1 unclaimed achievement reward! 
04:36:11.945 INFO  Minecraft: Click here to view it! 
04:36:12.893 INFO  Minecraft: ----------------------------------------------------- 
04:36:12.896 INFO  Minecraft: Requirements are Skill Avg 23, Cata 23, and 170m net, along 
04:36:12.898 INFO  Minecraft: with 85k gexp a week! Make sure to have fun and contact 
04:36:12.900 INFO  Minecraft: OwOSeal or Smol if you have something to report, or something else to say! 
04:36:12.902 INFO  Minecraft: ----------------------------------------------------- 
04:36:13.607 INFO  Minecraft:  >>> [MVP++] Feedback_Loop joined the lobby! <<< 
04:36:13.990 INFO  Minecraft:   ➤ You have reached your Hype limit! Add Hype to Prototype Lobby minigames by right-clicking with the Hype Diamond! 
04:36:16.126 INFO  Sending to skyblock. 
04:36:16.577 INFO  Minecraft: Sending to server mini255K... 
04:36:16.694 INFO  Logged in. 
04:36:17.012 INFO  Minecraft:         
04:36:20.091 INFO  Minecraft: You are playing on profile: Zucchini (Co-op) 
04:36:20.757 INFO  Minecraft:  
04:36:20.761 INFO  Minecraft: Welcome to Hypixel SkyBlock! 
04:36:21.486 INFO  Minecraft: You're already sitting on this island! 
04:36:21.697 INFO  Sending to skyblock. 
04:36:21.963 INFO  Minecraft: Cannot join SkyBlock for a moment! (Queue join in cooldown) 
04:36:27.568 INFO  Minecraft: You're already sitting on this island! 
04:38:28.127 INFO  Minecraft: Guild > OwOPingu left. 
04:39:27.393 INFO  Minecraft: Guild > OwOPingu joined. 
04:47:05.755 INFO  Minecraft: Guild > OLYforever left. 
04:49:37.195 INFO  Minecraft: Guild > TimothyPlays57 joined. 
04:49:52.824 INFO  Minecraft: Guild > [MVP+] TimothyPlays57 [M]: loud u on? 
04:50:02.418 INFO  Minecraft: Guild > [MVP+] TimothyPlays57 [M]: nope :( 
04:50:07.478 INFO  Minecraft: Guild > SwagMonkey420 joined. 
04:51:40.290 INFO  Minecraft: Guild > SwagMonkey420 left. 
04:53:29.443 INFO  Minecraft: Guild > UnknownShadow124 left. 
04:56:18.336 INFO  Minecraft: Guild > Redbeam747 joined. 
04:58:19.623 INFO  Minecraft: Guild > Micah_W joined. 
04:59:27.481 INFO  Minecraft: Guild > 4717 joined. 
05:02:23.949 INFO  Minecraft: Guild > Redbeam747 left. 
05:03:38.197 INFO  Minecraft: Guild > 4717 joined. 
05:03:39.314 INFO  Minecraft: Guild > 4717 left. 
05:03:46.204 INFO  Minecraft: Guild > 4717 left. 
05:03:47.884 INFO  Minecraft: Guild > 4717 joined. 
05:12:45.907 INFO  Minecraft: Guild > Hercules_RB left. 
05:16:55.944 INFO  Minecraft: Guild > TimothyPlays57 left. 
05:18:19.068 INFO  Minecraft: Guild > Redbeam747 joined. 
05:27:53.793 INFO  Minecraft: Guild > DeformedSeal joined. 
05:31:05.986 INFO  Minecraft: Guild > POGGORSEEL joined. 
05:32:00.963 INFO  Minecraft: Guild > POGGORSEEL left. 
05:36:10.366 INFO  Minecraft: Guild > TimothyPlays57 joined. 
05:36:33.741 INFO  Minecraft: §C§LSEASON OF JERRY Jerry's Workshop has opened! CLICK HERE to join! 
05:38:25.564 INFO  Minecraft: Guild > Hercules_RB joined. 
05:42:37.764 INFO  Minecraft: Guild > sommthing joined. 
05:54:48.356 INFO  Minecraft: Guild > 4717 left. 
05:55:55.213 INFO  Minecraft: Guild > TimothyPlays57 left. 
05:56:04.250 INFO  Minecraft: Guild > Micah_W left. 
05:58:42.455 INFO  Minecraft: Guild > 4717 joined. 
06:00:02.706 INFO  Minecraft:  
06:00:02.714 INFO  Minecraft: [WATCHDOG ANNOUNCEMENT] 
06:00:02.717 INFO  Minecraft: Watchdog has banned 28,583 players in the last 7 days. 
06:00:02.721 INFO  Minecraft: Staff have banned an additional 17,047 in the last 7 days. 
06:00:02.722 INFO  Minecraft: Blacklisted modifications are a bannable offense! 
06:00:02.731 INFO  Minecraft:  
06:03:50.469 INFO  Minecraft: Guild > POGGORSEEL joined. 
06:08:23.440 INFO  Minecraft: Guild > DeformedSeal left. 
06:11:52.878 INFO  Minecraft: Guild > POGGORSEEL left. 
06:12:00.762 INFO  Minecraft: Guild > [MVP+] sommthing [M]: 29 second f7 blood open 
06:12:03.452 INFO  Minecraft: Guild > [MVP+] sommthing [M]: holy cow 
06:12:08.249 INFO  Minecraft: Guild > [MVP+] gogyxdash [M]: sheeeeeesh 
06:12:17.188 INFO  Minecraft: Guild > [MVP+] gogyxdash [M]: my best is like 51 seconds 
06:12:25.183 INFO  Minecraft: Guild > 4717 left. 
06:13:08.342 INFO  Minecraft: Guild > Za1bot left. 
06:15:05.050 INFO  Minecraft: Friend > R4M11_KN0 joined. 
06:27:12.184 INFO  Minecraft: Guild > TimothyPlays57 joined. 
06:32:45.419 INFO  Minecraft: Friend > R4M11_KN0 left. 
06:38:15.159 INFO  Minecraft: Friend > R4M11_KN0 joined. 
06:39:50.082 INFO  Minecraft: Guild > TimothyPlays57 left. 
06:41:27.550 INFO  Minecraft: Guild > UnknowAccount joined. 
06:52:06.873 INFO  Minecraft: Friend > R4M11_KN0 left. 
06:52:39.822 INFO  Minecraft: Guild > POGGORSEEL joined. 
06:54:55.524 INFO  Minecraft: Friend > R4M11_KN0 joined. 
06:55:36.397 INFO  Minecraft: Guild > DeformedSeal joined. 
07:02:08.076 INFO  Minecraft: Guild > Redbeam747 left. 
07:05:09.759 INFO  Minecraft: Guild > sommthing left. 
07:08:30.160 INFO  Minecraft: Guild > 4717 joined. 
07:10:13.654 INFO  Minecraft: Guild > sommthing joined. 
07:13:15.116 INFO  Minecraft: Guild > Hercules_RB left. 
07:14:22.554 INFO  Minecraft: Guild > TimothyPlays57 joined. 
07:22:42.081 INFO  Minecraft: Guild > DeformedSeal left. 
07:22:59.240 INFO  Minecraft: Guild > LionyLev joined. 
07:24:57.284 INFO  Minecraft: Guild > TimothyPlays57 left. 
07:25:24.953 INFO  Minecraft: Guild > 4717 left. 
07:25:29.124 INFO  Minecraft: Guild > 4717 joined. 
07:41:39.795 INFO  Minecraft: Guild > POGGORSEEL left. 
07:41:42.675 INFO  Minecraft: Guild > POGGORSEEL joined. 
07:47:50.946 INFO  Logging in. 
07:47:53.269 INFO  Discord: Logged in. 
07:47:55.259 INFO  Logged in. 
07:47:55.429 INFO  Minecraft:                                       
07:47:55.444 INFO  Minecraft:                           
07:47:55.636 INFO  Minecraft: You found a ✰✰✰✰✰ Mystery Box! 
07:47:56.010 INFO  Minecraft: ----------------------------------------------------- 
07:47:56.013 INFO  Minecraft: Requirements are Skill Avg 23, Cata 23, and 170m net, along 
07:47:56.015 INFO  Minecraft: with 85k gexp a week! Make sure to have fun and contact 
07:47:56.017 INFO  Minecraft: OwOSeal or Smol if you have something to report, or something else to say! 
07:47:56.018 INFO  Minecraft: ----------------------------------------------------- 
07:47:56.024 INFO  Minecraft: [MVP+] oraz52 joined the lobby! 
07:47:56.025 INFO  Sending to skyblock. 
07:47:56.032 INFO  Minecraft: You have 1 unclaimed achievement reward! 
07:47:56.038 INFO  Minecraft: Click here to view it! 
07:47:57.354 INFO  Minecraft: Sending to server mini17S... 
07:47:57.455 INFO  Logged in. 
07:47:57.510 INFO  Minecraft:         
07:47:59.653 INFO  Minecraft: You're already sitting on this island! 
07:47:59.675 INFO  Minecraft: Guild > ObligedFish6 joined. 
07:48:00.264 INFO  Sending to skyblock. 
07:48:00.675 INFO  Minecraft: You are playing on profile: Zucchini (Co-op) 
07:48:00.682 INFO  Minecraft: Please don't spam the command! 
07:48:00.687 INFO  Minecraft:  
07:48:00.689 INFO  Minecraft: Welcome to Hypixel SkyBlock! 
07:48:02.457 INFO  Sending to skyblock. 
07:48:02.702 INFO  Minecraft: Cannot join SkyBlock for a moment! (Queue join in cooldown) 
07:48:05.560 INFO  Minecraft: You're already sitting on this island! 
07:48:07.795 INFO  Minecraft: You're already sitting on this island! 
07:49:43.479 INFO  Minecraft: Guild > [MVP+] LionyLev [LS]: is auto recomb as rare as wither cp? 
07:50:08.653 INFO  Minecraft: Guild > LionyLev left. 
07:50:12.195 INFO  Minecraft: Guild > LionyLev joined. 
07:50:20.666 INFO  Minecraft: Guild > LionyLev left. 
07:57:56.179 INFO  Minecraft: Guild > LRBenito left. 
07:58:40.081 INFO  Minecraft: Guild > Hercules_RB joined. 
07:59:22.868 INFO  Minecraft: Guild > UnknowAccount left. 
08:00:02.765 INFO  Minecraft:  
08:00:02.769 INFO  Minecraft: [WATCHDOG ANNOUNCEMENT] 
08:00:02.771 INFO  Minecraft: Watchdog has banned 28,745 players in the last 7 days. 
08:00:02.773 INFO  Minecraft: Staff have banned an additional 16,984 in the last 7 days. 
08:00:02.774 INFO  Minecraft: Blacklisted modifications are a bannable offense! 
08:00:02.776 INFO  Minecraft:  
08:03:37.789 INFO  Minecraft: Guild > ObligedFish6 left. 
08:05:11.106 INFO  Minecraft: Guild > TimothyPlays57 joined. 
08:07:09.704 INFO  Minecraft: Guild > sommthing left. 
08:08:50.552 INFO  Minecraft: Guild > TimothyPlays57 left. 
08:09:37.863 INFO  Minecraft: Guild > 4717 left. 
08:09:45.828 INFO  Minecraft: Guild > 4717 joined. 
08:12:44.616 INFO  Minecraft: Guild > POGGORSEEL left. 
08:16:48.482 INFO  Minecraft: Guild > LRBenito joined. 
08:20:16.651 INFO  Minecraft: Guild > SnowedSeal joined. 
08:20:19.630 INFO  Minecraft: Guild > [MVP++] SnowedSeal [LS]: henlo 
08:32:43.854 INFO  Minecraft: Guild > Hercules_RB left. 
08:34:17.393 INFO  Minecraft: Guild > SnowedSeal left. 
08:34:19.206 INFO  Minecraft: Guild > SnowedSeal joined. 
08:34:21.432 INFO  Minecraft: Guild > [MVP++] SnowedSeal [LS]: henlo 
08:34:23.969 INFO  Minecraft: Guild > [MVP++] SnowedSeal [LS]: henloo 
08:35:49.246 INFO  Minecraft: Guild > LionyLev joined. 
08:36:30.807 INFO  Minecraft: Guild > DeformedSeal joined. 
08:45:39.419 INFO  Minecraft: Friend > R4M11_KN0 left. 
08:48:07.405 INFO  Minecraft: Guild > SnowedSeal left. 
08:55:22.408 INFO  Minecraft: Guild > LionyLev left. 
08:55:28.438 INFO  Minecraft: Guild > LionyLev joined. 
08:55:40.426 INFO  Minecraft: Guild > LionyLev left. 
09:04:43.699 INFO  Minecraft: Guild > LRBenito left. 
09:04:52.497 INFO  Minecraft: Guild > LRBenito joined. 
09:09:11.009 INFO  Minecraft: Guild > POGGORSEEL joined. 
09:11:58.620 INFO  Minecraft: Guild > SirTappy joined. 
09:15:44.643 INFO  Minecraft: Guild > Hercules_RB joined. 
09:17:36.011 INFO  Minecraft: Guild > POGGORSEEL left. 
09:19:39.018 INFO  Minecraft: Guild > 4717 left. 
09:19:45.878 INFO  Minecraft: Guild > 4717 joined. 
09:22:43.966 INFO  Minecraft: Guild > 4717 left. 
09:28:54.338 INFO  Minecraft: Guild > ranger4josh joined. 
09:32:54.523 INFO  Minecraft: Guild > [MVP++] ranger4josh [M]: lol i have 8m in farming for dumbies books 
09:35:06.043 INFO  Minecraft: Guild > 4717 joined. 
09:41:31.434 INFO  Minecraft: Guild > [VIP] Hercules_RB [M]: anyone want experiment the fish? 
09:41:44.787 INFO  Minecraft: Guild > [MVP++] ranger4josh [M]: is that an actual thingy? 
09:41:48.900 INFO  Minecraft: Guild > [VIP] Hercules_RB [M]: yes 
09:41:57.057 INFO  Minecraft: Guild > SirTappy left. 
09:41:59.291 INFO  Minecraft: Guild > SirTappy joined. 
09:42:05.433 INFO  Minecraft: Guild > [VIP] Hercules_RB [M]: I just got my second one so I dont know what to do with it 
09:42:19.100 INFO  Minecraft: Guild > [VIP] LRBenito [M]: smelt it 
09:42:22.653 INFO  Minecraft: Guild > [VIP] LRBenito [M]: with a necorn handle 
09:44:37.162 INFO  Minecraft: Guild > SirTappy left. 
09:49:38.922 INFO  Minecraft: Guild > SirTappy joined. 
09:52:26.305 INFO  Minecraft: Guild > ranger4josh left. 
09:52:31.649 INFO  Minecraft: Guild > ranger4josh joined. 
09:52:57.340 INFO  Minecraft: Guild > ranger4josh left. 
09:53:02.392 INFO  Minecraft: Guild > ranger4josh joined. 
09:54:40.922 INFO  Minecraft: Guild > [MVP++] ranger4josh [M]: what is the difference between necromancer lord sword and summoning ring 
09:54:50.660 INFO  Minecraft: Guild > [VIP] LRBenito [M]: one is a sword 
09:54:57.926 INFO  Minecraft: Guild > [VIP] LRBenito [M]: one is not a sword 
09:55:00.549 INFO  Minecraft: Guild > [MVP+] gogyxdash [M]: one is a waste of money 
09:55:16.155 INFO  Minecraft: Guild > [MVP++] ranger4josh [M]: which one should i get for end slayer 
09:55:19.882 INFO  Minecraft: Guild > [MVP++] ranger4josh [M]: im guessing ring 
09:55:24.486 INFO  Minecraft: Guild > [MVP+] gogyxdash [M]: should i buy a summoning ring so i can afk overnight and not get ghost killed 
09:55:35.714 INFO  Minecraft: Guild > [VIP] LRBenito [M]: how about you stop afking 
09:55:48.480 INFO  Minecraft: Guild > [VIP] LRBenito [M]: thats much cheaper 
09:55:50.967 INFO  Minecraft: Guild > [MVP+] gogyxdash [M]: no i need to get 25m for a handle 
09:55:56.010 INFO  Minecraft: Guild > [MVP+] gogyxdash [M]: i mean gs 
09:55:58.430 INFO  Minecraft: Guild > [VIP] LRBenito [M]: then go get killed by more ghosts 
09:56:25.136 INFO  Minecraft: Guild > [MVP+] gogyxdash [M]: killing ghosts is hard cuz of the strength nerf 
09:56:38.608 INFO  Minecraft: Guild > [VIP] Hercules_RB [M]: its not really hard, just slower 
09:56:53.876 INFO  Minecraft: Guild > [VIP] Hercules_RB [M]: the slower you kill them the more lifesteal you get, so if anything it is easier 
09:58:00.736 INFO  Minecraft: Guild > [MVP++] ranger4josh [M]: what is a good soul to get on summoning ring for end slayers 
09:58:14.717 INFO  Minecraft: Guild > [MVP+] gogyxdash [M]: minos inquisitor or champion 
09:58:27.900 INFO  Minecraft: Guild > [MVP+] gogyxdash [M]: shadow assasssin and watcher undead are also good 
09:58:32.023 INFO  Minecraft: Guild > [MVP++] ranger4josh [M]: is minos champion the guy who throws axes 
09:58:40.525 INFO  Minecraft: Guild > [VIP] Hercules_RB [M]: no 
09:58:45.851 INFO  Minecraft: Guild > [VIP] Hercules_RB [M]: thats minotaur 
09:58:53.972 INFO  Minecraft: Guild > [MVP++] ranger4josh [M]: which rarity do you need to get champion 
09:58:56.267 INFO  Minecraft: Guild > [MVP++] ranger4josh [M]: griffin wise 
09:58:58.847 INFO  Minecraft: Guild > [VIP] Hercules_RB [M]: epic 
09:59:09.061 INFO  Minecraft: Guild > [MVP++] ranger4josh [M]: ok ive got that 
09:59:23.262 INFO  Minecraft: Guild > [MVP+] gogyxdash [M]: the exalted one has better stats and the normal ones might die but not sure 
09:59:24.151 INFO  Minecraft: Guild > [VIP] Hercules_RB [M]: now you just have to wait for diana 
09:59:37.854 INFO  Minecraft: Guild > SirTappy left. 
09:59:40.951 INFO  Minecraft: Guild > [MVP++] ranger4josh [M]: can i capture giant's soul??? 
09:59:43.052 INFO  Minecraft: Guild > SirTappy joined. 
09:59:49.265 INFO  Minecraft: Guild > [VIP] LRBenito [M]: hopefully whoever tries to ghost you just does it repetitively and wastes your money lmao 
10:00:02.919 INFO  Minecraft:  
10:00:02.961 INFO  Minecraft: [WATCHDOG ANNOUNCEMENT] 
10:00:02.964 INFO  Minecraft: Watchdog has banned 28,723 players in the last 7 days. 
10:00:02.971 INFO  Minecraft: Staff have banned an additional 16,887 in the last 7 days. 
10:00:02.974 INFO  Minecraft: Blacklisted modifications are a bannable offense! 
10:00:02.983 INFO  Minecraft:  
10:00:31.040 INFO  Minecraft: Guild > yKxshi joined. 
10:06:18.174 INFO  Minecraft: Guild > 5659 joined. 
10:07:41.613 INFO  Minecraft: Guild > DeformedSeal left. 
10:09:36.857 INFO  Discord: [💬→︱guild-chat] Boomerseal has so much clout OMG: M1 undeads are good for summoning ring and very easy to get 
10:09:37.140 INFO  Minecraft: Guild > Minikloons [LS]: Boomersealhas so much clout OMG» M1 undeads are good for summoning ring and very easy to get 
10:09:49.943 INFO  Discord: [💬→︱guild-chat] Boomerseal has so much clout OMG: Bonzo summons em 
10:09:50.292 INFO  Minecraft: Guild > Minikloons [LS]: Boomersealhas so much clout OMG» Bonzo summons em 
10:11:46.316 INFO  Minecraft: Guild > SirTappy left. 
10:11:49.420 INFO  Minecraft: Guild > SirTappy joined. 
10:12:08.597 INFO  Minecraft: Guild > [MVP++] ranger4josh [M]: whats a good soul for ender slayer, non dungeon, non diana 
10:12:25.754 INFO  Minecraft: Guild > [MVP+] yKxshi [M]: obsidian defender 
10:12:33.168 INFO  Minecraft: Guild > [MVP+] gogyxdash [M]: i dont think that exists 
10:12:48.062 INFO  Minecraft: Guild > [MVP+] gogyxdash [M]: obsidian defender would be destroyed by an enderman 
10:12:51.047 INFO  Minecraft: Guild > [MVP+] yKxshi [M]: bro just spam maxed kills hurricane 
10:13:23.504 INFO  Minecraft: Guild > [MVP++] ranger4josh [M]: thing is i want to do tier 2 but i cant tank it i need somethign to distract it 
10:13:38.811 INFO  Minecraft: Guild > [VIP] Hercules_RB [M]: maybe a fishing mob, high levels ones have pretty good hp 
10:13:48.613 INFO  Minecraft: Guild > [VIP] Hercules_RB [M]: not sure if they drop souls though 
10:13:50.672 INFO  Minecraft: Guild > [MVP+] yKxshi [M]: do tier 1s until u can unlock final destination armor and buy a set 
10:14:05.125 INFO  Minecraft: Guild > [MVP+] yKxshi [M]: well the sea emperor drops a soul 
10:15:42.286 INFO  Minecraft: Guild > [MVP+] yKxshi [M]: aight my game is deciding to be a bitch and lag and the mining update still isnt out so 
10:15:46.978 INFO  Minecraft: Guild > 5659 left. 
10:15:48.891 INFO  Minecraft: Guild > [MVP+] yKxshi [M]: im going back to garden warfare 
10:15:54.027 INFO  Minecraft: Guild > yKxshi left. 
10:27:42.501 INFO  Minecraft: Guild > gogyxdash left. 
10:28:43.468 INFO  Minecraft: Guild > Hercules_RB left. 
10:29:39.016 INFO  Minecraft: Guild > 4717 left. 
10:30:00.392 INFO  Minecraft: Guild > 4717 joined. 
10:31:33.305 INFO  Minecraft: Guild > gogyxdash joined. 
10:34:16.096 INFO  Minecraft: Guild > ShredderSeal joined. 
10:35:10.949 INFO  Minecraft: Guild > ShredderSeal left. 
10:39:03.055 INFO  Minecraft: Guild > WitheredRoyal joined. 
10:39:10.253 INFO  Minecraft: Guild > gogyxdash left. 
10:40:48.344 INFO  Minecraft: Guild > gogyxdash joined. 
10:50:39.560 INFO  Discord: [💬→︱guild-chat] Member | ShredderSeal: henlo 
10:50:39.853 INFO  Minecraft: Guild > Minikloons [LS]: Member| ShredderSeal» henlo 
10:50:44.424 INFO  Discord: [💬→︱guild-chat] Member | ShredderSeal: guys!!!!!!!!!!!!!!!!!!!!!!!!!!!!!!!!!! 
10:50:44.670 INFO  Minecraft: Guild > Minikloons [LS]: Member| ShredderSeal» guys!!!!!!!!!!!!!!!!!!!!!!!!!!!!!!!!!! 
10:50:45.786 INFO  Minecraft: Guild > [VIP+] WitheredRoyal [M]: lo hens 
10:50:55.202 INFO  Minecraft: Guild > ShredderSeal joined. 
10:51:12.664 INFO  Minecraft: Guild > [VIP] ShredderSeal [M]: im becoming sussy 
10:51:18.695 INFO  Minecraft: Guild > [VIP+] WitheredRoyal [M]: :o 
10:51:31.695 INFO  Minecraft: Guild > [VIP] ShredderSeal [M]: henlo, hows you guys days doing! 
10:53:25.518 INFO  Minecraft: Guild > [VIP] ShredderSeal [M]: Is Warped AOTV good? 
10:54:26.067 INFO  Minecraft: Guild > [VIP] ShredderSeal [M]: so yes uhm 
10:55:25.627 INFO  Minecraft: Guild > [VIP+] WitheredRoyal [M]: Just won my first solo bw game :D 
10:55:33.378 INFO  Minecraft: Guild > [MVP+] gogyxdash [M]: nice 
10:55:33.386 INFO  Minecraft: Guild > [VIP] ShredderSeal [M]: nice 
10:57:49.041 INFO  Minecraft: Guild > [VIP] ShredderSeal [M]: gtg\ 
10:58:06.022 INFO  Minecraft: Guild > ShredderSeal left. 
10:59:22.957 INFO  Minecraft: Guild > 4717 left. 
10:59:31.226 INFO  Minecraft: Guild > SirTappy left. 
10:59:31.916 INFO  Minecraft: Guild > 4717 joined. 
10:59:36.066 INFO  Minecraft: Guild > SirTappy joined. 
10:59:52.128 INFO  Minecraft: Guild > [VIP+] WitheredRoyal [M]: Selling t10 melon minions for 400k each any1 wanna buy? 
11:03:38.615 INFO  Minecraft: Guild > 4717 left. 
11:03:47.804 INFO  Minecraft: Guild > 4717 joined. 
11:07:15.787 INFO  Minecraft: Guild > ranger4josh left. 
11:08:29.458 INFO  Minecraft: Guild > Hercules_RB joined. 
11:13:51.026 INFO  Minecraft: Guild > LionyLev joined. 
11:14:59.257 INFO  Minecraft: Guild > SirTappy left. 
11:15:04.306 INFO  Minecraft: Guild > SirTappy joined. 
11:18:56.912 INFO  Minecraft: Guild > 4717 left. 
11:19:02.749 INFO  Minecraft: Guild > 4717 joined. 
11:19:13.883 INFO  Minecraft: Guild > gogyxdash left. 
11:20:01.927 INFO  Minecraft: Guild > gogyxdash joined. 
11:27:54.349 INFO  Minecraft: Guild > DeformedSeal joined. 
11:30:18.472 INFO  Minecraft: Guild > 4717 left. 
11:31:59.675 INFO  Minecraft: Guild > LionyLev left. 
11:33:50.159 INFO  Minecraft: Guild > SirTappy left. 
11:40:40.655 INFO  Minecraft: Guild > OwOPingu joined. 
11:59:44.853 INFO  Minecraft: Guild > ranger4josh joined. 
12:00:03.079 INFO  Minecraft:  
12:00:03.083 INFO  Minecraft: [WATCHDOG ANNOUNCEMENT] 
12:00:03.085 INFO  Minecraft: Watchdog has banned 28,821 players in the last 7 days. 
12:00:03.087 INFO  Minecraft: Staff have banned an additional 16,998 in the last 7 days. 
12:00:03.089 INFO  Minecraft: Blacklisted modifications are a bannable offense! 
12:00:03.090 INFO  Minecraft:  
12:05:03.633 INFO  Minecraft: Guild > WitheredRoyal left. 
12:15:42.408 INFO  Minecraft: Guild > DeformedSeal left. 
12:16:51.258 INFO  Minecraft: §C§LSEASON OF JERRY Mount Jerry is going to erupt in 3 days! Go to Jerry's Workshop to save the Jerrys and their Gifts! CLICK HERE to join! 
12:18:06.574 INFO  Minecraft: Guild > Hercules_RB left. 
12:18:09.940 INFO  Minecraft: Guild > Hercules_RB joined. 
12:26:27.594 INFO  Minecraft: Guild > ranger4josh left. 
12:34:18.465 INFO  Minecraft: Guild > [MVP+] gogyxdash [M]: i just found a way to get a free 130k every 20 minutes 
12:34:29.532 INFO  Minecraft: Guild > [MVP+] gogyxdash [M]: just go to builder and buy quartz and sell to bz 
12:35:16.610 INFO  Minecraft: §C§LSEASON OF JERRY Mount Jerry is going to erupt in 2 days! Go to Jerry's Workshop to save the Jerrys and their Gifts! CLICK HERE to join! 
12:36:59.400 INFO  Minecraft: Guild > DeformedSeal joined. 
12:39:40.316 INFO  Minecraft: Guild > SirTappy joined. 
12:44:15.868 INFO  Minecraft: Guild > 4717 joined. 
12:50:34.925 INFO  Minecraft: Guild > 4717 left. 
12:52:07.989 INFO  Discord: [💬→︱guild-chat] LS | SnowedSeal: Bye 
12:52:08.245 INFO  Minecraft: Guild > Minikloons [LS]: LS| SnowedSeal» Bye 
12:56:02.383 INFO  Minecraft: §C§LSEASON OF JERRY Mount Jerry is going to erupt in 1 day! Go to Jerry's Workshop to save the Jerrys and their Gifts! CLICK HERE to join! 
13:03:55.481 INFO  Minecraft: Guild > Its_Angle joined. 
13:05:00.953 INFO  Minecraft: Guild > [MVP+] Its_Angle [M]: is this guild still alive 
13:05:07.320 INFO  Minecraft: Guild > [VIP] LRBenito [M]: no 
13:05:21.627 INFO  Minecraft: Guild > Its_Angle left. 
13:07:22.752 INFO  Minecraft: Guild > Its_Angle joined. 
13:07:55.735 INFO  Minecraft: Guild > Its_Angle left. 
13:17:22.635 INFO  Minecraft: §C§LSEASON OF JERRY Mount Jerry is moments away from erupting! Go to Jerry's Workshop to save the Gifts! CLICK HERE to join! 
13:21:36.862 INFO  Minecraft: Guild > DeformedSeal left. 
13:55:00.517 INFO  Minecraft: The New Year’s Celebration event is starting in 3 days! 
14:00:03.255 INFO  Minecraft:  
14:00:03.259 INFO  Minecraft: [WATCHDOG ANNOUNCEMENT] 
14:00:03.261 INFO  Minecraft: Watchdog has banned 28,843 players in the last 7 days. 
14:00:03.263 INFO  Minecraft: Staff have banned an additional 16,984 in the last 7 days. 
14:00:03.264 INFO  Minecraft: Blacklisted modifications are a bannable offense! 
14:00:03.266 INFO  Minecraft:  
14:01:44.145 INFO  Minecraft: Guild > Micah_W joined. 
14:03:41.382 INFO  Minecraft: Guild > OwOPingu left. 
14:12:40.267 INFO  Minecraft: Guild > friendly_rook joined. 
14:12:40.340 INFO  Minecraft: Guild > OwOPingu joined. 
14:15:00.175 INFO  Minecraft: The New Year’s Celebration event is starting in 2 days! 
14:18:50.703 INFO  Minecraft: Guild > ranger4josh joined. 
14:20:15.665 INFO  Minecraft: Guild > LRBenito left. 
14:21:36.026 INFO  Minecraft: Guild > ranger4josh left. 
14:21:40.874 INFO  Minecraft: Guild > ranger4josh joined. 
14:35:00.346 INFO  Minecraft: The New Year’s Celebration event is starting in 1 day! 
14:35:37.893 INFO  Minecraft: Guild > ranger4josh left. 
14:39:17.309 INFO  Minecraft: Guild > ranger4josh joined. 
14:39:57.543 INFO  Minecraft: Guild > [MVP++] ranger4josh [M]: how much health does a mob have to have on summoning ring for tier 2 end slayer 
14:40:34.217 INFO  Minecraft: Guild > [MVP+] gogyxdash [M]: i saw deathstreeks just using zombie soldiers 
14:40:50.177 INFO  Minecraft: Guild > [MVP+] gogyxdash [M]: you would proably be fine with m1 or f7 mobs 
14:40:55.429 INFO  Minecraft: Guild > [VIP+] OwOPingu [F]: yea 
14:41:10.513 INFO  Minecraft: Guild > SnowedSeal joined. 
14:41:12.881 INFO  Minecraft: Guild > [VIP+] OwOPingu [F]: higher floor more hp so just find the highest floor you can clear on 
14:41:13.466 INFO  Minecraft: Guild > [MVP++] SnowedSeal [LS]: henlo 
14:41:45.397 INFO  Minecraft: Guild > [VIP+] OwOPingu [F]: :O 
14:42:30.103 INFO  Minecraft: Guild > [VIP+] OwOPingu [F]: noice 
14:43:02.771 INFO  Minecraft: Guild > Micah_W left. 
14:43:04.724 INFO  Minecraft: Guild > Micah_W joined. 
14:44:32.839 INFO  Minecraft: Guild > SnowedSeal left. 
14:50:18.610 INFO  Minecraft: Guild > [MVP++] ranger4josh [M]: the drop rate for a soul in f7 is soo low 
14:50:36.721 INFO  Minecraft: Guild > [MVP++] ranger4josh [M]: someone said it is less than a 1% chance 
14:51:26.386 INFO  Minecraft: Guild > [MVP++] ranger4josh [M]: pog 
14:51:32.172 INFO  Minecraft: Guild > [MVP++] ranger4josh [M]: i placed soulflow 
14:53:12.111 INFO  Minecraft: Friend > R4M11_KN0 joined. 
14:57:38.060 INFO  Minecraft: A Event: New Year’s Celebration! A 
14:57:38.064 INFO  Minecraft: Everyone is having a party in the Village! 
14:57:38.066 INFO  Minecraft: Go there and talk to the Baker to get your New Year's Cake! 
14:57:38.069 INFO  Minecraft:  
14:59:46.043 INFO  Minecraft: Guild > SirTappy left. 
15:12:07.796 INFO  Minecraft: Friend > R4M11_KN0 left. 
15:13:44.808 INFO  Minecraft: Guild > [MVP++] ranger4josh [M]: i have officially found my favorite block to build with 
15:13:53.360 INFO  Minecraft: Guild > [MVP++] ranger4josh [M]: come to my is and look at my minion setup 
15:14:23.849 INFO  Minecraft: Guild > Micah_W left. 
15:17:38.070 INFO  Minecraft: A Event: New Year’s Celebration! A 
15:17:38.088 INFO  Minecraft: Everyone is having a party in the Village! 
15:17:38.091 INFO  Minecraft: Go there and talk to the Baker to get your New Year's Cake! 
15:17:38.095 INFO  Minecraft:  
15:18:56.354 INFO  Minecraft: Guild > Hercules_RB left. 
15:29:43.614 INFO  Minecraft: Guild > ranger4josh left. 
15:37:38.322 INFO  Minecraft: A Event: New Year’s Celebration! A 
15:37:38.327 INFO  Minecraft: Everyone is having a party in the Village! 
15:37:38.329 INFO  Minecraft: Go there and talk to the Baker to get your New Year's Cake! 
15:37:38.330 INFO  Minecraft:  
15:39:47.734 INFO  Minecraft: Guild > OwOPingu left. 
15:49:12.252 INFO  Minecraft: Guild > friendly_rook left. 
15:55:38.677 INFO  Minecraft: Friend > R4M11_KN0 joined. 
16:00:03.444 INFO  Minecraft:  
16:00:03.448 INFO  Minecraft: [WATCHDOG ANNOUNCEMENT] 
16:00:03.451 INFO  Minecraft: Watchdog has banned 28,891 players in the last 7 days. 
16:00:03.452 INFO  Minecraft: Staff have banned an additional 17,032 in the last 7 days. 
16:00:03.454 INFO  Minecraft: Blacklisted modifications are a bannable offense! 
16:00:03.455 INFO  Minecraft:  
16:01:24.272 INFO  Minecraft: Guild > friendly_rook joined. 
16:02:23.317 INFO  Minecraft: Guild > friendly_rook left. 
16:03:56.602 INFO  Minecraft: Friend > R4M11_KN0 left. 
16:27:50.606 INFO  Logging in. 
16:27:52.932 INFO  Discord: Logged in. 
16:27:53.939 INFO  Logged in. 
16:27:54.090 INFO  Minecraft:                                       
16:27:54.105 INFO  Minecraft:                           
16:27:54.169 INFO  Minecraft: ----------------------------------------------------- 
16:27:54.173 INFO  Minecraft: Requirements are Skill Avg 23, Cata 23, and 170m net, along 
16:27:54.176 INFO  Minecraft: with 85k gexp a week! Make sure to have fun and contact 
16:27:54.177 INFO  Minecraft: OwOSeal or Smol if you have something to report, or something else to say! 
16:27:54.179 INFO  Minecraft: ----------------------------------------------------- 
16:27:54.387 INFO  Minecraft: You found a ✰✰✰✰✰ Mystery Box! 
16:27:54.735 INFO  Minecraft: You have 1 unclaimed achievement reward! 
16:27:54.738 INFO  Minecraft: Click here to view it! 
16:27:56.814 INFO  Minecraft:   ➤ You have reached your Hype limit! Add Hype to Prototype Lobby minigames by right-clicking with the Hype Diamond! 
16:27:58.939 INFO  Sending to skyblock. 
16:27:59.351 INFO  Minecraft: Sending to server mini621U... 
16:27:59.470 INFO  Logged in. 
16:27:59.759 INFO  Minecraft:         
16:28:00.088 INFO  Minecraft: ----------------------------------------------------- 
16:28:00.094 INFO  Minecraft: You have just received 300,000 coins as interest in your co-op bank account! 
16:28:00.097 INFO  Minecraft: ----------------------------------------------------- 
16:28:02.885 INFO  Minecraft: You are playing on profile: Zucchini (Co-op) 
16:28:03.482 INFO  Minecraft:  
16:28:03.484 INFO  Minecraft: Welcome to Hypixel SkyBlock! 
16:28:03.889 INFO  Minecraft: ALLOWANCE! You earned 50,000 coins! 
16:28:04.251 INFO  Minecraft: You're already sitting on this island! 
16:28:04.480 INFO  Sending to skyblock. 
16:28:04.733 INFO  Minecraft: Cannot join SkyBlock for a moment! (Queue join in cooldown) 
16:28:09.795 INFO  Minecraft: You're already sitting on this island! 
16:40:06.513 INFO  Minecraft: Friend > R4M11_KN0 joined. 
16:44:20.001 INFO  Minecraft: Guild > ShredderSeal joined. 
16:44:38.018 INFO  Minecraft: Guild > [VIP] ShredderSeal [M]: henlo im back 
16:52:08.380 INFO  Minecraft: Friend > R4M11_KN0 left. 
17:17:31.705 INFO  Minecraft: Guild > OLYforever joined. 
17:26:38.241 INFO  Minecraft: Guild > [VIP] ShredderSeal [M]: my aots does good dps tho 
17:26:40.941 INFO  Minecraft: Guild > [VIP] ShredderSeal [M]: wc 
17:30:15.678 INFO  Minecraft: Guild > ranger4josh joined. 
17:31:51.993 INFO  Minecraft: Friend > R4M11_KN0 joined. 
17:37:28.932 INFO  Minecraft: Guild > [MVP++] ranger4josh [M]: finally i finished setting up my minion setup 
17:38:34.043 INFO  Minecraft: Guild > [MVP++] ranger4josh [M]: area 
17:43:07.188 INFO  Minecraft: Guild > ranger4josh left. 
17:56:39.133 INFO  Minecraft: Guild > 3ctooo joined. 
17:57:28.078 INFO  Minecraft: Guild > ranger4josh joined. 
17:57:55.509 INFO  Minecraft: Guild > [MVP++] ranger4josh [M]: its just visual 
17:58:16.789 INFO  Minecraft: Guild > [MVP++] ranger4josh [M]: this took me an hour 
17:58:34.691 INFO  Minecraft: Friend > R4M11_KN0 left. 
18:00:03.607 INFO  Minecraft:  
18:00:03.610 INFO  Minecraft: [WATCHDOG ANNOUNCEMENT] 
18:00:03.611 INFO  Minecraft: Watchdog has banned 28,932 players in the last 7 days. 
18:00:03.612 INFO  Minecraft: Staff have banned an additional 17,076 in the last 7 days. 
18:00:03.613 INFO  Minecraft: Blacklisted modifications are a bannable offense! 
18:00:03.617 INFO  Minecraft:  
18:00:29.116 INFO  Minecraft: Guild > [VIP] ShredderSeal [M]: i successfully corrupted 4 ranger's minion slots 
18:00:49.868 INFO  Minecraft: Guild > [VIP] ShredderSeal [M]: may the virus spread 
18:02:24.786 INFO  Minecraft: Guild > 3ctooo joined. 
18:02:25.753 INFO  Minecraft: Guild > 3ctooo left. 
18:02:30.820 INFO  Minecraft: Guild > 3ctooo left. 
18:02:31.662 INFO  Minecraft: Guild > 3ctooo joined. 
18:03:43.252 INFO  Minecraft: Guild > [VIP] ShredderSeal [M]: btw next mayor rotation is the worst 
18:06:37.067 INFO  Minecraft: Guild > OLYforever left. 
18:11:26.338 INFO  Minecraft: Guild > [MVP++] ranger4josh [M]: i missed builder wand 
18:12:50.511 INFO  Minecraft: Guild > [MVP++] ranger4josh [M]: how do i make carved quartz 
18:15:42.713 INFO  Minecraft: Guild > [VIP] ShredderSeal [M]: ight i changed my mind 
18:15:51.294 INFO  Minecraft: Guild > [VIP] ShredderSeal [M]: ima go melee for couple days 
18:16:02.387 INFO  Minecraft: Guild > [VIP] ShredderSeal [M]: ima sell tank setup bcz i wanna get combat lvl 
18:16:08.523 INFO  Minecraft: Guild > [VIP] ShredderSeal [M]: not dungeon 
18:16:20.392 INFO  Minecraft: Guild > [VIP] ShredderSeal [M]: if dungeon i would rebuy everything i one before (almost) 
18:19:43.394 INFO  Minecraft: Guild > [MVP++] ranger4josh [M]: fudge 
18:19:54.014 INFO  Minecraft: Guild > [MVP++] ranger4josh [M]: i have problem lol 
18:24:43.942 INFO  Minecraft: Guild > 3ctooo left. 
18:24:46.347 INFO  Minecraft: Guild > 3ctooo joined. 
18:27:16.101 INFO  Minecraft: Guild > [MVP++] ranger4josh [M]: i hate how i always embark on massive builds 
18:27:42.087 INFO  Minecraft: Guild > 3ctooo left. 
18:28:49.949 INFO  Minecraft: Guild > 3ctooo joined. 
18:33:00.597 INFO  Minecraft: Friend > R4M11_KN0 joined. 
18:33:38.528 INFO  Minecraft: Friend > R4M11_KN0 left. 
18:33:39.578 INFO  Minecraft: Guild > [VIP] ShredderSeal [M]: ranger 
18:33:46.192 INFO  Minecraft: Guild > [VIP] ShredderSeal [M]: is it worth it to buy necron's cp 
18:34:51.134 INFO  Minecraft: Guild > [MVP++] ranger4josh [M]: i think so but dunno 
18:36:20.730 INFO  Minecraft: Guild > ShredderSeal left. 
18:37:28.019 INFO  Minecraft: Guild > [MVP++] ranger4josh [M]: aaaaaaaaaaaahhhhhhhhhhhhhhhhhhhhhh this is such a big greek building 
18:37:33.171 INFO  Minecraft: Guild > [MVP++] ranger4josh [M]: why did i decide to make thsi 
18:38:18.723 INFO  Minecraft: Guild > ShredderSeal joined. 
18:40:34.872 INFO  Minecraft: Guild > [VIP] ShredderSeal [M]: yo i can actually grind ghost again 
18:40:48.557 INFO  Minecraft: Guild > [MVP++] ranger4josh [M]: maknet come look at my is 
18:41:05.817 INFO  Minecraft: Friend > R4M11_KN0 joined. 
18:43:02.806 INFO  Minecraft: Guild > 3ctooo left. 
18:47:16.412 INFO  Minecraft: Guild > [MVP++] ranger4josh [M]: shredder check my is 
18:53:37.250 INFO  Minecraft: Guild > [MVP++] ranger4josh [M]: i have so much more building and cleaning to go 
18:58:36.555 INFO  Minecraft: Guild > [MVP++] ranger4josh [M]: so much building ' 
19:07:49.810 INFO  Minecraft: Guild > [MVP++] ranger4josh [M]: ive done so little of my build and im 500k down 
19:11:28.424 INFO  Minecraft: Guild > ranger4josh left. 
19:44:01.585 INFO  Minecraft: Friend > R4M11_KN0 left. 
19:49:13.990 INFO  Minecraft: Friend > R4M11_KN0 joined. 
19:49:46.012 INFO  Minecraft: Friend > R4M11_KN0 left. 
19:56:50.534 INFO  Minecraft: Friend > R4M11_KN0 joined. 
20:00:03.764 INFO  Minecraft:  
20:00:03.768 INFO  Minecraft: [WATCHDOG ANNOUNCEMENT] 
20:00:03.769 INFO  Minecraft: Watchdog has banned 28,768 players in the last 7 days. 
20:00:03.770 INFO  Minecraft: Staff have banned an additional 17,076 in the last 7 days. 
20:00:03.771 INFO  Minecraft: Blacklisted modifications are a bannable offense! 
20:00:03.772 INFO  Minecraft:  
20:04:06.132 INFO  Minecraft: Guild > friendly_rook joined. 
20:31:18.447 INFO  Minecraft: Guild > ranger4josh joined. 
20:32:27.510 INFO  Minecraft: Friend > R4M11_KN0 left. 
20:32:56.312 INFO  Minecraft: Friend > R4M11_KN0 joined. 
20:36:36.804 INFO  Minecraft: Guild > [VIP] ShredderSeal [M]: omg i just bought wand of atonement 
20:37:09.051 INFO  Minecraft: Guild > [MVP++] ranger4josh [M]: can you put ult wise on it?? 
20:37:12.297 INFO  Minecraft: Guild > [VIP] ShredderSeal [M]: ye 
20:37:24.550 INFO  Minecraft: Guild > [MVP++] ranger4josh [M]: also shredder 
20:37:27.476 INFO  Minecraft: Guild > [MVP++] ranger4josh [M]: come see my island 
20:37:30.695 INFO  Minecraft: Guild > [MVP++] ranger4josh [M]: its better than before 
20:40:18.582 INFO  Minecraft: Guild > [VIP] ShredderSeal [M]: ok 
20:40:46.801 INFO  Minecraft: Guild > [VIP] ShredderSeal [M]: if someone fund me an ult wise 
20:40:54.858 INFO  Minecraft: Guild > [VIP] ShredderSeal [M]: ill put ult wise on my wand 
20:40:59.057 INFO  Minecraft: Guild > [VIP] ShredderSeal [M]: which is a waste 
20:41:05.444 INFO  Minecraft: Guild > [VIP] ShredderSeal [M]: bcz u can regen mana quite fast 
20:41:09.048 INFO  Minecraft: Guild > [MVP++] ranger4josh [M]: not really 
20:41:15.385 INFO  Minecraft: Guild > [VIP] ShredderSeal [M]: it is 
20:41:27.788 INFO  Minecraft: Guild > [MVP++] ranger4josh [M]: 200 mana for the enderman ferocity ability 
20:41:32.146 INFO  Minecraft: Guild > [MVP++] ranger4josh [M]: 250 for the wand 
20:41:35.722 INFO  Minecraft: Guild > [MVP++] ranger4josh [M]: thats 450 mana 
20:41:51.368 INFO  Minecraft: Guild > [VIP] ShredderSeal [M]: by the time u have vorpal or atomsplit 
20:41:56.387 INFO  Minecraft: Guild > [VIP] ShredderSeal [M]: u have more than 1k mana 
20:42:08.975 INFO  Minecraft: Guild > [MVP++] ranger4josh [M]: void edge has the ability 
20:42:09.697 INFO  Minecraft: Guild > [VIP] ShredderSeal [M]: and regen like 100 per seconds 
20:42:19.827 INFO  Minecraft: Guild > [VIP] ShredderSeal [M]: why voidedge 
20:42:20.878 INFO  Minecraft: Guild > [MVP++] ranger4josh [M]: that is the sword you get at rank 3 
20:42:28.351 INFO  Minecraft: Guild > [MVP++] ranger4josh [M]: with ferocity perk 
20:44:11.255 INFO  Minecraft: Guild > [MVP++] ranger4josh [M]: im definitly going to need to get quartz minions down soon 
20:44:28.760 INFO  Minecraft: Guild > [MVP++] ranger4josh [M]: either that or get a sponsor 
20:54:33.983 INFO  Minecraft: Guild > [MVP++] ranger4josh [M]: can someone come to my island and give me an opinion on something 
20:55:01.888 INFO  Minecraft: Guild > [VIP] ShredderSeal [M]: ill be honest 
20:55:09.619 INFO  Minecraft: Guild > [VIP] ShredderSeal [M]: your new building looks amazing 
20:55:12.589 INFO  Minecraft: Guild > [VIP] ShredderSeal [M]: but your farms 
20:55:17.263 INFO  Minecraft: Guild > [VIP] ShredderSeal [M]: is not so good looking 
20:55:20.789 INFO  Minecraft: Guild > [VIP] ShredderSeal [M]: overall 
20:55:21.862 INFO  Minecraft: Guild > [MVP++] ranger4josh [M]: no its pillar placement 
20:55:22.945 INFO  Minecraft: Guild > [VIP] ShredderSeal [M]: ill give 
20:55:26.779 INFO  Minecraft: Guild > [VIP] ShredderSeal [M]: alr 
20:57:42.649 INFO  Minecraft: Guild > ShredderSeal left. 
20:57:49.929 INFO  Minecraft: Guild > ShredderSeal joined. 
20:58:01.009 INFO  Minecraft: Guild > [MVP++] ranger4josh [M]: if anyone wants to see my greek/roman build pls visit 
20:58:11.057 INFO  Minecraft: Guild > [MVP++] ranger4josh [M]: contributions are welcome as quartz is pricy 
21:01:50.497 INFO  Minecraft: Guild > [MVP++] ranger4josh [M]: lol 
21:01:57.327 INFO  Minecraft: Guild > [MVP++] ranger4josh [M]: 21k gexp from building 
21:04:37.058 INFO  Minecraft: Guild > ShredderSeal left. 
21:15:00.225 INFO  Minecraft: Guild > [MVP++] ranger4josh [M]: this is going to look amazing when i am finished with it 
21:15:50.091 INFO  Minecraft: Guild > [MVP++] ranger4josh [M]: im gonna build a wizardy tower for my enchanting and alchemy stuff which should be fun 
21:16:22.661 INFO  Minecraft: Guild > [MVP++] ranger4josh [M]: i might do it spartan style where the guys who talked with the gods lived a top of a mountain 
21:18:42.605 INFO  Minecraft: Guild > [MVP++] ranger4josh [M]: well im going to log off for tonight but i should finish this over the next couple days 
21:18:44.188 INFO  Minecraft: Guild > ranger4josh left. 
21:24:02.370 INFO  Minecraft: Guild > OLYforever joined. 
21:29:23.931 INFO  Minecraft: Friend > R4M11_KN0 left. 
21:30:27.948 INFO  Minecraft: Guild > Redbeam747 joined. 
22:00:03.919 INFO  Minecraft:  
22:00:03.946 INFO  Minecraft: [WATCHDOG ANNOUNCEMENT] 
22:00:03.947 INFO  Minecraft: Watchdog has banned 28,805 players in the last 7 days. 
22:00:03.948 INFO  Minecraft: Staff have banned an additional 17,134 in the last 7 days. 
22:00:03.949 INFO  Minecraft: Blacklisted modifications are a bannable offense! 
22:00:03.950 INFO  Minecraft:  
22:20:31.872 INFO  Minecraft: Guild > FabledLivid joined. 
22:21:41.988 INFO  Minecraft: Guild > FabledLivid left. 
22:53:12.927 INFO  Minecraft: Guild > Redbeam747 left. 
22:56:36.448 INFO  Minecraft: Guild > Redbeam747 joined. 
23:07:11.978 INFO  Minecraft: Guild > [VIP] friendly_rook [M]: oh 
23:07:20.053 INFO  Minecraft: Guild > [VIP] friendly_rook [M]: it go 101mil 
23:13:55.213 INFO  Minecraft: Guild > [VIP] friendly_rook [M]: necron or werewolf better 
23:14:17.994 INFO  Minecraft: Guild > [VIP] friendly_rook [M]: i have 58mil now should i by necron armor? 
23:16:15.186 INFO  Minecraft: Guild > [VIP] friendly_rook [M]: .ac grind in a grind game or dont play it 
23:18:26.472 INFO  Minecraft:  
23:18:26.475 INFO  Minecraft: ----------------------------------------------------- 
23:18:26.476 INFO  Minecraft:  
23:18:26.519 INFO  Minecraft:                  GUILD QUEST TIER 2 COMPLETED! 
23:18:26.520 INFO  Minecraft:  
23:18:26.521 INFO  Minecraft:     The guild has completed Tier 2 of this week's Guild Quest! 
23:18:26.522 INFO  Minecraft:                          +50000 Guild Experience 
23:18:26.524 INFO  Minecraft:  
23:18:26.525 INFO  Minecraft: ----------------------------------------------------- 
23:18:28.968 INFO  Minecraft: Guild > [VIP] friendly_rook [M]: gg 
23:18:31.279 INFO  Minecraft: Guild > [VIP] Redbeam747 [M]: gg 
23:19:08.282 INFO  Minecraft: Guild > [VIP] friendly_rook [M]: lmao mhb of 1.4mil 
23:19:09.279 INFO  Minecraft: Guild > Hercules_RB joined. 
23:20:18.538 INFO  Minecraft: Guild > FabledLivid joined. 
23:21:29.192 INFO  Minecraft: Guild > [VIP] friendly_rook [M]: i must be the top 10 gexp member 
23:24:55.777 INFO  Minecraft: Guild > [VIP] FabledLivid [M]: ur not on it lol 
23:25:02.222 INFO  Minecraft: Guild > DeformedSeal joined. 
23:25:02.841 INFO  Minecraft: Guild > [VIP] FabledLivid [M]: wait yah u are 
23:25:08.995 INFO  Minecraft: Guild > [VIP] FabledLivid [M]: IM BLIND AF 
23:25:45.821 INFO  Minecraft: Guild > [VIP+] OLYforever [M]: when you want black storm but u can only afford /armorcolor ;-; 
23:26:02.685 INFO  Minecraft: Guild > [VIP] FabledLivid [M]: when you want juju bow but you can only afford runnans 
23:26:14.125 INFO  Minecraft: Guild > [VIP] FabledLivid [M]: ;-; 
23:26:30.269 INFO  Minecraft: Guild > [VIP] FabledLivid [M]: ... 
23:26:44.763 INFO  Minecraft: Guild > [VIP+] OLYforever [M]: you could save up 
23:26:47.907 INFO  Minecraft: Guild > [VIP+] OLYforever [M]: and sell ur axe 
23:26:49.092 INFO  Minecraft: Guild > [VIP] FabledLivid [M]: i mean 
23:26:50.390 INFO  Minecraft: Guild > [VIP] friendly_rook [M]: i dont know if it worth it 
23:26:50.956 INFO  Minecraft: Guild > [VIP+] OLYforever [M]: for juju 
23:26:54.098 INFO  Minecraft: Guild > [VIP] FabledLivid [M]: my axe is worth 50m 
23:26:54.995 INFO  Minecraft: Guild > [VIP] FabledLivid [M]: .-. 
23:26:57.752 INFO  Minecraft: Guild > [VIP+] OLYforever [M]: its def worth it rn 
23:26:57.966 INFO  Minecraft: Guild > [VIP] FabledLivid [M]: juju worth 
23:27:03.027 INFO  Minecraft: Guild > [VIP] FabledLivid [M]: i want to f7 frag run 
23:27:09.557 INFO  Minecraft: Guild > [VIP] friendly_rook [M]: i think the price can drop 
23:27:13.498 INFO  Minecraft: Guild > [VIP] FabledLivid [M]: i wish 
23:27:15.134 INFO  Minecraft: Guild > [VIP+] OLYforever [M]: ur axe is about 60m 
23:27:36.266 INFO  Minecraft: Guild > [VIP+] OLYforever [M]: lowest bin rn is 59m 
23:27:40.665 INFO  Minecraft: Guild > [VIP] friendly_rook [M]: and who will use mana steal 
23:27:48.247 INFO  Minecraft: Guild > [VIP] FabledLivid [M]: ah 
23:27:54.625 INFO  Minecraft: Guild > [VIP] FabledLivid [M]: herm 
23:27:58.349 INFO  Minecraft: Guild > [VIP] FabledLivid [M]: IF 
23:28:02.288 INFO  Minecraft: Guild > [VIP] FabledLivid [M]: i sell yeti and axe 
23:28:05.028 INFO  Minecraft: Guild > [VIP] FabledLivid [M]: i can aford it 
23:28:08.999 INFO  Minecraft: Guild > [VIP+] OLYforever [M]: you could do that 
23:28:13.818 INFO  Minecraft: Guild > [VIP+] OLYforever [M]: and get wither skele 
23:28:20.818 INFO  Minecraft: Guild > [VIP] FabledLivid [M]: yeah lbin is 87.5m 
23:28:28.510 INFO  Minecraft: Guild > [VIP] FabledLivid [M]: i can def afoord if i sell yeti and axe 
23:28:42.944 INFO  Minecraft: Guild > [VIP+] OLYforever [M]: and u can afford a high lvl witherskeleton too 
23:28:49.709 INFO  Minecraft: Guild > [VIP] FabledLivid [M]: yeah 
23:28:51.283 INFO  Minecraft: Guild > [VIP] FabledLivid [M]: imma do it 
23:28:54.111 INFO  Minecraft: Guild > [VIP] FabledLivid [M]: screw this 
23:29:03.357 INFO  Minecraft: Guild > [VIP+] OLYforever [M]: archer moment 
23:29:09.906 INFO  Minecraft: Guild > [VIP] FabledLivid [M]: im diehard archer 
23:29:12.608 INFO  Minecraft: Guild > [VIP] FabledLivid [M]: i miss bones 
23:29:18.660 INFO  Minecraft: Guild > [VIP+] OLYforever [M]: same same 
23:29:26.467 INFO  Minecraft: Guild > [VIP+] OLYforever [M]: i was going for archer on my other profile 
23:29:32.879 INFO  Minecraft: Guild > [VIP] FabledLivid [M]: hmm 
23:29:33.205 INFO  Minecraft: Guild > [VIP+] OLYforever [M]: but then they killed my boi 
23:29:37.771 INFO  Minecraft: Guild > [VIP] FabledLivid [M]: my axe is abt 60.5m 
23:29:45.826 INFO  Minecraft: Guild > [VIP] FabledLivid [M]: Art Of War GO BRRRRRRRR 
23:30:00.607 INFO  Minecraft: Guild > [VIP] FabledLivid [M]: OOF 
23:30:05.674 INFO  Minecraft: Guild > [VIP] FabledLivid [M]: 600k ah fee 
23:30:06.632 INFO  Minecraft: Guild > [VIP] FabledLivid [M]: ouch 
23:30:09.108 INFO  Minecraft: Guild > [VIP+] OLYforever [M]: also you can gve it to me to star it no collat ;) 
23:30:15.475 INFO  Minecraft: Guild > [VIP] FabledLivid [M]: n o tanks 
23:30:43.266 INFO  Minecraft: Guild > [VIP+] OLYforever [M]: ./ah fabledlivid for poggers axe 
23:30:48.382 INFO  Minecraft: Guild > [VIP] FabledLivid [M]: yes 
23:31:12.768 INFO  Discord: [💬→︱guild-chat] Member | EggSeal: uh 
23:31:13.014 INFO  Minecraft: Guild > Minikloons [LS]: Member| EggSeal» uh 
23:31:20.104 INFO  Discord: [💬→︱guild-chat] Member | EggSeal: im getting a weird message in chat 
23:31:20.352 INFO  Minecraft: Guild > Minikloons [LS]: Member| EggSeal» im getting a weird message in chat 
23:31:22.686 INFO  Minecraft: Guild > [VIP] FabledLivid [M]: .. 
23:31:24.682 INFO  Minecraft: Guild > [VIP] FabledLivid [M]: nvm 
23:31:26.550 INFO  Minecraft: Guild > [VIP] FabledLivid [M]: im good no 
23:31:27.628 INFO  Minecraft: Guild > [VIP] FabledLivid [M]: now 
23:31:34.069 INFO  Minecraft: Guild > [VIP] FabledLivid [M]: hypermaxed lol 
23:31:38.130 INFO  Minecraft: Guild > [VIP+] OLYforever [M]: 24m ? 
23:31:45.677 INFO  Minecraft: Guild > [VIP] FabledLivid [M]: p o g 
23:31:46.757 INFO  Minecraft: Guild > [VIP+] OLYforever [M]: cuz level? 
23:31:48.303 INFO  Minecraft: Guild > [VIP] FabledLivid [M]: both sold 
23:31:52.548 INFO  Minecraft: Guild > [VIP] FabledLivid [M]: INSTANTLY 
23:31:54.854 INFO  Minecraft: Guild > [VIP] FabledLivid [M]: it just sold 
23:31:55.064 INFO  Minecraft: Guild > [VIP+] OLYforever [M]: nice 
23:31:56.531 INFO  Minecraft: Guild > [VIP] FabledLivid [M]: lets goooo 
23:31:57.760 INFO  Minecraft: Guild > [VIP+] OLYforever [M]: whos byer 
23:32:02.206 INFO  Minecraft: Guild > [VIP+] OLYforever [M]: buyer* 
23:32:02.842 INFO  Minecraft: Guild > [VIP] FabledLivid [M]: pog dog 
23:32:08.270 INFO  Minecraft: Guild > [VIP] FabledLivid [M]: omegalolll 
23:32:24.357 INFO  Minecraft: Guild > [VIP+] OLYforever [M]: who bought it 
23:32:31.882 INFO  Minecraft: Guild > [VIP] FabledLivid [M]: calvinv4 
23:32:35.019 INFO  Minecraft: Guild > [VIP] FabledLivid [M]: my axe 
23:32:47.161 INFO  Minecraft: Guild > [VIP] FabledLivid [M]: eg irl19 my yeti 
23:32:47.482 INFO  Minecraft: Guild > [VIP] friendly_rook [M]: give him 60milcoins 
23:32:48.431 INFO  Minecraft: Guild > [VIP] FabledLivid [M]: .-. 
23:32:49.994 INFO  Minecraft: Guild > [VIP] FabledLivid [M]: n o 
23:32:52.620 INFO  Minecraft: Guild > [VIP] FabledLivid [M]: my money 
23:33:13.229 INFO  Minecraft: Guild > [VIP+] OLYforever [M]: he has a juju bow too 
23:33:19.225 INFO  Minecraft: Guild > [VIP] FabledLivid [M]: im a dumbfuck 
23:33:26.940 INFO  Minecraft: Guild > [VIP] FabledLivid [M]: i dont have ender slayer 3 
23:33:29.817 INFO  Minecraft: Guild > [VIP] FabledLivid [M]: .-. 
23:33:30.086 INFO  Minecraft: Guild > [VIP+] OLYforever [M]: watch it get nerfed immediatelly after u buy it 
23:33:32.654 INFO  Minecraft: Guild > [VIP+] OLYforever [M]: you dont need it 
23:33:37.227 INFO  Minecraft: Guild > [VIP+] OLYforever [M]: in dungeons 
23:33:37.405 INFO  Minecraft: Guild > [VIP] FabledLivid [M]: pepega moments 
23:33:42.589 INFO  Minecraft: Guild > [VIP] FabledLivid [M]: p o g 
23:33:46.384 INFO  Minecraft: Guild > [VIP+] OLYforever [M]: in dungeons you dont need slayer reqs 
23:33:52.043 INFO  Minecraft: Guild > [VIP] FabledLivid [M]: ight gg 
23:33:54.411 INFO  Minecraft: Guild > [VIP+] OLYforever [M]: if its starred 
23:34:25.736 INFO  Minecraft: Guild > [VIP+] OLYforever [M]: lets go run some floor 0 with that 
23:34:27.778 INFO  Minecraft: Guild > [VIP] FabledLivid [M]: check my ah 500k flip 
23:34:28.775 INFO  Minecraft: Guild > [VIP+] OLYforever [M]: not overkill at all 
23:35:13.001 INFO  Minecraft: Guild > friendly_rook left. 
23:35:17.362 INFO  Minecraft: Guild > friendly_rook joined. 
23:35:52.383 INFO  Minecraft: Guild > [VIP] Redbeam747 [M]: Please gift me non rank pls plspsl i need because my dog ran away to a butterfly farm!1!!!!111 
23:35:54.320 INFO  Minecraft: Guild > [VIP] FabledLivid [M]: dammm 
23:36:06.139 INFO  Minecraft: Guild > [VIP] FabledLivid [M]: bru why are maxed necron heads 8m rn 
23:36:07.313 INFO  Minecraft: Guild > [VIP] FabledLivid [M]: tg 
23:36:11.589 INFO  Minecraft: Guild > [VIP] FabledLivid [M]: 1m flip tho on my ah 
23:36:25.830 INFO  Minecraft: Guild > DeformedSeal left. 
23:36:54.358 INFO  Minecraft: Guild > [VIP+] OLYforever [M]: u wanna buy dia necron head? 
23:36:56.896 INFO  Minecraft: Guild > [VIP] FabledLivid [M]: ? 
23:38:49.761 INFO  Minecraft: Guild > DeformedSeal joined. 
23:39:11.416 INFO  Minecraft: Guild > [VIP+] OLYforever [M]: you shouldve auctioned the axe tho 
23:39:16.605 INFO  Minecraft: Guild > [VIP+] OLYforever [M]: someone may have overpayed 
23:41:28.199 INFO  Minecraft: Guild > OLYforever left. 
23:42:35.951 INFO  Minecraft: Guild > [VIP] friendly_rook [M]: what can tank t2 
23:42:40.693 INFO  Minecraft: Guild > [VIP] friendly_rook [M]: enderman 
23:43:43.238 INFO  Minecraft: Guild > [VIP] FabledLivid [M]: geez dude some man treid to coop scam me 
23:43:54.690 INFO  Minecraft: Guild > [VIP] friendly_rook [M]: so what armour for t2 
23:45:11.008 INFO  Minecraft: Guild > [VIP] FabledLivid [M]: i did it 
23:45:11.062 INFO  Minecraft: Guild > [VIP] friendly_rook [M]: can i ice spray enderman? 
23:45:15.386 INFO  Minecraft: Guild > [VIP] FabledLivid [M]: i bought the juju bow 
23:46:29.463 INFO  Minecraft: Guild > [VIP] FabledLivid [M]: guys wat reforge for juju 
23:49:21.256 INFO  Minecraft: Guild > [VIP] friendly_rook [M]: you do t1 or t2 
23:49:30.050 INFO  Minecraft: Guild > [VIP] friendly_rook [M]: fabledlivid 
23:54:38.688 INFO  Minecraft: Guild > FabledLivid left. 
23:58:27.774 INFO  Discord: [💬→︱guild-chat] Member | EggSeal: i got JUJU BOW 
23:58:28.653 INFO  Minecraft: Guild > Minikloons [LS]: Member| EggSeal» i got JUJU BOW 
23:58:33.722 INFO  Discord: [💬→︱guild-chat] Member | EggSeal: t1 lol 
23:58:34.058 INFO  Minecraft: Guild > Minikloons [LS]: Member| EggSeal» t1 lol 
23:58:36.977 INFO  Discord: [💬→︱guild-chat] Member | EggSeal: i can do t2 
23:58:37.263 INFO  Minecraft: Guild > Minikloons [LS]: Member| EggSeal» i can do t2 
23:58:39.431 INFO  Discord: [💬→︱guild-chat] Member | EggSeal: cant* 
23:58:39.693 INFO  Minecraft: Guild > Minikloons [LS]: Member| EggSeal» cant* 
23:58:44.467 INFO  Minecraft: [Important] This server will restart soon: Scheduled Reboot 
23:58:44.473 INFO  Minecraft: You have 60 seconds to warp out! CLICK to warp now! 
23:58:51.819 INFO  Minecraft: Guild > 3ctooo joined. 
23:59:42.863 INFO  Minecraft: Sending to server mini210T... 
23:59:42.880 INFO  Minecraft: Evacuating to Hub... 
23:59:42.983 INFO  Logged in. 
23:59:43.467 INFO  Minecraft:         
23:59:48.002 INFO  Sending to skyblock. 
23:59:48.414 INFO  Minecraft: You are playing on profile: Zucchini (Co-op) 
23:59:49.285 INFO  Minecraft: You are already playing SkyBlock! 
23:59:53.342 INFO  Minecraft: Warping you to your SkyBlock island... 
23:59:54.091 INFO  Minecraft: Sending to server mini448D... 
23:59:54.158 INFO  Logged in. 
23:59:54.995 INFO  Minecraft:         
23:59:57.970 INFO  Minecraft: You are playing on profile: Zucchini (Co-op) 
23:59:59.161 INFO  Sending to skyblock. 
23:59:59.417 INFO  Minecraft: You are already playing SkyBlock! 
00:00:04.115 INFO  Minecraft:  
00:00:04.118 INFO  Minecraft: [WATCHDOG ANNOUNCEMENT] 
00:00:04.119 INFO  Minecraft: Watchdog has banned 28,792 players in the last 7 days. 
00:00:04.120 INFO  Minecraft: Staff have banned an additional 17,175 in the last 7 days. 
00:00:04.121 INFO  Minecraft: Blacklisted modifications are a bannable offense! 
00:00:04.122 INFO  Minecraft:  
00:00:04.471 INFO  Minecraft: You're already sitting on this island! 

