08:18:29.949 INFO  Minecraft: [Mystery Box] Loudbook is opening a Mystery Box! 
08:18:35.941 INFO  Minecraft: [Mystery Box] Loudbook found a Common England Hat! 
08:21:41.408 INFO  Minecraft: [Lower Staff] Loudbook: HuFIWEF[]EF 
08:21:43.840 INFO  Minecraft: [Lower Staff] Loudbook: picfhugasflho 
08:21:47.128 INFO  Minecraft: [Lower Staff] Loudbook: tGFUABWFLASGYVFWKLM:A"} 
13:13:46.597 INFO  Minecraft: iHall0wed: sup 
13:14:37.385 INFO  Minecraft: [Mystery Box] iHall0wed is opening a Mystery Box! 
13:14:43.344 INFO  Minecraft: [Mystery Box] iHall0wed found a Common Bird Hat! 
15:07:12.081 INFO  Logging in. 
15:07:14.544 INFO  Discord: Logged in. 
15:07:32.026 INFO  Logging in. 
15:07:34.463 INFO  Discord: Logged in. 
15:07:37.073 INFO  Logged in. 
15:07:37.274 INFO  Minecraft: Welcome, [Member] Minikloons, to TheGodsMC Network! 
15:07:37.281 INFO  Minecraft: Type /servers for range of gamemodes. 
15:07:37.285 INFO  Minecraft: Type /glist to see who else is online. 
15:07:37.289 INFO  Minecraft: Players online: 3 - World time: 5:43 AM 
15:07:37.427 INFO  Minecraft: ------------------------------------------------- 
15:07:37.438 INFO  Minecraft: Vote for TheGodsMC daily for in-game rewards and extras! 
15:07:37.445 INFO  Minecraft: ------------------------------------------------- 
15:07:39.088 INFO  Sending to skyblock. 
15:07:43.634 INFO  Minecraft: Unknown command. 
15:10:10.260 INFO  Minecraft: [TheGodsMC] You dont have permission to execute this command! 
15:10:35.301 INFO  Minecraft: [me -> [Owner] Miner_0127] ass 
15:10:59.882 INFO  Minecraft: [Miner_0127 (hub-1) -> me] hey same  
15:11:07.144 INFO  Minecraft: [me -> Miner_0127 (hub-1)] ass  
15:11:07.460 INFO  Minecraft: [me -> Miner_0127 (hub-1)] ass  
15:11:07.790 INFO  Minecraft: [me -> Miner_0127 (hub-1)] ass  
15:11:08.161 INFO  Minecraft: [me -> Miner_0127 (hub-1)] ass  
15:11:08.458 INFO  Minecraft: [me -> Miner_0127 (hub-1)] ass  
15:11:21.037 INFO  Minecraft: [me -> Miner_0127 (hub-1)] ass  
15:11:21.390 INFO  Minecraft: [me -> Miner_0127 (hub-1)] ass  
15:11:21.747 INFO  Minecraft: [me -> Miner_0127 (hub-1)] ass  
15:11:22.030 INFO  Minecraft: [me -> Miner_0127 (hub-1)] ass  
15:11:22.556 INFO  Minecraft: [me -> Miner_0127 (hub-1)] ass  
15:11:23.000 INFO  Minecraft: [me -> Miner_0127 (hub-1)] ass  
15:11:23.314 INFO  Minecraft: [me -> Miner_0127 (hub-1)] ass  
15:11:50.233 INFO  Logging in. 
15:11:52.615 INFO  Discord: Logged in. 
15:11:53.663 INFO  Logged in. 
15:11:53.799 INFO  Minecraft: You've found a hidden MYSTERY BOX! 
15:11:55.784 INFO  Sending to skyblock. 
15:11:59.789 INFO  Minecraft: Unknown command. Type "/help" for help. 
15:11:59.851 INFO  Minecraft: Unknown command. Type "/help" for help. 

