00:29:33.506 INFO  Minecraft: Guild > FearTheVillain3 joined. 
01:09:38.459 INFO  Minecraft: Guild > FearTheVillain3 left. 
01:10:54.812 INFO  Minecraft: Guild > FearTheVillain3 joined. 
01:12:30.010 INFO  Minecraft: Guild > FearTheVillain3 left. 
01:16:50.466 INFO  Minecraft: Guild > FearTheVillain3 joined. 
01:40:44.055 INFO  Minecraft: Guild > FearTheVillain3 left. 
01:55:53.111 INFO  Minecraft: Guild > FearTheVillain3 joined. 
02:00:02.634 INFO  Minecraft:  
02:00:02.636 INFO  Minecraft: [WATCHDOG ANNOUNCEMENT] 
02:00:02.637 INFO  Minecraft: Watchdog has banned 34,892 players in the last 7 days. 
02:00:02.638 INFO  Minecraft: Staff have banned an additional 15,155 in the last 7 days. 
02:00:02.639 INFO  Minecraft: Blacklisted modifications are a bannable offense! 
02:00:02.639 INFO  Minecraft:  
02:04:53.338 INFO  Minecraft: Friend > SnowedSeal joined. 
02:41:54.184 INFO  Minecraft: Guild > FearTheVillain3 left. 
04:00:03.049 INFO  Minecraft:  
04:00:03.057 INFO  Minecraft: [WATCHDOG ANNOUNCEMENT] 
04:00:03.058 INFO  Minecraft: Watchdog has banned 35,227 players in the last 7 days. 
04:00:03.058 INFO  Minecraft: Staff have banned an additional 15,032 in the last 7 days. 
04:00:03.059 INFO  Minecraft: Blacklisted modifications are a bannable offense! 
04:00:03.059 INFO  Minecraft:  
05:49:12.243 INFO  Minecraft: Guild > FearTheVillain3 joined. 
06:00:04.362 INFO  Minecraft:  
06:00:04.366 INFO  Minecraft: [WATCHDOG ANNOUNCEMENT] 
06:00:04.381 INFO  Minecraft: Watchdog has banned 35,154 players in the last 7 days. 
06:00:04.382 INFO  Minecraft: Staff have banned an additional 14,934 in the last 7 days. 
06:00:04.382 INFO  Minecraft: Blacklisted modifications are a bannable offense! 
06:00:04.383 INFO  Minecraft:  
06:12:54.551 INFO  Minecraft: Guild > FearTheVillain3 left. 
07:29:01.084 INFO  Minecraft: Friend > SnowedSeal left. 
08:00:04.554 INFO  Minecraft:  
08:00:04.567 INFO  Minecraft: [WATCHDOG ANNOUNCEMENT] 
08:00:04.568 INFO  Minecraft: Watchdog has banned 35,467 players in the last 7 days. 
08:00:04.569 INFO  Minecraft: Staff have banned an additional 14,781 in the last 7 days. 
08:00:04.570 INFO  Minecraft: Blacklisted modifications are a bannable offense! 
08:00:04.571 INFO  Minecraft:  
08:14:59.981 INFO  Minecraft: Guild > OwOWolfs joined. 
08:21:23.512 INFO  Minecraft: Guild > Reexiss joined. 
08:49:18.054 INFO  Minecraft: Guild > Reexiss left. 
08:49:18.800 INFO  Minecraft: Guild > Reexiss joined. 
09:02:29.690 INFO  Minecraft: Guild > FearTheVillain3 joined. 
09:03:55.937 INFO  Minecraft: Friend > IdlyChiqken joined. 
09:46:52.016 INFO  Minecraft: Friend > SnowedSeal joined. 
09:58:07.968 INFO  Minecraft: Guild > FearTheVillain3 left. 
10:00:04.782 INFO  Minecraft:  
10:00:04.785 INFO  Minecraft: [WATCHDOG ANNOUNCEMENT] 
10:00:04.786 INFO  Minecraft: Watchdog has banned 35,389 players in the last 7 days. 
10:00:04.786 INFO  Minecraft: Staff have banned an additional 14,693 in the last 7 days. 
10:00:04.787 INFO  Minecraft: Blacklisted modifications are a bannable offense! 
10:00:04.788 INFO  Minecraft:  
10:01:23.862 INFO  Minecraft: Guild > Reexiss left. 
10:41:37.392 INFO  Minecraft: Friend > SnowedSeal left. 
10:54:37.090 INFO  Minecraft: Guild > OwOWolfs left. 
11:17:51.060 INFO  Minecraft: Guild > FearTheVillain3 joined. 
11:47:45.781 INFO  Minecraft: Friend > IdlyChiqken left. 
11:49:54.764 INFO  Minecraft: Friend > IdlyChiqken joined. 
12:00:04.956 INFO  Minecraft:  
12:00:04.959 INFO  Minecraft: [WATCHDOG ANNOUNCEMENT] 
12:00:04.960 INFO  Minecraft: Watchdog has banned 35,172 players in the last 7 days. 
12:00:04.960 INFO  Minecraft: Staff have banned an additional 14,680 in the last 7 days. 
12:00:04.961 INFO  Minecraft: Blacklisted modifications are a bannable offense! 
12:00:04.962 INFO  Minecraft:  
12:02:35.551 INFO  Minecraft: Guild > FearTheVillain3 left. 
12:17:48.520 INFO  Minecraft: Friend > IdlyChiqken left. 
12:17:50.428 INFO  Minecraft: Friend > IdlyChiqken joined. 
12:21:44.245 INFO  Minecraft: Guild > FearTheVillain3 joined. 
13:32:12.314 INFO  Minecraft: Friend > IdlyChiqken left. 
13:59:31.915 INFO  Minecraft: Friend > IdlyChiqken joined. 
14:00:05.152 INFO  Minecraft:  
14:00:05.154 INFO  Minecraft: [WATCHDOG ANNOUNCEMENT] 
14:00:05.176 INFO  Minecraft: Watchdog has banned 35,146 players in the last 7 days. 
14:00:05.177 INFO  Minecraft: Staff have banned an additional 14,616 in the last 7 days. 
14:00:05.178 INFO  Minecraft: Blacklisted modifications are a bannable offense! 
14:00:05.178 INFO  Minecraft:  
14:31:26.663 INFO  Minecraft: [Important] This server will restart soon: Scheduled Reboot 
14:31:26.673 INFO  Minecraft: You have 60 seconds to warp out! CLICK to warp now! 
14:32:24.731 INFO  Minecraft: Evacuating to Hub... 
14:32:24.821 INFO  Minecraft: Sending to server mini72D... 
14:32:24.930 INFO  Logged in. 
14:32:25.411 INFO  Minecraft:         
14:32:28.632 INFO  Minecraft: You are playing on profile: Zucchini (Co-op) 
14:32:29.310 INFO  Minecraft: ALLOWANCE! You earned 50,000 coins! 
14:32:29.930 INFO  Sending to skyblock. 
14:32:30.178 INFO  Minecraft: You are already playing SkyBlock! 
14:32:32.434 INFO  Minecraft: [MVP+] Aoxyn: not much tho 
14:32:35.267 INFO  Minecraft: Warping you to your SkyBlock island... 
14:32:35.524 INFO  Minecraft: Sending to server mini889D... 
14:32:35.688 INFO  Logged in. 
14:32:36.072 INFO  Minecraft:         
14:32:39.049 INFO  Minecraft: You are playing on profile: Zucchini (Co-op) 
14:32:40.690 INFO  Sending to skyblock. 
14:32:40.942 INFO  Minecraft: You are already playing SkyBlock! 
14:32:46.003 INFO  Minecraft: You're already sitting on this island! 
14:51:53.278 INFO  Minecraft: [Important] This server will restart soon: Scheduled Reboot 
14:51:53.282 INFO  Minecraft: You have 60 seconds to warp out! CLICK to warp now! 
14:52:51.396 INFO  Minecraft: Evacuating to Hub... 
14:52:51.434 INFO  Minecraft: Sending to server mini5H... 
14:52:51.518 INFO  Logged in. 
14:52:51.791 INFO  Minecraft:         
14:52:51.972 INFO  Minecraft: [VIP] DaReoDoge: 126 
14:52:52.583 INFO  Minecraft: [VIP] DaReoDoge: hp 
14:52:54.078 INFO  Minecraft: [VIP] DaReoDoge: with ur gear 
14:52:54.904 INFO  Minecraft: You are playing on profile: Zucchini (Co-op) 
14:52:54.924 INFO  Minecraft: [VIP] DaReoDoge: wtf 
14:52:55.627 INFO  Minecraft: [VIP] AreustupidLOL: the helmet later 
14:52:56.519 INFO  Sending to skyblock. 
14:52:56.768 INFO  Minecraft: You are already playing SkyBlock! 
14:53:01.814 INFO  Minecraft: Warping you to your SkyBlock island... 
14:53:02.080 INFO  Minecraft: Sending to server mini13R... 
14:53:02.157 INFO  Logged in. 
14:53:02.382 INFO  Minecraft:         
14:53:05.610 INFO  Minecraft: You are playing on profile: Zucchini (Co-op) 
14:53:07.170 INFO  Sending to skyblock. 
14:53:07.413 INFO  Minecraft: You are already playing SkyBlock! 
14:53:12.497 INFO  Minecraft: You're already sitting on this island! 
14:56:15.576 INFO  Minecraft: Guild > FearTheVillain3 left. 
14:56:16.267 INFO  Minecraft: Guild > FearTheVillain3 joined. 
14:59:51.330 INFO  Minecraft: Guild > FearTheVillain3 left. 
16:00:05.330 INFO  Minecraft:  
16:00:05.338 INFO  Minecraft: [WATCHDOG ANNOUNCEMENT] 
16:00:05.339 INFO  Minecraft: Watchdog has banned 35,141 players in the last 7 days. 
16:00:05.340 INFO  Minecraft: Staff have banned an additional 14,593 in the last 7 days. 
16:00:05.341 INFO  Minecraft: Blacklisted modifications are a bannable offense! 
16:00:05.341 INFO  Minecraft:  
17:19:17.317 INFO  Minecraft: Friend > IdlyChiqken left. 
17:30:33.034 INFO  Minecraft: Friend > IdlyChiqken joined. 
17:36:44.303 INFO  Minecraft: Friend > IdlyChiqken left. 
17:38:03.137 INFO  Minecraft: Friend > IdlyChiqken joined. 
18:00:05.555 INFO  Minecraft:  
18:00:05.567 INFO  Minecraft: [WATCHDOG ANNOUNCEMENT] 
18:00:05.568 INFO  Minecraft: Watchdog has banned 35,137 players in the last 7 days. 
18:00:05.568 INFO  Minecraft: Staff have banned an additional 14,624 in the last 7 days. 
18:00:05.569 INFO  Minecraft: Blacklisted modifications are a bannable offense! 
18:00:05.570 INFO  Minecraft:  
18:13:52.534 INFO  Minecraft: [Important] This server will restart soon: For a game update 
18:13:52.574 INFO  Minecraft: You have 30 seconds to warp out! CLICK to warp now! 
18:14:20.545 INFO  Minecraft: Evacuating to Hub... 
18:14:20.747 INFO  Minecraft: Sending to server mini677U... 
18:14:20.993 INFO  Logged in. 
18:14:21.241 INFO  Minecraft:         
18:14:24.374 INFO  Minecraft: You are playing on profile: Zucchini (Co-op) 
18:14:26.000 INFO  Sending to skyblock. 
18:14:26.249 INFO  Minecraft: You are already playing SkyBlock! 
18:14:31.289 INFO  Minecraft: Warping you to your SkyBlock island... 
18:14:31.642 INFO  Minecraft: Sending to server mini207Q... 
18:14:31.742 INFO  Logged in. 
18:14:31.985 INFO  Minecraft:         
18:14:35.165 INFO  Minecraft: You are playing on profile: Zucchini (Co-op) 
18:14:36.749 INFO  Sending to skyblock. 
18:14:37.015 INFO  Minecraft: You are already playing SkyBlock! 
18:14:42.040 INFO  Minecraft: You're already sitting on this island! 
18:28:12.438 INFO  Minecraft: Friend > IdlyChiqken left. 
18:56:06.739 INFO  Minecraft: Friend > IdlyChiqken joined. 
19:03:49.175 INFO  Minecraft: Guild > BamBoozledMC joined. 
19:05:32.215 INFO  Minecraft: Guild > BamBoozledMC left. 
19:05:37.108 INFO  Minecraft: Guild > BamBoozledMC joined. 
19:05:39.740 INFO  Minecraft: BamBoozledMC joined SkyBlock. 
19:05:51.146 INFO  Minecraft: BamBoozledMC left SkyBlock. 
19:06:55.055 INFO  Minecraft: BamBoozledMC joined SkyBlock. 
19:09:55.408 INFO  Minecraft: You gained 4,096 Mining experience from minions! 
19:09:55.948 INFO  Minecraft: You gained 3,456 Mining experience from minions! 
19:09:56.639 INFO  Minecraft: You gained 4,096 Mining experience from minions! 
19:10:00.511 INFO  Minecraft: You gained 4,096 Mining experience from minions! 
19:10:01.122 INFO  Minecraft: You gained 4,096 Mining experience from minions! 
19:10:01.676 INFO  Minecraft: You gained 3,520 Mining experience from minions! 
19:10:24.269 INFO  Minecraft: You gained 25,600 Mining experience from minions! 
19:10:27.040 INFO  Minecraft: You gained 25,600 Mining experience from minions! 
19:10:30.547 INFO  Minecraft: You gained 15,360 Mining experience from minions! 
19:10:34.815 INFO  Minecraft: You gained 15,360 Mining experience from minions! 
19:10:37.145 INFO  Minecraft: You gained 15,360 Mining experience from minions! 
19:10:44.092 INFO  Minecraft: You gained 1,024 Fishing experience from minions! 
19:10:44.623 INFO  Minecraft: You gained 4,096 Mining experience from minions! 
19:10:45.090 INFO  Minecraft: You gained 1,024 Fishing experience from minions! 
19:10:45.932 INFO  Minecraft: You gained 1,024 Fishing experience from minions! 
19:10:46.471 INFO  Minecraft: You gained 1,024 Fishing experience from minions! 
19:10:46.946 INFO  Minecraft: You gained 1,024 Fishing experience from minions! 
19:10:47.436 INFO  Minecraft: You gained 1,024 Fishing experience from minions! 
19:10:47.892 INFO  Minecraft: You gained 1,024 Fishing experience from minions! 
19:10:48.346 INFO  Minecraft: You gained 1,024 Fishing experience from minions! 
19:10:48.863 INFO  Minecraft: You gained 1,024 Fishing experience from minions! 
19:10:50.196 INFO  Minecraft: You gained 1,024 Fishing experience from minions! 
19:10:50.794 INFO  Minecraft: You gained 1,024 Fishing experience from minions! 
19:10:51.335 INFO  Minecraft: You gained 1,024 Fishing experience from minions! 
19:10:54.047 INFO  Minecraft: You gained 128 Fishing experience from minions! 
19:10:54.548 INFO  Minecraft: You gained 1,216 Mining experience from minions! 
19:10:55.080 INFO  Minecraft: You gained 896 Fishing experience from minions! 
19:10:56.187 INFO  Minecraft: You gained 128 Fishing experience from minions! 
19:11:00.480 INFO  Minecraft: You gained 25.6 Mining experience from minions! 
19:11:00.482 INFO  Minecraft: You gained 15.2 Mining experience from minions! 
19:11:00.482 INFO  Minecraft: You gained 0.4 Fishing experience from minions! 
19:11:00.483 INFO  Minecraft: You gained 13.6 Mining experience from minions! 
19:11:00.484 INFO  Minecraft: You gained 4 Fishing experience from minions! 
19:11:03.069 INFO  Minecraft: You gained 1,024 Fishing experience from minions! 
19:11:03.071 INFO  Minecraft: You gained 4,096 Mining experience from minions! 
19:11:03.071 INFO  Minecraft: You gained 1,024 Fishing experience from minions! 
19:11:03.072 INFO  Minecraft: You gained 1,024 Fishing experience from minions! 
19:11:03.073 INFO  Minecraft: You gained 1,024 Fishing experience from minions! 
19:11:03.074 INFO  Minecraft: You gained 1,024 Fishing experience from minions! 
19:11:03.074 INFO  Minecraft: You gained 1,024 Fishing experience from minions! 
19:11:03.075 INFO  Minecraft: You gained 1,024 Fishing experience from minions! 
19:11:03.076 INFO  Minecraft: You gained 1,024 Fishing experience from minions! 
19:11:03.076 INFO  Minecraft: You gained 1,024 Fishing experience from minions! 
19:11:03.077 INFO  Minecraft: You gained 896 Fishing experience from minions! 
19:11:03.078 INFO  Minecraft: You gained 1,280 Mining experience from minions! 
19:11:03.079 INFO  Minecraft: You gained 25.6 Mining experience from minions! 
19:11:03.079 INFO  Minecraft: You gained 6.4 Fishing experience from minions! 
19:11:03.081 INFO  Minecraft: You gained 7.6 Mining experience from minions! 
19:11:03.081 INFO  Minecraft: You gained 6 Fishing experience from minions! 
19:11:48.130 INFO  Minecraft: BamBoozledMC joined SkyBlock. 
19:15:55.225 INFO  Minecraft: You gained 128 Fishing experience from minions! 
19:15:55.228 INFO  Minecraft: You gained 1,024 Fishing experience from minions! 
19:15:55.230 INFO  Minecraft: You gained 4.4 Fishing experience from minions! 
19:15:55.233 INFO  Minecraft: You gained 0.4 Mining experience from minions! 
19:15:55.234 INFO  Minecraft: You gained 1,024 Fishing experience from minions! 
19:15:55.235 INFO  Minecraft: You gained 1,024 Fishing experience from minions! 
19:15:55.236 INFO  Minecraft: You gained 112 Fishing experience from minions! 
19:15:55.249 INFO  Minecraft: You gained 0.4 Fishing experience from minions! 
19:16:52.410 INFO  Minecraft: You gained 4,096 Mining experience from minions! 
19:16:52.974 INFO  Minecraft: You gained 3,840 Mining experience from minions! 
19:16:53.461 INFO  Minecraft: You gained 4,096 Mining experience from minions! 
19:16:54.080 INFO  Minecraft: You gained 1,024 Mining experience from minions! 
19:16:55.608 INFO  Minecraft: You gained 25.6 Mining experience from minions! 
19:16:55.609 INFO  Minecraft: You gained 6.4 Mining experience from minions! 
19:16:55.610 INFO  Minecraft: You gained 6.4 Mining experience from minions! 
19:16:55.611 INFO  Minecraft: You gained 6.4 Mining experience from minions! 
19:16:55.612 INFO  Minecraft: You gained 6.4 Mining experience from minions! 
19:16:55.612 INFO  Minecraft: You gained 25.6 Mining experience from minions! 
19:16:55.647 INFO  Minecraft: You gained 6.4 Mining experience from minions! 
19:16:55.648 INFO  Minecraft: You gained 6.4 Mining experience from minions! 
19:16:55.649 INFO  Minecraft: You gained 6.4 Mining experience from minions! 
19:16:55.650 INFO  Minecraft: You gained 3.2 Mining experience from minions! 
19:16:55.651 INFO  Minecraft: You gained 0.4 Mining experience from minions! 
19:17:25.400 INFO  Minecraft: You gained 4,096 Mining experience from minions! 
19:17:25.401 INFO  Minecraft: You gained 3,904 Mining experience from minions! 
19:17:25.402 INFO  Minecraft: You gained 4,096 Mining experience from minions! 
19:17:25.403 INFO  Minecraft: You gained 1,024 Mining experience from minions! 
19:17:25.403 INFO  Minecraft: You gained 25.6 Mining experience from minions! 
19:17:25.404 INFO  Minecraft: You gained 6.4 Mining experience from minions! 
19:17:25.405 INFO  Minecraft: You gained 6.4 Mining experience from minions! 
19:17:25.406 INFO  Minecraft: You gained 25.6 Mining experience from minions! 
19:17:25.407 INFO  Minecraft: You gained 6.4 Mining experience from minions! 
19:17:25.407 INFO  Minecraft: You gained 6.4 Mining experience from minions! 
19:17:25.408 INFO  Minecraft: You gained 6.4 Mining experience from minions! 
19:17:25.409 INFO  Minecraft: You gained 6.4 Mining experience from minions! 
19:17:25.409 INFO  Minecraft: You gained 0.4 Mining experience from minions! 
19:17:25.984 INFO  Minecraft: You gained 6.4 Mining experience from minions! 
19:17:25.985 INFO  Minecraft: You gained 6.4 Mining experience from minions! 
19:17:25.986 INFO  Minecraft: You gained 6.4 Mining experience from minions! 
19:17:25.987 INFO  Minecraft: You gained 0.8 Mining experience from minions! 
19:17:28.653 INFO  Minecraft: You gained 4,096 Mining experience from minions! 
19:17:28.655 INFO  Minecraft: You gained 3,904 Mining experience from minions! 
19:17:28.655 INFO  Minecraft: You gained 4,096 Mining experience from minions! 
19:17:28.656 INFO  Minecraft: You gained 1,088 Mining experience from minions! 
19:17:28.657 INFO  Minecraft: You gained 25.6 Mining experience from minions! 
19:17:28.657 INFO  Minecraft: You gained 6.4 Mining experience from minions! 
19:17:28.674 INFO  Minecraft: You gained 6.4 Mining experience from minions! 
19:17:28.675 INFO  Minecraft: You gained 6.4 Mining experience from minions! 
19:17:28.675 INFO  Minecraft: You gained 6.4 Mining experience from minions! 
19:17:28.676 INFO  Minecraft: You gained 3.2 Mining experience from minions! 
19:17:28.677 INFO  Minecraft: You gained 25.6 Mining experience from minions! 
19:17:29.158 INFO  Minecraft: You gained 3.2 Mining experience from minions! 
19:17:29.159 INFO  Minecraft: You gained 6.4 Mining experience from minions! 
19:17:29.160 INFO  Minecraft: You gained 6.4 Mining experience from minions! 
19:17:29.161 INFO  Minecraft: You gained 6.4 Mining experience from minions! 
19:17:29.162 INFO  Minecraft: You gained 4.8 Mining experience from minions! 
19:17:29.739 INFO  Minecraft: You gained 1.6 Mining experience from minions! 
19:17:29.741 INFO  Minecraft: You gained 0.8 Mining experience from minions! 
19:17:32.548 INFO  Minecraft: You gained 4,096 Mining experience from minions! 
19:17:32.550 INFO  Minecraft: You gained 3,904 Mining experience from minions! 
19:17:32.551 INFO  Minecraft: You gained 4,096 Mining experience from minions! 
19:17:32.552 INFO  Minecraft: You gained 1,024 Mining experience from minions! 
19:17:32.552 INFO  Minecraft: You gained 25.6 Mining experience from minions! 
19:17:32.553 INFO  Minecraft: You gained 6.4 Mining experience from minions! 
19:17:32.554 INFO  Minecraft: You gained 6.4 Mining experience from minions! 
19:17:32.554 INFO  Minecraft: You gained 6.4 Mining experience from minions! 
19:17:32.555 INFO  Minecraft: You gained 25.6 Mining experience from minions! 
19:17:32.556 INFO  Minecraft: You gained 0.4 Mining experience from minions! 
19:17:33.032 INFO  Minecraft: You gained 6.4 Mining experience from minions! 
19:17:33.034 INFO  Minecraft: You gained 6.4 Mining experience from minions! 
19:17:33.035 INFO  Minecraft: You gained 4.8 Mining experience from minions! 
19:17:33.430 INFO  Minecraft: You gained 1.6 Mining experience from minions! 
19:17:33.431 INFO  Minecraft: You gained 6.4 Mining experience from minions! 
19:17:33.432 INFO  Minecraft: You gained 6.4 Mining experience from minions! 
19:17:33.432 INFO  Minecraft: You gained 3.2 Mining experience from minions! 
19:17:33.933 INFO  Minecraft: You gained 3.2 Mining experience from minions! 
19:17:33.935 INFO  Minecraft: You gained 0.8 Mining experience from minions! 
19:17:38.904 INFO  Minecraft: You gained 4,096 Mining experience from minions! 
19:17:38.905 INFO  Minecraft: You gained 3,840 Mining experience from minions! 
19:17:38.906 INFO  Minecraft: You gained 4,096 Mining experience from minions! 
19:17:38.907 INFO  Minecraft: You gained 1,024 Mining experience from minions! 
19:17:38.908 INFO  Minecraft: You gained 25.6 Mining experience from minions! 
19:17:38.909 INFO  Minecraft: You gained 6.4 Mining experience from minions! 
19:17:38.910 INFO  Minecraft: You gained 4.8 Mining experience from minions! 
19:17:38.910 INFO  Minecraft: You gained 25.6 Mining experience from minions! 
19:17:38.911 INFO  Minecraft: You gained 0.4 Mining experience from minions! 
19:17:39.351 INFO  Minecraft: You gained 6.4 Mining experience from minions! 
19:17:39.391 INFO  Minecraft: You gained 3.2 Mining experience from minions! 
19:17:39.854 INFO  Minecraft: You gained 3.2 Mining experience from minions! 
19:17:39.855 INFO  Minecraft: You gained 6.4 Mining experience from minions! 
19:17:40.449 INFO  Minecraft: You gained 6.4 Mining experience from minions! 
19:17:40.451 INFO  Minecraft: You gained 3.2 Mining experience from minions! 
19:17:40.932 INFO  Minecraft: You gained 3.2 Mining experience from minions! 
19:17:40.934 INFO  Minecraft: You gained 4.8 Mining experience from minions! 
19:17:41.329 INFO  Minecraft: You gained 1.6 Mining experience from minions! 
19:17:41.330 INFO  Minecraft: You gained 6.4 Mining experience from minions! 
19:17:41.700 INFO  Minecraft: You gained 2 Mining experience from minions! 
19:17:41.702 INFO  Minecraft: You gained 0.4 Mining experience from minions! 
19:17:43.901 INFO  Minecraft: You gained 4,096 Mining experience from minions! 
19:17:43.902 INFO  Minecraft: You gained 3,904 Mining experience from minions! 
19:17:43.904 INFO  Minecraft: ▬▬▬▬▬▬▬▬▬▬▬▬▬▬▬▬▬▬▬▬▬▬▬▬▬▬▬▬▬▬▬▬▬▬▬▬▬▬▬▬▬▬▬▬▬▬▬▬▬▬▬▬▬▬▬▬▬▬▬▬▬▬▬▬ 
19:17:43.906 INFO  Minecraft:   SKILL LEVEL UP Mining XXIV➜XXV 
19:17:43.907 INFO  Minecraft:  
19:17:43.908 INFO  Minecraft:   REWARDS 
19:17:43.909 INFO  Minecraft:     Spelunker XXV 
19:17:43.910 INFO  Minecraft:       Grants +96➜100 ☘ Mining Fortune, 
19:17:43.911 INFO  Minecraft:       which increases your chance for multiple ore 
19:17:43.912 INFO  Minecraft:       drops. 
19:17:43.912 INFO  Minecraft:     +2 ❈ Defense 
19:17:43.913 INFO  Minecraft:     Dragon Horn Reforge 
19:17:43.915 INFO  Minecraft:     Midas Jewel Reforge 
19:17:43.916 INFO  Minecraft:     Giant Tooth Reforge 
19:17:43.917 INFO  Minecraft:     Sadan's Brooch Reforge 
19:17:43.917 INFO  Minecraft:     Blessed Fruit Reforge 
19:17:43.918 INFO  Minecraft:     Refined Amber Reforge 
19:17:43.919 INFO  Minecraft:     Toil Log Reforge 
19:17:43.920 INFO  Minecraft:     Bulky Stone Reforge 
19:17:43.921 INFO  Minecraft:     +3,000 Coins 
19:17:43.921 INFO  Minecraft: ▬▬▬▬▬▬▬▬▬▬▬▬▬▬▬▬▬▬▬▬▬▬▬▬▬▬▬▬▬▬▬▬▬▬▬▬▬▬▬▬▬▬▬▬▬▬▬▬▬▬▬▬▬▬▬▬▬▬▬▬▬▬▬▬ 
19:17:43.922 INFO  Minecraft: a>>   Achievement Unlocked: Excavator V   <<a 
19:17:43.923 INFO  Minecraft: You gained 4,096 Mining experience from minions! 
19:17:43.927 INFO  Minecraft: You gained 1,024 Mining experience from minions! 
19:17:43.932 INFO  Minecraft: You gained 25.6 Mining experience from minions! 
19:17:43.943 INFO  Minecraft: You gained 3.2 Mining experience from minions! 
19:17:43.944 INFO  Minecraft: You gained 25.6 Mining experience from minions! 
19:17:43.944 INFO  Minecraft: You gained 0.4 Mining experience from minions! 
19:17:44.483 INFO  Minecraft: You gained 1.6 Mining experience from minions! 
19:17:44.980 INFO  Minecraft: You gained 1.6 Mining experience from minions! 
19:17:45.465 INFO  Minecraft: You gained 1.6 Mining experience from minions! 
19:17:45.910 INFO  Minecraft: You gained 1.6 Mining experience from minions! 
19:17:49.385 INFO  Minecraft: You gained 1.6 Mining experience from minions! 
19:17:49.387 INFO  Minecraft: You gained 0.4 Mining experience from minions! 
19:17:49.836 INFO  Minecraft: You gained 1.6 Mining experience from minions! 
19:17:50.282 INFO  Minecraft: You gained 1.6 Mining experience from minions! 
19:17:50.674 INFO  Minecraft: You gained 1.6 Mining experience from minions! 
19:17:51.243 INFO  Minecraft: You gained 1.6 Mining experience from minions! 
19:17:51.728 INFO  Minecraft: You gained 1.6 Mining experience from minions! 
19:17:52.161 INFO  Minecraft: You gained 1.6 Mining experience from minions! 
19:17:52.594 INFO  Minecraft: You gained 1.6 Mining experience from minions! 
19:17:52.994 INFO  Minecraft: You gained 1.6 Mining experience from minions! 
19:17:53.418 INFO  Minecraft: You gained 1.6 Mining experience from minions! 
19:17:53.883 INFO  Minecraft: You gained 1.6 Mining experience from minions! 
19:18:08.699 INFO  Minecraft: You gained 6.4 Mining experience from minions! 
19:18:08.701 INFO  Minecraft: You gained 6.4 Mining experience from minions! 
19:18:08.702 INFO  Minecraft: You gained 6.4 Mining experience from minions! 
19:18:08.702 INFO  Minecraft: You gained 1.6 Mining experience from minions! 
19:18:08.703 INFO  Minecraft: You gained 0.4 Mining experience from minions! 
19:18:11.661 INFO  Minecraft: You gained 4,096 Mining experience from minions! 
19:18:11.662 INFO  Minecraft: You gained 3,968 Mining experience from minions! 
19:18:11.663 INFO  Minecraft: You gained 4,096 Mining experience from minions! 
19:18:11.664 INFO  Minecraft: You gained 1,024 Mining experience from minions! 
19:18:11.665 INFO  Minecraft: You gained 25.6 Mining experience from minions! 
19:18:11.666 INFO  Minecraft: You gained 6.4 Mining experience from minions! 
19:18:11.684 INFO  Minecraft: You gained 6.4 Mining experience from minions! 
19:18:11.685 INFO  Minecraft: You gained 1.6 Mining experience from minions! 
19:18:11.686 INFO  Minecraft: You gained 25.6 Mining experience from minions! 
19:18:12.344 INFO  Minecraft: You gained 4.8 Mining experience from minions! 
19:18:12.346 INFO  Minecraft: You gained 6.4 Mining experience from minions! 
19:18:12.347 INFO  Minecraft: You gained 1.6 Mining experience from minions! 
19:18:12.848 INFO  Minecraft: You gained 4.8 Mining experience from minions! 
19:18:12.850 INFO  Minecraft: You gained 6.4 Mining experience from minions! 
19:18:12.851 INFO  Minecraft: You gained 1.6 Mining experience from minions! 
19:18:13.293 INFO  Minecraft: You gained 4.8 Mining experience from minions! 
19:18:13.295 INFO  Minecraft: You gained 6.4 Mining experience from minions! 
19:18:13.824 INFO  Minecraft: You gained 6.4 Mining experience from minions! 
19:18:13.826 INFO  Minecraft: You gained 0.8 Mining experience from minions! 
19:18:16.629 INFO  Minecraft: You gained 4,096 Mining experience from minions! 
19:18:16.631 INFO  Minecraft: You gained 3,968 Mining experience from minions! 
19:18:16.632 INFO  Minecraft: You gained 4,096 Mining experience from minions! 
19:18:16.633 INFO  Minecraft: You gained 1,024 Mining experience from minions! 
19:18:16.634 INFO  Minecraft: You gained 25.6 Mining experience from minions! 
19:18:16.655 INFO  Minecraft: You gained 3.2 Mining experience from minions! 
19:18:16.656 INFO  Minecraft: You gained 25.6 Mining experience from minions! 
19:18:17.097 INFO  Minecraft: You gained 3.2 Mining experience from minions! 
19:18:17.769 INFO  Minecraft: You gained 3.2 Mining experience from minions! 
19:18:18.199 INFO  Minecraft: You gained 3.2 Mining experience from minions! 
19:18:18.817 INFO  Minecraft: You gained 3.2 Mining experience from minions! 
19:18:19.366 INFO  Minecraft: You gained 3.2 Mining experience from minions! 
19:18:19.944 INFO  Minecraft: You gained 3.2 Mining experience from minions! 
19:18:20.494 INFO  Minecraft: You gained 3.2 Mining experience from minions! 
19:18:21.103 INFO  Minecraft: You gained 1.6 Mining experience from minions! 
19:18:21.757 INFO  Minecraft: You gained 1.6 Mining experience from minions! 
19:18:22.245 INFO  Minecraft: You gained 1.6 Mining experience from minions! 
19:18:22.846 INFO  Minecraft: You gained 1.6 Mining experience from minions! 
19:18:23.457 INFO  Minecraft: You gained 1.6 Mining experience from minions! 
19:18:23.918 INFO  Minecraft: You gained 1.6 Mining experience from minions! 
19:18:24.720 INFO  Minecraft: You gained 1.6 Mining experience from minions! 
19:18:25.166 INFO  Minecraft: You gained 1.6 Mining experience from minions! 
19:18:25.623 INFO  Minecraft: You gained 1.6 Mining experience from minions! 
19:18:26.099 INFO  Minecraft: You gained 1.6 Mining experience from minions! 
19:18:26.605 INFO  Minecraft: You gained 1.6 Mining experience from minions! 
19:18:27.034 INFO  Minecraft: You gained 1.6 Mining experience from minions! 
19:18:27.548 INFO  Minecraft: You gained 1.6 Mining experience from minions! 
19:18:27.549 INFO  Minecraft: You gained 0.4 Mining experience from minions! 
19:18:28.059 INFO  Minecraft: You gained 1.6 Mining experience from minions! 
19:18:28.552 INFO  Minecraft: You gained 1.6 Mining experience from minions! 
19:18:49.014 INFO  Minecraft: You gained 6.4 Mining experience from minions! 
19:18:49.016 INFO  Minecraft: You gained 3.2 Mining experience from minions! 
19:18:49.016 INFO  Minecraft: You gained 0.4 Mining experience from minions! 
19:18:51.178 INFO  Minecraft: You gained 4,096 Mining experience from minions! 
19:18:51.180 INFO  Minecraft: You gained 3,968 Mining experience from minions! 
19:18:51.181 INFO  Minecraft: You gained 4,096 Mining experience from minions! 
19:18:51.182 INFO  Minecraft: You gained 960 Mining experience from minions! 
19:18:51.183 INFO  Minecraft: You gained 25.6 Mining experience from minions! 
19:18:51.184 INFO  Minecraft: You gained 6.4 Mining experience from minions! 
19:18:51.216 INFO  Minecraft: You gained 6.4 Mining experience from minions! 
19:18:51.218 INFO  Minecraft: You gained 6.4 Mining experience from minions! 
19:18:51.219 INFO  Minecraft: You gained 6.4 Mining experience from minions! 
19:18:51.220 INFO  Minecraft: You gained 6.4 Mining experience from minions! 
19:18:51.221 INFO  Minecraft: You gained 25.6 Mining experience from minions! 
19:18:51.222 INFO  Minecraft: You gained 0.4 Mining experience from minions! 
19:18:51.929 INFO  Minecraft: You gained 6.4 Mining experience from minions! 
19:18:51.931 INFO  Minecraft: You gained 6.4 Mining experience from minions! 
19:18:51.931 INFO  Minecraft: You gained 6.4 Mining experience from minions! 
19:18:51.933 INFO  Minecraft: You gained 6.4 Mining experience from minions! 
19:18:51.933 INFO  Minecraft: You gained 0.8 Mining experience from minions! 
19:19:01.574 INFO  Minecraft: You gained 4,096 Mining experience from minions! 
19:19:01.576 INFO  Minecraft: You gained 3,840 Mining experience from minions! 
19:19:01.577 INFO  Minecraft: You gained 4,096 Mining experience from minions! 
19:19:01.577 INFO  Minecraft: You gained 960 Mining experience from minions! 
19:19:01.578 INFO  Minecraft: You gained 25.6 Mining experience from minions! 
19:19:01.579 INFO  Minecraft: You gained 6.4 Mining experience from minions! 
19:19:01.580 INFO  Minecraft: You gained 6.4 Mining experience from minions! 
19:19:01.580 INFO  Minecraft: You gained 6.4 Mining experience from minions! 
19:19:01.586 INFO  Minecraft: You gained 4.8 Mining experience from minions! 
19:19:01.588 INFO  Minecraft: You gained 25.6 Mining experience from minions! 
19:19:01.589 INFO  Minecraft: You gained 0.4 Mining experience from minions! 
19:19:02.191 INFO  Minecraft: You gained 1.6 Mining experience from minions! 
19:19:02.192 INFO  Minecraft: You gained 6.4 Mining experience from minions! 
19:19:02.193 INFO  Minecraft: You gained 6.4 Mining experience from minions! 
19:19:02.194 INFO  Minecraft: You gained 6.4 Mining experience from minions! 
19:19:02.194 INFO  Minecraft: You gained 1.6 Mining experience from minions! 
19:19:02.779 INFO  Minecraft: You gained 4.8 Mining experience from minions! 
19:19:02.780 INFO  Minecraft: You gained 6.4 Mining experience from minions! 
19:19:02.785 INFO  Minecraft: You gained 0.8 Mining experience from minions! 
19:19:05.477 INFO  Minecraft: You gained 4,096 Mining experience from minions! 
19:19:05.478 INFO  Minecraft: You gained 3,904 Mining experience from minions! 
19:19:05.479 INFO  Minecraft: You gained 4,096 Mining experience from minions! 
19:19:05.480 INFO  Minecraft: You gained 1,088 Mining experience from minions! 
19:19:05.481 INFO  Minecraft: You gained 25.6 Mining experience from minions! 
19:19:05.481 INFO  Minecraft: You gained 6.4 Mining experience from minions! 
19:19:05.516 INFO  Minecraft: You gained 6.4 Mining experience from minions! 
19:19:05.518 INFO  Minecraft: You gained 3.2 Mining experience from minions! 
19:19:05.518 INFO  Minecraft: You gained 25.6 Mining experience from minions! 
19:19:05.519 INFO  Minecraft: You gained 0.4 Mining experience from minions! 
19:19:05.960 INFO  Minecraft: You gained 3.2 Mining experience from minions! 
19:19:05.961 INFO  Minecraft: You gained 6.4 Mining experience from minions! 
19:19:05.962 INFO  Minecraft: You gained 4.8 Mining experience from minions! 
19:19:06.402 INFO  Minecraft: You gained 1.6 Mining experience from minions! 
19:19:06.404 INFO  Minecraft: You gained 6.4 Mining experience from minions! 
19:19:06.404 INFO  Minecraft: You gained 4.8 Mining experience from minions! 
19:19:06.826 INFO  Minecraft: You gained 1.6 Mining experience from minions! 
19:19:06.828 INFO  Minecraft: You gained 6.4 Mining experience from minions! 
19:19:06.828 INFO  Minecraft: You gained 4.8 Mining experience from minions! 
19:19:07.314 INFO  Minecraft: You gained 1.6 Mining experience from minions! 
19:19:07.316 INFO  Minecraft: You gained 0.8 Mining experience from minions! 
19:19:07.950 INFO  Minecraft: You gained 0.4 Mining experience from minions! 
19:19:10.843 INFO  Minecraft: You gained 4,096 Mining experience from minions! 
19:19:10.845 INFO  Minecraft: You gained 3,904 Mining experience from minions! 
19:19:10.846 INFO  Minecraft: You gained 4,096 Mining experience from minions! 
19:19:10.846 INFO  Minecraft: You gained 1,088 Mining experience from minions! 
19:19:10.847 INFO  Minecraft: You gained 25.6 Mining experience from minions! 
19:19:10.890 INFO  Minecraft: You gained 6.4 Mining experience from minions! 
19:19:10.892 INFO  Minecraft: You gained 25.6 Mining experience from minions! 
19:19:11.417 INFO  Minecraft: You gained 6.4 Mining experience from minions! 
19:19:11.957 INFO  Minecraft: You gained 6.4 Mining experience from minions! 
19:19:12.441 INFO  Minecraft: You gained 6.4 Mining experience from minions! 
19:19:13.292 INFO  Minecraft: You gained 4.8 Mining experience from minions! 
19:19:13.858 INFO  Minecraft: You gained 1.6 Mining experience from minions! 
19:19:13.860 INFO  Minecraft: You gained 3.2 Mining experience from minions! 
19:19:14.447 INFO  Minecraft: You gained 3.2 Mining experience from minions! 
19:19:14.449 INFO  Minecraft: You gained 1.6 Mining experience from minions! 
19:19:15.232 INFO  Minecraft: You gained 4.8 Mining experience from minions! 
19:19:15.805 INFO  Minecraft: You gained 4.8 Mining experience from minions! 
19:19:16.419 INFO  Minecraft: You gained 1.6 Mining experience from minions! 
19:19:16.422 INFO  Minecraft: You gained 1.6 Mining experience from minions! 
19:19:17.057 INFO  Minecraft: You gained 3.2 Mining experience from minions! 
19:19:17.676 INFO  Minecraft: You gained 1.6 Mining experience from minions! 
19:19:19.616 INFO  Minecraft: You gained 0.4 Mining experience from minions! 
19:20:42.123 INFO  Minecraft: BamBoozledMC joined SkyBlock. 
19:33:09.430 INFO  Minecraft: Guild > BamBoozledMC left. 
20:00:05.743 INFO  Minecraft:  
20:00:05.750 INFO  Minecraft: [WATCHDOG ANNOUNCEMENT] 
20:00:05.751 INFO  Minecraft: Watchdog has banned 35,089 players in the last 7 days. 
20:00:05.752 INFO  Minecraft: Staff have banned an additional 14,538 in the last 7 days. 
20:00:05.752 INFO  Minecraft: Blacklisted modifications are a bannable offense! 
20:00:05.753 INFO  Minecraft:  
22:00:05.955 INFO  Minecraft:  
22:00:05.964 INFO  Minecraft: [WATCHDOG ANNOUNCEMENT] 
22:00:05.965 INFO  Minecraft: Watchdog has banned 34,804 players in the last 7 days. 
22:00:05.965 INFO  Minecraft: Staff have banned an additional 14,541 in the last 7 days. 
22:00:05.966 INFO  Minecraft: Blacklisted modifications are a bannable offense! 
22:00:05.967 INFO  Minecraft:  
22:31:16.410 INFO  Minecraft: Friend > IdlyChiqken left. 
22:31:25.141 INFO  Minecraft: Friend > IdlyChiqken joined. 
22:31:38.143 INFO  Minecraft: Friend > IdlyChiqken left. 
22:38:30.720 INFO  Minecraft: Friend > IdlyChiqken joined. 
00:00:06.153 INFO  Minecraft:  
00:00:06.159 INFO  Minecraft: [WATCHDOG ANNOUNCEMENT] 
00:00:06.160 INFO  Minecraft: Watchdog has banned 34,958 players in the last 7 days. 
00:00:06.161 INFO  Minecraft: Staff have banned an additional 14,499 in the last 7 days. 
00:00:06.164 INFO  Minecraft: Blacklisted modifications are a bannable offense! 
00:00:06.169 INFO  Minecraft:  

