02:00:01.738 INFO  Minecraft:  
02:00:01.748 INFO  Minecraft: [WATCHDOG ANNOUNCEMENT] 
02:00:01.751 INFO  Minecraft: Watchdog has banned 36,732 players in the last 7 days. 
02:00:01.752 INFO  Minecraft: Staff have banned an additional 13,472 in the last 7 days. 
02:00:01.753 INFO  Minecraft: Blacklisted modifications are a bannable offense! 
02:00:01.754 INFO  Minecraft:  
03:10:19.786 INFO  Minecraft: [SkyBlock] sslushys_ is visiting Your Island! 
03:34:37.640 INFO  Minecraft: Guild > FearTheVillain3 joined. 
03:40:02.512 INFO  Minecraft: Guild > FearTheVillain3 left. 
03:45:30.572 INFO  Minecraft: Guild > FearTheVillain3 joined. 
03:46:35.580 INFO  Minecraft: Guild > FearTheVillain3 left. 
03:55:36.507 INFO  Minecraft: Guild > FearTheVillain3 joined. 
04:00:02.287 INFO  Minecraft:  
04:00:02.291 INFO  Minecraft: [WATCHDOG ANNOUNCEMENT] 
04:00:02.298 INFO  Minecraft: Watchdog has banned 36,330 players in the last 7 days. 
04:00:02.300 INFO  Minecraft: Staff have banned an additional 13,492 in the last 7 days. 
04:00:02.381 INFO  Minecraft: Blacklisted modifications are a bannable offense! 
04:00:02.382 INFO  Minecraft:  
04:12:56.148 INFO  Minecraft: Friend > SnowedSeal joined. 
04:22:08.762 INFO  Minecraft: [SkyBlock] [VIP+] ravenwsup123 is visiting Your Island! 
04:24:10.392 INFO  Minecraft: [✌] [VIP+] ravenwsup123: minikloons 
04:24:19.332 INFO  Minecraft: [✌] [VIP+] ravenwsup123: u sux 
04:29:50.468 INFO  Minecraft: Friend > SnowedSeal left. 
04:37:12.964 INFO  Minecraft: Friend > SnowedSeal joined. 
04:47:44.033 INFO  Minecraft: Guild > FearTheVillain3 left. 
05:18:45.045 INFO  Minecraft: Guild > FearTheVillain3 joined. 
05:29:59.560 INFO  Minecraft: Friend > SnowedSeal left. 
05:49:34.637 INFO  Minecraft: Guild > OwOWolfs joined. 
06:00:03.322 INFO  Minecraft:  
06:00:03.324 INFO  Minecraft: [WATCHDOG ANNOUNCEMENT] 
06:00:03.325 INFO  Minecraft: Watchdog has banned 36,353 players in the last 7 days. 
06:00:03.326 INFO  Minecraft: Staff have banned an additional 13,396 in the last 7 days. 
06:00:03.328 INFO  Minecraft: Blacklisted modifications are a bannable offense! 
06:00:03.329 INFO  Minecraft:  
06:24:40.552 INFO  Minecraft: Guild > FearTheVillain3 left. 
06:53:43.465 INFO  Minecraft: Guild > FearTheVillain3 joined. 
06:54:29.426 INFO  Minecraft: Guild > OwOWolfs left. 
08:00:03.502 INFO  Minecraft:  
08:00:03.505 INFO  Minecraft: [WATCHDOG ANNOUNCEMENT] 
08:00:03.506 INFO  Minecraft: Watchdog has banned 36,339 players in the last 7 days. 
08:00:03.507 INFO  Minecraft: Staff have banned an additional 13,176 in the last 7 days. 
08:00:03.508 INFO  Minecraft: Blacklisted modifications are a bannable offense! 
08:00:03.509 INFO  Minecraft:  
09:05:05.118 INFO  Minecraft: Guild > OwOWolfs joined. 
09:05:14.045 INFO  Minecraft: Guild > OwOWolfs left. 
09:11:14.480 INFO  Minecraft: Friend > IdlyChiqken joined. 
09:15:08.347 INFO  Minecraft: A Event: Mayor Elections 150! A 
09:15:08.349 INFO  Minecraft: The election room is now closed. Clerk Seraphine is doing a final count of the votes... 
09:15:08.349 INFO  Minecraft:  
09:15:43.921 INFO  Minecraft: A Event: Mayor Elections 150! A 
09:15:43.923 INFO  Minecraft: Paul is elected Mayor for the year, gg! 
09:15:43.923 INFO  Minecraft: Seraphine counted votes from 129k different players. 
09:15:43.925 INFO  Minecraft: Everybody unlocks exclusive perks! [HOVER TO VIEW] 
09:15:43.926 INFO  Minecraft:  
09:22:37.063 INFO  Minecraft: Guild > LionyLev joined. 
09:29:00.258 INFO  Minecraft: Guild > LionyLev left. 
09:29:51.332 INFO  Minecraft: Guild > FearTheVillain3 left. 
09:31:36.749 INFO  Minecraft: Guild > FearTheVillain3 joined. 
09:42:06.754 INFO  Minecraft: Friend > SnowedSeal joined. 
10:00:03.681 INFO  Minecraft:  
10:00:03.683 INFO  Minecraft: [WATCHDOG ANNOUNCEMENT] 
10:00:03.684 INFO  Minecraft: Watchdog has banned 36,252 players in the last 7 days. 
10:00:03.685 INFO  Minecraft: Staff have banned an additional 13,064 in the last 7 days. 
10:00:03.686 INFO  Minecraft: Blacklisted modifications are a bannable offense! 
10:00:03.687 INFO  Minecraft:  
10:50:16.993 INFO  Discord: Logged in. 
10:50:58.179 INFO  Discord: Logged in. 
10:58:20.732 INFO  Minecraft: The Traveling Zoo is visiting the SkyBlock Hub! 
10:58:20.735 INFO  Minecraft: CLICK HERE to shop for exotic pets! 
10:59:00.559 INFO  Minecraft: ----------------------------------------------------- 
10:59:00.573 INFO  Minecraft: You have just received 272,811 coins as interest in your co-op bank account! 
10:59:00.575 INFO  Minecraft: ----------------------------------------------------- 
11:15:58.743 INFO  Minecraft: Friend > IdlyChiqken left. 
11:16:43.798 INFO  Minecraft: Friend > IdlyChiqken joined. 
11:30:01.012 INFO  Minecraft: Friend > SnowedSeal left. 
12:00:03.859 INFO  Minecraft:  
12:00:03.861 INFO  Minecraft: [WATCHDOG ANNOUNCEMENT] 
12:00:03.862 INFO  Minecraft: Watchdog has banned 36,171 players in the last 7 days. 
12:00:03.863 INFO  Minecraft: Staff have banned an additional 12,938 in the last 7 days. 
12:00:03.864 INFO  Minecraft: Blacklisted modifications are a bannable offense! 
12:00:03.865 INFO  Minecraft:  
12:37:27.561 INFO  Minecraft: Friend > IdlyChiqken left. 
12:51:09.449 INFO  Minecraft: Guild > FearTheVillain3 left. 
12:51:44.527 INFO  Minecraft: Guild > FearTheVillain3 joined. 
12:53:24.685 INFO  Minecraft: Guild > FearTheVillain3 left. 
12:53:25.704 INFO  Minecraft: Guild > FearTheVillain3 joined. 
13:20:55.577 INFO  Minecraft: Guild > FearTheVillain3 left. 
13:36:34.045 INFO  Minecraft: Guild > itchygabe joined. 
13:38:08.522 INFO  Minecraft: Guild > itchygabe left. 
13:39:22.531 INFO  Minecraft: Guild > itchygabe joined. 
13:40:21.608 INFO  Minecraft: ----------------------------------------------------- 
13:40:21.633 INFO  Minecraft: [VIP] itchygabe left the guild! 
13:40:21.637 INFO  Minecraft: ----------------------------------------------------- 
13:40:21.888 INFO  Minecraft: Guild > Minikloons [LS]: We are sorry you had to leave, itchygabe 
14:00:04.045 INFO  Minecraft:  
14:00:04.054 INFO  Minecraft: [WATCHDOG ANNOUNCEMENT] 
14:00:04.055 INFO  Minecraft: Watchdog has banned 36,116 players in the last 7 days. 
14:00:04.056 INFO  Minecraft: Staff have banned an additional 12,900 in the last 7 days. 
14:00:04.057 INFO  Minecraft: Blacklisted modifications are a bannable offense! 
14:00:04.058 INFO  Minecraft:  
14:57:01.285 INFO  Minecraft: Friend > IdlyChiqken joined. 
15:24:55.610 INFO  Minecraft: Friend > IdlyChiqken left. 
15:25:03.698 INFO  Minecraft: Friend > IdlyChiqken joined. 
16:00:04.220 INFO  Minecraft:  
16:00:04.225 INFO  Minecraft: [WATCHDOG ANNOUNCEMENT] 
16:00:04.226 INFO  Minecraft: Watchdog has banned 36,028 players in the last 7 days. 
16:00:04.227 INFO  Minecraft: Staff have banned an additional 12,865 in the last 7 days. 
16:00:04.228 INFO  Minecraft: Blacklisted modifications are a bannable offense! 
16:00:04.228 INFO  Minecraft:  
16:06:35.110 INFO  Minecraft: Friend > IdlyChiqken left. 
16:07:40.991 INFO  Minecraft: Friend > IdlyChiqken joined. 
16:12:43.143 INFO  Minecraft: Friend > IdlyChiqken left. 
16:15:21.545 INFO  Minecraft: Friend > IdlyChiqken joined. 
16:15:54.565 INFO  Minecraft: Friend > IdlyChiqken left. 
16:21:11.085 INFO  Minecraft: Friend > IdlyChiqken joined. 
16:23:57.473 INFO  Minecraft: Friend > IdlyChiqken left. 
16:24:09.395 INFO  Minecraft: Friend > IdlyChiqken joined. 
16:27:49.691 INFO  Minecraft: Friend > IdlyChiqken left. 
16:27:58.013 INFO  Minecraft: Friend > IdlyChiqken joined. 
16:29:31.646 INFO  Minecraft: Friend > IdlyChiqken left. 
16:29:49.933 INFO  Minecraft: Friend > IdlyChiqken joined. 
18:00:04.419 INFO  Minecraft:  
18:00:04.428 INFO  Minecraft: [WATCHDOG ANNOUNCEMENT] 
18:00:04.431 INFO  Minecraft: Watchdog has banned 35,967 players in the last 7 days. 
18:00:04.432 INFO  Minecraft: Staff have banned an additional 12,890 in the last 7 days. 
18:00:04.433 INFO  Minecraft: Blacklisted modifications are a bannable offense! 
18:00:04.435 INFO  Minecraft:  
18:35:36.448 INFO  Minecraft: Friend > IdlyChiqken left. 
19:06:54.092 INFO  Minecraft: Friend > IdlyChiqken joined. 
19:20:07.685 INFO  Minecraft: [Important] This server will restart soon: Scheduled Reboot 
19:20:07.731 INFO  Minecraft: You have 60 seconds to warp out! CLICK to warp now! 
19:21:05.882 INFO  Minecraft: Evacuating to Hub... 
19:21:05.970 INFO  Minecraft: Sending to server mini632G... 
19:21:06.035 INFO  Logged in. 
19:21:06.498 INFO  Minecraft:         
19:21:07.459 INFO  Minecraft: SHARRONPLAYZ69: i stalk u] 
19:21:08.940 INFO  Minecraft: [VIP] VobloxIsCvinge_: nobody cares x3 how many times i need to tell u this ? 
19:21:09.654 INFO  Minecraft: You are playing on profile: Zucchini (Co-op) 
19:21:10.434 INFO  Minecraft: ALLOWANCE! You earned 50,000 coins! 
19:21:11.035 INFO  Sending to skyblock. 
19:21:11.337 INFO  Minecraft: You are already playing SkyBlock! 
19:21:16.356 INFO  Minecraft: Warping you to your SkyBlock island... 
19:21:16.669 INFO  Minecraft: Sending to server mini535K... 
19:21:16.802 INFO  Logged in. 
19:21:17.062 INFO  Minecraft:         
19:21:20.228 INFO  Minecraft: You are playing on profile: Zucchini (Co-op) 
19:21:21.803 INFO  Sending to skyblock. 
19:21:22.069 INFO  Minecraft: You are already playing SkyBlock! 
19:21:27.058 INFO  Minecraft: You're already sitting on this island! 
20:00:04.582 INFO  Minecraft:  
20:00:04.613 INFO  Minecraft: [WATCHDOG ANNOUNCEMENT] 
20:00:04.617 INFO  Minecraft: Watchdog has banned 35,928 players in the last 7 days. 
20:00:04.619 INFO  Minecraft: Staff have banned an additional 12,829 in the last 7 days. 
20:00:04.620 INFO  Minecraft: Blacklisted modifications are a bannable offense! 
20:00:04.621 INFO  Minecraft:  
22:00:05.130 INFO  Minecraft:  
22:00:05.138 INFO  Minecraft: [WATCHDOG ANNOUNCEMENT] 
22:00:05.139 INFO  Minecraft: Watchdog has banned 35,826 players in the last 7 days. 
22:00:05.139 INFO  Minecraft: Staff have banned an additional 12,783 in the last 7 days. 
22:00:05.140 INFO  Minecraft: Blacklisted modifications are a bannable offense! 
22:00:05.141 INFO  Minecraft:  
22:02:59.251 INFO  Minecraft: Friend > IdlyChiqken left. 
22:30:57.943 INFO  Minecraft: Friend > IdlyChiqken joined. 
22:42:59.960 INFO  Minecraft: Friend > IdlyChiqken left. 
00:00:05.298 INFO  Minecraft:  
00:00:05.305 INFO  Minecraft: [WATCHDOG ANNOUNCEMENT] 
00:00:05.306 INFO  Minecraft: Watchdog has banned 35,919 players in the last 7 days. 
00:00:05.307 INFO  Minecraft: Staff have banned an additional 12,816 in the last 7 days. 
00:00:05.308 INFO  Minecraft: Blacklisted modifications are a bannable offense! 
00:00:05.309 INFO  Minecraft:  

