00:00:34.530 INFO  Minecraft:  
00:00:34.539 INFO  Minecraft: [WATCHDOG ANNOUNCEMENT] 
00:00:34.540 INFO  Minecraft: Watchdog has banned 34,736 players in the last 7 days. 
00:00:34.540 INFO  Minecraft: Staff have banned an additional 18,668 in the last 7 days. 
00:00:34.541 INFO  Minecraft: Blacklisted modifications are a bannable offense! 
00:00:34.542 INFO  Minecraft:  
00:05:20.195 INFO  Minecraft: Guild > NucOps06 left. 
00:10:23.995 INFO  Minecraft: Guild > NucOps06 joined. 
00:13:38.201 INFO  Minecraft: Guild > NucOps06 left. 
00:26:07.071 INFO  Minecraft: Guild > NucOps06 joined. 
00:26:22.670 INFO  Minecraft: Guild > NucOps06 left. 
01:16:36.134 INFO  Minecraft: Guild > NucOps06 joined. 
01:21:19.069 INFO  Minecraft: Guild > NucOps06 left. 
01:21:24.186 INFO  Minecraft: Guild > NucOps06 joined. 
01:23:27.650 INFO  Minecraft: Guild > NucOps06 left. 
01:23:31.633 INFO  Minecraft: Guild > NucOps06 joined. 
02:00:34.767 INFO  Minecraft:  
02:00:34.778 INFO  Minecraft: [WATCHDOG ANNOUNCEMENT] 
02:00:34.779 INFO  Minecraft: Watchdog has banned 34,662 players in the last 7 days. 
02:00:34.780 INFO  Minecraft: Staff have banned an additional 18,594 in the last 7 days. 
02:00:34.781 INFO  Minecraft: Blacklisted modifications are a bannable offense! 
02:00:34.782 INFO  Minecraft:  
02:06:06.288 INFO  Minecraft: Guild > NucOps06 left. 
02:06:10.016 INFO  Minecraft: Guild > NucOps06 joined. 
02:37:57.649 INFO  Minecraft: [Important] This server will restart soon: Scheduled Reboot 
02:37:57.689 INFO  Minecraft: You have 60 seconds to warp out! CLICK to warp now! 
02:38:56.328 INFO  Minecraft: Evacuating to Hub... 
02:38:56.459 INFO  Minecraft: Sending to server mini854E... 
02:38:56.659 INFO  Logged in. 
02:38:57.615 INFO  Minecraft:         
02:39:01.660 INFO  Sending to skyblock. 
02:39:01.689 INFO  Minecraft: You are playing on profile: Zucchini (Co-op) 
02:39:01.917 INFO  Minecraft: ALLOWANCE! You earned 50,000 coins! 
02:39:01.975 INFO  Minecraft: You are already playing SkyBlock! 
02:39:07.050 INFO  Minecraft: Warping you to your SkyBlock island... 
02:39:07.316 INFO  Minecraft: Sending to server mini716S... 
02:39:07.450 INFO  Logged in. 
02:39:07.754 INFO  Minecraft:         
02:39:10.884 INFO  Minecraft: You are playing on profile: Zucchini (Co-op) 
02:39:12.474 INFO  Sending to skyblock. 
02:39:12.760 INFO  Minecraft: You are already playing SkyBlock! 
02:39:17.790 INFO  Minecraft: You're already sitting on this island! 
03:29:39.779 INFO  Logging in. 
03:29:41.320 INFO  Discord: Logged in. 
03:29:43.317 INFO  Logged in. 
03:29:43.518 INFO  Minecraft:                                       
03:29:43.527 INFO  Minecraft:                           
03:29:44.877 INFO  Minecraft: ----------------------------------------------------- 
03:29:44.880 INFO  Minecraft: Requirements are Skill Avg 23, Cata 23, and 170m net, along 
03:29:44.881 INFO  Minecraft: with 85k gexp a week! Make sure to have fun and contact 
03:29:44.882 INFO  Minecraft: OwOSeal or Smol if you have something to report, or something else to say! 
03:29:44.883 INFO  Minecraft: ----------------------------------------------------- 
03:29:48.332 INFO  Sending to skyblock. 
03:29:48.832 INFO  Minecraft: Sending to server mini404V... 
03:29:48.956 INFO  Logged in. 
03:29:49.311 INFO  Minecraft:         
03:29:52.368 INFO  Minecraft: You are playing on profile: Zucchini (Co-op) 
03:29:52.959 INFO  Minecraft:  
03:29:52.960 INFO  Minecraft: Welcome to Hypixel SkyBlock! 
03:29:53.687 INFO  Minecraft: You're already sitting on this island! 
03:29:53.957 INFO  Sending to skyblock. 
03:29:54.470 INFO  Minecraft: Cannot join SkyBlock for a moment! (Queue join in cooldown) 
03:29:59.273 INFO  Minecraft: You're already sitting on this island! 
03:58:27.302 INFO  Minecraft: Guild > NucOps06 left. 
03:59:29.788 INFO  Minecraft: Guild > NucOps06 joined. 
04:00:34.967 INFO  Minecraft:  
04:00:34.970 INFO  Minecraft: [WATCHDOG ANNOUNCEMENT] 
04:00:34.971 INFO  Minecraft: Watchdog has banned 34,601 players in the last 7 days. 
04:00:34.971 INFO  Minecraft: Staff have banned an additional 18,549 in the last 7 days. 
04:00:34.974 INFO  Minecraft: Blacklisted modifications are a bannable offense! 
04:00:34.976 INFO  Minecraft:  
04:05:54.545 INFO  Minecraft: Friend > SnowedSeal joined. 
05:10:13.293 INFO  Minecraft: Guild > NucOps06 left. 
05:29:43.216 INFO  Minecraft: Friend > SnowedSeal left. 
05:50:28.824 INFO  Minecraft: Guild > OwOWolfs joined. 
05:50:36.764 INFO  Minecraft: Guild > OwOWolfs left. 
06:00:36.324 INFO  Minecraft:  
06:00:36.327 INFO  Minecraft: [WATCHDOG ANNOUNCEMENT] 
06:00:36.327 INFO  Minecraft: Watchdog has banned 34,536 players in the last 7 days. 
06:00:36.328 INFO  Minecraft: Staff have banned an additional 18,226 in the last 7 days. 
06:00:36.329 INFO  Minecraft: Blacklisted modifications are a bannable offense! 
06:00:36.330 INFO  Minecraft:  
07:28:12.706 INFO  Minecraft: Guild > clonzy joined. 
07:28:51.839 INFO  Minecraft: Guild > clonzy left. 
07:29:37.600 INFO  Minecraft: Guild > clonzy joined. 
07:30:18.647 INFO  Minecraft: Guild > clonzy left. 
07:32:29.355 INFO  Minecraft: Guild > clonzy joined. 
07:33:19.516 INFO  Minecraft: Guild > clonzy left. 
08:00:36.530 INFO  Minecraft:  
08:00:36.534 INFO  Minecraft: [WATCHDOG ANNOUNCEMENT] 
08:00:36.535 INFO  Minecraft: Watchdog has banned 34,571 players in the last 7 days. 
08:00:36.536 INFO  Minecraft: Staff have banned an additional 18,033 in the last 7 days. 
08:00:36.537 INFO  Minecraft: Blacklisted modifications are a bannable offense! 
08:00:36.537 INFO  Minecraft:  
09:08:44.148 INFO  Minecraft: Friend > IdlyChiqken joined. 
09:32:15.641 INFO  Minecraft: Friend > IdlyChiqken left. 
09:32:21.825 INFO  Minecraft: Friend > IdlyChiqken joined. 
09:59:59.397 INFO  Minecraft: Friend > SnowedSeal joined. 
10:00:18.438 INFO  Minecraft: Friend > SnowedSeal left. 
10:00:21.281 INFO  Minecraft: Friend > SnowedSeal joined. 
10:00:36.717 INFO  Minecraft:  
10:00:36.720 INFO  Minecraft: [WATCHDOG ANNOUNCEMENT] 
10:00:36.720 INFO  Minecraft: Watchdog has banned 34,632 players in the last 7 days. 
10:00:36.721 INFO  Minecraft: Staff have banned an additional 17,812 in the last 7 days. 
10:00:36.722 INFO  Minecraft: Blacklisted modifications are a bannable offense! 
10:00:36.723 INFO  Minecraft:  
10:26:15.116 INFO  Minecraft: Guild > NucOps06 joined. 
10:26:46.984 INFO  Minecraft: Guild > NucOps06 left. 
10:27:06.061 INFO  Minecraft: Friend > IdlyChiqken left. 
10:27:34.992 INFO  Minecraft: Friend > IdlyChiqken joined. 
10:27:59.015 INFO  Minecraft: Friend > IdlyChiqken left. 
10:28:16.849 INFO  Minecraft: Friend > IdlyChiqken joined. 
10:35:46.357 INFO  Minecraft: Friend > IdlyChiqken left. 
10:35:58.646 INFO  Minecraft: Friend > IdlyChiqken joined. 
10:47:36.707 INFO  Minecraft: Friend > IdlyChiqken left. 
10:47:42.593 INFO  Minecraft: Friend > IdlyChiqken joined. 
11:28:41.952 INFO  Minecraft: Guild > NucOps06 joined. 
11:29:03.862 INFO  Minecraft: ----------------------------------------------------- 
11:29:03.865 INFO  Minecraft: [MVP+] NucOps06 left the guild! 
11:29:03.866 INFO  Minecraft: ----------------------------------------------------- 
11:29:04.106 INFO  Minecraft: Guild > Minikloons [LS]: We are sorry you had to leave, NucOps06 
11:29:42.366 INFO  Minecraft: Friend > SnowedSeal left. 
11:30:54.502 INFO  Minecraft: Friend > IdlyChiqken left. 
11:31:07.516 INFO  Minecraft: Friend > IdlyChiqken joined. 
11:32:57.016 INFO  Minecraft: Friend > IdlyChiqken left. 
11:33:22.071 INFO  Minecraft: Friend > IdlyChiqken joined. 
11:33:37.310 INFO  Minecraft: Guild > Ludwin2 joined. 
11:37:49.316 INFO  Minecraft: Guild > Ludwin2 left. 
11:48:06.693 INFO  Minecraft: Friend > IdlyChiqken left. 
11:48:19.411 INFO  Minecraft: Friend > IdlyChiqken joined. 
11:50:01.255 INFO  Minecraft: Friend > IdlyChiqken left. 
11:50:15.206 INFO  Minecraft: Friend > IdlyChiqken joined. 
12:00:37.115 INFO  Minecraft:  
12:00:37.117 INFO  Minecraft: [WATCHDOG ANNOUNCEMENT] 
12:00:37.117 INFO  Minecraft: Watchdog has banned 34,782 players in the last 7 days. 
12:00:37.118 INFO  Minecraft: Staff have banned an additional 17,755 in the last 7 days. 
12:00:37.119 INFO  Minecraft: Blacklisted modifications are a bannable offense! 
12:00:37.120 INFO  Minecraft:  
12:54:12.060 INFO  Minecraft: Friend > IdlyChiqken left. 
12:54:55.139 INFO  Minecraft: Friend > IdlyChiqken joined. 
13:34:12.808 INFO  Minecraft: Guild > FearTheVillain3 joined. 
13:41:39.148 INFO  Minecraft: Friend > IdlyChiqken left. 
13:42:35.126 INFO  Minecraft: Friend > IdlyChiqken joined. 
13:49:06.721 INFO  Minecraft: Friend > IdlyChiqken left. 
13:49:41.652 INFO  Minecraft: Friend > IdlyChiqken joined. 
13:58:35.969 INFO  Minecraft: ----------------------------------------------------- 
13:58:35.972 INFO  Minecraft: You have just received 235,848 coins as interest in your co-op bank account! 
13:58:35.973 INFO  Minecraft: ----------------------------------------------------- 
14:00:35.660 INFO  Minecraft: Friend > IdlyChiqken left. 
14:00:37.138 INFO  Minecraft:  
14:00:37.141 INFO  Minecraft: [WATCHDOG ANNOUNCEMENT] 
14:00:37.142 INFO  Minecraft: Watchdog has banned 34,771 players in the last 7 days. 
14:00:37.143 INFO  Minecraft: Staff have banned an additional 17,651 in the last 7 days. 
14:00:37.143 INFO  Minecraft: Blacklisted modifications are a bannable offense! 
14:00:37.144 INFO  Minecraft:  
14:08:33.861 INFO  Minecraft: Friend > IdlyChiqken joined. 
14:17:01.343 INFO  Minecraft: Friend > IdlyChiqken left. 
14:17:11.321 INFO  Minecraft: Friend > IdlyChiqken joined. 
14:22:10.804 INFO  Minecraft: Guild > FearTheVillain3 left. 
14:24:17.105 INFO  Minecraft: Guild > FearTheVillain3 joined. 
14:27:48.624 INFO  Minecraft: Friend > IdlyChiqken left. 
14:29:37.184 INFO  Minecraft: Friend > IdlyChiqken joined. 
15:15:53.082 INFO  Minecraft: Guild > FearTheVillain3 left. 
15:49:56.621 INFO  Minecraft: Friend > IdlyChiqken left. 
16:00:37.359 INFO  Minecraft:  
16:00:37.363 INFO  Minecraft: [WATCHDOG ANNOUNCEMENT] 
16:00:37.364 INFO  Minecraft: Watchdog has banned 34,691 players in the last 7 days. 
16:00:37.365 INFO  Minecraft: Staff have banned an additional 17,538 in the last 7 days. 
16:00:37.365 INFO  Minecraft: Blacklisted modifications are a bannable offense! 
16:00:37.366 INFO  Minecraft:  
18:00:37.671 INFO  Minecraft:  
18:00:37.681 INFO  Minecraft: [WATCHDOG ANNOUNCEMENT] 
18:00:37.682 INFO  Minecraft: Watchdog has banned 34,706 players in the last 7 days. 
18:00:37.683 INFO  Minecraft: Staff have banned an additional 16,933 in the last 7 days. 
18:00:37.684 INFO  Minecraft: Blacklisted modifications are a bannable offense! 
18:00:37.684 INFO  Minecraft:  
20:00:37.860 INFO  Minecraft:  
20:00:37.874 INFO  Minecraft: [WATCHDOG ANNOUNCEMENT] 
20:00:37.875 INFO  Minecraft: Watchdog has banned 34,671 players in the last 7 days. 
20:00:37.876 INFO  Minecraft: Staff have banned an additional 16,902 in the last 7 days. 
20:00:37.877 INFO  Minecraft: Blacklisted modifications are a bannable offense! 
20:00:37.877 INFO  Minecraft:  
22:00:38.041 INFO  Minecraft:  
22:00:38.051 INFO  Minecraft: [WATCHDOG ANNOUNCEMENT] 
22:00:38.052 INFO  Minecraft: Watchdog has banned 34,663 players in the last 7 days. 
22:00:38.053 INFO  Minecraft: Staff have banned an additional 16,888 in the last 7 days. 
22:00:38.053 INFO  Minecraft: Blacklisted modifications are a bannable offense! 
22:00:38.054 INFO  Minecraft:  
22:07:04.751 INFO  Minecraft: [Important] This server will restart soon: Scheduled Reboot 
22:07:04.754 INFO  Minecraft: You have 60 seconds to warp out! CLICK to warp now! 
22:08:02.805 INFO  Minecraft: Evacuating to Hub... 
22:08:02.861 INFO  Minecraft: Sending to server mini938W... 
22:08:02.958 INFO  Logged in. 
22:08:03.407 INFO  Minecraft:         
22:08:06.504 INFO  Minecraft: You are playing on profile: Zucchini (Co-op) 
22:08:07.336 INFO  Minecraft: ALLOWANCE! You earned 50,000 coins! 
22:08:07.958 INFO  Sending to skyblock. 
22:08:08.214 INFO  Minecraft: You are already playing SkyBlock! 
22:08:13.284 INFO  Minecraft: Warping you to your SkyBlock island... 
22:08:13.589 INFO  Minecraft: Sending to server mini241S... 
22:08:13.714 INFO  Logged in. 
22:08:14.015 INFO  Minecraft:         
22:08:17.178 INFO  Minecraft: You are playing on profile: Zucchini (Co-op) 
22:08:18.715 INFO  Sending to skyblock. 
22:08:18.962 INFO  Minecraft: You are already playing SkyBlock! 
22:08:24.033 INFO  Minecraft: You're already sitting on this island! 
00:00:38.239 INFO  Minecraft:  
00:00:38.247 INFO  Minecraft: [WATCHDOG ANNOUNCEMENT] 
00:00:38.248 INFO  Minecraft: Watchdog has banned 34,670 players in the last 7 days. 
00:00:38.251 INFO  Minecraft: Staff have banned an additional 16,868 in the last 7 days. 
00:00:38.252 INFO  Minecraft: Blacklisted modifications are a bannable offense! 
00:00:38.253 INFO  Minecraft:  

