00:03:09.456 INFO  Minecraft: Guild > NucOps06 left. 
00:22:13.779 INFO  Minecraft: Guild > nicemoney joined. 
00:22:35.043 INFO  Minecraft: Guild > [MVP+] nicemoney [M]: hacked and all profiles deleted :D 
00:22:40.020 INFO  Minecraft: Guild > [MVP+] nicemoney [M]: 700m+ gone 
00:31:59.775 INFO  Minecraft: Guild > nicemoney left. 
00:42:09.933 INFO  Minecraft: Guild > LexaIsMommy joined. 
00:50:05.934 INFO  Minecraft: Guild > nicemoney joined. 
00:57:44.062 INFO  Minecraft: Guild > nicemoney left. 
00:58:15.882 INFO  Minecraft: Guild > LexaIsMommy left. 
01:05:31.494 INFO  Minecraft: Guild > UnknowAccount left. 
01:07:30.361 INFO  Minecraft: Guild > UnknowAccount joined. 
01:38:33.929 INFO  Minecraft: Guild > nicemoney joined. 
01:38:51.028 INFO  Minecraft: Guild > nicemoney left. 
01:42:00.802 INFO  Minecraft: Guild > nicemoney joined. 
02:00:02.482 INFO  Minecraft:  
02:00:02.492 INFO  Minecraft: [WATCHDOG ANNOUNCEMENT] 
02:00:02.494 INFO  Minecraft: Watchdog has banned 32,586 players in the last 7 days. 
02:00:02.495 INFO  Minecraft: Staff have banned an additional 12,919 in the last 7 days. 
02:00:02.495 INFO  Minecraft: Blacklisted modifications are a bannable offense! 
02:00:02.496 INFO  Minecraft:  
02:01:21.594 INFO  Minecraft: Guild > nicemoney left. 
02:02:24.513 INFO  Minecraft: Guild > oSnapItsWalter left. 
02:27:44.798 INFO  Minecraft: Guild > UnknowAccount left. 
03:04:17.563 INFO  Minecraft: Guild > UnknowAccount joined. 
03:23:37.848 INFO  Minecraft: Guild > oSnapItsWalter joined. 
03:49:05.734 INFO  Minecraft: Guild > ASovietDoge joined. 
03:49:15.311 INFO  Minecraft: ----------------------------------------------------- 
03:49:15.313 INFO  Minecraft: [VIP] ASovietDoge left the guild! 
03:49:15.315 INFO  Minecraft: ----------------------------------------------------- 
03:49:15.579 INFO  Minecraft: Guild > Minikloons [LS]: We are sorry you had to leave, ASovietDoge 
03:55:52.950 INFO  Minecraft: Guild > UnknowAccount left. 
04:00:02.829 INFO  Minecraft:  
04:00:02.839 INFO  Minecraft: [WATCHDOG ANNOUNCEMENT] 
04:00:02.840 INFO  Minecraft: Watchdog has banned 32,646 players in the last 7 days. 
04:00:02.840 INFO  Minecraft: Staff have banned an additional 12,967 in the last 7 days. 
04:00:02.841 INFO  Minecraft: Blacklisted modifications are a bannable offense! 
04:00:02.842 INFO  Minecraft:  
04:00:29.332 INFO  Minecraft: Guild > NucOps06 joined. 
04:52:27.281 INFO  Minecraft: Guild > clonzy joined. 
04:57:33.985 INFO  Minecraft: Guild > UnknowAccount joined. 
05:16:51.117 INFO  Minecraft: Guild > clonzy left. 
06:00:04.127 INFO  Minecraft:  
06:00:04.137 INFO  Minecraft: [WATCHDOG ANNOUNCEMENT] 
06:00:04.139 INFO  Minecraft: Watchdog has banned 32,671 players in the last 7 days. 
06:00:04.140 INFO  Minecraft: Staff have banned an additional 12,966 in the last 7 days. 
06:00:04.141 INFO  Minecraft: Blacklisted modifications are a bannable offense! 
06:00:04.142 INFO  Minecraft:  
06:02:45.450 INFO  Minecraft: ----------------------------------------------------- 
06:02:45.458 INFO  Minecraft: You have just received 135,268 coins as interest in your co-op bank account! 
06:02:45.459 INFO  Minecraft: ----------------------------------------------------- 
06:06:35.010 INFO  Minecraft: Guild > oSnapItsWalter left. 
06:52:00.963 INFO  Minecraft: Guild > BamBoozledMC joined. 
06:57:37.106 INFO  Minecraft: Guild > UnknowAccount left. 
06:57:41.330 INFO  Minecraft: Guild > UnknowAccount joined. 
07:06:28.382 INFO  Minecraft: You gained 192 Mining experience from minions! 
07:06:28.919 INFO  Minecraft: You gained 4,096 Mining experience from minions! 
07:06:29.590 INFO  Minecraft: You gained 3,456 Mining experience from minions! 
07:06:30.127 INFO  Minecraft: You gained 4,096 Mining experience from minions! 
07:06:58.002 INFO  Minecraft: You gained 256 Mining experience from minions! 
07:06:58.637 INFO  Minecraft: You gained 4,096 Mining experience from minions! 
07:06:59.106 INFO  Minecraft: You gained 3,520 Mining experience from minions! 
07:06:59.702 INFO  Minecraft: You gained 4,096 Mining experience from minions! 
07:07:11.646 INFO  Minecraft: You gained 256 Mining experience from minions! 
07:07:12.110 INFO  Minecraft: You gained 4,096 Mining experience from minions! 
07:07:12.660 INFO  Minecraft: You gained 3,520 Mining experience from minions! 
07:07:13.221 INFO  Minecraft: You gained 4,096 Mining experience from minions! 
07:07:38.991 INFO  Minecraft: You gained 256 Mining experience from minions! 
07:07:39.668 INFO  Minecraft: You gained 4,096 Mining experience from minions! 
07:07:40.055 INFO  Minecraft: You gained 3,456 Mining experience from minions! 
07:07:40.687 INFO  Minecraft: You gained 4,096 Mining experience from minions! 
07:07:43.850 INFO  Minecraft: You gained 320 Mining experience from minions! 
07:07:44.383 INFO  Minecraft: You gained 4,096 Mining experience from minions! 
07:07:44.912 INFO  Minecraft: You gained 3,520 Mining experience from minions! 
07:07:45.432 INFO  Minecraft: You gained 4,096 Mining experience from minions! 
07:07:48.025 INFO  Minecraft: You gained 192 Mining experience from minions! 
07:07:48.511 INFO  Minecraft: You gained 4,096 Mining experience from minions! 
07:07:49.022 INFO  Minecraft: You gained 3,456 Mining experience from minions! 
07:07:49.654 INFO  Minecraft: You gained 4,096 Mining experience from minions! 
07:08:03.462 INFO  Minecraft: You gained 256 Mining experience from minions! 
07:09:00.961 INFO  Minecraft: You gained 4,096 Mining experience from minions! 
07:09:01.427 INFO  Minecraft: You gained 3,456 Mining experience from minions! 
07:09:01.941 INFO  Minecraft: You gained 4,096 Mining experience from minions! 
07:09:04.848 INFO  Minecraft: You gained 192 Mining experience from minions! 
07:09:05.314 INFO  Minecraft: You gained 4,096 Mining experience from minions! 
07:09:05.847 INFO  Minecraft: You gained 3,456 Mining experience from minions! 
07:09:06.336 INFO  Minecraft: You gained 4,096 Mining experience from minions! 
07:09:08.980 INFO  Minecraft: You gained 256 Mining experience from minions! 
07:09:09.467 INFO  Minecraft: You gained 4,096 Mining experience from minions! 
07:09:10.019 INFO  Minecraft: You gained 3,520 Mining experience from minions! 
07:09:10.584 INFO  Minecraft: You gained 4,096 Mining experience from minions! 
07:09:27.352 INFO  Minecraft: You gained 192 Mining experience from minions! 
07:09:27.938 INFO  Minecraft: You gained 4,096 Mining experience from minions! 
07:09:28.452 INFO  Minecraft: You gained 3,456 Mining experience from minions! 
07:09:28.969 INFO  Minecraft: You gained 4,096 Mining experience from minions! 
07:09:32.390 INFO  Minecraft: You gained 256 Mining experience from minions! 
07:09:32.866 INFO  Minecraft: You gained 4,096 Mining experience from minions! 
07:09:33.325 INFO  Minecraft: You gained 3,520 Mining experience from minions! 
07:09:33.902 INFO  Minecraft: You gained 4,096 Mining experience from minions! 
07:09:36.588 INFO  Minecraft: You gained 256 Mining experience from minions! 
07:09:37.021 INFO  Minecraft: You gained 4,096 Mining experience from minions! 
07:09:37.528 INFO  Minecraft: You gained 3,520 Mining experience from minions! 
07:09:37.967 INFO  Minecraft: You gained 4,096 Mining experience from minions! 
07:10:41.186 INFO  Minecraft:  » BamBoozledMC is traveling to Hub FOLLOW 
07:11:48.019 INFO  Minecraft:  » BamBoozledMC is traveling to Private Island FOLLOW 
07:11:51.714 INFO  Minecraft: BamBoozledMC joined SkyBlock. 
07:13:23.354 INFO  Minecraft: Guild > BamBoozledMC left. 
07:18:43.445 INFO  Minecraft: Guild > NucOps06 left. 
07:18:48.388 INFO  Minecraft: Guild > NucOps06 joined. 
08:00:04.272 INFO  Minecraft:  
08:00:04.281 INFO  Minecraft: [WATCHDOG ANNOUNCEMENT] 
08:00:04.282 INFO  Minecraft: Watchdog has banned 32,899 players in the last 7 days. 
08:00:04.283 INFO  Minecraft: Staff have banned an additional 12,977 in the last 7 days. 
08:00:04.284 INFO  Minecraft: Blacklisted modifications are a bannable offense! 
08:00:04.285 INFO  Minecraft:  
08:02:03.858 INFO  Minecraft: Guild > ranger4josh joined. 
08:29:48.259 INFO  Minecraft: Guild > ranger4josh left. 
08:36:40.697 INFO  Minecraft: Friend > SnowedSeal joined. 
08:54:02.624 INFO  Minecraft: Guild > UnknowAccount left. 
09:26:26.944 INFO  Minecraft: Friend > IdlyChiqken joined. 
09:43:25.786 INFO  Minecraft: [SkyBlock] [MVP+] LordLK is visiting Your Island! 
10:00:04.447 INFO  Minecraft:  
10:00:04.455 INFO  Minecraft: [WATCHDOG ANNOUNCEMENT] 
10:00:04.456 INFO  Minecraft: Watchdog has banned 32,749 players in the last 7 days. 
10:00:04.457 INFO  Minecraft: Staff have banned an additional 12,961 in the last 7 days. 
10:00:04.458 INFO  Minecraft: Blacklisted modifications are a bannable offense! 
10:00:04.458 INFO  Minecraft:  
10:21:01.366 INFO  Minecraft: Guild > clonzy joined. 
10:22:26.567 INFO  Minecraft: Guild > 3ctooo joined. 
10:31:34.589 INFO  Minecraft: Guild > 3ctooo left. 
10:40:07.636 INFO  Minecraft: Guild > clonzy left. 
10:40:31.531 INFO  Minecraft: Friend > IdlyChiqken left. 
10:40:44.506 INFO  Minecraft: Friend > IdlyChiqken joined. 
11:27:14.967 INFO  Logging in. 
11:27:16.782 INFO  Discord: Logged in. 
11:27:19.436 INFO  Logged in. 
11:27:19.585 INFO  Minecraft:                                       
11:27:19.597 INFO  Minecraft:                           
11:27:20.502 INFO  Minecraft: ----------------------------------------------------- 
11:27:20.503 INFO  Minecraft: Requirements are Skill Avg 23, Cata 23, and 170m net, along 
11:27:20.504 INFO  Minecraft: with 85k gexp a week! Make sure to have fun and contact 
11:27:20.504 INFO  Minecraft: OwOSeal or Smol if you have something to report, or something else to say! 
11:27:20.505 INFO  Minecraft: ----------------------------------------------------- 
11:27:24.448 INFO  Sending to skyblock. 
11:27:24.886 INFO  Minecraft: Sending to server mini673C... 
11:27:25.000 INFO  Logged in. 
11:27:25.295 INFO  Minecraft:         
11:27:28.505 INFO  Minecraft: You are playing on profile: Zucchini (Co-op) 
11:27:29.029 INFO  Minecraft:  
11:27:29.073 INFO  Minecraft: Welcome to Hypixel SkyBlock! 
11:27:29.851 INFO  Minecraft: You're already sitting on this island! 
11:27:30.004 INFO  Sending to skyblock. 
11:27:30.246 INFO  Minecraft: Cannot join SkyBlock for a moment! (Queue join in cooldown) 
11:27:35.345 INFO  Minecraft: You're already sitting on this island! 
11:29:03.918 INFO  Minecraft: Friend > SnowedSeal left. 
11:49:50.827 INFO  Minecraft: Guild > ranger4josh joined. 
11:51:24.155 INFO  Minecraft: [Important] This server will restart soon: Scheduled Reboot 
11:51:24.160 INFO  Minecraft: You have 60 seconds to warp out! CLICK to warp now! 
11:52:22.250 INFO  Minecraft: Evacuating to Hub... 
11:52:22.288 INFO  Minecraft: Sending to server mini416B... 
11:52:22.368 INFO  Logged in. 
11:52:22.626 INFO  Minecraft:         
11:52:26.195 INFO  Minecraft: You are playing on profile: Zucchini (Co-op) 
11:52:27.382 INFO  Sending to skyblock. 
11:52:27.623 INFO  Minecraft: You are already playing SkyBlock! 
11:52:32.663 INFO  Minecraft: Warping you to your SkyBlock island... 
11:52:33.031 INFO  Minecraft: Sending to server mini606B... 
11:52:33.044 INFO  Logged in. 
11:52:33.353 INFO  Minecraft:         
11:52:36.710 INFO  Minecraft: You are playing on profile: Zucchini (Co-op) 
11:52:38.052 INFO  Sending to skyblock. 
11:52:38.582 INFO  Minecraft: You are already playing SkyBlock! 
11:52:43.516 INFO  Minecraft: You're already sitting on this island! 
12:00:04.588 INFO  Minecraft:  
12:00:04.603 INFO  Minecraft: [WATCHDOG ANNOUNCEMENT] 
12:00:04.604 INFO  Minecraft: Watchdog has banned 32,900 players in the last 7 days. 
12:00:04.605 INFO  Minecraft: Staff have banned an additional 13,126 in the last 7 days. 
12:00:04.607 INFO  Minecraft: Blacklisted modifications are a bannable offense! 
12:00:04.609 INFO  Minecraft:  
12:15:35.679 INFO  Minecraft: Guild > ranger4josh left. 
12:39:06.851 INFO  Minecraft: Guild > ranger4josh joined. 
12:54:27.152 INFO  Minecraft: Guild > ranger4josh left. 
13:04:29.413 INFO  Minecraft: Guild > NucOps06 left. 
13:09:16.139 INFO  Minecraft: Friend > IdlyChiqken left. 
13:09:53.984 INFO  Minecraft: Friend > IdlyChiqken joined. 
13:10:38.048 INFO  Minecraft: Guild > NucOps06 joined. 
13:16:50.163 INFO  Minecraft: Guild > NucOps06 left. 
13:34:29.595 INFO  Minecraft: [Important] This server will restart soon: Scheduled Reboot 
13:34:29.632 INFO  Minecraft: You have 60 seconds to warp out! CLICK to warp now! 
13:35:27.775 INFO  Minecraft: Evacuating to Hub... 
13:35:27.826 INFO  Minecraft: Sending to server mini239S... 
13:35:27.920 INFO  Logged in. 
13:35:28.458 INFO  Minecraft:         
13:35:32.068 INFO  Minecraft: You are playing on profile: Zucchini (Co-op) 
13:35:32.919 INFO  Sending to skyblock. 
13:35:33.330 INFO  Minecraft: You are already playing SkyBlock! 
13:35:38.211 INFO  Minecraft: Warping you to your SkyBlock island... 
13:35:38.451 INFO  Minecraft: Sending to server mini713S... 
13:35:38.605 INFO  Logged in. 
13:35:38.884 INFO  Minecraft:         
13:35:42.066 INFO  Minecraft: You are playing on profile: Zucchini (Co-op) 
13:35:43.609 INFO  Sending to skyblock. 
13:35:43.862 INFO  Minecraft: You are already playing SkyBlock! 
13:35:48.906 INFO  Minecraft: You're already sitting on this island! 
13:42:40.247 INFO  Logging in. 
13:42:41.885 INFO  Discord: Logged in. 
13:42:43.003 INFO  Logged in. 
13:42:43.203 INFO  Minecraft:                                       
13:42:43.211 INFO  Minecraft:                           
13:42:43.938 INFO  Minecraft: ----------------------------------------------------- 
13:42:43.938 INFO  Minecraft: Requirements are Skill Avg 23, Cata 23, and 170m net, along 
13:42:43.939 INFO  Minecraft: with 85k gexp a week! Make sure to have fun and contact 
13:42:43.940 INFO  Minecraft: OwOSeal or Smol if you have something to report, or something else to say! 
13:42:43.940 INFO  Minecraft: ----------------------------------------------------- 
13:42:48.017 INFO  Sending to skyblock. 
13:42:48.435 INFO  Minecraft: Sending to server mini314V... 
13:42:48.542 INFO  Logged in. 
13:42:48.812 INFO  Minecraft:         
13:42:51.964 INFO  Minecraft: You are playing on profile: Zucchini (Co-op) 
13:42:52.562 INFO  Minecraft:  
13:42:52.600 INFO  Minecraft: Welcome to Hypixel SkyBlock! 
13:42:53.323 INFO  Minecraft: You're already sitting on this island! 
13:42:53.552 INFO  Sending to skyblock. 
13:42:53.789 INFO  Minecraft: Cannot join SkyBlock for a moment! (Queue join in cooldown) 
13:42:58.848 INFO  Minecraft: You're already sitting on this island! 
13:47:42.540 INFO  Minecraft: Guild > ranger4josh joined. 
14:00:04.739 INFO  Minecraft:  
14:00:04.743 INFO  Minecraft: [WATCHDOG ANNOUNCEMENT] 
14:00:04.743 INFO  Minecraft: Watchdog has banned 32,867 players in the last 7 days. 
14:00:04.744 INFO  Minecraft: Staff have banned an additional 13,148 in the last 7 days. 
14:00:04.744 INFO  Minecraft: Blacklisted modifications are a bannable offense! 
14:00:04.745 INFO  Minecraft:  
14:07:39.001 INFO  Minecraft: Friend > IdlyChiqken left. 
14:08:41.079 INFO  Minecraft: Friend > IdlyChiqken joined. 
14:32:13.213 INFO  Minecraft: Guild > ranger4josh left. 
14:40:29.634 INFO  Minecraft: Friend > SnowedSeal joined. 
14:41:10.630 INFO  Minecraft: Friend > SnowedSeal left. 
16:00:05.141 INFO  Minecraft:  
16:00:05.156 INFO  Minecraft: [WATCHDOG ANNOUNCEMENT] 
16:00:05.157 INFO  Minecraft: Watchdog has banned 33,327 players in the last 7 days. 
16:00:05.157 INFO  Minecraft: Staff have banned an additional 13,184 in the last 7 days. 
16:00:05.158 INFO  Minecraft: Blacklisted modifications are a bannable offense! 
16:00:05.159 INFO  Minecraft:  
17:39:16.644 INFO  Minecraft: [Important] This server will restart soon: Scheduled Reboot 
17:39:16.656 INFO  Minecraft: You have 60 seconds to warp out! CLICK to warp now! 
17:40:14.847 INFO  Minecraft: Evacuating to Hub... 
17:40:14.892 INFO  Minecraft: Sending to server mini255E... 
17:40:14.990 INFO  Logged in. 
17:40:15.352 INFO  Minecraft:         
17:40:18.475 INFO  Minecraft: You are playing on profile: Zucchini (Co-op) 
17:40:19.340 INFO  Minecraft: ALLOWANCE! You earned 50,000 coins! 
17:40:19.991 INFO  Sending to skyblock. 
17:40:20.248 INFO  Minecraft: You are already playing SkyBlock! 
17:40:25.260 INFO  Minecraft: Warping you to your SkyBlock island... 
17:40:25.449 INFO  Minecraft: Sending to server mini22G... 
17:40:25.555 INFO  Logged in. 
17:40:25.797 INFO  Minecraft:         
17:40:28.992 INFO  Minecraft: You are playing on profile: Zucchini (Co-op) 
17:40:30.559 INFO  Sending to skyblock. 
17:40:30.797 INFO  Minecraft: You are already playing SkyBlock! 
17:40:35.882 INFO  Minecraft: You're already sitting on this island! 
18:00:05.321 INFO  Minecraft:  
18:00:05.333 INFO  Minecraft: [WATCHDOG ANNOUNCEMENT] 
18:00:05.334 INFO  Minecraft: Watchdog has banned 33,593 players in the last 7 days. 
18:00:05.334 INFO  Minecraft: Staff have banned an additional 13,170 in the last 7 days. 
18:00:05.335 INFO  Minecraft: Blacklisted modifications are a bannable offense! 
18:00:05.335 INFO  Minecraft:  
18:24:14.940 INFO  Minecraft: Friend > IdlyChiqken left. 
18:48:06.087 INFO  Minecraft: Friend > IdlyChiqken joined. 
18:54:30.929 INFO  Minecraft: Friend > IdlyChiqken left. 
18:54:40.452 INFO  Minecraft: Friend > IdlyChiqken joined. 
18:55:06.878 INFO  Minecraft: [SkyBlock] x_Stick is visiting Your Island! 
20:00:00.714 INFO  Minecraft:  
20:00:00.728 INFO  Minecraft: [WATCHDOG ANNOUNCEMENT] 
20:00:00.729 INFO  Minecraft: Watchdog has banned 33,669 players in the last 7 days. 
20:00:00.729 INFO  Minecraft: Staff have banned an additional 13,150 in the last 7 days. 
20:00:00.730 INFO  Minecraft: Blacklisted modifications are a bannable offense! 
20:00:00.730 INFO  Minecraft:  
20:38:39.384 INFO  Minecraft: Guild > UnknowAccount joined. 
20:40:01.526 INFO  Minecraft: Friend > IdlyChiqken left. 
20:40:08.198 INFO  Minecraft: Friend > IdlyChiqken joined. 
20:55:23.559 INFO  Minecraft: Guild > oSnapItsWalter joined. 
