00:05:13.941 INFO  Minecraft: Guild > NucOps06 left. 
00:10:45.317 INFO  Minecraft: Guild > NucOps06 joined. 
00:11:12.329 INFO  Minecraft: Guild > NucOps06 left. 
01:40:33.619 INFO  Minecraft: Guild > UnknowAccount left. 
02:00:05.735 INFO  Minecraft:  
02:00:05.737 INFO  Minecraft: [WATCHDOG ANNOUNCEMENT] 
02:00:05.738 INFO  Minecraft: Watchdog has banned 35,471 players in the last 7 days. 
02:00:05.739 INFO  Minecraft: Staff have banned an additional 14,843 in the last 7 days. 
02:00:05.740 INFO  Minecraft: Blacklisted modifications are a bannable offense! 
02:00:05.741 INFO  Minecraft:  
02:23:44.552 INFO  Minecraft: Guild > NucOps06 joined. 
02:26:22.151 INFO  Minecraft: Guild > UnknowAccount joined. 
02:40:19.210 INFO  Minecraft: Guild > NucOps06 left. 
02:40:24.175 INFO  Minecraft: Guild > NucOps06 joined. 
02:43:39.580 INFO  Minecraft: Guild > NucOps06 left. 
02:43:44.306 INFO  Minecraft: Guild > NucOps06 joined. 
03:00:08.539 INFO  Minecraft: Friend > SnowedSeal joined. 
03:02:48.339 INFO  Minecraft: Guild > NucOps06 left. 
03:02:52.449 INFO  Minecraft: Guild > NucOps06 joined. 
03:07:47.632 INFO  Minecraft: Friend > SnowedSeal left. 
03:11:26.311 INFO  Minecraft: Guild > SwagMonkey420 joined. 
03:41:34.460 INFO  Minecraft: Guild > UnknowAccount left. 
03:43:08.454 INFO  Minecraft: Guild > SwagMonkey420 left. 
04:00:05.920 INFO  Minecraft:  
04:00:05.923 INFO  Minecraft: [WATCHDOG ANNOUNCEMENT] 
04:00:05.924 INFO  Minecraft: Watchdog has banned 35,540 players in the last 7 days. 
04:00:05.925 INFO  Minecraft: Staff have banned an additional 14,910 in the last 7 days. 
04:00:05.925 INFO  Minecraft: Blacklisted modifications are a bannable offense! 
04:00:05.926 INFO  Minecraft:  
04:00:30.252 INFO  Minecraft: Friend > SnowedSeal joined. 
04:15:19.366 INFO  Minecraft: Guild > NucOps06 left. 
04:16:58.089 INFO  Minecraft: Guild > NucOps06 joined. 
04:32:32.503 INFO  Minecraft: Guild > Ludwin2 joined. 
04:35:12.527 INFO  Minecraft: Guild > Ludwin2 left. 
05:29:59.685 INFO  Minecraft: Friend > SnowedSeal left. 
06:00:07.802 INFO  Minecraft:  
06:00:07.806 INFO  Minecraft: [WATCHDOG ANNOUNCEMENT] 
06:00:07.806 INFO  Minecraft: Watchdog has banned 35,562 players in the last 7 days. 
06:00:07.807 INFO  Minecraft: Staff have banned an additional 15,269 in the last 7 days. 
06:00:07.808 INFO  Minecraft: Blacklisted modifications are a bannable offense! 
06:00:07.808 INFO  Minecraft:  
06:33:05.898 INFO  Minecraft: Guild > NucOps06 left. 
07:31:10.557 INFO  Minecraft: Guild > noteisaqt joined. 
07:40:00.989 INFO  Minecraft: Guild > SwagMonkey420 joined. 
07:56:58.108 INFO  Minecraft: Guild > noteisaqt left. 
08:00:08.044 INFO  Minecraft:  
08:00:08.046 INFO  Minecraft: [WATCHDOG ANNOUNCEMENT] 
08:00:08.048 INFO  Minecraft: Watchdog has banned 35,566 players in the last 7 days. 
08:00:08.049 INFO  Minecraft: Staff have banned an additional 15,458 in the last 7 days. 
08:00:08.050 INFO  Minecraft: Blacklisted modifications are a bannable offense! 
08:00:08.051 INFO  Minecraft:  
08:20:00.812 INFO  Minecraft: Guild > 3ctooo joined. 
08:23:48.360 INFO  Minecraft: Guild > UnknowAccount joined. 
08:29:03.588 INFO  Minecraft: Guild > itchygabe left. 
08:35:05.391 INFO  Minecraft: Friend > SnowedSeal joined. 
08:35:58.756 INFO  Minecraft: Guild > UnknowAccount left. 
08:39:16.567 INFO  Minecraft: [Important] This server will restart soon: For a game update 
08:39:16.591 INFO  Minecraft: You have 30 seconds to warp out! CLICK to warp now! 
08:39:44.617 INFO  Minecraft: Evacuating to Hub... 
08:39:44.697 INFO  Minecraft: Sending to server mini187H... 
08:39:44.868 INFO  Logged in. 
08:39:45.167 INFO  Minecraft:         
08:39:48.199 INFO  Minecraft: You are playing on profile: Zucchini (Co-op) 
08:39:49.867 INFO  Sending to skyblock. 
08:39:50.120 INFO  Minecraft: You are already playing SkyBlock! 
08:39:55.151 INFO  Minecraft: Warping you to your SkyBlock island... 
08:39:55.407 INFO  Minecraft: Sending to server mini706D... 
08:39:55.498 INFO  Logged in. 
08:39:55.829 INFO  Minecraft:         
08:39:58.898 INFO  Minecraft: You are playing on profile: Zucchini (Co-op) 
08:40:00.501 INFO  Sending to skyblock. 
08:40:00.753 INFO  Minecraft: You are already playing SkyBlock! 
08:40:05.813 INFO  Minecraft: You're already sitting on this island! 
08:46:10.572 INFO  Minecraft: [Important] This server will restart soon: For a game update 
08:46:10.597 INFO  Minecraft: You have 30 seconds to warp out! CLICK to warp now! 
08:46:38.620 INFO  Minecraft: Evacuating to Hub... 
08:46:38.663 INFO  Minecraft: Sending to server mini994A... 
08:46:38.734 INFO  Logged in. 
08:46:39.046 INFO  Minecraft:         
08:46:42.081 INFO  Minecraft: You are playing on profile: Zucchini (Co-op) 
08:46:43.739 INFO  Sending to skyblock. 
08:46:43.973 INFO  Minecraft: You are already playing SkyBlock! 
08:46:49.050 INFO  Minecraft: Warping you to your SkyBlock island... 
08:46:49.355 INFO  Minecraft: Sending to server mini735R... 
08:46:49.507 INFO  Logged in. 
08:46:49.839 INFO  Minecraft:         
08:46:52.864 INFO  Minecraft: You are playing on profile: Zucchini (Co-op) 
08:46:54.509 INFO  Sending to skyblock. 
08:46:54.743 INFO  Minecraft: You are already playing SkyBlock! 
08:46:59.930 INFO  Minecraft: You're already sitting on this island! 
08:52:25.938 INFO  Minecraft: Guild > 3ctooo left. 
08:54:58.538 INFO  Minecraft: [Important] This server will restart soon: For a game update 
08:54:58.542 INFO  Minecraft: You have 30 seconds to warp out! CLICK to warp now! 
08:55:26.697 INFO  Minecraft: Evacuating to Hub... 
08:55:26.787 INFO  Minecraft: Sending to server mini110G... 
08:55:26.903 INFO  Logged in. 
08:55:27.367 INFO  Minecraft:         
08:55:30.307 INFO  Minecraft: You are playing on profile: Zucchini (Co-op) 
08:55:31.904 INFO  Sending to skyblock. 
08:55:32.143 INFO  Minecraft: You are already playing SkyBlock! 
08:55:37.200 INFO  Minecraft: Warping you to your SkyBlock island... 
08:55:37.550 INFO  Minecraft: Sending to server mini433V... 
08:55:37.684 INFO  Logged in. 
08:55:38.139 INFO  Minecraft:         
08:55:41.118 INFO  Minecraft: You are playing on profile: Zucchini (Co-op) 
08:55:42.685 INFO  Sending to skyblock. 
08:55:42.927 INFO  Minecraft: You are already playing SkyBlock! 
08:55:47.974 INFO  Minecraft: You're already sitting on this island! 
09:05:44.932 INFO  Minecraft: Guild > NucOps06 joined. 
09:07:24.979 INFO  Minecraft: Guild > [MVP+] NucOps06 [M]: completely maxed axe of the shredded on my ah 
09:21:49.164 INFO  Minecraft: Friend > SnowedSeal left. 
09:30:22.167 INFO  Minecraft: Friend > IdlyChiqken joined. 
09:53:07.028 INFO  Minecraft: Friend > SnowedSeal joined. 
10:00:08.196 INFO  Minecraft:  
10:00:08.198 INFO  Minecraft: [WATCHDOG ANNOUNCEMENT] 
10:00:08.200 INFO  Minecraft: Watchdog has banned 35,526 players in the last 7 days. 
10:00:08.200 INFO  Minecraft: Staff have banned an additional 15,660 in the last 7 days. 
10:00:08.201 INFO  Minecraft: Blacklisted modifications are a bannable offense! 
10:00:08.202 INFO  Minecraft:  
10:04:10.966 INFO  Minecraft: Guild > clonzy joined. 
10:08:47.908 INFO  Minecraft: Guild > clonzy left. 
10:12:08.477 INFO  Minecraft: Friend > SnowedSeal left. 
10:14:46.548 INFO  Minecraft: Friend > SnowedSeal joined. 
10:28:18.998 INFO  Minecraft: Guild > NucOps06 left. 
10:38:20.113 INFO  Minecraft: Friend > SnowedSeal left. 
10:40:05.447 INFO  Minecraft: Friend > SnowedSeal joined. 
11:06:53.322 INFO  Minecraft: Friend > IdlyChiqken left. 
11:07:03.377 INFO  Minecraft: Friend > IdlyChiqken joined. 
11:15:18.704 INFO  Minecraft: Guild > NucOps06 joined. 
11:15:21.950 INFO  Minecraft: Friend > SnowedSeal left. 
11:20:37.387 INFO  Minecraft: Friend > SnowedSeal joined. 
11:36:12.720 INFO  Minecraft: Guild > FearTheVillain3 joined. 
11:37:23.683 INFO  Minecraft: Friend > IdlyChiqken left. 
11:41:43.869 INFO  Minecraft: Guild > [MVP+] FearTheVillain3 [M]: ^ 
11:41:46.930 INFO  Minecraft: Guild > [MVP+] FearTheVillain3 [M]: wvc 
11:42:25.350 INFO  Minecraft: Friend > SnowedSeal left. 
11:44:13.052 INFO  Minecraft: Friend > IdlyChiqken joined. 
11:47:35.405 INFO  Minecraft: Guild > [MVP+] NucOps06 [M]: budget bers set on my ah gogo 
12:00:08.403 INFO  Minecraft:  
12:00:08.412 INFO  Minecraft: [WATCHDOG ANNOUNCEMENT] 
12:00:08.413 INFO  Minecraft: Watchdog has banned 35,244 players in the last 7 days. 
12:00:08.414 INFO  Minecraft: Staff have banned an additional 15,853 in the last 7 days. 
12:00:08.414 INFO  Minecraft: Blacklisted modifications are a bannable offense! 
12:00:08.415 INFO  Minecraft:  
12:12:45.865 INFO  Minecraft: [Important] This server will restart soon: For a game update 
12:12:45.905 INFO  Minecraft: You have 30 seconds to warp out! CLICK to warp now! 
12:13:14.075 INFO  Minecraft: Evacuating to Hub... 
12:13:14.213 INFO  Minecraft: Sending to server mini500A... 
12:13:14.364 INFO  Logged in. 
12:13:14.727 INFO  Minecraft:         
12:13:17.798 INFO  Minecraft: You are playing on profile: Zucchini (Co-op) 
12:13:19.366 INFO  Sending to skyblock. 
12:13:19.629 INFO  Minecraft: You are already playing SkyBlock! 
12:13:24.640 INFO  Minecraft: Warping you to your SkyBlock island... 
12:13:24.913 INFO  Minecraft: Sending to server mini519U... 
12:13:25.001 INFO  Logged in. 
12:13:25.256 INFO  Minecraft:         
12:13:28.418 INFO  Minecraft: You are playing on profile: Zucchini (Co-op) 
12:13:30.011 INFO  Sending to skyblock. 
12:13:30.272 INFO  Minecraft: You are already playing SkyBlock! 
12:13:35.356 INFO  Minecraft: You're already sitting on this island! 
12:29:35.110 INFO  Minecraft: Guild > FearTheVillain3 left. 
13:02:36.783 INFO  Minecraft: Guild > NucOps06 left. 
13:05:29.275 INFO  Discord: Logged in. 
13:07:39.661 INFO  Minecraft: Friend > IdlyChiqken left. 
14:00:08.932 INFO  Minecraft:  
14:00:08.943 INFO  Minecraft: [WATCHDOG ANNOUNCEMENT] 
14:00:08.944 INFO  Minecraft: Watchdog has banned 35,171 players in the last 7 days. 
14:00:08.944 INFO  Minecraft: Staff have banned an additional 15,852 in the last 7 days. 
14:00:08.945 INFO  Minecraft: Blacklisted modifications are a bannable offense! 
14:00:08.947 INFO  Minecraft:  
14:33:25.995 INFO  Minecraft: [SkyBlock] [MVP+] ___Generic is visiting Your Island! 
15:18:25.258 INFO  Minecraft: Guild > Pizzas_faces joined. 
15:37:39.747 INFO  Minecraft: Guild > Pizzas_faces left. 
15:39:20.859 INFO  Minecraft: Guild > Pizzas_faces joined. 
15:41:20.953 INFO  Minecraft: Guild > Ludwin2 joined. 
15:41:54.958 INFO  Minecraft: Guild > Ludwin2 left. 
15:47:46.522 INFO  Minecraft: Guild > Pizzas_faces left. 
16:00:09.276 INFO  Minecraft:  
16:00:09.286 INFO  Minecraft: [WATCHDOG ANNOUNCEMENT] 
16:00:09.287 INFO  Minecraft: Watchdog has banned 35,196 players in the last 7 days. 
16:00:09.288 INFO  Minecraft: Staff have banned an additional 15,936 in the last 7 days. 
16:00:09.289 INFO  Minecraft: Blacklisted modifications are a bannable offense! 
16:00:09.290 INFO  Minecraft:  
18:00:09.461 INFO  Minecraft:  
18:00:09.470 INFO  Minecraft: [WATCHDOG ANNOUNCEMENT] 
18:00:09.471 INFO  Minecraft: Watchdog has banned 35,189 players in the last 7 days. 
18:00:09.472 INFO  Minecraft: Staff have banned an additional 16,423 in the last 7 days. 
18:00:09.472 INFO  Minecraft: Blacklisted modifications are a bannable offense! 
18:00:09.473 INFO  Minecraft:  
19:35:27.417 INFO  Minecraft: Guild > 3ctooo joined. 
19:46:42.399 INFO  Minecraft: Guild > 3ctooo left. 
20:00:09.648 INFO  Minecraft:  
20:00:09.656 INFO  Minecraft: [WATCHDOG ANNOUNCEMENT] 
20:00:09.657 INFO  Minecraft: Watchdog has banned 35,194 players in the last 7 days. 
20:00:09.658 INFO  Minecraft: Staff have banned an additional 16,481 in the last 7 days. 
20:00:09.659 INFO  Minecraft: Blacklisted modifications are a bannable offense! 
20:00:09.659 INFO  Minecraft:  
20:51:42.200 INFO  Minecraft: Guild > UnknowAccount joined. 
21:35:30.226 INFO  Minecraft: Guild > NucOps06 joined. 
22:00:09.855 INFO  Minecraft:  
22:00:09.864 INFO  Minecraft: [WATCHDOG ANNOUNCEMENT] 
22:00:09.864 INFO  Minecraft: Watchdog has banned 35,257 players in the last 7 days. 
22:00:09.865 INFO  Minecraft: Staff have banned an additional 16,446 in the last 7 days. 
22:00:09.866 INFO  Minecraft: Blacklisted modifications are a bannable offense! 
22:00:09.866 INFO  Minecraft:  
22:37:54.317 INFO  Minecraft: Guild > NucOps06 left. 
22:37:57.053 INFO  Minecraft: Guild > NucOps06 joined. 
22:41:31.653 INFO  Minecraft: Guild > NucOps06 left. 
22:41:35.657 INFO  Minecraft: Guild > NucOps06 joined. 
23:25:40.996 INFO  Minecraft: Guild > NucOps06 left. 
23:25:43.943 INFO  Minecraft: Guild > NucOps06 joined. 
00:00:10.346 INFO  Minecraft:  
00:00:10.355 INFO  Minecraft: [WATCHDOG ANNOUNCEMENT] 
00:00:10.356 INFO  Minecraft: Watchdog has banned 35,294 players in the last 7 days. 
00:00:10.357 INFO  Minecraft: Staff have banned an additional 16,581 in the last 7 days. 
00:00:10.358 INFO  Minecraft: Blacklisted modifications are a bannable offense! 
00:00:10.359 INFO  Minecraft:  

