00:47:43.916 INFO  Discord: [💬→︱guild-chat] Gura's Shrimp: funky 
00:47:44.299 INFO  Minecraft: Guild > Minikloons [LS]: Gura'sShrimp» funky 
01:36:29.196 INFO  Minecraft: Guild > UnknowAccount left. 
01:37:22.041 INFO  Minecraft: Guild > FearTheVillain3 joined. 
01:37:32.839 INFO  Minecraft: Guild > FearTheVillain3 left. 
01:39:06.358 INFO  Minecraft: Guild > FearTheVillain3 joined. 
01:50:44.166 INFO  Minecraft: Guild > UnknownShadow124 joined. 
01:53:37.093 INFO  Minecraft: Guild > FearTheVillain3 left. 
01:56:31.317 INFO  Minecraft: Guild > FearTheVillain3 joined. 
01:56:41.352 INFO  Minecraft: Guild > FearTheVillain3 left. 
02:00:33.214 INFO  Minecraft:  
02:00:33.215 INFO  Minecraft: [WATCHDOG ANNOUNCEMENT] 
02:00:33.216 INFO  Minecraft: Watchdog has banned 29,947 players in the last 7 days. 
02:00:33.217 INFO  Minecraft: Staff have banned an additional 13,524 in the last 7 days. 
02:00:33.218 INFO  Minecraft: Blacklisted modifications are a bannable offense! 
02:00:33.219 INFO  Minecraft:  
02:06:01.629 INFO  Minecraft: Guild > LRBenito joined. 
02:15:22.565 INFO  Minecraft: Guild > 3ctooo joined. 
02:15:53.981 INFO  Minecraft: Guild > FearTheVillain3 joined. 
02:18:48.616 INFO  Minecraft: Guild > 3ctooo left. 
02:18:54.757 INFO  Minecraft: Guild > UnknowAccount joined. 
02:19:11.718 INFO  Minecraft: [Important] This server will restart soon: Scheduled Reboot 
02:19:11.721 INFO  Minecraft: You have 60 seconds to warp out! CLICK to warp now! 
02:20:10.453 INFO  Minecraft: Evacuating to Hub... 
02:20:10.565 INFO  Minecraft: Sending to server mini896Q... 
02:20:10.721 INFO  Logged in. 
02:20:11.274 INFO  Minecraft:         
02:20:15.223 INFO  Minecraft: You are playing on profile: Zucchini (Co-op) 
02:20:15.722 INFO  Sending to skyblock. 
02:20:16.092 INFO  Minecraft: You are already playing SkyBlock! 
02:20:21.134 INFO  Minecraft: Warping you to your SkyBlock island... 
02:20:21.354 INFO  Minecraft: Sending to server mini282F... 
02:20:21.511 INFO  Logged in. 
02:20:21.731 INFO  Minecraft:         
02:20:24.894 INFO  Minecraft: You are playing on profile: Zucchini (Co-op) 
02:20:26.511 INFO  Sending to skyblock. 
02:20:26.834 INFO  Minecraft: You are already playing SkyBlock! 
02:20:31.891 INFO  Minecraft: You're already sitting on this island! 
02:29:56.104 INFO  Minecraft: Guild > FearTheVillain3 left. 
02:30:22.455 INFO  Minecraft: Guild > UnknowAccount left. 
03:10:35.306 INFO  Minecraft: Guild > UnknownShadow124 left. 
03:10:40.253 INFO  Minecraft: Guild > UnknownShadow124 joined. 
03:14:07.239 INFO  Minecraft: Guild > UnknowAccount joined. 
04:00:33.490 INFO  Minecraft:  
04:00:33.502 INFO  Minecraft: [WATCHDOG ANNOUNCEMENT] 
04:00:33.507 INFO  Minecraft: Watchdog has banned 29,909 players in the last 7 days. 
04:00:33.508 INFO  Minecraft: Staff have banned an additional 13,549 in the last 7 days. 
04:00:33.509 INFO  Minecraft: Blacklisted modifications are a bannable offense! 
04:00:33.509 INFO  Minecraft:  
04:34:57.202 INFO  Minecraft: Guild > LRBenito left. 
04:36:53.485 INFO  Minecraft: Guild > UnknownShadow124 left. 
04:36:56.157 INFO  Minecraft: Guild > UnknownShadow124 joined. 
04:36:59.113 INFO  Minecraft: Guild > UnknownShadow124 left. 
04:49:37.542 INFO  Minecraft: Guild > UnknowAccount left. 
05:49:01.881 INFO  Minecraft: Guild > UnknowAccount joined. 
05:59:29.842 INFO  Minecraft: Guild > UnknowAccount left. 
06:00:34.679 INFO  Minecraft:  
06:00:34.691 INFO  Minecraft: [WATCHDOG ANNOUNCEMENT] 
06:00:34.691 INFO  Minecraft: Watchdog has banned 29,934 players in the last 7 days. 
06:00:34.692 INFO  Minecraft: Staff have banned an additional 13,560 in the last 7 days. 
06:00:34.693 INFO  Minecraft: Blacklisted modifications are a bannable offense! 
06:00:34.693 INFO  Minecraft:  
06:06:37.733 INFO  Minecraft: Guild > LRBenito joined. 
06:13:59.003 INFO  Minecraft: Guild > UnknowAccount joined. 
06:16:30.791 INFO  Minecraft: Guild > LRBenito left. 
06:18:44.356 INFO  Minecraft: Guild > LRBenito joined. 
06:36:46.800 INFO  Minecraft: Guild > UnknowAccount left. 
06:36:49.614 INFO  Minecraft: Guild > UnknowAccount joined. 
07:36:53.031 INFO  Minecraft: Guild > LRBenito left. 
07:36:58.200 INFO  Minecraft: Guild > LRBenito joined. 
08:00:34.849 INFO  Minecraft:  
08:00:34.862 INFO  Minecraft: [WATCHDOG ANNOUNCEMENT] 
08:00:34.863 INFO  Minecraft: Watchdog has banned 29,865 players in the last 7 days. 
08:00:34.864 INFO  Minecraft: Staff have banned an additional 13,493 in the last 7 days. 
08:00:34.864 INFO  Minecraft: Blacklisted modifications are a bannable offense! 
08:00:34.865 INFO  Minecraft:  
08:54:18.528 INFO  Minecraft: Guild > LRBenito left. 
08:54:28.517 INFO  Minecraft: Guild > LRBenito joined. 
08:55:35.021 INFO  Discord: [💬→︱guild-chat] LS | SnowedSeal: owo 
08:55:35.384 INFO  Minecraft: Guild > Minikloons [LS]: LS| SnowedSeal» owo 
09:07:48.303 INFO  Minecraft: Friend > IdlyChiqken joined. 
09:08:33.336 INFO  Minecraft: Friend > IdlyChiqken left. 
09:29:46.372 INFO  Minecraft: Friend > IdlyChiqken joined. 
09:35:12.510 INFO  Discord: [💬→︱guild-chat] Member | IdlyChiqken: henlo 
09:35:13.098 INFO  Minecraft: Guild > Minikloons [LS]: Member| IdlyChiqken» henlo 
09:42:47.793 INFO  Minecraft: Guild > LRBenito left. 
09:43:00.650 INFO  Minecraft: Guild > LRBenito joined. 
09:44:33.807 INFO  Minecraft: Guild > LRBenito left. 
09:52:51.213 INFO  Minecraft: Guild > UnknowAccount left. 
10:00:35.336 INFO  Minecraft:  
10:00:35.347 INFO  Minecraft: [WATCHDOG ANNOUNCEMENT] 
10:00:35.348 INFO  Minecraft: Watchdog has banned 30,065 players in the last 7 days. 
10:00:35.348 INFO  Minecraft: Staff have banned an additional 13,480 in the last 7 days. 
10:00:35.349 INFO  Minecraft: Blacklisted modifications are a bannable offense! 
10:00:35.350 INFO  Minecraft:  
10:01:15.380 INFO  Minecraft: Guild > UnknowAccount joined. 
10:05:54.746 INFO  Minecraft: Guild > UnknowAccount left. 
10:12:23.448 INFO  Minecraft: Guild > 5659 joined. 
10:24:51.645 INFO  Minecraft: Guild > 5659 left. 
11:42:51.355 INFO  Minecraft: Guild > Its_Angle joined. 
11:43:55.401 INFO  Minecraft: Guild > Its_Angle left. 
12:00:35.944 INFO  Minecraft:  
12:00:35.956 INFO  Minecraft: [WATCHDOG ANNOUNCEMENT] 
12:00:35.957 INFO  Minecraft: Watchdog has banned 30,133 players in the last 7 days. 
12:00:35.957 INFO  Minecraft: Staff have banned an additional 13,352 in the last 7 days. 
12:00:35.959 INFO  Minecraft: Blacklisted modifications are a bannable offense! 
12:00:35.959 INFO  Minecraft:  
12:19:08.682 INFO  Minecraft: [Important] This server will restart soon: Scheduled Reboot 
12:19:08.693 INFO  Minecraft: You have 60 seconds to warp out! CLICK to warp now! 
12:20:06.775 INFO  Minecraft: Evacuating to Hub... 
12:20:06.813 INFO  Minecraft: Sending to server mini278W... 
12:20:06.925 INFO  Logged in. 
12:20:07.353 INFO  Minecraft:         
12:20:11.230 INFO  Minecraft: You are playing on profile: Zucchini (Co-op) 
12:20:11.927 INFO  Sending to skyblock. 
12:20:12.255 INFO  Minecraft: You are already playing SkyBlock! 
12:20:17.304 INFO  Minecraft: Warping you to your SkyBlock island... 
12:20:17.560 INFO  Minecraft: Sending to server mini66W... 
12:20:17.704 INFO  Logged in. 
12:20:17.963 INFO  Minecraft:         
12:20:21.128 INFO  Minecraft: You are playing on profile: Zucchini (Co-op) 
12:20:22.778 INFO  Sending to skyblock. 
12:20:23.115 INFO  Minecraft: You are already playing SkyBlock! 
12:20:28.191 INFO  Minecraft: You're already sitting on this island! 
12:22:58.547 INFO  Minecraft: Guild > yKxshi joined. 
12:39:09.085 INFO  Minecraft: Guild > yKxshi left. 
12:50:50.922 INFO  Minecraft: Friend > IdlyChiqken left. 
12:52:24.939 INFO  Minecraft: Guild > ASovietDoge joined. 
12:56:26.216 INFO  Minecraft: Guild > ASovietDoge left. 
12:58:04.172 INFO  Minecraft: Guild > ASovietDoge joined. 
13:00:26.320 INFO  Minecraft: Guild > [VIP] ASovietDoge [CO]: pure silence 
13:00:28.436 INFO  Minecraft: Guild > [VIP] ASovietDoge [CO]: amogus 
13:06:06.399 INFO  Minecraft: Guild > ASovietDoge left. 
13:08:24.835 INFO  Minecraft: Guild > ASovietDoge joined. 
13:20:42.312 INFO  Minecraft: Guild > LRBenito joined. 
13:40:32.621 INFO  Minecraft: Friend > IdlyChiqken joined. 
14:00:36.441 INFO  Minecraft:  
14:00:36.451 INFO  Minecraft: [WATCHDOG ANNOUNCEMENT] 
14:00:36.452 INFO  Minecraft: Watchdog has banned 30,308 players in the last 7 days. 
14:00:36.453 INFO  Minecraft: Staff have banned an additional 13,323 in the last 7 days. 
14:00:36.454 INFO  Minecraft: Blacklisted modifications are a bannable offense! 
14:00:36.454 INFO  Minecraft:  
14:03:16.602 INFO  Minecraft: Guild > ASovietDoge left. 
14:08:27.831 INFO  Minecraft: Guild > ASovietDoge joined. 
14:38:17.343 INFO  Minecraft: Guild > LRBenito left. 
15:04:42.647 INFO  Minecraft: Guild > ASovietDoge left. 
15:39:21.334 INFO  Minecraft: Guild > ranger4josh joined. 
15:41:58.831 INFO  Minecraft: Guild > ranger4josh left. 
16:00:36.859 INFO  Minecraft:  
16:00:36.867 INFO  Minecraft: [WATCHDOG ANNOUNCEMENT] 
16:00:36.871 INFO  Minecraft: Watchdog has banned 30,327 players in the last 7 days. 
16:00:36.872 INFO  Minecraft: Staff have banned an additional 13,323 in the last 7 days. 
16:00:36.872 INFO  Minecraft: Blacklisted modifications are a bannable offense! 
16:00:36.873 INFO  Minecraft:  
16:55:03.161 INFO  Minecraft: Friend > IdlyChiqken left. 
17:02:04.434 INFO  Minecraft: Guild > ranger4josh joined. 
17:04:57.628 INFO  Minecraft: Guild > Pizzas_faces joined. 
17:04:59.401 INFO  Minecraft: Guild > Pizzas_faces joined. 
17:05:04.389 INFO  Minecraft: Guild > Pizzas_faces left. 
17:05:15.681 INFO  Minecraft: Guild > Pizzas_faces left. 
17:09:07.257 INFO  Minecraft: Guild > clonzy joined. 
17:11:28.982 INFO  Minecraft: Guild > Pizzas_faces joined. 
17:11:42.083 INFO  Minecraft: Guild > Pizzas_faces left. 
17:14:53.288 INFO  Minecraft: Guild > UnknowAccount joined. 
17:15:09.009 INFO  Minecraft: A Event: Mayor Elections 146! A 
17:15:09.012 INFO  Minecraft: The election room is now closed. Clerk Seraphine is doing a final count of the votes... 
17:15:09.013 INFO  Minecraft:  
17:15:44.461 INFO  Minecraft: A Event: Mayor Elections 146! A 
17:15:44.464 INFO  Minecraft: Marina is elected Mayor for the year, gg! 
17:15:44.465 INFO  Minecraft: Seraphine counted votes from 155k different players. 
17:15:44.467 INFO  Minecraft: Everybody unlocks exclusive perks! [HOVER TO VIEW] 
17:15:44.468 INFO  Minecraft:  
17:26:47.238 INFO  Minecraft: Guild > ranger4josh left. 
17:29:31.536 INFO  Minecraft: Friend > IdlyChiqken joined. 
17:41:30.572 INFO  Minecraft: Guild > ranger4josh joined. 
17:47:51.257 INFO  Minecraft: Guild > ranger4josh left. 
17:52:36.091 INFO  Minecraft: Guild > clonzy left. 
17:53:48.388 INFO  Minecraft: Guild > clonzy joined. 
18:00:37.012 INFO  Minecraft:  
18:00:37.024 INFO  Minecraft: [WATCHDOG ANNOUNCEMENT] 
18:00:37.025 INFO  Minecraft: Watchdog has banned 30,318 players in the last 7 days. 
18:00:37.027 INFO  Minecraft: Staff have banned an additional 13,138 in the last 7 days. 
18:00:37.030 INFO  Minecraft: Blacklisted modifications are a bannable offense! 
18:00:37.032 INFO  Minecraft:  
18:22:11.280 INFO  Minecraft: Guild > clonzy left. 
18:28:06.524 INFO  Minecraft: Guild > UnknowAccount left. 
18:30:22.533 INFO  Minecraft: Friend > IdlyChiqken left. 
18:38:48.173 INFO  Minecraft: Friend > IdlyChiqken joined. 
18:52:43.810 INFO  Minecraft: Guild > UnknowAccount joined. 
18:55:01.492 INFO  Minecraft: FISHING FESTIVAL The festival is now underway! Break out your fishing rods and watch out for sharks! 
18:59:13.343 INFO  Minecraft: The Traveling Zoo is visiting the SkyBlock Hub! 
18:59:13.353 INFO  Minecraft: CLICK HERE to shop for exotic pets! 
19:02:00.706 INFO  Minecraft: ----------------------------------------------------- 
19:02:00.714 INFO  Minecraft: You have just received 67,355 coins as interest in your co-op bank account! 
19:02:00.715 INFO  Minecraft: ----------------------------------------------------- 
19:08:45.861 INFO  Minecraft: Guild > ranger4josh joined. 
19:18:45.130 INFO  Logging in. 
19:18:46.547 INFO  Discord: Logged in. 
19:18:48.612 INFO  Logged in. 
19:18:48.620 INFO  Minecraft: ----------------------------------------------------- 
19:18:48.622 INFO  Minecraft: Requirements are Skill Avg 23, Cata 23, and 170m net, along 
19:18:48.623 INFO  Minecraft: with 85k gexp a week! Make sure to have fun and contact 
19:18:48.624 INFO  Minecraft: OwOSeal or Smol if you have something to report, or something else to say! 
19:18:48.625 INFO  Minecraft: ----------------------------------------------------- 
19:18:48.900 INFO  Minecraft:                                       
19:18:48.907 INFO  Minecraft:                           
19:18:48.927 INFO  Minecraft: You found a ✰✰✰✰✰ Mystery Box! 
19:18:50.362 INFO  Minecraft: [Mystery Box] eomfamily1878 found a Epic Wizard Wand Gadget! 
19:18:51.184 INFO  Minecraft: [MVP+] StrqfeRod_ joined the lobby! 
19:18:51.186 INFO  Sending to skyblock. 
19:18:51.668 INFO  Minecraft: Sending to server mini834A... 
19:18:51.821 INFO  Logged in. 
19:18:52.087 INFO  Minecraft:         
19:18:53.600 INFO  Minecraft: You're already sitting on this island! 
19:18:53.611 INFO  Sending to skyblock. 
19:18:53.941 INFO  Minecraft: Please don't spam the command! 
19:18:55.239 INFO  Minecraft: You are playing on profile: Zucchini (Co-op) 
19:18:55.837 INFO  Minecraft:  
19:18:55.838 INFO  Minecraft: Welcome to Hypixel SkyBlock! 
19:18:56.237 INFO  Minecraft: ALLOWANCE! You earned 50,000 coins! 
19:18:56.825 INFO  Sending to skyblock. 
19:18:57.145 INFO  Minecraft: Cannot join SkyBlock for a moment! (Queue join in cooldown) 
19:18:58.995 INFO  Minecraft: You're already sitting on this island! 
19:19:02.239 INFO  Minecraft: You're already sitting on this island! 
19:38:05.035 INFO  Minecraft: Guild > ranger4josh left. 
19:54:59.977 INFO  Minecraft: FISHING FESTIVAL The festival has concluded! Time to dry off and repair your rods! 
20:00:37.153 INFO  Minecraft:  
20:00:37.156 INFO  Minecraft: [WATCHDOG ANNOUNCEMENT] 
20:00:37.157 INFO  Minecraft: Watchdog has banned 30,361 players in the last 7 days. 
20:00:37.158 INFO  Minecraft: Staff have banned an additional 13,140 in the last 7 days. 
20:00:37.159 INFO  Minecraft: Blacklisted modifications are a bannable offense! 
20:00:37.160 INFO  Minecraft:  
20:49:28.478 INFO  Minecraft: Guild > BamBoozledMC joined. 
20:50:25.435 INFO  Minecraft: Guild > BamBoozledMC left. 
20:50:32.453 INFO  Minecraft: Guild > BamBoozledMC joined. 
20:56:02.972 INFO  Minecraft: -----------------------------------------------------
[VIP] PvP_Left has requested to join the Guild!
Click here to accept or type /guild accept PvP_Left!
-----------------------------------------------------
 
20:56:16.333 INFO  Minecraft: ----------------------------------------------------- 
20:56:16.337 INFO  Minecraft: [VIP] PvP_Left joined the guild! 
20:56:16.340 INFO  Minecraft: ----------------------------------------------------- 
20:56:16.672 INFO  Minecraft: Guild > Minikloons [LS]: Welcome to Cold Lands PvP_Left! We hope you enjoy your time here. 
20:56:46.101 INFO  Minecraft: From [VIP] PvP_Left: how can i msg my guild only? 
21:03:18.928 INFO  Minecraft: Friend > IdlyChiqken left. 
21:03:55.678 INFO  Minecraft: Friend > IdlyChiqken joined. 
21:11:44.306 INFO  Minecraft: Guild > BamBoozledMC left. 
21:11:47.345 INFO  Minecraft: Guild > BamBoozledMC joined. 
21:34:56.060 INFO  Minecraft: Guild > PvP_Left left. 
21:54:07.019 INFO  Logging in. 
21:54:08.503 INFO  Discord: Logged in. 
21:54:09.526 INFO  Logged in. 
21:54:09.803 INFO  Minecraft:                                       
21:54:09.810 INFO  Minecraft:                           
21:54:09.835 INFO  Minecraft: You found a ✰✰✰✰✰ Mystery Box! 
21:54:11.463 INFO  Minecraft: ----------------------------------------------------- 
21:54:11.465 INFO  Minecraft: Requirements are Skill Avg 23, Cata 23, and 170m net, along 
21:54:11.465 INFO  Minecraft: with 85k gexp a week! Make sure to have fun and contact 
21:54:11.466 INFO  Minecraft: OwOSeal or Smol if you have something to report, or something else to say! 
21:54:11.467 INFO  Minecraft: ----------------------------------------------------- 
21:54:12.443 INFO  Minecraft: [MVP+] CalamityClammy63 joined the lobby! 
21:54:12.444 INFO  Sending to skyblock. 
21:54:12.990 INFO  Minecraft: Sending to server mini114F... 
21:54:13.108 INFO  Logged in. 
21:54:13.387 INFO  Minecraft:         
21:54:14.528 INFO  Sending to skyblock. 
21:54:14.840 INFO  Minecraft: You're already sitting on this island! 
21:54:14.962 INFO  Minecraft: Please don't spam the command! 
21:54:16.614 INFO  Minecraft: You are playing on profile: Zucchini (Co-op) 
21:54:17.137 INFO  Minecraft:  
21:54:17.151 INFO  Minecraft: Welcome to Hypixel SkyBlock! 
21:54:18.109 INFO  Sending to skyblock. 
21:54:18.432 INFO  Minecraft: Cannot join SkyBlock for a moment! (Queue join in cooldown) 
21:54:19.894 INFO  Minecraft: You're already sitting on this island! 
21:54:23.496 INFO  Minecraft: You're already sitting on this island! 
21:56:36.174 INFO  Minecraft: Guild > The4p1 joined. 
22:00:37.327 INFO  Minecraft:  
22:00:37.330 INFO  Minecraft: [WATCHDOG ANNOUNCEMENT] 
22:00:37.332 INFO  Minecraft: Watchdog has banned 30,299 players in the last 7 days. 
22:00:37.332 INFO  Minecraft: Staff have banned an additional 13,262 in the last 7 days. 
22:00:37.333 INFO  Minecraft: Blacklisted modifications are a bannable offense! 
22:00:37.334 INFO  Minecraft:  
22:08:47.516 INFO  Minecraft: Guild > PvP_Left joined. 
22:14:26.893 INFO  Minecraft: Guild > PvP_Left left. 
22:22:42.944 INFO  Minecraft: Friend > IdlyChiqken left. 
22:47:23.382 INFO  Minecraft: Guild > The4p1 left. 
23:27:12.295 INFO  Discord: [💬→︱guild-chat] Gura's Shrimp: e 
23:27:12.671 INFO  Minecraft: Guild > Minikloons [LS]: Gura'sShrimp» e 
23:27:13.437 INFO  Discord: [💬→︱guild-chat] Gura's Shrimp: e 
23:27:13.979 INFO  Discord: [💬→︱guild-chat] Gura's Shrimp: e 
23:27:14.184 INFO  Minecraft: You cannot say the same message twice! 
23:27:14.303 INFO  Minecraft: You cannot say the same message twice! 
23:55:05.006 INFO  Minecraft: [Important] This server will restart soon: Scheduled Reboot 
23:55:05.024 INFO  Minecraft: You have 60 seconds to warp out! CLICK to warp now! 
23:56:03.270 INFO  Minecraft: Evacuating to Hub... 
23:56:03.534 INFO  Minecraft: Sending to server mini295S... 
23:56:03.692 INFO  Logged in. 
23:56:04.298 INFO  Minecraft:         
23:56:08.211 INFO  Minecraft: You are playing on profile: Zucchini (Co-op) 
23:56:08.699 INFO  Sending to skyblock. 
23:56:09.029 INFO  Minecraft: You are already playing SkyBlock! 
23:56:14.073 INFO  Minecraft: Warping you to your SkyBlock island... 
23:56:14.863 INFO  Minecraft: Sending to server mini193B... 
23:56:15.016 INFO  Logged in. 
23:56:15.303 INFO  Minecraft:         
23:56:19.091 INFO  Minecraft: You are playing on profile: Zucchini (Co-op) 
23:56:20.030 INFO  Sending to skyblock. 
23:56:20.370 INFO  Minecraft: You are already playing SkyBlock! 
23:56:25.422 INFO  Minecraft: You're already sitting on this island! 
23:59:59.912 INFO  Minecraft:  
23:59:59.918 INFO  Minecraft: [WATCHDOG ANNOUNCEMENT] 
23:59:59.919 INFO  Minecraft: Watchdog has banned 30,210 players in the last 7 days. 
23:59:59.920 INFO  Minecraft: Staff have banned an additional 13,232 in the last 7 days. 
23:59:59.921 INFO  Minecraft: Blacklisted modifications are a bannable offense! 
23:59:59.921 INFO  Minecraft:  

