00:07:35.949 INFO  Minecraft: Guild > boxed_cat joined. 
00:36:54.095 INFO  Minecraft: Guild > UnknowAccount left. 
00:48:25.439 INFO  Minecraft: Guild > SwagMonkey420 joined. 
00:53:48.164 INFO  Minecraft: Guild > SwagMonkey420 left. 
00:53:49.852 INFO  Minecraft: Guild > SwagMonkey420 joined. 
01:00:50.833 INFO  Minecraft: Guild > UnknowAccount joined. 
01:07:59.705 INFO  Minecraft: Guild > UnknowAccount left. 
01:13:31.958 INFO  Minecraft: Guild > 4717 joined. 
01:30:37.149 INFO  Minecraft: Guild > SwagMonkey420 left. 
01:43:15.064 INFO  Minecraft: Guild > SnowedSeal joined. 
01:43:17.919 INFO  Minecraft: Guild > 4717 left. 
01:43:18.863 INFO  Minecraft: Guild > [MVP++] SnowedSeal [LS]: henlo 
01:45:22.884 INFO  Minecraft: Guild > TimothyPlays57 joined. 
01:49:42.403 INFO  Minecraft: Guild > 4717 joined. 
02:00:05.990 INFO  Minecraft:  
02:00:05.992 INFO  Minecraft: [WATCHDOG ANNOUNCEMENT] 
02:00:05.993 INFO  Minecraft: Watchdog has banned 25,447 players in the last 7 days. 
02:00:05.994 INFO  Minecraft: Staff have banned an additional 7,499 in the last 7 days. 
02:00:05.994 INFO  Minecraft: Blacklisted modifications are a bannable offense! 
02:00:05.995 INFO  Minecraft:  
02:00:35.650 INFO  Minecraft: Guild > TimothyPlays57 left. 
02:01:06.415 INFO  Minecraft: Guild > SwagMonkey420 joined. 
02:08:30.670 INFO  Minecraft: Guild > Za1bot left. 
02:12:38.647 INFO  Minecraft: Guild > Micah_W joined. 
02:14:36.130 INFO  Minecraft: Guild > LRBenito joined. 
02:21:55.068 INFO  Minecraft: Guild > LRBenito left. 
02:22:07.983 INFO  Minecraft: Guild > LRBenito joined. 
02:33:27.472 INFO  Minecraft: Guild > boxed_cat left. 
02:34:54.582 INFO  Minecraft: Guild > [MVP++] SnowedSeal [LS]: wtf 
02:34:58.451 INFO  Minecraft: Guild > [MVP++] SnowedSeal [LS]: two water hhydras in a row 
02:37:18.089 INFO  Minecraft: Guild > FabledLivid joined. 
02:37:23.383 INFO  Minecraft: Guild > [MVP++] SnowedSeal [LS]: henlo 
02:38:20.448 INFO  Minecraft: Guild > [VIP] FabledLivid [M]: henlo 
02:38:23.572 INFO  Minecraft: Guild > [MVP++] SnowedSeal [LS]: :D 
02:39:16.931 INFO  Minecraft: Guild > [VIP] FabledLivid [M]: snowed 
02:39:19.583 INFO  Minecraft: Guild > [VIP] FabledLivid [M]: f6 ? 
02:39:22.623 INFO  Minecraft: Guild > [MVP++] SnowedSeal [LS]: no 
02:39:26.524 INFO  Minecraft: Guild > [VIP] FabledLivid [M]: :(( 
02:39:39.671 INFO  Minecraft: Guild > [MVP++] SnowedSeal [LS]: taking break from dungeons 
02:39:41.686 INFO  Minecraft: Guild > [MVP++] SnowedSeal [LS]: im fishing 
02:40:45.979 INFO  Minecraft: Guild > [VIP] FabledLivid [M]: rip 
02:40:58.849 INFO  Minecraft: Guild > [VIP] FabledLivid [M]: maybe after baldman pays 
02:41:01.568 INFO  Minecraft: Guild > [VIP] FabledLivid [M]: i can becom 
02:41:10.826 INFO  Minecraft: Guild > [VIP] FabledLivid [M]: gs lcm ???? 
02:41:16.970 INFO  Minecraft: Guild > UnknownShadow124 joined. 
02:41:20.594 INFO  Minecraft: Guild > [MVP++] SnowedSeal [LS]: WOT 
02:41:30.682 INFO  Minecraft: Guild > [MVP++] SnowedSeal [LS]: well yeah 
02:41:31.009 INFO  Minecraft: Guild > [VIP] FabledLivid [M]: .. 
02:41:33.024 INFO  Minecraft: Guild > [MVP++] SnowedSeal [LS]: i figured 
02:41:35.425 INFO  Minecraft: Guild > [VIP] FabledLivid [M]: lool 
02:41:37.570 INFO  Minecraft: Guild > [MVP++] SnowedSeal [LS]: you are the lowest common multiple 
02:41:44.134 INFO  Minecraft: Guild > [VIP] FabledLivid [M]: >_< 
02:41:46.805 INFO  Minecraft: Guild > [VIP] FabledLivid [M]: n o 
02:42:34.517 INFO  Minecraft: Guild > [VIP] FabledLivid [M]: yoo 
02:42:39.214 INFO  Minecraft: Guild > [VIP] FabledLivid [M]: baldman got on 
02:43:18.553 INFO  Minecraft: Guild > [VIP] FabledLivid [M]: wat did i just witness 
02:43:22.739 INFO  Minecraft: Guild > [MVP++] SnowedSeal [LS]: ? 
02:43:29.919 INFO  Minecraft: Guild > [VIP] FabledLivid [M]: im reading one punch man 
02:43:32.234 INFO  Minecraft: Guild > [MVP++] SnowedSeal [LS]: k 
02:43:39.357 INFO  Minecraft: Guild > [VIP] FabledLivid [M]: and amai mask just got ripped in half 
02:43:46.558 INFO  Minecraft: Guild > [VIP] FabledLivid [M]: by an ugly bastard 
02:43:46.665 INFO  Minecraft: Guild > [MVP++] SnowedSeal [LS]: okay 
02:43:54.980 INFO  Minecraft: Guild > [MVP++] SnowedSeal [LS]: but 
02:43:58.840 INFO  Minecraft: Guild > [MVP++] SnowedSeal [LS]: did i ask? 
02:44:26.260 INFO  Discord: [💬→︱guild-chat] LS | SnowedSeal: skill 
02:44:26.614 INFO  Minecraft: Guild > Minikloons [LS]: LS| SnowedSeal» skill 
02:46:20.873 INFO  Minecraft: Guild > SwagMonkey420 left. 
02:47:51.484 INFO  Minecraft: Guild > SnowedSeal left. 
02:49:06.689 INFO  Minecraft: Guild > UnknownShadow124 left. 
02:49:38.694 INFO  Minecraft: Guild > LRBenito left. 
02:49:45.750 INFO  Minecraft: Guild > LRBenito joined. 
02:51:10.926 INFO  Minecraft: Guild > FabledLivid left. 
03:15:41.196 INFO  Minecraft: Guild > Za1bot joined. 
03:21:43.290 INFO  Minecraft: Guild > ASovietDoge joined. 
03:26:51.251 INFO  Minecraft: Guild > ASovietDoge left. 
03:28:13.946 INFO  Minecraft: Guild > ASovietDoge joined. 
03:31:41.066 INFO  Minecraft: Guild > nicemoney joined. 
03:33:49.966 INFO  Minecraft: Guild > UnknownShadow124 joined. 
03:34:25.130 INFO  Minecraft: Guild > UnknownShadow124 left. 
03:34:55.321 INFO  Minecraft: Guild > nicemoney left. 
03:57:27.893 INFO  Minecraft: Guild > ASovietDoge left. 
04:00:06.126 INFO  Minecraft:  
04:00:06.130 INFO  Minecraft: [WATCHDOG ANNOUNCEMENT] 
04:00:06.131 INFO  Minecraft: Watchdog has banned 25,793 players in the last 7 days. 
04:00:06.132 INFO  Minecraft: Staff have banned an additional 7,643 in the last 7 days. 
04:00:06.133 INFO  Minecraft: Blacklisted modifications are a bannable offense! 
04:00:06.133 INFO  Minecraft:  
04:05:42.000 INFO  Minecraft: Guild > 4717 left. 
04:41:05.893 INFO  Minecraft: Guild > Pizzas_faces joined. 
04:41:06.761 INFO  Minecraft: Guild > Pizzas_faces joined. 
04:41:07.889 INFO  Minecraft: Guild > Pizzas_faces left. 
04:49:34.845 INFO  Minecraft: Guild > Micah_W left. 
04:49:36.664 INFO  Minecraft: Guild > Micah_W joined. 
04:52:03.999 INFO  Minecraft: Guild > SwagMonkey420 joined. 
04:53:39.159 INFO  Minecraft: Guild > Micah_W left. 
04:55:22.005 INFO  Minecraft: Guild > SwagMonkey420 left. 
04:56:39.532 INFO  Minecraft: Guild > SwagMonkey420 joined. 
04:58:58.145 INFO  Minecraft: Guild > Micah_W joined. 
05:04:50.746 INFO  Minecraft: Guild > Za1bot left. 
05:11:32.161 INFO  Minecraft: Guild > SwagMonkey420 left. 
05:22:13.120 INFO  Minecraft: Guild > yKxshi joined. 
05:22:31.940 INFO  Minecraft: Guild > SnowedSeal joined. 
05:22:35.072 INFO  Minecraft: Guild > [MVP++] SnowedSeal [LS]: henlo 
05:22:38.436 INFO  Minecraft: Guild > [MVP++] SnowedSeal [LS]: claiming scorp bribe 
05:22:39.991 INFO  Minecraft: Guild > [MVP+] yKxshi [M]: hello 
05:22:45.016 INFO  Minecraft: Guild > [MVP++] SnowedSeal [LS]: :D 
05:22:56.760 INFO  Minecraft: Guild > [MVP+] yKxshi [M]: free money 
05:22:57.214 INFO  Minecraft: Guild > [MVP++] SnowedSeal [LS]: 0_0 
05:23:00.133 INFO  Minecraft: Guild > [MVP++] SnowedSeal [LS]: MY SLOTS ARENT LOCKED 
05:23:03.224 INFO  Minecraft: Guild > [MVP++] SnowedSeal [LS]: o no 
05:23:23.920 INFO  Minecraft: Guild > [MVP++] SnowedSeal [LS]: 1.17 hypixlel is bad 
05:23:25.134 INFO  Minecraft: Guild > [MVP++] SnowedSeal [LS]: hpyixel 
05:23:26.684 INFO  Minecraft: Guild > [MVP++] SnowedSeal [LS]: hypixel 
05:23:33.009 INFO  Minecraft: Guild > Pizzas_faces left. 
05:23:36.290 INFO  Minecraft: Guild > [MVP+] yKxshi [M]: alright imma go back to the smp cya 
05:23:37.812 INFO  Minecraft: Guild > yKxshi left. 
05:23:38.410 INFO  Minecraft: Guild > [MVP++] SnowedSeal [LS]: same 
05:23:48.294 INFO  Minecraft: Guild > [MVP++] SnowedSeal [LS]: wait 
05:24:47.253 INFO  Minecraft: Guild > SnowedSeal left. 
05:27:07.346 INFO  Minecraft: Guild > Micah_W left. 
05:33:58.712 INFO  Minecraft: Guild > TimothyPlays57 joined. 
05:36:14.281 INFO  Minecraft: Guild > UnknowAccount joined. 
05:41:23.887 INFO  Minecraft: Guild > TimothyPlays57 left. 
05:45:10.101 INFO  Minecraft: Guild > 4717 joined. 
06:00:07.329 INFO  Minecraft:  
06:00:07.338 INFO  Minecraft: [WATCHDOG ANNOUNCEMENT] 
06:00:07.339 INFO  Minecraft: Watchdog has banned 26,118 players in the last 7 days. 
06:00:07.339 INFO  Minecraft: Staff have banned an additional 7,878 in the last 7 days. 
06:00:07.340 INFO  Minecraft: Blacklisted modifications are a bannable offense! 
06:00:07.341 INFO  Minecraft:  
06:12:35.185 INFO  Minecraft: Guild > OwOPingu joined. 
06:14:23.436 INFO  Minecraft: -----------------------------------------------------
[MVP+] Blobby_Will has requested to join the Guild!
Click here to accept or type /guild accept Blobby_Will!
-----------------------------------------------------
 
06:21:41.013 INFO  Minecraft: Guild > LRBenito left. 
06:23:14.332 INFO  Minecraft: Guild > LRBenito joined. 
06:26:41.115 INFO  Minecraft: Guild > clonzy joined. 
06:27:55.405 INFO  Minecraft: Guild > clonzy left. 
07:00:38.829 INFO  Minecraft: Guild > OwOPingu left. 
07:03:54.828 INFO  Minecraft: Guild > Za1bot joined. 
07:11:06.696 INFO  Minecraft: Guild > [MVP+] Za1bot [M]: so? 
07:11:09.499 INFO  Minecraft: Guild > [MVP+] Za1bot [M]: wc 
07:15:10.438 INFO  Minecraft: Guild > Za1bot left. 
07:30:35.652 INFO  Minecraft: Guild > OwOPingu joined. 
07:36:04.705 INFO  Minecraft: Guild > UnknowAccount left. 
07:36:06.066 INFO  Minecraft: Guild > UnknowAccount joined. 
08:00:07.406 INFO  Minecraft:  
08:00:07.413 INFO  Minecraft: [WATCHDOG ANNOUNCEMENT] 
08:00:07.414 INFO  Minecraft: Watchdog has banned 26,416 players in the last 7 days. 
08:00:07.415 INFO  Minecraft: Staff have banned an additional 7,989 in the last 7 days. 
08:00:07.416 INFO  Minecraft: Blacklisted modifications are a bannable offense! 
08:00:07.417 INFO  Minecraft:  
08:02:04.624 INFO  Minecraft: Guild > LRBenito left. 
08:02:46.685 INFO  Minecraft: Guild > LRBenito joined. 
08:22:13.820 INFO  Minecraft: Guild > LRBenito left. 
08:38:43.601 INFO  Minecraft: Guild > UnknowAccount left. 
08:48:15.700 INFO  Minecraft: Guild > SnowedSeal joined. 
08:48:19.731 INFO  Minecraft: Guild > [MVP++] SnowedSeal [LS]: henlo 
08:57:23.390 INFO  Minecraft: Guild > WitheredRoyal joined. 
09:04:22.746 INFO  Minecraft: Guild > yKxshi joined. 
09:06:27.866 INFO  Minecraft: Guild > SnowedSeal left. 
09:08:14.538 INFO  Minecraft: Guild > SnowedSeal joined. 
09:08:17.727 INFO  Minecraft: Guild > [MVP++] SnowedSeal [LS]: henlo 
09:10:21.608 INFO  Discord: [💬→︱guild-chat] Admin | TinyHarpSeal: henlo 
09:10:21.965 INFO  Minecraft: Guild > Minikloons [LS]: Admin| TinyHarpSeal» henlo 
09:10:26.801 INFO  Minecraft: Guild > [MVP++] SnowedSeal [LS]: henloo 
09:10:29.041 INFO  Minecraft: Guild > [VIP+] WitheredRoyal [M]: lo hens 
09:10:41.223 INFO  Discord: [💬→︱guild-chat] Admin | TinyHarpSeal: guild chat kinda dying 0_o 
09:10:41.544 INFO  Minecraft: Guild > Minikloons [LS]: Admin| TinyHarpSeal» guild chat kinda dying 0_o 
09:11:28.969 INFO  Minecraft: Guild > yKxshi left. 
09:11:33.314 INFO  Minecraft: Guild > [VIP+] WitheredRoyal [M]: Guild chat is but a wasteland 
09:21:16.727 INFO  Minecraft: Guild > yKxshi joined. 
09:22:20.033 INFO  Minecraft: Guild > yKxshi left. 
09:38:00.194 INFO  Minecraft: Guild > YoMadaEatingRice joined. 
09:51:21.744 INFO  Minecraft: Guild > clonzy joined. 
09:55:46.183 INFO  Minecraft: Guild > clonzy left. 
10:00:07.516 INFO  Minecraft:  
10:00:07.519 INFO  Minecraft: [WATCHDOG ANNOUNCEMENT] 
10:00:07.520 INFO  Minecraft: Watchdog has banned 26,661 players in the last 7 days. 
10:00:07.521 INFO  Minecraft: Staff have banned an additional 8,152 in the last 7 days. 
10:00:07.522 INFO  Minecraft: Blacklisted modifications are a bannable offense! 
10:00:07.522 INFO  Minecraft:  
10:05:48.597 INFO  Minecraft: Guild > [VIP+] WitheredRoyal [M]: Can you use AoTS if it has stars but no rev 8 
10:05:54.081 INFO  Minecraft: Guild > [MVP++] SnowedSeal [LS]: i think 
10:15:14.642 INFO  Minecraft: Guild > YoMadaEatingRice left. 
10:18:17.233 INFO  Minecraft: Guild > SnowedSeal left. 
10:20:04.082 INFO  Minecraft: Guild > SnowedSeal joined. 
10:20:07.886 INFO  Minecraft: Guild > [MVP++] SnowedSeal [LS]: enlo 
10:20:08.810 INFO  Minecraft: Guild > [MVP++] SnowedSeal [LS]: henlo 
10:22:37.469 INFO  Minecraft: Guild > [VIP+] WitheredRoyal [M]: Can you not use final destination at enderman 4 or can you just not craft it? 
10:22:48.412 INFO  Minecraft: Guild > [MVP++] SnowedSeal [LS]: i dont think you can use it 
10:22:56.226 INFO  Minecraft: Guild > [VIP+] WitheredRoyal [M]: :sadge: ok thx 
10:29:13.468 INFO  Minecraft: Guild > [VIP+] WitheredRoyal [M]: Some guy asked if any girl in a bw game was single someone said me owo 
10:29:16.466 INFO  Minecraft: Guild > [VIP+] WitheredRoyal [M]: .-. 
10:29:18.532 INFO  Minecraft: Guild > [MVP++] SnowedSeal [LS]: lmfao 
10:29:34.122 INFO  Minecraft: Guild > [VIP+] WitheredRoyal [M]: Bedwars players never cease to amaze 
10:30:52.347 INFO  Minecraft: Guild > [MVP++] SnowedSeal [LS]: uh 
10:30:53.644 INFO  Minecraft: Guild > [MVP++] SnowedSeal [LS]: wc 
10:32:05.920 INFO  Minecraft: Guild > [MVP++] SnowedSeal [LS]: k 
10:32:27.019 INFO  Minecraft: Guild > SnowedSeal left. 
10:42:07.027 INFO  Minecraft: Guild > clonzy joined. 
10:46:40.498 INFO  Minecraft: Guild > clonzy left. 
10:47:53.809 INFO  Minecraft: Guild > clonzy joined. 
10:48:21.539 INFO  Minecraft: Guild > Za1bot joined. 
10:48:42.499 INFO  Minecraft: Guild > yKxshi joined. 
10:48:43.765 INFO  Discord: [💬→︱guild-chat] LS | SnowedSeal: owo 
10:48:44.119 INFO  Minecraft: Guild > Minikloons [LS]: LS| SnowedSeal» owo 
10:48:45.749 INFO  Minecraft: Guild > clonzy left. 
10:48:46.974 INFO  Discord: [💬→︱guild-chat] LS | SnowedSeal: henlo ykxshi 
10:48:47.304 INFO  Minecraft: Guild > Minikloons [LS]: LS| SnowedSeal» henlo ykxshi 
10:48:55.837 INFO  Minecraft: Guild > [MVP+] Za1bot [M]: henlo snowedseal 
10:49:01.739 INFO  Minecraft: Guild > [VIP+] WitheredRoyal [M]: UwU? 
10:49:03.434 INFO  Minecraft: Guild > [MVP+] Za1bot [M]: i am totally ykxshi 
10:49:12.393 INFO  Minecraft: Guild > [MVP+] yKxshi [M]: what 
10:49:18.759 INFO  Minecraft: Guild > clonzy joined. 
10:49:43.985 INFO  Minecraft: Guild > [VIP+] WitheredRoyal [M]: I need my ah to sell so I can main enderman salyer :/ 
10:49:52.510 INFO  Discord: [💬→︱guild-chat] LS | SnowedSeal: ykxshi check dms 
10:49:52.837 INFO  Minecraft: Guild > Minikloons [LS]: LS| SnowedSeal» ykxshi check dms 
10:54:27.582 INFO  Minecraft: Guild > TimothyPlays57 joined. 
10:56:53.139 INFO  Minecraft: Guild > clonzy left. 
10:57:56.052 INFO  Minecraft: Guild > TimothyPlays57 left. 
10:59:57.528 INFO  Minecraft: Guild > yKxshi left. 
11:00:56.544 INFO  Minecraft: Guild > yKxshi joined. 
11:07:30.263 INFO  Minecraft: Guild > 4717 left. 
11:09:06.511 INFO  Minecraft: Guild > 4717 joined. 
11:09:22.408 INFO  Minecraft: Guild > TimothyPlays57 joined. 
11:09:53.424 INFO  Minecraft: Guild > 4717 left. 
11:11:59.774 INFO  Minecraft: Guild > yKxshi left. 
11:12:50.213 INFO  Minecraft: Guild > WitheredRoyal left. 
11:13:33.309 INFO  Minecraft: Guild > 4717 joined. 
11:15:22.229 INFO  Minecraft: Guild > 4717 left. 
11:16:48.444 INFO  Minecraft: Guild > 4717 joined. 
11:24:47.043 INFO  Minecraft: Guild > Micah_W joined. 
11:36:38.704 INFO  Minecraft: Guild > TimothyPlays57 left. 
11:46:01.817 INFO  Minecraft: Guild > 4717 left. 
11:48:44.161 INFO  Minecraft: Guild > 4717 joined. 
12:00:07.633 INFO  Minecraft:  
12:00:07.640 INFO  Minecraft: [WATCHDOG ANNOUNCEMENT] 
12:00:07.641 INFO  Minecraft: Watchdog has banned 26,945 players in the last 7 days. 
12:00:07.642 INFO  Minecraft: Staff have banned an additional 8,241 in the last 7 days. 
12:00:07.643 INFO  Minecraft: Blacklisted modifications are a bannable offense! 
12:00:07.644 INFO  Minecraft:  
12:04:58.594 INFO  Minecraft: Guild > 4717 left. 
12:05:06.356 INFO  Minecraft: Guild > 4717 joined. 
12:09:59.408 INFO  Minecraft: Guild > OwOPingu left. 
12:13:50.705 INFO  Minecraft: Guild > OwOPingu joined. 
12:20:09.755 INFO  Minecraft: Guild > 4717 left. 
12:31:12.091 INFO  Minecraft: Guild > Za1bot left. 
12:31:23.089 INFO  Minecraft: Guild > ShredderSeal joined. 
12:32:04.089 INFO  Minecraft: Guild > ShredderSeal left. 
12:33:12.368 INFO  Minecraft: Guild > ShredderSeal joined. 
12:35:00.472 INFO  Minecraft: SPOOKY FESTIVAL The event starts in 3 days! 
12:35:00.474 INFO  Minecraft: SPOOKY FESTIVAL the Fear Mongerer has arrived in the hub! 
12:42:31.933 INFO  Minecraft: Guild > 4717 joined. 
12:55:00.669 INFO  Minecraft: SPOOKY FESTIVAL The event starts in 2 days! 
12:59:00.228 INFO  Minecraft: Guild > 4717 left. 
13:02:05.513 INFO  Minecraft: Guild > friendly_rook joined. 
13:02:14.534 INFO  Minecraft: Guild > friendly_rook left. 
13:05:17.317 INFO  Minecraft: Guild > friendly_rook joined. 
13:13:47.008 INFO  Minecraft: Guild > friendly_rook left. 
13:15:00.193 INFO  Minecraft: SPOOKY FESTIVAL The event starts in 1 day! 
13:22:08.423 INFO  Minecraft: Guild > ASovietDoge joined. 
13:22:30.403 INFO  Minecraft: Guild > ASovietDoge left. 
13:23:35.720 INFO  Minecraft: Guild > ASovietDoge joined. 
13:24:30.716 INFO  Minecraft: Guild > ASovietDoge left. 
13:27:10.396 INFO  Minecraft: Guild > ASovietDoge joined. 
13:40:00.739 INFO  Minecraft: SPOOKY FESTIVAL A Bat Piñata has appeared! It's dropping candies! 
13:50:44.528 INFO  Minecraft: Guild > Micah_W left. 
13:58:16.210 INFO  Minecraft: Guild > ShredderSeal left. 
14:00:07.745 INFO  Minecraft:  
14:00:07.748 INFO  Minecraft: [WATCHDOG ANNOUNCEMENT] 
14:00:07.749 INFO  Minecraft: Watchdog has banned 27,566 players in the last 7 days. 
14:00:07.750 INFO  Minecraft: Staff have banned an additional 8,372 in the last 7 days. 
14:00:07.750 INFO  Minecraft: Blacklisted modifications are a bannable offense! 
14:00:07.751 INFO  Minecraft:  
14:09:29.486 INFO  Discord: [💬→︱guild-chat] LS | SnowedSeal: question 
14:09:29.859 INFO  Minecraft: Guild > Minikloons [LS]: LS| SnowedSeal» question 
14:11:27.531 INFO  Minecraft: Guild > BamBoozledMC joined. 
14:13:06.047 INFO  Minecraft: BamBoozledMC joined SkyBlock. 
14:14:00.914 INFO  Logged in. 
14:14:01.097 INFO  Minecraft:                                       
14:14:01.106 INFO  Minecraft:                           
14:14:01.203 INFO  Minecraft: You found a ✰✰✰✰✰ Mystery Box! 
14:19:04.321 INFO  Logging in. 
14:19:05.990 INFO  Discord: Logged in. 
14:19:08.253 INFO  Logged in. 
14:19:08.538 INFO  Minecraft:                                       
14:19:08.551 INFO  Minecraft:                           
14:19:09.955 INFO  Minecraft: ----------------------------------------------------- 
14:19:09.956 INFO  Minecraft: Requirements are Skill Avg 23, Cata 23, and 170m net, along 
14:19:09.957 INFO  Minecraft: with 85k gexp a week! Make sure to have fun and contact 
14:19:09.958 INFO  Minecraft: OwOSeal or Smol if you have something to report, or something else to say! 
14:19:09.959 INFO  Minecraft: ----------------------------------------------------- 
14:19:13.255 INFO  Sending to skyblock. 
14:19:14.160 INFO  Minecraft: Sending to server mini857F... 
14:19:14.265 INFO  Logged in. 
14:19:14.551 INFO  Minecraft:         
14:19:16.846 INFO  Minecraft: Guild > clonzy joined. 
14:19:17.776 INFO  Minecraft: You are playing on profile: Zucchini (Co-op) 
14:19:18.360 INFO  Minecraft:  
14:19:18.362 INFO  Minecraft: Welcome to Hypixel SkyBlock! 
14:19:18.362 INFO  Minecraft: 2x experience is currently enabled! 
14:19:18.624 INFO  Minecraft: You're already sitting on this island! 
14:19:19.270 INFO  Sending to skyblock. 
14:19:19.594 INFO  Minecraft: Cannot join SkyBlock for a moment! (Queue join in cooldown) 
14:19:24.711 INFO  Minecraft: You're already sitting on this island! 
14:20:22.977 INFO  Minecraft: Guild > 5659 joined. 
14:28:10.735 INFO  Minecraft: [Bazaar] Your co-op Sell Offer for 6x Purple Candy was filled! 
14:33:34.210 INFO  Minecraft: Guild > 5659 left. 
14:35:18.821 INFO  Minecraft: [Bazaar] Your co-op Sell Offer for 23x Green Candy was filled! 
14:38:40.384 INFO  Minecraft: Guild > clonzy left. 
14:39:35.447 INFO  Minecraft: Guild > clonzy joined. 
14:39:42.467 INFO  Minecraft: Guild > clonzy left. 
14:40:36.567 INFO  Minecraft: Guild > clonzy joined. 
14:43:32.549 INFO  Minecraft: Guild > clonzy left. 
14:43:34.685 INFO  Minecraft: Guild > clonzy joined. 
14:44:50.059 INFO  Minecraft: Guild > ASovietDoge left. 
14:44:53.857 INFO  Minecraft: Guild > ASovietDoge joined. 
14:44:59.797 INFO  Minecraft: Guild > LRBenito joined. 
14:49:50.891 INFO  Minecraft: Guild > 4717 joined. 
14:54:53.574 INFO  Minecraft: Guild > clonzy left. 
14:57:31.914 INFO  Minecraft: Guild > 4717 left. 
15:06:24.984 INFO  Minecraft: Guild > ShredderSeal joined. 
15:09:10.344 INFO  Minecraft: Guild > ranger4josh joined. 
15:10:56.335 INFO  Minecraft: Guild > ASovietDoge left. 
15:25:50.194 INFO  Minecraft: Guild > LRBenito left. 
15:29:20.331 INFO  Minecraft: Guild > ranger4josh left. 
15:53:02.578 INFO  Minecraft: Guild > BamBoozledMC left. 
15:58:34.032 INFO  Minecraft: Guild > nicemoney joined. 
16:00:07.866 INFO  Minecraft:  
16:00:07.873 INFO  Minecraft: [WATCHDOG ANNOUNCEMENT] 
16:00:07.873 INFO  Minecraft: Watchdog has banned 27,917 players in the last 7 days. 
16:00:07.874 INFO  Minecraft: Staff have banned an additional 8,432 in the last 7 days. 
16:00:07.875 INFO  Minecraft: Blacklisted modifications are a bannable offense! 
16:00:07.876 INFO  Minecraft:  
16:13:30.695 INFO  Minecraft: [Important] This server will restart soon: Scheduled Reboot 
16:13:30.708 INFO  Minecraft: You have 60 seconds to warp out! CLICK to warp now! 
16:14:28.900 INFO  Minecraft: Evacuating to Hub... 
16:14:29.019 INFO  Minecraft: Sending to server mini321J... 
16:14:29.133 INFO  Logged in. 
16:14:29.780 INFO  Minecraft:         
16:14:34.135 INFO  Sending to skyblock. 
16:14:34.291 INFO  Minecraft: You are playing on profile: Zucchini (Co-op) 
16:14:34.746 INFO  Minecraft: You are already playing SkyBlock! 
16:14:39.545 INFO  Minecraft: Warping you to your SkyBlock island... 
16:14:39.841 INFO  Minecraft: Sending to server mini566F... 
16:14:39.998 INFO  Logged in. 
16:14:40.375 INFO  Minecraft:         
16:14:43.404 INFO  Minecraft: You are playing on profile: Zucchini (Co-op) 
16:14:45.000 INFO  Sending to skyblock. 
16:14:45.324 INFO  Minecraft: You are already playing SkyBlock! 
16:14:50.426 INFO  Minecraft: You're already sitting on this island! 
16:20:30.195 INFO  Minecraft: Guild > ranger4josh joined. 
16:20:35.736 INFO  Minecraft: Guild > [VIP] ShredderSeal [M]: pog 
16:20:38.690 INFO  Minecraft: Guild > [VIP] ShredderSeal [M]: fame rank up 
16:26:43.855 INFO  Minecraft: Guild > ranger4josh left. 
16:26:52.665 INFO  Minecraft: Guild > ranger4josh joined. 
16:33:46.200 INFO  Minecraft: Guild > [VIP] ShredderSeal [M]: can someone be my fragbot? ill pay 100k 
16:34:01.757 INFO  Minecraft: Guild > nicemoney left. 
16:34:03.052 INFO  Minecraft: Guild > [VIP] ShredderSeal [M]: i just want to test something 
16:34:27.284 INFO  Minecraft: Guild > [MVP+] ranger4josh [M]: guys diver armor is super busted 
16:34:32.111 INFO  Minecraft: Guild > [VIP] ShredderSeal [M]: what 
16:34:46.323 INFO  Minecraft: Guild > [MVP+] ranger4josh [M]: if you go into water you constantly move in direction you face 
16:34:54.824 INFO  Minecraft: Guild > [VIP] ShredderSeal [M]: thats shit? 
16:35:03.357 INFO  Minecraft: Guild > [VIP] ShredderSeal [M]: wdym its busted? 
16:35:10.273 INFO  Minecraft: Guild > [VIP] ShredderSeal [M]: its annoying af 
16:35:22.529 INFO  Minecraft: Guild > [MVP+] ranger4josh [M]: thats not how its meant to work tho 
16:35:34.735 INFO  Minecraft: Guild > nicemoney joined. 
16:41:39.074 INFO  Minecraft: Guild > OwOPingu left. 
16:47:12.206 INFO  Minecraft: Guild > BamBoozledMC joined. 
16:47:38.475 INFO  Minecraft: Guild > nicemoney left. 
16:51:46.098 INFO  Minecraft: Guild > [VIP] ShredderSeal [M]: can anyone go to a dungeon run with me rq 
17:05:43.678 INFO  Minecraft: Guild > ranger4josh left. 
17:27:00.596 INFO  Minecraft: Guild > [VIP] ShredderSeal [M]: go? 
17:27:04.674 INFO  Minecraft: Guild > [VIP] ShredderSeal [M]: wc 
17:27:32.234 INFO  Minecraft: Guild > BamBoozledMC left. 
18:00:07.965 INFO  Minecraft:  
18:00:07.981 INFO  Minecraft: [WATCHDOG ANNOUNCEMENT] 
18:00:07.982 INFO  Minecraft: Watchdog has banned 28,229 players in the last 7 days. 
18:00:07.983 INFO  Minecraft: Staff have banned an additional 8,505 in the last 7 days. 
18:00:07.983 INFO  Minecraft: Blacklisted modifications are a bannable offense! 
18:00:07.984 INFO  Minecraft:  
18:28:48.557 INFO  Minecraft: Guild > ShredderSeal left. 
18:57:19.018 INFO  Minecraft: Guild > ShredderSeal joined. 
19:18:16.122 INFO  Minecraft: Guild > UnknowAccount joined. 
19:26:05.550 INFO  Minecraft: Guild > BamBoozledMC joined. 
19:26:17.231 INFO  Minecraft: BamBoozledMC joined SkyBlock. 
19:28:55.786 INFO  Minecraft: [Bazaar] Your co-op Sell Offer for 64x Enchanted Quartz was filled! 
19:29:57.354 INFO  Minecraft: You gained 3,520 Mining experience from minions! 
19:29:58.069 INFO  Minecraft: You gained 1,408 Mining experience from minions! 
19:30:01.406 INFO  Minecraft: You gained 3,456 Mining experience from minions! 
19:30:01.944 INFO  Minecraft: You gained 1,408 Mining experience from minions! 
19:30:04.706 INFO  Minecraft: You gained 3,520 Mining experience from minions! 
19:30:05.341 INFO  Minecraft: You gained 1,408 Mining experience from minions! 
19:30:08.398 INFO  Minecraft: You gained 3,520 Mining experience from minions! 
19:30:08.973 INFO  Minecraft: You gained 1,408 Mining experience from minions! 
19:30:11.465 INFO  Minecraft: You gained 3,456 Mining experience from minions! 
19:30:12.677 INFO  Minecraft: You gained 1,344 Mining experience from minions! 
19:30:16.832 INFO  Minecraft: You gained 1,408 Mining experience from minions! 
19:30:17.412 INFO  Minecraft: You gained 3,456 Mining experience from minions! 
19:30:19.493 INFO  Minecraft: You gained 3,520 Mining experience from minions! 
19:30:20.064 INFO  Minecraft: You gained 1,408 Mining experience from minions! 
19:30:23.693 INFO  Minecraft: You gained 3,520 Mining experience from minions! 
19:30:24.234 INFO  Minecraft: You gained 1,408 Mining experience from minions! 
19:30:26.438 INFO  Minecraft: You gained 3,520 Mining experience from minions! 
19:30:27.085 INFO  Minecraft: You gained 1,408 Mining experience from minions! 
19:30:34.316 INFO  Minecraft: You gained 3,456 Mining experience from minions! 
19:30:34.910 INFO  Minecraft: You gained 1,408 Mining experience from minions! 
19:30:40.865 INFO  Minecraft: You gained 3,456 Mining experience from minions! 
19:30:41.514 INFO  Minecraft: You gained 1,408 Mining experience from minions! 
19:30:47.925 INFO  Minecraft: You gained 3,520 Mining experience from minions! 
19:30:48.544 INFO  Minecraft: You gained 1,344 Mining experience from minions! 
19:30:59.195 INFO  Minecraft: BamBoozledMC joined SkyBlock. 
19:34:05.192 INFO  Minecraft: BamBoozledMC joined SkyBlock. 
19:43:54.273 INFO  Minecraft: ----------------------------------------------------- 
19:43:54.284 INFO  Minecraft: [MVP+] BamBoozledMC created a BIN auction for Enchanted Book at 18,000 coins! 
19:43:54.285 INFO  Minecraft: ----------------------------------------------------- 
19:46:44.215 INFO  Minecraft: BamBoozledMC joined SkyBlock. 
20:00:08.057 INFO  Minecraft:  
20:00:08.067 INFO  Minecraft: [WATCHDOG ANNOUNCEMENT] 
20:00:08.071 INFO  Minecraft: Watchdog has banned 28,509 players in the last 7 days. 
20:00:08.072 INFO  Minecraft: Staff have banned an additional 8,584 in the last 7 days. 
20:00:08.073 INFO  Minecraft: Blacklisted modifications are a bannable offense! 
20:00:08.074 INFO  Minecraft:  
20:01:27.702 INFO  Minecraft: ▬▬▬▬▬▬▬▬▬▬▬▬▬▬▬▬▬▬▬▬▬▬▬▬▬▬▬▬▬▬▬▬▬▬▬▬▬▬▬▬▬▬▬▬▬▬▬▬▬▬▬▬▬▬▬▬▬▬▬▬▬▬▬▬ 
20:01:27.711 INFO  Minecraft:   COLLECTION LEVEL UP Pumpkin IX➜X 
20:01:27.712 INFO  Minecraft:    CO-OP » Unlocked by [MVP+] BamBoozledMC 
20:01:27.713 INFO  Minecraft:  
20:01:27.713 INFO  Minecraft:   REWARD 
20:01:27.716 INFO  Minecraft:     Polished Pumpkin Recipe 
20:01:27.717 INFO  Minecraft: ▬▬▬▬▬▬▬▬▬▬▬▬▬▬▬▬▬▬▬▬▬▬▬▬▬▬▬▬▬▬▬▬▬▬▬▬▬▬▬▬▬▬▬▬▬▬▬▬▬▬▬▬▬▬▬▬▬▬▬▬▬▬▬▬ 
20:12:44.032 INFO  Minecraft: [Bazaar] Your co-op Sell Offer for 136x Enchanted Carrot was filled! 
20:15:17.226 INFO  Minecraft: Guild > ranger4josh joined. 
20:19:00.879 INFO  Minecraft: [Bazaar] Your co-op Sell Offer for 98x Enchanted Pumpkin was filled! 
20:20:06.393 INFO  Minecraft: ----------------------------------------------------- 
20:20:06.422 INFO  Minecraft: [MVP+] BamBoozledMC created a BIN auction for Dirty Reaper Falchion ✪ at 2,190,000 coins! 
20:20:06.423 INFO  Minecraft: ----------------------------------------------------- 
20:21:09.387 INFO  Minecraft: [Bazaar] Your co-op Sell Offer for 2x Titanic Experience Bottle was filled! 
20:22:35.154 INFO  Minecraft: BamBoozledMC joined SkyBlock. 
20:26:33.654 INFO  Minecraft: Guild > ranger4josh left. 
20:36:04.585 INFO  Minecraft: [Auction] frostar7 bought Enchanted Book for 18,000 coins CLICK 
20:38:18.762 INFO  Minecraft: [Auction] RedLine05 bought Dirty Reaper Falchion ✪ for 2,190,000 coins CLICK 
20:39:15.591 INFO  Minecraft: ----------------------------------------------------- 
20:39:15.602 INFO  Minecraft: [MVP+] BamBoozledMC collected an auction for 18,000 coins! 
20:39:15.602 INFO  Minecraft: ----------------------------------------------------- 
20:39:15.677 INFO  Minecraft: ----------------------------------------------------- 
20:39:15.679 INFO  Minecraft: [MVP+] BamBoozledMC collected an auction for 2,168,100 coins! 
20:39:15.680 INFO  Minecraft: ----------------------------------------------------- 
20:42:47.149 INFO  Minecraft: BamBoozledMC joined SkyBlock. 
20:45:50.150 INFO  Minecraft: BamBoozledMC joined SkyBlock. 
20:46:46.974 INFO  Minecraft: [Bazaar] Your co-op Sell Offer for 1x Enchanted Iron Block was filled! 
20:47:02.216 INFO  Minecraft: Guild > ShredderSeal left. 
20:50:16.434 INFO  Minecraft:  
20:50:16.448 INFO  Minecraft: ----------------------------------------------------- 
20:50:16.448 INFO  Minecraft:  
20:50:16.449 INFO  Minecraft:                  GUILD QUEST TIER 1 COMPLETED! 
20:50:16.450 INFO  Minecraft:  
20:50:16.450 INFO  Minecraft:     The guild has completed Tier 1 of this week's Guild Quest! 
20:50:16.451 INFO  Minecraft:                          +50000 Guild Experience 
20:50:16.451 INFO  Minecraft:  
20:50:16.452 INFO  Minecraft: ----------------------------------------------------- 
20:50:16.761 INFO  Minecraft:  
20:50:16.762 INFO  Minecraft: ----------------------------------------------------- 
20:50:16.763 INFO  Minecraft:  
20:50:16.764 INFO  Minecraft:                                  LEVEL UP! 
20:50:16.764 INFO  Minecraft:  
20:50:16.765 INFO  Minecraft:                     The Guild has reached Level 23! 
20:50:16.766 INFO  Minecraft:  
20:50:16.766 INFO  Minecraft: ----------------------------------------------------- 
20:50:23.181 INFO  Minecraft: Guild > [MVP+] BamBoozledMC [LS]: GG 
20:54:05.162 INFO  Minecraft: Guild > UnknowAccount left. 
20:54:23.161 INFO  Minecraft: BamBoozledMC joined SkyBlock. 
20:54:40.852 INFO  Minecraft: Guild > BamBoozledMC left. 
20:55:45.085 INFO  Minecraft: Guild > ShredderSeal joined. 
21:12:14.999 INFO  Minecraft: Guild > UnknowAccount joined. 
21:15:48.077 INFO  Minecraft: Guild > Za1bot joined. 
21:37:05.226 INFO  Minecraft: Guild > UnknowAccount left. 
21:39:21.424 INFO  Minecraft: Guild > FabledLivid joined. 
21:42:03.400 INFO  Minecraft: Guild > UnknowAccount joined. 
21:56:38.899 INFO  Minecraft: Guild > FabledLivid left. 
22:00:08.251 INFO  Minecraft:  
22:00:08.259 INFO  Minecraft: [WATCHDOG ANNOUNCEMENT] 
22:00:08.260 INFO  Minecraft: Watchdog has banned 28,849 players in the last 7 days. 
22:00:08.261 INFO  Minecraft: Staff have banned an additional 8,692 in the last 7 days. 
22:00:08.261 INFO  Minecraft: Blacklisted modifications are a bannable offense! 
22:00:08.262 INFO  Minecraft:  
22:35:52.383 INFO  Minecraft: Guild > UnknowAccount left. 
22:46:51.961 INFO  Minecraft: Guild > FabledLivid joined. 
22:52:37.526 INFO  Minecraft: Guild > BamBoozledMC joined. 
22:53:33.179 INFO  Minecraft: BamBoozledMC joined SkyBlock. 
22:54:14.051 INFO  Minecraft: BamBoozledMC joined SkyBlock. 
22:58:08.049 INFO  Minecraft: BamBoozledMC joined SkyBlock. 
23:00:24.105 INFO  Minecraft: Guild > UnknowAccount joined. 
23:00:43.316 INFO  Minecraft: Guild > FabledLivid left. 
23:02:15.717 INFO  Minecraft: Guild > FabledLivid joined. 
23:04:23.211 INFO  Minecraft: Guild > FabledLivid left. 
23:04:56.053 INFO  Minecraft: [Bazaar] Your co-op Sell Offer for 19x Enchanted Block of Coal was filled! 
23:07:51.948 INFO  Minecraft: Guild > BamBoozledMC left. 
23:07:54.919 INFO  Minecraft: Guild > FabledLivid joined. 
23:08:13.488 INFO  Minecraft: Guild > [VIP] FabledLivid [M]: guys se or swarm on juju 
23:08:38.600 INFO  Minecraft: Guild > [VIP] FabledLivid [M]: ol 
23:08:56.367 INFO  Discord: [💬→︱guild-chat] Member | Hercules_RB: soul eater 
23:08:56.711 INFO  Minecraft: Guild > Minikloons [LS]: Member| Hercules_RB» soul eater 
23:08:56.877 INFO  Discord: [💬→︱guild-chat] Dev/Mod BamBoozledMC: ? 
23:08:57.234 INFO  Minecraft: Guild > Minikloons [LS]: Dev/ModBamBoozledMC» ? 
23:09:06.934 INFO  Minecraft: Guild > [VIP] FabledLivid [M]: ight 
23:09:15.458 INFO  Minecraft: Guild > [VIP] FabledLivid [M]: so se is still better 
23:11:23.390 INFO  Minecraft: Guild > UnknowAccount left. 
23:13:36.429 INFO  Minecraft: [Bazaar] Your co-op Sell Offer for 496x Enchanted Cactus Green was filled! 
23:13:37.687 INFO  Minecraft: Guild > FabledLivid left. 
23:21:03.760 INFO  Minecraft: Guild > UnknowAccount joined. 
23:22:49.665 INFO  Minecraft: Guild > Za1bot left. 
23:23:12.768 INFO  Minecraft: Guild > FabledLivid joined. 
23:24:14.017 INFO  Minecraft: Guild > FabledLivid left. 
23:24:24.949 INFO  Minecraft: Guild > FabledLivid joined. 
23:28:13.002 INFO  Minecraft: Guild > FabledLivid left. 
23:29:22.811 INFO  Minecraft: Guild > FabledLivid joined. 
23:31:20.101 INFO  Minecraft: Guild > [VIP] FabledLivid [M]: xd i flipped 2m 
23:32:25.145 INFO  Minecraft: Guild > FabledLivid left. 
23:45:36.395 INFO  Minecraft: Guild > boxed_cat joined. 
23:53:16.952 INFO  Discord: [💬→︱guild-chat] Gura's Shrimp: shredder are u still tank 
23:53:17.360 INFO  Minecraft: Guild > Minikloons [LS]: Gura'sShrimp» shredder are u still tank 
23:59:20.245 INFO  Minecraft: Guild > 4717 joined. 
00:00:08.354 INFO  Minecraft:  
00:00:08.357 INFO  Minecraft: [WATCHDOG ANNOUNCEMENT] 
00:00:08.358 INFO  Minecraft: Watchdog has banned 29,325 players in the last 7 days. 
00:00:08.359 INFO  Minecraft: Staff have banned an additional 8,837 in the last 7 days. 
00:00:08.360 INFO  Minecraft: Blacklisted modifications are a bannable offense! 
00:00:08.360 INFO  Minecraft:  

