00:12:36.494 INFO  Minecraft: [Important] This server will restart soon: Game Update 
00:12:36.506 INFO  Minecraft: You have 30 seconds to warp out! CLICK to warp now! 
00:13:04.657 INFO  Minecraft: Evacuating to Hub... 
00:13:05.465 INFO  Minecraft: Sending to server mini664G... 
00:13:05.881 INFO  Logged in. 
00:13:06.227 INFO  Minecraft:         
00:13:10.192 INFO  Minecraft: You are playing on profile: Zucchini (Co-op) 
00:13:10.885 INFO  Sending to skyblock. 
00:13:11.236 INFO  Minecraft: You are already playing SkyBlock! 
00:13:16.288 INFO  Minecraft: Warping you to your SkyBlock island... 
00:13:16.971 INFO  Minecraft: Sending to server mini114H... 
00:13:17.174 INFO  Logged in. 
00:13:17.672 INFO  Minecraft:         
00:13:22.180 INFO  Sending to skyblock. 
00:13:22.201 INFO  Minecraft: You are playing on profile: Zucchini (Co-op) 
00:13:22.496 INFO  Minecraft: You are already playing SkyBlock! 
00:13:27.619 INFO  Minecraft: You're already sitting on this island! 
00:14:51.030 INFO  Minecraft: Guild > yKxshi joined. 
01:16:30.667 INFO  Minecraft: Guild > yKxshi left. 
01:38:47.803 INFO  Logging in. 
01:38:49.387 INFO  Discord: Logged in. 
01:38:50.760 INFO  Logged in. 
01:38:50.867 INFO  Minecraft:                                       
01:38:50.876 INFO  Minecraft:                           
01:38:50.957 INFO  Minecraft: ----------------------------------------------------- 
01:38:50.959 INFO  Minecraft: Requirements are Skill Avg 23, Cata 23, and 170m net, along 
01:38:50.960 INFO  Minecraft: with 85k gexp a week! Make sure to have fun and contact 
01:38:50.961 INFO  Minecraft: OwOSeal or Smol if you have something to report, or something else to say! 
01:38:50.962 INFO  Minecraft: ----------------------------------------------------- 
01:38:50.973 INFO  Minecraft: You found a ✰✰✰✰✰ Mystery Box! 
01:38:55.766 INFO  Sending to skyblock. 
01:38:56.265 INFO  Minecraft: Sending to server mini10T... 
01:38:56.412 INFO  Logged in. 
01:38:56.660 INFO  Minecraft:         
01:38:59.850 INFO  Minecraft: You are playing on profile: Zucchini (Co-op) 
01:39:00.443 INFO  Minecraft:  
01:39:00.444 INFO  Minecraft: Welcome to Hypixel SkyBlock! 
01:39:01.109 INFO  Minecraft: You're already sitting on this island! 
01:39:01.421 INFO  Sending to skyblock. 
01:39:01.665 INFO  Minecraft: Cannot join SkyBlock for a moment! (Queue join in cooldown) 
01:39:06.741 INFO  Minecraft: You're already sitting on this island! 
01:42:06.967 INFO  Minecraft: Guild > UnknowAccount left. 
01:58:25.043 INFO  Minecraft: [SkyBlock] [MVP+] Mathematicals11 is visiting Your Island! 
02:00:00.306 INFO  Minecraft:  
02:00:00.308 INFO  Minecraft: [WATCHDOG ANNOUNCEMENT] 
02:00:00.308 INFO  Minecraft: Watchdog has banned 30,215 players in the last 7 days. 
02:00:00.309 INFO  Minecraft: Staff have banned an additional 13,248 in the last 7 days. 
02:00:00.310 INFO  Minecraft: Blacklisted modifications are a bannable offense! 
02:00:00.311 INFO  Minecraft:  
02:00:16.493 INFO  Minecraft: Guild > PvP_Left joined. 
02:11:14.994 INFO  Logging in. 
02:11:16.353 INFO  Discord: Logged in. 
02:11:18.125 INFO  Logged in. 
02:11:18.415 INFO  Minecraft:                                       
02:11:18.425 INFO  Minecraft:                           
02:11:18.741 INFO  Minecraft: ----------------------------------------------------- 
02:11:18.742 INFO  Minecraft: Requirements are Skill Avg 23, Cata 23, and 170m net, along 
02:11:18.743 INFO  Minecraft: with 85k gexp a week! Make sure to have fun and contact 
02:11:18.744 INFO  Minecraft: OwOSeal or Smol if you have something to report, or something else to say! 
02:11:18.745 INFO  Minecraft: ----------------------------------------------------- 
02:11:20.687 INFO  Minecraft: [MVP+] Pugasaur226: Parkour for item! /visit Pugasaur226 (Housing) Now with 5 floors! <><><><><><><><> 
02:11:23.127 INFO  Sending to skyblock. 
02:11:23.683 INFO  Minecraft: Sending to server mini555H... 
02:11:23.841 INFO  Logged in. 
02:11:24.345 INFO  Minecraft:         
02:11:27.217 INFO  Minecraft: You are playing on profile: Zucchini (Co-op) 
02:11:27.913 INFO  Minecraft:  
02:11:27.915 INFO  Minecraft: Welcome to Hypixel SkyBlock! 
02:11:28.564 INFO  Minecraft: You're already sitting on this island! 
02:11:28.849 INFO  Sending to skyblock. 
02:11:29.185 INFO  Minecraft: Cannot join SkyBlock for a moment! (Queue join in cooldown) 
02:11:34.355 INFO  Minecraft: You're already sitting on this island! 
02:17:16.595 INFO  Minecraft: Guild > LRBenito joined. 
02:39:55.428 INFO  Minecraft: Guild > UnknownShadow124 joined. 
02:45:32.336 INFO  Minecraft: Friend > SnowedSeal joined. 
02:52:19.014 INFO  Minecraft: Officer > Minikloons [LS]: axekiller2000's Application was accepted and requested to join the guild. 
02:52:20.000 INFO  Minecraft: ----------------------------------------------------- 
02:52:20.004 INFO  Minecraft: You invited [MVP++] axekiller2000 to your guild. They have 5 minutes to accept. 
02:52:20.005 INFO  Minecraft: ----------------------------------------------------- 
02:52:42.773 INFO  Minecraft: ----------------------------------------------------- 
02:52:42.776 INFO  Minecraft: [MVP++] axekiller2000 joined the guild! 
02:52:42.777 INFO  Minecraft: ----------------------------------------------------- 
02:52:42.905 INFO  Minecraft: Guild > [VIP] UnknownShadow124 [M]: Welcome to the guild axekiller2000! 
02:52:43.092 INFO  Minecraft: Guild > Minikloons [LS]: Welcome to Cold Lands axekiller2000! We hope you enjoy your time here. 
02:54:24.569 INFO  Minecraft: Guild > UnknowAccount joined. 
02:59:46.624 INFO  Minecraft: Guild > axekiller2000 left. 
03:06:35.894 INFO  Minecraft: Guild > axekiller2000 joined. 
03:06:51.077 INFO  Minecraft: ----------------------------------------------------- 
03:06:51.080 INFO  Minecraft: [MVP++] axekiller2000 left the guild! 
03:06:51.081 INFO  Minecraft: ----------------------------------------------------- 
03:06:51.407 INFO  Minecraft: Guild > Minikloons [LS]: We are sorry you had to leave, axekiller2000 
03:07:42.017 INFO  Minecraft: Guild > PvP_Left left. 
03:27:04.873 INFO  Minecraft: Guild > LRBenito left. 
03:29:53.888 INFO  Minecraft: Guild > LRBenito joined. 
03:42:54.063 INFO  Minecraft: Guild > UnknowAccount left. 
03:46:43.969 INFO  Minecraft: Guild > ASovietDoge joined. 
03:48:57.645 INFO  Minecraft: Friend > SnowedSeal left. 
03:49:32.434 INFO  Minecraft: Guild > UnknownShadow124 left. 
03:56:10.157 INFO  Minecraft: Guild > UnknowAccount joined. 
04:00:00.238 INFO  Minecraft:  
04:00:00.241 INFO  Minecraft: [WATCHDOG ANNOUNCEMENT] 
04:00:00.242 INFO  Minecraft: Watchdog has banned 30,232 players in the last 7 days. 
04:00:00.243 INFO  Minecraft: Staff have banned an additional 13,138 in the last 7 days. 
04:00:00.244 INFO  Minecraft: Blacklisted modifications are a bannable offense! 
04:00:00.244 INFO  Minecraft:  
04:03:25.223 INFO  Minecraft: Friend > SnowedSeal joined. 
04:13:33.863 INFO  Minecraft: Officer > Minikloons [LS]: NucOps06's Application was accepted and requested to join the guild. 
04:13:34.877 INFO  Minecraft: ----------------------------------------------------- 
04:13:34.878 INFO  Minecraft: You cannot invite this player to your guild! 
04:13:34.879 INFO  Minecraft: ----------------------------------------------------- 
04:15:02.608 INFO  Minecraft: Guild > LRBenito left. 
04:15:15.422 INFO  Minecraft: Guild > LRBenito joined. 
04:16:09.484 INFO  Minecraft: You cannot say the same message twice! 
04:16:10.499 INFO  Minecraft: ----------------------------------------------------- 
04:16:10.502 INFO  Minecraft: You cannot invite this player to your guild! 
04:16:10.503 INFO  Minecraft: ----------------------------------------------------- 
04:18:17.525 INFO  Minecraft: -----------------------------------------------------
[MVP+] NucOps06 has requested to join the Guild!
Click here to accept or type /guild accept NucOps06!
-----------------------------------------------------
 
04:22:17.497 INFO  Minecraft: [SkyBlock] [MVP+] InstinctGangsta is visiting Your Island! 
04:36:42.736 INFO  Minecraft: Guild > ASovietDoge left. 
04:39:01.189 INFO  Minecraft: Guild > ASovietDoge joined. 
04:42:50.758 INFO  Minecraft: Friend > SnowedSeal left. 
04:57:14.617 INFO  Minecraft: Guild > UnknowAccount left. 
04:57:18.730 INFO  Minecraft: Guild > UnknowAccount joined. 
04:58:11.805 INFO  Minecraft: Guild > clonzy joined. 
04:58:13.950 INFO  Minecraft: Guild > ASovietDoge left. 
05:15:01.163 INFO  Minecraft: FISHING FESTIVAL The festival is now underway! Break out your fishing rods and watch out for sharks! 
05:35:30.013 INFO  Minecraft: Guild > ASovietDoge joined. 
05:46:07.317 INFO  Minecraft: Guild > PvP_Left joined. 
05:58:24.745 INFO  Minecraft: Guild > ASovietDoge left. 
05:59:49.588 INFO  Minecraft: Guild > ASovietDoge joined. 
06:00:01.493 INFO  Minecraft:  
06:00:01.495 INFO  Minecraft: [WATCHDOG ANNOUNCEMENT] 
06:00:01.497 INFO  Minecraft: Watchdog has banned 30,141 players in the last 7 days. 
06:00:01.500 INFO  Minecraft: Staff have banned an additional 13,098 in the last 7 days. 
06:00:01.503 INFO  Minecraft: Blacklisted modifications are a bannable offense! 
06:00:01.506 INFO  Minecraft:  
06:02:32.791 INFO  Minecraft: Guild > ASovietDoge left. 
06:15:01.570 INFO  Minecraft: FISHING FESTIVAL The festival has concluded! Time to dry off and repair your rods! 
06:16:29.817 INFO  Discord: [💬→︱guild-chat] Gura's Shrimp: ffs 
06:16:30.320 INFO  Minecraft: Guild > Minikloons [LS]: Gura'sShrimp» ffs 
06:16:33.446 INFO  Discord: [💬→︱guild-chat] Gura's Shrimp: guild looking dead 
06:16:33.923 INFO  Minecraft: Guild > Minikloons [LS]: Gura'sShrimp» guild looking dead 
06:25:26.120 INFO  Minecraft: Guild > UnknowAccount left. 
06:25:58.208 INFO  Minecraft: Guild > [VIP] PvP_Left [M]: hey 
06:40:25.598 INFO  Minecraft: Guild > PvP_Left left. 
06:41:29.127 INFO  Minecraft: ----------------------------------------------------- 
06:41:29.131 INFO  Minecraft: [VIP] LRBenito left the guild! 
06:41:29.132 INFO  Minecraft: ----------------------------------------------------- 
06:41:29.496 INFO  Minecraft: Guild > Minikloons [LS]: We are sorry you had to leave, LRBenito 
07:01:04.499 INFO  Minecraft: Guild > yKxshi joined. 
07:01:43.419 INFO  Minecraft: Guild > yKxshi left. 
07:37:09.450 INFO  Minecraft: Guild > ASovietDoge joined. 
07:47:16.129 INFO  Minecraft: Guild > UnknowAccount joined. 
08:00:02.153 INFO  Minecraft:  
08:00:02.155 INFO  Minecraft: [WATCHDOG ANNOUNCEMENT] 
08:00:02.156 INFO  Minecraft: Watchdog has banned 29,765 players in the last 7 days. 
08:00:02.159 INFO  Minecraft: Staff have banned an additional 13,206 in the last 7 days. 
08:00:02.159 INFO  Minecraft: Blacklisted modifications are a bannable offense! 
08:00:02.162 INFO  Minecraft:  
08:12:13.035 INFO  Minecraft: Guild > clonzy left. 
08:18:52.237 INFO  Minecraft: Guild > sommthing joined. 
08:24:25.669 INFO  Minecraft: Officer > Minikloons [LS]: NucOps06's Application was accepted and requested to join the guild. 
08:24:26.531 INFO  Minecraft: ----------------------------------------------------- 
08:24:26.534 INFO  Minecraft: You invited [MVP+] NucOps06 to your guild. They have 5 minutes to accept. 
08:24:26.535 INFO  Minecraft: ----------------------------------------------------- 
08:26:06.764 INFO  Minecraft: You cannot say the same message twice! 
08:26:07.837 INFO  Minecraft: ----------------------------------------------------- 
08:26:07.839 INFO  Minecraft: You've already invited [MVP+] NucOps06 to your guild! Wait for them to accept! 
08:26:07.839 INFO  Minecraft: ----------------------------------------------------- 
08:26:46.486 INFO  Minecraft: You cannot say the same message twice! 
08:26:47.638 INFO  Minecraft: ----------------------------------------------------- 
08:26:47.640 INFO  Minecraft: You've already invited [MVP+] NucOps06 to your guild! Wait for them to accept! 
08:26:47.640 INFO  Minecraft: ----------------------------------------------------- 
08:29:37.619 INFO  Minecraft: Officer > Minikloons [LS]: NucOps06's Application was accepted and requested to join the guild. 
08:29:38.595 INFO  Minecraft: ----------------------------------------------------- 
08:29:38.598 INFO  Minecraft: You invited [MVP+] NucOps06 to your guild. They have 5 minutes to accept. 
08:29:38.599 INFO  Minecraft: ----------------------------------------------------- 
08:29:40.098 INFO  Minecraft: ----------------------------------------------------- 
08:29:40.101 INFO  Minecraft: [MVP+] NucOps06 joined the guild! 
08:29:40.102 INFO  Minecraft: ----------------------------------------------------- 
08:29:40.426 INFO  Minecraft: Guild > Minikloons [LS]: Welcome to Cold Lands NucOps06! We hope you enjoy your time here. 
08:29:45.309 INFO  Minecraft: Guild > [VIP] ASovietDoge [CO]: o/ 
08:30:25.221 INFO  Minecraft: Guild > NucOps06 left. 
08:35:31.438 INFO  Minecraft: Guild > UnknowAccount left. 
08:36:31.340 INFO  Minecraft: Guild > ASovietDoge left. 
08:48:31.521 INFO  Minecraft: Guild > sommthing left. 
08:57:36.198 INFO  Minecraft: Guild > ranger4josh joined. 
09:02:33.132 INFO  Minecraft: Guild > ranger4josh left. 
09:04:35.265 INFO  Discord: [💬→︱guild-chat] LS | SnowedSeal: otay 
09:04:35.658 INFO  Minecraft: Guild > Minikloons [LS]: LS| SnowedSeal» otay 
09:29:39.916 INFO  Discord: [💬→︱guild-chat] LS | SnowedSeal: but if you close your eyes 
09:29:40.289 INFO  Minecraft: Guild > Minikloons [LS]: LS| SnowedSeal» but if you close your eyes 
09:41:00.961 INFO  Discord: [💬→︱guild-chat] LS | SnowedSeal: gc ded 
09:41:01.333 INFO  Minecraft: Guild > Minikloons [LS]: LS| SnowedSeal» gc ded 
09:47:12.731 INFO  Minecraft: Guild > NucOps06 joined. 
09:48:53.909 INFO  Minecraft: Guild > clonzy joined. 
09:52:41.245 INFO  Minecraft: Guild > NucOps06 left. 
09:52:45.050 INFO  Minecraft: Guild > NucOps06 joined. 
09:57:48.044 INFO  Minecraft: Guild > NucOps06 left. 
09:57:51.069 INFO  Minecraft: Guild > NucOps06 joined. 
09:58:04.073 INFO  Minecraft: Guild > NucOps06 left. 
09:58:05.715 INFO  Discord: [💬→︱guild-chat] LS | SnowedSeal: guys 
09:58:06.049 INFO  Minecraft: Guild > Minikloons [LS]: LS| SnowedSeal» guys 
09:59:45.097 INFO  Minecraft: Guild > NucOps06 joined. 
10:00:02.322 INFO  Minecraft:  
10:00:02.324 INFO  Minecraft: [WATCHDOG ANNOUNCEMENT] 
10:00:02.325 INFO  Minecraft: Watchdog has banned 29,672 players in the last 7 days. 
10:00:02.326 INFO  Minecraft: Staff have banned an additional 13,165 in the last 7 days. 
10:00:02.327 INFO  Minecraft: Blacklisted modifications are a bannable offense! 
10:00:02.328 INFO  Minecraft:  
10:15:06.314 INFO  Minecraft: Guild > ranger4josh joined. 
10:15:53.441 INFO  Minecraft: Guild > NucOps06 left. 
10:15:58.571 INFO  Minecraft: Guild > NucOps06 joined. 
10:33:38.748 INFO  Minecraft: Friend > SnowedSeal joined. 
10:37:40.777 INFO  Minecraft: Friend > SnowedSeal left. 
11:03:14.006 INFO  Minecraft: Friend > SnowedSeal joined. 
11:07:50.047 INFO  Minecraft: Friend > SnowedSeal left. 
11:09:44.168 INFO  Minecraft: Friend > SnowedSeal joined. 
11:15:17.195 INFO  Minecraft: Friend > SnowedSeal left. 
11:16:05.580 INFO  Minecraft: Guild > NucOps06 left. 
11:16:08.935 INFO  Minecraft: Guild > NucOps06 joined. 
11:18:10.970 INFO  Minecraft: Friend > SnowedSeal joined. 
11:21:41.387 INFO  Minecraft: Friend > SnowedSeal left. 
11:23:38.662 INFO  Minecraft: Friend > SnowedSeal joined. 
11:30:01.235 INFO  Minecraft: Friend > SnowedSeal left. 
11:31:30.428 INFO  Minecraft: Friend > SnowedSeal joined. 
11:45:43.264 INFO  Minecraft: Friend > SnowedSeal left. 
11:49:29.335 INFO  Minecraft: Friend > SnowedSeal joined. 
11:49:56.424 INFO  Minecraft: Guild > ranger4josh left. 
12:00:02.475 INFO  Minecraft:  
12:00:02.478 INFO  Minecraft: [WATCHDOG ANNOUNCEMENT] 
12:00:02.479 INFO  Minecraft: Watchdog has banned 29,643 players in the last 7 days. 
12:00:02.480 INFO  Minecraft: Staff have banned an additional 13,092 in the last 7 days. 
12:00:02.481 INFO  Minecraft: Blacklisted modifications are a bannable offense! 
12:00:02.481 INFO  Minecraft:  
12:20:36.975 INFO  Minecraft: Guild > ranger4josh joined. 
12:36:55.847 INFO  Minecraft: Guild > Claide joined. 
12:45:02.089 INFO  Discord: [💬→︱guild-chat] LS | SnowedSeal: hows this guild doing? 
12:45:02.418 INFO  Minecraft: Guild > Minikloons [LS]: LS| SnowedSeal» hows this guild doing? 
12:45:59.335 INFO  Minecraft: Guild > ranger4josh left. 
12:55:13.503 INFO  Minecraft: Guild > Claide left. 
12:55:17.291 INFO  Minecraft: Guild > Claide joined. 
12:56:57.254 INFO  Minecraft: Guild > Claide left. 
12:57:01.226 INFO  Minecraft: Guild > Claide joined. 
13:01:49.629 INFO  Minecraft: Guild > NucOps06 left. 
13:08:20.537 INFO  Minecraft: Guild > Claide left. 
13:18:31.382 INFO  Minecraft: Friend > IdlyChiqken joined. 
13:28:45.853 INFO  Minecraft: Friend > SnowedSeal left. 
13:58:39.030 INFO  Minecraft: Guild > ASovietDoge joined. 
14:00:02.630 INFO  Minecraft:  
14:00:02.632 INFO  Minecraft: [WATCHDOG ANNOUNCEMENT] 
14:00:02.633 INFO  Minecraft: Watchdog has banned 29,587 players in the last 7 days. 
14:00:02.634 INFO  Minecraft: Staff have banned an additional 13,112 in the last 7 days. 
14:00:02.635 INFO  Minecraft: Blacklisted modifications are a bannable offense! 
14:00:02.636 INFO  Minecraft:  
14:18:50.158 INFO  Minecraft: Friend > IdlyChiqken left. 
14:18:56.050 INFO  Minecraft: Friend > IdlyChiqken joined. 
14:19:08.064 INFO  Minecraft: Friend > IdlyChiqken joined. 
14:19:09.013 INFO  Minecraft: Friend > IdlyChiqken left. 
14:19:23.094 INFO  Minecraft: Friend > IdlyChiqken left. 
14:19:41.016 INFO  Minecraft: Friend > IdlyChiqken joined. 
14:19:43.979 INFO  Minecraft: Friend > IdlyChiqken left. 
14:48:13.822 INFO  Minecraft: Friend > IdlyChiqken joined. 
14:49:33.007 INFO  Minecraft: Guild > ASovietDoge left. 
15:10:14.689 INFO  Minecraft: Guild > clonzy left. 
15:11:21.668 INFO  Minecraft: Guild > clonzy joined. 
15:35:01.593 INFO  Minecraft: FISHING FESTIVAL The festival is now underway! Break out your fishing rods and watch out for sharks! 
16:00:02.775 INFO  Minecraft:  
16:00:02.783 INFO  Minecraft: [WATCHDOG ANNOUNCEMENT] 
16:00:02.785 INFO  Minecraft: Watchdog has banned 29,600 players in the last 7 days. 
16:00:02.788 INFO  Minecraft: Staff have banned an additional 13,000 in the last 7 days. 
16:00:02.792 INFO  Minecraft: Blacklisted modifications are a bannable offense! 
16:00:02.794 INFO  Minecraft:  
16:12:13.345 INFO  Minecraft: Guild > clonzy left. 
16:18:45.184 INFO  Minecraft: Guild > clonzy joined. 
16:35:00.086 INFO  Minecraft: FISHING FESTIVAL The festival has concluded! Time to dry off and repair your rods! 
16:49:05.703 INFO  Minecraft: [Important] This server will restart soon: For a game update 
16:49:05.744 INFO  Minecraft: You have 30 seconds to warp out! CLICK to warp now! 
16:49:33.797 INFO  Minecraft: Evacuating to Hub... 
16:49:33.904 INFO  Minecraft: Sending to server mini647P... 
16:49:34.021 INFO  Logged in. 
16:49:34.388 INFO  Minecraft:         
16:49:37.885 INFO  Minecraft: You are playing on profile: Zucchini (Co-op) 
16:49:38.386 INFO  Minecraft: ALLOWANCE! You earned 50,000 coins! 
16:49:39.021 INFO  Sending to skyblock. 
16:49:39.340 INFO  Minecraft: You are already playing SkyBlock! 
16:49:44.386 INFO  Minecraft: Warping you to your SkyBlock island... 
16:49:44.742 INFO  Minecraft: Sending to server mini767M... 
16:49:44.880 INFO  Logged in. 
16:49:45.227 INFO  Minecraft:         
16:49:48.300 INFO  Minecraft: You are playing on profile: Zucchini (Co-op) 
16:49:49.890 INFO  Sending to skyblock. 
16:49:50.218 INFO  Minecraft: You are already playing SkyBlock! 
16:49:55.282 INFO  Minecraft: You're already sitting on this island! 
17:07:15.254 INFO  Minecraft: Guild > clonzy left. 
17:07:17.170 INFO  Minecraft: Guild > clonzy joined. 
17:13:04.329 INFO  Minecraft: Friend > IdlyChiqken left. 
17:18:16.104 INFO  Minecraft: Friend > IdlyChiqken joined. 
17:25:14.516 INFO  Minecraft: Friend > IdlyChiqken left. 
17:25:19.456 INFO  Minecraft: Friend > IdlyChiqken joined. 
17:25:31.438 INFO  Minecraft: Friend > IdlyChiqken left. 
17:27:14.595 INFO  Minecraft: Friend > IdlyChiqken joined. 
17:27:22.589 INFO  Minecraft: Guild > PvP_Left joined. 
17:27:33.606 INFO  Minecraft: Friend > IdlyChiqken left. 
17:42:03.202 INFO  Minecraft: Friend > IdlyChiqken joined. 
17:49:59.563 INFO  Minecraft: Guild > clonzy left. 
18:00:02.944 INFO  Minecraft:  
18:00:02.947 INFO  Minecraft: [WATCHDOG ANNOUNCEMENT] 
18:00:02.949 INFO  Minecraft: Watchdog has banned 29,567 players in the last 7 days. 
18:00:02.950 INFO  Minecraft: Staff have banned an additional 12,925 in the last 7 days. 
18:00:02.951 INFO  Minecraft: Blacklisted modifications are a bannable offense! 
18:00:02.952 INFO  Minecraft:  
18:28:09.859 INFO  Minecraft: Friend > IdlyChiqken left. 
18:29:54.300 INFO  Minecraft: Guild > PvP_Left left. 
18:41:23.913 INFO  Minecraft: Guild > PvP_Left joined. 
18:47:42.190 INFO  Minecraft: Friend > IdlyChiqken joined. 
19:50:20.056 INFO  Minecraft: Guild > ranger4josh joined. 
20:00:03.113 INFO  Minecraft:  
20:00:03.117 INFO  Minecraft: [WATCHDOG ANNOUNCEMENT] 
20:00:03.117 INFO  Minecraft: Watchdog has banned 29,527 players in the last 7 days. 
20:00:03.139 INFO  Minecraft: Staff have banned an additional 12,927 in the last 7 days. 
20:00:03.140 INFO  Minecraft: Blacklisted modifications are a bannable offense! 
20:00:03.141 INFO  Minecraft:  
20:08:09.837 INFO  Minecraft: Guild > ranger4josh left. 
20:08:15.507 INFO  Minecraft: Guild > ranger4josh joined. 
20:31:42.860 INFO  Minecraft: Guild > PvP_Left left. 
20:33:53.789 INFO  Minecraft: Guild > ranger4josh left. 
20:49:04.933 INFO  Minecraft: Guild > PvP_Left joined. 
21:14:14.047 INFO  Minecraft: Friend > IdlyChiqken left. 
21:17:56.457 INFO  Minecraft: Guild > NucOps06 joined. 
21:28:19.364 INFO  Minecraft: Guild > PvP_Left left. 
21:47:20.558 INFO  Minecraft: Guild > NucOps06 left. 
22:29:39.308 INFO  Logging in. 
22:29:40.782 INFO  Discord: Logged in. 
22:29:42.488 INFO  Minecraft: ----------------------------------------------------- 
22:29:42.491 INFO  Minecraft: Requirements are Skill Avg 23, Cata 23, and 170m net, along 
22:29:42.492 INFO  Minecraft: with 85k gexp a week! Make sure to have fun and contact 
22:29:42.493 INFO  Minecraft: OwOSeal or Smol if you have something to report, or something else to say! 
22:29:42.493 INFO  Minecraft: ----------------------------------------------------- 
22:29:42.725 INFO  Logged in. 
22:29:42.797 INFO  Minecraft:                                       
22:29:42.806 INFO  Minecraft:                           
22:29:43.128 INFO  Minecraft: You found a ✰✰✰✰✰ Mystery Box! 
22:29:47.740 INFO  Sending to skyblock. 
22:29:48.230 INFO  Minecraft: Sending to server mini424T... 
22:29:48.283 INFO  Minecraft: [MVP+] Redpled joined the lobby! 
22:29:48.283 INFO  Sending to skyblock. 
22:29:48.388 INFO  Logged in. 
22:29:48.593 INFO  Minecraft: Please don't spam the command! 
22:29:48.748 INFO  Minecraft:         
22:29:50.669 INFO  Minecraft: You're already sitting on this island! 
22:29:51.839 INFO  Minecraft: You are playing on profile: Zucchini (Co-op) 
22:29:52.407 INFO  Minecraft:  
22:29:52.415 INFO  Minecraft: Welcome to Hypixel SkyBlock! 
22:29:53.147 INFO  Minecraft: You're already sitting on this island! 
22:29:53.397 INFO  Sending to skyblock. 
22:29:53.758 INFO  Minecraft: Cannot join SkyBlock for a moment! (Queue join in cooldown) 
22:29:58.830 INFO  Minecraft: You're already sitting on this island! 
22:39:35.364 INFO  Minecraft: Guild > NucOps06 joined. 
23:03:11.869 INFO  Minecraft: Guild > NucOps06 left. 
00:00:04.037 INFO  Minecraft:  
00:00:04.050 INFO  Minecraft: [WATCHDOG ANNOUNCEMENT] 
00:00:04.051 INFO  Minecraft: Watchdog has banned 29,754 players in the last 7 days. 
00:00:04.052 INFO  Minecraft: Staff have banned an additional 12,977 in the last 7 days. 
00:00:04.052 INFO  Minecraft: Blacklisted modifications are a bannable offense! 
00:00:04.053 INFO  Minecraft:  

