00:00:13.836 INFO  Minecraft:  
00:00:13.840 INFO  Minecraft: [WATCHDOG ANNOUNCEMENT] 
00:00:13.842 INFO  Minecraft: Watchdog has banned 28,639 players in the last 7 days. 
00:00:13.844 INFO  Minecraft: Staff have banned an additional 17,811 in the last 7 days. 
00:00:13.845 INFO  Minecraft: Blacklisted modifications are a bannable offense! 
00:00:13.848 INFO  Minecraft:  
00:00:51.864 INFO  Minecraft: Guild > FabledLivid joined. 
00:03:16.140 INFO  Minecraft: Guild > sommthing joined. 
00:05:47.160 INFO  Minecraft: Guild > sommthing left. 
00:06:56.235 INFO  Minecraft: Guild > sommthing joined. 
00:10:41.897 INFO  Minecraft: Guild > FabledLivid left. 
00:14:07.049 INFO  Minecraft: Guild > FabledLivid joined. 
00:14:15.916 INFO  Minecraft: Guild > FabledLivid left. 
00:17:28.061 INFO  Minecraft: Guild > LionyLev joined. 
00:22:04.924 INFO  Minecraft: Guild > FabledLivid joined. 
00:23:44.392 INFO  Minecraft: Guild > sommthing left. 
00:23:45.401 INFO  Minecraft: Guild > sommthing joined. 
00:23:52.330 INFO  Minecraft: Guild > gogyxdash left. 
00:23:53.857 INFO  Minecraft: Guild > [VIP] FabledLivid [M]: sommthing 
00:23:58.694 INFO  Minecraft: Guild > [VIP] FabledLivid [M]: how do i get rich/ 
00:24:18.066 INFO  Minecraft: Guild > [MVP+] sommthing [M]: my shift key is broken 
00:24:21.684 INFO  Minecraft: Guild > [VIP] FabledLivid [M]: .-. 
00:24:23.699 INFO  Minecraft: Guild > [VIP] FabledLivid [M]: so 
00:24:24.008 INFO  Minecraft: Guild > [MVP+] sommthing [M]: and idk 
00:24:29.127 INFO  Minecraft: Guild > [MVP+] sommthing [M]: this is epic sommthing 
00:24:35.083 INFO  Minecraft: Guild > [VIP] FabledLivid [M]: what 
00:24:42.348 INFO  Minecraft: Guild > [MVP+] sommthing [M]: im on his computer 
00:24:57.910 INFO  Minecraft: Guild > [VIP] FabledLivid [M]: wha huh?? 
00:25:05.204 INFO  Minecraft: Guild > [MVP+] sommthing [M]: we are brothers 
00:25:08.424 INFO  Minecraft: Guild > [VIP] FabledLivid [M]: ah 
00:27:12.181 INFO  Minecraft: Guild > [VIP] FabledLivid [M]: OMEGALOL 
00:27:19.638 INFO  Minecraft: Guild > [VIP] FabledLivid [M]: someone put recomb storm legs for 8m 
00:27:26.372 INFO  Minecraft: Guild > [VIP] FabledLivid [M]: i got em e zzzz 5m 
00:27:30.449 INFO  Minecraft: Guild > friendly_rook left. 
00:28:55.932 INFO  Minecraft: Guild > FabledLivid left. 
00:29:30.968 INFO  Minecraft: Guild > FabledLivid joined. 
00:29:31.737 INFO  Minecraft: Guild > [VIP] FabledLivid [M]: lola 
00:31:54.286 INFO  Minecraft: Guild > [VIP] FabledLivid [M]: .-. 
00:36:03.238 INFO  Minecraft: Friend > R4M11_KN0 joined. 
00:36:04.822 INFO  Minecraft: Friend > R4M11_KN0 left. 
00:36:06.438 INFO  Minecraft: Friend > R4M11_KN0 left. 
00:36:09.123 INFO  Minecraft: Friend > R4M11_KN0 joined. 
00:53:12.669 INFO  Minecraft: Guild > FabledLivid left. 
00:55:41.822 INFO  Minecraft: Guild > LionyLev left. 
00:55:50.411 INFO  Minecraft: Guild > coozky joined. 
01:00:19.850 INFO  Minecraft: Guild > coozky left. 
01:01:11.893 INFO  Minecraft: Guild > coozky joined. 
01:03:36.811 INFO  Minecraft: Guild > sommthing left. 
01:03:38.708 INFO  Minecraft: Guild > sommthing joined. 
01:08:31.321 INFO  Minecraft: Guild > sommthing left. 
01:08:32.580 INFO  Minecraft: Guild > sommthing joined. 
01:10:15.381 INFO  Minecraft: Guild > gogyxdash joined. 
01:18:41.011 INFO  Discord: [ðŸ’¬â†’ï¸±guild-chat] Boomerseal has so much clout OMG: rats 
01:18:41.446 INFO  Minecraft: Guild > Minikloons [LS]: Boomersealhas so much clout OMGÂ» rats 
01:18:43.275 INFO  Discord: [ðŸ’¬â†’ï¸±guild-chat] Boomerseal has so much clout OMG: rats 
01:18:43.523 INFO  Minecraft: You cannot say the same message twice! 
01:18:45.011 INFO  Discord: [ðŸ’¬â†’ï¸±guild-chat] Boomerseal has so much clout OMG: we are 
01:18:45.264 INFO  Minecraft: You cannot say the same message twice! 
01:21:06.602 INFO  Minecraft: Guild > SnowedSeal joined. 
01:21:13.263 INFO  Minecraft: Guild > [MVP++] SnowedSeal [LS]: henloo 
01:21:18.240 INFO  Minecraft: Guild > [VIP] Hercules_RB [M]: henlo 
01:21:40.181 INFO  Minecraft: Guild > [VIP] Hercules_RB [M]: you have necron snowed? 
01:21:42.599 INFO  Minecraft: Guild > [MVP++] SnowedSeal [LS]: yes 
01:21:52.184 INFO  Minecraft: Guild > [VIP] Hercules_RB [M]: can I borrow chest and legs for a test? 
01:21:59.463 INFO  Minecraft: Guild > [MVP++] SnowedSeal [LS]: uhm 
01:22:03.513 INFO  Minecraft: Guild > [VIP] Hercules_RB [M]: with colat 
01:22:36.533 INFO  Minecraft: Guild > [MVP++] SnowedSeal [LS]: i kinda dont like the idea of borrowing stuff even with collat 
01:22:38.983 INFO  Minecraft: Guild > [MVP++] SnowedSeal [LS]: sorry 
01:22:51.531 INFO  Minecraft: Guild > [VIP] Hercules_RB [M]: no worries, I understand 
01:25:07.012 INFO  Minecraft: Guild > LionyLev joined. 
01:27:15.897 INFO  Discord: [ðŸ’¬â†’ï¸±guild-chat] Member | Fabled Livid: sn owed 
01:27:16.204 INFO  Minecraft: Guild > Minikloons [LS]: Member| Fabled LividÂ» sn owed 
01:27:20.233 INFO  Minecraft: Guild > [MVP++] SnowedSeal [LS]: what 
01:27:29.627 INFO  Discord: [ðŸ’¬â†’ï¸±guild-chat] Member | Fabled Livid: check my ah for me? 
01:27:29.881 INFO  Minecraft: Guild > Minikloons [LS]: Member| Fabled LividÂ» check my ah for me? 
01:27:35.489 INFO  Discord: [ðŸ’¬â†’ï¸±guild-chat] Member | Fabled Livid: i want to see if my armor sold 
01:27:35.815 INFO  Minecraft: Guild > Minikloons [LS]: Member| Fabled LividÂ» i want to see if my armor sold 
01:27:38.690 INFO  Minecraft: Guild > [MVP++] SnowedSeal [LS]: its still up 
01:27:41.417 INFO  Discord: [ðŸ’¬â†’ï¸±guild-chat] Member | Fabled Livid: F 
01:27:41.775 INFO  Minecraft: Guild > Minikloons [LS]: Member| Fabled LividÂ» F 
01:27:48.137 INFO  Discord: [ðŸ’¬â†’ï¸±guild-chat] Member | Fabled Livid: gonna have to lowball lol 
01:27:48.395 INFO  Minecraft: Guild > Minikloons [LS]: Member| Fabled LividÂ» gonna have to lowball lol 
01:27:58.674 INFO  Discord: [ðŸ’¬â†’ï¸±guild-chat] Member | Fabled Livid: i got the storm legs for 8m 
01:27:58.921 INFO  Minecraft: Guild > Minikloons [LS]: Member| Fabled LividÂ» i got the storm legs for 8m 
01:28:25.217 INFO  Minecraft: Guild > [MVP++] SnowedSeal [LS]: imagine 
01:28:37.403 INFO  Discord: [ðŸ’¬â†’ï¸±guild-chat] Member | Fabled Livid: sniping armor = much stonks 
01:28:37.865 INFO  Minecraft: Guild > Minikloons [LS]: Member| Fabled LividÂ» sniping armor = much stonks 
01:30:42.067 INFO  Minecraft: Guild > SnowedSeal left. 
01:31:24.756 INFO  Discord: [ðŸ’¬â†’ï¸±guild-chat] Boomerseal has so much clout OMG: reeeee 
01:31:25.027 INFO  Minecraft: Guild > Minikloons [LS]: Boomersealhas so much clout OMGÂ» reeeee 
01:31:33.987 INFO  Discord: [ðŸ’¬â†’ï¸±guild-chat] Boomerseal has so much clout OMG: rats rats we are the rats 
01:31:34.240 INFO  Minecraft: Guild > Minikloons [LS]: Boomersealhas so much clout OMGÂ» rats rats we are the rats 
01:32:59.215 INFO  Discord: [ðŸ’¬â†’ï¸±guild-chat] Member | Fabled Livid: yes yes 
01:32:59.474 INFO  Minecraft: Guild > Minikloons [LS]: Member| Fabled LividÂ» yes yes 
01:33:08.569 INFO  Minecraft: Guild > SnowedSeal joined. 
01:33:11.465 INFO  Minecraft: Guild > [MVP++] SnowedSeal [LS]: henlo 
01:33:22.756 INFO  Minecraft: Friend > R4M11_KN0 left. 
01:33:40.420 INFO  Minecraft: Guild > LionyLev left. 
01:34:05.507 INFO  Minecraft: Friend > R4M11_KN0 joined. 
01:34:37.694 INFO  Minecraft: Guild > sommthing left. 
01:35:11.696 INFO  Minecraft: Friend > R4M11_KN0 left. 
01:38:45.248 INFO  Minecraft: Friend > R4M11_KN0 joined. 
01:39:30.328 INFO  Minecraft: Friend > R4M11_KN0 left. 
01:41:00.322 INFO  Discord: [ðŸ’¬â†’ï¸±guild-chat] Member | Fabled Livid: hnelo 
01:41:00.704 INFO  Minecraft: Guild > Minikloons [LS]: Member| Fabled LividÂ» hnelo 
01:41:06.708 INFO  Minecraft: Guild > [MVP++] SnowedSeal [LS]: hnelo 
01:41:06.911 INFO  Minecraft: Friend > R4M11_KN0 joined. 
01:41:07.896 INFO  Minecraft: Guild > Hercules_RB left. 
01:41:10.577 INFO  Discord: [ðŸ’¬â†’ï¸±guild-chat] Member | Fabled Livid: yes 
01:41:10.895 INFO  Minecraft: You cannot say the same message twice! 
01:41:19.765 INFO  Discord: [ðŸ’¬â†’ï¸±guild-chat] Member | Fabled Livid: what should i chang pfp to snowed? 
01:41:20.006 INFO  Minecraft: We blocked your comment "Member| Fabled LividÂ» what should i chang pfp to snowed?" as it is breaking our rules because it involves encouraging violence or hatred towards other players. http://www.hypixel.net/rules/ 
01:41:28.824 INFO  Discord: [ðŸ’¬â†’ï¸±guild-chat] Boomerseal has so much clout OMG: greetings rats 
01:41:29.071 INFO  Minecraft: Guild > Minikloons [LS]: Boomersealhas so much clout OMGÂ» greetings rats 
01:41:38.804 INFO  Minecraft: Guild > DeformedSeal joined. 
01:41:40.579 INFO  Discord: [ðŸ’¬â†’ï¸±guild-chat] Member | Fabled Livid: boomerman what should i change pfp to 
01:41:40.888 INFO  Minecraft: Guild > Minikloons [LS]: Member| Fabled LividÂ» boomerman what should i change pfp to 
01:41:41.119 INFO  Minecraft: Guild > SnowedSeal left. 
01:41:41.909 INFO  Discord: [ðŸ’¬â†’ï¸±guild-chat] Member | Fabled Livid: .-. 
01:41:42.156 INFO  Minecraft: Guild > Minikloons [LS]: Member| Fabled LividÂ» .-. 
01:41:47.674 INFO  Discord: [ðŸ’¬â†’ï¸±guild-chat] Boomerseal has so much clout OMG: a seal 
01:41:47.919 INFO  Minecraft: Guild > Minikloons [LS]: Boomersealhas so much clout OMGÂ» a seal 
01:41:49.871 INFO  Discord: [ðŸ’¬â†’ï¸±guild-chat] Boomerseal has so much clout OMG: or a rat 
01:41:50.124 INFO  Minecraft: You cannot say the same message twice! 
01:41:58.488 INFO  Discord: [ðŸ’¬â†’ï¸±guild-chat] Member | Fabled Livid: bet imma become eggseal 
01:41:58.741 INFO  Minecraft: Guild > Minikloons [LS]: Member| Fabled LividÂ» bet imma become eggseal 
01:42:02.834 INFO  Discord: [ðŸ’¬â†’ï¸±guild-chat] Boomerseal has so much clout OMG: yes 
01:42:03.088 INFO  Minecraft: You cannot say the same message twice! 
01:42:03.973 INFO  Discord: [ðŸ’¬â†’ï¸±guild-chat] Boomerseal has so much clout OMG: good 
01:42:04.238 INFO  Minecraft: Guild > Minikloons [LS]: Boomersealhas so much clout OMGÂ» good 
01:42:07.150 INFO  Discord: [ðŸ’¬â†’ï¸±guild-chat] Boomerseal has so much clout OMG: embrace seal 
01:42:07.477 INFO  Minecraft: You cannot say the same message twice! 
01:42:11.045 INFO  Discord: [ðŸ’¬â†’ï¸±guild-chat] Boomerseal has so much clout OMG: reject anime 
01:42:11.300 INFO  Minecraft: Guild > Minikloons [LS]: Boomersealhas so much clout OMGÂ» reject anime 
01:42:34.992 INFO  Discord: [ðŸ’¬â†’ï¸±guild-chat] Member | Fabled Livid: n o 
01:42:35.242 INFO  Minecraft: Guild > Minikloons [LS]: Member| Fabled LividÂ» n o 
01:43:30.075 INFO  Discord: [ðŸ’¬â†’ï¸±guild-chat] Boomerseal has so much clout OMG: yes 
01:43:30.317 INFO  Minecraft: You cannot say the same message twice! 
01:43:35.817 INFO  Discord: [ðŸ’¬â†’ï¸±guild-chat] Boomerseal has so much clout OMG: reject anime become eggseal 
01:43:36.088 INFO  Minecraft: Guild > Minikloons [LS]: Boomersealhas so much clout OMGÂ» reject anime become eggseal 
01:43:46.305 INFO  Discord: [ðŸ’¬â†’ï¸±guild-chat] Member | Fabled Livid: f i n e 
01:43:46.562 INFO  Minecraft: Guild > Minikloons [LS]: Member| Fabled LividÂ» f i n e 
01:44:14.049 INFO  Minecraft: Guild > Loudbook joined. 
01:44:38.091 INFO  Discord: [ðŸ’¬â†’ï¸±guild-chat] Member | Fabled Livid: loud gimme a sec i just crashed 
01:44:38.368 INFO  Minecraft: Guild > Minikloons [LS]: Member| Fabled LividÂ» loud gimme a sec i just crashed 
01:45:04.374 INFO  Discord: [ðŸ’¬â†’ï¸±guild-chat] Member | Fabled Livid: i am now eggseal 
01:45:04.689 INFO  Minecraft: Guild > Minikloons [LS]: Member| Fabled LividÂ» i am now eggseal 
01:45:07.999 INFO  Discord: [ðŸ’¬â†’ï¸±guild-chat] Boomerseal has so much clout OMG: EGGSEAL POGGERS 
01:45:08.384 INFO  Minecraft: Guild > Minikloons [LS]: Boomersealhas so much clout OMGÂ» EGGSEAL POGGERS 
01:45:11.534 INFO  Minecraft: Friend > R4M11_KN0 left. 
01:45:12.910 INFO  Discord: [ðŸ’¬â†’ï¸±guild-chat] Member | Fabled Livid: LOL 
01:45:13.291 INFO  Minecraft: Guild > Minikloons [LS]: Member| Fabled LividÂ» LOL 
01:45:35.817 INFO  Minecraft: Guild > FabledLivid joined. 
01:46:01.853 INFO  Discord: [ðŸ’¬â†’ï¸±guild-chat] Member | Fabled Livid: accept 
01:46:02.095 INFO  Minecraft: Guild > Minikloons [LS]: Member| Fabled LividÂ» accept 
01:49:53.622 INFO  Discord: [ðŸ’¬â†’ï¸±guild-chat] Member | Fabled Livid: gee gee 
01:49:53.887 INFO  Minecraft: Guild > Minikloons [LS]: Member| Fabled LividÂ» gee gee 
01:50:14.048 INFO  Minecraft: Guild > [VIP] FabledLivid [M]: ight imma go play zelda botw 
01:50:25.283 INFO  Minecraft: Guild > [MVP++] Loudbook [US]: why is aots so cheap rn 
01:50:29.227 INFO  Minecraft: Guild > [VIP] FabledLivid [M]: uh juju 
01:50:34.443 INFO  Minecraft: Guild > [VIP] FabledLivid [M]: power creeped 
01:50:39.908 INFO  Minecraft: Guild > [MVP++] Loudbook [US]: did they get nerfed or smthn 
01:50:48.041 INFO  Minecraft: Guild > [VIP] FabledLivid [M]: kinda of? 
01:50:50.938 INFO  Minecraft: Guild > [VIP] FabledLivid [M]: strength nerf 
01:50:58.530 INFO  Minecraft: Guild > [VIP] FabledLivid [M]: made fabled ? witheeed 
01:51:03.074 INFO  Minecraft: Guild > [VIP] FabledLivid [M]: withered* 
01:51:09.944 INFO  Minecraft: Guild > [VIP] FabledLivid [M]: > 
01:51:15.244 INFO  Minecraft: Guild > [VIP] FabledLivid [M]: im so bad 
01:51:26.148 INFO  Minecraft: Guild > FabledLivid left. 
01:51:32.220 INFO  Minecraft: Guild > [MVP++] Loudbook [US]: do I sell my bones 
01:51:39.140 INFO  Minecraft: Guild > [MVP++] Loudbook [US]: they are worth fricking 8m per 
01:51:42.911 INFO  Minecraft: Guild > [MVP++] Loudbook [US]: with overload 5 
01:51:55.638 INFO  Minecraft: Guild > [MVP++] Loudbook [US]: I lost 85m due to bones nerf 
01:52:56.397 INFO  Minecraft: Guild > Loudbook left. 
01:57:35.272 INFO  Minecraft: Guild > DeformedSeal left. 
01:59:52.976 INFO  Minecraft: Friend > R4M11_KN0 joined. 
02:00:14.433 INFO  Minecraft:  
02:00:14.438 INFO  Minecraft: [WATCHDOG ANNOUNCEMENT] 
02:00:14.440 INFO  Minecraft: Watchdog has banned 28,726 players in the last 7 days. 
02:00:14.442 INFO  Minecraft: Staff have banned an additional 17,777 in the last 7 days. 
02:00:14.443 INFO  Minecraft: Blacklisted modifications are a bannable offense! 
02:00:14.445 INFO  Minecraft:  
02:01:45.029 INFO  Minecraft: Guild > DeformedSeal joined. 
02:06:22.005 INFO  Minecraft: Guild > Hercules_RB joined. 
02:09:04.331 INFO  Minecraft: Guild > UnknownShadow124 joined. 
02:09:29.593 INFO  Minecraft: Guild > TimothyPlays57 joined. 
02:11:19.027 INFO  Discord: [ðŸ’¬â†’ï¸±guild-chat] Boomerseal has so much clout OMG: Rats rats we are the rats 
02:11:19.576 INFO  Minecraft: Guild > Minikloons [LS]: Boomersealhas so much clout OMGÂ» Rats rats we are the rats 
02:17:30.324 INFO  Minecraft: Guild > Za1bot joined. 
02:18:33.326 INFO  Minecraft: Friend > R4M11_KN0 left. 
02:19:12.384 INFO  Minecraft: Guild > DeformedSeal left. 
02:19:36.315 INFO  Minecraft: Guild > Za1bot left. 
02:20:28.518 INFO  Minecraft: Guild > TimothyPlays57 left. 
02:22:21.446 INFO  Minecraft: Guild > Za1bot joined. 
02:23:44.275 INFO  Minecraft: Friend > R4M11_KN0 joined. 
02:25:34.455 INFO  Minecraft: Guild > Za1bot left. 
02:27:10.209 INFO  Minecraft: Guild > Za1bot joined. 
02:34:31.882 INFO  Minecraft: Guild > OLYforever joined. 
02:44:45.163 INFO  Minecraft: Guild > The4p1 joined. 
02:49:49.533 INFO  Minecraft: Friend > R4M11_KN0 left. 
02:50:04.796 INFO  Minecraft: Guild > WitheredRoyal joined. 
02:50:29.576 INFO  Minecraft: Friend > R4M11_KN0 joined. 
02:54:45.267 INFO  Minecraft: Guild > coozky left. 
02:58:03.616 INFO  Minecraft: Guild > coozky joined. 
03:03:18.657 INFO  Minecraft: Guild > FabledLivid joined. 
03:03:38.312 INFO  Minecraft: Guild > [VIP] FabledLivid [M]: pog my storm legs sold 4.8m flip yes 
03:03:43.322 INFO  Minecraft: Guild > [VIP+] WitheredRoyal [M]: gg 
03:03:48.365 INFO  Minecraft: Guild > [VIP] FabledLivid [M]: :) 
03:04:10.289 INFO  Minecraft: Guild > [VIP] FabledLivid [M]: if my ah sells ill be t 18m 
03:04:22.541 INFO  Minecraft: Guild > [VIP] FabledLivid [M]: wiat no more 
03:04:33.484 INFO  Minecraft: Guild > [VIP] FabledLivid [M]: heh 
03:04:40.518 INFO  Minecraft: Guild > FabledLivid left. 
03:05:46.664 INFO  Minecraft: Guild > UnknownShadow124 left. 
03:07:31.966 INFO  Minecraft: Guild > [VIP+] OLYforever [M]: 2 scarf studies in a single run 
03:07:36.171 INFO  Minecraft: Guild > [VIP+] OLYforever [M]: for the 2nd time 
03:09:07.608 INFO  Discord: [ðŸ’¬â†’ï¸±guild-chat] Member | Fabled Livid: nice man 
03:09:07.883 INFO  Minecraft: Guild > Minikloons [LS]: Member| Fabled LividÂ» nice man 
03:09:16.408 INFO  Discord: [ðŸ’¬â†’ï¸±guild-chat] Member | Fabled Livid: it makes pretty good money ngl 
03:09:16.670 INFO  Minecraft: Guild > Minikloons [LS]: Member| Fabled LividÂ» it makes pretty good money ngl 
03:09:22.343 INFO  Discord: [ðŸ’¬â†’ï¸±guild-chat] Member | Fabled Livid: can i join lol 
03:09:22.956 INFO  Minecraft: Guild > Minikloons [LS]: Member| Fabled LividÂ» can i join lol 
03:09:24.663 INFO  Minecraft: Guild > [VIP+] WitheredRoyal [M]: what does? 
03:09:25.341 INFO  Minecraft: Guild > [VIP+] OLYforever [M]: yeah f2 is mad profit 
03:09:30.207 INFO  Discord: [ðŸ’¬â†’ï¸±guild-chat] Member | Fabled Livid: f2 
03:09:30.490 INFO  Minecraft: Guild > Minikloons [LS]: Member| Fabled LividÂ» f2 
03:09:35.155 INFO  Minecraft: Guild > [VIP+] WitheredRoyal [M]: oh 
03:09:35.704 INFO  Discord: [ðŸ’¬â†’ï¸±guild-chat] Member | Fabled Livid: studies are 500k per 
03:09:35.971 INFO  Minecraft: Guild > Minikloons [LS]: Member| Fabled LividÂ» studies are 500k per 
03:09:43.235 INFO  Discord: [ðŸ’¬â†’ï¸±guild-chat] Member | Fabled Livid: and you only need s 
03:09:43.505 INFO  Minecraft: Guild > Minikloons [LS]: Member| Fabled LividÂ» and you only need s 
03:09:46.685 INFO  Minecraft: Guild > [VIP+] OLYforever [M]: wanna go run some f2s for collection? 
03:09:50.113 INFO  Discord: [ðŸ’¬â†’ï¸±guild-chat] Member | Fabled Livid: bet 
03:09:50.176 INFO  Minecraft: Guild > [VIP+] OLYforever [M]: and money 
03:09:50.483 INFO  Minecraft: You cannot say the same message twice! 
03:09:54.998 INFO  Discord: [ðŸ’¬â†’ï¸±guild-chat] Member | Fabled Livid: sure lemme get on 
03:09:55.457 INFO  Minecraft: Guild > Minikloons [LS]: Member| Fabled LividÂ» sure lemme get on 
03:09:57.766 INFO  Minecraft: Guild > FabledLivid joined. 
03:09:57.909 INFO  Minecraft: Guild > [VIP+] OLYforever [M]: akr 
03:10:01.880 INFO  Minecraft: Guild > [VIP+] WitheredRoyal [M]: Can I join? 
03:10:08.630 INFO  Minecraft: Guild > [VIP] FabledLivid [M]: i might afk in run for a llil 
03:10:12.601 INFO  Minecraft: Guild > [VIP] FabledLivid [M]: bc im doing smth 
03:10:14.178 INFO  Minecraft: Guild > [VIP+] OLYforever [M]: k 
03:10:15.970 INFO  Minecraft: Guild > [VIP] FabledLivid [M]: .-. 
03:11:18.379 INFO  Minecraft: Guild > UnknownShadow124 joined. 
03:17:06.636 INFO  Minecraft: Guild > [VIP] FabledLivid [M]: oly inv pls 
03:17:11.021 INFO  Minecraft: Guild > [VIP+] OLYforever [M]: i rp'd 
03:17:15.657 INFO  Discord: [ðŸ’¬â†’ï¸±guild-chat] LS | SnowedSeal: ban 
03:17:15.970 INFO  Minecraft: Guild > Minikloons [LS]: LS| SnowedSealÂ» ban 
03:17:34.556 INFO  Discord: [ðŸ’¬â†’ï¸±guild-chat] LS | SnowedSeal: it's my 100th birthday on sb :D 
03:17:34.800 INFO  Minecraft: Guild > Minikloons [LS]: LS| SnowedSealÂ» it's my 100th birthday on sb :D 
03:17:42.771 INFO  Minecraft: Guild > [VIP+] WitheredRoyal [M]: Nice! 
03:17:51.437 INFO  Minecraft: Guild > [MVP+] coozky [GM]: Ok 
03:24:50.770 INFO  Minecraft: Guild > WitheredRoyal left. 
03:25:58.999 INFO  Minecraft: Guild > FabledLivid left. 
03:28:01.524 INFO  Minecraft: Guild > POGGORSEEL joined. 
03:34:43.180 INFO  Minecraft: Guild > TheStachelfisch joined. 
03:36:02.722 INFO  Minecraft: Guild > POGGORSEEL left. 
03:37:06.488 INFO  Minecraft: Guild > OwOPingu joined. 
03:38:08.297 INFO  Minecraft: Guild > UnknownShadow124 left. 
03:42:17.355 INFO  Minecraft: Guild > coozky left. 
03:47:32.400 INFO  Minecraft: Guild > FabledLivid joined. 
03:47:55.122 INFO  Minecraft: Guild > Za1bot left. 
03:48:00.415 INFO  Minecraft: Guild > Za1bot joined. 
03:50:35.539 INFO  Minecraft: Guild > TheStachelfisch left. 
03:52:15.364 INFO  Minecraft: Guild > coozky joined. 
03:53:23.093 INFO  Minecraft: ----------------------------------------------------- 
03:53:23.103 INFO  Minecraft: [MVP+] coozky transferred Guild Master rank to [MVP+] OwOSmol 
03:53:23.105 INFO  Minecraft: ----------------------------------------------------- 
03:53:24.563 INFO  Minecraft: ----------------------------------------------------- 
03:53:24.567 INFO  Minecraft: [MVP+] coozky left the guild! 
03:53:24.571 INFO  Minecraft: ----------------------------------------------------- 
03:53:24.826 INFO  Minecraft: Guild > Minikloons [LS]: We are sorry you had to leave, coozky 
03:53:29.206 INFO  Discord: [ðŸ’¬â†’ï¸±guild-chat] LS | SnowedSeal: F 
03:53:29.441 INFO  Minecraft: Guild > Minikloons [LS]: LS| SnowedSealÂ» F 
03:53:32.775 INFO  Minecraft: Guild > [VIP] FabledLivid [M]: F 
03:53:38.280 INFO  Minecraft: Guild > [VIP] Hercules_RB [M]: f 
03:55:15.410 INFO  Minecraft: Guild > FabledLivid left. 
03:56:08.504 INFO  Minecraft: Guild > FabledLivid joined. 
03:58:10.952 INFO  Minecraft: Friend > R4M11_KN0 left. 
04:00:01.656 INFO  Minecraft: Guild > FabledLivid left. 
04:00:14.631 INFO  Minecraft:  
04:00:14.638 INFO  Minecraft: [WATCHDOG ANNOUNCEMENT] 
04:00:14.640 INFO  Minecraft: Watchdog has banned 28,676 players in the last 7 days. 
04:00:14.645 INFO  Minecraft: Staff have banned an additional 17,707 in the last 7 days. 
04:00:14.646 INFO  Minecraft: Blacklisted modifications are a bannable offense! 
04:00:14.648 INFO  Minecraft:  
04:01:37.236 INFO  Minecraft: Friend > R4M11_KN0 joined. 
04:11:09.392 INFO  Minecraft: Guild > TheStachelfisch joined. 
04:11:36.611 INFO  Minecraft: Guild > sommthing joined. 
04:13:20.001 INFO  Minecraft: Guild > TheStachelfisch left. 
04:13:39.649 INFO  Minecraft: Friend > R4M11_KN0 left. 
04:15:43.598 INFO  Minecraft: Friend > R4M11_KN0 joined. 
04:17:40.281 INFO  Minecraft: Guild > sommthing left. 
04:25:19.332 INFO  Minecraft: Guild > OLYforever left. 
04:31:24.223 INFO  Minecraft: Guild > UnknownShadow124 joined. 
04:32:09.823 INFO  Minecraft: Guild > Redbeam747 joined. 
04:38:37.917 INFO  Minecraft: Guild > SirTappy joined. 
04:49:02.563 INFO  Minecraft: Guild > LRBenito joined. 
04:55:32.498 INFO  Minecraft: Guild > LRBenito left. 
04:55:39.562 INFO  Minecraft: Guild > UnknownShadow124 left. 
04:55:41.967 INFO  Minecraft: Guild > LRBenito joined. 
05:00:16.202 INFO  Minecraft: Guild > [VIP] LRBenito [M]: ... 
05:00:17.193 INFO  Minecraft: Guild > [VIP] LRBenito [M]: wc 
05:01:07.011 INFO  Minecraft: Guild > The4p1 joined. 
05:01:07.971 INFO  Minecraft: Guild > The4p1 left. 
05:01:15.021 INFO  Minecraft: Guild > The4p1 left. 
05:01:17.318 INFO  Minecraft: Guild > The4p1 joined. 
05:01:37.245 INFO  Minecraft: Guild > SnowedSeal joined. 
05:01:38.163 INFO  Minecraft: Guild > [MVP++] SnowedSeal [LS]: henlo 
05:02:38.074 INFO  Minecraft: Guild > Hercules_RB left. 
05:02:50.898 INFO  Minecraft: Guild > Hercules_RB joined. 
05:02:52.674 INFO  Minecraft: Guild > 4717 joined. 
05:10:13.505 INFO  Minecraft: Guild > SnowedSeal left. 
05:11:34.836 INFO  Minecraft: Guild > SnowedSeal joined. 
05:11:38.618 INFO  Minecraft: Guild > [MVP++] SnowedSeal [LS]: henlo 
05:11:41.995 INFO  Minecraft: Guild > LRBenito left. 
05:11:49.770 INFO  Minecraft: Guild > [VIP+] OwOPingu [F]: henlo 
05:12:09.115 INFO  Minecraft: Friend > R4M11_KN0 joined. 
05:12:09.864 INFO  Minecraft: Friend > R4M11_KN0 left. 
05:12:13.614 INFO  Minecraft: Friend > R4M11_KN0 left. 
05:12:15.626 INFO  Minecraft: Friend > R4M11_KN0 joined. 
05:12:53.086 INFO  Minecraft: Guild > The4p1 left. 
05:14:25.947 INFO  Minecraft: Guild > 4717 left. 
05:14:30.976 INFO  Minecraft: Guild > LionyLev joined. 
05:14:32.219 INFO  Minecraft: Guild > 4717 joined. 
05:16:17.834 INFO  Minecraft: Guild > LRBenito joined. 
05:24:27.533 INFO  Minecraft: Guild > OwOPingu left. 
05:26:27.786 INFO  Minecraft: Guild > OwOPingu joined. 
05:26:33.543 INFO  Minecraft: Guild > LRBenito left. 
05:26:42.428 INFO  Minecraft: Guild > LRBenito joined. 
05:27:26.108 INFO  Minecraft: Guild > WitheredRoyal joined. 
05:27:31.900 INFO  Minecraft: Guild > clonzy joined. 
05:28:27.601 INFO  Minecraft: Guild > [VIP+] WitheredRoyal [M]: Does any1 wanna buy t10 melon minions for 800k each? I need to fund my clay minions 
05:28:38.002 INFO  Minecraft: Guild > [VIP] Redbeam747 [M]: well 
05:28:39.543 INFO  Minecraft: Guild > [VIP] Redbeam747 [M]: you see 
05:28:42.086 INFO  Minecraft: Guild > [VIP] Redbeam747 [M]: t11 
05:28:45.776 INFO  Minecraft: Guild > [VIP] Redbeam747 [M]: are like 500k 
05:28:51.259 INFO  Minecraft: Guild > [VIP+] WitheredRoyal [M]: oh 
05:28:51.587 INFO  Minecraft: Guild > [VIP] Redbeam747 [M]: so idk who will buy 
05:28:58.132 INFO  Minecraft: Guild > [VIP+] WitheredRoyal [M]: ok then like 400k each 
05:28:59.410 INFO  Minecraft: Guild > [MVP+] gogyxdash [M]: im farming 20 and fishing 30 so ima buy melon minions soon 
05:29:10.922 INFO  Minecraft: Guild > [VIP+] WitheredRoyal [M]: :o 
05:29:19.320 INFO  Minecraft: Guild > [MVP++] SnowedSeal [LS]: OwO 
05:29:21.953 INFO  Minecraft: Guild > [MVP+] gogyxdash [M]: need to check the price for t11 ones tho 
05:29:31.335 INFO  Minecraft: Guild > [MVP++] SnowedSeal [LS]: first one to say seal gets a livid frag 
05:29:35.534 INFO  Minecraft: Guild > [MVP+] gogyxdash [M]: seal 
05:29:36.390 INFO  Minecraft: Guild > [VIP+] WitheredRoyal [M]: Seal! 
05:29:50.474 INFO  Minecraft: Guild > LionyLev left. 
05:30:33.939 INFO  Minecraft: Guild > [MVP++] SnowedSeal [LS]: first one to say seal gets my armors helmet 
05:30:40.257 INFO  Minecraft: Guild > [MVP++] SnowedSeal [LS]: current armor set wardrobe 
05:30:45.140 INFO  Minecraft: Guild > [VIP+] WitheredRoyal [M]: Someone said they were selling a window skin for tara helm does it look good? 
05:30:48.918 INFO  Minecraft: Guild > [VIP+] WitheredRoyal [M]: seal 
05:31:00.559 INFO  Minecraft: Guild > SirTappy left. 
05:31:32.460 INFO  Minecraft: Guild > [MVP++] SnowedSeal [LS]: there 
05:31:34.907 INFO  Minecraft: Guild > [VIP+] WitheredRoyal [M]: pog 
05:32:12.896 INFO  Minecraft: Guild > [VIP+] WitheredRoyal [M]: Holy frick I can sell this for 100m :o 
05:32:27.216 INFO  Minecraft: Guild > [MVP+] gogyxdash [M]: juju bow? 
05:32:33.449 INFO  Minecraft: Guild > [VIP+] WitheredRoyal [M]: Dia necron head 
05:32:38.596 INFO  Minecraft: Guild > [MVP+] gogyxdash [M]: i want it 
05:32:41.987 INFO  Minecraft: Guild > [VIP+] WitheredRoyal [M]: which I would sell for a juju yes 
05:32:48.269 INFO  Minecraft: Guild > [MVP+] gogyxdash [M]: i only have 12m rn tho 
05:33:04.284 INFO  Minecraft: Guild > SirTappy joined. 
05:33:57.431 INFO  Minecraft: Guild > [VIP+] WitheredRoyal [M]: Any1 wanna do f2 s speedruns? 
05:39:08.697 INFO  Minecraft: Guild > OwOPingu left. 
05:39:21.666 INFO  Minecraft: Guild > OwOPingu joined. 
05:39:53.172 INFO  Minecraft: Guild > Hercules_RB left. 
05:39:55.247 INFO  Minecraft: Guild > [VIP+] WitheredRoyal [M]: easy 100k in 2 minutes 
05:39:57.152 INFO  Minecraft: Guild > Hercules_RB joined. 
05:42:15.232 INFO  Minecraft: Guild > DoggosAreGood joined. 
05:43:16.018 INFO  Minecraft: Guild > [VIP] Hercules_RB [M]: are you still doing f2 withered? 
05:43:32.666 INFO  Minecraft: Guild > [VIP+] WitheredRoyal [M]: I'll do f2 
05:43:49.556 INFO  Minecraft: Guild > [MVP+] gogyxdash [M]: i just got 600ms sheeeesh 
05:43:51.723 INFO  Minecraft: Guild > [VIP+] WitheredRoyal [M]: No one wanted to so I was just bz flipping 
05:44:07.935 INFO  Minecraft: Friend > R4M11_KN0 left. 
05:52:39.260 INFO  Minecraft: Guild > SirTappy left. 
05:54:47.574 INFO  Minecraft: Guild > Hercules_RB left. 
05:55:28.139 INFO  Minecraft: Guild > [VIP+] WitheredRoyal [M]: any1 f2 s speedruns? 
05:55:32.690 INFO  Minecraft: Guild > [MVP++] SnowedSeal [LS]: sure 
05:55:33.847 INFO  Minecraft: Guild > [MVP++] SnowedSeal [LS]: 1 min 
05:55:40.785 INFO  Minecraft: Guild > [MVP++] DoggosAreGood [M]: sure as well 
05:56:03.287 INFO  Minecraft: Guild > [MVP++] DoggosAreGood [M]: one secondo 
05:56:40.176 INFO  Minecraft: Guild > clonzy left. 
05:58:10.749 INFO  Minecraft: Guild > [VIP] LRBenito [M]: some guy asking for someone to put fabled on his giants sword when he has mining 26 
05:58:13.643 INFO  Minecraft: Guild > [VIP] LRBenito [M]: lul 
05:58:22.619 INFO  Minecraft: Guild > [VIP] LRBenito [M]: and he actually has a giants sword 
05:58:26.320 INFO  Minecraft: Guild > [MVP++] SnowedSeal [LS]: WHO? 
05:58:45.816 INFO  Minecraft: Guild > [VIP] LRBenito [M]: named DanteGoonlol 
05:58:49.317 INFO  Minecraft: Guild > [VIP] LRBenito [M]: DanteGoon 
05:59:12.722 INFO  Minecraft: Guild > [VIP+] OwOPingu [F]: maybe he thinks its mining 30 or he scammer 
05:59:34.461 INFO  Minecraft: Guild > [VIP] LRBenito [M]: yeah its weid though because he has an actual ofa giants 
05:59:43.326 INFO  Minecraft: Guild > [VIP] LRBenito [M]: and in his message 
05:59:47.612 INFO  Minecraft: Guild > [VIP] LRBenito [M]: he says its for mining 22 
05:59:51.088 INFO  Minecraft: Guild > [VIP] LRBenito [M]: so hes not stupid 
05:59:54.968 INFO  Minecraft: Guild > [VIP] LRBenito [M]: or maybe he is? 
06:00:14.821 INFO  Minecraft:  
06:00:14.827 INFO  Minecraft: [WATCHDOG ANNOUNCEMENT] 
06:00:14.829 INFO  Minecraft: Watchdog has banned 28,646 players in the last 7 days. 
06:00:14.831 INFO  Minecraft: Staff have banned an additional 17,715 in the last 7 days. 
06:00:14.832 INFO  Minecraft: Blacklisted modifications are a bannable offense! 
06:00:14.834 INFO  Minecraft:  
06:00:50.670 INFO  Minecraft: Guild > Za1bot left. 
06:06:51.060 INFO  Minecraft: Friend > R4M11_KN0 joined. 
06:08:53.024 INFO  Minecraft: Guild > yKxshi joined. 
06:09:53.948 INFO  Minecraft: Guild > yKxshi left. 
06:19:24.724 INFO  Minecraft: Guild > Redbeam747 left. 
06:20:32.458 INFO  Minecraft: Guild > Redbeam747 joined. 
06:25:11.857 INFO  Minecraft: Guild > [MVP++] SnowedSeal [LS]: buy my ah guys!!! 
06:25:36.071 INFO  Minecraft: Guild > [VIP+] WitheredRoyal [M]: aspect of the wagons 
06:25:38.926 INFO  Minecraft: Guild > [MVP++] SnowedSeal [LS]: no 
06:25:40.207 INFO  Minecraft: Guild > [MVP++] SnowedSeal [LS]: other one 
06:25:52.620 INFO  Minecraft: Guild > [MVP++] SnowedSeal [LS]: or the aspect of the wagons if you want too 
06:25:55.708 INFO  Minecraft: Guild > [MVP++] SnowedSeal [LS]: :c 
06:26:13.238 INFO  Minecraft: Guild > [VIP+] WitheredRoyal [M]: I wanna save for juju tho 
06:26:21.971 INFO  Minecraft: Guild > [MVP++] SnowedSeal [LS]: sad times 
06:26:28.815 INFO  Minecraft: Guild > [VIP+] WitheredRoyal [M]: :sadge: 
06:27:02.655 INFO  Minecraft: Guild > SnowedSeal left. 
06:27:32.536 INFO  Minecraft: Guild > [VIP+] WitheredRoyal [M]: Somehow there's enough marina simps that she has 11% of the vote 
06:27:37.693 INFO  Minecraft: Guild > [VIP+] WitheredRoyal [M]: D:< 
06:27:59.338 INFO  Minecraft: Guild > [VIP] LRBenito [M]: id prefer 1 perk marina to 1 perk aatrox tbh 
06:28:15.329 INFO  Minecraft: Guild > [VIP+] WitheredRoyal [M]: Simp spotted 
06:28:25.594 INFO  Minecraft: Guild > [VIP] LRBenito [M]: i voted for paul 
06:28:26.627 INFO  Minecraft: Guild > [VIP] LRBenito [M]: shush 
06:28:45.558 INFO  Minecraft: Guild > [VIP+] WitheredRoyal [M]: It's just scc 
06:29:04.292 INFO  Minecraft: Guild > [VIP] LRBenito [M]: 15 scc > 25% more efficient wasting of coins 
06:29:16.472 INFO  Minecraft: Guild > Redbeam747 left. 
06:29:18.443 INFO  Minecraft: Guild > Redbeam747 joined. 
06:29:20.089 INFO  Minecraft: Guild > [VIP+] WitheredRoyal [M]: Arden helm tho 
06:29:25.986 INFO  Minecraft: Guild > [VIP+] WitheredRoyal [M]: Warden* 
06:29:54.781 INFO  Minecraft: Guild > [VIP] LRBenito [M]: if getting slayer 7 is a problem you cant afford warden helm 
06:30:03.526 INFO  Minecraft: Guild > [VIP+] WitheredRoyal [M]: Yep! 
06:30:14.058 INFO  Minecraft: Guild > [VIP+] WitheredRoyal [M]: PLus warden's is 8 
06:30:31.117 INFO  Minecraft: Guild > [VIP] LRBenito [M]: t5 makes it easier 
06:30:40.927 INFO  Minecraft: Guild > yKxshi joined. 
06:30:43.342 INFO  Minecraft: Guild > [VIP+] WitheredRoyal [M]: We don't talk about t5 
06:32:24.302 INFO  Minecraft: Guild > yKxshi left. 
06:33:25.825 INFO  Minecraft: Guild > yKxshi joined. 
06:35:26.078 INFO  Minecraft: Guild > Micah_W joined. 
06:36:07.946 INFO  Minecraft: Guild > UnknowAccount joined. 
06:46:18.962 INFO  Minecraft: Guild > LRBenito left. 
06:46:29.062 INFO  Minecraft: Guild > LRBenito joined. 
06:47:44.222 INFO  Minecraft: Guild > WitheredRoyal left. 
06:49:52.735 INFO  Minecraft: Guild > yKxshi left. 
06:49:53.444 INFO  Minecraft: Guild > Hercules_RB joined. 
06:50:03.580 INFO  Minecraft: Guild > yKxshi joined. 
06:51:58.965 INFO  Minecraft: Guild > [VIP] Redbeam747 [M]: yo 
06:52:11.672 INFO  Minecraft: Guild > [VIP] Redbeam747 [M]: can anyone buy me like 8 enchanted pork and can i warp you 
06:52:18.779 INFO  Minecraft: Guild > [VIP] Redbeam747 [M]: ill pay back 
06:52:19.726 INFO  Minecraft: Guild > [MVP+] yKxshi [M]: no 
06:52:24.433 INFO  Minecraft: Guild > [VIP] Redbeam747 [M]: just need to repair my piggy 
06:52:28.874 INFO  Minecraft: Guild > 4717 left. 
06:52:29.549 INFO  Minecraft: Guild > [VIP] Redbeam747 [M]: fuck 
06:52:40.155 INFO  Minecraft: Guild > [MVP+] yKxshi [M]: why do you need a piggy bank 
06:52:48.486 INFO  Minecraft: Guild > [MVP+] yKxshi [M]: cookie buff better 
06:52:49.596 INFO  Minecraft: Guild > [VIP] Redbeam747 [M]: cause my cookie expired 
06:52:53.507 INFO  Minecraft: Guild > [VIP] Redbeam747 [M]: and im in a boss lobby 
06:53:08.324 INFO  Minecraft: Guild > [MVP+] yKxshi [M]: cookies r only 2 mil 
06:53:10.787 INFO  Minecraft: Friend > R4M11_KN0 joined. 
06:53:11.781 INFO  Minecraft: Friend > R4M11_KN0 left. 
06:53:12.248 INFO  Minecraft: Friend > R4M11_KN0 left. 
06:53:14.736 INFO  Minecraft: Friend > R4M11_KN0 joined. 
06:53:20.701 INFO  Minecraft: Guild > [VIP] Redbeam747 [M]: no like i forgot 
06:53:24.206 INFO  Minecraft: Guild > [VIP] Redbeam747 [M]: it ran out 
06:56:44.910 INFO  Minecraft: Guild > sommthing joined. 
07:00:02.142 INFO  Minecraft: Guild > DoggosAreGood left. 
07:05:50.108 INFO  Minecraft: Guild > yKxshi left. 
07:12:28.807 INFO  Minecraft: Guild > DeformedSeal joined. 
07:18:27.251 INFO  Minecraft: Friend > R4M11_KN0 left. 
07:19:05.376 INFO  Minecraft: Guild > [MVP+] UnknowAccount [M]: just won another game of the most cheater invested game on hypixel :o 
07:19:11.161 INFO  Minecraft: Guild > [MVP+] UnknowAccount [M]: 4 out of last 20 now 
07:19:13.667 INFO  Minecraft: Guild > [MVP+] UnknowAccount [M]: im insane 
07:19:17.446 INFO  Minecraft: Guild > [VIP] LRBenito [M]: impossible, you cant win skyblock 
07:19:24.173 INFO  Minecraft: Guild > [VIP] Redbeam747 [M]: YES 
07:19:37.167 INFO  Minecraft: Guild > [MVP+] UnknowAccount [M]: ever tried uhc? 
07:19:44.454 INFO  Minecraft: Guild > [VIP] Redbeam747 [M]: uhc is worse 
07:19:45.521 INFO  Minecraft: Guild > [MVP+] UnknowAccount [M]: its cheater % is above 5 sadly :s 
07:20:05.436 INFO  Minecraft: Guild > [VIP] Redbeam747 [M]: UHC has more cheaters/botters than money moves 
07:20:23.199 INFO  Minecraft: Guild > [VIP] LRBenito [M]: if you consider bug abuse cheating 
07:20:27.789 INFO  Minecraft: Guild > [MVP+] UnknowAccount [M]: nope 
07:20:29.579 INFO  Minecraft: Guild > [VIP] LRBenito [M]: everyone in skyblock has cheated 
07:20:36.925 INFO  Minecraft: Guild > [MVP+] UnknowAccount [M]: reach isnt even considered cheating in uhc :s 
07:20:41.842 INFO  Minecraft: Guild > [MVP+] UnknowAccount [M]: thats how bad it is 
07:21:48.462 INFO  Discord: [ðŸ’¬â†’ï¸±guild-chat] Boomerseal has so much clout OMG: rats 
07:21:48.724 INFO  Minecraft: Guild > Minikloons [LS]: Boomersealhas so much clout OMGÂ» rats 
07:22:06.478 INFO  Minecraft: Guild > [MVP+] gogyxdash [M]: ima try to get alch 35 how much would that cost 
07:22:06.501 INFO  Discord: [ðŸ’¬â†’ï¸±guild-chat] LS | SnowedSeal: <a:ratJAM:792904817479122944> 
07:22:06.746 INFO  Minecraft: Guild > Minikloons [LS]: LS| SnowedSealÂ» <a:ratJAM:792904817479122944> 
07:22:11.099 INFO  Discord: [ðŸ’¬â†’ï¸±guild-chat] LS | SnowedSeal: 100m 
07:22:11.354 INFO  Minecraft: Guild > Minikloons [LS]: LS| SnowedSealÂ» 100m 
07:22:17.946 INFO  Minecraft: Guild > [MVP+] gogyxdash [M]: sheeeeesh 
07:22:22.122 INFO  Discord: [ðŸ’¬â†’ï¸±guild-chat] Boomerseal has so much clout OMG: like 
07:22:22.370 INFO  Minecraft: You cannot say the same message twice! 
07:22:28.319 INFO  Minecraft: Guild > [VIP] Redbeam747 [M]: snow is cap 
07:22:31.793 INFO  Minecraft: Guild > [VIP] Redbeam747 [M]: snow is sooo cap 
07:22:39.443 INFO  Minecraft: Guild > [VIP] Redbeam747 [M]: alch 50 is like 30m 
07:22:47.206 INFO  Minecraft: Guild > [VIP] Redbeam747 [M]: its probably not much 
07:22:56.689 INFO  Minecraft: Guild > [VIP] Redbeam747 [M]: like maybe 4m? 
07:24:28.523 INFO  Minecraft: Guild > yKxshi joined. 
07:24:34.825 INFO  Minecraft: Guild > [MVP+] gogyxdash [M]: oh i have 12m ima spend like 4m should i buy a sheep to lvl it up for some money back 
07:25:19.191 INFO  Minecraft: Guild > [VIP] Redbeam747 [M]: yeah 
07:25:22.464 INFO  Minecraft: Guild > [VIP] Redbeam747 [M]: leveling is good 
07:26:33.906 INFO  Minecraft: Guild > Redbeam747 left. 
07:30:28.202 INFO  Minecraft: Guild > [MVP+] sommthing [M]: no 
07:30:30.593 INFO  Minecraft: Guild > [MVP+] sommthing [M]: wc 
07:30:42.613 INFO  Minecraft: Guild > [MVP+] gogyxdash [M]: for some reason i have a sword that has demonic on it 
07:32:30.918 INFO  Minecraft: Guild > Redbeam747 joined. 
07:33:36.561 INFO  Minecraft: Guild > BamBoozledMC joined. 
07:33:37.664 INFO  Minecraft: Guild > LionyLev joined. 
07:39:14.679 INFO  Minecraft: Guild > Redbeam747 left. 
07:39:17.369 INFO  Minecraft: Guild > Redbeam747 joined. 
07:39:35.475 INFO  Minecraft: Guild > Redbeam747 left. 
07:44:16.948 INFO  Minecraft: Guild > 4717 joined. 
07:48:47.812 INFO  Minecraft: Guild > LionyLev left. 
07:48:53.560 INFO  Minecraft: Guild > LionyLev joined. 
07:49:18.821 INFO  Minecraft: Guild > DeformedSeal left. 
07:49:21.778 INFO  Minecraft: Guild > DeformedSeal joined. 
07:54:08.217 INFO  Minecraft: Friend > R4M11_KN0 joined. 
07:57:54.557 INFO  Minecraft: Guild > [MVP+] UnknowAccount [M]: what reforge for sa as mage? 
07:57:59.579 INFO  Minecraft: Guild > [MVP+] yKxshi [M]: necrotic 
07:58:05.327 INFO  Minecraft: Guild > [MVP+] UnknowAccount [M]: ait ty 
07:58:41.713 INFO  Minecraft: Guild > [VIP] Hercules_RB [M]: you going lcm? 
08:00:08.624 INFO  Minecraft: Guild > DeformedSeal left. 
08:00:15.003 INFO  Minecraft:  
08:00:15.008 INFO  Minecraft: [WATCHDOG ANNOUNCEMENT] 
08:00:15.010 INFO  Minecraft: Watchdog has banned 28,614 players in the last 7 days. 
08:00:15.011 INFO  Minecraft: Staff have banned an additional 17,676 in the last 7 days. 
08:00:15.013 INFO  Minecraft: Blacklisted modifications are a bannable offense! 
08:00:15.014 INFO  Minecraft:  
08:02:43.566 INFO  Minecraft: Guild > DeformedSeal joined. 
08:03:21.096 INFO  Minecraft: Guild > Hercules_RB left. 
08:05:39.548 INFO  Minecraft: Guild > LionyLev left. 
08:05:46.823 INFO  Minecraft: Guild > LionyLev joined. 
08:06:29.878 INFO  Minecraft: Guild > 4717 left. 
08:06:53.819 INFO  Minecraft: Guild > SnowedSeal joined. 
08:06:58.199 INFO  Minecraft: Guild > [MVP++] SnowedSeal [LS]: henlo 
08:08:00.748 INFO  Minecraft: Guild > [MVP+] gogyxdash [M]: bruh i spent 3.5m to get a whole 4 levels in alchamy 
08:08:07.084 INFO  Minecraft: Guild > LionyLev left. 
08:08:15.066 INFO  Minecraft: Guild > [MVP+] gogyxdash [M]: lvl 27 to 31 
08:10:01.394 INFO  Minecraft: Guild > BamBoozledMC left. 
08:13:18.184 INFO  Minecraft: Guild > sommthing left. 
08:15:46.662 INFO  Minecraft: Friend > R4M11_KN0 left. 
08:17:03.266 INFO  Minecraft: Guild > 4717 joined. 
08:18:55.604 INFO  Minecraft: Guild > ClovenBob joined. 
08:19:30.648 INFO  Minecraft: Guild > LionyLev joined. 
08:20:09.620 INFO  Minecraft: Guild > gogyxdash left. 
08:21:41.221 INFO  Minecraft: Guild > [MVP+] UnknowAccount [M]: imagine being farming 44 or lower 
08:21:42.174 INFO  Minecraft: Guild > [MVP+] UnknowAccount [M]: pfff 
08:21:48.207 INFO  Minecraft: Guild > [VIP] LRBenito [M]: imagine farming 
08:21:58.020 INFO  Minecraft: Guild > [MVP+] UnknowAccount [M]: hpbs i-i 
08:22:01.503 INFO  Minecraft: Guild > [VIP] LRBenito [M]: true 
08:22:19.712 INFO  Minecraft: Guild > [MVP+] UnknowAccount [M]: necrotic can drop from f1 already right? 
08:22:22.749 INFO  Minecraft: Guild > [VIP] LRBenito [M]: if only my stupid potatoes would grow faster 
08:22:23.453 INFO  Minecraft: Guild > [VIP] LRBenito [M]: yes 
08:22:51.511 INFO  Minecraft: Guild > [VIP] LRBenito [M]: id do f1 
08:23:01.259 INFO  Minecraft: Guild > [VIP] LRBenito [M]: but i have to farm stupid cane so i can get a potato hoe 
08:23:30.219 INFO  Minecraft: Guild > [MVP+] UnknowAccount [M]: time to carry some randoms xD 
08:23:45.883 INFO  Minecraft: Guild > [VIP] LRBenito [M]: nah 
08:23:48.372 INFO  Minecraft: Guild > [VIP] LRBenito [M]: you need that carry 
08:23:52.432 INFO  Minecraft: Guild > [MVP+] UnknowAccount [M]: ;) 
08:25:13.684 INFO  Minecraft: Guild > [VIP] LRBenito [M]: so hopefully this travelling zoo has an elephant 
08:31:38.198 INFO  Minecraft: Guild > Micah_W left. 
08:34:12.626 INFO  Minecraft: Guild > 4717 left. 
08:34:21.804 INFO  Minecraft: Guild > 4717 joined. 
08:36:57.555 INFO  Minecraft: Guild > [VIP] LRBenito [M]: ok potato hoe get 
08:37:03.248 INFO  Minecraft: Guild > [VIP] LRBenito [M]: are you still doing f1 
08:37:28.575 INFO  Minecraft: Guild > [MVP+] UnknowAccount [M]: yea 
08:37:32.615 INFO  Minecraft: Guild > [VIP] LRBenito [M]: ok 
08:37:40.977 INFO  Minecraft: Guild > [VIP] LRBenito [M]: can i join? 
08:37:46.004 INFO  Minecraft: Guild > [MVP+] UnknowAccount [M]: well... i just got what i need 
08:37:49.605 INFO  Minecraft: Guild > [VIP] LRBenito [M]: L 
08:37:53.453 INFO  Minecraft: Guild > [MVP+] LionyLev [LS]: E Z just got a ofa book 11m coins profit 
08:38:16.063 INFO  Minecraft: Guild > LionyLev left. 
08:38:20.765 INFO  Minecraft: Guild > LionyLev joined. 
08:38:24.262 INFO  Minecraft: Guild > [MVP+] UnknowAccount [M]: ait 
08:38:38.108 INFO  Minecraft: Guild > LionyLev left. 
08:38:41.213 INFO  Minecraft: Guild > [MVP+] UnknowAccount [M]: full hpb, ff 10, rejuv 5 necrotic sa boots 
08:39:19.612 INFO  Minecraft: Guild > [VIP] LRBenito [M]: my armor has no hpbs except for 4 on my cp 
08:39:24.470 INFO  Minecraft: Guild > [VIP] LRBenito [M]: cool 
08:39:30.032 INFO  Minecraft: Guild > [VIP] LRBenito [M]: well thats why i have this dumb hoe 
08:39:30.613 INFO  Minecraft: Guild > LionyLev joined. 
08:40:27.324 INFO  Minecraft: Guild > UnknowAccount left. 
08:42:52.837 INFO  Minecraft: Guild > LionyLev left. 
08:43:45.416 INFO  Minecraft: Guild > 4717 left. 
08:44:59.083 INFO  Minecraft: Guild > [VIP] LRBenito [M]: really game 
08:45:04.160 INFO  Minecraft: Guild > [VIP] LRBenito [M]: in 700 hrs 
08:45:10.459 INFO  Minecraft: Guild > [VIP] LRBenito [M]: i go and mine 1 block of dark oak 
08:45:17.088 INFO  Minecraft: Guild > [VIP] LRBenito [M]: and you give me my first captcha 
08:47:53.818 INFO  Minecraft: Guild > Hercules_RB joined. 
08:49:24.005 INFO  Minecraft: Guild > [VIP+] OwOPingu [F]: let me look at his name again it had to do something with juicy 
08:49:41.098 INFO  Minecraft: Guild > [MVP++] SnowedSeal [LS]: . 
08:51:51.157 INFO  Minecraft: Guild > sommthing joined. 
08:53:07.937 INFO  Minecraft: Guild > [MVP+] sommthing [M]: what rune do i put on my juju 
08:53:14.020 INFO  Minecraft: Guild > [MVP+] yKxshi [M]: idk 
08:53:36.558 INFO  Minecraft: Guild > TimothyPlays57 joined. 
08:53:41.421 INFO  Minecraft: Guild > sommthing left. 
08:55:26.456 INFO  Minecraft: Guild > [VIP] LRBenito [M]: pain 
08:55:30.154 INFO  Minecraft: Guild > [VIP] LRBenito [M]: no elephants again 
08:56:23.384 INFO  Minecraft: Guild > [MVP++] SnowedSeal [LS]: the ol saying 
08:56:26.610 INFO  Minecraft: Guild > [MVP++] SnowedSeal [LS]: no pain no gain 
08:57:44.488 INFO  Minecraft: Guild > [VIP] LRBenito [M]: except the pain is that im not gaining 
08:58:01.893 INFO  Minecraft: Guild > [VIP+] OwOPingu [F]: D: 
08:58:07.414 INFO  Minecraft: Guild > [VIP] LRBenito [M]: and i literally just need any rarity of elephant EXCEPT leg 
08:58:16.979 INFO  Minecraft: Guild > [MVP+] TimothyPlays57 [M]: why? 
08:58:30.177 INFO  Minecraft: Guild > [VIP] LRBenito [M]: you can save a lot of coins by upgrading through kat 
08:58:34.771 INFO  Minecraft: Guild > [VIP+] OwOPingu [F]: smort 
08:58:35.877 INFO  Minecraft: Guild > [MVP+] TimothyPlays57 [M]: fair 
08:58:41.116 INFO  Minecraft: ----------------------------------------------------- 
08:58:41.120 INFO  Minecraft: You have just received 300,000 coins as interest in your co-op bank account! 
08:58:41.122 INFO  Minecraft: ----------------------------------------------------- 
08:58:42.140 INFO  Minecraft: Guild > [MVP+] TimothyPlays57 [M]: thats a flip my sis does 
08:58:55.852 INFO  Minecraft: Guild > [MVP++] SnowedSeal [LS]: what 
08:59:04.300 INFO  Minecraft: Guild > [VIP] LRBenito [M]: upgrade elephants to leg 
08:59:17.627 INFO  Minecraft: Guild > [MVP++] SnowedSeal [LS]: so xpensive 
08:59:20.154 INFO  Minecraft: Guild > [MVP++] SnowedSeal [LS]: 100b 
08:59:20.538 INFO  Minecraft: Guild > [VIP] LRBenito [M]: if you level them up even to like lv 50 youre saving millions of coins compared to buying leg 
08:59:21.175 INFO  Minecraft: Guild > [MVP++] SnowedSeal [LS]: coins 
09:01:16.083 INFO  Minecraft: Guild > [MVP+] yKxshi [M]: mining 49!!!!!!!! 
09:01:47.400 INFO  Minecraft: Guild > [MVP++] SnowedSeal [LS]: gg 
09:04:07.768 INFO  Minecraft: The Traveling Zoo is visiting the SkyBlock Hub! 
09:04:07.796 INFO  Minecraft: CLICK HERE to shop for exotic pets! 
09:04:55.628 INFO  Minecraft: Guild > yKxshi left. 
09:05:11.500 INFO  Minecraft: Guild > [MVP++] SnowedSeal [LS]: im sadge 
09:05:19.313 INFO  Minecraft: Guild > [MVP++] SnowedSeal [LS]: i bought a 100m weapon and i cant solo f6 
09:05:24.503 INFO  Minecraft: Guild > [MVP++] SnowedSeal [LS]: i lose my mana 
09:05:44.074 INFO  Minecraft: Guild > [VIP] LRBenito [M]: get mana steal LUL 
09:05:48.575 INFO  Minecraft: Guild > [MVP++] SnowedSeal [LS]: NO 
09:05:55.992 INFO  Minecraft: Guild > [MVP++] SnowedSeal [LS]: i will not replace syphon 4 
09:06:06.302 INFO  Minecraft: Guild > [VIP] LRBenito [M]: not even syphon 5 L 
09:07:55.894 INFO  Minecraft: Guild > SnowedSeal left. 
09:08:23.118 INFO  Discord: [ðŸ’¬â†’ï¸±guild-chat] LS | SnowedSeal: hypixel ded 
09:08:23.472 INFO  Minecraft: Guild > Minikloons [LS]: LS| SnowedSealÂ» hypixel ded 
09:09:58.690 INFO  Minecraft: Guild > SnowedSeal joined. 
09:10:02.396 INFO  Minecraft: Guild > [MVP++] SnowedSeal [LS]: henlo 
09:10:30.740 INFO  Minecraft: Guild > SnowedSeal left. 
09:13:25.752 INFO  Minecraft: Guild > SnowedSeal joined. 
09:13:27.655 INFO  Minecraft: Guild > gogyxdash joined. 
09:13:32.299 INFO  Minecraft: Guild > [MVP++] SnowedSeal [LS]: henloo 
09:14:12.606 INFO  Discord: [ðŸ’¬â†’ï¸±guild-chat] Admin | TinyHarpSeal: hello 
09:14:13.047 INFO  Minecraft: Guild > Minikloons [LS]: Admin| TinyHarpSealÂ» hello 
09:14:21.737 INFO  Minecraft: Guild > [MVP++] SnowedSeal [LS]: henloooo 
09:14:26.715 INFO  Minecraft: Guild > [MVP+] gogyxdash [M]: hi 
09:37:32.116 INFO  Minecraft: Guild > ClovenBob left. 
09:38:26.322 INFO  Minecraft: Guild > DeformedSeal left. 
09:44:45.558 INFO  Minecraft: Guild > ranger4josh joined. 
09:47:32.404 INFO  Minecraft: Guild > [VIP] LRBenito [M]: fully hpb sa cp pog 
09:47:41.372 INFO  Minecraft: Guild > [VIP] Hercules_RB [M]: gg 
09:47:43.171 INFO  Minecraft: Guild > [MVP++] SnowedSeal [LS]: gg 
09:48:43.614 INFO  Minecraft: Guild > TimothyPlays57 left. 
09:51:35.615 INFO  Minecraft: Guild > SnowedSeal left. 
09:54:19.822 INFO  Minecraft: Guild > gogyxdash left. 
09:54:20.994 INFO  Minecraft: Guild > gogyxdash joined. 
10:00:15.168 INFO  Minecraft:  
10:00:15.188 INFO  Minecraft: [WATCHDOG ANNOUNCEMENT] 
10:00:15.190 INFO  Minecraft: Watchdog has banned 28,588 players in the last 7 days. 
10:00:15.194 INFO  Minecraft: Staff have banned an additional 17,527 in the last 7 days. 
10:00:15.195 INFO  Minecraft: Blacklisted modifications are a bannable offense! 
10:00:15.197 INFO  Minecraft:  
10:03:21.946 INFO  Minecraft: Guild > ranger4josh left. 
10:10:58.138 INFO  Minecraft: Guild > clonzy joined. 
10:14:46.673 INFO  Minecraft: [Important] This server will restart soon: Scheduled Reboot 
10:14:46.709 INFO  Minecraft: You have 60 seconds to warp out! CLICK to warp now! 
10:15:44.804 INFO  Minecraft: Evacuating to Hub... 
10:15:44.967 INFO  Minecraft: Sending to server mini135D... 
10:15:45.129 INFO  Logged in. 
10:15:45.624 INFO  Minecraft:         
10:15:50.130 INFO  Sending to skyblock. 
10:15:50.576 INFO  Minecraft: You are playing on profile: Zucchini (Co-op) 
10:15:51.189 INFO  Minecraft:  â˜  TS__G fell into the void. 
10:15:51.521 INFO  Minecraft: You are already playing SkyBlock! 
10:15:55.627 INFO  Minecraft: Warping you to your SkyBlock island... 
10:15:55.823 INFO  Minecraft: Sending to server mini560B... 
10:15:55.915 INFO  Logged in. 
10:15:56.220 INFO  Minecraft:         
10:16:00.001 INFO  Minecraft: You are playing on profile: Zucchini (Co-op) 
10:16:00.916 INFO  Sending to skyblock. 
10:16:01.269 INFO  Minecraft: You are already playing SkyBlock! 
10:16:06.344 INFO  Minecraft: You're already sitting on this island! 
10:29:17.881 INFO  Minecraft: Guild > ranger4josh joined. 
10:30:41.443 INFO  Minecraft: Guild > Hercules_RB left. 
10:34:07.891 INFO  Minecraft: Guild > Hercules_RB joined. 
10:38:02.968 INFO  Minecraft: Guild > Hercules_RB left. 
10:38:13.855 INFO  Minecraft: Guild > Hercules_RB joined. 
10:41:35.671 INFO  Minecraft: Guild > TimothyPlays57 joined. 
10:45:41.113 INFO  Minecraft: Guild > TimothyPlays57 left. 
10:56:29.777 INFO  Minecraft: Guild > ranger4josh left. 
11:03:32.998 INFO  Minecraft: Guild > SnowedSeal joined. 
11:03:39.285 INFO  Minecraft: Guild > [MVP++] SnowedSeal [LS]: henlo 
11:03:56.859 INFO  Minecraft: Guild > [VIP+] OwOPingu [F]: henlo 
11:04:59.235 INFO  Minecraft: Guild > ShredderSeal joined. 
11:05:01.071 INFO  Minecraft: Guild > SnowedSeal left. 
11:07:28.163 INFO  Minecraft: Guild > [VIP] ShredderSeal [M]: does anyone wanna buy my aots for 69mill? 
11:07:49.309 INFO  Minecraft: Guild > [VIP] LRBenito [M]: how about 69k 
11:07:53.047 INFO  Minecraft: Guild > [VIP] ShredderSeal [M]: no 
11:07:57.073 INFO  Minecraft: Guild > [VIP+] OwOPingu [F]: how about 6.9m? 
11:07:58.596 INFO  Minecraft: Guild > [VIP] ShredderSeal [M]: im being serious 
11:08:02.798 INFO  Minecraft: Guild > [VIP] ShredderSeal [M]: 69m 
11:08:43.517 INFO  Minecraft: Guild > [VIP] ShredderSeal [M]: its mythic 5 starred, fabled, has a couple t6s 
11:08:47.785 INFO  Minecraft: Guild > [VIP] ShredderSeal [M]: mana steal 3 
11:09:01.459 INFO  Minecraft: Guild > [VIP+] OwOPingu [F]: i think there are cheaper ones on ah 
11:09:05.253 INFO  Minecraft: Guild > [VIP] ShredderSeal [M]: yes so every t6 except mana steal 4 bcz they dont exists 
11:09:11.325 INFO  Minecraft: Guild > [VIP] ShredderSeal [M]: 65m? 
11:09:28.151 INFO  Minecraft: Guild > [MVP+] gogyxdash [M]: u can buy that for like 60m off ah 
11:09:43.136 INFO  Minecraft: Guild > [VIP+] OwOPingu [F]: yea maybe its a bit more cause of enchants 
11:10:14.139 INFO  Minecraft: Guild > [MVP+] gogyxdash [M]: mine is mythic 5 star fabled and has a lot of t6 enchants and i got it for 58.5m 
11:10:14.149 INFO  Minecraft: Guild > [VIP] ShredderSeal [M]: go to my is if u wanna see 
11:10:25.205 INFO  Minecraft: Guild > [VIP] ShredderSeal [M]: rate it plz 
11:12:06.345 INFO  Minecraft: Guild > ranger4josh joined. 
11:13:58.274 INFO  Minecraft: Guild > SnowedSeal joined. 
11:14:03.423 INFO  Minecraft: Guild > [MVP++] SnowedSeal [LS]: henlo 
11:14:10.066 INFO  Minecraft: Guild > [VIP+] OwOPingu [F]: henlo 
11:14:52.285 INFO  Minecraft: Guild > [VIP] ShredderSeal [M]: henlo 
11:14:57.419 INFO  Minecraft: Guild > [MVP++] SnowedSeal [LS]: :D 
11:15:11.671 INFO  Minecraft: Guild > [VIP] ShredderSeal [M]: i wanna be no aots gang again 
11:15:16.559 INFO  Minecraft: Guild > [MVP++] SnowedSeal [LS]: what 
11:15:17.783 INFO  Minecraft: Guild > [MVP++] SnowedSeal [LS]: why 
11:15:24.551 INFO  Minecraft: Guild > [VIP] ShredderSeal [M]: bcz it doesnt really have purpose for tanks 
11:15:27.735 INFO  Minecraft: Guild > [MVP++] SnowedSeal [LS]: oh 
11:15:29.397 INFO  Minecraft: Guild > [MVP++] SnowedSeal [LS]: you at ank now 
11:15:31.618 INFO  Minecraft: Guild > [VIP] ShredderSeal [M]: sure it has good healing but 
11:15:38.518 INFO  Minecraft: Guild > TinyHarpSeal joined. 
11:15:39.368 INFO  Minecraft: Guild > [VIP] ShredderSeal [M]: it just idk 
11:15:48.044 INFO  Minecraft: Guild > [VIP] LRBenito [M]: get 9 star astraea duh 
11:16:04.870 INFO  Minecraft: Guild > [VIP] ShredderSeal [M]: if u wanna give me the 1b sure 
11:16:39.280 INFO  Minecraft: Guild > [VIP] ShredderSeal [M]: i wanna get reaper scythe cuz ofa, beside, necromancy is pretty decent for tanks 
11:22:22.111 INFO  Minecraft: Guild > [VIP] ShredderSeal [M]: y hub 1 full 
11:22:47.707 INFO  Minecraft: Guild > LRBenito left. 
11:22:51.804 INFO  Minecraft: Guild > LRBenito joined. 
11:25:25.395 INFO  Minecraft: Guild > TinyHarpSeal left. 
11:27:34.220 INFO  Minecraft: Guild > [VIP] ShredderSeal [M]: OMG 
11:27:39.109 INFO  Minecraft: Guild > SnowedSeal left. 
11:27:41.666 INFO  Minecraft: Guild > [VIP] ShredderSeal [M]: I REMOVED MM ZOLDIER SOUL 
11:27:43.016 INFO  Minecraft: Guild > [VIP] ShredderSeal [M]: LMFAO 
11:30:38.099 INFO  Minecraft: Guild > ranger4josh left. 
11:38:30.437 INFO  Minecraft: Guild > OwOPingu left. 
11:38:32.682 INFO  Minecraft: Guild > OwOPingu joined. 
11:41:14.699 INFO  Minecraft: [SkyBlock] TeddyThink is visiting Your Island! 
11:45:54.864 INFO  Minecraft: Guild > LRBenito left. 
11:46:21.115 INFO  Minecraft: Guild > LRBenito joined. 
11:46:42.922 INFO  Minecraft: Guild > 4717 joined. 
11:48:46.316 INFO  Minecraft: Guild > LRBenito left. 
11:50:35.537 INFO  Minecraft: Guild > LRBenito joined. 
11:51:48.670 INFO  Minecraft: Guild > TinyHarpSeal joined. 
12:00:15.341 INFO  Minecraft:  
12:00:15.360 INFO  Minecraft: [WATCHDOG ANNOUNCEMENT] 
12:00:15.362 INFO  Minecraft: Watchdog has banned 28,560 players in the last 7 days. 
12:00:15.363 INFO  Minecraft: Staff have banned an additional 17,526 in the last 7 days. 
12:00:15.365 INFO  Minecraft: Blacklisted modifications are a bannable offense! 
12:00:15.367 INFO  Minecraft:  
12:02:55.737 INFO  Minecraft: [Important] This server will restart soon: For a game update 
12:02:55.761 INFO  Minecraft: You have 30 seconds to warp out! CLICK to warp now! 
12:03:23.851 INFO  Minecraft: Evacuating to Hub... 
12:03:23.861 INFO  Minecraft: Sending to server mini394C... 
12:03:23.915 INFO  Logged in. 
12:03:24.352 INFO  Minecraft:         
12:03:28.906 INFO  Sending to skyblock. 
12:03:28.995 INFO  Minecraft: You are playing on profile: Zucchini (Co-op) 
12:03:30.036 INFO  Minecraft: You are already playing SkyBlock! 
12:03:34.203 INFO  Minecraft: Warping you to your SkyBlock island... 
12:03:34.675 INFO  Minecraft: Sending to server mini417P... 
12:03:34.774 INFO  Logged in. 
12:03:35.272 INFO  Minecraft:         
12:03:38.702 INFO  Minecraft: You are playing on profile: Zucchini (Co-op) 
12:03:39.785 INFO  Sending to skyblock. 
12:03:40.071 INFO  Minecraft: You are already playing SkyBlock! 
12:03:45.123 INFO  Minecraft: You're already sitting on this island! 
12:06:31.364 INFO  Minecraft: Guild > SirTappy joined. 
12:10:31.718 INFO  Minecraft: Guild > 4717 left. 
12:11:06.858 INFO  Minecraft: Guild > SirTappy left. 
12:11:10.857 INFO  Minecraft: Guild > SirTappy joined. 
12:14:03.115 INFO  Minecraft: Guild > ShredderSeal left. 
12:17:11.389 INFO  Minecraft: Guild > DeformedSeal joined. 
12:21:21.768 INFO  Minecraft: Guild > OwOPingu left. 
12:21:42.644 INFO  Minecraft: Guild > OwOPingu joined. 
12:30:20.647 INFO  Minecraft: Guild > OwOPingu left. 
12:31:04.878 INFO  Minecraft: Guild > WitheredRoyal joined. 
12:31:41.819 INFO  Minecraft: Guild > OwOPingu joined. 
12:34:20.857 INFO  Minecraft: Guild > SirTappy left. 
12:35:20.180 INFO  Minecraft: Guild > WitheredRoyal left. 
12:35:44.949 INFO  Minecraft: Guild > gogyxdash left. 
12:36:44.010 INFO  Minecraft: Guild > DeformedSeal left. 
12:39:08.261 INFO  Minecraft: Guild > gogyxdash joined. 
12:43:12.801 INFO  Minecraft: Guild > SirTappy joined. 
12:53:00.076 INFO  Minecraft: Guild > friendly_rook joined. 
13:09:34.612 INFO  Minecraft: Guild > DeformedSeal joined. 
13:14:31.164 INFO  Minecraft: Guild > ShredderSeal joined. 
13:19:33.264 INFO  Minecraft: Guild > clonzy left. 
13:20:42.303 INFO  Minecraft: Guild > [VIP] ShredderSeal [M]: pudding 
13:21:12.250 INFO  Minecraft: Guild > MangosteenConan joined. 
13:21:15.305 INFO  Minecraft: Guild > [VIP] ShredderSeal [M]: who here loves pudding 
13:27:21.988 INFO  Minecraft: Guild > SirTappy left. 
13:27:34.036 INFO  Discord: [ðŸ’¬â†’ï¸±guild-chat] LS | SnowedSeal: me 
13:27:34.284 INFO  Minecraft: Guild > Minikloons [LS]: LS| SnowedSealÂ» me 
13:27:34.967 INFO  Discord: [ðŸ’¬â†’ï¸±guild-chat] LS | SnowedSeal: kinda 
13:27:35.214 INFO  Minecraft: Guild > Minikloons [LS]: LS| SnowedSealÂ» kinda 
13:27:51.337 INFO  Minecraft: Guild > [VIP] ShredderSeal [M]: i like pudding but 
13:31:39.201 INFO  Minecraft: Guild > [VIP] ShredderSeal [M]: you amogus you die 
13:31:49.249 INFO  Minecraft: Guild > [VIP] ShredderSeal [M]: try not to amogus 
13:33:00.866 INFO  Minecraft: Guild > TinyHarpSeal left. 
13:35:23.415 INFO  Minecraft: Guild > [VIP] ShredderSeal [M]: anyone wanna try mm2? 
13:36:52.485 INFO  Minecraft: Guild > SirTappy joined. 
13:36:54.422 INFO  Minecraft: Guild > DeformedSeal left. 
13:40:42.996 INFO  Minecraft: Guild > [VIP] ShredderSeal [M]: any1 f7? 
13:40:51.917 INFO  Minecraft: Guild > [VIP] ShredderSeal [M]: i need tank lvl 
13:40:53.742 INFO  Minecraft: Guild > [VIP] ShredderSeal [M]: sad 
13:43:31.379 INFO  Minecraft: Guild > MangosteenConan left. 
14:00:16.016 INFO  Minecraft:  
14:00:16.033 INFO  Minecraft: [WATCHDOG ANNOUNCEMENT] 
14:00:16.037 INFO  Minecraft: Watchdog has banned 28,587 players in the last 7 days. 
14:00:16.040 INFO  Minecraft: Staff have banned an additional 17,543 in the last 7 days. 
14:00:16.042 INFO  Minecraft: Blacklisted modifications are a bannable offense! 
14:00:16.044 INFO  Minecraft:  
14:03:38.330 INFO  Minecraft: Guild > LRBenito left. 
14:04:38.408 INFO  Minecraft: Guild > SirTappy left. 
14:04:42.396 INFO  Minecraft: Guild > SirTappy joined. 
14:05:21.203 INFO  Minecraft: Guild > ranger4josh joined. 
14:13:18.974 INFO  Minecraft: Guild > [VIP] ShredderSeal [M]: eldnah 
14:15:26.940 INFO  Minecraft: Guild > SirTappy left. 
14:15:33.929 INFO  Minecraft: Guild > SirTappy joined. 
14:16:20.173 INFO  Minecraft: Guild > [VIP] ShredderSeal [M]: 69mMidas 
14:17:45.081 INFO  Minecraft: Guild > [VIP] ShredderSeal [M]: trans tuner 
14:20:18.017 INFO  Minecraft: Guild > LRBenito joined. 
14:22:21.191 INFO  Minecraft: Guild > [VIP] ShredderSeal [M]: you can almost not die in tank set 
14:23:00.176 INFO  Minecraft: Guild > LRBenito left. 
14:23:10.185 INFO  Minecraft: Guild > LRBenito joined. 
14:23:56.983 INFO  Minecraft: Guild > [VIP] ShredderSeal [M]: HOW 
14:23:59.984 INFO  Minecraft: Guild > [VIP] ShredderSeal [M]: WHATFCUCJSA 
14:24:05.169 INFO  Minecraft: Guild > [VIP] ShredderSeal [M]: HOW DID THEY SURVIVED 
14:27:15.632 INFO  Minecraft: Guild > [VIP] ShredderSeal [M]: i changed my ofa reaper scythe from withered to fabled 
14:27:22.902 INFO  Minecraft: Guild > [VIP] ShredderSeal [M]: totally didnt spend 4m on it 
14:35:34.766 INFO  Minecraft: Guild > LRBenito left. 
14:40:38.033 INFO  Minecraft: Guild > ranger4josh left. 
14:40:43.138 INFO  Minecraft: Guild > ranger4josh joined. 
14:43:39.887 INFO  Discord: [ðŸ’¬â†’ï¸±guild-chat] CO | OwOSmol: what is an end update 
14:43:40.165 INFO  Minecraft: Guild > Minikloons [LS]: CO| OwOSmolÂ» what is an end update 
14:43:50.581 INFO  Discord: [ðŸ’¬â†’ï¸±guild-chat] CO | OwOSmol: what is the* 
14:43:50.893 INFO  Minecraft: Guild > Minikloons [LS]: CO| OwOSmolÂ» what is the* 
14:43:54.041 INFO  Minecraft: Guild > gogyxdash left. 
14:45:14.176 INFO  Minecraft: Guild > Pizzas_faces joined. 
14:45:15.118 INFO  Minecraft: Guild > Pizzas_faces joined. 
14:45:16.109 INFO  Minecraft: Guild > Pizzas_faces left. 
14:45:20.150 INFO  Minecraft: Guild > Pizzas_faces joined. 
14:45:21.120 INFO  Minecraft: Guild > Pizzas_faces left. 
14:45:21.207 INFO  Minecraft: Guild > Pizzas_faces joined. 
14:45:22.110 INFO  Minecraft: Guild > Pizzas_faces left. 
14:45:36.119 INFO  Minecraft: Guild > Pizzas_faces left. 
14:46:04.264 INFO  Minecraft: Guild > Pizzas_faces joined. 
14:46:41.214 INFO  Minecraft: Guild > Pizzas_faces left. 
14:48:12.120 INFO  Minecraft: Guild > Pizzas_faces joined. 
14:51:49.180 INFO  Minecraft: Guild > [VIP] ShredderSeal [M]: can someone help me get deathmite sou> 
14:51:51.580 INFO  Minecraft: Guild > [VIP] ShredderSeal [M]: soul 
14:52:41.692 INFO  Minecraft: Guild > [MVP++] ranger4josh [M]: i did something, not sure if it is dumb but i bought a soulflow engine 
14:52:51.377 INFO  Minecraft: Guild > [VIP] ShredderSeal [M]: put on minion 
14:52:53.264 INFO  Minecraft: Guild > [VIP] ShredderSeal [M]: btw ranger 
14:52:54.848 INFO  Minecraft: Guild > [MVP++] ranger4josh [M]: i did 
14:53:03.541 INFO  Minecraft: Guild > [MVP++] ranger4josh [M]: yeah?? 
14:53:04.247 INFO  Minecraft: Guild > [VIP] ShredderSeal [M]: can u help me get deathmite soul 
14:53:11.541 INFO  Minecraft: Guild > [MVP++] ranger4josh [M]: nah ive gtg now 
14:53:18.431 INFO  Minecraft: Guild > [VIP] ShredderSeal [M]: ah ok 
14:53:21.600 INFO  Minecraft: Guild > ranger4josh left. 
14:54:01.403 INFO  Minecraft: Guild > [VIP] ShredderSeal [M]: paying someone 500k to help me get deathmite soul 
14:58:17.757 INFO  Minecraft: Guild > Pizzas_faces left. 
15:09:20.248 INFO  Minecraft: Guild > [VIP] ShredderSeal [M]: almost 200k dmg with maxor boots and like idk 
15:09:27.803 INFO  Minecraft: Guild > [VIP] ShredderSeal [M]: nvm i got 200k 
15:19:48.920 INFO  Minecraft: Guild > Hercules_RB left. 
15:23:19.342 INFO  Minecraft: Guild > [VIP] ShredderSeal [M]: with what\ 
15:33:23.444 INFO  Minecraft: Guild > SirTappy left. 
15:51:18.904 INFO  Minecraft: Friend > R4M11_KN0 joined. 
15:52:47.834 INFO  Minecraft: Friend > R4M11_KN0 left. 
15:59:59.543 INFO  Minecraft: Friend > R4M11_KN0 joined. 
16:00:15.991 INFO  Minecraft:  
16:00:15.996 INFO  Minecraft: [WATCHDOG ANNOUNCEMENT] 
16:00:15.998 INFO  Minecraft: Watchdog has banned 28,588 players in the last 7 days. 
16:00:16.000 INFO  Minecraft: Staff have banned an additional 17,450 in the last 7 days. 
16:00:16.002 INFO  Minecraft: Blacklisted modifications are a bannable offense! 
16:00:16.003 INFO  Minecraft:  
16:23:54.675 INFO  Minecraft: Guild > OwOPingu left. 
16:24:18.607 INFO  Minecraft: Guild > [VIP] ShredderSeal [M]: LMAO 
16:24:21.962 INFO  Minecraft: Guild > [VIP] ShredderSeal [M]: SOUL WHIP PRICE 
16:26:12.183 INFO  Minecraft: Guild > [VIP] ShredderSeal [M]: yo 
16:26:19.371 INFO  Minecraft: Guild > [VIP] ShredderSeal [M]: ofa soul whip isnt that bad 
16:26:29.066 INFO  Minecraft: Friend > R4M11_KN0 left. 
16:33:05.884 INFO  Minecraft: Guild > [VIP] ShredderSeal [M]: OMG!1!1!1!11! 
16:33:11.635 INFO  Minecraft: Guild > [VIP] ShredderSeal [M]: FORTNITE SEASON 7 
16:33:18.664 INFO  Minecraft: Guild > [VIP] ShredderSeal [M]: OMW TO PLAY FORTNITE S7 
16:33:20.625 INFO  Minecraft: Guild > ShredderSeal left. 
16:33:36.712 INFO  Minecraft: Guild > BamBoozledMC joined. 
16:50:04.233 INFO  Minecraft: Friend > R4M11_KN0 joined. 
16:50:34.223 INFO  Minecraft: Friend > R4M11_KN0 left. 
16:52:04.233 INFO  Minecraft: Guild > ShredderSeal joined. 
17:00:08.866 INFO  Minecraft: Guild > [VIP] ShredderSeal [M]: wait how much are handles? 
17:00:11.364 INFO  Minecraft: Guild > [VIP] ShredderSeal [M]: from chest 
17:12:36.011 INFO  Minecraft: Friend > R4M11_KN0 joined. 
17:19:26.775 INFO  Minecraft: Guild > BamBoozledMC left. 
18:00:16.149 INFO  Minecraft:  
18:00:16.179 INFO  Minecraft: [WATCHDOG ANNOUNCEMENT] 
18:00:16.181 INFO  Minecraft: Watchdog has banned 28,611 players in the last 7 days. 
18:00:16.183 INFO  Minecraft: Staff have banned an additional 17,402 in the last 7 days. 
18:00:16.185 INFO  Minecraft: Blacklisted modifications are a bannable offense! 
18:00:16.187 INFO  Minecraft:  
18:14:43.653 INFO  Minecraft: Guild > [VIP] ShredderSeal [M]: reds kinda sus tho 
18:26:40.402 INFO  Minecraft: Guild > [VIP] ShredderSeal [M]: i used to have 48m 
18:26:52.055 INFO  Minecraft: Guild > [VIP] ShredderSeal [M]: but i did some... bad business decesion 
18:27:30.773 INFO  Discord: [ðŸ’¬â†’ï¸±guild-chat] Member | ShredderSeal: Pogchamp 
18:27:31.023 INFO  Minecraft: Guild > Minikloons [LS]: Member| ShredderSealÂ» Pogchamp 
18:27:58.460 INFO  Minecraft: Guild > [VIP] ShredderSeal [M]: none is talking here 
18:28:02.529 INFO  Minecraft: Guild > [VIP] ShredderSeal [M]: so ima talk to myself 
18:28:07.370 INFO  Discord: [ðŸ’¬â†’ï¸±guild-chat] Member | ShredderSeal: Henlo 
18:28:07.769 INFO  Minecraft: Guild > Minikloons [LS]: Member| ShredderSealÂ» Henlo 
18:28:11.931 INFO  Minecraft: Guild > [VIP] ShredderSeal [M]: Henlo 
18:28:53.912 INFO  Minecraft: Guild > BamBoozledMC joined. 
18:29:36.602 INFO  Minecraft: Guild > ShredderSeal left. 
18:30:12.045 INFO  Minecraft: You gained 7,680 Mining experience from minions! 
18:30:16.954 INFO  Minecraft: You gained 7,680 Mining experience from minions! 
18:30:20.053 INFO  Minecraft: You gained 7,680 Mining experience from minions! 
18:30:26.611 INFO  Minecraft: You gained 5,120 Mining experience from minions! 
18:30:29.441 INFO  Minecraft: You gained 5,120 Mining experience from minions! 
18:30:32.923 INFO  Minecraft: You gained 3,200 Mining experience from minions! 
18:30:35.495 INFO  Minecraft: You gained 3,200 Mining experience from minions! 
18:31:02.572 INFO  Minecraft: You gained 2,880 Mining experience from minions! 
18:31:03.072 INFO  Minecraft: You gained 4,096 Mining experience from minions! 
18:31:03.518 INFO  Minecraft: You gained 2,752 Mining experience from minions! 
18:31:06.402 INFO  Minecraft: You gained 4,096 Mining experience from minions! 
18:31:07.005 INFO  Minecraft: You gained 2,816 Mining experience from minions! 
18:31:07.338 INFO  Minecraft: You gained 2,816 Mining experience from minions! 
18:31:12.979 INFO  Minecraft: You gained 4,096 Mining experience from minions! 
18:31:13.737 INFO  Minecraft: You gained 2,880 Mining experience from minions! 
18:31:14.362 INFO  Minecraft: You gained 2,880 Mining experience from minions! 
18:31:19.212 INFO  Minecraft: You gained 4,096 Mining experience from minions! 
18:31:20.073 INFO  Minecraft: You gained 2,816 Mining experience from minions! 
18:31:20.646 INFO  Minecraft: You gained 2,816 Mining experience from minions! 
18:31:23.021 INFO  Minecraft: You gained 2,944 Mining experience from minions! 
18:31:23.473 INFO  Minecraft: You gained 4,096 Mining experience from minions! 
18:31:24.007 INFO  Minecraft: You gained 2,816 Mining experience from minions! 
18:31:26.544 INFO  Minecraft: You gained 4,096 Mining experience from minions! 
18:31:26.998 INFO  Minecraft: You gained 2,752 Mining experience from minions! 
18:31:27.473 INFO  Minecraft: You gained 2,880 Mining experience from minions! 
18:31:45.321 INFO  Minecraft: You gained 4,096 Mining experience from minions! 
18:31:45.785 INFO  Minecraft: You gained 2,816 Mining experience from minions! 
18:31:46.216 INFO  Minecraft: You gained 2,816 Mining experience from minions! 
18:31:49.274 INFO  Minecraft: You gained 4,096 Mining experience from minions! 
18:31:49.745 INFO  Minecraft: You gained 2,816 Mining experience from minions! 
18:31:50.263 INFO  Minecraft: You gained 2,816 Mining experience from minions! 
18:31:52.800 INFO  Minecraft: You gained 4,096 Mining experience from minions! 
18:31:53.219 INFO  Minecraft: â–¬â–¬â–¬â–¬â–¬â–¬â–¬â–¬â–¬â–¬â–¬â–¬â–¬â–¬â–¬â–¬â–¬â–¬â–¬â–¬â–¬â–¬â–¬â–¬â–¬â–¬â–¬â–¬â–¬â–¬â–¬â–¬â–¬â–¬â–¬â–¬â–¬â–¬â–¬â–¬â–¬â–¬â–¬â–¬â–¬â–¬â–¬â–¬â–¬â–¬â–¬â–¬â–¬â–¬â–¬â–¬â–¬â–¬â–¬â–¬â–¬â–¬â–¬â–¬ 
18:31:53.222 INFO  Minecraft:   SKILL LEVEL UP Mining XIXâžœXX 
18:31:53.224 INFO  Minecraft:  
18:31:53.225 INFO  Minecraft:   REWARDS 
18:31:53.229 INFO  Minecraft:     Spelunker XX 
18:31:53.234 INFO  Minecraft:       Grants +76âžœ80 â˜˜ Mining Fortune, 
18:31:53.237 INFO  Minecraft:       which increases your chance for multiple ore 
18:31:53.238 INFO  Minecraft:       drops. 
18:31:53.240 INFO  Minecraft:     +2 âˆ Defense 
18:31:53.242 INFO  Minecraft:     Dragon Scale Reforge 
18:31:53.244 INFO  Minecraft:     +2,000 Coins 
18:31:53.246 INFO  Minecraft: â–¬â–¬â–¬â–¬â–¬â–¬â–¬â–¬â–¬â–¬â–¬â–¬â–¬â–¬â–¬â–¬â–¬â–¬â–¬â–¬â–¬â–¬â–¬â–¬â–¬â–¬â–¬â–¬â–¬â–¬â–¬â–¬â–¬â–¬â–¬â–¬â–¬â–¬â–¬â–¬â–¬â–¬â–¬â–¬â–¬â–¬â–¬â–¬â–¬â–¬â–¬â–¬â–¬â–¬â–¬â–¬â–¬â–¬â–¬â–¬â–¬â–¬â–¬â–¬ 
18:31:53.251 INFO  Minecraft: a>>   Achievement Unlocked: Excavator IV   <<a 
18:31:53.253 INFO  Minecraft: You gained 2,752 Mining experience from minions! 
18:31:53.739 INFO  Minecraft: You gained 2,752 Mining experience from minions! 
18:32:13.706 INFO  Minecraft: Guild > ShredderSeal joined. 
18:32:23.540 INFO  Minecraft: You gained 2,880 Mining experience from minions! 
18:32:24.153 INFO  Minecraft: You gained 4,096 Mining experience from minions! 
18:32:24.454 INFO  Minecraft: You gained 2,752 Mining experience from minions! 
18:32:27.183 INFO  Minecraft: You gained 4,096 Mining experience from minions! 
18:32:27.674 INFO  Minecraft: You gained 2,752 Mining experience from minions! 
18:32:28.129 INFO  Minecraft: You gained 2,816 Mining experience from minions! 
18:32:30.213 INFO  Minecraft: You gained 4,096 Mining experience from minions! 
18:32:30.686 INFO  Minecraft: You gained 2,880 Mining experience from minions! 
18:32:32.145 INFO  Minecraft: You gained 2,688 Mining experience from minions! 
18:35:33.946 INFO  Minecraft: Guild > [MVP+] BamBoozledMC [LS]: POG 
18:35:41.192 INFO  Minecraft: Guild > [VIP] ShredderSeal [M]: yes 
18:36:05.366 INFO  Minecraft: Guild > [VIP] ShredderSeal [M]: ok 
18:36:10.256 INFO  Minecraft: Guild > [MVP+] BamBoozledMC [LS]: FINALLY MAXED WITHER SKELE NO CANDY 
18:36:11.772 INFO  Minecraft: Guild > [VIP] ShredderSeal [M]: im almost tank 23 
18:36:26.640 INFO  Minecraft: Guild > [VIP] ShredderSeal [M]: NOW USE CANDY ON IT! 
18:36:32.513 INFO  Minecraft: Guild > [MVP+] BamBoozledMC [LS]: IT ONLY TOOK [4 months 
18:36:46.237 INFO  Minecraft: [MVP+] BamBoozledMC: [redacted] 
18:36:50.236 INFO  Minecraft: Guild > [MVP+] BamBoozledMC [LS]: [redacted] 
18:37:08.469 INFO  Minecraft: Guild > [VIP] ShredderSeal [M]: wtf 
18:37:23.893 INFO  Minecraft: Guild > [MVP+] BamBoozledMC [LS]: ? 
18:37:24.266 INFO  Minecraft: Guild > [VIP] ShredderSeal [M]: how can you phisically get sub 1 f7 s+ runs 
18:37:31.390 INFO  Minecraft: Guild > [VIP] ShredderSeal [M]: hows is that even possible 
18:37:31.636 INFO  Minecraft: Guild > [MVP+] BamBoozledMC [LS]: imposible 
18:42:37.849 INFO  Minecraft: BamBoozledMC left SkyBlock. 
19:00:10.603 INFO  Minecraft: Guild > OLYforever joined. 
19:00:47.688 INFO  Minecraft: Guild > ShredderSeal left. 
19:03:29.547 INFO  Discord: [ðŸ’¬â†’ï¸±guild-chat] Member | ShredderSeal: funky friday 
19:03:29.812 INFO  Minecraft: Guild > Minikloons [LS]: Member| ShredderSealÂ» funky friday 
19:03:41.837 INFO  Discord: [ðŸ’¬â†’ï¸±guild-chat] Member | ShredderSeal: ok 
19:03:42.106 INFO  Minecraft: Guild > Minikloons [LS]: Member| ShredderSealÂ» ok 
19:03:54.137 INFO  Discord: [ðŸ’¬â†’ï¸±guild-chat] Member | ShredderSeal: im officially in a dept 
19:03:54.572 INFO  Minecraft: Guild > Minikloons [LS]: Member| ShredderSealÂ» im officially in a dept 
19:03:55.730 INFO  Discord: [ðŸ’¬â†’ï¸±guild-chat] Member | ShredderSeal: i guess 
19:03:56.022 INFO  Minecraft: Guild > Minikloons [LS]: Member| ShredderSealÂ» i guess 
19:03:59.571 INFO  Discord: [ðŸ’¬â†’ï¸±guild-chat] Member | ShredderSeal: i need ah to sell 
19:03:59.833 INFO  Minecraft: Guild > Minikloons [LS]: Member| ShredderSealÂ» i need ah to sell 
19:04:02.653 INFO  Discord: [ðŸ’¬â†’ï¸±guild-chat] Member | ShredderSeal: or else 
19:04:03.006 INFO  Minecraft: Guild > Minikloons [LS]: Member| ShredderSealÂ» or else 
19:04:04.569 INFO  Discord: [ðŸ’¬â†’ï¸±guild-chat] Member | ShredderSeal: im doomed 
19:04:04.816 INFO  Minecraft: Guild > Minikloons [LS]: Member| ShredderSealÂ» im doomed 
19:22:10.677 INFO  Minecraft: Friend > R4M11_KN0 left. 
19:25:51.758 INFO  Minecraft: Guild > ShredderSeal joined. 
19:26:05.797 INFO  Minecraft: Guild > ShredderSeal left. 
19:28:00.947 INFO  Minecraft: Guild > UnknowAccount joined. 
19:31:10.117 INFO  Minecraft: Guild > ShredderSeal joined. 
19:31:27.118 INFO  Minecraft: Friend > R4M11_KN0 joined. 
19:32:09.137 INFO  Minecraft: Guild > ShredderSeal left. 
19:38:07.260 INFO  Minecraft: Friend > R4M11_KN0 left. 
19:38:16.257 INFO  Minecraft: Friend > R4M11_KN0 joined. 
19:49:00.612 INFO  Minecraft: Guild > [MVP+] UnknowAccount [M]: go 
19:49:02.222 INFO  Minecraft: Guild > [MVP+] UnknowAccount [M]: wc 
19:49:05.597 INFO  Minecraft: Guild > [MVP+] BamBoozledMC [LS]: go 
19:58:06.546 INFO  Minecraft: Guild > OLYforever left. 
20:00:16.312 INFO  Minecraft:  
20:00:16.332 INFO  Minecraft: [WATCHDOG ANNOUNCEMENT] 
20:00:16.333 INFO  Minecraft: Watchdog has banned 29,022 players in the last 7 days. 
20:00:16.335 INFO  Minecraft: Staff have banned an additional 17,437 in the last 7 days. 
20:00:16.337 INFO  Minecraft: Blacklisted modifications are a bannable offense! 
20:00:16.338 INFO  Minecraft:  
20:07:57.721 INFO  Minecraft: Guild > ranger4josh joined. 
20:08:52.056 INFO  Minecraft: Guild > [MVP++] ranger4josh [M]: guys 
20:08:54.778 INFO  Minecraft: Guild > [MVP++] ranger4josh [M]: pog 
20:08:59.614 INFO  Minecraft: Guild > [MVP+] BamBoozledMC [LS]: ? 
20:09:05.637 INFO  Minecraft: Guild > [MVP++] ranger4josh [M]: i figured out best money strat for minions 
20:09:18.660 INFO  Minecraft: Guild > [MVP++] ranger4josh [M]: like im talking millions per day 
20:09:26.100 INFO  Minecraft: Guild > [MVP+] BamBoozledMC [LS]: When nothing is going right, go left. 
20:09:29.121 INFO  Minecraft: Guild > UnknowAccount left. 
20:10:04.398 INFO  Minecraft: Guild > [MVP++] ranger4josh [M]: soulflow engines are super op from 1 minion in 4ish hours i made 200k 
20:10:51.419 INFO  Minecraft: Guild > [MVP++] ranger4josh [M]: im just going to start getting those for all my minions 
20:12:34.506 INFO  Discord: [ðŸ’¬â†’ï¸±guild-chat] Member | ShredderSeal: glhf 
20:12:34.832 INFO  Minecraft: Guild > Minikloons [LS]: Member| ShredderSealÂ» glhf 
20:12:44.255 INFO  Discord: [ðŸ’¬â†’ï¸±guild-chat] Member | ShredderSeal: btw ranger how much dmg u do 
20:12:44.509 INFO  Minecraft: Guild > Minikloons [LS]: Member| ShredderSealÂ» btw ranger how much dmg u do 
20:12:56.550 INFO  Minecraft: Guild > [MVP+] BamBoozledMC [LS]: i do 60k 
20:12:58.877 INFO  Minecraft: Guild > [MVP++] ranger4josh [M]: between 75k and 150k depending on the weapon 
20:13:10.089 INFO  Minecraft: Guild > [MVP+] BamBoozledMC [LS]: i do 60k highest 
20:13:15.243 INFO  Minecraft: Guild > [MVP+] BamBoozledMC [LS]: compared to 300k 
20:13:15.354 INFO  Minecraft: Guild > [MVP++] ranger4josh [M]: but i still do tens of millions of damage to any dragon 
20:13:51.407 INFO  Discord: [ðŸ’¬â†’ï¸±guild-chat] Member | ShredderSeal: LMFAO 
20:13:51.656 INFO  Minecraft: Guild > Minikloons [LS]: Member| ShredderSealÂ» LMFAO 
20:14:01.264 INFO  Discord: [ðŸ’¬â†’ï¸±guild-chat] Member | ShredderSeal: wait 
20:14:01.510 INFO  Minecraft: Guild > Minikloons [LS]: Member| ShredderSealÂ» wait 
20:14:09.689 INFO  Discord: [ðŸ’¬â†’ï¸±guild-chat] Member | ShredderSeal: using what set 
20:14:09.951 INFO  Minecraft: Guild > Minikloons [LS]: Member| ShredderSealÂ» using what set 
20:14:24.008 INFO  Minecraft: Guild > [MVP++] ranger4josh [M]: necron and axe of the shredded swapping with emerald blade 
20:14:44.951 INFO  Discord: [ðŸ’¬â†’ï¸±guild-chat] Member | ShredderSeal: i do 170k-200k per hit with 2/4 zknight, maxor boots, and tara helm 
20:14:45.217 INFO  Minecraft: Guild > Minikloons [LS]: Member| ShredderSealÂ» i do 170k-200k per hit with 2/4 zknight, maxor boots, and tara helm 
20:15:25.113 INFO  Discord: [ðŸ’¬â†’ï¸±guild-chat] Member | ShredderSeal: im using ofa reaper scythe with fabled no swapping 
20:15:25.393 INFO  Minecraft: Guild > Minikloons [LS]: Member| ShredderSealÂ» im using ofa reaper scythe with fabled no swapping 
20:15:43.158 INFO  Minecraft: Guild > ShredderSeal joined. 
20:15:46.303 INFO  Minecraft: Guild > [MVP++] ranger4josh [M]: note im in full necron 
20:15:54.677 INFO  Minecraft: Guild > [VIP] ShredderSeal [M]: and im not in full necron 
20:16:15.324 INFO  Minecraft: Guild > [MVP++] ranger4josh [M]: ive made so much money from this soulflow engine 
20:16:19.612 INFO  Minecraft: Guild > [VIP] ShredderSeal [M]: yo someone bought me ah 
20:16:37.506 INFO  Minecraft: Guild > [MVP++] ranger4josh [M]: i recon in 1-2 days ill get enough money from my minions to buy another soul enging 
20:16:42.500 INFO  Minecraft: Guild > [VIP] ShredderSeal [M]: i wanna try soul eater mace trick on enderman slayer 
20:16:44.528 INFO  Minecraft: Guild > [MVP++] ranger4josh [M]: and then ill repeat and keep going 
20:17:04.557 INFO  Minecraft: Guild > [MVP++] ranger4josh [M]: what enderslayer are you shredder 
20:17:07.603 INFO  Minecraft: Guild > BamBoozledMC left. 
20:17:09.798 INFO  Minecraft: Guild > [VIP] ShredderSeal [M]: 2 and 3 
20:17:12.238 INFO  Minecraft: Guild > [VIP] ShredderSeal [M]: note 
20:17:16.525 INFO  Minecraft: Guild > [VIP] ShredderSeal [M]: im not in full necron 
20:17:19.651 INFO  Minecraft: Guild > [MVP++] ranger4josh [M]: 2 and 3?? 
20:17:36.812 INFO  Minecraft: Guild > [MVP++] ranger4josh [M]: its an option 
20:17:48.286 INFO  Minecraft: Guild > [VIP] ShredderSeal [M]: and i dont have se 5 fabled 5 starred MM6 Deathmite Edible mance 
20:17:49.411 INFO  Minecraft: Guild > [MVP++] ranger4josh [M]: are you levle 1, 2, 3, 4, 5, 6, 7 
20:17:50.489 INFO  Minecraft: Guild > [VIP] ShredderSeal [M]: mace 
20:17:56.083 INFO  Minecraft: Guild > [VIP] ShredderSeal [M]: 2 
20:18:00.730 INFO  Minecraft: Guild > [MVP++] ranger4josh [M]: weakling 
20:18:02.462 INFO  Minecraft: Guild > [MVP++] ranger4josh [M]: im 3 
20:18:13.313 INFO  Minecraft: Guild > [VIP] ShredderSeal [M]: i dont wanna grind eslayers rn 
20:18:38.504 INFO  Minecraft: Guild > [VIP] ShredderSeal [M]: can u help me get deathmite soul? 
20:18:41.844 INFO  Minecraft: Guild > [VIP] ShredderSeal [M]: can anyone 
20:19:03.458 INFO  Minecraft: Guild > [VIP] ShredderSeal [M]: ill pay like 250k 
20:19:17.100 INFO  Minecraft: Guild > [MVP++] ranger4josh [M]: sort of 
20:19:18.315 INFO  Minecraft: Guild > [MVP++] ranger4josh [M]: wc 
20:19:30.892 INFO  Minecraft: Guild > BamBoozledMC joined. 
20:19:34.872 INFO  Minecraft: Guild > [VIP] ShredderSeal [M]: so ranger 
20:19:39.804 INFO  Minecraft: Guild > [VIP] ShredderSeal [M]: are you doing bers or mage 
20:19:49.358 INFO  Minecraft: Guild > [VIP] ShredderSeal [M]: i mean tank 
20:19:55.508 INFO  Minecraft: BamBoozledMC joined SkyBlock. 
20:19:55.779 INFO  Minecraft: BamBoozledMC left SkyBlock. 
20:19:58.780 INFO  Minecraft: BamBoozledMC joined SkyBlock. 
20:20:06.158 INFO  Minecraft: Guild > [MVP++] ranger4josh [M]: tank 
20:20:11.948 INFO  Minecraft: Guild > [VIP] ShredderSeal [M]: i see 
20:20:14.724 INFO  Minecraft: Guild > [MVP++] ranger4josh [M]: but im slowly buying storm armor 
20:20:17.477 INFO  Minecraft: Guild > [VIP] ShredderSeal [M]: wait r u busy? 
20:20:48.311 INFO  Minecraft: Guild > [MVP++] ranger4josh [M]: ive gtg 
20:20:59.942 INFO  Minecraft: Guild > [MVP++] ranger4josh [M]: my mum just came up and she hates video gaming 
20:21:05.629 INFO  Minecraft: Guild > ranger4josh left. 
20:21:15.367 INFO  Minecraft: Guild > [VIP] ShredderSeal [M]: lmao k 
20:32:50.692 INFO  Logging in. 
20:32:53.143 INFO  Discord: Logged in. 
20:32:54.189 INFO  Logged in. 
20:32:54.347 INFO  Minecraft:                                       
20:32:54.369 INFO  Minecraft:                           
20:32:54.564 INFO  Minecraft: You found a âœ°âœ°âœ°âœ°âœ° Mystery Box! 
20:32:54.795 INFO  Minecraft: ----------------------------------------------------- 
20:32:54.798 INFO  Minecraft: Requirements are Skill Avg 23, Cata 23, and 170m net, along 
20:32:54.801 INFO  Minecraft: with 85k gexp a week! Make sure to have fun and contact 
20:32:54.803 INFO  Minecraft: OwOSeal or Smol if you have something to report, or something else to say! 
20:32:54.804 INFO  Minecraft: ----------------------------------------------------- 
20:32:54.935 INFO  Minecraft: You have 1 unclaimed achievement reward! 
20:32:54.938 INFO  Minecraft: Click here to view it! 
20:32:57.139 INFO  Minecraft:   âž¤ You have reached your Hype limit! Add Hype to Prototype Lobby minigames by right-clicking with the Hype Diamond! 
20:32:59.198 INFO  Sending to skyblock. 
20:32:59.613 INFO  Minecraft: Sending to server mini149N... 
20:32:59.738 INFO  Logged in. 
20:32:59.948 INFO  Minecraft:         
20:33:03.128 INFO  Minecraft: You are playing on profile: Zucchini (Co-op) 
20:33:03.725 INFO  Minecraft:  
20:33:03.728 INFO  Minecraft: Welcome to Hypixel SkyBlock! 
20:33:04.165 INFO  Minecraft: ALLOWANCE! You earned 50,000 coins! 
20:33:04.525 INFO  Minecraft: You're already sitting on this island! 
20:33:04.749 INFO  Sending to skyblock. 
20:33:04.989 INFO  Minecraft: Cannot join SkyBlock for a moment! (Queue join in cooldown) 
20:33:10.105 INFO  Minecraft: You're already sitting on this island! 
20:33:59.227 INFO  Minecraft:  Â» BamBoozledMC is traveling to Dungeons Hub FOLLOW 
20:35:06.044 INFO  Minecraft: ----------------------------------------------------- 
20:35:06.051 INFO  Minecraft: [MVP+] BamBoozledMC created a BIN auction for Ancient Rose at 430,000 coins! 
20:35:06.053 INFO  Minecraft: ----------------------------------------------------- 
20:35:37.254 INFO  Minecraft: [Auction] 911320 bought Ancient Rose for 430,000 coins CLICK 
20:35:44.921 INFO  Minecraft: ----------------------------------------------------- 
20:35:44.927 INFO  Minecraft: [MVP+] BamBoozledMC collected an auction for 430,000 coins! 
20:35:44.929 INFO  Minecraft: ----------------------------------------------------- 
20:37:08.379 INFO  Minecraft: Guild > BamBoozledMC left. 
20:45:10.781 INFO  Minecraft: Guild > [VIP] ShredderSeal [M]: 8mill dmg with a trash set 
20:49:46.712 INFO  Minecraft: Guild > YoMadaEatingRice joined. 
20:52:26.754 INFO  Minecraft: Guild > YoMadaEatingRice left. 
21:18:46.748 INFO  Minecraft: Guild > [VIP] ShredderSeal [M]: lcm is nice 
21:18:58.630 INFO  Minecraft: Guild > [VIP] ShredderSeal [M]: hm 
21:22:43.007 INFO  Minecraft: Guild > Redbeam747 joined. 
21:22:59.943 INFO  Minecraft: Guild > [VIP] Redbeam747 [M]: Rook 
21:23:01.914 INFO  Minecraft: Guild > [VIP] Redbeam747 [M]: you here? 
21:23:28.773 INFO  Minecraft: Guild > [VIP] Redbeam747 [M]: rook 
21:24:08.772 INFO  Minecraft: Guild > [VIP] Redbeam747 [M]: hello 
21:24:14.083 INFO  Minecraft: Guild > [VIP] Redbeam747 [M]: you here mate? 
21:24:47.869 INFO  Minecraft: Guild > [VIP] ShredderSeal [M]: he ded 
21:24:50.689 INFO  Minecraft: Guild > [VIP] Redbeam747 [M]: ffs 
21:25:34.695 INFO  Minecraft: Guild > [VIP] ShredderSeal [M]: what floor 
21:25:35.586 INFO  Minecraft: Guild > [VIP] Redbeam747 [M]: ayo shredder 
21:25:36.415 INFO  Minecraft: Guild > [VIP] ShredderSeal [M]: wc 
21:25:43.437 INFO  Minecraft: Guild > [VIP] Redbeam747 [M]: quick question 
21:25:50.882 INFO  Minecraft: Guild > [VIP] Redbeam747 [M]: so rook has some stuff of mine 
21:25:56.347 INFO  Minecraft: Guild > [VIP] ShredderSeal [M]: ? 
21:26:02.654 INFO  Minecraft: Guild > [VIP] Redbeam747 [M]: and since 
21:26:13.176 INFO  Minecraft: Guild > [VIP] Redbeam747 [M]: we live in the worst possible timezones to exchange stugg 
21:26:16.343 INFO  Minecraft: Guild > [VIP] Redbeam747 [M]: stuff 
21:26:25.814 INFO  Minecraft: Guild > [VIP] Redbeam747 [M]: he suggested that he give you the stuff and you give it to me 
21:26:29.242 INFO  Minecraft: Guild > [VIP] Redbeam747 [M]: so if he does 
21:26:36.559 INFO  Minecraft: Guild > [VIP] Redbeam747 [M]: just thats whats going on 
21:26:48.339 INFO  Minecraft: Guild > [VIP] ShredderSeal [M]: y me 
21:26:56.308 INFO  Minecraft: Guild > [VIP] Redbeam747 [M]: idk 
21:27:07.214 INFO  Minecraft: Guild > [VIP] Redbeam747 [M]: cause you seem trustable and are online? idk 
21:27:16.321 INFO  Minecraft: Guild > [VIP] ShredderSeal [M]: idk man 
21:27:31.187 INFO  Minecraft: Guild > [VIP] Redbeam747 [M]: ok 
21:27:39.293 INFO  Minecraft: Guild > [VIP] Redbeam747 [M]: ill tell him to leave it with snowed then 
21:27:52.684 INFO  Minecraft: Guild > [VIP] Redbeam747 [M]: i wish there was an island deleveries feature 
21:28:00.836 INFO  Minecraft: Guild > [VIP] ShredderSeal [M]: idk 
21:28:04.534 INFO  Minecraft: Guild > [VIP] Redbeam747 [M]: where you could deliver shit to people's islands 
21:28:10.970 INFO  Minecraft: Guild > [VIP] ShredderSeal [M]: ive never delivered stuff 
21:28:18.935 INFO  Minecraft: Guild > [VIP] ShredderSeal [M]: sure im trusty and shit but 
21:28:23.948 INFO  Minecraft: Guild > [VIP] Redbeam747 [M]: nah its fine 
21:28:26.997 INFO  Minecraft: Guild > [VIP] ShredderSeal [M]: im just scared 
21:28:27.534 INFO  Minecraft: Guild > [VIP] Redbeam747 [M]: i just asked snowed 
21:28:30.319 INFO  Minecraft: Guild > [VIP] Redbeam747 [M]: yeah its good 
21:34:21.455 INFO  Minecraft: Guild > 3ctooo joined. 
21:44:06.074 INFO  Minecraft: Friend > R4M11_KN0 left. 
21:44:46.926 INFO  Minecraft: Guild > OLYforever joined. 
21:46:59.388 INFO  Minecraft: Guild > [VIP] Redbeam747 [M]: yo 
21:47:20.104 INFO  Minecraft: Guild > 3ctooo left. 
21:48:22.384 INFO  Minecraft: Guild > DeformedSeal joined. 
21:49:01.494 INFO  Minecraft: Guild > [VIP] friendly_rook [M]: redbeam747 
21:49:45.347 INFO  Minecraft: Friend > R4M11_KN0 joined. 
21:50:00.365 INFO  Minecraft: Friend > R4M11_KN0 left. 
21:50:09.631 INFO  Minecraft: Friend > R4M11_KN0 joined. 
21:50:49.990 INFO  Minecraft: Guild > [VIP] friendly_rook [M]: 4 and a half stack of wart 
21:52:04.348 INFO  Minecraft: Guild > [VIP] Redbeam747 [M]: rook 
21:52:07.338 INFO  Minecraft: Guild > [VIP] Redbeam747 [M]: im here 
21:52:11.419 INFO  Minecraft: Guild > [VIP] Redbeam747 [M]: can we trade and stuff 
21:52:25.525 INFO  Minecraft: Guild > [VIP] friendly_rook [M]: ok 
21:52:27.830 INFO  Minecraft: Guild > [VIP] Redbeam747 [M]: pog 
21:52:44.113 INFO  Minecraft: Guild > [VIP] ShredderSeal [M]: go hub 
21:56:19.810 INFO  Minecraft: Guild > [VIP] friendly_rook [M]: any idea of 100mil wart hoe trick shoot? 
21:56:32.165 INFO  Minecraft: Guild > [VIP] Redbeam747 [M]: ummm 
21:56:35.124 INFO  Minecraft: Guild > [VIP] ShredderSeal [M]: void mlg and ten 
21:56:38.445 INFO  Minecraft: Guild > [VIP] Redbeam747 [M]: lmao 
21:56:41.153 INFO  Minecraft: Guild > [VIP] ShredderSeal [M]: tp to top block 
21:56:46.197 INFO  Minecraft: Guild > [VIP] ShredderSeal [M]: or tp limit 
21:56:52.104 INFO  Minecraft: Guild > [VIP] Redbeam747 [M]: ohh 
21:56:54.234 INFO  Minecraft: Guild > [VIP] Redbeam747 [M]: lauch pad 
21:56:56.777 INFO  Minecraft: Guild > [VIP] Redbeam747 [M]: then 360 
21:57:07.174 INFO  Minecraft: Guild > [VIP] ShredderSeal [M]: then hit 360 shot on a mob 
21:57:11.167 INFO  Minecraft: Guild > [VIP] ShredderSeal [M]: and then 
21:57:23.378 INFO  Minecraft: Guild > [VIP] ShredderSeal [M]: hit 2 360s on the crop 
21:57:30.454 INFO  Minecraft: Guild > [VIP] ShredderSeal [M]: the most epic trickshot 
21:57:56.938 INFO  Minecraft: Guild > [VIP] ShredderSeal [M]: saucy bakas 
21:57:59.117 INFO  Minecraft: Guild > [VIP] ShredderSeal [M]: vs 
21:58:02.602 INFO  Minecraft: Guild > [VIP] ShredderSeal [M]: sussy bakas 
21:58:06.523 INFO  Minecraft: Guild > [VIP] Redbeam747 [M]: on my ah bid now 
21:58:42.642 INFO  Minecraft: Guild > [VIP] ShredderSeal [M]: ofa reaper scythe is poggors 
21:58:48.441 INFO  Minecraft: Guild > [VIP] Redbeam747 [M]: like poggorseel 
21:59:23.837 INFO  Minecraft: Guild > [VIP] ShredderSeal [M]: smarty pands 
21:59:26.453 INFO  Minecraft: Guild > [VIP] ShredderSeal [M]: pants 
21:59:37.393 INFO  Minecraft: Guild > [VIP] Redbeam747 [M]: yayeet 
21:59:53.740 INFO  Minecraft: Guild > [VIP] ShredderSeal [M]: me when ThirtyVirus misspelled Smarty Pants to Farty Pants 
21:59:55.978 INFO  Minecraft: Guild > [VIP] friendly_rook [M]: short bow good? 
21:59:59.879 INFO  Minecraft: Guild > [VIP] ShredderSeal [M]: epic 
22:00:07.782 INFO  Minecraft: Guild > [VIP] Redbeam747 [M]: shortbow op 
22:00:23.638 INFO  Minecraft: Guild > [VIP] ShredderSeal [M]: sus 
22:00:25.829 INFO  Minecraft: Guild > [VIP] friendly_rook [M]: buy it or hyperion 
22:00:31.396 INFO  Minecraft: Guild > [VIP] ShredderSeal [M]: hyp 
22:00:31.626 INFO  Minecraft: Guild > [VIP] Redbeam747 [M]: hype better 
22:00:32.869 INFO  Minecraft: Guild > [VIP] ShredderSeal [M]: ofc 
22:00:42.412 INFO  Minecraft: Guild > [VIP] ShredderSeal [M]: or necron's blade 
22:00:44.594 INFO  Minecraft: Guild > [VIP] ShredderSeal [M]: is better 
22:00:49.888 INFO  Minecraft: Guild > [VIP] ShredderSeal [M]: o wait u r mage 
22:00:50.273 INFO  Minecraft: Guild > [VIP] friendly_rook [M]: which wither blade is the best 
22:00:53.436 INFO  Minecraft: Guild > [VIP] ShredderSeal [M]: so yes hyp 
22:00:56.132 INFO  Minecraft: Guild > [VIP] Redbeam747 [M]: hype for mage 
22:00:56.152 INFO  Minecraft: Guild > [VIP] ShredderSeal [M]: depends 
22:00:59.754 INFO  Minecraft: Guild > [VIP] Redbeam747 [M]: valk for zerk 
22:01:12.478 INFO  Minecraft: Guild > [VIP] ShredderSeal [M]: valk for zerk and archer (now they use terms for archers) 
22:01:12.912 INFO  Minecraft: Guild > [VIP] Redbeam747 [M]: i personally like valk cause valk is good outside 
22:01:23.282 INFO  Minecraft: Guild > [VIP] ShredderSeal [M]: valk cringe 
22:01:25.774 INFO  Minecraft: Guild > [VIP] Redbeam747 [M]: no 
22:01:28.335 INFO  Minecraft: Guild > [VIP] ShredderSeal [M]: astraea best 
22:01:36.913 INFO  Minecraft: Guild > [VIP] ShredderSeal [M]: so much ehp 
22:03:07.137 INFO  Minecraft: Friend > R4M11_KN0 joined. 
22:03:08.134 INFO  Minecraft: Friend > R4M11_KN0 left. 
22:03:08.254 INFO  Minecraft: Friend > R4M11_KN0 left. 
22:03:11.146 INFO  Minecraft: Friend > R4M11_KN0 joined. 
22:03:40.946 INFO  Minecraft: Guild > [VIP] ShredderSeal [M]: mad doxx make me sue em 
22:05:00.280 INFO  Minecraft: Friend > R4M11_KN0 left. 
22:07:34.480 INFO  Minecraft: Guild > ShredderSeal left. 
22:07:39.707 INFO  Minecraft: Guild > ShredderSeal joined. 
22:11:58.747 INFO  Minecraft: Guild > Redbeam747 left. 
22:11:59.650 INFO  Minecraft: Guild > Redbeam747 joined. 
22:15:21.684 INFO  Minecraft: [Important] This server will restart soon: For a game update 
22:15:21.697 INFO  Minecraft: You have 30 seconds to warp out! CLICK to warp now! 
22:15:49.760 INFO  Minecraft: Evacuating to Hub... 
22:15:49.804 INFO  Minecraft: Sending to server mini134U... 
22:15:49.939 INFO  Logged in. 
22:15:50.447 INFO  Minecraft:         
22:15:54.940 INFO  Sending to skyblock. 
22:15:55.448 INFO  Minecraft: You are playing on profile: Zucchini (Co-op) 
22:15:56.405 INFO  Minecraft: You are already playing SkyBlock! 
22:16:00.348 INFO  Minecraft: Warping you to your SkyBlock island... 
22:16:00.894 INFO  Minecraft: Sending to server mini410E... 
22:16:01.053 INFO  Logged in. 
22:16:01.401 INFO  Minecraft:         
22:16:04.308 INFO  Minecraft: You are playing on profile: Zucchini (Co-op) 
22:16:06.065 INFO  Sending to skyblock. 
22:16:06.322 INFO  Minecraft: You are already playing SkyBlock! 
22:16:11.545 INFO  Minecraft: You're already sitting on this island! 
22:21:17.342 INFO  Discord: [ðŸ’¬â†’ï¸±guild-chat] Member | Fabled Livid: . 
22:21:17.671 INFO  Minecraft: Guild > Minikloons [LS]: Member| Fabled LividÂ» . 
22:21:49.239 INFO  Minecraft: Guild > [VIP] ShredderSeal [M]: bruh 
22:21:55.581 INFO  Minecraft: Guild > FabledLivid joined. 
22:25:31.794 INFO  Minecraft: Guild > FabledLivid left. 
22:27:00.211 INFO  Minecraft: Guild > OLYforever left. 
22:30:16.258 INFO  Minecraft: Guild > DeformedSeal left. 
22:40:02.097 INFO  Minecraft: Guild > [VIP] ShredderSeal [M]: y 
22:40:04.350 INFO  Minecraft: Guild > [VIP] ShredderSeal [M]: huh 
22:42:07.910 INFO  Minecraft: Guild > FabledLivid joined. 
22:42:38.927 INFO  Minecraft: Guild > FabledLivid left. 
22:44:30.861 INFO  Minecraft: Guild > ShredderSeal left. 
22:44:39.905 INFO  Minecraft: Guild > ShredderSeal joined. 
22:47:57.366 INFO  Minecraft: Guild > ShredderSeal left. 
23:07:22.549 INFO  Minecraft: Friend > R4M11_KN0 joined. 
23:08:56.961 INFO  Minecraft: Guild > FabledLivid joined. 
23:09:06.310 INFO  Minecraft: Friend > R4M11_KN0 left. 
23:11:28.180 INFO  Minecraft: Guild > FabledLivid left. 
23:20:00.952 INFO  Minecraft: Guild > FabledLivid joined. 
23:20:48.384 INFO  Minecraft: Guild > FabledLivid left. 
23:21:15.410 INFO  Minecraft: Guild > FabledLivid joined. 
23:32:51.090 INFO  Logging in. 
23:32:53.389 INFO  Discord: Logged in. 
23:32:55.451 INFO  Logged in. 
23:32:55.600 INFO  Minecraft:                                       
23:32:55.624 INFO  Minecraft:                           
23:32:55.833 INFO  Minecraft: You found a âœ°âœ°âœ°âœ°âœ° Mystery Box! 
23:32:56.195 INFO  Minecraft: You have 1 unclaimed achievement reward! 
23:32:56.198 INFO  Minecraft: Click here to view it! 
23:32:57.057 INFO  Minecraft: ----------------------------------------------------- 
23:32:57.060 INFO  Minecraft: Requirements are Skill Avg 23, Cata 23, and 170m net, along 
23:32:57.062 INFO  Minecraft: with 85k gexp a week! Make sure to have fun and contact 
23:32:57.064 INFO  Minecraft: OwOSeal or Smol if you have something to report, or something else to say! 
23:32:57.065 INFO  Minecraft: ----------------------------------------------------- 
23:32:58.384 INFO  Minecraft:   âž¤ You have reached your Hype limit! Add Hype to Prototype Lobby minigames by right-clicking with the Hype Diamond! 
23:33:00.467 INFO  Sending to skyblock. 
23:33:00.708 INFO  Minecraft: Guild > [VIP] FabledLivid [M]: anyyone up for some f2?? 
23:33:00.927 INFO  Minecraft: Sending to server mini713U... 
23:33:01.033 INFO  Logged in. 
23:33:01.310 INFO  Minecraft:         
23:33:04.374 INFO  Minecraft: You are playing on profile: Zucchini (Co-op) 
23:33:05.030 INFO  Minecraft:  
23:33:05.034 INFO  Minecraft: Welcome to Hypixel SkyBlock! 
23:33:05.784 INFO  Minecraft: You're already sitting on this island! 
23:33:06.039 INFO  Sending to skyblock. 
23:33:06.309 INFO  Minecraft: Cannot join SkyBlock for a moment! (Queue join in cooldown) 
23:33:08.891 INFO  Minecraft: Guild > [VIP] Hercules_RB [M]: sure 
23:33:11.015 INFO  Minecraft: Guild > [VIP] Redbeam747 [M]: f2? 
23:33:11.342 INFO  Minecraft: You're already sitting on this island! 
23:33:16.027 INFO  Minecraft: Guild > [VIP] FabledLivid [M]: yeah 
23:33:28.938 INFO  Minecraft: Guild > [VIP] FabledLivid [M]: studies prices are super high 
23:33:31.603 INFO  Minecraft: Guild > [VIP] FabledLivid [M]: 500k per 
23:33:40.155 INFO  Minecraft: Guild > [VIP] Redbeam747 [M]: oh wow 
23:33:42.643 INFO  Minecraft: Guild > [VIP] Redbeam747 [M]: ok 1s 
23:33:45.669 INFO  Minecraft: Guild > [VIP] FabledLivid [M]: k 
23:33:51.858 INFO  Minecraft: Guild > [VIP] FabledLivid [M]: lmk when 
23:34:53.426 INFO  Minecraft: Guild > [VIP] FabledLivid [M]: wut da hail 
23:35:00.097 INFO  Minecraft: Guild > OLYforever joined. 
23:35:07.574 INFO  Minecraft: Guild > [VIP] FabledLivid [M]: yo forever 
23:35:11.029 INFO  Minecraft: Guild > [VIP] FabledLivid [M]: up for some f2? 
23:35:17.884 INFO  Minecraft: Guild > [VIP+] OLYforever [M]: sure 
23:35:31.783 INFO  Minecraft: Guild > [VIP+] OLYforever [M]: i wanna go to 250 runs 
23:42:40.473 INFO  Minecraft: Guild > FabledLivid left. 
23:44:37.784 INFO  Minecraft: Guild > TimothyPlays57 joined. 
23:45:21.798 INFO  Discord: [ðŸ’¬â†’ï¸±guild-chat] Member | Fabled Livid: guys 
23:45:22.053 INFO  Minecraft: Guild > Minikloons [LS]: Member| Fabled LividÂ» guys 
23:45:29.916 INFO  Discord: [ðŸ’¬â†’ï¸±guild-chat] Member | Fabled Livid: studies are 640k lbin rn 
23:45:30.163 INFO  Minecraft: Guild > Minikloons [LS]: Member| Fabled LividÂ» studies are 640k lbin rn 
23:45:30.919 INFO  Discord: [ðŸ’¬â†’ï¸±guild-chat] Member | Fabled Livid: so 
23:45:31.168 INFO  Minecraft: Guild > Minikloons [LS]: Member| Fabled LividÂ» so 
23:45:35.325 INFO  Discord: [ðŸ’¬â†’ï¸±guild-chat] Member | Fabled Livid: stonkage 
23:45:35.573 INFO  Minecraft: Guild > Minikloons [LS]: Member| Fabled LividÂ» stonkage 
23:45:38.644 INFO  Minecraft: Guild > [VIP+] OLYforever [M]: mine sold for 666666 
23:46:27.062 INFO  Minecraft: Guild > TimothyPlays57 left. 
23:46:45.610 INFO  Discord: [ðŸ’¬â†’ï¸±guild-chat] Member | Fabled Livid: nice 
23:46:45.857 INFO  Minecraft: Guild > Minikloons [LS]: Member| Fabled LividÂ» nice 
23:46:49.943 INFO  Discord: [ðŸ’¬â†’ï¸±guild-chat] Member | Fabled Livid: thats like 160k 
23:46:50.190 INFO  Minecraft: Guild > Minikloons [LS]: Member| Fabled LividÂ» thats like 160k 
23:47:06.851 INFO  Minecraft: Guild > [VIP+] OLYforever [M]: yesterday i got one in a gold chest 
23:47:10.641 INFO  Minecraft: Guild > [VIP+] OLYforever [M]: for like 100k 
23:47:21.778 INFO  Discord: [ðŸ’¬â†’ï¸±guild-chat] Member | Fabled Livid: man i wish i could play rn 
23:47:22.022 INFO  Minecraft: Guild > Minikloons [LS]: Member| Fabled LividÂ» man i wish i could play rn 
23:47:25.474 INFO  Discord: [ðŸ’¬â†’ï¸±guild-chat] Member | Fabled Livid: i have class pain 
23:47:25.740 INFO  Minecraft: Guild > Minikloons [LS]: Member| Fabled LividÂ» i have class pain 
23:47:41.798 INFO  Minecraft: Guild > [VIP+] OLYforever [M]: oh for me its last week of school 
23:47:44.428 INFO  Minecraft: Guild > [VIP+] OLYforever [M]: so idrc 
23:47:45.885 INFO  Minecraft: Guild > friendly_rook left. 
23:48:01.502 INFO  Discord: [ðŸ’¬â†’ï¸±guild-chat] Member | Fabled Livid: ah 
23:48:01.766 INFO  Minecraft: Guild > Minikloons [LS]: Member| Fabled LividÂ» ah 
23:48:08.203 INFO  Discord: [ðŸ’¬â†’ï¸±guild-chat] Member | Fabled Livid: tmrw is last day for me 
23:48:08.578 INFO  Minecraft: Guild > Minikloons [LS]: Member| Fabled LividÂ» tmrw is last day for me 
23:55:29.586 INFO  Discord: [ðŸ’¬â†’ï¸±guild-chat] Member | Fabled Livid: pain i wish i could play reeee 
23:55:29.866 INFO  Minecraft: Guild > Minikloons [LS]: Member| Fabled LividÂ» pain i wish i could play reeee 
23:56:12.747 INFO  Minecraft: Guild > friendly_rook joined. 
23:56:47.728 INFO  Minecraft: Guild > friendly_rook left. 
23:59:59.850 INFO  Minecraft:  
23:59:59.855 INFO  Minecraft: [WATCHDOG ANNOUNCEMENT] 
23:59:59.857 INFO  Minecraft: Watchdog has banned 29,071 players in the last 7 days. 
23:59:59.861 INFO  Minecraft: Staff have banned an additional 17,277 in the last 7 days. 
23:59:59.863 INFO  Minecraft: Blacklisted modifications are a bannable offense! 
23:59:59.865 INFO  Minecraft:  
00:00:47.033 INFO  Minecraft: Guild > DeformedSeal joined. 

