00:01:30.523 INFO  Minecraft: [SkyBlock] Gimlee_777_ is visiting Your Island! 
00:01:44.188 INFO  Minecraft: [✌] Gimlee_777_: hi Minikloon 
00:01:50.041 INFO  Minecraft: [✌] Gimlee_777_: loons* 
00:02:16.411 INFO  Minecraft:  ☠ Gimlee_777_ fell into the void. 
02:00:08.918 INFO  Minecraft:  
02:00:08.927 INFO  Minecraft: [WATCHDOG ANNOUNCEMENT] 
02:00:08.928 INFO  Minecraft: Watchdog has banned 36,970 players in the last 7 days. 
02:00:08.929 INFO  Minecraft: Staff have banned an additional 13,177 in the last 7 days. 
02:00:08.934 INFO  Minecraft: Blacklisted modifications are a bannable offense! 
02:00:08.935 INFO  Minecraft:  
04:00:09.307 INFO  Minecraft:  
04:00:09.316 INFO  Minecraft: [WATCHDOG ANNOUNCEMENT] 
04:00:09.317 INFO  Minecraft: Watchdog has banned 38,225 players in the last 7 days. 
04:00:09.318 INFO  Minecraft: Staff have banned an additional 13,257 in the last 7 days. 
04:00:09.319 INFO  Minecraft: Blacklisted modifications are a bannable offense! 
04:00:09.319 INFO  Minecraft:  
06:00:10.634 INFO  Minecraft:  
06:00:10.643 INFO  Minecraft: [WATCHDOG ANNOUNCEMENT] 
06:00:10.644 INFO  Minecraft: Watchdog has banned 38,350 players in the last 7 days. 
06:00:10.647 INFO  Minecraft: Staff have banned an additional 13,339 in the last 7 days. 
06:00:10.648 INFO  Minecraft: Blacklisted modifications are a bannable offense! 
06:00:10.649 INFO  Minecraft:  
08:00:10.769 INFO  Minecraft:  
08:00:10.783 INFO  Minecraft: [WATCHDOG ANNOUNCEMENT] 
08:00:10.784 INFO  Minecraft: Watchdog has banned 38,448 players in the last 7 days. 
08:00:10.784 INFO  Minecraft: Staff have banned an additional 13,356 in the last 7 days. 
08:00:10.785 INFO  Minecraft: Blacklisted modifications are a bannable offense! 
08:00:10.785 INFO  Minecraft:  
08:11:24.165 INFO  Minecraft: Guild > LionyLev joined. 
08:40:40.619 INFO  Minecraft: Guild > LionyLev left. 
08:53:21.664 INFO  Minecraft: [Important] This server will restart soon: Scheduled Reboot 
08:53:21.668 INFO  Minecraft: You have 60 seconds to warp out! CLICK to warp now! 
08:54:19.681 INFO  Minecraft: Evacuating to Hub... 
08:54:19.715 INFO  Minecraft: Sending to server mini11F... 
08:54:19.848 INFO  Logged in. 
08:54:20.497 INFO  Minecraft:         
08:54:23.842 INFO  Minecraft: You are playing on profile: Zucchini (Co-op) 
08:54:23.942 INFO  Minecraft: [VIP] panda_kid1234: if you go to d ah u bad 
08:54:24.848 INFO  Sending to skyblock. 
08:54:25.107 INFO  Minecraft: You are already playing SkyBlock! 
08:54:30.170 INFO  Minecraft: Warping you to your SkyBlock island... 
08:54:30.427 INFO  Minecraft: Sending to server mini248R... 
08:54:30.588 INFO  Logged in. 
08:54:30.890 INFO  Minecraft:         
08:54:34.040 INFO  Minecraft: You are playing on profile: Zucchini (Co-op) 
08:54:35.590 INFO  Sending to skyblock. 
08:54:35.856 INFO  Minecraft: You are already playing SkyBlock! 
08:54:40.911 INFO  Minecraft: You're already sitting on this island! 
09:05:28.174 INFO  Minecraft: Guild > LionyLev joined. 
09:11:31.959 INFO  Minecraft: Guild > [MVP+] LionyLev [LS]: whats kd? 
09:24:12.786 INFO  Minecraft: Guild > LionyLev left. 
09:59:59.375 INFO  Minecraft: Guild > FearTheVillain3 joined. 
10:00:10.952 INFO  Minecraft:  
10:00:10.955 INFO  Minecraft: [WATCHDOG ANNOUNCEMENT] 
10:00:10.955 INFO  Minecraft: Watchdog has banned 38,427 players in the last 7 days. 
10:00:10.956 INFO  Minecraft: Staff have banned an additional 13,570 in the last 7 days. 
10:00:10.957 INFO  Minecraft: Blacklisted modifications are a bannable offense! 
10:00:10.957 INFO  Minecraft:  
10:09:55.288 INFO  Minecraft: Guild > FearTheVillain3 left. 
10:10:41.215 INFO  Minecraft: Guild > FearTheVillain3 joined. 
10:14:24.467 INFO  Minecraft: Guild > FearTheVillain3 left. 
10:14:39.522 INFO  Minecraft: Guild > FearTheVillain3 joined. 
10:22:32.527 INFO  Minecraft: Guild > FearTheVillain3 left. 
10:22:33.815 INFO  Minecraft: Guild > FearTheVillain3 joined. 
10:25:21.932 INFO  Minecraft: Guild > FearTheVillain3 left. 
10:58:28.684 INFO  Minecraft: Guild > FearTheVillain3 joined. 
12:00:11.241 INFO  Minecraft:  
12:00:11.290 INFO  Minecraft: [WATCHDOG ANNOUNCEMENT] 
12:00:11.291 INFO  Minecraft: Watchdog has banned 38,815 players in the last 7 days. 
12:00:11.292 INFO  Minecraft: Staff have banned an additional 13,671 in the last 7 days. 
12:00:11.293 INFO  Minecraft: Blacklisted modifications are a bannable offense! 
12:00:11.293 INFO  Minecraft:  
12:29:55.657 INFO  Minecraft: -----------------------------------------------------
[MVP+] Skruschat has requested to join the Guild!
Click here to accept or type /guild accept Skruschat!
-----------------------------------------------------
 
12:35:00.616 INFO  Minecraft: SPOOKY FESTIVAL The event starts in 3 days! 
12:35:00.619 INFO  Minecraft: SPOOKY FESTIVAL the Fear Mongerer has arrived in the hub! 
12:55:00.575 INFO  Minecraft: SPOOKY FESTIVAL The event starts in 2 days! 
13:15:00.361 INFO  Minecraft: SPOOKY FESTIVAL The event starts in 1 day! 
13:24:05.368 INFO  Minecraft: Guild > FearTheVillain3 left. 
13:28:37.797 INFO  Minecraft: Guild > FearTheVillain3 joined. 
14:00:11.394 INFO  Minecraft:  
14:00:11.405 INFO  Minecraft: [WATCHDOG ANNOUNCEMENT] 
14:00:11.406 INFO  Minecraft: Watchdog has banned 38,690 players in the last 7 days. 
14:00:11.408 INFO  Minecraft: Staff have banned an additional 13,779 in the last 7 days. 
14:00:11.409 INFO  Minecraft: Blacklisted modifications are a bannable offense! 
14:00:11.409 INFO  Minecraft:  
14:13:08.999 INFO  Minecraft: Guild > FearTheVillain3 left. 
14:15:48.403 INFO  Minecraft: Guild > FearTheVillain3 joined. 
14:52:38.105 INFO  Minecraft: Friend > IdlyChiqken joined. 
15:07:12.137 INFO  Minecraft: Guild > FearTheVillain3 left. 
15:12:55.287 INFO  Minecraft: Friend > IdlyChiqken left. 
15:13:07.570 INFO  Minecraft: Friend > IdlyChiqken joined. 
15:34:22.338 INFO  Minecraft: Guild > FearTheVillain3 joined. 
15:45:35.011 INFO  Minecraft: Guild > FearTheVillain3 left. 
15:45:36.156 INFO  Minecraft: Guild > FearTheVillain3 joined. 
15:47:36.169 INFO  Minecraft: Guild > FearTheVillain3 left. 
15:47:37.999 INFO  Minecraft: Guild > FearTheVillain3 joined. 
16:00:11.761 INFO  Minecraft:  
16:00:11.768 INFO  Minecraft: [WATCHDOG ANNOUNCEMENT] 
16:00:11.768 INFO  Minecraft: Watchdog has banned 38,599 players in the last 7 days. 
16:00:11.769 INFO  Minecraft: Staff have banned an additional 13,791 in the last 7 days. 
16:00:11.770 INFO  Minecraft: Blacklisted modifications are a bannable offense! 
16:00:11.771 INFO  Minecraft:  
16:12:14.087 INFO  Minecraft: Guild > FearTheVillain3 left. 
16:12:16.105 INFO  Minecraft: Guild > FearTheVillain3 joined. 
16:57:47.347 INFO  Minecraft: Guild > FearTheVillain3 left. 
18:00:11.940 INFO  Minecraft:  
18:00:11.952 INFO  Minecraft: [WATCHDOG ANNOUNCEMENT] 
18:00:11.952 INFO  Minecraft: Watchdog has banned 38,548 players in the last 7 days. 
18:00:11.957 INFO  Minecraft: Staff have banned an additional 13,801 in the last 7 days. 
18:00:11.958 INFO  Minecraft: Blacklisted modifications are a bannable offense! 
18:00:11.959 INFO  Minecraft:  
18:27:10.951 INFO  Minecraft: Friend > IdlyChiqken left. 
18:33:18.400 INFO  Minecraft: Friend > IdlyChiqken joined. 
20:00:12.130 INFO  Minecraft:  
20:00:12.137 INFO  Minecraft: [WATCHDOG ANNOUNCEMENT] 
20:00:12.138 INFO  Minecraft: Watchdog has banned 38,586 players in the last 7 days. 
20:00:12.138 INFO  Minecraft: Staff have banned an additional 13,808 in the last 7 days. 
20:00:12.139 INFO  Minecraft: Blacklisted modifications are a bannable offense! 
20:00:12.140 INFO  Minecraft:  
21:34:08.152 INFO  Logging in. 
21:34:09.619 INFO  Discord: Logged in. 
21:34:11.021 INFO  Logged in. 
21:34:11.189 INFO  Minecraft:                                       
21:34:11.220 INFO  Minecraft:                           
21:34:11.237 INFO  Minecraft: ----------------------------------------------------- 
21:34:11.238 INFO  Minecraft: Requirements are Skill Avg 23, Cata 23, and 170m net, along 
21:34:11.239 INFO  Minecraft: with 85k gexp a week! Make sure to have fun and contact 
21:34:11.239 INFO  Minecraft: OwOSeal or Smol if you have something to report, or something else to say! 
21:34:11.240 INFO  Minecraft: ----------------------------------------------------- 
21:34:11.363 INFO  Minecraft: You found a ✰✰✰✰✰ Mystery Box! 
21:34:14.981 INFO  Minecraft: Friend > IdlyChiqken left. 
21:34:16.031 INFO  Sending to skyblock. 
21:34:16.490 INFO  Minecraft: Sending to server mini416R... 
21:34:16.647 INFO  Logged in. 
21:34:17.118 INFO  Minecraft:         
21:34:20.072 INFO  Minecraft: You are playing on profile: Zucchini (Co-op) 
21:34:20.704 INFO  Minecraft:  
21:34:20.705 INFO  Minecraft: Welcome to Hypixel SkyBlock! 
21:34:21.047 INFO  Minecraft: ALLOWANCE! You earned 50,000 coins! 
21:34:21.360 INFO  Minecraft: You're already sitting on this island! 
21:34:21.648 INFO  Sending to skyblock. 
21:34:21.907 INFO  Minecraft: Cannot join SkyBlock for a moment! (Queue join in cooldown) 
21:34:26.969 INFO  Minecraft: You're already sitting on this island! 
22:00:12.330 INFO  Minecraft:  
22:00:12.334 INFO  Minecraft: [WATCHDOG ANNOUNCEMENT] 
22:00:12.335 INFO  Minecraft: Watchdog has banned 38,604 players in the last 7 days. 
22:00:12.335 INFO  Minecraft: Staff have banned an additional 13,715 in the last 7 days. 
22:00:12.336 INFO  Minecraft: Blacklisted modifications are a bannable offense! 
22:00:12.337 INFO  Minecraft:  
22:06:10.587 INFO  Logging in. 
22:06:11.955 INFO  Discord: Logged in. 
22:06:13.516 INFO  Logged in. 
22:06:13.734 INFO  Minecraft:                                       
22:06:13.743 INFO  Minecraft:                           
22:06:14.799 INFO  Minecraft: ----------------------------------------------------- 
22:06:14.800 INFO  Minecraft: Requirements are Skill Avg 23, Cata 23, and 170m net, along 
22:06:14.801 INFO  Minecraft: with 85k gexp a week! Make sure to have fun and contact 
22:06:14.802 INFO  Minecraft: OwOSeal or Smol if you have something to report, or something else to say! 
22:06:14.803 INFO  Minecraft: ----------------------------------------------------- 
22:06:18.526 INFO  Sending to skyblock. 
22:06:18.813 INFO  Minecraft: [MVP+] ukbar57 joined the lobby! 
22:06:18.815 INFO  Sending to skyblock. 
22:06:18.949 INFO  Minecraft: Sending to server mini997W... 
22:06:19.052 INFO  Minecraft: Please don't spam the command! 
22:06:19.061 INFO  Logged in. 
22:06:19.304 INFO  Minecraft:         
22:06:21.110 INFO  Minecraft: You're already sitting on this island! 
22:06:22.454 INFO  Minecraft: You are playing on profile: Zucchini (Co-op) 
22:06:23.141 INFO  Minecraft:  
22:06:23.143 INFO  Minecraft: Welcome to Hypixel SkyBlock! 
22:06:23.881 INFO  Minecraft: You're already sitting on this island! 
22:06:24.067 INFO  Sending to skyblock. 
22:06:24.422 INFO  Minecraft: Cannot join SkyBlock for a moment! (Queue join in cooldown) 
22:06:29.412 INFO  Minecraft: You're already sitting on this island! 
22:23:18.660 INFO  Logging in. 
22:23:20.039 INFO  Discord: Logged in. 
22:23:21.720 INFO  Logged in. 
22:23:22.004 INFO  Minecraft:                                       
22:23:22.011 INFO  Minecraft:                           
22:23:24.845 INFO  Minecraft: ----------------------------------------------------- 
22:23:24.847 INFO  Minecraft: Requirements are Skill Avg 23, Cata 23, and 170m net, along 
22:23:24.848 INFO  Minecraft: with 85k gexp a week! Make sure to have fun and contact 
22:23:24.851 INFO  Minecraft: OwOSeal or Smol if you have something to report, or something else to say! 
22:23:24.852 INFO  Minecraft: ----------------------------------------------------- 
22:23:26.720 INFO  Sending to skyblock. 
22:23:27.237 INFO  Minecraft: Sending to server mini449M... 
22:23:27.414 INFO  Logged in. 
22:23:27.714 INFO  Minecraft:         
22:23:30.885 INFO  Minecraft: You are playing on profile: Zucchini (Co-op) 
22:23:31.485 INFO  Minecraft:  
22:23:31.494 INFO  Minecraft: Welcome to Hypixel SkyBlock! 
22:23:32.143 INFO  Minecraft: You're already sitting on this island! 
22:23:32.417 INFO  Sending to skyblock. 
22:23:32.740 INFO  Minecraft: Cannot join SkyBlock for a moment! (Queue join in cooldown) 
22:23:37.825 INFO  Minecraft: You're already sitting on this island! 
22:59:25.673 INFO  Logging in. 
22:59:27.071 INFO  Discord: Logged in. 
22:59:28.673 INFO  Logged in. 
22:59:28.892 INFO  Minecraft:                                       
22:59:28.900 INFO  Minecraft:                           
22:59:29.177 INFO  Minecraft: You found a ✰✰✰✰✰ Mystery Box! 
22:59:29.467 INFO  Minecraft:  >>> [MVP++] oMgEuropa joined the lobby! <<< 
22:59:30.056 INFO  Minecraft: ----------------------------------------------------- 
22:59:30.057 INFO  Minecraft: Requirements are Skill Avg 23, Cata 23, and 170m net, along 
22:59:30.058 INFO  Minecraft: with 85k gexp a week! Make sure to have fun and contact 
22:59:30.058 INFO  Minecraft: OwOSeal or Smol if you have something to report, or something else to say! 
22:59:30.059 INFO  Minecraft: ----------------------------------------------------- 
22:59:31.861 INFO  Minecraft:  >>> [MVP++] boopjazm joined the lobby! <<< 
22:59:32.262 INFO  Minecraft:  >>> [MVP++] Jxsmini joined the lobby! <<< 
22:59:33.674 INFO  Sending to skyblock. 
22:59:34.083 INFO  Minecraft: Sending to server mini99B... 
22:59:34.237 INFO  Logged in. 
22:59:34.502 INFO  Minecraft:         
22:59:37.662 INFO  Minecraft: You are playing on profile: Zucchini (Co-op) 
22:59:38.247 INFO  Minecraft:  
22:59:38.283 INFO  Minecraft: Welcome to Hypixel SkyBlock! 
22:59:38.997 INFO  Minecraft: You're already sitting on this island! 
22:59:39.252 INFO  Sending to skyblock. 
22:59:39.508 INFO  Minecraft: Cannot join SkyBlock for a moment! (Queue join in cooldown) 
22:59:44.565 INFO  Minecraft: You're already sitting on this island! 
23:10:22.063 INFO  Minecraft: [SkyBlock] [MVP++] CloudyWill is visiting Your Island! 
00:00:12.520 INFO  Minecraft:  
00:00:12.540 INFO  Minecraft: [WATCHDOG ANNOUNCEMENT] 
00:00:12.541 INFO  Minecraft: Watchdog has banned 38,614 players in the last 7 days. 
00:00:12.542 INFO  Minecraft: Staff have banned an additional 13,638 in the last 7 days. 
00:00:12.544 INFO  Minecraft: Blacklisted modifications are a bannable offense! 
00:00:12.545 INFO  Minecraft:  

