01:02:48.899 INFO  Discord: [锔guild-chat] Gura's Shrimp: dead chat 
01:02:49.635 INFO  Minecraft: Guild > Minikloons [LS]: Gura'sShrimp禄 dead chat 
01:03:52.477 INFO  Minecraft: Guild > UnknowAccount left. 
01:55:01.830 INFO  Minecraft: FISHING FESTIVAL The festival is now underway! Break out your fishing rods and watch out for sharks! 
01:56:36.083 INFO  Minecraft: ----------------------------------------------------- 
01:56:36.096 INFO  Minecraft: You have just received 68,702 coins as interest in your co-op bank account! 
01:56:36.096 INFO  Minecraft: ----------------------------------------------------- 
02:00:04.404 INFO  Minecraft:  
02:00:04.431 INFO  Minecraft: [WATCHDOG ANNOUNCEMENT] 
02:00:04.433 INFO  Minecraft: Watchdog has banned 29,826 players in the last 7 days. 
02:00:04.435 INFO  Minecraft: Staff have banned an additional 12,925 in the last 7 days. 
02:00:04.437 INFO  Minecraft: Blacklisted modifications are a bannable offense! 
02:00:04.438 INFO  Minecraft:  
02:10:48.404 INFO  Minecraft: Guild > UnknownShadow124 joined. 
02:16:28.809 INFO  Minecraft: Guild > UnknownShadow124 left. 
02:23:25.974 INFO  Minecraft: Guild > UnknowAccount joined. 
02:24:48.886 INFO  Minecraft: Guild > PvP_Left joined. 
02:24:59.196 INFO  Minecraft: Guild > UnknownShadow124 joined. 
02:36:45.843 INFO  Minecraft: Guild > ASovietDoge joined. 
02:43:59.123 INFO  Discord: [锔guild-chat] LS | SnowedSeal: henlo soviet 
02:43:59.482 INFO  Minecraft: Guild > Minikloons [LS]: LS| SnowedSeal禄 henlo soviet 
02:44:03.207 INFO  Minecraft: Guild > [VIP] ASovietDoge [CO]: o/ 
02:44:12.150 INFO  Discord: [锔guild-chat] LS | SnowedSeal: im starting to think everyone has their guild chat toggled 
02:44:12.508 INFO  Minecraft: Guild > Minikloons [LS]: LS| SnowedSeal禄 im starting to think everyone has their guild chat toggled 
02:44:28.488 INFO  Minecraft: Guild > [VIP] ASovietDoge [CO]: lol 
02:45:39.584 INFO  Minecraft: Friend > SnowedSeal joined. 
02:54:59.970 INFO  Minecraft: FISHING FESTIVAL The festival has concluded! Time to dry off and repair your rods! 
02:58:05.856 INFO  Minecraft: Guild > UnknownShadow124 left. 
03:03:07.433 INFO  Minecraft: Guild > PvP_Left left. 
03:09:36.959 INFO  Minecraft: Friend > SnowedSeal left. 
03:13:58.727 INFO  Minecraft: Friend > SnowedSeal joined. 
03:15:18.949 INFO  Minecraft: Guild > PvP_Left joined. 
03:22:59.934 INFO  Minecraft: Guild > ASovietDoge left. 
03:38:27.466 INFO  Minecraft: Friend > SnowedSeal left. 
03:40:58.272 INFO  Minecraft: Friend > SnowedSeal joined. 
03:43:44.656 INFO  Minecraft: Guild > UnknownShadow124 joined. 
03:48:24.104 INFO  Minecraft: Guild > UnknownShadow124 left. 
03:51:04.715 INFO  Minecraft: Friend > SnowedSeal left. 
03:59:52.200 INFO  Minecraft: Friend > SnowedSeal joined. 
04:00:04.570 INFO  Minecraft:  
04:00:04.579 INFO  Minecraft: [WATCHDOG ANNOUNCEMENT] 
04:00:04.580 INFO  Minecraft: Watchdog has banned 29,870 players in the last 7 days. 
04:00:04.580 INFO  Minecraft: Staff have banned an additional 12,923 in the last 7 days. 
04:00:04.581 INFO  Minecraft: Blacklisted modifications are a bannable offense! 
04:00:04.582 INFO  Minecraft:  
04:03:09.331 INFO  Minecraft: Guild > PvP_Left left. 
04:05:23.620 INFO  Minecraft: Guild > NucOps06 joined. 
04:11:21.712 INFO  Discord: [锔guild-chat] LS | SnowedSeal: owo 
04:11:22.104 INFO  Minecraft: Guild > Minikloons [LS]: LS| SnowedSeal禄 owo 
04:25:59.465 INFO  Minecraft: Guild > UnknownShadow124 joined. 
04:26:00.288 INFO  Minecraft: Guild > UnknownShadow124 joined. 
04:26:01.514 INFO  Minecraft: Guild > UnknownShadow124 left. 
04:26:07.273 INFO  Minecraft: Guild > UnknownShadow124 joined. 
04:26:08.213 INFO  Minecraft: Guild > UnknownShadow124 left. 
04:26:16.331 INFO  Minecraft: Guild > UnknownShadow124 joined. 
04:26:17.242 INFO  Minecraft: Guild > UnknownShadow124 left. 
04:26:31.371 INFO  Minecraft: Guild > UnknownShadow124 left. 
04:26:31.558 INFO  Minecraft: Guild > UnknownShadow124 joined. 
04:26:41.532 INFO  Minecraft: Guild > UnknownShadow124 left. 
04:26:44.319 INFO  Minecraft: Guild > UnknownShadow124 joined. 
04:30:11.366 INFO  Minecraft: Guild > UnknownShadow124 left. 
04:31:59.518 INFO  Minecraft: Guild > UnknownShadow124 joined. 
04:32:23.468 INFO  Minecraft: Guild > 3ctooo joined. 
04:39:37.533 INFO  Minecraft: Friend > SnowedSeal left. 
04:41:29.750 INFO  Minecraft: Guild > ASovietDoge joined. 
04:44:51.813 INFO  Minecraft: Guild > UnknowAccount left. 
04:46:49.849 INFO  Minecraft: Guild > 3ctooo left. 
05:15:00.500 INFO  Minecraft: Guild > ASovietDoge left. 
05:22:42.153 INFO  Minecraft: Guild > sommthing joined. 
05:30:08.660 INFO  Minecraft: Guild > sommthing left. 
05:36:14.999 INFO  Minecraft: Guild > UnknownShadow124 left. 
05:36:18.472 INFO  Minecraft: Guild > UnknownShadow124 joined. 
05:36:24.372 INFO  Minecraft: Guild > UnknownShadow124 left. 
05:40:25.992 INFO  Minecraft: Guild > yKxshi joined. 
05:40:29.862 INFO  Minecraft: Guild > ASovietDoge joined. 
05:42:15.080 INFO  Minecraft: Guild > UnknownShadow124 joined. 
05:42:24.005 INFO  Minecraft: Guild > UnknownShadow124 left. 
05:45:49.655 INFO  Minecraft: Guild > yKxshi left. 
06:00:04.719 INFO  Minecraft:  
06:00:04.733 INFO  Minecraft: [WATCHDOG ANNOUNCEMENT] 
06:00:04.734 INFO  Minecraft: Watchdog has banned 29,913 players in the last 7 days. 
06:00:04.735 INFO  Minecraft: Staff have banned an additional 12,818 in the last 7 days. 
06:00:04.735 INFO  Minecraft: Blacklisted modifications are a bannable offense! 
06:00:04.737 INFO  Minecraft:  
06:01:22.892 INFO  Minecraft: Guild > ASovietDoge left. 
06:37:16.386 INFO  Minecraft: Guild > NucOps06 left. 
07:34:15.274 INFO  Minecraft: Guild > yKxshi joined. 
07:35:05.012 INFO  Minecraft: Guild > PvP_Left joined. 
07:39:56.993 INFO  Minecraft: Guild > UnknowAccount joined. 
07:48:02.295 INFO  Minecraft: Guild > yKxshi left. 
07:52:52.425 INFO  Minecraft: Guild > yKxshi joined. 
07:59:03.985 INFO  Minecraft: Guild > ASovietDoge joined. 
08:00:04.870 INFO  Minecraft:  
08:00:04.882 INFO  Minecraft: [WATCHDOG ANNOUNCEMENT] 
08:00:04.883 INFO  Minecraft: Watchdog has banned 29,951 players in the last 7 days. 
08:00:04.884 INFO  Minecraft: Staff have banned an additional 12,840 in the last 7 days. 
08:00:04.885 INFO  Minecraft: Blacklisted modifications are a bannable offense! 
08:00:04.886 INFO  Minecraft:  
08:06:58.019 INFO  Minecraft: ----------------------------------------------------- 
08:06:58.027 INFO  Minecraft: [MVP+] yKxshi left the guild! 
08:06:58.029 INFO  Minecraft: ----------------------------------------------------- 
08:06:58.447 INFO  Minecraft: Guild > Minikloons [LS]: We are sorry you had to leave, yKxshi 
08:17:26.629 INFO  Minecraft: Guild > ranger4josh joined. 
08:21:01.045 INFO  Minecraft: Guild > PvP_Left left. 
08:28:31.273 INFO  Minecraft: Guild > ASovietDoge left. 
08:45:03.612 INFO  Discord: [锔guild-chat] LS | SnowedSeal: henlo 
08:45:03.963 INFO  Minecraft: Guild > Minikloons [LS]: LS| SnowedSeal禄 henlo 
08:45:21.104 INFO  Discord: [锔guild-chat] LS | SnowedSeal: who here has their gc toggled (they wont be able to look at gc) 
08:45:21.431 INFO  Minecraft: Guild > Minikloons [LS]: LS| SnowedSeal禄 who here has their gc toggled (they wont be able to look at gc) 
08:48:06.427 INFO  Minecraft: Guild > ranger4josh left. 
08:51:17.595 INFO  Discord: [锔guild-chat] LS | SnowedSeal: looks like thats everyone 
08:51:18.040 INFO  Minecraft: Guild > Minikloons [LS]: LS| SnowedSeal禄 looks like thats everyone 
09:04:25.699 INFO  Minecraft: Friend > SnowedSeal joined. 
09:14:00.273 INFO  Minecraft: Friend > SnowedSeal left. 
10:00:05.020 INFO  Minecraft:  
10:00:05.031 INFO  Minecraft: [WATCHDOG ANNOUNCEMENT] 
10:00:05.032 INFO  Minecraft: Watchdog has banned 30,301 players in the last 7 days. 
10:00:05.032 INFO  Minecraft: Staff have banned an additional 12,822 in the last 7 days. 
10:00:05.033 INFO  Minecraft: Blacklisted modifications are a bannable offense! 
10:00:05.034 INFO  Minecraft:  
10:01:45.123 INFO  Minecraft: Guild > UnknowAccount left. 
10:26:09.400 INFO  Minecraft: Guild > NucOps06 joined. 
10:37:49.791 INFO  Minecraft: Friend > SnowedSeal joined. 
11:26:19.231 INFO  Minecraft: Guild > NucOps06 left. 
11:26:23.563 INFO  Minecraft: Guild > NucOps06 joined. 
11:35:31.194 INFO  Minecraft: Friend > IdlyChiqken joined. 
11:59:45.239 INFO  Minecraft: Guild > ranger4josh joined. 
12:00:05.181 INFO  Minecraft:  
12:00:05.185 INFO  Minecraft: [WATCHDOG ANNOUNCEMENT] 
12:00:05.185 INFO  Minecraft: Watchdog has banned 30,498 players in the last 7 days. 
12:00:05.186 INFO  Minecraft: Staff have banned an additional 12,849 in the last 7 days. 
12:00:05.187 INFO  Minecraft: Blacklisted modifications are a bannable offense! 
12:00:05.187 INFO  Minecraft:  
12:05:57.350 INFO  Minecraft: Guild > SwagMonkey420 joined. 
12:15:01.016 INFO  Minecraft: FISHING FESTIVAL The festival is now underway! Break out your fishing rods and watch out for sharks! 
12:17:19.382 INFO  Minecraft: Guild > SwagMonkey420 left. 
12:20:30.133 INFO  Minecraft: Friend > SnowedSeal left. 
12:22:19.477 INFO  Minecraft: Friend > SnowedSeal joined. 
13:15:00.021 INFO  Minecraft: FISHING FESTIVAL The festival has concluded! Time to dry off and repair your rods! 
13:17:18.225 INFO  Minecraft: Guild > NucOps06 left. 
13:30:28.060 INFO  Minecraft: Friend > SnowedSeal left. 
13:43:42.555 INFO  Minecraft: -----------------------------------------------------
[MVP++] HeadlessCowboy has requested to join the Guild!
Click here to accept or type /guild accept HeadlessCowboy!
-----------------------------------------------------
 
13:43:47.292 INFO  Minecraft: Guild > ranger4josh left. 
13:57:29.248 INFO  Minecraft: Guild > ranger4josh joined. 
14:00:05.347 INFO  Minecraft:  
14:00:05.358 INFO  Minecraft: [WATCHDOG ANNOUNCEMENT] 
14:00:05.359 INFO  Minecraft: Watchdog has banned 30,297 players in the last 7 days. 
14:00:05.359 INFO  Minecraft: Staff have banned an additional 12,933 in the last 7 days. 
14:00:05.360 INFO  Minecraft: Blacklisted modifications are a bannable offense! 
14:00:05.362 INFO  Minecraft:  
14:04:17.464 INFO  Minecraft: Can't find a player by the name of 'headlesscowbow' 
14:04:21.726 INFO  Minecraft: ----------------------------------------------------- 
14:04:21.728 INFO  Minecraft: You're already in a guild! 
14:04:21.729 INFO  Minecraft: ----------------------------------------------------- 
14:04:49.774 INFO  Minecraft: ----------------------------------------------------- 
14:04:49.777 INFO  Minecraft: You cannot invite this player to your guild! 
14:04:49.777 INFO  Minecraft: ----------------------------------------------------- 
14:04:58.670 INFO  Minecraft: ----------------------------------------------------- 
14:04:58.717 INFO  Minecraft: You sent a friend request to HeadlessCowboy! They have 5 minutes to accept it! 
14:04:58.718 INFO  Minecraft: ----------------------------------------------------- 
14:05:13.700 INFO  Minecraft: ----------------------------- 
14:05:13.702 INFO  Minecraft: You are not in a party right now. 
14:05:13.703 INFO  Minecraft: ----------------------------- 
14:05:28.251 INFO  Minecraft: ----------------------------- 
14:05:28.254 INFO  Minecraft: You cannot invite that player since they're not online. 
14:05:28.255 INFO  Minecraft: ----------------------------- 
14:09:58.670 INFO  Minecraft: ----------------------------------------------------- 
14:09:58.694 INFO  Minecraft: Your friend request to [MVP++] HeadlessCowboy has expired. 
14:09:58.695 INFO  Minecraft: ----------------------------------------------------- 
14:25:28.217 INFO  Minecraft: [Important] This server will restart soon: Scheduled Reboot 
14:25:28.229 INFO  Minecraft: You have 60 seconds to warp out! CLICK to warp now! 
14:26:26.341 INFO  Minecraft: Evacuating to Hub... 
14:26:26.500 INFO  Minecraft: Sending to server mini693A... 
14:26:26.622 INFO  Logged in. 
14:26:27.874 INFO  Minecraft:         
14:26:31.634 INFO  Sending to skyblock. 
14:26:34.383 INFO  Minecraft: You are playing on profile: Zucchini (Co-op) 
14:26:35.537 INFO  Minecraft: ALLOWANCE! You earned 50,000 coins! 
14:26:35.826 INFO  Minecraft: You are already playing SkyBlock! 
14:26:37.277 INFO  Minecraft: Warping you to your SkyBlock island... 
14:26:37.291 INFO  Minecraft: Sending to server mini70T... 
14:26:37.363 INFO  Logged in. 
14:26:37.571 INFO  Minecraft:         
14:26:42.364 INFO  Sending to skyblock. 
14:26:42.521 INFO  Minecraft: You are playing on profile: Zucchini (Co-op) 
14:26:42.723 INFO  Minecraft: You are already playing SkyBlock! 
14:26:47.750 INFO  Minecraft: You're already sitting on this island! 
14:28:30.616 INFO  Minecraft: Guild > ranger4josh left. 
14:39:06.474 INFO  Minecraft: Guild > ranger4josh joined. 
14:48:35.931 INFO  Minecraft: Guild > ranger4josh left. 
14:48:45.957 INFO  Minecraft: Guild > ranger4josh joined. 
14:58:41.827 INFO  Minecraft: Guild > ranger4josh left. 
15:14:27.712 INFO  Minecraft: Guild > ASovietDoge joined. 
15:33:22.019 INFO  Minecraft: Guild > ASovietDoge left. 
16:00:05.522 INFO  Minecraft:  
16:00:05.530 INFO  Minecraft: [WATCHDOG ANNOUNCEMENT] 
16:00:05.531 INFO  Minecraft: Watchdog has banned 30,350 players in the last 7 days. 
16:00:05.532 INFO  Minecraft: Staff have banned an additional 13,023 in the last 7 days. 
16:00:05.533 INFO  Minecraft: Blacklisted modifications are a bannable offense! 
16:00:05.534 INFO  Minecraft:  
16:46:43.505 INFO  Minecraft: Guild > PvP_Left joined. 
17:03:54.443 INFO  Minecraft: Guild > PvP_Left left. 
17:04:07.557 INFO  Minecraft: Guild > PvP_Left joined. 
17:43:13.848 INFO  Minecraft: Friend > IdlyChiqken left. 
17:57:16.262 INFO  Minecraft: Friend > IdlyChiqken joined. 
18:00:05.658 INFO  Minecraft:  
18:00:05.669 INFO  Minecraft: [WATCHDOG ANNOUNCEMENT] 
18:00:05.671 INFO  Minecraft: Watchdog has banned 30,439 players in the last 7 days. 
18:00:05.672 INFO  Minecraft: Staff have banned an additional 13,047 in the last 7 days. 
18:00:05.672 INFO  Minecraft: Blacklisted modifications are a bannable offense! 
18:00:05.673 INFO  Minecraft:  
18:19:49.933 INFO  Minecraft: Guild > PvP_Left left. 
18:34:29.823 INFO  Minecraft: Friend > IdlyChiqken left. 
18:34:39.815 INFO  Minecraft: Friend > IdlyChiqken joined. 
18:35:43.780 INFO  Minecraft: Friend > IdlyChiqken left. 
18:40:26.197 INFO  Minecraft: Friend > IdlyChiqken joined. 
19:03:06.175 INFO  Minecraft: Guild > UnknowAccount joined. 
20:00:05.810 INFO  Minecraft:  
20:00:05.827 INFO  Minecraft: [WATCHDOG ANNOUNCEMENT] 
20:00:05.828 INFO  Minecraft: Watchdog has banned 30,472 players in the last 7 days. 
20:00:05.829 INFO  Minecraft: Staff have banned an additional 13,081 in the last 7 days. 
20:00:05.830 INFO  Minecraft: Blacklisted modifications are a bannable offense! 
20:00:05.831 INFO  Minecraft:  
20:09:35.028 INFO  Minecraft:  
20:09:35.036 INFO  Minecraft: ----------------------------------------------------- 
20:09:35.037 INFO  Minecraft:  
20:09:35.039 INFO  Minecraft:                  GUILD QUEST TIER 2 COMPLETED! 
20:09:35.040 INFO  Minecraft:  
20:09:35.041 INFO  Minecraft:     The guild has completed Tier 2 of this week's Guild Quest! 
20:09:35.042 INFO  Minecraft:                          +50000 Guild Experience 
20:09:35.042 INFO  Minecraft:  
20:09:35.043 INFO  Minecraft: ----------------------------------------------------- 
20:17:40.503 INFO  Minecraft: Guild > friendly_rook joined. 
20:18:34.335 INFO  Minecraft: Guild > friendly_rook left. 
20:23:27.953 INFO  Minecraft: Guild > ranger4josh joined. 
20:35:00.000 INFO  Minecraft: SPOOKY FESTIVAL The event starts in 3 days! 
20:35:00.010 INFO  Minecraft: SPOOKY FESTIVAL the Fear Mongerer has arrived in the hub! 
20:46:41.973 INFO  Minecraft: Guild > PvP_Left joined. 
20:47:43.970 INFO  Minecraft: Guild > PvP_Left left. 
20:47:49.747 INFO  Minecraft: Guild > PvP_Left joined. 
20:49:33.751 INFO  Minecraft: Guild > ranger4josh left. 
20:51:58.389 INFO  Minecraft: Guild > ranger4josh joined. 
20:53:44.462 INFO  Minecraft: Guild > NucOps06 joined. 
20:54:27.395 INFO  Minecraft: [Important] This server will restart soon: Scheduled Reboot 
20:54:27.399 INFO  Minecraft: You have 60 seconds to warp out! CLICK to warp now! 
20:54:59.240 INFO  Minecraft: SPOOKY FESTIVAL The event starts in 2 days! 
20:55:25.449 INFO  Minecraft: Evacuating to Hub... 
20:55:25.817 INFO  Minecraft: Sending to server mini911V... 
20:55:25.951 INFO  Logged in. 
20:55:26.570 INFO  Minecraft:         
20:55:30.557 INFO  Minecraft: You are playing on profile: Zucchini (Co-op) 
20:55:30.950 INFO  Sending to skyblock. 
20:55:31.272 INFO  Minecraft: You are already playing SkyBlock! 
20:55:36.323 INFO  Minecraft: Warping you to your SkyBlock island... 
20:55:36.578 INFO  Minecraft: Sending to server mini132B... 
20:55:36.694 INFO  Logged in. 
20:55:36.911 INFO  Minecraft:         
20:55:40.164 INFO  Minecraft: You are playing on profile: Zucchini (Co-op) 
20:55:41.700 INFO  Sending to skyblock. 
20:55:42.094 INFO  Minecraft: You are already playing SkyBlock! 
20:55:47.522 INFO  Minecraft: You're already sitting on this island! 
20:56:52.828 INFO  Minecraft: Guild > PvP_Left left. 
21:14:59.142 INFO  Minecraft: SPOOKY FESTIVAL The event starts in 1 day! 
21:21:34.207 INFO  Minecraft: Guild > ranger4josh left. 
21:21:40.422 INFO  Minecraft: Guild > ranger4josh joined. 
21:21:50.552 INFO  Minecraft: Guild > ranger4josh left. 
21:50:00.358 INFO  Minecraft: SPOOKY FESTIVAL A Bat Pi帽ata has appeared! It's dropping candies! 
21:59:59.848 INFO  Minecraft:  
21:59:59.857 INFO  Minecraft: [WATCHDOG ANNOUNCEMENT] 
21:59:59.857 INFO  Minecraft: Watchdog has banned 30,637 players in the last 7 days. 
21:59:59.858 INFO  Minecraft: Staff have banned an additional 13,024 in the last 7 days. 
21:59:59.859 INFO  Minecraft: Blacklisted modifications are a bannable offense! 
21:59:59.859 INFO  Minecraft:  
22:01:11.603 INFO  Minecraft: Officer > Minikloons [LS]: axekiller2000's Application was accepted and requested to join the guild. 
22:01:12.579 INFO  Minecraft: ----------------------------------------------------- 
22:01:12.584 INFO  Minecraft: You invited [MVP+] oSnapItsWalter to your guild. They have 5 minutes to accept. 
22:01:12.585 INFO  Minecraft: ----------------------------------------------------- 
22:01:15.878 INFO  Minecraft: ----------------------------------------------------- 
22:01:15.880 INFO  Minecraft: [MVP+] oSnapItsWalter joined the guild! 
22:01:15.882 INFO  Minecraft: ----------------------------------------------------- 
22:01:16.206 INFO  Minecraft: Guild > Minikloons [LS]: Welcome to Cold Lands oSnapItsWalter! We hope you enjoy your time here. 
22:01:23.041 INFO  Minecraft: Guild > [MVP+] NucOps06 [M]: o7 
22:20:49.212 INFO  Minecraft: Friend > IdlyChiqken left. 
22:35:00.428 INFO  Minecraft: FISHING FESTIVAL The festival is now underway! Break out your fishing rods and watch out for sharks! 
22:41:42.695 INFO  Minecraft: Guild > oSnapItsWalter left. 
22:57:11.497 INFO  Minecraft: Guild > oSnapItsWalter joined. 
22:57:37.562 INFO  Minecraft: Guild > oSnapItsWalter left. 
23:34:59.929 INFO  Minecraft: FISHING FESTIVAL The festival has concluded! Time to dry off and repair your rods! 
23:41:35.759 INFO  Minecraft: Guild > UnknowAccount left. 
23:50:28.879 INFO  Minecraft: Guild > friendly_rook joined. 
23:50:38.810 INFO  Minecraft: Guild > friendly_rook left. 
23:50:47.009 INFO  Minecraft: Guild > friendly_rook joined. 
23:59:59.983 INFO  Minecraft:  
23:59:59.994 INFO  Minecraft: [WATCHDOG ANNOUNCEMENT] 
23:59:59.995 INFO  Minecraft: Watchdog has banned 30,694 players in the last 7 days. 
23:59:59.995 INFO  Minecraft: Staff have banned an additional 12,717 in the last 7 days. 
23:59:59.996 INFO  Minecraft: Blacklisted modifications are a bannable offense! 
23:59:59.997 INFO  Minecraft:  
00:00:07.754 INFO  Minecraft: Guild > friendly_rook left. 
00:00:10.584 INFO  Minecraft: Guild > friendly_rook joined. 

