20:43:43.800 INFO  Logging in. 
20:43:47.319 INFO  Logged in. 
20:43:49.323 INFO  Sending to skyblock. 
20:43:50.905 INFO  Minecraft:                                       
20:43:50.920 INFO  Minecraft:                           
20:43:51.648 INFO  Minecraft: ----------------------------------------------------- 
20:43:51.653 INFO  Minecraft: No guild requirements at the moment, will try and grow guild, just enjoy yourselves guys :D 
20:43:51.655 INFO  Minecraft: Will be raising requirements after growing guild 
20:43:51.656 INFO  Minecraft: ----------------------------------------------------- 
20:43:51.983 INFO  Minecraft: Sending to server mini343W... 
20:43:51.986 INFO  Logged in. 
20:43:51.997 INFO  Minecraft:                                       
20:43:52.000 INFO  Minecraft:         
20:43:54.009 INFO  Sending to skyblock. 
20:43:54.080 INFO  Minecraft: You're already sitting on this island! 
20:43:54.640 INFO  Minecraft: You are playing on profile: Apple (Co-op) 
20:43:54.681 INFO  Minecraft:  
20:43:54.684 INFO  Minecraft: Welcome to Hypixel SkyBlock! 
20:43:54.697 INFO  Minecraft: Please don't spam the command! 
20:43:56.342 INFO  Minecraft: You're already sitting on this island! 
20:44:27.434 INFO  Minecraft: Guild > dcmc2014 joined. 
20:44:29.301 INFO  Minecraft: Guild > dakopsis joined. 
20:45:37.916 INFO  Logging in. 
20:45:41.295 INFO  Logged in. 
20:45:42.974 INFO  Minecraft:                                       
20:45:42.988 INFO  Minecraft:                           
20:45:43.294 INFO  Sending to skyblock. 
20:45:43.650 INFO  Minecraft: ----------------------------------------------------- 
20:45:43.654 INFO  Minecraft: No guild requirements at the moment, will try and grow guild, just enjoy yourselves guys :D 
20:45:43.655 INFO  Minecraft: Will be raising requirements after growing guild 
20:45:43.657 INFO  Minecraft: ----------------------------------------------------- 
20:45:43.971 INFO  Minecraft: Sending to server mini343W... 
20:45:43.974 INFO  Logged in. 
20:45:43.994 INFO  Minecraft:                                       
20:45:44.005 INFO  Minecraft:         
20:45:46.107 INFO  Sending to skyblock. 
20:45:46.704 INFO  Minecraft: You're already sitting on this island! 
20:45:47.192 INFO  Minecraft: Please don't spam the command! 
20:45:47.333 INFO  Minecraft: You are playing on profile: Apple (Co-op) 
20:45:47.669 INFO  Minecraft:  
20:45:47.672 INFO  Minecraft: Welcome to Hypixel SkyBlock! 
20:45:48.468 INFO  Minecraft: You're already sitting on this island! 
20:45:57.576 INFO  Minecraft: Friend > RythoYT left. 
20:46:07.484 INFO  Minecraft: Guild > Reexiss left. 
20:46:44.258 INFO  Minecraft: Guild > Za1bot left. 
20:47:12.599 INFO  Minecraft: Guild > Reexiss joined. 
20:49:19.693 INFO  Logging in. 
20:49:24.339 INFO  Logged in. 
20:49:26.386 INFO  Sending to skyblock. 
20:49:26.459 INFO  Minecraft:                                       
20:49:26.492 INFO  Minecraft:                           
20:49:27.252 INFO  Minecraft: ----------------------------------------------------- 
20:49:27.258 INFO  Minecraft: No guild requirements at the moment, will try and grow guild, just enjoy yourselves guys :D 
20:49:27.262 INFO  Minecraft: Will be raising requirements after growing guild 
20:49:27.264 INFO  Minecraft: ----------------------------------------------------- 
20:49:27.995 INFO  Minecraft: [MVP+] ilankotov joined the lobby! 
20:49:27.996 INFO  Sending to skyblock. 
20:49:28.018 INFO  Minecraft: Sending to server mini343W... 
20:49:28.035 INFO  Logged in. 
20:49:28.065 INFO  Minecraft:                                       
20:49:28.070 INFO  Minecraft:         
20:49:30.035 INFO  Sending to skyblock. 
20:49:30.424 INFO  Minecraft: Please don't spam the command! 
20:49:30.764 INFO  Minecraft: You're already sitting on this island! 
20:49:31.821 INFO  Minecraft: You are playing on profile: Apple (Co-op) 
20:49:31.829 INFO  Minecraft: Please don't spam the command! 
20:49:31.833 INFO  Minecraft: You're already sitting on this island! 
20:49:31.923 INFO  Minecraft:  
20:49:31.926 INFO  Minecraft: Welcome to Hypixel SkyBlock! 
20:49:32.470 INFO  Minecraft: You're already sitting on this island! 
20:49:33.536 INFO  Minecraft: -----------------------------
[VIP+] BamBoozledMC has invited you to join their party!
You have 60 seconds to accept. Click here to join!
----------------------------- 
20:49:33.843 INFO  Minecraft: ----------------------------- 
20:49:33.846 INFO  Minecraft: That player does not exist. 
20:49:33.850 INFO  Minecraft: ----------------------------- 
20:50:33.535 INFO  Minecraft: ----------------------------- 
20:50:33.538 INFO  Minecraft: The party invite from [VIP+] BamBoozledMC has expired. 
20:50:33.543 INFO  Minecraft: ----------------------------- 
20:51:17.198 INFO  Minecraft:  
20:51:17.202 INFO  Minecraft: ----------------------------------------------------- 
20:51:17.205 INFO  Minecraft:  
20:51:17.207 INFO  Minecraft:                  GUILD QUEST TIER 1 COMPLETED! 
20:51:17.208 INFO  Minecraft:  
20:51:17.210 INFO  Minecraft:     The guild has completed Tier 1 of this week's Guild Quest! 
20:51:17.213 INFO  Minecraft:                          +50000 Guild Experience 
20:51:17.217 INFO  Minecraft:  
20:51:17.218 INFO  Minecraft: ----------------------------------------------------- 
20:51:20.447 INFO  Minecraft: Guild > [VIP] JonatBlast1234 [M]: gg 
20:52:00.449 INFO  Logging in. 
20:52:04.462 INFO  Logged in. 
20:52:04.745 INFO  Minecraft:                                       
20:52:04.758 INFO  Minecraft:                           
20:52:04.955 INFO  Minecraft: You found a ✰✰✰✰✰ Mystery Box! 
20:52:05.149 INFO  Minecraft: ----------------------------------------------------- 
20:52:05.153 INFO  Minecraft: No guild requirements at the moment, will try and grow guild, just enjoy yourselves guys :D 
20:52:05.154 INFO  Minecraft: Will be raising requirements after growing guild 
20:52:05.155 INFO  Minecraft: ----------------------------------------------------- 
20:52:05.694 INFO  Minecraft: [MVP+] THAGREAT joined the lobby! 
20:52:05.697 INFO  Sending to skyblock. 
20:52:05.989 INFO  Minecraft: Sending to server mini343W... 
20:52:06.091 INFO  Logged in. 
20:52:06.137 INFO  Minecraft:                                       
20:52:06.140 INFO  Minecraft:         
20:52:06.470 INFO  Sending to skyblock. 
20:52:07.061 INFO  Minecraft: Please don't spam the command! 
20:52:08.030 INFO  Minecraft: You're already sitting on this island! 
20:52:08.155 INFO  Sending to skyblock. 
20:52:08.459 INFO  Minecraft: Please don't spam the command! 
20:52:08.834 INFO  Minecraft: You're already sitting on this island! 
20:52:09.487 INFO  Minecraft: You are playing on profile: Apple (Co-op) 
20:52:10.086 INFO  Minecraft:  
20:52:10.089 INFO  Minecraft: Welcome to Hypixel SkyBlock! 
20:52:10.463 INFO  Minecraft: You're already sitting on this island! 
20:53:04.273 INFO  Minecraft: -----------------------------
[VIP+] BamBoozledMC has invited you to join their party!
You have 60 seconds to accept. Click here to join!
----------------------------- 
20:53:04.525 INFO  Minecraft: ----------------------------- 
20:53:04.529 INFO  Minecraft: You have joined [VIP+] BamBoozledMC's party! 
20:53:04.531 INFO  Minecraft: ----------------------------- 
20:53:54.202 INFO  Minecraft: ----------------------------- 
20:53:54.206 INFO  Minecraft: The party was disbanded because all invites expired and the party was empty 
20:53:54.208 INFO  Minecraft: ----------------------------- 
20:54:05.522 INFO  Minecraft: Guild > [VIP+] BamBoozledMC [M]: is there a non on 
20:54:28.165 INFO  Minecraft: Guild > dakopsis left. 
20:56:38.899 INFO  Minecraft: BamBoozledMC joined SkyBlock. 
20:59:50.038 INFO  Minecraft: -----------------------------
Zqxl has invited you to join their party!
You have 60 seconds to accept. Click here to join!
----------------------------- 
20:59:50.294 INFO  Minecraft: ----------------------------- 
20:59:50.296 INFO  Minecraft: You have joined Zqxl's party! 
20:59:50.298 INFO  Minecraft:  
20:59:50.301 INFO  Minecraft: You'll be partying with: [VIP+] BamBoozledMC 
20:59:50.303 INFO  Minecraft: ----------------------------- 
21:00:05.621 INFO  Minecraft: Party > [VIP+] BamBoozledMC: HOL6 CRQP DUDE FINALLY 
21:00:16.366 INFO  Minecraft: Party > Zqxl: now? 
21:00:16.606 INFO  Minecraft: Party > [VIP+] BamBoozledMC: visit me 
21:00:27.686 INFO  Minecraft:  » BamBoozledMC is traveling to Private Island FOLLOW 
21:00:31.229 INFO  Minecraft:  » Zqxl is traveling to Private Island FOLLOW 
21:00:31.299 INFO  Minecraft: Guild > [VIP] JonatBlast1234 [M]: anywoen got a mender fedora 
21:00:31.370 INFO  Minecraft: [SkyBlock] Zqxl is visiting Your Island! 
21:00:58.079 INFO  Minecraft: [VIP+] BamBoozledMC: trade 
21:01:21.436 INFO  Minecraft: Party > Zqxl: thanks 
21:01:24.804 INFO  Minecraft: Party > Zqxl: you so much 
21:01:25.324 INFO  Minecraft: [VIP+] BamBoozledMC: :D 
21:01:27.567 INFO  Minecraft: Party > Zqxl: :D 
21:01:54.546 INFO  Minecraft: Party > [VIP+] BamBoozledMC: ttyl 
21:02:08.257 INFO  Minecraft: Party > [VIP+] BamBoozledMC: ty 
21:02:15.324 INFO  Minecraft: Party > Zqxl: np 
21:02:16.833 INFO  Minecraft: Party > Zqxl: i mean 
21:02:21.384 INFO  Minecraft: Party > Zqxl: i have to thank 
21:02:22.051 INFO  Minecraft: Party > Zqxl: lol 
21:02:26.573 INFO  Minecraft: Party > [VIP+] BamBoozledMC: disband xd 
21:02:30.951 INFO  Minecraft: ----------------------------- 
21:02:30.961 INFO  Minecraft: Zqxl has disbanded the party! 
21:02:30.966 INFO  Minecraft: ----------------------------- 
21:05:05.795 INFO  Minecraft: Guild > Spin824 joined. 
21:08:52.276 INFO  Logging in. 
21:08:57.391 INFO  Discord: Logged in. 
21:08:59.129 INFO  Logged in. 
21:09:01.308 INFO  Sending to skyblock. 
21:09:02.195 INFO  Minecraft:                                       
21:09:02.209 INFO  Minecraft:                           
21:09:03.037 INFO  Minecraft: ----------------------------------------------------- 
21:09:03.040 INFO  Minecraft: No guild requirements at the moment, will try and grow guild, just enjoy yourselves guys :D 
21:09:03.042 INFO  Minecraft: Will be raising requirements after growing guild 
21:09:03.044 INFO  Minecraft: ----------------------------------------------------- 
21:09:04.570 INFO  Minecraft: [MVP+] snamer_ joined the lobby! 
21:09:04.572 INFO  Sending to skyblock. 
21:09:04.594 INFO  Minecraft: Sending to server mini343W... 
21:09:04.606 INFO  Logged in. 
21:09:04.638 INFO  Minecraft:                                       
21:09:04.642 INFO  Minecraft:         
21:09:06.606 INFO  Sending to skyblock. 
21:09:07.287 INFO  Minecraft: You're already sitting on this island! 
21:09:08.903 INFO  Minecraft: Please don't spam the command! 
21:09:09.149 INFO  Minecraft: You are playing on profile: Apple (Co-op) 
21:09:09.166 INFO  Minecraft: Guild > [VIP] Spin824 [M]: yeah 
21:09:09.250 INFO  Minecraft:  
21:09:09.257 INFO  Minecraft: Welcome to Hypixel SkyBlock! 
21:09:10.216 INFO  Minecraft: Cannot join SkyBlock for a moment! (Queue join in cooldown) 
21:09:10.423 INFO  Minecraft: You're already sitting on this island! 
21:09:12.915 INFO  Minecraft: You're already sitting on this island! 
21:09:22.216 INFO  Minecraft: Guild > [VIP] JonatBlast1234 [M]: mender fedora/ 
21:09:34.105 INFO  Minecraft: Guild > [VIP] JonatBlast1234 [M]: could i borrow? 
21:09:36.102 INFO  Minecraft: Guild > [VIP] Spin824 [M]: haven't heard of another fedoar 
21:09:37.537 INFO  Minecraft: Guild > [VIP] Spin824 [M]: yes 
21:09:39.680 INFO  Minecraft: Guild > [VIP] Spin824 [M]: but er 
21:09:42.324 INFO  Minecraft: Guild > [VIP] Spin824 [M]: can it wait 
21:09:49.125 INFO  Minecraft: Guild > [VIP] JonatBlast1234 [M]: wdym 
21:09:54.387 INFO  Minecraft: Guild > [VIP] Spin824 [M]: im in the middle of a bwars game 
21:10:03.814 INFO  Minecraft: Guild > [VIP] JonatBlast1234 [M]: frick 
21:10:05.435 INFO  Minecraft: Guild > [VIP] Spin824 [M]: i can ditch it if you want 
21:10:16.849 INFO  Minecraft: Guild > [VIP] JonatBlast1234 [M]: wydm 
21:10:31.876 INFO  Minecraft: Guild > [VIP] JonatBlast1234 [M]: by ditch 
21:10:35.108 INFO  Minecraft: Guild > [VIP] Spin824 [M]: LEAVE 
21:10:36.841 INFO  Minecraft: Guild > [VIP] Spin824 [M]: the bedwars game 
21:10:46.473 INFO  Minecraft: Guild > [VIP] JonatBlast1234 [M]: yes ditch 
21:10:54.679 INFO  Minecraft: Guild > [VIP] Spin824 [M]: k 
21:11:04.379 INFO  Minecraft: Guild > [VIP] Spin824 [M]: sigh 
21:11:16.819 INFO  Minecraft: Guild > dcmc2014 joined. 
21:11:27.230 INFO  Minecraft: Guild > [VIP] Spin824 [M]: alright 
21:11:27.411 INFO  Minecraft: Guild > [VIP] JonatBlast1234 [M]: ty 
21:11:29.479 INFO  Minecraft: Guild > [VIP] Spin824 [M]: have fun with it 
21:11:32.160 INFO  Minecraft: Guild > [VIP] JonatBlast1234 [M]: il give back when im rdy 
21:11:38.791 INFO  Minecraft: Guild > [VIP] Spin824 [M]: you cankeep it for a while 
21:11:43.320 INFO  Minecraft: Guild > [VIP] JonatBlast1234 [M]: ok 
21:14:10.804 INFO  Minecraft: Guild > [VIP] Spin824 [M]: pls bring tnt 
21:14:25.272 INFO  Minecraft: Guild > [VIP] Spin824 [M]: wow the kb 
21:14:26.282 INFO  Minecraft: Guild > [VIP] Spin824 [M]: WOW 
21:14:33.733 INFO  Minecraft: Guild > [VIP] Spin824 [M]: never fails to shock me 
21:15:17.201 INFO  Minecraft: Guild > Za1bot joined. 
21:18:01.617 INFO  Minecraft: Guild > YoMadaEatingRice left. 
21:20:45.827 INFO  Minecraft: Guild > xTrebor0610 left. 
21:20:49.882 INFO  Minecraft: Guild > xTrebor0610 joined. 
21:21:36.822 INFO  Minecraft: Guild > [VIP] Spin824 [M]: me bacc 
21:21:39.204 INFO  Minecraft: Guild > [VIP] Spin824 [M]: nvm 
21:21:39.874 INFO  Minecraft: Guild > [VIP] Spin824 [M]: wc 
21:21:54.703 INFO  Discord: BamBoozledMC: hi 
21:21:54.947 INFO  Minecraft: Guild > WarpedVirus [M]: BamBoozledMC» hi 
21:25:59.468 INFO  Minecraft: Guild > [VIP] Spin824 [M]: hes attacking 
21:29:02.425 INFO  Minecraft: Guild > UnknowAccount joined. 
21:30:54.017 INFO  Discord: BamBoozledMC: unknow 
21:30:54.275 INFO  Minecraft: Guild > WarpedVirus [M]: BamBoozledMC» unknow 
21:33:16.801 INFO  Minecraft: Guild > Tabbe1 joined. 
21:33:45.812 INFO  Minecraft: Guild > UnknowAccount left. 
21:34:12.107 INFO  Discord: BamBoozledMC: tabbe1 
21:34:12.370 INFO  Minecraft: Guild > WarpedVirus [M]: BamBoozledMC» tabbe1 
21:37:09.036 INFO  Minecraft: Guild > JonatBlast1234 left. 
21:39:26.972 INFO  Minecraft: Guild > Spin824 left. 
21:39:56.096 INFO  Minecraft: Guild > Tabbe1 left. 
21:40:12.090 INFO  Minecraft: Guild > Tabbe1 joined. 
21:44:15.226 INFO  Minecraft: Guild > AtharvIshaan joined. 
21:47:32.231 INFO  Minecraft: Guild > Portalhubs joined. 
21:48:26.115 INFO  Minecraft: Guild > The4p1 joined. 
21:49:25.199 INFO  Minecraft: Guild > Spin824 joined. 
21:52:54.669 INFO  Minecraft: Guild > suchgoodUsername joined. 
21:58:04.505 INFO  Minecraft: Guild > xTrebor0610 left. 
21:58:08.581 INFO  Minecraft: Guild > AtharvIshaan left. 
21:58:15.423 INFO  Minecraft: Guild > AtharvIshaan joined. 
21:58:18.686 INFO  Minecraft: Guild > AtharvIshaan left. 
22:00:02.709 INFO  Minecraft:  
22:00:02.712 INFO  Minecraft: [WATCHDOG ANNOUNCEMENT] 
22:00:02.713 INFO  Minecraft: Watchdog has banned 46,386 players in the last 7 days. 
22:00:02.718 INFO  Minecraft: Staff have banned an additional 17,950 in the last 7 days. 
22:00:02.719 INFO  Minecraft: Blacklisted modifications are a bannable offense! 
22:00:02.720 INFO  Minecraft:  
22:01:08.305 INFO  Minecraft: Guild > UnknowAccount joined. 
22:04:21.390 INFO  Minecraft: Guild > sommthing left. 
22:04:22.354 INFO  Minecraft: Guild > sommthing joined. 
22:07:26.087 INFO  Minecraft: Guild > __Toasted__ joined. 
22:08:52.253 INFO  Minecraft: Guild > dcmc2014 left. 
22:13:23.607 INFO  Minecraft: Guild > Reexiss left. 
22:14:21.552 INFO  Minecraft: Guild > NastyPopsicle joined. 
22:14:23.646 INFO  Minecraft: Guild > Spin824 left. 
22:18:50.929 INFO  Minecraft: Guild > NastyPopsicle left. 
22:19:30.003 INFO  Minecraft: Guild > AtharvIshaan joined. 
22:20:15.263 INFO  Minecraft: Guild > NastyPopsicle joined. 
22:20:45.571 INFO  Minecraft: Guild > NastyPopsicle left. 
22:21:47.578 INFO  Minecraft: Guild > pofipof left. 
22:22:34.530 INFO  Minecraft: Guild > xTrebor0610 joined. 
22:23:23.822 INFO  Minecraft: Guild > Za1bot left. 
22:24:38.741 INFO  Minecraft: Guild > FinFrad joined. 
22:24:40.800 INFO  Minecraft: Guild > AtharvIshaan left. 
22:28:18.994 INFO  Minecraft: Guild > [MVP+] FinFrad [M]: 19cloudy stop you f4ggot *** mf 
22:28:23.774 INFO  Minecraft: Guild > [MVP+] FinFrad [M]: oops 
22:28:26.264 INFO  Minecraft: Guild > [MVP+] FinFrad [M]: vc 
22:29:09.850 INFO  Minecraft: Guild > AtharvIshaan joined. 
22:35:46.874 INFO  Minecraft: Guild > Java_e_x_e joined. 
22:35:54.628 INFO  Minecraft: Guild > xTrebor0610 left. 
22:40:05.000 INFO  Minecraft: Guild > pyroteknyk joined. 
22:40:14.176 INFO  Minecraft: Guild > NastyPopsicle joined. 
22:41:55.476 INFO  Minecraft: Guild > NastyPopsicle left. 
22:42:00.393 INFO  Minecraft: Guild > NastyPopsicle joined. 
22:42:44.421 INFO  Minecraft: Guild > NastyPopsicle left. 
22:43:02.545 INFO  Minecraft: Guild > lvl_4_____ joined. 
22:43:15.492 INFO  Minecraft: Guild > VariableOwO joined. 
22:44:48.435 INFO  Minecraft: Guild > G0DBRIDERS left. 
22:45:14.466 INFO  Minecraft: Guild > NastyPopsicle joined. 
22:45:16.473 INFO  Minecraft: Guild > AtharvIshaan left. 
22:49:42.062 INFO  Minecraft: Guild > NastyPopsicle left. 
22:51:35.968 INFO  Minecraft: Guild > __Toasted__ left. 
22:52:45.099 INFO  Minecraft: Guild > NastyPopsicle joined. 
22:53:17.034 INFO  Minecraft: Guild > NastyPopsicle left. 
22:53:20.064 INFO  Minecraft: Guild > qCrypto joined. 
22:53:31.826 INFO  Minecraft: Guild > NastyPopsicle joined. 
22:56:07.835 INFO  Minecraft: Guild > NastyPopsicle left. 
22:57:41.231 INFO  Minecraft: Guild > __Toasted__ joined. 
23:00:13.263 INFO  Minecraft: Guild > lvl_4_____ left. 
23:00:56.160 INFO  Minecraft: Guild > [MVP+] __Toasted__ [M]: anyone want to buy timedeo's cake soul for 2 mil? 
23:11:55.665 INFO  Minecraft: Guild > yKxshi joined. 
23:11:59.589 INFO  Minecraft: Guild > Spin824 joined. 
23:17:53.674 INFO  Minecraft: -----------------------------
[MVP+] yKxshi has invited you to join their party!
You have 60 seconds to accept. Click here to join!
----------------------------- 
23:17:53.923 INFO  Minecraft: ----------------------------- 
23:17:53.924 INFO  Minecraft: You have joined [MVP+] yKxshi's party! 
23:17:53.925 INFO  Minecraft: ----------------------------- 
23:17:56.204 INFO  Minecraft: ----------------------------- 
23:17:56.206 INFO  Minecraft: You are already in a party! Leave it to join another one. 
23:17:56.207 INFO  Minecraft: ----------------------------- 
23:18:03.328 INFO  Minecraft: -----------------------------
[MVP+] yKxshi entered The Catacombs, Floor VII!
----------------------------- 
23:18:10.178 INFO  Minecraft: ----------------------------- 
23:18:10.181 INFO  Minecraft: [MVP+] yKxshi warped the party to a SkyBlock dungeon! 
23:18:10.192 INFO  Minecraft: Playing The Catacombs with 2/5 players on Floor VII! 
23:18:10.194 INFO  Minecraft: ----------------------------- 
23:18:10.274 INFO  Minecraft: Couldn't warp you! 
23:18:10.276 INFO  Minecraft: You cannot join this Dungeon! 
23:19:54.641 INFO  Minecraft: Guild > OwOSeal joined. 
23:20:00.660 INFO  Minecraft: Guild > [VIP] Spin824 [M]: owo pls buy my storm legs 
23:20:12.737 INFO  Minecraft: Guild > [MVP+] OwOSeal [GM]: pls buy my hyperion 
23:20:20.576 INFO  Minecraft: Guild > [VIP] Spin824 [M]: too por 
23:20:22.020 INFO  Minecraft: Guild > [MVP+] yKxshi [M]: make it 100 times cheaper and i will 
23:21:09.063 INFO  Minecraft: Guild > Spin824 left. 
23:22:29.570 INFO  Minecraft:  » yKxshi is traveling to Dungeons Hub FOLLOW 
23:23:06.745 INFO  Minecraft:  » yKxshi is traveling to SkyBlock Hub FOLLOW 
23:24:16.161 INFO  Minecraft: Guild > TimothyPlays57 joined. 
23:25:06.407 INFO  Minecraft: Guild > FinFrad left. 
23:25:08.445 INFO  Minecraft: Guild > FinFrad joined. 
23:25:29.037 INFO  Minecraft:  » yKxshi is traveling to Dungeons Hub FOLLOW 
23:25:34.466 INFO  Minecraft: -----------------------------
[MVP+] yKxshi entered The Catacombs, Floor VI!
----------------------------- 
23:25:50.414 INFO  Minecraft: -----------------------------
[MVP+] yKxshi entered The Catacombs, Floor VII!
----------------------------- 
23:26:22.503 INFO  Minecraft: Guild > [MVP+] qCrypto [M]: Seal 
23:27:11.445 INFO  Minecraft: Guild > [MVP+] OwOSeal [GM]: yes 
23:27:19.292 INFO  Minecraft: Guild > [MVP+] qCrypto [M]: Why were you selling all of your stuff? 
23:27:24.523 INFO  Minecraft: Guild > [MVP+] OwOSeal [GM]: I wasn't 
23:27:36.869 INFO  Minecraft: Guild > [MVP+] qCrypto [M]: you had it all in your AH? 
23:27:39.983 INFO  Minecraft: Guild > [MVP+] OwOSeal [GM]: no 
23:27:42.158 INFO  Minecraft: Guild > [MVP+] OwOSeal [GM]: just dw 
23:27:54.372 INFO  Minecraft: Guild > [MVP+] qCrypto [M]: Well 
23:27:57.182 INFO  Minecraft: Guild > [MVP+] qCrypto [M]: you wanna help me? 
23:28:02.411 INFO  Minecraft: Guild > [MVP+] OwOSeal [GM]: nope 
23:28:05.818 INFO  Minecraft: Guild > [MVP+] OwOSeal [GM]: I'm poor 
23:28:09.254 INFO  Minecraft: Guild > [MVP+] qCrypto [M]: Not with money 
23:28:16.505 INFO  Minecraft: Guild > [MVP+] OwOSeal [GM]: with what 
23:28:17.355 INFO  Minecraft: Guild > [MVP+] qCrypto [M]: Like so 
23:28:39.063 INFO  Minecraft: Guild > [MVP+] qCrypto [M]: So I switched to mage 
23:28:52.212 INFO  Minecraft: Guild > [MVP+] qCrypto [M]: And I feel like I do no Damage with LCM 
23:28:52.581 INFO  Minecraft: Guild > [MVP+] OwOSeal [GM]: ye 
23:29:00.542 INFO  Minecraft: Guild > [MVP+] qCrypto [M]: But RCM is fine 
23:29:10.926 INFO  Minecraft: Guild > [MVP+] OwOSeal [GM]: yoo Dia necron heaD 
23:29:15.423 INFO  Minecraft: Guild > [MVP+] OwOSeal [GM]: oof 
23:29:19.285 INFO  Minecraft: Guild > [MVP+] OwOSeal [GM]: what weapon 
23:29:23.535 INFO  Minecraft: Guild > [MVP+] OwOSeal [GM]: for lcm and rcm 
23:29:35.002 INFO  Minecraft: Guild > [MVP+] qCrypto [M]: LCM - Livid RCM - Spirit Scep 
23:29:48.367 INFO  Minecraft: Guild > [MVP+] OwOSeal [GM]: damage for both no bless and armor? 
23:30:09.607 INFO  Minecraft: Guild > [MVP+] qCrypto [M]: Damage with LCM is like 3k and RCM is 240k 
23:30:14.354 INFO  Minecraft: Guild > [MVP+] OwOSeal [GM]: wtf 
23:30:21.263 INFO  Minecraft: Guild > [MVP+] OwOSeal [GM]: range you're hitting from 
23:30:30.005 INFO  Minecraft: Guild > [MVP+] qCrypto [M]: Armour is 2/4 Necro Lord with Super Heavy Chest and Shadow gogs 
23:30:41.753 INFO  Minecraft: Guild > [MVP+] qCrypto [M]: Like 6-7 blocks 
23:30:46.566 INFO  Minecraft: Guild > [MVP+] OwOSeal [GM]: well 
23:30:57.584 INFO  Minecraft: Guild > [MVP+] OwOSeal [GM]: necro lord is not good for lcm really 
23:31:12.223 INFO  Minecraft: Guild > [MVP+] OwOSeal [GM]: not really good for lcm* 
23:31:13.041 INFO  Minecraft: Guild > [MVP+] qCrypto [M]: I was just told to LCM mini bosses 
23:31:59.234 INFO  Minecraft: Guild > suchgoodUsername left. 
23:32:15.197 INFO  Minecraft: Guild > [MVP+] qCrypto [M]: I was also told to carry some mask with me 
23:32:26.328 INFO  Minecraft: Guild > [MVP+] qCrypto [M]: Bonzo I think 
23:32:44.343 INFO  Minecraft: Guild > Java_e_x_e left. 
23:33:06.240 INFO  Minecraft: Guild > OwOSeal left. 
23:33:19.200 INFO  Minecraft:  » yKxshi is traveling to Dungeons Hub FOLLOW 
23:33:26.503 INFO  Minecraft: -----------------------------
[MVP+] yKxshi entered The Catacombs, Floor VII!
----------------------------- 
23:33:33.159 INFO  Minecraft: ----------------------------- 
23:33:33.162 INFO  Minecraft: [MVP+] yKxshi warped the party to a SkyBlock dungeon! 
23:33:33.167 INFO  Minecraft: Visiting The Catacombs with 2/5 players on Floor VII! 
23:33:33.168 INFO  Minecraft: ----------------------------- 
23:33:33.226 INFO  Minecraft: Couldn't warp you! 
23:33:33.257 INFO  Minecraft: You cannot join this Dungeon! 
23:34:52.289 INFO  Minecraft: Guild > NastyPopsicle joined. 
23:34:56.439 INFO  Minecraft: Guild > AtharvIshaan joined. 
23:38:30.420 INFO  Minecraft: Guild > OwOSeal joined. 
23:38:50.310 INFO  Minecraft: Guild > NastyPopsicle left. 
23:39:06.393 INFO  Minecraft: Guild > NastyPopsicle joined. 
23:40:06.658 INFO  Minecraft: Guild > AtharvIshaan left. 
23:41:15.174 INFO  Minecraft:  » yKxshi is traveling to Dungeons Hub FOLLOW 
23:41:20.067 INFO  Minecraft: -----------------------------
[MVP+] yKxshi entered The Catacombs, Floor VII!
----------------------------- 
23:41:25.905 INFO  Minecraft: ----------------------------- 
23:41:25.907 INFO  Minecraft: [MVP+] yKxshi warped the party to a SkyBlock dungeon! 
23:41:25.913 INFO  Minecraft: Adventuring The Catacombs with 2/5 players on Floor VII! 
23:41:25.914 INFO  Minecraft: ----------------------------- 
23:41:26.036 INFO  Minecraft: Couldn't warp you! 
23:41:26.038 INFO  Minecraft: You cannot join this Dungeon! 
23:43:06.130 INFO  Minecraft: Guild > [MVP] TimothyPlays57 [M]: titanium pickaxe on ah with compact 1.8m 
23:45:39.461 INFO  Minecraft:  » yKxshi is traveling to Dungeons Hub FOLLOW 
23:46:11.239 INFO  Minecraft: Guild > xTrebor0610 joined. 
23:46:30.041 INFO  Minecraft: Guild > AtharvIshaan joined. 
23:46:54.553 INFO  Minecraft: -----------------------------
[MVP+] yKxshi entered The Catacombs, Floor VII!
----------------------------- 
23:47:01.276 INFO  Minecraft: ----------------------------- 
23:47:01.278 INFO  Minecraft: [MVP+] yKxshi warped the party to a SkyBlock dungeon! 
23:47:01.283 INFO  Minecraft: Visiting The Catacombs with 2/5 players on Floor VII! 
23:47:01.285 INFO  Minecraft: ----------------------------- 
23:47:01.322 INFO  Minecraft: Couldn't warp you! 
23:47:01.333 INFO  Minecraft: You cannot join this Dungeon! 
23:48:37.029 INFO  Minecraft: Guild > pofipof joined. 
23:51:33.261 INFO  Minecraft:  » yKxshi is traveling to Dungeons Hub FOLLOW 
23:51:38.977 INFO  Minecraft: -----------------------------
[MVP+] yKxshi entered The Catacombs, Floor VI!
----------------------------- 
23:51:42.014 INFO  Minecraft: ----------------------------- 
23:51:42.016 INFO  Minecraft: [MVP+] yKxshi warped the party to a SkyBlock dungeon! 
23:51:42.021 INFO  Minecraft: Visiting The Catacombs with 2/5 players on Floor VI! 
23:51:42.022 INFO  Minecraft: ----------------------------- 
23:51:42.131 INFO  Minecraft: Couldn't warp you! 
23:51:42.134 INFO  Minecraft: You cannot join this Dungeon! 
23:52:53.690 INFO  Minecraft: Guild > NastyPopsicle left. 
23:56:09.441 INFO  Minecraft: Guild > NastyPopsicle joined. 
23:56:13.452 INFO  Minecraft: Guild > NastyPopsicle left. 
23:58:13.842 INFO  Minecraft: Guild > dcmc2014 joined. 
23:58:38.197 INFO  Minecraft: Guild > [MVP] TimothyPlays57 [M]: zwiggy u playing? 
23:58:46.897 INFO  Minecraft: Guild > [MVP] TimothyPlays57 [M]: wc 
23:59:02.821 INFO  Minecraft: Guild > AtharvIshaan left. 
23:59:18.165 INFO  Minecraft: -----------------------------
[MVP+] yKxshi entered The Catacombs, Floor VI!
----------------------------- 
23:59:19.884 INFO  Minecraft: ----------------------------- 
23:59:19.886 INFO  Minecraft: [MVP+] yKxshi warped the party to a SkyBlock dungeon! 
23:59:19.892 INFO  Minecraft: Adventuring The Catacombs with 2/5 players on Floor VI! 
23:59:19.893 INFO  Minecraft: ----------------------------- 
23:59:19.987 INFO  Minecraft: Couldn't warp you! 
23:59:19.990 INFO  Minecraft: You cannot join this Dungeon! 
23:59:22.706 INFO  Minecraft: Guild > pofipof left. 
23:59:34.782 INFO  Minecraft: Guild > PremiumReaper101 joined. 
00:00:03.103 INFO  Minecraft:  
00:00:03.106 INFO  Minecraft: [WATCHDOG ANNOUNCEMENT] 
00:00:03.107 INFO  Minecraft: Watchdog has banned 46,296 players in the last 7 days. 
00:00:03.108 INFO  Minecraft: Staff have banned an additional 17,909 in the last 7 days. 
00:00:03.110 INFO  Minecraft: Blacklisted modifications are a bannable offense! 
00:00:03.111 INFO  Minecraft:  
00:00:41.085 INFO  Minecraft: Guild > Balanceble joined. 

