00:10:48.856 INFO  Minecraft: Guild > LionyLev joined. 
00:13:02.155 INFO  Discord: [💬→︱guild-chat] Member | ShredderSeal: Henlo 
00:13:02.428 INFO  Minecraft: Guild > Minikloons [LS]: Member| ShredderSeal» Henlo 
00:13:04.600 INFO  Discord: [💬→︱guild-chat] Member | ShredderSeal: Cya 
00:13:05.138 INFO  Minecraft: Guild > Minikloons [LS]: Member| ShredderSeal» Cya 
00:13:23.341 INFO  Discord: [💬→︱guild-chat] Member | ShredderSeal: I've gotta go sleep, cya! 
00:13:23.633 INFO  Minecraft: Guild > Minikloons [LS]: Member| ShredderSeal» I've gotta go sleep, cya! 
00:15:20.415 INFO  Minecraft: Guild > yKxshi joined. 
00:21:04.855 INFO  Minecraft: Guild > LionyLev left. 
00:23:41.743 INFO  Minecraft: Guild > [MVP+] TimothyPlays57 [M]: worst majors ive ever seen 
00:24:04.797 INFO  Minecraft: Guild > [MVP+] yKxshi [M]: what the actual fuck 
00:24:23.709 INFO  Minecraft: Guild > [MVP+] yKxshi [M]: 3mil from like 12 hours overnight 
00:24:26.016 INFO  Minecraft: Guild > [MVP+] yKxshi [M]: this is op 
00:24:29.988 INFO  Minecraft: Guild > [MVP+] yKxshi [M]: 6mil a day 
00:25:56.386 INFO  Minecraft: Guild > TimothyPlays57 left. 
00:29:12.596 INFO  Minecraft: Guild > FabledLivid joined. 
00:29:58.844 INFO  Minecraft: Guild > [VIP] FabledLivid [M]: ayo anyone dungeons/ 
00:30:03.138 INFO  Minecraft: Guild > [MVP+] yKxshi [M]: no 
00:30:06.192 INFO  Minecraft: Guild > [VIP] FabledLivid [M]: .-. 
00:30:17.642 INFO  Minecraft: Guild > [MVP+] yKxshi [M]: i need to enslave minions to make 1mil in 5 minutes 
00:30:37.803 INFO  Minecraft: Guild > OwOWolfs joined. 
00:30:42.980 INFO  Minecraft: Guild > [VIP] FabledLivid [M]: yOOO WOLF 
00:30:49.826 INFO  Minecraft: Guild > [MVP+] OwOWolfs [F]: YO FABLED 
00:33:00.356 INFO  Minecraft: Guild > [VIP] FabledLivid [M]: wolf can we do f7 kekw 
00:38:00.730 INFO  Minecraft: Guild > [VIP] FabledLivid [M]: ANy Healer for f7 .-. 
00:39:35.307 INFO  Minecraft: Guild > OwOWolfs left. 
00:39:46.517 INFO  Minecraft: Guild > OwOWolfs joined. 
00:39:58.382 INFO  Minecraft: Guild > [MVP+] yKxshi [M]: aight so 
00:40:07.494 INFO  Minecraft: Guild > [MVP+] yKxshi [M]: apparently i just need to do my money making method 800 times 
00:40:11.928 INFO  Minecraft: Guild > [MVP+] yKxshi [M]: and ill be able to afford a hyperion 
00:40:14.686 INFO  Minecraft: Guild > TimothyPlays57 joined. 
00:40:19.602 INFO  Minecraft: Guild > [VIP] FabledLivid [M]: nice... 
00:41:14.054 INFO  Minecraft: Guild > [MVP+] yKxshi [M]: so like 
00:41:21.046 INFO  Minecraft: Guild > [MVP+] yKxshi [M]: 66 hours of doing this nonstop and ill get a hype 
00:41:33.772 INFO  Minecraft: Guild > [VIP] FabledLivid [M]: pog?? ig? 
00:41:53.864 INFO  Minecraft: Guild > [MVP+] yKxshi [M]: u dont want to know it 
00:41:55.114 INFO  Minecraft: Guild > [MVP+] yKxshi [M]: ? 
00:42:04.763 INFO  Minecraft: Guild > [MVP+] yKxshi [M]: thought u were gonna say "what is it" 
00:42:05.134 INFO  Minecraft: Guild > [VIP] FabledLivid [M]: i do 
00:42:09.812 INFO  Minecraft: Guild > [MVP+] yKxshi [M]: come island 
00:43:28.352 INFO  Minecraft: Guild > UnknownShadow124 left. 
00:55:54.588 INFO  Minecraft: Guild > UnknownShadow124 joined. 
01:04:34.029 INFO  Minecraft: Guild > yKxshi left. 
01:04:58.046 INFO  Minecraft: Friend > R4M11_KN0 joined. 
01:05:21.127 INFO  Minecraft: Guild > UnknownShadow124 left. 
01:06:43.034 INFO  Minecraft: Guild > Redbeam747 joined. 
01:07:03.693 INFO  Minecraft: Guild > gogyxdash joined. 
01:08:28.534 INFO  Minecraft: Guild > TimothyPlays57 left. 
01:10:24.260 INFO  Discord: [💬→︱guild-chat] Member | MegatornSeal: fabled 
01:10:24.959 INFO  Minecraft: Guild > Minikloons [LS]: Member| MegatornSeal» fabled 
01:10:31.114 INFO  Minecraft: Guild > [VIP] FabledLivid [M]: ? 
01:10:33.953 INFO  Minecraft: Guild > [VIP] Redbeam747 [M]: henlo 
01:10:45.938 INFO  Minecraft: Guild > [VIP] FabledLivid [M]: WOLf CallEd Aots BAd 
01:10:49.951 INFO  Discord: [💬→︱guild-chat] Member | MegatornSeal: why is your guest role higher then your g member role? 
01:10:49.965 INFO  Minecraft: Guild > [VIP] Redbeam747 [M]: WHAT 
01:10:50.206 INFO  Minecraft: Guild > Minikloons [LS]: Member| MegatornSeal» why is your guest role higher then your g member role? 
01:10:58.951 INFO  Minecraft: Guild > OwOWolfs left. 
01:11:14.181 INFO  Minecraft: Guild > [VIP] FabledLivid [M]: he was intimidated by the clout 
01:11:32.112 INFO  Discord: [💬→︱guild-chat] Friend | Owo + wolfs: yo fabled... something happened 
01:11:32.395 INFO  Minecraft: Guild > Minikloons [LS]: Friend| Owo + wolfs» yo fabled... something happened 
01:12:06.082 INFO  Minecraft: Guild > TimothyPlays57 joined. 
01:13:07.520 INFO  Minecraft: Guild > OwOWolfs joined. 
01:13:14.627 INFO  Minecraft: Guild > [VIP] FabledLivid [M]: WOLF BAD SMH 
01:14:10.730 INFO  Minecraft: Guild > [VIP] FabledLivid [M]: KEKEKEk 
01:17:41.913 INFO  Minecraft: Guild > TimothyPlays57 left. 
01:18:36.815 INFO  Minecraft: Guild > [VIP] FabledLivid [M]: apperantly rose runs are still ok ish for money 
01:19:02.881 INFO  Minecraft: Guild > OLYforever joined. 
01:19:10.256 INFO  Minecraft: Guild > FabledLivid left. 
01:24:20.886 INFO  Minecraft: Guild > OwOWolfs left. 
01:25:05.811 INFO  Minecraft: Guild > coozky joined. 
01:25:07.723 INFO  Minecraft: Guild > SnowedSeal joined. 
01:25:11.720 INFO  Minecraft: Guild > [MVP++] SnowedSeal [LS]: henlo 
01:25:50.883 INFO  Minecraft: Guild > [MVP++] SnowedSeal [LS]: LETSGOO 
01:25:56.373 INFO  Minecraft: Guild > [VIP+] OLYforever [M]: poggers 
01:25:57.112 INFO  Minecraft: Guild > [MVP++] SnowedSeal [LS]: the flip macroer is offline 
01:26:07.875 INFO  Minecraft: Guild > coozky left. 
01:34:00.792 INFO  Minecraft: Guild > sommthing joined. 
01:44:40.027 INFO  Minecraft: Guild > SnowedSeal left. 
01:47:07.882 INFO  Minecraft: Guild > FabledLivid joined. 
01:47:22.321 INFO  Minecraft: Guild > [VIP] FabledLivid [M]: f in chat for snowed? 
01:48:13.500 INFO  Minecraft: Guild > [VIP] FabledLivid [M]: yo sommthing 
01:48:17.499 INFO  Minecraft: Guild > [MVP+] sommthing [M]: huh 
01:48:24.192 INFO  Minecraft: Guild > [VIP] FabledLivid [M]: how much dmaage can you do with juju 
01:48:37.012 INFO  Minecraft: Guild > [MVP+] sommthing [M]: about 11m per hit without blessing in dungeons 
01:48:41.040 INFO  Minecraft: Guild > [VIP] FabledLivid [M]: .-. 
01:48:42.251 INFO  Minecraft: Guild > [VIP+] OLYforever [M]: 5 trillion 
01:48:45.040 INFO  Minecraft: Guild > [VIP] FabledLivid [M]: ok aots trash 
01:48:48.031 INFO  Minecraft: Guild > [VIP] Redbeam747 [M]: only slightly cracked 
01:48:56.082 INFO  Minecraft: Guild > [VIP] Redbeam747 [M]: juju is like 2x the price tbh 
01:49:05.467 INFO  Minecraft: Guild > [VIP] FabledLivid [M]: is this a joke 
01:49:11.122 INFO  Minecraft: Guild > [MVP+] gogyxdash [M]: terminator enters the chat 
01:49:11.137 INFO  Minecraft: Guild > [VIP] FabledLivid [M]: my axe is now only 
01:49:13.116 INFO  Minecraft: Guild > [VIP] Redbeam747 [M]: so its not really a comparison. its like comparing a toyota to a bugatti 
01:49:44.233 INFO  Minecraft: Guild > [VIP] FabledLivid [M]: my xe is worth 65m 
01:49:44.272 INFO  Minecraft: Guild > [VIP+] OLYforever [M]: reject juju return to terminator 
01:49:51.266 INFO  Minecraft: Guild > [VIP] FabledLivid [M]: i paid 75m for it EEEEEEEEEe 
01:49:59.245 INFO  Minecraft: Guild > [VIP] FabledLivid [M]: power creep go brrrrrrrrrrrrr 
01:50:15.429 INFO  Minecraft: Guild > [VIP] FabledLivid [M]: sigh 
01:51:11.620 INFO  Minecraft: Guild > The4p1 joined. 
01:51:22.388 INFO  Minecraft: Guild > [VIP] FabledLivid [M]: oain 
01:51:28.948 INFO  Minecraft: Guild > [VIP] FabledLivid [M]: mhm 
01:51:30.649 INFO  Minecraft: Guild > [VIP] FabledLivid [M]: time to 
01:51:39.531 INFO  Minecraft: Guild > [VIP] FabledLivid [M]: go back to flipperlivid 
01:51:42.361 INFO  Minecraft: Guild > [MVP+] sommthing [M]: terminator is 1b 
01:51:46.602 INFO  Minecraft: Guild > [VIP] FabledLivid [M]: .-. 
01:51:48.640 INFO  Minecraft: Guild > [MVP+] sommthing [M]: my nw is 380m 
01:51:51.646 INFO  Minecraft: Guild > [MVP+] sommthing [M]: ;-; 
01:52:02.912 INFO  Minecraft: Guild > [VIP] FabledLivid [M]: meanwile my nw at 180 constantly bc admins are dog 
01:52:13.773 INFO  Minecraft: Guild > [MVP+] gogyxdash [M]: har har poor 
01:52:15.001 INFO  Minecraft: Guild > [MVP+] gogyxdash [M]: jk 
01:52:21.790 INFO  Minecraft: Guild > [VIP] FabledLivid [M]: >_< 
01:52:25.851 INFO  Minecraft: Guild > [MVP+] sommthing [M]: it was 600m for me 
01:52:32.853 INFO  Minecraft: Guild > [VIP] FabledLivid [M]: i used to have 250m 
01:52:34.818 INFO  Minecraft: Guild > [MVP+] sommthing [M]: but admins did a thing 
01:52:40.209 INFO  Minecraft: Guild > [VIP] FabledLivid [M]: called screw bones 
01:52:51.198 INFO  Minecraft: Guild > [MVP+] sommthing [M]: im making 5m an hour with 350m nw xD 
01:52:56.937 INFO  Minecraft: Guild > [VIP] FabledLivid [M]: im making uh 
01:53:00.935 INFO  Minecraft: Guild > [VIP] FabledLivid [M]: hold up 
01:53:12.097 INFO  Minecraft: Guild > [VIP] FabledLivid [M]: ah yes 
01:53:19.281 INFO  Minecraft: Guild > [VIP] FabledLivid [M]: nest spoopy fest in 
01:53:22.012 INFO  Minecraft: Guild > [VIP] FabledLivid [M]: 19 hours 
01:53:24.204 INFO  Minecraft: Guild > [VIP] FabledLivid [M]: pogggg 
01:53:27.266 INFO  Minecraft: Guild > [VIP] FabledLivid [M]: imma be sleeping 
01:54:37.414 INFO  Minecraft: Guild > FabledLivid left. 
01:56:26.744 INFO  Minecraft: Friend > R4M11_KN0 left. 
01:57:57.903 INFO  Minecraft: Guild > UnknowAccount joined. 
01:58:30.108 INFO  Minecraft: Guild > [VIP+] OLYforever [M]: gg 
02:00:09.988 INFO  Minecraft:  
02:00:10.028 INFO  Minecraft: [WATCHDOG ANNOUNCEMENT] 
02:00:10.031 INFO  Minecraft: Watchdog has banned 28,177 players in the last 7 days. 
02:00:10.033 INFO  Minecraft: Staff have banned an additional 17,553 in the last 7 days. 
02:00:10.035 INFO  Minecraft: Blacklisted modifications are a bannable offense! 
02:00:10.037 INFO  Minecraft:  
02:04:41.896 INFO  Minecraft: ----------------------------------------------------- 
02:04:41.922 INFO  Minecraft: You have just received 300,000 coins as interest in your co-op bank account! 
02:04:41.924 INFO  Minecraft: ----------------------------------------------------- 
02:04:59.743 INFO  Minecraft: Guild > UnknowAccount left. 
02:08:18.417 INFO  Minecraft: Guild > Redbeam747 left. 
02:13:05.306 INFO  Minecraft: Guild > OwOWolfs joined. 
02:13:25.259 INFO  Minecraft: Guild > OwOWolfs left. 
02:13:44.444 INFO  Minecraft: Guild > ClovenBob joined. 
02:15:03.758 INFO  Minecraft: Guild > OLYforever left. 
02:16:25.694 INFO  Minecraft: Guild > OwOWolfs joined. 
02:20:26.067 INFO  Minecraft: Guild > LionyLev joined. 
02:20:43.727 INFO  Minecraft: Guild > 4717 joined. 
02:21:43.460 INFO  Minecraft: Guild > LionyLev left. 
02:23:02.288 INFO  Minecraft: Guild > ClovenBob left. 
02:24:33.778 INFO  Minecraft: Guild > The4p1 left. 
02:24:47.788 INFO  Minecraft: Guild > ClovenBob joined. 
02:28:34.544 INFO  Minecraft: Guild > The4p1 joined. 
02:29:20.548 INFO  Minecraft: Guild > OwOPingu joined. 
02:29:21.792 INFO  Minecraft: Guild > SwagMonkey420 joined. 
02:30:50.426 INFO  Minecraft: Friend > R4M11_KN0 joined. 
02:30:50.449 INFO  Minecraft: Guild > SwagMonkey420 left. 
02:35:06.200 INFO  Minecraft: Guild > ClovenBob left. 
02:35:27.297 INFO  Minecraft: Guild > LRBenito joined. 
02:40:22.039 INFO  Minecraft: Guild > The4p1 left. 
02:41:06.207 INFO  Minecraft: Guild > SnowedSeal joined. 
02:41:10.005 INFO  Minecraft: Guild > [MVP++] SnowedSeal [LS]: henlo 
02:41:14.454 INFO  Minecraft: Guild > [MVP+] sommthing [M]: hello 
02:41:26.369 INFO  Minecraft: Guild > [MVP+] sommthing [M]: :) 
02:41:53.864 INFO  Minecraft: Guild > [MVP++] SnowedSeal [LS]: :) 
02:42:13.315 INFO  Minecraft: Guild > The4p1 joined. 
02:42:13.512 INFO  Minecraft: Guild > [MVP+] sommthing [M]: snowed are u still watching my stream 
02:42:36.221 INFO  Minecraft: Guild > [MVP++] SnowedSeal [LS]: uhm 
02:42:38.242 INFO  Minecraft: Guild > [MVP++] SnowedSeal [LS]: maybeee? 
02:42:58.301 INFO  Minecraft: Guild > [MVP+] sommthing [M]: lol its good if u arent 
02:43:03.575 INFO  Minecraft: Guild > [MVP+] sommthing [M]: i just didnt now if u where 
02:44:07.806 INFO  Minecraft: Guild > [MVP++] SnowedSeal [LS]: k 
02:44:29.647 INFO  Minecraft: Guild > The4p1 left. 
02:48:34.451 INFO  Minecraft: Guild > [MVP++] SnowedSeal [LS]: was it spooky 
02:55:50.185 INFO  Minecraft: Guild > SnowedSeal left. 
02:55:52.762 INFO  Minecraft: Guild > SnowedSeal joined. 
02:55:54.777 INFO  Minecraft: Guild > [MVP++] SnowedSeal [LS]: henlo 
02:56:05.124 INFO  Minecraft: Guild > SnowedSeal left. 
02:57:06.154 INFO  Minecraft: Guild > Za1bot joined. 
02:58:33.920 INFO  Minecraft: Guild > POGGORSEEL joined. 
02:59:03.955 INFO  Minecraft: Guild > SnowedSeal joined. 
02:59:09.920 INFO  Minecraft: Guild > [MVP++] SnowedSeal [LS]: henloo 
02:59:15.193 INFO  Minecraft: Guild > [MVP+] sommthing [M]: HI 
02:59:20.999 INFO  Minecraft: Guild > [MVP+] Za1bot [M]: why is your name not purple? 
02:59:22.236 INFO  Minecraft: Guild > [MVP+] sommthing [M]: aggressive hi 
02:59:26.983 INFO  Minecraft: Guild > [MVP+] sommthing [M]: yes why 
02:59:34.037 INFO  Minecraft: Guild > [MVP++] SnowedSeal [LS]: because 
02:59:36.991 INFO  Minecraft: Guild > [MVP++] SnowedSeal [LS]: i trashed SBE 
03:01:13.128 INFO  Minecraft: Guild > SirTappy joined. 
03:01:17.623 INFO  Minecraft: Guild > POGGORSEEL left. 
03:01:38.135 INFO  Minecraft: Guild > SirTappy left. 
03:01:44.188 INFO  Minecraft: Guild > MegatornSeal joined. 
03:01:58.802 INFO  Minecraft: Guild > Za1bot left. 
03:02:26.338 INFO  Minecraft: Guild > MegatornSeal left. 
03:02:53.316 INFO  Minecraft: Guild > POGGORSEEL joined. 
03:03:01.303 INFO  Minecraft: Guild > MegatornSeal joined. 
03:04:34.876 INFO  Minecraft: Guild > MegatornSeal left. 
03:05:16.104 INFO  Minecraft: Guild > gogyxdash left. 
03:06:56.181 INFO  Minecraft: Guild > OLYforever joined. 
03:08:00.304 INFO  Minecraft: Guild > POGGORSEEL left. 
03:08:23.957 INFO  Minecraft: Guild > POGGORSEEL joined. 
03:10:45.270 INFO  Minecraft: [SkyBlock] [VIP+] LokiRL is visiting Your Island! 
03:10:45.303 INFO  Minecraft: ▬▬▬▬▬▬▬▬▬▬▬▬▬▬▬▬▬▬▬▬▬▬▬▬▬▬▬▬▬▬▬▬▬▬▬▬▬▬▬▬▬▬▬▬▬▬▬▬▬▬▬▬▬▬▬▬▬▬▬▬▬▬▬▬ 
03:10:45.306 INFO  Minecraft:   SKILL LEVEL UP Social I➜II 
03:10:45.307 INFO  Minecraft:  
03:10:45.309 INFO  Minecraft:   REWARDS 
03:10:45.315 INFO  Minecraft:     Ability to purchase Social Display at 
03:10:45.319 INFO  Minecraft:     Amelia in the Hub 
03:10:45.322 INFO  Minecraft:     +50 Coins 
03:10:45.325 INFO  Minecraft: ▬▬▬▬▬▬▬▬▬▬▬▬▬▬▬▬▬▬▬▬▬▬▬▬▬▬▬▬▬▬▬▬▬▬▬▬▬▬▬▬▬▬▬▬▬▬▬▬▬▬▬▬▬▬▬▬▬▬▬▬▬▬▬▬ 
03:10:48.387 INFO  Minecraft: Guild > The4p1 joined. 
03:12:10.640 INFO  Minecraft: Guild > POGGORSEEL left. 
03:12:16.538 INFO  Minecraft: Guild > POGGORSEEL joined. 
03:13:11.696 INFO  Minecraft: Guild > 4717 left. 
03:18:57.440 INFO  Minecraft: Guild > UnknownShadow124 joined. 
03:19:34.273 INFO  Minecraft: Guild > FabledLivid joined. 
03:19:35.282 INFO  Minecraft: Guild > UnknownShadow124 left. 
03:19:42.565 INFO  Minecraft: Guild > [VIP] FabledLivid [M]: aayo 
03:19:48.432 INFO  Minecraft: Guild > [VIP] FabledLivid [M]: bank interest pog 
03:19:53.701 INFO  Minecraft: Guild > [MVP++] SnowedSeal [LS]: how much 
03:19:54.357 INFO  Minecraft: Guild > [VIP] FabledLivid [M]: yoo 
03:19:55.518 INFO  Minecraft: Guild > [VIP+] OwOPingu [F]: :D 
03:19:56.569 INFO  Minecraft: Guild > [VIP] FabledLivid [M]: 200k 
03:20:04.327 INFO  Minecraft: Guild > [VIP] FabledLivid [M]: and my bongo mask sold 
03:20:10.565 INFO  Minecraft: Guild > [MVP++] SnowedSeal [LS]: nice 
03:20:11.256 INFO  Minecraft: Guild > [VIP] FabledLivid [M]: im at 12.6m 
03:22:34.017 INFO  Minecraft: Guild > UnknownShadow124 joined. 
03:24:43.288 INFO  Minecraft: Guild > POGGORSEEL left. 
03:25:22.320 INFO  Minecraft: Guild > [VIP] FabledLivid [M]: anyone need prismapumps? 
03:28:44.458 INFO  Minecraft: Guild > UnknownShadow124 left. 
03:28:50.585 INFO  Minecraft: Guild > [VIP] FabledLivid [M]: anyone prismapumps? 
03:28:54.243 INFO  Minecraft: Guild > [VIP] FabledLivid [M]: .-. 
03:29:35.294 INFO  Minecraft: Guild > UnknownShadow124 joined. 
03:30:02.617 INFO  Minecraft: Guild > [VIP] FabledLivid [M]: aots 
03:30:33.728 INFO  Minecraft: Guild > OLYforever left. 
03:30:58.427 INFO  Minecraft: Guild > [VIP] FabledLivid [M]: im selling 8 prismapump for 100k in all 
03:31:44.708 INFO  Minecraft: Guild > [VIP] FabledLivid [M]: wowwwww 
03:32:40.721 INFO  Minecraft: Guild > [VIP] FabledLivid [M]: ppl are so dumb 
03:32:46.080 INFO  Minecraft: Guild > [MVP++] SnowedSeal [LS]: why 
03:32:49.927 INFO  Minecraft: Guild > [VIP] FabledLivid [M]: i told em 
03:32:51.249 INFO  Minecraft: Guild > [VIP] FabledLivid [M]: aots 
03:32:55.744 INFO  Minecraft: Guild > [VIP] FabledLivid [M]: they say i cant use it 
03:32:59.799 INFO  Minecraft: Guild > [VIP] FabledLivid [M]: bc no slayer 8 
03:33:00.781 INFO  Minecraft: Guild > [VIP] FabledLivid [M]: smh 
03:33:07.166 INFO  Minecraft: Guild > [VIP] FabledLivid [M]: andd i get kick 
03:33:20.181 INFO  Minecraft: Guild > [VIP] FabledLivid [M]: party finder is pog 
03:34:09.963 INFO  Minecraft: Guild > sommthing left. 
03:35:39.384 INFO  Minecraft: Guild > The4p1 left. 
03:36:44.340 INFO  Minecraft: Guild > MegatornSeal joined. 
03:36:47.480 INFO  Minecraft: Guild > gogyxdash joined. 
03:40:01.669 INFO  Minecraft: Guild > [VIP] FabledLivid [M]: holD up 
03:40:13.474 INFO  Minecraft: Guild > [VIP] FabledLivid [M]: f2 kinds stonks rn huh? 
03:40:21.470 INFO  Minecraft: Guild > [MVP++] SnowedSeal [LS]: how 
03:40:31.608 INFO  Minecraft: Guild > [VIP] FabledLivid [M]: studies is 550k per rn 
03:40:43.466 INFO  Minecraft: Guild > [MVP+] gogyxdash [M]: just run m2 for xp then 
03:40:48.799 INFO  Minecraft: Guild > [MVP+] gogyxdash [M]: and u will also get the profit 
03:40:50.509 INFO  Minecraft: Guild > [VIP] FabledLivid [M]: do you know 
03:40:54.597 INFO  Minecraft: Guild > [VIP] FabledLivid [M]: ho hard m2 is? 
03:41:03.470 INFO  Minecraft: Guild > [MVP++] SnowedSeal [LS]: its easy af 
03:41:03.487 INFO  Minecraft: Guild > [MVP+] gogyxdash [M]: ive done it once 
03:41:05.601 INFO  Minecraft: Guild > [VIP] FabledLivid [M]: imma ust snipe studies tbh 
03:41:17.719 INFO  Minecraft: Guild > [VIP] FabledLivid [M]: *says snowed with maxed necron 
03:42:12.675 INFO  Minecraft: Guild > The4p1 joined. 
03:42:30.673 INFO  Minecraft: Guild > [VIP] FabledLivid [M]: ehehhe 
03:42:37.669 INFO  Minecraft: Guild > [VIP] FabledLivid [M]: market manipulation pog 
03:43:03.737 INFO  Minecraft: Guild > [MVP++] SnowedSeal [LS]: fabled 
03:43:10.745 INFO  Minecraft: Guild > [VIP] FabledLivid [M]: ? 
03:43:10.757 INFO  Minecraft: Guild > [MVP++] SnowedSeal [LS]: thats NOT how you market maniupalate 
03:43:12.739 INFO  Minecraft: Guild > [MVP++] SnowedSeal [LS]: manipulate* 
03:43:19.991 INFO  Minecraft: Guild > [MVP++] SnowedSeal [LS]: you buy out everything except for the insane prices 
03:43:20.790 INFO  Minecraft: Guild > [VIP] FabledLivid [M]: .-. 
03:43:26.169 INFO  Minecraft: Guild > [MVP++] SnowedSeal [LS]: then you put some down lower on ah 
03:43:28.250 INFO  Minecraft: Guild > [MVP++] SnowedSeal [LS]: and say 
03:43:32.056 INFO  Minecraft: Guild > [MVP++] SnowedSeal [LS]: wahtever flip 
03:45:18.499 INFO  Minecraft: Guild > [MVP++] SnowedSeal [LS]: zs cutlass is easy to maniuplate market 
03:46:42.416 INFO  Minecraft: Guild > [MVP++] SnowedSeal [LS]: !lurk 
03:46:43.496 INFO  Minecraft: Guild > Minikloons [LS]: SnowedSeal is now lurking (AFK)! 
03:47:30.507 INFO  Minecraft: Guild > MegatornSeal left. 
03:53:10.074 INFO  Minecraft: Friend > R4M11_KN0 left. 
03:53:16.217 INFO  Minecraft: Guild > SirTappy joined. 
03:54:34.326 INFO  Minecraft: Guild > SnowedSeal left. 
03:55:28.306 INFO  Minecraft: Guild > SirTappy left. 
03:55:52.332 INFO  Minecraft: Guild > SirTappy joined. 
03:56:20.825 INFO  Minecraft: Guild > The4p1 left. 
03:56:31.711 INFO  Minecraft: Friend > R4M11_KN0 joined. 
04:00:10.625 INFO  Minecraft:  
04:00:10.643 INFO  Minecraft: [WATCHDOG ANNOUNCEMENT] 
04:00:10.646 INFO  Minecraft: Watchdog has banned 28,131 players in the last 7 days. 
04:00:10.650 INFO  Minecraft: Staff have banned an additional 17,599 in the last 7 days. 
04:00:10.651 INFO  Minecraft: Blacklisted modifications are a bannable offense! 
04:00:10.656 INFO  Minecraft:  
04:02:21.960 INFO  Minecraft: Friend > R4M11_KN0 left. 
04:02:46.022 INFO  Minecraft: Friend > R4M11_KN0 joined. 
04:07:09.992 INFO  Minecraft: Friend > R4M11_KN0 left. 
04:07:41.683 INFO  Minecraft: Guild > UnknownShadow124 left. 
04:07:51.665 INFO  Minecraft: Guild > SnowedSeal joined. 
04:07:54.983 INFO  Minecraft: Guild > [MVP++] SnowedSeal [LS]: henlo 
04:08:57.309 INFO  Minecraft: Guild > DeformedSeal joined. 
04:08:57.844 INFO  Minecraft: Friend > R4M11_KN0 joined. 
04:09:54.527 INFO  Minecraft: Guild > gogyxdash left. 
04:12:11.534 INFO  Minecraft: Friend > R4M11_KN0 left. 
04:12:36.388 INFO  Minecraft: Guild > Hercules_RB joined. 
04:14:05.364 INFO  Minecraft: Guild > FabledLivid left. 
04:17:17.868 INFO  Minecraft: Guild > gogyxdash joined. 
04:18:04.773 INFO  Minecraft: Friend > R4M11_KN0 joined. 
04:24:09.862 INFO  Minecraft: Guild > OLYforever joined. 
04:25:19.475 INFO  Minecraft: Guild > SnowedSeal left. 
04:26:31.995 INFO  Minecraft: Guild > yKxshi joined. 
04:26:46.005 INFO  Minecraft: Guild > yKxshi left. 
04:34:13.316 INFO  Minecraft: Guild > Hercules_RB left. 
04:34:32.928 INFO  Minecraft: Guild > Hercules_RB joined. 
04:39:55.059 INFO  Minecraft: Guild > Hercules_RB left. 
04:43:00.687 INFO  Minecraft: Guild > gogyxdash left. 
04:43:28.830 INFO  Minecraft: Guild > DeformedSeal left. 
04:46:31.323 INFO  Discord: [💬→︱guild-chat] LS | SnowedSeal: Withered h yperion 
04:46:32.134 INFO  Minecraft: Guild > Minikloons [LS]: LS| SnowedSeal» Withered h yperion 
04:47:23.100 INFO  Minecraft: Guild > SnowedSeal joined. 
04:47:26.554 INFO  Minecraft: Guild > [MVP++] SnowedSeal [LS]: henlo 
04:47:42.379 INFO  Minecraft: Guild > gogyxdash joined. 
04:48:40.444 INFO  Minecraft: Guild > yKxshi joined. 
04:49:28.823 INFO  Minecraft: Guild > [MVP++] SnowedSeal [LS]: gogy 
04:49:29.730 INFO  Minecraft: Guild > [MVP++] SnowedSeal [LS]: gg 
04:49:31.685 INFO  Minecraft: Guild > [MVP++] SnowedSeal [LS]: you got an aots 
04:49:37.644 INFO  Minecraft: Guild > [MVP+] gogyxdash [M]: yes 
04:49:56.883 INFO  Minecraft: Guild > [MVP+] gogyxdash [M]: lol i can only use it in dungeons 
04:50:00.089 INFO  Minecraft: Guild > [MVP+] gogyxdash [M]: im berserker now 
04:50:07.053 INFO  Minecraft: Guild > [MVP+] gogyxdash [M]: i also got an ice spray 
04:50:19.678 INFO  Minecraft: Guild > [MVP++] SnowedSeal [LS]: all from afking? 
04:50:34.251 INFO  Minecraft: Guild > [MVP+] gogyxdash [M]: no frag runs and afking 
04:50:37.159 INFO  Minecraft: Guild > [MVP++] SnowedSeal [LS]: ohh 
04:50:44.937 INFO  Minecraft: Guild > [MVP++] SnowedSeal [LS]: how much do fragruns mkae you 
04:50:47.774 INFO  Minecraft: Guild > [MVP++] SnowedSeal [LS]: make you 
04:50:49.810 INFO  Minecraft: Guild > [MVP+] gogyxdash [M]: about 3m an hour 
04:50:53.510 INFO  Minecraft: Guild > [MVP++] SnowedSeal [LS]: noice 
04:50:54.811 INFO  Minecraft: Guild > [MVP+] yKxshi [M]: damn thats bad 
04:51:00.027 INFO  Minecraft: Guild > [MVP+] gogyxdash [M]: 3-5m but im unlucky 
04:51:11.804 INFO  Minecraft: Guild > [MVP+] gogyxdash [M]: no hype so i have to run around as bers 
04:51:15.283 INFO  Minecraft: Guild > [MVP+] yKxshi [M]: not even +22 quartz minion with compact 10 refined stonk ew 
04:54:38.088 INFO  Minecraft: -----------------------------------------------------
[MVP+] necroticdogg has requested to join the Guild!
Click here to accept or type /guild accept necroticdogg!
-----------------------------------------------------
 
04:54:38.948 INFO  Minecraft: Guild > [MVP+] yKxshi [M]: bro this quartz strategy is op 
04:54:49.927 INFO  Minecraft: Guild > Hercules_RB joined. 
04:54:53.982 INFO  Minecraft: Guild > [VIP+] OLYforever [M]: mining quartz? 
04:54:57.972 INFO  Minecraft: Guild > [MVP+] yKxshi [M]: yes 
04:55:23.359 INFO  Minecraft: Guild > [MVP+] yKxshi [M]: each quartz ore i break is just like if i was mining a titanium block 
04:55:32.162 INFO  Minecraft: Guild > [MVP+] yKxshi [M]: quartz is high asf now 
05:00:37.768 INFO  Minecraft: Guild > SirTappy left. 
05:03:42.344 INFO  Minecraft: Guild > [MVP+] gogyxdash [M]: one peace of quartz is 80 coins sheeeeesh 
05:03:46.316 INFO  Minecraft: Guild > [MVP+] yKxshi [M]: 90* 
05:04:07.315 INFO  Minecraft: Guild > [MVP+] gogyxdash [M]: are u in ur island mining the quartz as the minions spawn them or something 
05:04:16.446 INFO  Minecraft: Guild > [MVP+] yKxshi [M]: no............................. ofc not.............. 
05:04:37.345 INFO  Minecraft: Guild > [MVP+] gogyxdash [M]: i saw someone get foraging 50 with that method but wood not quartz 
05:06:43.482 INFO  Minecraft: Guild > [VIP] LRBenito [M]: enchanting 49 and prot 6 book poggersss 
05:06:55.861 INFO  Minecraft: Guild > [MVP+] gogyxdash [M]: ur in ironman so u cant sell it  
05:07:00.617 INFO  Minecraft: Guild > [VIP] LRBenito [M]: i can use it... 
05:07:02.638 INFO  Minecraft: Guild > [MVP+] gogyxdash [M]: but the 15hp is nice i guess 
05:07:08.616 INFO  Minecraft: Guild > [VIP] LRBenito [M]: its 3 defense 
05:07:18.578 INFO  Minecraft: Guild > [MVP+] yKxshi [M]: 3 defense?????????? 
05:07:21.574 INFO  Minecraft: Guild > [MVP+] yKxshi [M]: *wheeze* 
05:07:32.686 INFO  Minecraft: Guild > [VIP] LRBenito [M]: what 
05:08:28.838 INFO  Minecraft: Guild > OLYforever left. 
05:08:42.002 INFO  Minecraft: Guild > [MVP+] gogyxdash [M]: oh i thought u said growth 6 
05:08:50.271 INFO  Minecraft: Guild > [VIP] LRBenito [M]: prot 6 
05:08:54.809 INFO  Minecraft: Guild > [MVP+] gogyxdash [M]: prot 6 is useless imo 
05:08:58.064 INFO  Minecraft: Guild > [VIP] LRBenito [M]: im just going to put it on my sa cp 
05:09:01.850 INFO  Minecraft: Guild > [MVP+] yKxshi [M]: ofc its useless 
05:09:06.906 INFO  Minecraft: Guild > [MVP+] yKxshi [M]: its only 3 defense 
05:09:24.299 INFO  Minecraft: Guild > [VIP] LRBenito [M]: its more than nothing and i got it for free 
05:10:42.994 INFO  Minecraft: Guild > OLYforever joined. 
05:17:47.645 INFO  Minecraft: Guild > SnowedSeal left. 
05:19:51.622 INFO  Minecraft: Guild > TimothyPlays57 joined. 
05:20:00.377 INFO  Minecraft: Friend > R4M11_KN0 left. 
05:27:18.350 INFO  Minecraft: Guild > OLYforever left. 
05:27:36.311 INFO  Minecraft: Guild > [MVP+] gogyxdash [M]: https://www.10best.com/destinations/california/san-diego/point-loma/attractions/cabrillo-national-mo 
05:27:42.512 INFO  Minecraft: Guild > [MVP+] TimothyPlays57 [M]: ? 
05:27:45.344 INFO  Minecraft: Guild > [MVP+] gogyxdash [M]: bruh 
05:27:52.392 INFO  Minecraft: Guild > [MVP+] gogyxdash [M]: wrong thing to say 
05:27:59.432 INFO  Minecraft: Guild > [MVP+] gogyxdash [M]: was trying to do /warpforge 
05:28:06.127 INFO  Minecraft: Guild > [MVP+] gogyxdash [M]: but i was doing homework and it changed 
05:28:30.432 INFO  Minecraft: Guild > OwOWolfs left. 
05:34:08.331 INFO  Minecraft: Guild > Loudbook joined. 
05:34:21.552 INFO  Minecraft: Guild > [MVP++] Loudbook [US]: hi 
05:34:24.821 INFO  Minecraft: Guild > [MVP++] Loudbook [US]: its been a while 
05:34:34.383 INFO  Minecraft: Guild > [VIP+] OwOPingu [F]: E 
05:34:42.735 INFO  Minecraft: Guild > [MVP++] Loudbook [US]: im so fed up with skyblock 
05:34:48.658 INFO  Minecraft: Guild > [VIP+] OwOPingu [F]: D: 
05:35:00.735 INFO  Minecraft: Guild > [MVP++] Loudbook [US]: the game is a mess 
05:35:28.568 INFO  Minecraft: Guild > Hercules_RB left. 
05:35:40.105 INFO  Minecraft: Guild > Hercules_RB joined. 
05:36:20.062 INFO  Minecraft: Guild > TimothyPlays57 left. 
05:37:58.400 INFO  Minecraft: Guild > Za1bot joined. 
05:40:21.862 INFO  Minecraft: Guild > 4717 joined. 
05:52:46.685 INFO  Minecraft: Guild > 4717 left. 
05:53:21.900 INFO  Minecraft: Guild > SirTappy joined. 
05:53:53.788 INFO  Minecraft: Guild > SirTappy left. 
06:00:10.390 INFO  Minecraft:  
06:00:10.414 INFO  Minecraft: [WATCHDOG ANNOUNCEMENT] 
06:00:10.415 INFO  Minecraft: Watchdog has banned 28,092 players in the last 7 days. 
06:00:10.417 INFO  Minecraft: Staff have banned an additional 17,639 in the last 7 days. 
06:00:10.419 INFO  Minecraft: Blacklisted modifications are a bannable offense! 
06:00:10.420 INFO  Minecraft:  
06:15:11.667 INFO  Minecraft: Guild > [VIP+] OwOPingu [F]: look at conventionality auction 
06:15:16.352 INFO  Minecraft: Guild > [VIP+] OwOPingu [F]: holy he rich 
06:16:55.044 INFO  Minecraft: Guild > [VIP] Redbeam747 [M]: ayo 
06:17:04.716 INFO  Minecraft: Guild > [VIP] Redbeam747 [M]: anyone know what timezone rook is? 
06:17:12.692 INFO  Minecraft: Guild > [VIP+] OwOPingu [F]: what tat 
06:17:23.703 INFO  Minecraft: Guild > [VIP] Redbeam747 [M]: friendly_rook 
06:17:31.804 INFO  Minecraft: Guild > [VIP] Redbeam747 [M]: he loaned me a necron head 
06:17:46.167 INFO  Minecraft: Guild > [VIP] Redbeam747 [M]: and i collated him a sadan head, steel cp, and tara helm 
06:17:48.918 INFO  Minecraft: Guild > [VIP] Redbeam747 [M]: and im done 
06:17:52.921 INFO  Minecraft: Guild > [VIP] Redbeam747 [M]: so i want my shit back 
06:18:03.203 INFO  Minecraft: Guild > [VIP] Redbeam747 [M]: tbh i overcollated 
06:18:07.120 INFO  Minecraft: Guild > [VIP] Redbeam747 [M]: that shits worth 8m 
06:37:22.517 INFO  Minecraft: Guild > Loudbook left. 
06:43:42.351 INFO  Minecraft: Guild > UnknownShadow124 joined. 
06:53:18.339 INFO  Discord: [💬→︱guild-chat] LS | SnowedSeal: uhm 
06:53:18.711 INFO  Minecraft: Guild > Minikloons [LS]: LS| SnowedSeal» uhm 
06:53:19.784 INFO  Discord: [💬→︱guild-chat] LS | SnowedSeal: lemme check 
06:53:20.315 INFO  Minecraft: Guild > Minikloons [LS]: LS| SnowedSeal» lemme check 
06:53:38.302 INFO  Discord: [💬→︱guild-chat] LS | SnowedSeal: i think its GMT +8 
06:53:39.359 INFO  Minecraft: Guild > Minikloons [LS]: LS| SnowedSeal» i think its GMT +8 
06:53:43.317 INFO  Discord: [💬→︱guild-chat] LS | SnowedSeal: <@!765320387055452210> 
06:53:43.588 INFO  Minecraft: Guild > Minikloons [LS]: LS| SnowedSeal» <@!765320387055452210> 
06:59:18.979 INFO  Minecraft: Guild > ReS_Awesome joined. 
07:03:32.403 INFO  Minecraft: Guild > Hercules_RB left. 
07:04:47.667 INFO  Minecraft: Guild > UnknownShadow124 left. 
07:07:46.162 INFO  Minecraft: Guild > 4717 joined. 
07:09:44.789 INFO  Minecraft: Guild > UnknownShadow124 joined. 
07:18:26.977 INFO  Minecraft: Guild > [MVP+] yKxshi [M]: headlesscowboy explained why he left 
07:28:14.499 INFO  Minecraft: Guild > UnknownShadow124 left. 
07:28:59.752 INFO  Minecraft: Guild > yKxshi left. 
07:29:31.917 INFO  Minecraft: Guild > POGGORSEEL joined. 
07:31:43.887 INFO  Minecraft: Guild > yKxshi joined. 
07:31:55.730 INFO  Discord: [💬→︱guild-chat] LS | SnowedSeal: ykxshi 
07:32:00.181 INFO  Discord: [💬→︱guild-chat] LS | SnowedSeal: what did headless say 
07:32:00.372 INFO  Minecraft: Guild > Minikloons [LS]: LS| SnowedSeal» ykxshi 
07:32:13.599 INFO  Minecraft: Guild > Minikloons [LS]: LS| SnowedSeal» what did headless say 
07:33:00.242 INFO  Minecraft: Guild > [MVP+] yKxshi [M]: he said hes moving out and didnt had time to manage the guild while hes moving and that 
07:33:08.104 INFO  Minecraft: Guild > [MVP+] yKxshi [M]: hes trying to move in then hes coming back 
07:33:48.179 INFO  Discord: [💬→︱guild-chat] LS | SnowedSeal: ohh 
07:33:50.535 INFO  Minecraft: Guild > Minikloons [LS]: LS| SnowedSeal» ohh 
07:35:17.657 INFO  Minecraft: -----------------------------------------------------
[MVP+] necroticdogg has requested to join the Guild!
Click here to accept or type /guild accept necroticdogg!
-----------------------------------------------------
 
07:35:35.707 INFO  Minecraft: Guild > Redbeam747 left. 
07:36:09.803 INFO  Minecraft: Guild > DeformedSeal joined. 
07:38:04.755 INFO  Minecraft: Guild > 4717 left. 
07:38:12.057 INFO  Minecraft: Guild > 4717 joined. 
07:38:42.785 INFO  Minecraft: Guild > WitheredRoyal joined. 
07:40:44.484 INFO  Minecraft: Guild > sommthing joined. 
07:44:45.815 INFO  Minecraft:  
07:44:45.839 INFO  Minecraft: ----------------------------------------------------- 
07:44:45.841 INFO  Minecraft:  
07:44:45.842 INFO  Minecraft:                  GUILD QUEST TIER 1 COMPLETED! 
07:44:45.848 INFO  Minecraft:  
07:44:45.863 INFO  Minecraft:     The guild has completed Tier 1 of this week's Guild Quest! 
07:44:45.865 INFO  Minecraft:                          +50000 Guild Experience 
07:44:45.868 INFO  Minecraft:  
07:44:45.870 INFO  Minecraft: ----------------------------------------------------- 
07:44:49.706 INFO  Minecraft: Guild > [MVP++] DeformedSeal [F]: pog 
07:44:50.548 INFO  Minecraft: Guild > [VIP+] WitheredRoyal [M]: pog 
07:44:53.510 INFO  Minecraft: Guild > [VIP] 4717 [M]: lets goo 
07:46:18.666 INFO  Discord: [💬→︱guild-chat] LS | SnowedSeal: wjat 
07:46:19.006 INFO  Minecraft: Guild > Minikloons [LS]: LS| SnowedSeal» wjat 
07:46:25.733 INFO  Discord: [💬→︱guild-chat] LS | SnowedSeal: oh 
07:46:25.979 INFO  Minecraft: Guild > Minikloons [LS]: LS| SnowedSeal» oh 
07:46:27.737 INFO  Minecraft: Guild > [VIP+] WitheredRoyal [M]: ? 
07:46:30.103 INFO  Discord: [💬→︱guild-chat] LS | SnowedSeal: guild reached something? 
07:46:30.814 INFO  Minecraft: Guild > Minikloons [LS]: LS| SnowedSeal» guild reached something? 
07:46:31.112 INFO  Discord: [💬→︱guild-chat] Boomerseal has so much clout OMG: Ohhhhh. 100% can relate. When I bought my house when I moved out, I had so much shit to do. 
07:46:31.898 INFO  Minecraft: Guild > Minikloons [LS]: Boomersealhas so much clout OMG» Ohhhhh. 100% can relate. When I bought my house when I moved out, I had so much shit to do. 
07:46:35.739 INFO  Discord: [💬→︱guild-chat] LS | SnowedSeal: ahah 
07:46:36.019 INFO  Minecraft: You cannot say the same message twice! 
07:46:43.742 INFO  Discord: [💬→︱guild-chat] Boomerseal has so much clout OMG: Yeah 
07:46:43.992 INFO  Minecraft: Guild > Minikloons [LS]: Boomersealhas so much clout OMG» Yeah 
07:46:45.961 INFO  Discord: [💬→︱guild-chat] Boomerseal has so much clout OMG: Probably 
07:46:46.756 INFO  Minecraft: Guild > Minikloons [LS]: Boomersealhas so much clout OMG» Probably 
07:46:51.687 INFO  Discord: [💬→︱guild-chat] LS | SnowedSeal: k 
07:46:51.952 INFO  Minecraft: Guild > Minikloons [LS]: LS| SnowedSeal» k 
07:47:07.710 INFO  Minecraft: Guild > [VIP+] WitheredRoyal [M]: Teir 1 quest thing 
07:47:15.934 INFO  Minecraft: Guild > POGGORSEEL left. 
07:47:28.811 INFO  Minecraft: Guild > SirTappy joined. 
07:51:45.336 INFO  Minecraft: Guild > SirTappy left. 
07:51:49.356 INFO  Minecraft: Guild > SirTappy joined. 
07:56:15.690 INFO  Minecraft: Guild > sommthing left. 
07:57:13.867 INFO  Minecraft: Guild > sommthing joined. 
07:57:59.745 INFO  Minecraft: Guild > BamBoozledMC joined. 
07:59:48.964 INFO  Minecraft: Guild > [VIP] LRBenito [M]: how much is last stand usually out of chest 
07:59:55.123 INFO  Minecraft: Guild > [VIP+] WitheredRoyal [M]: 500k? 
07:59:58.181 INFO  Minecraft: Guild > [VIP] LRBenito [M]: oof 
08:00:08.205 INFO  Minecraft: Guild > [VIP] LRBenito [M]: should i just put wisdom on my sa for more aote or whatever then 
08:00:10.947 INFO  Minecraft:  
08:00:10.951 INFO  Minecraft: [WATCHDOG ANNOUNCEMENT] 
08:00:10.953 INFO  Minecraft: Watchdog has banned 28,067 players in the last 7 days. 
08:00:10.955 INFO  Minecraft: Staff have banned an additional 17,719 in the last 7 days. 
08:00:10.956 INFO  Minecraft: Blacklisted modifications are a bannable offense! 
08:00:10.958 INFO  Minecraft:  
08:00:31.969 INFO  Minecraft: Guild > [VIP] LRBenito [M]: because i dont want to spend 8m? per last stand 5 
08:00:54.062 INFO  Minecraft: Guild > [VIP] LRBenito [M]: besides, isnt last stand bugged or smth 
08:01:15.468 INFO  Minecraft: Guild > [VIP+] WitheredRoyal [M]: I think it gives base defence, wich is capped at 150 
08:01:48.639 INFO  Minecraft: Guild > [VIP] LRBenito [M]: and do dungeon multipliers apply on top? 
08:02:12.216 INFO  Minecraft: Guild > [VIP] LRBenito [M]: if so it wouldnt be that bad, if i actually had 32m coins lmao 
08:03:12.112 INFO  Minecraft: Guild > [VIP] LRBenito [M]: altho 
08:03:24.188 INFO  Minecraft: Guild > [VIP] LRBenito [M]: i gues if i go ahead and put on wisdom i can do lcm 
08:04:48.273 INFO  Discord: [💬→︱guild-chat] LS | SnowedSeal: market manipulation is good money sometimes 
08:04:48.557 INFO  Minecraft: Guild > Minikloons [LS]: LS| SnowedSeal» market manipulation is good money sometimes 
08:04:55.664 INFO  Discord: [💬→︱guild-chat] LS | SnowedSeal: its also funni 
08:04:56.285 INFO  Minecraft: Guild > Minikloons [LS]: LS| SnowedSeal» its also funni 
08:04:59.409 INFO  Minecraft: Guild > [VIP] LRBenito [M]: imagine even using the market 
08:05:05.338 INFO  Minecraft: Guild > [VIP] LRBenito [M]: this post was made by ironman gang 
08:05:13.730 INFO  Discord: [💬→︱guild-chat] LS | SnowedSeal: yus 
08:05:14.613 INFO  Minecraft: Guild > Minikloons [LS]: LS| SnowedSeal» yus 
08:05:19.604 INFO  Discord: [💬→︱guild-chat] LS | SnowedSeal: im trying out ironman another day 
08:05:20.319 INFO  Minecraft: Guild > [MVP+] yKxshi [M]: imma start posting memes in general 
08:05:20.331 INFO  Minecraft: Guild > Minikloons [LS]: LS| SnowedSeal» im trying out ironman another day 
08:05:28.319 INFO  Minecraft: Guild > [MVP+] yKxshi [M]: bc memes channel sucks and so does snowedseal 
08:07:21.567 INFO  Discord: [💬→︱guild-chat] LS | SnowedSeal: sad times 
08:07:21.841 INFO  Minecraft: Guild > Minikloons [LS]: LS| SnowedSeal» sad times 
08:07:36.537 INFO  Discord: [💬→︱guild-chat] Dev/Mod BamBoozledMC: ewr 
08:07:36.790 INFO  Minecraft: Guild > Minikloons [LS]: Dev/ModBamBoozledMC» ewr 
08:07:42.716 INFO  Minecraft: Guild > [MVP+] BamBoozledMC [LS]: !ping 
08:07:44.515 INFO  Minecraft: Guild > Minikloons [LS]: I currently have 232ms on Hypixel 
08:07:48.712 INFO  Minecraft: Guild > [MVP+] BamBoozledMC [LS]: !seal 
08:07:49.600 INFO  Minecraft: Guild > Minikloons [LS]: Seeeeeeeeeeaaaaaaaaaalll 
08:07:57.502 INFO  Minecraft: Guild > [MVP+] yKxshi [M]: !seal 
08:07:57.762 INFO  Minecraft: Guild > Minikloons [LS]: SEAL >:( 
08:08:03.863 INFO  Minecraft: Guild > [MVP+] BamBoozledMC [LS]: !lurk 
08:08:04.574 INFO  Minecraft: Guild > Minikloons [LS]: It seems that BamBoozledMC is lurking (AFK) now! 
08:08:08.785 INFO  Minecraft: Guild > [MVP+] BamBoozledMC [LS]: !unlurk 
08:08:10.006 INFO  Minecraft: Guild > Minikloons [LS]: Wow, BamBoozledMC that took long enough, but hey at least you are back from lurking (AFK). 
08:08:25.987 INFO  Minecraft: Guild > [MVP+] BamBoozledMC [LS]: lmao 
08:09:40.100 INFO  Discord: [💬→︱guild-chat] LS | SnowedSeal: /playtime 
08:09:40.736 INFO  Minecraft: You have 156 hours and 15 minutes playtime! 
08:09:41.174 INFO  Minecraft: Guild > Minikloons [LS]: You have 156 hours and 15 minutes playtime! 
08:09:45.113 INFO  Discord: [💬→︱guild-chat] LS | SnowedSeal: LIES 
08:09:45.906 INFO  Minecraft: Guild > Minikloons [LS]: LS| SnowedSeal» LIES 
08:09:53.767 INFO  Discord: [💬→︱guild-chat] Dev/Mod BamBoozledMC: wdym 
08:09:54.027 INFO  Minecraft: Guild > Minikloons [LS]: Dev/ModBamBoozledMC» wdym 
08:09:54.872 INFO  Discord: [💬→︱guild-chat] Dev/Mod BamBoozledMC: lies 
08:09:55.130 INFO  Minecraft: Guild > Minikloons [LS]: Dev/ModBamBoozledMC» lies 
08:09:55.769 INFO  Discord: [💬→︱guild-chat] Admin | TinyHarpSeal: leo 
08:09:56.022 INFO  Minecraft: Guild > Minikloons [LS]: Admin| TinyHarpSeal» leo 
08:09:57.787 INFO  Discord: [💬→︱guild-chat] LS | SnowedSeal: oh 
08:09:58.035 INFO  Minecraft: Guild > Minikloons [LS]: LS| SnowedSeal» oh 
08:09:58.727 INFO  Discord: [💬→︱guild-chat] Dev/Mod BamBoozledMC: its a new acc 
08:09:59.096 INFO  Minecraft: Guild > Minikloons [LS]: Dev/ModBamBoozledMC» its a new acc 
08:10:02.754 INFO  Discord: [💬→︱guild-chat] LS | SnowedSeal: no 
08:10:03.089 INFO  Minecraft: You cannot say the same message twice! 
08:10:03.859 INFO  Discord: [💬→︱guild-chat] LS | SnowedSeal: i thought 
08:10:04.106 INFO  Minecraft: Guild > Minikloons [LS]: LS| SnowedSeal» i thought 
08:10:05.832 INFO  Discord: [💬→︱guild-chat] LS | SnowedSeal: it meant my acc 
08:10:06.088 INFO  Minecraft: Guild > Minikloons [LS]: LS| SnowedSeal» it meant my acc 
08:10:08.726 INFO  Discord: [💬→︱guild-chat] LS | SnowedSeal: because it said 
08:10:08.975 INFO  Minecraft: Guild > Minikloons [LS]: LS| SnowedSeal» because it said 
08:10:09.751 INFO  Minecraft: Guild > [VIP+] WitheredRoyal [M]: !ping 
08:10:11.042 INFO  Discord: [💬→︱guild-chat] LS | SnowedSeal: you have 
08:10:11.160 INFO  Discord: [💬→︱guild-chat] Dev/Mod BamBoozledMC: lmao 
08:10:11.946 INFO  Minecraft: Guild > Minikloons [LS]: Am I lagging? because 230ms seems a bit much 
08:10:11.975 INFO  Minecraft: Guild > Minikloons [LS]: LS| SnowedSeal» you have 
08:10:12.021 INFO  Minecraft: Guild > Minikloons [LS]: Dev/ModBamBoozledMC» lmao 
08:10:21.140 INFO  Discord: [💬👮→︱officer-chat] LS | SnowedSeal: Henlo everyone thats online! 
08:10:21.781 INFO  Minecraft: Officer > Minikloons [LS]: LS| SnowedSeal» Henlo everyone thats online! 
08:10:26.016 INFO  Minecraft: Guild > [MVP+] BamBoozledMC [LS]: o/ 
08:10:30.859 INFO  Minecraft: Officer > [MVP+] BamBoozledMC [LS]: hi 
08:10:51.850 INFO  Minecraft: Guild > [VIP+] WitheredRoyal [M]: o/ 
08:11:37.910 INFO  Discord: [💬→︱guild-chat] Admin | TinyHarpSeal: o/ 
08:11:38.193 INFO  Minecraft: Guild > Minikloons [LS]: Admin| TinyHarpSeal» o/ 
08:12:10.941 INFO  Discord: [💬👮→︱officer-chat] LS | SnowedSeal: :D 
08:12:11.225 INFO  Minecraft: Officer > Minikloons [LS]: LS| SnowedSeal» :D 
08:13:52.383 INFO  Discord: [💬→︱guild-chat] LS | SnowedSeal: o/ 
08:13:53.106 INFO  Minecraft: You cannot say the same message twice! 
08:13:58.111 INFO  Discord: [💬→︱guild-chat] LS | SnowedSeal: <a:sealegend_pat:777906325296250961> 
08:13:58.383 INFO  Minecraft: Guild > Minikloons [LS]: LS| SnowedSeal» <a:sealegend_pat:777906325296250961> 
08:14:00.132 INFO  Discord: [💬→︱guild-chat] LS | SnowedSeal: what 
08:14:00.388 INFO  Minecraft: Guild > Minikloons [LS]: LS| SnowedSeal» what 
08:14:04.110 INFO  Discord: [💬→︱guild-chat] LS | SnowedSeal: i wanted to do sealpat 
08:14:04.364 INFO  Minecraft: Guild > Minikloons [LS]: LS| SnowedSeal» i wanted to do sealpat 
08:14:06.134 INFO  Discord: [💬→︱guild-chat] LS | SnowedSeal: <a:sealpat:822521619032571995> 
08:14:06.391 INFO  Minecraft: Guild > Minikloons [LS]: LS| SnowedSeal» <a:sealpat:822521619032571995> 
08:14:09.382 INFO  Discord: [💬→︱guild-chat] LS | SnowedSeal: thats beter 
08:14:10.249 INFO  Minecraft: Guild > Minikloons [LS]: LS| SnowedSeal» thats beter 
08:15:11.174 INFO  Discord: [💬→︱guild-chat] LS | SnowedSeal: better* 
08:15:11.445 INFO  Minecraft: Guild > Minikloons [LS]: LS| SnowedSeal» better* 
08:16:09.601 INFO  Minecraft: Guild > yKxshi left. 
08:16:11.712 INFO  Minecraft: Guild > yKxshi joined. 
08:18:36.603 INFO  Discord: [💬→︱guild-chat] Admin | TinyHarpSeal: >:( 
08:18:37.483 INFO  Minecraft: Guild > Minikloons [LS]: Admin| TinyHarpSeal» >:( 
08:18:47.526 INFO  Minecraft: Guild > [MVP+] sommthing [M]: why are u mad 
08:19:47.558 INFO  Discord: [💬→︱guild-chat] Admin | TinyHarpSeal: :sealpat: 
08:19:47.830 INFO  Minecraft: Guild > Minikloons [LS]: Admin| TinyHarpSeal» :sealpat: 
08:19:53.710 INFO  Discord: [💬→︱guild-chat] LS | SnowedSeal: <a:sealpat:822521619032571995> 
08:19:53.956 INFO  Minecraft: Guild > Minikloons [LS]: LS| SnowedSeal» <a:sealpat:822521619032571995> 
08:24:01.386 INFO  Minecraft: Guild > yKxshi left. 
08:24:03.380 INFO  Minecraft: Guild > yKxshi joined. 
08:26:49.687 INFO  Minecraft: Guild > yKxshi left. 
08:37:38.824 INFO  Discord: [💬👮→︱officer-chat] Admin | TinyHarpSeal: (owo)/ 
08:37:39.686 INFO  Minecraft: Officer > Minikloons [LS]: Admin| TinyHarpSeal» (owo)/ 
08:37:44.569 INFO  Minecraft: Officer > [MVP+] BamBoozledMC [LS]: ew 
08:38:50.702 INFO  Discord: [💬👮→︱officer-chat] LS | SnowedSeal: (owo)/ 
08:38:51.491 INFO  Minecraft: Officer > Minikloons [LS]: LS| SnowedSeal» (owo)/ 
08:39:17.692 INFO  Discord: [💬👮→︱officer-chat] Dev/Mod BamBoozledMC:  
08:39:17.947 INFO  Minecraft: Officer > Minikloons [LS]: Dev/ModBamBoozledMC» 
08:39:56.001 INFO  Minecraft: Guild > LRBenito left. 
08:43:24.649 INFO  Minecraft: Guild > SirTappy left. 
08:43:27.658 INFO  Minecraft: Guild > SirTappy joined. 
08:46:29.118 INFO  Minecraft: Guild > SirTappy left. 
08:46:31.990 INFO  Minecraft: Guild > SirTappy joined. 
08:51:12.122 INFO  Minecraft: Guild > BamBoozledMC left. 
09:02:28.887 INFO  Minecraft: Guild > sommthing left. 
09:04:06.424 INFO  Minecraft: Guild > sommthing joined. 
09:09:52.545 INFO  Minecraft: Guild > gogyxdash left. 
09:11:36.726 INFO  Minecraft: Guild > OwOWolfs joined. 
09:13:01.806 INFO  Minecraft: Guild > 4717 left. 
09:14:07.219 INFO  Minecraft: Guild > sommthing left. 
09:15:22.823 INFO  Minecraft: Guild > sommthing joined. 
09:19:13.976 INFO  Minecraft: Guild > LionyLev joined. 
09:20:14.083 INFO  Minecraft: Guild > Loudbook joined. 
09:21:29.112 INFO  Discord: [💬→︱guild-chat] LS | SnowedSeal: Henlo loud 
09:21:29.401 INFO  Minecraft: Guild > Minikloons [LS]: LS| SnowedSeal» Henlo loud 
09:21:34.178 INFO  Minecraft: Guild > LionyLev left. 
09:25:33.472 INFO  Minecraft: Guild > SirTappy left. 
09:26:13.505 INFO  Minecraft: Guild > OwOWolfs left. 
09:28:15.920 INFO  Minecraft: Guild > TimothyPlays57 joined. 
09:28:35.921 INFO  Minecraft: Guild > sommthing left. 
09:29:09.939 INFO  Minecraft: Guild > TimothyPlays57 left. 
09:37:55.434 INFO  Minecraft: Guild > gogyxdash joined. 
09:46:08.115 INFO  Minecraft: Guild > LRBenito joined. 
09:49:04.956 INFO  Minecraft: Guild > LRBenito left. 
09:49:29.948 INFO  Minecraft: Guild > LRBenito joined. 
09:56:21.983 INFO  Minecraft: Guild > ReS_Awesome left. 
10:00:10.926 INFO  Minecraft:  
10:00:10.951 INFO  Minecraft: [WATCHDOG ANNOUNCEMENT] 
10:00:10.952 INFO  Minecraft: Watchdog has banned 28,081 players in the last 7 days. 
10:00:10.954 INFO  Minecraft: Staff have banned an additional 17,876 in the last 7 days. 
10:00:10.956 INFO  Minecraft: Blacklisted modifications are a bannable offense! 
10:00:10.957 INFO  Minecraft:  
10:03:19.285 INFO  Minecraft: Guild > DeformedSeal left. 
10:13:11.631 INFO  Minecraft: Guild > DoggosAreGood joined. 
10:20:48.768 INFO  Discord: [💬→︱guild-chat] CO | OwOSmol: am i like 
10:20:49.106 INFO  Minecraft: Guild > Minikloons [LS]: CO| OwOSmol» am i like 
10:20:52.329 INFO  Discord: [💬→︱guild-chat] CO | OwOSmol: member 
10:20:52.921 INFO  Minecraft: Guild > Minikloons [LS]: CO| OwOSmol» member 
10:20:53.921 INFO  Discord: [💬→︱guild-chat] CO | OwOSmol: lol 
10:20:54.220 INFO  Minecraft: Guild > Minikloons [LS]: CO| OwOSmol» lol 
10:21:04.097 INFO  Minecraft: Guild > [VIP+] WitheredRoyal [M]: ? 
10:21:08.451 INFO  Discord: [💬→︱guild-chat] CO | OwOSmol: in guild 
10:21:09.081 INFO  Minecraft: Guild > Minikloons [LS]: CO| OwOSmol» in guild 
10:21:14.963 INFO  Discord: [💬→︱guild-chat] CO | OwOSmol: can someone check 
10:21:15.223 INFO  Minecraft: Guild > Minikloons [LS]: CO| OwOSmol» can someone check 
10:21:24.008 INFO  Minecraft: Guild > [VIP] LRBenito [M]: poggers 
10:21:28.998 INFO  Minecraft: Guild > [VIP] LRBenito [M]: enchanting 50+ sharp 6 
10:21:32.997 INFO  Minecraft: Guild > [VIP+] WitheredRoyal [M]: wot 
10:23:46.544 INFO  Minecraft: Guild > POGGORSEEL joined. 
10:26:18.261 INFO  Minecraft: Guild > SnowedSeal joined. 
10:26:21.307 INFO  Minecraft: Guild > [MVP++] SnowedSeal [LS]: henlo 
10:26:27.248 INFO  Minecraft: Guild > [VIP+] WitheredRoyal [M]: lo hens 
10:29:35.497 INFO  Minecraft: [SkyBlock] [MVP+] flawl1ss is visiting Your Island! 
10:29:53.464 INFO  Minecraft: Guild > [MVP++] SnowedSeal [LS]: OOF   OOF   √(π+x)=L  /ah SnowedSeal RECOMBED DRAGON HUNTER 2 5STAR COMBO 5 AOTD CHEAP CHEAP CHEAP   :maths:   OOF   OOF 
10:29:55.660 INFO  Minecraft: Guild > [MVP++] SnowedSeal [LS]: bruh 
10:29:57.458 INFO  Minecraft: Guild > [MVP++] SnowedSeal [LS]: wc 
10:30:00.638 INFO  Minecraft: Guild > [MVP++] SnowedSeal [LS]: sorry 
10:30:25.742 INFO  Discord: [💬→︱guild-chat] Dev/Mod BamBoozledMC: wtf 
10:30:26.004 INFO  Minecraft: Guild > Minikloons [LS]: Dev/ModBamBoozledMC» wtf 
10:30:30.576 INFO  Minecraft: Guild > [MVP++] SnowedSeal [LS]: it was a wc!! 
10:30:44.548 INFO  Discord: [💬→︱guild-chat] Dev/Mod BamBoozledMC: i saw the message the first time 
10:30:44.824 INFO  Minecraft: Guild > Minikloons [LS]: Dev/ModBamBoozledMC» i saw the message the first time 
10:30:48.589 INFO  Discord: [💬→︱guild-chat] Dev/Mod BamBoozledMC: but still wtf 
10:30:48.849 INFO  Minecraft: Guild > Minikloons [LS]: Dev/ModBamBoozledMC» but still wtf 
10:32:08.629 INFO  Minecraft: Guild > gogyxdash left. 
10:32:10.683 INFO  Minecraft: Guild > gogyxdash joined. 
10:35:37.993 INFO  Minecraft: Guild > OwOWolfs joined. 
10:35:48.946 INFO  Minecraft: Guild > OwOWolfs left. 
10:37:08.920 INFO  Minecraft: Guild > clonzy joined. 
10:37:09.841 INFO  Minecraft: Guild > LionyLev joined. 
10:40:39.960 INFO  Minecraft: Guild > LionyLev left. 
10:40:46.979 INFO  Minecraft: Guild > LionyLev joined. 
10:42:52.993 INFO  Minecraft: Guild > LionyLev left. 
10:46:10.338 INFO  Minecraft: Guild > ranger4josh joined. 
10:53:38.798 INFO  Minecraft: Guild > ranger4josh left. 
10:53:46.011 INFO  Minecraft: Guild > ranger4josh joined. 
10:53:51.878 INFO  Minecraft: [Auction] play_well bought Pink Bunny Personality for 550,000 coins CLICK 
10:57:04.947 INFO  Minecraft: Guild > POGGORSEEL left. 
10:58:54.169 INFO  Minecraft: Guild > SirTappy joined. 
10:59:18.171 INFO  Minecraft: Guild > sommthing joined. 
10:59:53.247 INFO  Minecraft: Guild > clonzy left. 
11:00:01.330 INFO  Minecraft: Guild > SnowedSeal left. 
11:01:02.126 INFO  Discord: [💬→︱guild-chat] Dev/Mod BamBoozledMC: trash 
11:01:03.146 INFO  Minecraft: Guild > Minikloons [LS]: Dev/ModBamBoozledMC» trash 
11:01:13.216 INFO  Discord: [💬→︱guild-chat] Dev/Mod BamBoozledMC: /help 
11:02:09.150 INFO  Minecraft: Guild > sommthing left. 
11:05:10.496 INFO  Minecraft: Guild > SwagMonkey420 joined. 
11:06:06.314 INFO  Minecraft: Guild > SnowedSeal joined. 
11:06:09.314 INFO  Minecraft: Guild > [MVP++] SnowedSeal [LS]: HENLO 
11:06:10.420 INFO  Minecraft: Guild > [MVP++] SnowedSeal [LS]: caps 
11:09:09.529 INFO  Minecraft: Guild > SwagMonkey420 left. 
11:20:23.321 INFO  Minecraft: Guild > SirTappy left. 
11:30:37.217 INFO  Minecraft: Guild > TinyHarpSeal joined. 
11:32:51.963 INFO  Minecraft: Guild > Loudbook left. 
11:39:54.960 INFO  Minecraft: Guild > 4717 joined. 
11:47:06.245 INFO  Minecraft: Guild > TinyHarpSeal left. 
11:47:10.225 INFO  Minecraft: Guild > TinyHarpSeal joined. 
11:47:14.268 INFO  Minecraft: Guild > [MVP++] SnowedSeal [LS]: henlo tiny 
11:47:16.260 INFO  Minecraft: Guild > TinyHarpSeal left. 
11:47:17.360 INFO  Minecraft: Guild > [MVP++] SnowedSeal [LS]: owo ( ﾟ◡ﾟ)/ 
11:47:18.298 INFO  Minecraft: Guild > [MVP++] SnowedSeal [LS]: nvm 
11:49:56.519 INFO  Discord: [💬→︱guild-chat] Admin | TinyHarpSeal: my game crashed 
11:49:56.796 INFO  Minecraft: Guild > Minikloons [LS]: Admin| TinyHarpSeal» my game crashed 
11:50:00.685 INFO  Discord: [💬→︱guild-chat] Admin | TinyHarpSeal: and I eat dinner now 
11:50:00.930 INFO  Minecraft: Guild > Minikloons [LS]: Admin| TinyHarpSeal» and I eat dinner now 
11:50:20.532 INFO  Discord: [💬→︱guild-chat] Admin | TinyHarpSeal: And hello 
11:50:20.784 INFO  Minecraft: Guild > Minikloons [LS]: Admin| TinyHarpSeal» And hello 
11:53:09.592 INFO  Minecraft: Guild > ranger4josh left. 
11:54:42.637 INFO  Minecraft: Guild > LRBenito left. 
11:59:39.825 INFO  Minecraft: Guild > [MVP+] gogyxdash [M]: anyone want to do f6 im bers 
12:00:10.918 INFO  Minecraft:  
12:00:10.927 INFO  Minecraft: [WATCHDOG ANNOUNCEMENT] 
12:00:10.929 INFO  Minecraft: Watchdog has banned 28,218 players in the last 7 days. 
12:00:10.931 INFO  Minecraft: Staff have banned an additional 17,836 in the last 7 days. 
12:00:10.933 INFO  Minecraft: Blacklisted modifications are a bannable offense! 
12:00:10.935 INFO  Minecraft:  
12:01:42.029 INFO  Minecraft: Guild > ranger4josh joined. 
12:13:51.526 INFO  Minecraft: [Important] This server will restart soon: Scheduled Reboot 
12:13:51.576 INFO  Minecraft: You have 60 seconds to warp out! CLICK to warp now! 
12:14:49.630 INFO  Minecraft: Evacuating to Hub... 
12:14:49.678 INFO  Minecraft: Sending to server mini169M... 
12:14:49.712 INFO  Logged in. 
12:14:51.140 INFO  Minecraft:         
12:14:54.761 INFO  Sending to skyblock. 
12:14:56.987 INFO  Minecraft: You are playing on profile: Zucchini (Co-op) 
12:14:59.081 INFO  Minecraft: You are already playing SkyBlock! 
12:15:03.113 INFO  Minecraft: Warping you to your SkyBlock island... 
12:15:03.131 INFO  Minecraft: Sending to server mini334K... 
12:15:03.146 INFO  Logged in. 
12:15:03.868 INFO  Minecraft:         
12:15:08.386 INFO  Sending to skyblock. 
12:15:09.360 INFO  Minecraft: You are playing on profile: Zucchini (Co-op) 
12:15:11.828 INFO  Minecraft: You are already playing SkyBlock! 
12:15:15.034 INFO  Minecraft: You're already sitting on this island! 
12:23:27.096 INFO  Minecraft: Guild > yKxshi joined. 
12:29:11.217 INFO  Minecraft: Guild > WitheredRoyal left. 
12:30:06.289 INFO  Minecraft: Guild > SirTappy joined. 
12:30:53.271 INFO  Minecraft: Guild > yKxshi left. 
12:36:02.503 INFO  Minecraft: Guild > [MVP++] DoggosAreGood [M]: why has nobody ever mentioned that aotd does aproximately 4x more damage than spirit sceptre? 
12:36:29.512 INFO  Minecraft: Guild > 4717 left. 
12:37:52.556 INFO  Minecraft: Guild > ranger4josh left. 
12:43:18.211 INFO  Minecraft: Guild > Pizzas_faces joined. 
12:45:29.285 INFO  Minecraft: Guild > [MVP++] DoggosAreGood [M]: guys 
12:45:41.546 INFO  Minecraft: Guild > [MVP++] DoggosAreGood [M]: im not even a mage but im testing out a build that i will probably use once 
12:45:51.614 INFO  Minecraft: Guild > [MVP++] DoggosAreGood [M]: im going to buy wither goggles for it 
12:45:53.242 INFO  Minecraft: Guild > [MVP++] DoggosAreGood [M]: rip 5m 
12:53:13.801 INFO  Minecraft: Guild > Pizzas_faces left. 
12:53:17.003 INFO  Minecraft: Guild > [MVP++] SnowedSeal [LS]: e 
12:53:17.808 INFO  Minecraft: Guild > Pizzas_faces joined. 
12:53:18.887 INFO  Minecraft: Guild > [MVP++] SnowedSeal [LS]: !lurk 
12:53:19.207 INFO  Minecraft: Guild > Minikloons [LS]: SnowedSeal may not respond because thay are lurking (AFK). 
12:54:02.797 INFO  Minecraft: Guild > Micah_W joined. 
12:58:31.356 INFO  Minecraft: Guild > SnowedSeal left. 
13:09:28.890 INFO  Minecraft: Guild > [MVP++] DoggosAreGood [M]: anyone wanna play f4? 
13:11:36.279 INFO  Minecraft: Guild > Pizzas_faces left. 
13:15:31.603 INFO  Minecraft: Guild > clonzy joined. 
13:18:35.969 INFO  Minecraft: Guild > DeformedSeal joined. 
13:20:21.146 INFO  Minecraft: Guild > DeformedSeal left. 
13:43:19.117 INFO  Minecraft: Guild > SirTappy left. 
13:43:41.302 INFO  Minecraft: Guild > friendly_rook joined. 
13:43:57.126 INFO  Minecraft: Guild > DoggosAreGood left. 
13:48:17.670 INFO  Minecraft: Guild > SirTappy joined. 
14:00:11.154 INFO  Minecraft:  
14:00:11.187 INFO  Minecraft: [WATCHDOG ANNOUNCEMENT] 
14:00:11.188 INFO  Minecraft: Watchdog has banned 28,185 players in the last 7 days. 
14:00:11.191 INFO  Minecraft: Staff have banned an additional 17,816 in the last 7 days. 
14:00:11.192 INFO  Minecraft: Blacklisted modifications are a bannable offense! 
14:00:11.194 INFO  Minecraft:  
14:19:36.932 INFO  Minecraft: [SkyBlock] [VIP] friendly_rook is visiting Your Island! 
14:35:43.929 INFO  Minecraft: Guild > ShredderSeal joined. 
14:35:52.951 INFO  Minecraft: Guild > [VIP] ShredderSeal [M]: HENLO! 
14:35:57.264 INFO  Minecraft: Guild > [VIP] ShredderSeal [M]: IM BACK BOIS 
14:38:01.751 INFO  Minecraft: Guild > [VIP] ShredderSeal [M]: should i quit mining again? 
14:38:30.126 INFO  Minecraft: Guild > [VIP] ShredderSeal [M]: ok im quitting mining after daily com 
14:41:12.462 INFO  Minecraft: Guild > gogyxdash left. 
14:42:06.866 INFO  Minecraft: Guild > gogyxdash joined. 
14:58:05.159 INFO  Minecraft: Guild > SirTappy left. 
15:04:45.433 INFO  Minecraft: Guild > [VIP] ShredderSeal [M]: Selling my mining setp 
15:04:50.544 INFO  Minecraft: Guild > [VIP] ShredderSeal [M]: in my ah 
15:13:02.935 INFO  Minecraft: Guild > OwOPingu left. 
15:16:39.068 INFO  Minecraft: Guild > OwOPingu joined. 
15:24:52.561 INFO  Minecraft: Guild > [VIP] ShredderSeal [M]: ncie 
15:24:53.458 INFO  Minecraft: Guild > [VIP] ShredderSeal [M]: nice 
15:24:58.530 INFO  Minecraft: Guild > [VIP+] OwOPingu [F]: i agree 
15:25:01.406 INFO  Minecraft: Guild > [VIP] ShredderSeal [M]: i didnt expect 15mill profit 
15:25:07.535 INFO  Minecraft: Guild > [VIP] ShredderSeal [M]: from mining gear 
15:25:13.419 INFO  Minecraft: Guild > [VIP] ShredderSeal [M]: stonks 
15:25:22.560 INFO  Minecraft: Guild > [VIP+] OwOPingu [F]: stonks meanmwhile i lose 9 mil :D 
15:25:26.365 INFO  Minecraft: Guild > [VIP] ShredderSeal [M]: mithril golem left 
15:25:31.269 INFO  Minecraft: Guild > [VIP] ShredderSeal [M]: gg 
15:25:34.202 INFO  Minecraft: Guild > [VIP] ShredderSeal [M]: i wanna do f7 
15:25:39.193 INFO  Minecraft: Guild > [VIP+] OwOPingu [F]: nah i dont got the gear 
15:25:40.264 INFO  Minecraft: Guild > [VIP] ShredderSeal [M]: should i?? 
15:25:46.611 INFO  Minecraft: Guild > [VIP] ShredderSeal [M]: i have 20m 
15:25:49.339 INFO  Minecraft: Guild > [VIP] ShredderSeal [M]: rn 
15:25:52.400 INFO  Minecraft: Guild > [VIP+] OwOPingu [F]: mhm 
15:25:59.653 INFO  Minecraft: Guild > [VIP] ShredderSeal [M]: coz i need to get tank lvl up 
15:26:09.479 INFO  Minecraft: Guild > [VIP] ShredderSeal [M]: im cata 30 but frikin tank 22 
15:26:24.538 INFO  Minecraft: Guild > [VIP+] OwOPingu [F]: tbh that doesnt really matter unless you gonna play tank 
15:26:33.397 INFO  Minecraft: Guild > [VIP] ShredderSeal [M]: i am playing tnak 
15:26:34.562 INFO  Minecraft: Guild > [VIP] ShredderSeal [M]: tank 
15:26:46.499 INFO  Minecraft: Guild > [VIP+] OwOPingu [F]: oo then you better get your tank level up 
15:26:54.340 INFO  Minecraft: Guild > [VIP] Micah_W [M]: I play tank its fun 
15:26:57.343 INFO  Minecraft: Guild > [VIP+] OwOPingu [F]: just say im cata 30 to the party 
15:27:18.318 INFO  Minecraft: Guild > [VIP+] OwOPingu [F]: they shouldnt really care too much especially cause its tank 
15:28:06.431 INFO  Minecraft: Guild > [VIP] ShredderSeal [M]: i have 2/4 goldor mythic reaper mask, t12 5 starred perfect boots, cata 30, aots and leg blue whale, all armor mythic except chestplate 
15:28:12.367 INFO  Minecraft: Guild > BamBoozledMC joined. 
15:28:39.741 INFO  Minecraft: Guild > [VIP+] OwOPingu [F]: you should get your cp 5 star 
15:35:15.972 INFO  Minecraft: Guild > [VIP] ShredderSeal [M]: ye 
15:35:57.182 INFO  Minecraft: Guild > [VIP] ShredderSeal [M]: how tf did thirty have so much health 
15:36:09.268 INFO  Minecraft: Guild > [VIP+] OwOPingu [F]: on what? 
15:44:15.718 INFO  Minecraft: Guild > [VIP] ShredderSeal [M]: he has 4k hp outside dung 
15:44:22.377 INFO  Minecraft: Guild > [VIP] ShredderSeal [M]: 1.5k def 
15:44:27.356 INFO  Minecraft: Guild > [VIP+] OwOPingu [F]: using what? 
15:44:33.375 INFO  Minecraft: Guild > [VIP] ShredderSeal [M]: NECRON 
15:44:38.448 INFO  Minecraft: Guild > [VIP] ShredderSeal [M]: im literally using tank set 
15:44:43.720 INFO  Minecraft: Guild > [VIP] ShredderSeal [M]: and have lower 
15:59:00.014 INFO  Minecraft: [Important] This server will restart soon: Scheduled Reboot 
15:59:00.058 INFO  Minecraft: You have 60 seconds to warp out! CLICK to warp now! 
15:59:32.295 INFO  Minecraft: Guild > [VIP] ShredderSeal [M]: a frik i messed up 
15:59:43.232 INFO  Minecraft: Guild > [VIP] ShredderSeal [M]: my keybind 
15:59:58.071 INFO  Minecraft: Evacuating to Hub... 
15:59:58.091 INFO  Minecraft: Sending to server mini3P... 
15:59:58.109 INFO  Logged in. 
15:59:59.632 INFO  Minecraft:         
16:00:03.110 INFO  Sending to skyblock. 
16:00:06.736 INFO  Minecraft: You are playing on profile: Zucchini (Co-op) 
16:00:08.128 INFO  Minecraft: ALLOWANCE! You earned 50,000 coins! 
16:00:08.822 INFO  Minecraft: You are already playing SkyBlock! 
16:00:12.342 INFO  Minecraft: Warping you to your SkyBlock island... 
16:00:12.411 INFO  Minecraft: Sending to server mini737J... 
16:00:12.420 INFO  Logged in. 
16:00:14.368 INFO  Minecraft:         
16:00:17.529 INFO  Sending to skyblock. 
16:00:21.152 INFO  Minecraft:  
16:00:21.157 INFO  Minecraft: [WATCHDOG ANNOUNCEMENT] 
16:00:21.160 INFO  Minecraft: Watchdog has banned 28,214 players in the last 7 days. 
16:00:21.162 INFO  Minecraft: Staff have banned an additional 17,789 in the last 7 days. 
16:00:21.164 INFO  Minecraft: Blacklisted modifications are a bannable offense! 
16:00:21.166 INFO  Minecraft:  
16:00:22.317 INFO  Minecraft: You are playing on profile: Zucchini (Co-op) 
16:00:25.874 INFO  Minecraft: You are already playing SkyBlock! 
16:00:38.965 INFO  Minecraft: You're already sitting on this island! 
16:02:11.647 INFO  Minecraft: Friend > R4M11_KN0 joined. 
16:04:04.102 INFO  Minecraft: Friend > R4M11_KN0 left. 
16:04:09.924 INFO  Minecraft: Guild > [VIP] ShredderSeal [M]: guys 
16:04:14.773 INFO  Minecraft: Guild > [VIP] ShredderSeal [M]: bell worth? 
16:09:21.896 INFO  Minecraft: Friend > R4M11_KN0 joined. 
16:12:53.353 INFO  Minecraft: Guild > Micah_W left. 
16:14:52.313 INFO  Minecraft: Guild > [VIP] ShredderSeal [M]: i killed a 1mill ench book and replaced it with a 700k ones 
16:17:09.087 INFO  Minecraft: Guild > [VIP] ShredderSeal [M]: holy mana steal op 
16:18:35.085 INFO  Minecraft: Friend > R4M11_KN0 left. 
16:21:47.205 INFO  Minecraft: Friend > R4M11_KN0 joined. 
16:24:10.647 INFO  Minecraft: Guild > BamBoozledMC left. 
16:26:01.652 INFO  Minecraft: Guild > BamBoozledMC joined. 
16:28:35.926 INFO  Minecraft: Guild > BamBoozledMC left. 
16:30:46.539 INFO  Minecraft: Guild > ShredderSeal left. 
16:32:21.513 INFO  Minecraft: Guild > BamBoozledMC joined. 
16:55:09.236 INFO  Minecraft: Guild > OwOPingu left. 
17:08:59.663 INFO  Minecraft: Guild > YoMadaEatingRice joined. 
17:17:08.704 INFO  Logging in. 
17:17:11.578 INFO  Discord: Logged in. 
17:17:12.956 INFO  Logged in. 
17:17:13.253 INFO  Minecraft:                                       
17:17:13.290 INFO  Minecraft:                           
17:17:13.681 INFO  Minecraft: You found a ✰✰✰✰✰ Mystery Box! 
17:17:14.191 INFO  Minecraft: You have 1 unclaimed achievement reward! 
17:17:14.195 INFO  Minecraft: Click here to view it! 
17:17:14.224 INFO  Minecraft: ----------------------------------------------------- 
17:17:14.227 INFO  Minecraft: Requirements are Skill Avg 23, Cata 23, and 170m net, along 
17:17:14.229 INFO  Minecraft: with 85k gexp a week! Make sure to have fun and contact 
17:17:14.231 INFO  Minecraft: OwOSeal or Smol if you have something to report, or something else to say! 
17:17:14.236 INFO  Minecraft: ----------------------------------------------------- 
17:17:16.600 INFO  Minecraft:   ➤ You have reached your Hype limit! Add Hype to Prototype Lobby minigames by right-clicking with the Hype Diamond! 
17:17:17.964 INFO  Sending to skyblock. 
17:17:18.397 INFO  Minecraft: Sending to server mini661N... 
17:17:18.555 INFO  Logged in. 
17:17:18.879 INFO  Minecraft:         
17:17:22.429 INFO  Minecraft: You are playing on profile: Zucchini (Co-op) 
17:17:22.580 INFO  Minecraft:  
17:17:22.584 INFO  Minecraft: Welcome to Hypixel SkyBlock! 
17:17:23.268 INFO  Minecraft: You're already sitting on this island! 
17:17:23.559 INFO  Sending to skyblock. 
17:17:23.810 INFO  Minecraft: Cannot join SkyBlock for a moment! (Queue join in cooldown) 
17:17:28.872 INFO  Minecraft: You're already sitting on this island! 
17:29:31.669 INFO  Minecraft: Guild > coozky joined. 
17:39:38.688 INFO  Minecraft: Guild > coozky left. 
18:00:13.109 INFO  Minecraft:  
18:00:13.151 INFO  Minecraft: [WATCHDOG ANNOUNCEMENT] 
18:00:13.156 INFO  Minecraft: Watchdog has banned 28,271 players in the last 7 days. 
18:00:13.160 INFO  Minecraft: Staff have banned an additional 17,756 in the last 7 days. 
18:00:13.164 INFO  Minecraft: Blacklisted modifications are a bannable offense! 
18:00:13.166 INFO  Minecraft:  
18:39:19.932 INFO  Minecraft: Guild > clonzy left. 
19:00:32.810 INFO  Minecraft: -----------------------------------------------------
[MVP+] necroticdogg has requested to join the Guild!
Click here to accept or type /guild accept necroticdogg!
-----------------------------------------------------
 
19:03:35.464 INFO  Minecraft: Officer > Minikloons [LS]: necroticdogg's Application was accepted and requested to join the guild. 
19:03:36.408 INFO  Minecraft: ----------------------------------------------------- 
19:03:36.412 INFO  Minecraft: You invited [MVP+] necroticdogg to your guild. They have 5 minutes to accept. 
19:03:36.414 INFO  Minecraft: ----------------------------------------------------- 
19:03:38.762 INFO  Minecraft: ----------------------------------------------------- 
19:03:38.766 INFO  Minecraft: [MVP+] necroticdogg joined the guild! 
19:03:38.768 INFO  Minecraft: ----------------------------------------------------- 
19:03:39.010 INFO  Minecraft: Guild > Minikloons [LS]: Welcome to Cold Lands necroticdogg! We hope you enjoy your time here. 
19:03:44.823 INFO  Minecraft: Guild > [MVP+] necroticdogg [M]: am back baby 
19:03:57.041 INFO  Minecraft: Guild > [MVP+] necroticdogg [M]: bam 
19:04:04.822 INFO  Minecraft: Guild > [MVP+] necroticdogg [M]: wanna run some dungeons 
19:09:35.669 INFO  Minecraft: ----------------------------- 
19:09:35.677 INFO  Minecraft: Minikloons invited [VIP] Permafreux to the party! They have 60 seconds to accept. 
19:09:35.679 INFO  Minecraft: ----------------------------- 
19:10:35.718 INFO  Minecraft: ----------------------------- 
19:10:35.723 INFO  Minecraft: The party invite to [VIP] Permafreux has expired 
19:10:35.724 INFO  Minecraft: ----------------------------- 
19:11:09.133 INFO  Minecraft: ----------------------------- 
19:11:09.140 INFO  Minecraft: Minikloons invited [VIP] Permafreux to the party! They have 60 seconds to accept. 
19:11:09.156 INFO  Minecraft: ----------------------------- 
19:12:09.160 INFO  Minecraft: ----------------------------- 
19:12:09.166 INFO  Minecraft: The party invite to [VIP] Permafreux has expired 
19:12:09.167 INFO  Minecraft: ----------------------------- 
19:12:25.147 INFO  Minecraft: ----------------------------- 
19:12:25.157 INFO  Minecraft: Minikloons invited [VIP] Permafreux to the party! They have 60 seconds to accept. 
19:12:25.159 INFO  Minecraft: ----------------------------- 
19:13:25.159 INFO  Minecraft: ----------------------------- 
19:13:25.165 INFO  Minecraft: The party invite to [VIP] Permafreux has expired 
19:13:25.167 INFO  Minecraft: ----------------------------- 
19:13:27.031 INFO  Minecraft: ----------------------------- 
19:13:27.052 INFO  Minecraft: Minikloons invited [VIP] Permafreux to the party! They have 60 seconds to accept. 
19:13:27.054 INFO  Minecraft: ----------------------------- 
19:13:29.854 INFO  Minecraft: ----------------------------- 
19:13:29.858 INFO  Minecraft: [VIP] Permafreux joined the party. 
19:13:29.860 INFO  Minecraft: ----------------------------- 
19:13:32.830 INFO  Minecraft: Party > [VIP] Permafreux: what 
19:13:34.203 INFO  Minecraft: Party > [VIP] Permafreux: do you want 
19:13:34.721 INFO  Minecraft: Party > Minikloons: u planning on giving my build back anytime or u just gonna ban us from building and ignore me so i cant contact you 
19:13:49.422 INFO  Minecraft: Party > [VIP] Permafreux: i dont 
19:13:51.801 INFO  Minecraft: ----------------------------- 
19:13:51.805 INFO  Minecraft: [VIP] Permafreux has left the party. 
19:13:51.807 INFO  Minecraft: ----------------------------- 
19:13:51.819 INFO  Minecraft: ----------------------------- 
19:13:51.822 INFO  Minecraft: The party was disbanded because all invites expired and the party was empty 
19:13:51.823 INFO  Minecraft: ----------------------------- 
19:14:40.425 INFO  Minecraft: ----------------------------- 
19:14:40.435 INFO  Minecraft: Minikloons invited [VIP] Permafreux to the party! They have 60 seconds to accept. 
19:14:40.437 INFO  Minecraft: ----------------------------- 
19:14:44.866 INFO  Minecraft: ----------------------------- 
19:14:44.869 INFO  Minecraft: [VIP] Permafreux joined the party. 
19:14:44.871 INFO  Minecraft: ----------------------------- 
19:14:47.778 INFO  Minecraft: Party > [VIP] Permafreux: can you not 
19:14:47.918 INFO  Minecraft: Party > Minikloons: idk what to say about u i have no wirds, but your the worst staff member of a housing i've met 
19:14:51.992 INFO  Minecraft: Party > [VIP] Permafreux: ah okay 
19:14:54.355 INFO  Minecraft: Party > [VIP] Permafreux: cool 
19:14:55.843 INFO  Minecraft: ----------------------------- 
19:14:55.846 INFO  Minecraft: [VIP] Permafreux has left the party. 
19:14:55.851 INFO  Minecraft: ----------------------------- 
19:14:55.853 INFO  Minecraft: ----------------------------- 
19:14:55.856 INFO  Minecraft: The party was disbanded because all invites expired and the party was empty 
19:14:55.857 INFO  Minecraft: ----------------------------- 
19:15:56.109 INFO  Minecraft: ----------------------------- 
19:15:56.115 INFO  Minecraft: Minikloons invited [VIP] Permafreux to the party! They have 60 seconds to accept. 
19:15:56.117 INFO  Minecraft: ----------------------------- 
19:16:24.294 INFO  Minecraft: ----------------------------- 
19:16:24.298 INFO  Minecraft: [VIP] Permafreux joined the party. 
19:16:24.302 INFO  Minecraft: ----------------------------- 
19:16:26.300 INFO  Minecraft: Party > Minikloons: can u please unmute me like i dont want to have to go to this extent.. I wont be rude.. BamBoozledMC 
19:16:36.063 INFO  Minecraft: Party > [VIP] Permafreux: okay i want you to 
19:16:37.731 INFO  Minecraft: Party > [VIP] Permafreux: apologize 
19:16:40.172 INFO  Minecraft: Party > [VIP] Permafreux: apologise 
19:16:45.040 INFO  Minecraft: Party > Minikloons: here? 
19:16:48.447 INFO  Minecraft: Party > [VIP] Permafreux: yes 
19:16:58.103 INFO  Minecraft: Party > Minikloons: Sorry for being annoying and rude 
19:17:01.758 INFO  Minecraft: Party > [VIP] Permafreux: okay great 
19:17:03.773 INFO  Minecraft: Party > [VIP] Permafreux: thats all i need 
19:17:08.809 INFO  Minecraft: Party > [VIP] Permafreux: okay great BamBoozledMC 
19:17:10.857 INFO  Minecraft: Party > [VIP] Permafreux: okay great BamBoozledMC 
19:17:13.038 INFO  Minecraft: Party > [VIP] Permafreux: fuck 
19:17:13.467 INFO  Minecraft: Party > [VIP] Permafreux: wait 
19:17:15.330 INFO  Minecraft: Party > [VIP] Permafreux: i meant to tp 
19:17:16.377 INFO  Minecraft: Party > [VIP] Permafreux: not say 
19:17:18.259 INFO  Minecraft: Party > [VIP] Permafreux: okay great 
19:17:21.558 INFO  Minecraft: Party > [VIP] Permafreux: like 5 times 
19:17:28.863 INFO  Minecraft: Party > [VIP] Permafreux: i was like "Why arent i tping to him" 
19:17:43.286 INFO  Minecraft: Party > Minikloons: im at spawn 
19:17:49.463 INFO  Minecraft: Party > [VIP] Permafreux: found you 
19:18:06.552 INFO  Minecraft: Party > [VIP] Permafreux: say hi on your main 
19:18:21.939 INFO  Minecraft: Party > Minikloons: 1 step ahead 
19:18:42.375 INFO  Minecraft: Unknown command. Type "/help" for help. 
19:18:51.872 INFO  Minecraft: Party > Minikloons: can i leave the party now? 
19:19:01.332 INFO  Minecraft: Party > [VIP] Permafreux: nahh ill do it 
19:19:02.680 INFO  Minecraft: ----------------------------- 
19:19:02.686 INFO  Minecraft: [VIP] Permafreux has left the party. 
19:19:02.688 INFO  Minecraft: ----------------------------- 
19:19:02.690 INFO  Minecraft: ----------------------------- 
19:19:02.693 INFO  Minecraft: The party was disbanded because all invites expired and the party was empty 
19:19:02.694 INFO  Minecraft: ----------------------------- 
19:19:10.038 INFO  Minecraft: ----------------------------- 
19:19:10.042 INFO  Minecraft: You are not in a party. 
19:19:10.044 INFO  Minecraft: ----------------------------- 
19:48:37.279 INFO  Minecraft: Guild > BamBoozledMC left. 
20:00:13.295 INFO  Minecraft:  
20:00:13.303 INFO  Minecraft: [WATCHDOG ANNOUNCEMENT] 
20:00:13.305 INFO  Minecraft: Watchdog has banned 28,321 players in the last 7 days. 
20:00:13.307 INFO  Minecraft: Staff have banned an additional 17,773 in the last 7 days. 
20:00:13.308 INFO  Minecraft: Blacklisted modifications are a bannable offense! 
20:00:13.310 INFO  Minecraft:  
20:03:32.507 INFO  Minecraft: Guild > UnknowAccount joined. 
20:18:41.512 INFO  Minecraft: Friend > R4M11_KN0 left. 
20:18:55.439 INFO  Minecraft: Friend > R4M11_KN0 joined. 
20:18:57.452 INFO  Minecraft: Friend > R4M11_KN0 left. 
20:19:01.581 INFO  Minecraft: Friend > R4M11_KN0 joined. 
20:19:18.557 INFO  Minecraft: Friend > R4M11_KN0 left. 
20:19:22.530 INFO  Minecraft: Friend > R4M11_KN0 joined. 
20:35:00.647 INFO  Minecraft: SPOOKY FESTIVAL The event starts in 3 days! 
20:35:00.652 INFO  Minecraft: SPOOKY FESTIVAL the Fear Mongerer has arrived in the hub! 
20:40:18.500 INFO  Minecraft: Guild > UnknowAccount left. 
20:53:15.437 INFO  Minecraft: Guild > Hercules_RB joined. 
20:55:00.527 INFO  Minecraft: SPOOKY FESTIVAL The event starts in 2 days! 
21:12:54.898 INFO  Minecraft: Guild > [VIP] friendly_rook [M]: someone got coop scam 
21:14:50.118 INFO  Minecraft: Friend > R4M11_KN0 left. 
21:15:00.287 INFO  Minecraft: SPOOKY FESTIVAL The event starts in 1 day! 
21:18:18.539 INFO  Minecraft: Friend > R4M11_KN0 joined. 
21:30:30.566 INFO  Minecraft: ----------------------------------------------------- 
21:30:30.618 INFO  Minecraft: [MVP+] necroticdogg left the guild! 
21:30:30.622 INFO  Minecraft: ----------------------------------------------------- 
21:30:30.860 INFO  Minecraft: Guild > Minikloons [LS]: We are sorry you had to leave, necroticdogg 
21:30:35.553 INFO  Minecraft: Guild > [VIP] friendly_rook [M]: oh 
21:37:24.853 INFO  Minecraft: [Important] This server will restart soon: Scheduled Reboot 
21:37:24.860 INFO  Minecraft: You have 60 seconds to warp out! CLICK to warp now! 
21:38:22.932 INFO  Minecraft: Evacuating to Hub... 
21:38:22.996 INFO  Minecraft: Sending to server mini524D... 
21:38:23.104 INFO  Logged in. 
21:38:23.552 INFO  Minecraft:         
21:38:28.107 INFO  Sending to skyblock. 
21:38:28.643 INFO  Minecraft: You are playing on profile: Zucchini (Co-op) 
21:38:29.507 INFO  Minecraft: You are already playing SkyBlock! 
21:38:33.441 INFO  Minecraft: Warping you to your SkyBlock island... 
21:38:33.693 INFO  Minecraft: Sending to server mini836M... 
21:38:33.801 INFO  Logged in. 
21:38:34.092 INFO  Minecraft:         
21:38:37.351 INFO  Minecraft: You are playing on profile: Zucchini (Co-op) 
21:38:38.808 INFO  Sending to skyblock. 
21:38:39.063 INFO  Minecraft: You are already playing SkyBlock! 
21:38:44.093 INFO  Minecraft: You're already sitting on this island! 
22:00:13.503 INFO  Minecraft:  
22:00:13.522 INFO  Minecraft: [WATCHDOG ANNOUNCEMENT] 
22:00:13.525 INFO  Minecraft: Watchdog has banned 28,595 players in the last 7 days. 
22:00:13.526 INFO  Minecraft: Staff have banned an additional 17,773 in the last 7 days. 
22:00:13.528 INFO  Minecraft: Blacklisted modifications are a bannable offense! 
22:00:13.530 INFO  Minecraft:  
22:05:04.896 INFO  Minecraft: SPOOKY FESTIVAL A Bat Piñata has appeared! It's dropping candies! 
22:11:17.901 INFO  Minecraft: Guild > FabledLivid joined. 
22:11:52.298 INFO  Minecraft: Guild > [VIP] FabledLivid [M]: ffs 
22:11:55.669 INFO  Minecraft: Guild > OLYforever joined. 
22:13:30.762 INFO  Minecraft: Guild > FabledLivid left. 
22:18:30.847 INFO  Minecraft: Friend > R4M11_KN0 left. 
22:22:48.831 INFO  Minecraft: Friend > R4M11_KN0 joined. 
22:26:06.730 INFO  Minecraft: SPOOKY FESTIVAL A Bat Piñata has appeared! It's dropping candies! 
22:26:11.955 INFO  Minecraft: SPOOKY FESTIVAL You found a piece of Candy! Candy drops from mobs during the event and can be traded with the Fear Mongerer in the Village for cool items. Reach the top of the Candy leaderboards to win even rarer items! 
22:40:19.696 INFO  Minecraft: Friend > R4M11_KN0 joined. 
22:40:20.680 INFO  Minecraft: Friend > R4M11_KN0 left. 
22:40:20.892 INFO  Minecraft: Friend > R4M11_KN0 left. 
22:40:22.694 INFO  Minecraft: Friend > R4M11_KN0 joined. 
22:40:46.075 INFO  Minecraft: Guild > friendly_rook left. 
22:47:05.252 INFO  Minecraft: Guild > Za1bot joined. 
22:49:20.993 INFO  Minecraft: Guild > FabledLivid joined. 
22:51:14.458 INFO  Minecraft: Guild > Za1bot left. 
22:56:52.656 INFO  Minecraft: Guild > FabledLivid left. 
22:58:22.515 INFO  Minecraft: Guild > [VIP+] OLYforever [M]: cata 25 pog 
23:04:19.923 INFO  Minecraft: Guild > Hercules_RB left. 
23:04:26.805 INFO  Minecraft: Guild > Hercules_RB joined. 
23:08:53.357 INFO  Minecraft: Guild > friendly_rook joined. 
23:15:47.635 INFO  Minecraft: Guild > Redbeam747 joined. 
23:16:00.059 INFO  Minecraft: Guild > [VIP] Redbeam747 [M]: rook 
23:16:05.233 INFO  Minecraft: Guild > [VIP] Redbeam747 [M]: you here mate? 
23:16:34.934 INFO  Minecraft: Guild > [VIP] Redbeam747 [M]: ? 
23:17:36.662 INFO  Minecraft: Guild > [VIP] Redbeam747 [M]: i have the golden necron head 
23:17:38.297 INFO  Minecraft: Guild > [VIP] Redbeam747 [M]: rook 
23:17:41.955 INFO  Minecraft: Guild > [VIP] Redbeam747 [M]: you here? 
23:18:47.458 INFO  Minecraft: Guild > [VIP] Redbeam747 [M]: ????? 
23:19:49.678 INFO  Minecraft: Guild > Redbeam747 left. 
23:23:10.353 INFO  Minecraft: Guild > OLYforever left. 
23:28:39.655 INFO  Minecraft: Guild > FabledLivid joined. 
23:30:41.022 INFO  Minecraft: Guild > FabledLivid left. 
23:34:29.431 INFO  Minecraft: Guild > TimothyPlays57 joined. 
23:42:47.486 INFO  Minecraft: Friend > R4M11_KN0 left. 
23:47:23.459 INFO  Minecraft: Friend > R4M11_KN0 joined. 
23:50:14.223 INFO  Minecraft: Guild > FabledLivid joined. 
23:51:17.642 INFO  Minecraft: Guild > TimothyPlays57 left. 
23:51:50.509 INFO  Minecraft: Guild > FabledLivid left. 
23:52:22.677 INFO  Minecraft: Guild > FabledLivid joined. 
23:53:22.998 INFO  Minecraft: Guild > FabledLivid left. 
23:59:16.475 INFO  Discord: [💬→︱guild-chat] Member | Fabled Livid: meanwhile im in class 
23:59:16.828 INFO  Minecraft: Guild > Minikloons [LS]: Member| Fabled Livid» meanwhile im in class 

