00:01:51.871 INFO  Minecraft: Guild > FabledLivid joined. 
00:05:14.085 INFO  Minecraft: Guild > FabledLivid left. 
00:21:26.238 INFO  Minecraft: Guild > boxed_cat left. 
00:23:26.891 INFO  Minecraft: Guild > boxed_cat joined. 
00:33:39.943 INFO  Minecraft: Guild > OwOPingu joined. 
00:46:35.858 INFO  Minecraft: Guild > 4717 joined. 
01:01:48.944 INFO  Discord: [锔guild-chat] Gura's Shrimp: SONO CHI NO SADAME 
01:01:49.488 INFO  Minecraft: Guild > Minikloons [LS]: Gura'sShrimp禄 SONO CHI NO SADAME 
01:01:57.746 INFO  Discord: [锔guild-chat] Gura's Shrimp: JOJOOOOOOOOOOOOOOOOOOOOOOOOOOO 
01:01:58.086 INFO  Minecraft: Guild > Minikloons [LS]: Gura'sShrimp禄 JOJOOOOOOOOOOOOOOOOOOOOOOOOOOO 
01:02:13.561 INFO  Minecraft: Guild > [VIP] boxed_cat [M]: lmao im listening to a piano arrangement of traitors requiem rn 
01:03:29.312 INFO  Minecraft: Guild > [VIP] 4717 [M]: whats a good pet for a f6 archer 
01:03:36.223 INFO  Discord: [锔guild-chat] Gura's Shrimp: yeti 
01:03:36.586 INFO  Minecraft: Guild > Minikloons [LS]: Gura'sShrimp禄 yeti 
01:03:37.514 INFO  Discord: [锔guild-chat] Gura's Shrimp: ;-; 
01:03:37.855 INFO  Minecraft: Guild > Minikloons [LS]: Gura'sShrimp禄 ;-; 
01:03:42.498 INFO  Minecraft: Guild > [VIP] 4717 [M]: ok thx 
01:03:44.546 INFO  Discord: [锔guild-chat] Gura's Shrimp: dont ask why but 
01:03:44.874 INFO  Minecraft: Guild > Minikloons [LS]: Gura'sShrimp禄 dont ask why but 
01:04:09.308 INFO  Discord: [锔guild-chat] Gura's Shrimp: watch the last few seconds of the opening is so addicting 
01:04:10.147 INFO  Minecraft: Guild > Minikloons [LS]: Gura'sShrimp禄 watch the last few seconds of the opening is so addicting 
01:05:06.211 INFO  Minecraft: Guild > 4717 left. 
01:05:19.269 INFO  Minecraft: Guild > FabledLivid joined. 
01:07:07.631 INFO  Minecraft: Guild > FabledLivid left. 
01:09:59.218 INFO  Minecraft: Guild > 4717 joined. 
01:22:30.872 INFO  Minecraft: Guild > [VIP] boxed_cat [M]: GIANTS SWORD POG 
01:26:11.629 INFO  Minecraft: Guild > Za1bot joined. 
01:29:07.729 INFO  Minecraft: Guild > [VIP] boxed_cat [M]: whats the best reforge for gsword 
01:29:11.799 INFO  Minecraft: Guild > FabledLivid joined. 
01:32:59.368 INFO  Minecraft: Guild > i_will_bid_lbin joined. 
01:33:12.567 INFO  Minecraft: Guild > 4717 left. 
01:33:44.464 INFO  Minecraft: Guild > UnknowAccount left. 
01:35:03.204 INFO  Minecraft: Guild > Za1bot left. 
01:35:44.286 INFO  Minecraft: Guild > 4717 joined. 
01:36:39.962 INFO  Minecraft: Guild > i_will_bid_lbin left. 
01:43:28.577 INFO  Minecraft: Guild > Za1bot joined. 
01:55:06.414 INFO  Minecraft: Guild > [VIP] boxed_cat [M]: got a hype pog 
01:55:11.356 INFO  Minecraft: Guild > [VIP] FabledLivid [M]: niceee 
02:00:19.803 INFO  Minecraft:  
02:00:19.812 INFO  Minecraft: [WATCHDOG ANNOUNCEMENT] 
02:00:19.817 INFO  Minecraft: Watchdog has banned 32,458 players in the last 7 days. 
02:00:19.818 INFO  Minecraft: Staff have banned an additional 12,738 in the last 7 days. 
02:00:19.818 INFO  Minecraft: Blacklisted modifications are a bannable offense! 
02:00:19.819 INFO  Minecraft:  
02:02:30.035 INFO  Minecraft: Guild > FabledLivid left. 
02:04:51.718 INFO  Minecraft: [Important] This server will restart soon: Scheduled Reboot 
02:04:51.757 INFO  Minecraft: You have 60 seconds to warp out! CLICK to warp now! 
02:05:50.002 INFO  Minecraft: Evacuating to Hub... 
02:05:50.070 INFO  Minecraft: Sending to server mini158A... 
02:05:50.199 INFO  Logged in. 
02:05:50.939 INFO  Minecraft:         
02:05:55.292 INFO  Sending to skyblock. 
02:05:55.566 INFO  Minecraft: You are playing on profile: Zucchini (Co-op) 
02:05:56.135 INFO  Minecraft: ALLOWANCE! You earned 50,000 coins! 
02:05:56.386 INFO  Minecraft: You are already playing SkyBlock! 
02:06:00.669 INFO  Minecraft: Warping you to your SkyBlock island... 
02:06:00.961 INFO  Minecraft: Sending to server mini599E... 
02:06:01.077 INFO  Logged in. 
02:06:01.455 INFO  Minecraft:         
02:06:04.732 INFO  Minecraft: You are playing on profile: Zucchini (Co-op) 
02:06:06.080 INFO  Sending to skyblock. 
02:06:06.397 INFO  Minecraft: You are already playing SkyBlock! 
02:06:11.432 INFO  Minecraft: You're already sitting on this island! 
02:07:04.169 INFO  Minecraft: Guild > 4717 left. 
02:07:44.115 INFO  Minecraft: Guild > Za1bot left. 
02:09:51.651 INFO  Minecraft: Guild > boxed_cat left. 
02:14:44.220 INFO  Minecraft: Guild > UnknowAccount joined. 
02:45:50.382 INFO  Discord: [锔guild-chat] LS | SnowedSeal: do yes 
02:45:50.716 INFO  Minecraft: Guild > Minikloons [LS]: LS| SnowedSeal禄 do yes 
02:48:09.124 INFO  Minecraft: Guild > Za1bot joined. 
02:48:42.230 INFO  Discord: [锔guild-chat] LS | SnowedSeal: :D 
02:48:42.542 INFO  Minecraft: Guild > Minikloons [LS]: LS| SnowedSeal禄 :D 
02:48:43.836 INFO  Discord: [锔guild-chat] LS | SnowedSeal: henlo za1 
02:48:44.165 INFO  Minecraft: Guild > Minikloons [LS]: LS| SnowedSeal禄 henlo za1 
02:55:41.292 INFO  Minecraft: Guild > boxed_cat joined. 
03:08:24.906 INFO  Minecraft: Guild > nicemoney joined. 
03:09:25.047 INFO  Minecraft: Guild > [MVP+] nicemoney [M]: wtf 
03:09:27.355 INFO  Minecraft: Guild > [MVP+] nicemoney [M]: wc 
03:09:36.705 INFO  Minecraft: Guild > [MVP+] nicemoney [M]: hlep 
03:09:48.121 INFO  Minecraft: Guild > [VIP+] OwOPingu [F]: hlep 
03:09:53.413 INFO  Minecraft: Guild > [VIP] boxed_cat [M]: wat 
03:10:00.688 INFO  Minecraft: Guild > [VIP+] OwOPingu [F]: hlep hlep 
03:10:09.212 INFO  Minecraft: Guild > [VIP] boxed_cat [M]: we all need hlep 
03:10:16.375 INFO  Minecraft: Guild > [VIP+] OwOPingu [F]: ;( 
03:11:44.874 INFO  Minecraft: Guild > nicemoney left. 
03:18:34.028 INFO  Discord: [锔guild-chat] LS | SnowedSeal: right 
03:18:34.667 INFO  Minecraft: Guild > Minikloons [LS]: LS| SnowedSeal禄 right 
03:18:38.762 INFO  Minecraft: Guild > [VIP+] OwOPingu [F]: indeed 
03:18:40.613 INFO  Discord: [锔guild-chat] LS | SnowedSeal: here's a tip 
03:18:40.947 INFO  Minecraft: Guild > Minikloons [LS]: LS| SnowedSeal禄 here's a tip 
03:18:43.289 INFO  Discord: [锔guild-chat] LS | SnowedSeal: in forums 
03:18:43.611 INFO  Minecraft: Guild > Minikloons [LS]: LS| SnowedSeal禄 in forums 
03:18:48.343 INFO  Discord: [锔guild-chat] LS | SnowedSeal: never say "DID I ASK?" 
03:18:48.662 INFO  Minecraft: Guild > Minikloons [LS]: LS| SnowedSeal禄 never say "DID I ASK?" 
03:19:02.889 INFO  Minecraft: Guild > [VIP+] OwOPingu [F]: did you make this mistake or did you see someone else? 
03:19:15.228 INFO  Discord: [锔guild-chat] LS | SnowedSeal: i saw someone else 
03:19:15.740 INFO  Minecraft: Guild > Minikloons [LS]: LS| SnowedSeal禄 i saw someone else 
03:19:20.121 INFO  Minecraft: Guild > [VIP+] OwOPingu [F]: lol 
03:19:42.899 INFO  Discord: [锔guild-chat] LS | SnowedSeal: my internet is shit rn 
03:19:43.294 INFO  Minecraft: Guild > Minikloons [LS]: LS| SnowedSeal禄 my internet is shit rn 
03:19:48.294 INFO  Minecraft: Guild > [VIP+] OwOPingu [F]: that is not good 
03:24:00.144 INFO  Minecraft: Guild > [VIP+] OwOPingu [F]: CAP , chim 5 aotd so much better lol 
03:28:31.603 INFO  Minecraft: Guild > Za1bot left. 
03:34:42.095 INFO  Discord: [锔guild-chat] LS | SnowedSeal: ? 
03:34:42.659 INFO  Minecraft: Guild > Minikloons [LS]: LS| SnowedSeal禄 ? 
03:34:48.031 INFO  Discord: [锔guild-chat] LS | SnowedSeal: pingu did you read my post or something 
03:34:48.354 INFO  Minecraft: Guild > Minikloons [LS]: LS| SnowedSeal禄 pingu did you read my post or something 
03:34:54.966 INFO  Minecraft: Guild > [VIP+] OwOPingu [F]: no i just saw it 
03:35:11.856 INFO  Minecraft: Guild > [VIP+] OwOPingu [F]: i was on forum lol and saw you 
03:35:13.822 INFO  Minecraft: Guild > UnknownShadow124 joined. 
03:37:46.078 INFO  Discord: [锔guild-chat] LS | SnowedSeal: GG 
03:37:46.399 INFO  Minecraft: You cannot say the same message twice! 
03:39:25.072 INFO  Minecraft: Guild > UnknownShadow124 left. 
03:44:32.110 INFO  Discord: [锔guild-chat] LS | SnowedSeal: OWOSEAL IS ONLINE 
03:44:32.556 INFO  Minecraft: Guild > Minikloons [LS]: LS| SnowedSeal禄 OWOSEAL IS ONLINE 
03:44:35.880 INFO  Discord: [锔guild-chat] LS | SnowedSeal: AFTER 53909 DAYS 
03:44:36.409 INFO  Minecraft: Guild > Minikloons [LS]: LS| SnowedSeal禄 AFTER 53909 DAYS 
03:44:36.499 INFO  Minecraft: Guild > [VIP+] OwOPingu [F]: :OOOO 
03:46:52.552 INFO  Minecraft: Guild > UnknowAccount left. 
03:53:41.039 INFO  Minecraft: Guild > UnknownShadow124 joined. 
03:55:18.194 INFO  Minecraft: Guild > UnknownShadow124 left. 
04:00:19.998 INFO  Minecraft:  
04:00:20.009 INFO  Minecraft: [WATCHDOG ANNOUNCEMENT] 
04:00:20.012 INFO  Minecraft: Watchdog has banned 32,324 players in the last 7 days. 
04:00:20.013 INFO  Minecraft: Staff have banned an additional 12,782 in the last 7 days. 
04:00:20.014 INFO  Minecraft: Blacklisted modifications are a bannable offense! 
04:00:20.015 INFO  Minecraft:  
04:07:19.975 INFO  Discord: [锔guild-chat] Admin | TinyHarpSeal: owoseal online discord no wat 
04:07:20.415 INFO  Minecraft: Guild > Minikloons [LS]: Admin| TinyHarpSeal禄 owoseal online discord no wat 
04:07:23.491 INFO  Discord: [锔guild-chat] Admin | TinyHarpSeal: way* 
04:07:23.838 INFO  Minecraft: Guild > Minikloons [LS]: Admin| TinyHarpSeal禄 way* 
04:07:26.164 INFO  Discord: [锔guild-chat] LS | SnowedSeal: :O 
04:07:26.683 INFO  Minecraft: Guild > Minikloons [LS]: LS| SnowedSeal禄 :O 
04:07:27.209 INFO  Discord: [锔guild-chat] LS | SnowedSeal: no way 
04:07:27.578 INFO  Minecraft: Guild > Minikloons [LS]: LS| SnowedSeal禄 no way 
04:12:14.188 INFO  Minecraft: Guild > FabledLivid joined. 
04:12:33.367 INFO  Minecraft: Guild > FabledLivid left. 
04:22:31.293 INFO  Minecraft: Guild > FabledLivid joined. 
04:27:18.004 INFO  Minecraft: Guild > UnknownShadow124 joined. 
04:28:10.227 INFO  Minecraft: Guild > UnknownShadow124 left. 
04:29:09.346 INFO  Minecraft: Guild > UnknownShadow124 joined. 
04:33:29.527 INFO  Minecraft: Guild > UnknowAccount joined. 
04:34:02.539 INFO  Minecraft: Guild > 4717 joined. 
04:36:42.940 INFO  Discord: [锔guild-chat] Gura's Shrimp: does anyone want to make an offer on my necron legs? 
04:36:43.291 INFO  Minecraft: Guild > Minikloons [LS]: Gura'sShrimp禄 does anyone want to make an offer on my necron legs? 
04:37:43.574 INFO  Discord: [锔guild-chat] LS | SnowedSeal: uh 
04:37:43.930 INFO  Minecraft: Guild > Minikloons [LS]: LS| SnowedSeal禄 uh 
04:37:44.795 INFO  Discord: [锔guild-chat] LS | SnowedSeal: legs? 
04:37:45.194 INFO  Minecraft: Guild > Minikloons [LS]: LS| SnowedSeal禄 legs? 
04:37:48.797 INFO  Minecraft: Guild > [VIP] FabledLivid [M]: yeah 
04:37:52.133 INFO  Discord: [锔guild-chat] LS | SnowedSeal: necron doesnt have any legs 
04:37:52.502 INFO  Minecraft: Guild > Minikloons [LS]: LS| SnowedSeal禄 necron doesnt have any legs 
04:37:57.854 INFO  Minecraft: Guild > [VIP+] OwOPingu [F]: D: 
04:38:01.544 INFO  Minecraft: Guild > [VIP] FabledLivid [M]: fumings 5 star ancient wisdom 5 
04:38:04.039 INFO  Minecraft: Guild > [VIP] FabledLivid [M]: OK SNOWE 
04:38:06.282 INFO  Minecraft: Guild > [VIP] FabledLivid [M]: BRUH 
04:38:13.561 INFO  Minecraft: Guild > [VIP] FabledLivid [M]: i sold juju ;-; 
04:38:15.607 INFO  Discord: [锔guild-chat] LS | SnowedSeal: NO 
04:38:15.930 INFO  Minecraft: You cannot say the same message twice! 
04:38:16.632 INFO  Discord: [锔guild-chat] LS | SnowedSeal: BRUH 
04:38:16.951 INFO  Minecraft: Guild > Minikloons [LS]: LS| SnowedSeal禄 BRUH 
04:38:17.709 INFO  Minecraft: Guild > [VIP+] OwOPingu [F]: XD 
04:38:20.905 INFO  Discord: [锔guild-chat] LS | SnowedSeal: get legion 5 
04:38:21.232 INFO  Minecraft: Guild > Minikloons [LS]: LS| SnowedSeal禄 get legion 5 
04:38:22.193 INFO  Minecraft: Guild > [VIP] FabledLivid [M]: shut 
04:38:24.264 INFO  Minecraft: Guild > [VIP] FabledLivid [M]: no 
04:38:49.339 INFO  Minecraft: Guild > [VIP] FabledLivid [M]: ff 
04:39:19.815 INFO  Minecraft: Guild > [VIP] FabledLivid [M]: snowed 
04:39:30.278 INFO  Discord: [锔guild-chat] LS | SnowedSeal: no 
04:39:30.600 INFO  Minecraft: Guild > Minikloons [LS]: LS| SnowedSeal禄 no 
04:39:32.537 INFO  Minecraft: Guild > [VIP] FabledLivid [M]: buy my yeti >:( 
04:39:34.281 INFO  Discord: [锔guild-chat] LS | SnowedSeal: im cata 40 
04:39:34.634 INFO  Minecraft: Guild > Minikloons [LS]: LS| SnowedSeal禄 im cata 40 
04:39:37.281 INFO  Discord: [锔guild-chat] Gura's Shrimp: cap 
04:39:37.606 INFO  Minecraft: Guild > Minikloons [LS]: Gura'sShrimp禄 cap 
04:39:40.021 INFO  Discord: [锔guild-chat] LS | SnowedSeal: fine 
04:39:40.341 INFO  Minecraft: You cannot say the same message twice! 
04:39:41.518 INFO  Discord: [锔guild-chat] LS | SnowedSeal: cata 35 
04:39:41.892 INFO  Minecraft: You cannot say the same message twice! 
04:39:45.670 INFO  Minecraft: Guild > [VIP+] OwOPingu [F]: indeed cap 
04:40:05.999 INFO  Discord: [锔guild-chat] LS | SnowedSeal: bruh 
04:40:06.998 INFO  Minecraft: Guild > Minikloons [LS]: LS| SnowedSeal禄 bruh 
04:40:07.953 INFO  Discord: [锔guild-chat] LS | SnowedSeal: imm cata 35 
04:40:09.064 INFO  Minecraft: You cannot say the same message twice! 
04:41:03.616 INFO  Discord: [锔guild-chat] LS | SnowedSeal: pingu 
04:41:03.956 INFO  Minecraft: Guild > Minikloons [LS]: LS| SnowedSeal禄 pingu 
04:41:05.464 INFO  Discord: [锔guild-chat] LS | SnowedSeal: whats your asl 
04:41:05.985 INFO  Minecraft: Guild > Minikloons [LS]: LS| SnowedSeal禄 whats your asl 
04:41:12.237 INFO  Minecraft: Guild > [VIP+] OwOPingu [F]: 43 
04:41:29.933 INFO  Discord: [锔guild-chat] LS | SnowedSeal: good enough 
04:41:30.255 INFO  Minecraft: Guild > Minikloons [LS]: LS| SnowedSeal禄 good enough 
04:41:52.313 INFO  Minecraft: Guild > [VIP+] OwOPingu [F]: good enough??? 
04:41:54.201 INFO  Minecraft: Guild > [VIP+] OwOPingu [F]: for what 
04:42:12.416 INFO  Discord: [锔guild-chat] LS | SnowedSeal: for uh 
04:42:12.729 INFO  Minecraft: Guild > Minikloons [LS]: LS| SnowedSeal禄 for uh 
04:42:36.714 INFO  Discord: [锔guild-chat] LS | SnowedSeal: yes 
04:42:37.026 INFO  Minecraft: Guild > Minikloons [LS]: LS| SnowedSeal禄 yes 
04:42:41.057 INFO  Minecraft: Guild > [VIP+] OwOPingu [F]: ???w 
04:42:46.665 INFO  Minecraft: Guild > [VIP] FabledLivid [M]: pls buy my ah loool 
04:42:48.739 INFO  Discord: [锔guild-chat] LS | SnowedSeal: k 
04:42:49.053 INFO  Minecraft: Guild > Minikloons [LS]: LS| SnowedSeal禄 k 
04:42:51.126 INFO  Discord: [锔guild-chat] LS | SnowedSeal: i'll buy your ah 
04:42:51.555 INFO  Minecraft: Guild > Minikloons [LS]: LS| SnowedSeal禄 i'll buy your ah 
04:42:56.119 INFO  Minecraft: Guild > [VIP] FabledLivid [M]: ive decided 
04:42:59.161 INFO  Minecraft: Guild > [VIP] FabledLivid [M]: to play tank 
04:43:19.679 INFO  Discord: [锔guild-chat] LS | SnowedSeal: WOT 
04:43:19.999 INFO  Minecraft: Guild > Minikloons [LS]: LS| SnowedSeal禄 WOT 
04:43:32.463 INFO  Minecraft: Guild > [VIP] FabledLivid [M]: ? 
04:43:46.881 INFO  Minecraft: Guild > [VIP+] OwOPingu [F]: tank >:) 
04:44:09.912 INFO  Minecraft: Guild > [VIP+] OwOPingu [F]: buy goldor reaper mask and astreaa!!! 
04:44:15.939 INFO  Minecraft: Guild > [VIP] FabledLivid [M]: IM POOR 
04:44:18.495 INFO  Minecraft: Guild > [VIP] FabledLivid [M]: SHUT 
04:44:22.546 INFO  Minecraft: Guild > [VIP+] OwOPingu [F]: :( 
04:44:36.518 INFO  Minecraft: Guild > [VIP+] OwOPingu [F]: i cri *cri* *cri* *cri* 
04:44:48.298 INFO  Minecraft: Guild > [VIP] FabledLivid [M]: ;-; 
04:44:53.847 INFO  Discord: [锔guild-chat] LS | SnowedSeal: fabled 
04:44:54.367 INFO  Minecraft: Guild > Minikloons [LS]: LS| SnowedSeal禄 fabled 
04:44:54.688 INFO  Minecraft: Guild > [VIP] FabledLivid [M]: i cant afford astraea 
04:44:56.369 INFO  Minecraft: Guild > [VIP] FabledLivid [M]: ? 
04:45:02.854 INFO  Minecraft: Guild > [VIP] FabledLivid [M]: i can only afford reaper mask 
04:45:04.461 INFO  Discord: [锔guild-chat] LS | SnowedSeal: do you want to be my tank? 
04:45:04.841 INFO  Minecraft: Guild > Minikloons [LS]: LS| SnowedSeal禄 do you want to be my tank? 
04:45:06.523 INFO  Minecraft: Guild > [VIP] FabledLivid [M]: and 3/4 goldor 
04:45:07.650 INFO  Minecraft: Guild > [VIP+] OwOPingu [F]: yall should make some  tianium artifacts and resell very good profit 
04:45:14.080 INFO  Minecraft: Guild > [VIP] FabledLivid [M]: u sure... 
04:45:23.247 INFO  Minecraft: Guild > [VIP+] OwOPingu [F]: yes 
04:45:34.286 INFO  Minecraft: Guild > [VIP] FabledLivid [M]: MAKE? 
04:45:37.405 INFO  Discord: [锔guild-chat] LS | SnowedSeal: pingu sure 
04:45:37.794 INFO  Minecraft: Guild > Minikloons [LS]: LS| SnowedSeal禄 pingu sure 
04:45:38.783 INFO  Minecraft: Guild > [VIP] FabledLivid [M]: i dont have hotm 6 
04:45:40.149 INFO  Discord: [锔guild-chat] LS | SnowedSeal: fabled 
04:45:41.114 INFO  Minecraft: You cannot say the same message twice! 
04:45:41.461 INFO  Minecraft: Guild > [VIP] FabledLivid [M]: or smth 
04:45:48.752 INFO  Minecraft: Guild > [VIP+] OwOPingu [F]: 100 refined tianium for like 30 mil and sell for like 40 mil 
04:45:50.358 INFO  Discord: [锔guild-chat] LS | SnowedSeal: so what you need to be my tank is 
04:45:50.789 INFO  Minecraft: Guild > Minikloons [LS]: LS| SnowedSeal禄 so what you need to be my tank is 
04:45:57.154 INFO  Discord: [锔guild-chat] LS | SnowedSeal: 3/4 goldor 
04:45:57.556 INFO  Minecraft: Guild > Minikloons [LS]: LS| SnowedSeal禄 3/4 goldor 
04:46:00.044 INFO  Discord: [锔guild-chat] LS | SnowedSeal: reaper mask 
04:46:00.457 INFO  Minecraft: Guild > Minikloons [LS]: LS| SnowedSeal禄 reaper mask 
04:46:01.615 INFO  Minecraft: Guild > [VIP] FabledLivid [M]: mhm 
04:46:03.435 INFO  Minecraft: Guild > [VIP] FabledLivid [M]: yeah 
04:46:07.446 INFO  Minecraft: Guild > [VIP] FabledLivid [M]: im listening 
04:46:09.507 INFO  Discord: [锔guild-chat] LS | SnowedSeal: whatever tanky pet you have 
04:46:10.083 INFO  Minecraft: Guild > Minikloons [LS]: LS| SnowedSeal禄 whatever tanky pet you have 
04:46:10.085 INFO  Minecraft: Guild > [VIP+] OwOPingu [F]: blue whale as well or baby yeti 
04:46:15.569 INFO  Minecraft: Guild > [VIP] FabledLivid [M]: ok 
04:46:16.560 INFO  Discord: [锔guild-chat] LS | SnowedSeal: and cata 30 
04:46:16.895 INFO  Minecraft: Guild > Minikloons [LS]: LS| SnowedSeal禄 and cata 30 
04:46:20.460 INFO  Minecraft: Guild > [VIP] FabledLivid [M]: i have :)) 
04:46:24.315 INFO  Discord: [锔guild-chat] LS | SnowedSeal: and i dont die in f7's anymore 
04:46:24.632 INFO  Minecraft: Guild > Minikloons [LS]: LS| SnowedSeal禄 and i dont die in f7's anymore 
04:46:27.331 INFO  Discord: [锔guild-chat] LS | SnowedSeal: so pls no ded 
04:46:27.338 INFO  Minecraft: Guild > [VIP] FabledLivid [M]: i also got 
04:46:27.674 INFO  Minecraft: Guild > Minikloons [LS]: LS| SnowedSeal禄 so pls no ded 
04:46:30.553 INFO  Minecraft: Guild > [VIP] FabledLivid [M]: heal stick 
04:46:33.632 INFO  Minecraft: Guild > [VIP] FabledLivid [M]: and florid 
04:46:40.028 INFO  Minecraft: Guild > [VIP+] OwOPingu [F]: can i also be in your party snowed??? 
04:46:43.970 INFO  Discord: [锔guild-chat] LS | SnowedSeal: pingu 
04:46:44.293 INFO  Minecraft: Guild > Minikloons [LS]: LS| SnowedSeal禄 pingu 
04:46:45.045 INFO  Discord: [锔guild-chat] LS | SnowedSeal: whawt class 
04:46:45.522 INFO  Minecraft: Guild > Minikloons [LS]: LS| SnowedSeal禄 whawt class 
04:46:47.666 INFO  Minecraft: Guild > [VIP+] OwOPingu [F]: idk 
04:46:48.676 INFO  Minecraft: Guild > [VIP] FabledLivid [M]: pingu waht class 
04:46:51.577 INFO  Minecraft: Guild > [VIP] FabledLivid [M]: ah 
04:46:52.847 INFO  Minecraft: Guild > [VIP+] OwOPingu [F]: im think playin mage or smth 
04:46:57.210 INFO  Minecraft: Guild > [VIP] FabledLivid [M]: oook 
04:46:58.655 INFO  Minecraft: Guild > [VIP] FabledLivid [M]: hm 
04:47:08.102 INFO  Minecraft: Guild > [VIP] FabledLivid [M]: sommthing and ninja dont play much 
04:47:17.287 INFO  Minecraft: Guild > [VIP] FabledLivid [M]: we need a guild archr 
04:47:24.121 INFO  Discord: [锔guild-chat] LS | SnowedSeal: k 
04:47:24.776 INFO  Minecraft: Guild > Minikloons [LS]: LS| SnowedSeal禄 k 
04:47:32.304 INFO  Minecraft: Guild > [VIP+] OwOPingu [F]: juju non :) 
04:47:33.083 INFO  Discord: [锔guild-chat] LS | SnowedSeal: want this to be an f7 perm team? 
04:47:33.399 INFO  Minecraft: Guild > Minikloons [LS]: LS| SnowedSeal禄 want this to be an f7 perm team? 
04:47:35.770 INFO  Minecraft: Guild > [VIP] FabledLivid [M]: snowd should i just turn my necorn legs into goldor 
04:47:41.051 INFO  Minecraft: Guild > [VIP+] OwOPingu [F]: no 
04:47:42.166 INFO  Minecraft: Guild > [VIP] FabledLivid [M]: sure.. 
04:47:43.720 INFO  Minecraft: Guild > [VIP+] OwOPingu [F]: do not do that 
04:47:48.816 INFO  Minecraft: Guild > [VIP] FabledLivid [M]: ight 
04:47:51.435 INFO  Discord: [锔guild-chat] LS | SnowedSeal: k 
04:47:51.766 INFO  Minecraft: You cannot say the same message twice! 
04:47:52.260 INFO  Minecraft: Guild > [VIP+] OwOPingu [F]: just sell it and buy goldor 
04:47:52.715 INFO  Discord: [锔guild-chat] LS | SnowedSeal: then just a team 
04:47:53.043 INFO  Minecraft: Guild > Minikloons [LS]: LS| SnowedSeal禄 then just a team 
04:47:54.947 INFO  Discord: [锔guild-chat] LS | SnowedSeal: ? 
04:47:55.270 INFO  Minecraft: You cannot say the same message twice! 
04:48:00.252 INFO  Minecraft: Guild > [VIP+] OwOPingu [F]: that is like a waste of more than 8 mil 
04:48:02.333 INFO  Discord: [锔guild-chat] LS | SnowedSeal: let me post in general 
04:48:02.685 INFO  Minecraft: Guild > Minikloons [LS]: LS| SnowedSeal禄 let me post in general 
04:48:03.928 INFO  Minecraft: Guild > [VIP] FabledLivid [M]: nO pingu WA tLAKing TO mE 
04:48:05.699 INFO  Minecraft: Guild > [VIP] FabledLivid [M]: Snwoed 
04:48:08.016 INFO  Discord: [锔guild-chat] LS | SnowedSeal: ? 
04:48:08.330 INFO  Minecraft: Guild > Minikloons [LS]: LS| SnowedSeal禄 ? 
04:48:15.601 INFO  Minecraft: Guild > [VIP] FabledLivid [M]: HE SAID NO TO me 
04:48:16.922 INFO  Minecraft: Guild > [VIP] FabledLivid [M]: Reee 
04:48:23.123 INFO  Minecraft: Guild > [VIP] FabledLivid [M]: nto you dumb 
04:48:25.309 INFO  Discord: [锔guild-chat] LS | SnowedSeal: o 
04:48:25.693 INFO  Minecraft: You cannot say the same message twice! 
04:48:27.953 INFO  Minecraft: Guild > [VIP+] OwOPingu [F]: i want this to be perm party if yall are on 
04:48:31.045 INFO  Minecraft: Guild > [VIP+] OwOPingu [F]: im gonna get hype soon 
04:48:33.062 INFO  Minecraft: Guild > [VIP] FabledLivid [M]: englang its ny stiy 
04:48:36.493 INFO  Discord: [锔guild-chat] LS | SnowedSeal: uh 
04:48:36.827 INFO  Minecraft: You cannot say the same message twice! 
04:48:38.039 INFO  Minecraft: Guild > 4717 left. 
04:48:42.667 INFO  Minecraft: Guild > [VIP] boxed_cat [M]: hype is so fun 
04:48:44.327 INFO  Discord: [锔guild-chat] LS | SnowedSeal: i'll get on around 
04:48:44.652 INFO  Minecraft: Guild > Minikloons [LS]: LS| SnowedSeal禄 i'll get on around 
04:48:48.228 INFO  Minecraft: Guild > [VIP] boxed_cat [M]: i run around exploding everything 
04:48:50.237 INFO  Discord: [锔guild-chat] LS | SnowedSeal: 1:30 pm PST or 3:30 pm PST 
04:48:50.552 INFO  Minecraft: Guild > Minikloons [LS]: LS| SnowedSeal禄 1:30 pm PST or 3:30 pm PST 
04:48:57.713 INFO  Discord: [锔guild-chat] LS | SnowedSeal: are you available at that time? 
04:48:57.822 INFO  Minecraft: Guild > [VIP+] OwOPingu [F]: otay 
04:48:58.161 INFO  Minecraft: Guild > Minikloons [LS]: LS| SnowedSeal禄 are you available at that time? 
04:49:26.014 INFO  Minecraft: Guild > [VIP+] OwOPingu [F]: welli still gotta buy a hype so i might not have it by then 
04:49:32.298 INFO  Minecraft: Guild > [VIP] FabledLivid [M]: is my necron overpriced at 28.5m 
04:49:42.323 INFO  Discord: [锔guild-chat] LS | SnowedSeal: check <#803358138497368105> 
04:49:42.851 INFO  Minecraft: Guild > Minikloons [LS]: LS| SnowedSeal禄 check <#803358138497368105> 
04:49:45.533 INFO  Minecraft: Guild > [VIP] FabledLivid [M]: wis 5 5 satrs ancient 
04:49:50.756 INFO  Minecraft: Guild > [VIP] FabledLivid [M]: fumings 
04:49:51.997 INFO  Minecraft: Guild > [VIP+] OwOPingu [F]: legs?\ 
04:49:53.787 INFO  Minecraft: Guild > [VIP] FabledLivid [M]: yeah 
04:50:04.443 INFO  Discord: [锔guild-chat] LS | SnowedSeal: k 
04:50:04.737 INFO  Minecraft: Guild > UnknownShadow124 left. 
04:50:04.798 INFO  Minecraft: Guild > Minikloons [LS]: LS| SnowedSeal禄 k 
04:50:06.882 INFO  Minecraft: Guild > UnknownShadow124 joined. 
04:50:08.924 INFO  Discord: [锔guild-chat] LS | SnowedSeal: i posted in <#803358138497368105> in cold lands 
04:50:09.374 INFO  Minecraft: Guild > Minikloons [LS]: LS| SnowedSeal禄 i posted in <#803358138497368105> in cold lands 
04:50:35.539 INFO  Minecraft: Guild > 4717 joined. 
04:50:39.558 INFO  Minecraft: Guild > [VIP] FabledLivid [M]: rip 
04:50:46.663 INFO  Minecraft: Guild > [VIP] FabledLivid [M]: pingu waht should i put it up for 
04:50:47.784 INFO  Minecraft: Guild > [VIP+] OwOPingu [F]: 28.5 seems like good price 
04:50:54.006 INFO  Minecraft: Guild > [VIP] FabledLivid [M]: hm 
04:50:57.820 INFO  Minecraft: Guild > [VIP] FabledLivid [M]: ig illput up for 
04:50:58.854 INFO  Minecraft: Guild > [VIP] FabledLivid [M]: like 
04:51:02.211 INFO  Minecraft: Guild > [VIP] FabledLivid [M]: 27.8m? 
04:51:16.342 INFO  Minecraft: Guild > [VIP] FabledLivid [M]: stonkss 
04:51:20.037 INFO  Discord: [锔guild-chat] LS | SnowedSeal: a little under lbin 
04:51:20.403 INFO  Minecraft: Guild > Minikloons [LS]: LS| SnowedSeal禄 a little under lbin 
04:51:21.968 INFO  Minecraft: Guild > [VIP+] OwOPingu [F]: yea that seems like good price 
04:51:24.666 INFO  Discord: [锔guild-chat] LS | SnowedSeal: also remember the guild back in feb? 
04:51:24.998 INFO  Minecraft: Guild > Minikloons [LS]: LS| SnowedSeal禄 also remember the guild back in feb? 
04:51:25.721 INFO  Minecraft: Guild > [VIP] FabledLivid [M]: k 
04:51:29.538 INFO  Minecraft: Guild > [VIP+] OwOPingu [F]: good times 
04:51:32.119 INFO  Minecraft: Guild > [VIP] FabledLivid [M]: good times 
04:51:38.732 INFO  Discord: [锔guild-chat] LS | SnowedSeal: i miss the old members 
04:51:39.077 INFO  Minecraft: Guild > Minikloons [LS]: LS| SnowedSeal禄 i miss the old members 
04:51:41.865 INFO  Discord: [锔guild-chat] LS | SnowedSeal: angle is gone :c 
04:51:42.204 INFO  Minecraft: Guild > Minikloons [LS]: LS| SnowedSeal禄 angle is gone :c 
04:51:42.714 INFO  Minecraft: Guild > [VIP] FabledLivid [M]: same 
04:51:48.125 INFO  Minecraft: Guild > [VIP] FabledLivid [M]: wolf is never on :(( 
04:52:06.800 INFO  Discord: [锔guild-chat] LS | SnowedSeal: let me talk to him 
04:52:07.220 INFO  Minecraft: Guild > Minikloons [LS]: LS| SnowedSeal禄 let me talk to him 
04:52:21.469 INFO  Minecraft: Guild > [VIP] FabledLivid [M]: he still has bones 
04:52:29.405 INFO  Minecraft: Guild > [VIP+] OwOPingu [F]: f 
04:52:29.986 INFO  Minecraft: Guild > [VIP] FabledLivid [M]: oh btw 
04:52:33.750 INFO  Minecraft: Guild > [VIP] FabledLivid [M]: snowed 
04:52:37.657 INFO  Discord: [锔guild-chat] LS | SnowedSeal: ? 
04:52:37.968 INFO  Minecraft: Guild > Minikloons [LS]: LS| SnowedSeal禄 ? 
04:52:38.038 INFO  Minecraft: Guild > [VIP] FabledLivid [M]: wat time is it for u rn 
04:52:42.786 INFO  Discord: [锔guild-chat] LS | SnowedSeal: 11:52 AM 
04:52:43.342 INFO  Minecraft: Guild > Minikloons [LS]: LS| SnowedSeal禄 11:52 AM 
04:52:47.333 INFO  Minecraft: Guild > [VIP] FabledLivid [M]: its almost 3 o clock for me 
04:52:49.615 INFO  Minecraft: Guild > [VIP] FabledLivid [M]: Sooot 
04:52:51.603 INFO  Minecraft: Guild > [VIP] FabledLivid [M]: hmm 
04:52:55.198 INFO  Minecraft: Guild > [VIP+] OwOPingu [F]: its almost 2 for me lol 
04:52:56.067 INFO  Discord: [锔guild-chat] LS | SnowedSeal: soot? 
04:52:56.079 INFO  Minecraft: Guild > UnknowAccount left. 
04:52:56.558 INFO  Minecraft: Guild > Minikloons [LS]: LS| SnowedSeal禄 soot? 
04:52:57.070 INFO  Minecraft: Guild > [VIP] FabledLivid [M]: im 3 hours slower than u 
04:53:01.686 INFO  Minecraft: Guild > [VIP] FabledLivid [M]: ok i think i can 
04:53:01.697 INFO  Discord: [锔guild-chat] LS | SnowedSeal: ahead* 
04:53:02.340 INFO  Minecraft: Guild > Minikloons [LS]: LS| SnowedSeal禄 ahead* 
04:53:05.749 INFO  Minecraft: Guild > [VIP] FabledLivid [M]: at 1:30 pst 
04:53:06.673 INFO  Discord: [锔guild-chat] LS | SnowedSeal: k 
04:53:06.989 INFO  Minecraft: Guild > Minikloons [LS]: LS| SnowedSeal禄 k 
04:53:08.645 INFO  Minecraft: Guild > [VIP] FabledLivid [M]: around 
04:53:09.652 INFO  Discord: [锔guild-chat] LS | SnowedSeal: uh 
04:53:09.988 INFO  Minecraft: You cannot say the same message twice! 
04:53:15.024 INFO  Discord: [锔guild-chat] LS | SnowedSeal: hmm 
04:53:15.339 INFO  Minecraft: Guild > Minikloons [LS]: LS| SnowedSeal禄 hmm 
04:53:20.218 INFO  Minecraft: Guild > [VIP] FabledLivid [M]: lEtS go EGomming 
04:53:23.145 INFO  Minecraft: Guild > [VIP] FabledLivid [M]: jk no lol 
04:53:25.686 INFO  Discord: [锔guild-chat] LS | SnowedSeal: if fabled isnt here then we replace tank? 
04:53:26.011 INFO  Minecraft: Guild > Minikloons [LS]: LS| SnowedSeal禄 if fabled isnt here then we replace tank? 
04:53:26.094 INFO  Minecraft: Guild > [VIP] FabledLivid [M]: snowed 
04:53:29.144 INFO  Discord: [锔guild-chat] LS | SnowedSeal: wot 
04:53:29.456 INFO  Minecraft: Guild > Minikloons [LS]: LS| SnowedSeal禄 wot 
04:53:30.092 INFO  Minecraft: Guild > [VIP] FabledLivid [M]: ask baldman 
04:53:30.404 INFO  Discord: [锔guild-chat] LS | SnowedSeal: jk 
04:53:31.134 INFO  Minecraft: Guild > Minikloons [LS]: LS| SnowedSeal禄 jk 
04:53:35.133 INFO  Discord: [锔guild-chat] LS | SnowedSeal: which baldman 
04:53:35.447 INFO  Minecraft: Guild > Minikloons [LS]: LS| SnowedSeal禄 which baldman 
04:53:38.965 INFO  Minecraft: Guild > [VIP] FabledLivid [M]: darksul 
04:54:23.305 INFO  Minecraft: Guild > [VIP] FabledLivid [M]: he said yes 
04:54:32.688 INFO  Minecraft: Guild > [VIP] FabledLivid [M]: so we have 2 mages 
04:54:38.607 INFO  Minecraft: Guild > [VIP] FabledLivid [M]: now we need an archer 
04:55:32.707 INFO  Discord: [锔guild-chat] LS | SnowedSeal: k 
04:55:33.072 INFO  Minecraft: You cannot say the same message twice! 
04:55:37.492 INFO  Minecraft: Guild > UnknownShadow124 left. 
04:55:38.702 INFO  Discord: [锔guild-chat] LS | SnowedSeal: should i get from party finder 
04:55:39.081 INFO  Minecraft: Guild > Minikloons [LS]: LS| SnowedSeal禄 should i get from party finder 
04:55:39.567 INFO  Discord: [锔guild-chat] LS | SnowedSeal: or sbz 
04:55:39.880 INFO  Minecraft: Guild > Minikloons [LS]: LS| SnowedSeal禄 or sbz 
04:55:44.062 INFO  Discord: [锔guild-chat] LS | SnowedSeal: when we 
04:55:44.402 INFO  Minecraft: Guild > Minikloons [LS]: LS| SnowedSeal禄 when we 
04:55:44.711 INFO  Minecraft: Guild > [VIP] FabledLivid [M]: idk 
04:55:46.790 INFO  Discord: [锔guild-chat] LS | SnowedSeal: start? 
04:55:47.326 INFO  Minecraft: Guild > Minikloons [LS]: LS| SnowedSeal禄 start? 
04:55:50.877 INFO  Minecraft: Guild > [VIP] FabledLivid [M]: we want a good archer tho 
04:55:52.991 INFO  Minecraft: Guild > [VIP] FabledLivid [M]: ask wolf 
04:55:58.348 INFO  Minecraft: Guild > UnknownShadow124 joined. 
04:56:42.965 INFO  Discord: [锔guild-chat] LS | SnowedSeal: i asked 
04:56:43.570 INFO  Minecraft: Guild > Minikloons [LS]: LS| SnowedSeal禄 i asked 
04:57:23.085 INFO  Minecraft: Guild > [VIP] FabledLivid [M]: got goldor cp 
04:57:26.827 INFO  Minecraft: Guild > [VIP] FabledLivid [M]: 5 stars 
04:57:28.653 INFO  Minecraft: Guild > [VIP] FabledLivid [M]: giant 
04:57:39.152 INFO  Discord: [锔guild-chat] LS | SnowedSeal: k 
04:57:39.676 INFO  Minecraft: Guild > Minikloons [LS]: LS| SnowedSeal禄 k 
04:57:42.170 INFO  Discord: [锔guild-chat] LS | SnowedSeal: i might get hype 
04:57:42.675 INFO  Minecraft: Guild > Minikloons [LS]: LS| SnowedSeal禄 i might get hype 
04:57:55.313 INFO  Discord: [锔guild-chat] LS | SnowedSeal: and warden helm 
04:57:55.719 INFO  Minecraft: Guild > Minikloons [LS]: LS| SnowedSeal禄 and warden helm 
04:58:00.376 INFO  Discord: [锔guild-chat] LS | SnowedSeal: and storm 
04:58:00.828 INFO  Minecraft: Guild > Minikloons [LS]: LS| SnowedSeal禄 and storm 
04:58:00.916 INFO  Discord: [锔guild-chat] LS | SnowedSeal: soon 
04:58:01.232 INFO  Minecraft: Guild > Minikloons [LS]: LS| SnowedSeal禄 soon 
04:58:08.292 INFO  Minecraft: Guild > [VIP+] OwOPingu [F]: sheesh you rich 
04:58:24.289 INFO  Minecraft: Guild > [VIP] FabledLivid [M]: o reaper mask work in dungs without zomb 7? 
04:58:26.853 INFO  Discord: [锔guild-chat] LS | SnowedSeal: no 
04:58:27.162 INFO  Minecraft: You cannot say the same message twice! 
04:58:27.806 INFO  Minecraft: Guild > [VIP] FabledLivid [M]: do* 
04:58:29.516 INFO  Discord: [锔guild-chat] LS | SnowedSeal: im ah flipper 
04:58:29.894 INFO  Minecraft: Guild > Minikloons [LS]: LS| SnowedSeal禄 im ah flipper 
04:58:30.031 INFO  Discord: [锔guild-chat] LS | SnowedSeal: no 
04:58:30.344 INFO  Minecraft: You cannot say the same message twice! 
04:58:33.779 INFO  Discord: [锔guild-chat] LS | SnowedSeal: you need somb7 
04:58:34.121 INFO  Minecraft: Guild > Minikloons [LS]: LS| SnowedSeal禄 you need somb7 
04:58:34.973 INFO  Discord: [锔guild-chat] LS | SnowedSeal: zomb* 
04:58:35.486 INFO  Minecraft: Guild > Minikloons [LS]: LS| SnowedSeal禄 zomb* 
04:58:39.803 INFO  Discord: [锔guild-chat] LS | SnowedSeal: prob 
04:58:40.128 INFO  Minecraft: Guild > Minikloons [LS]: LS| SnowedSeal禄 prob 
04:58:43.453 INFO  Minecraft: Guild > [VIP] FabledLivid [M]: .-. 
04:58:49.289 INFO  Minecraft: Guild > [VIP] FabledLivid [M]: well GG for my 10m 
04:58:51.946 INFO  Minecraft: Guild > [VIP+] OwOPingu [F]: isnt there like a glitch with like the dungeon stars or something 
04:58:55.002 INFO  Minecraft: Guild > [VIP] FabledLivid [M]: yeah 
04:58:57.709 INFO  Minecraft: Guild > [VIP] FabledLivid [M]: or smth 
04:58:59.713 INFO  Minecraft: Guild > [VIP] FabledLivid [M]: i mean 
04:59:04.471 INFO  Minecraft: Guild > [VIP+] OwOPingu [F]: go into dungeon rq and test it 
04:59:04.493 INFO  Minecraft: Guild > [VIP] FabledLivid [M]: it works with stuff like aots 
04:59:06.344 INFO  Minecraft: Guild > [VIP] FabledLivid [M]: F i gtg 
04:59:07.695 INFO  Minecraft: Guild > [VIP] FabledLivid [M]: REee 
04:59:09.290 INFO  Minecraft: Guild > [VIP] FabledLivid [M]: cya guys 
04:59:11.187 INFO  Minecraft: Guild > FabledLivid left. 
04:59:26.314 INFO  Discord: [锔guild-chat] LS | SnowedSeal: cya 
04:59:26.633 INFO  Minecraft: Guild > Minikloons [LS]: LS| SnowedSeal禄 cya 
04:59:27.759 INFO  Discord: [锔guild-chat] LS | SnowedSeal: also fabled 
04:59:28.378 INFO  Minecraft: Guild > Minikloons [LS]: LS| SnowedSeal禄 also fabled 
04:59:41.074 INFO  Discord: [锔guild-chat] LS | SnowedSeal: you are pro 
04:59:42.623 INFO  Minecraft: Guild > Minikloons [LS]: LS| SnowedSeal禄 you are pro 
05:03:49.570 INFO  Minecraft: Guild > 4717 left. 
05:03:57.944 INFO  Minecraft: Guild > 4717 joined. 
05:04:12.348 INFO  Discord: [锔guild-chat] LS | SnowedSeal: henlo 4717 
05:04:12.711 INFO  Minecraft: Guild > Minikloons [LS]: LS| SnowedSeal禄 henlo 4717 
05:16:45.320 INFO  Minecraft: Guild > ASovietDoge joined. 
05:17:08.246 INFO  Minecraft: Guild > ASovietDoge left. 
05:17:13.368 INFO  Minecraft: Guild > ASovietDoge joined. 
05:17:18.261 INFO  Minecraft: Guild > yKxshi joined. 
05:17:30.301 INFO  Minecraft: Guild > yKxshi left. 
05:31:09.553 INFO  Minecraft: Guild > UnknowAccount joined. 
05:33:11.836 INFO  Minecraft: Guild > 4717 left. 
05:33:14.992 INFO  Minecraft: Guild > 4717 joined. 
05:33:54.121 INFO  Minecraft: Guild > 4717 left. 
05:36:20.105 INFO  Minecraft: Guild > UnknownShadow124 left. 
05:43:55.274 INFO  Minecraft: Guild > boxed_cat left. 
05:47:42.081 INFO  Minecraft: Guild > 4717 joined. 
05:51:14.820 INFO  Minecraft: Guild > 4717 left. 
05:58:15.174 INFO  Minecraft: [SkyBlock] [VIP] x5am is visiting Your Island! 
06:00:21.327 INFO  Minecraft:  
06:00:21.342 INFO  Minecraft: [WATCHDOG ANNOUNCEMENT] 
06:00:21.343 INFO  Minecraft: Watchdog has banned 32,296 players in the last 7 days. 
06:00:21.343 INFO  Minecraft: Staff have banned an additional 12,830 in the last 7 days. 
06:00:21.344 INFO  Minecraft: Blacklisted modifications are a bannable offense! 
06:00:21.345 INFO  Minecraft:  
06:14:47.156 INFO  Minecraft: Guild > ASovietDoge left. 
06:36:05.214 INFO  Minecraft: Guild > SnowedSeal joined. 
06:36:08.931 INFO  Minecraft: Guild > [MVP++] SnowedSeal [LS]: henlo 
06:48:51.246 INFO  Minecraft: Guild > Za1bot joined. 
07:05:45.896 INFO  Minecraft: Guild > [MVP++] SnowedSeal [LS]: so close to next rankcolor 
07:05:48.571 INFO  Minecraft: Guild > [MVP++] SnowedSeal [LS]: i hate this rankcolor ngl 
07:06:36.996 INFO  Minecraft: Guild > [MVP++] SnowedSeal [LS]: ayy 
07:06:38.919 INFO  Minecraft: Guild > [MVP++] SnowedSeal [LS]: new rankcolor 
07:06:42.350 INFO  Minecraft: Guild > [MVP++] SnowedSeal [LS]: :flushed: 
07:07:02.708 INFO  Minecraft: Guild > [MVP++] SnowedSeal [LS]: nicked 
07:07:03.945 INFO  Minecraft: Guild > [MVP++] SnowedSeal [LS]: wc 
07:08:12.427 INFO  Minecraft: Guild > SnowedSeal left. 
07:19:14.806 INFO  Minecraft: Guild > SnowedSeal joined. 
07:19:19.171 INFO  Minecraft: Guild > [MVP++] SnowedSeal [LS]: henlo 
07:22:07.291 INFO  Minecraft: Guild > clonzy joined. 
07:39:48.397 INFO  Minecraft: Guild > SnowedSeal left. 
07:40:53.239 INFO  Minecraft: Guild > UnknowAccount left. 
07:50:55.846 INFO  Minecraft: Guild > SnowedSeal joined. 
07:50:59.221 INFO  Minecraft: Guild > [MVP++] SnowedSeal [LS]: enlo 
07:51:01.271 INFO  Minecraft: Guild > [MVP++] SnowedSeal [LS]: henlo 
07:51:05.400 INFO  Minecraft: Guild > [MVP+] Za1bot [M]: enlo 
07:53:32.862 INFO  Minecraft: Guild > [MVP++] SnowedSeal [LS]: k 
07:55:52.117 INFO  Minecraft: Guild > TREX2M joined. 
07:59:42.648 INFO  Minecraft: Guild > clonzy left. 
07:59:45.692 INFO  Minecraft: Guild > clonzy joined. 
08:00:21.523 INFO  Minecraft:  
08:00:21.535 INFO  Minecraft: [WATCHDOG ANNOUNCEMENT] 
08:00:21.536 INFO  Minecraft: Watchdog has banned 32,180 players in the last 7 days. 
08:00:21.537 INFO  Minecraft: Staff have banned an additional 12,900 in the last 7 days. 
08:00:21.537 INFO  Minecraft: Blacklisted modifications are a bannable offense! 
08:00:21.538 INFO  Minecraft:  
08:02:52.800 INFO  Minecraft: Guild > Za1bot left. 
08:06:19.258 INFO  Minecraft: Guild > TREX2M left. 
08:07:07.316 INFO  Minecraft: Guild > 4717 joined. 
08:12:35.857 INFO  Minecraft: Guild > clonzy left. 
08:12:37.576 INFO  Minecraft: Guild > clonzy joined. 
08:12:57.579 INFO  Minecraft: Guild > SnowedSeal left. 
08:18:07.589 INFO  Minecraft: Guild > ASovietDoge joined. 
08:26:03.552 INFO  Minecraft: Guild > 4717 left. 
08:27:08.397 INFO  Minecraft: Guild > 4717 joined. 
08:38:31.426 INFO  Minecraft: Guild > Pizzas_faces joined. 
08:39:22.453 INFO  Minecraft: Guild > Pizzas_faces left. 
08:39:32.825 INFO  Minecraft: Guild > FabledLivid joined. 
08:39:51.515 INFO  Minecraft: Guild > boxed_cat joined. 
08:40:06.937 INFO  Minecraft: Guild > i_will_bid_lbin joined. 
08:40:42.319 INFO  Minecraft: Guild > [VIP] FabledLivid [M]: yo boxed 
08:40:45.070 INFO  Minecraft: Guild > [VIP] FabledLivid [M]: pinguw 
08:40:47.583 INFO  Minecraft: Guild > [VIP] boxed_cat [M]: wat 
08:40:57.334 INFO  Minecraft: Guild > [VIP] FabledLivid [M]: can ya enter a dungeon for me rq 
08:41:00.599 INFO  Minecraft: Guild > [VIP] FabledLivid [M]: party me 
08:41:04.661 INFO  Minecraft: Guild > [VIP] FabledLivid [M]: i need to test smth rq 
08:41:07.087 INFO  Minecraft: Guild > [VIP] boxed_cat [M]: uh im a friend's party atm 
08:41:09.825 INFO  Minecraft: Guild > [VIP] FabledLivid [M]: rip 
08:41:13.207 INFO  Minecraft: Guild > [VIP] boxed_cat [M]: use fragbot 
08:41:20.193 INFO  Minecraft: Guild > [VIP] FabledLivid [M]: k 
08:41:58.807 INFO  Minecraft: Guild > 4717 left. 
08:42:38.265 INFO  Minecraft: Guild > ASovietDoge left. 
08:42:38.665 INFO  Minecraft: Guild > [VIP] FabledLivid [M]: K it works poggies 
08:43:52.296 INFO  Minecraft: Guild > [VIP] FabledLivid [M]: tank setup acquired 
08:44:09.366 INFO  Minecraft: Guild > [VIP+] OwOPingu [F]: o im sorry i was afk 
08:44:13.361 INFO  Minecraft: Guild > 4717 joined. 
08:44:13.960 INFO  Minecraft: Guild > [VIP] FabledLivid [M]: ayo guys what weapon for tank 
08:44:45.155 INFO  Minecraft: Guild > [VIP+] OwOPingu [F]: any weapon that gives defense or any weapon 
08:45:19.603 INFO  Minecraft: Guild > [VIP] FabledLivid [M]: ight 
08:46:58.583 INFO  Minecraft: Guild > [VIP] FabledLivid [M]: anyone f7? 
08:47:13.669 INFO  Minecraft: Guild > [VIP+] OwOPingu [F]: dont got the gear rn :( 
08:47:17.671 INFO  Minecraft: Guild > [VIP] FabledLivid [M]: F 
08:48:04.739 INFO  Minecraft: Guild > [VIP] FabledLivid [M]: im in goldor ee 
08:48:32.871 INFO  Minecraft: Guild > [VIP+] OwOPingu [F]: noic 
08:48:34.804 INFO  Minecraft: Guild > [VIP+] OwOPingu [F]: e 
08:54:40.353 INFO  Minecraft: Guild > i_will_bid_lbin left. 
08:55:01.905 INFO  Minecraft: Guild > [VIP] FabledLivid [M]: boxed if theres a need for a tank on ur team lmk 
08:55:26.506 INFO  Minecraft: Guild > [VIP] FabledLivid [M]: time to 5star earth shard lmfao 
08:55:38.547 INFO  Minecraft: Guild > [VIP] 4717 [M]: bruh 
09:02:51.796 INFO  Discord: [锔guild-chat] LS | SnowedSeal: wot 
09:02:52.280 INFO  Minecraft: Guild > Minikloons [LS]: LS| SnowedSeal禄 wot 
09:04:36.487 INFO  Discord: [锔guild-chat] LS | SnowedSeal: fabled=to 
09:04:36.823 INFO  Minecraft: Guild > Minikloons [LS]: LS| SnowedSeal禄 fabled=to 
09:04:38.443 INFO  Discord: [锔guild-chat] LS | SnowedSeal: Snwoed 
09:04:38.759 INFO  Minecraft: Guild > Minikloons [LS]: LS| SnowedSeal禄 Snwoed 
09:04:40.154 INFO  Minecraft: Guild > [VIP] FabledLivid [M]: ? 
09:04:41.678 INFO  Discord: [锔guild-chat] LS | SnowedSeal: Snwod 
09:04:41.992 INFO  Minecraft: You cannot say the same message twice! 
09:04:44.427 INFO  Minecraft: Guild > [VIP] FabledLivid [M]: f7?? 
09:04:46.180 INFO  Discord: [锔guild-chat] LS | SnowedSeal: Snowd 
09:04:46.505 INFO  Minecraft: You cannot say the same message twice! 
09:04:46.694 INFO  Discord: [锔guild-chat] LS | SnowedSeal: sure 
09:04:47.055 INFO  Minecraft: Guild > Minikloons [LS]: LS| SnowedSeal禄 sure 
09:04:50.472 INFO  Minecraft: Guild > [VIP] FabledLivid [M]: get on 
09:04:53.771 INFO  Discord: [锔guild-chat] LS | SnowedSeal: are you a sussy throw baka? 
09:04:54.086 INFO  Minecraft: Guild > Minikloons [LS]: LS| SnowedSeal禄 are you a sussy throw baka? 
09:04:57.694 INFO  Minecraft: Guild > [VIP] FabledLivid [M]: im tank i wont die phase 2 
09:05:00.507 INFO  Discord: [锔guild-chat] LS | SnowedSeal: k 
09:05:00.830 INFO  Minecraft: Guild > Minikloons [LS]: LS| SnowedSeal禄 k 
09:05:01.783 INFO  Minecraft: Guild > [VIP] FabledLivid [M]: just tested 
09:05:04.914 INFO  Discord: [锔guild-chat] LS | SnowedSeal: but are you a sussy throw baka? 
09:05:05.418 INFO  Minecraft: You cannot say the same message twice! 
09:05:24.855 INFO  Minecraft: Guild > [VIP] FabledLivid [M]: party me 
09:05:50.050 INFO  Discord: [锔guild-chat] Gura's Shrimp: snowed 
09:05:50.586 INFO  Minecraft: Guild > Minikloons [LS]: Gura'sShrimp禄 snowed 
09:05:52.587 INFO  Discord: [锔guild-chat] Gura's Shrimp: git on 
09:05:52.919 INFO  Minecraft: Guild > Minikloons [LS]: Gura'sShrimp禄 git on 
09:05:57.628 INFO  Minecraft: Guild > [VIP] FabledLivid [M]: n o w 
09:06:01.295 INFO  Discord: [锔guild-chat] LS | SnowedSeal: IM GETTING ON 
09:06:01.816 INFO  Minecraft: Guild > Minikloons [LS]: LS| SnowedSeal禄 IM GETTING ON 
09:06:03.398 INFO  Discord: [锔guild-chat] LS | SnowedSeal: sussy baka 
09:06:03.741 INFO  Minecraft: Guild > [VIP] FabledLivid [M]: k 
09:06:03.745 INFO  Minecraft: Guild > Minikloons [LS]: LS| SnowedSeal禄 sussy baka 
09:06:46.338 INFO  Minecraft: Guild > IdlyChiqken joined. 
09:07:13.234 INFO  Discord: [锔guild-chat] Gura's Shrimp: HOW MUCH LONGER SNOWED 
09:07:13.778 INFO  Minecraft: Guild > Minikloons [LS]: Gura'sShrimp禄 HOW MUCH LONGER SNOWED 
09:07:46.345 INFO  Minecraft: Guild > SnowedSeal joined. 
09:07:49.116 INFO  Minecraft: Guild > [MVP++] SnowedSeal [LS]: henlo 
09:07:57.840 INFO  Minecraft: Guild > [VIP] IdlyChiqken [M]: henlo 
09:08:02.899 INFO  Minecraft: Guild > [VIP] FabledLivid [M]: accept 
09:08:05.991 INFO  Minecraft: Guild > [VIP] FabledLivid [M]: i p finder 
09:08:20.564 INFO  Minecraft: Guild > [VIP] FabledLivid [M]: juju? 
09:08:23.832 INFO  Minecraft: Guild > [VIP] FabledLivid [M]: wc 
09:08:25.252 INFO  Minecraft: Guild > [MVP++] SnowedSeal [LS]: JUJU 
09:10:38.844 INFO  Minecraft: Guild > OwOPingu left. 
09:10:41.828 INFO  Minecraft: Guild > OwOPingu joined. 
09:17:00.159 INFO  Minecraft: Guild > FabledLivid left. 
09:20:34.649 INFO  Minecraft: Guild > SnowedSeal left. 
09:21:45.450 INFO  Minecraft: Guild > SnowedSeal joined. 
09:21:53.518 INFO  Minecraft: Guild > [MVP++] SnowedSeal [LS]: henlo 
09:26:26.786 INFO  Minecraft: Guild > [MVP++] SnowedSeal [LS]: E 
09:26:29.765 INFO  Minecraft: Guild > [VIP+] OwOPingu [F]: E 
09:26:35.510 INFO  Minecraft: Guild > [VIP] IdlyChiqken [M]: henlo 
09:26:38.816 INFO  Minecraft: Guild > [MVP++] SnowedSeal [LS]: henloo 
09:29:53.524 INFO  Minecraft: Guild > 4717 left. 
09:31:29.665 INFO  Minecraft: Guild > 4717 joined. 
09:31:33.702 INFO  Minecraft: Guild > [VIP] IdlyChiqken [M]: pog 
09:31:39.945 INFO  Minecraft: Guild > [VIP] IdlyChiqken [M]: farming XXIX 
09:31:47.809 INFO  Minecraft: Guild > [VIP+] OwOPingu [F]: noice 
09:35:06.176 INFO  Minecraft: Guild > SnowedSeal left. 
09:35:08.361 INFO  Minecraft: Guild > [VIP] IdlyChiqken [M]: gg 
09:35:14.093 INFO  Minecraft: Guild > [VIP] IdlyChiqken [M]: last minute silver!!!!!!!!! 
09:41:01.045 INFO  Minecraft: Guild > clonzy left. 
09:59:11.656 INFO  Minecraft: Guild > 4717 left. 
10:00:21.688 INFO  Minecraft:  
10:00:21.698 INFO  Minecraft: [WATCHDOG ANNOUNCEMENT] 
10:00:21.700 INFO  Minecraft: Watchdog has banned 32,118 players in the last 7 days. 
10:00:21.701 INFO  Minecraft: Staff have banned an additional 13,016 in the last 7 days. 
10:00:21.701 INFO  Minecraft: Blacklisted modifications are a bannable offense! 
10:00:21.702 INFO  Minecraft:  
10:00:35.764 INFO  Minecraft: Guild > 4717 joined. 
10:02:03.717 INFO  Minecraft: Guild > 4717 left. 
10:09:29.869 INFO  Minecraft: Guild > 4717 joined. 
10:18:49.620 INFO  Minecraft: Guild > 4717 left. 
10:20:23.807 INFO  Minecraft: Guild > 4717 joined. 
10:20:43.705 INFO  Minecraft: Guild > YoMadaEatingRice joined. 
10:23:41.997 INFO  Minecraft: Guild > 4717 left. 
10:30:40.018 INFO  Minecraft: Guild > YoMadaEatingRice left. 
10:30:46.992 INFO  Minecraft: Guild > WitheredRoyal joined. 
10:32:25.934 INFO  Minecraft: Guild > [VIP] boxed_cat [M]: did they nerf ofa? why is it at 5.6mil now 
10:32:46.870 INFO  Minecraft: Guild > [VIP+] WitheredRoyal [M]: People probably ran f7 a frick ton 
10:32:51.888 INFO  Minecraft: Guild > [VIP] boxed_cat [M]: fair enough 
10:32:56.610 INFO  Minecraft: Guild > [VIP] boxed_cat [M]: should i buy ofa now or just wait 
10:33:04.300 INFO  Minecraft: Guild > [VIP] boxed_cat [M]: need it for my gs 
10:33:23.253 INFO  Minecraft: Guild > [VIP+] WitheredRoyal [M]: Your choice, expect a nerf in the next update or the balancing updtae for 1.0 
10:33:41.660 INFO  Minecraft: Guild > [VIP] boxed_cat [M]: yea, do you think gsword is gonna get absolutely murdered tho :/ 
10:33:49.908 INFO  Minecraft: Guild > [VIP] boxed_cat [M]: that would be a bit tragic 
10:34:52.331 INFO  Minecraft: Guild > [VIP] IdlyChiqken [M]: 82% to cata 31 :((((( 
10:34:57.380 INFO  Minecraft: Guild > [VIP+] WitheredRoyal [M]: gg? 
10:34:58.482 INFO  Minecraft: Guild > friendly_rook joined. 
10:35:00.341 INFO  Minecraft: Guild > [VIP] IdlyChiqken [M]: no 
10:35:01.939 INFO  Minecraft: Guild > [VIP] IdlyChiqken [M]: no gg 
10:35:09.025 INFO  Minecraft: Guild > [VIP] IdlyChiqken [M]: i need to do f6 for more xp 
10:35:13.347 INFO  Minecraft: Guild > [VIP] IdlyChiqken [M]: but i have no coins 
10:35:15.937 INFO  Minecraft: Guild > [VIP] IdlyChiqken [M]: only 20m 
10:35:30.862 INFO  Minecraft: Guild > [VIP+] WitheredRoyal [M]: Since your cata 30 you could probably do m1 
10:35:37.342 INFO  Minecraft: Guild > [VIP] IdlyChiqken [M]: nah 
10:35:49.548 INFO  Minecraft: Guild > [VIP] IdlyChiqken [M]: just /pv me and see how trash i am 
10:36:09.073 INFO  Minecraft: Guild > [VIP+] WitheredRoyal [M]: I don't have wahtever mod that is 
10:36:21.605 INFO  Minecraft: Guild > [VIP] IdlyChiqken [M]: ne 
10:36:26.670 INFO  Minecraft: Guild > [VIP] IdlyChiqken [M]: thats neu 
10:36:41.298 INFO  Minecraft: Guild > [VIP+] WitheredRoyal [M]: Yeah no 
10:39:38.320 INFO  Minecraft: Guild > ranger4josh joined. 
10:41:13.004 INFO  Minecraft: Guild > yKxshi joined. 
10:43:10.659 INFO  Minecraft: Guild > [MVP+] ranger4josh [M]: i hate my lag 
10:44:51.412 INFO  Minecraft: Guild > 4717 joined. 
10:45:22.049 INFO  Minecraft: Guild > [VIP] friendly_rook [M]: GUSS HOW MUCH I HAVE AFTER SELLIGN EVERYTHING 
10:45:29.132 INFO  Minecraft: Guild > [VIP+] WitheredRoyal [M]: 200m? 
10:45:33.362 INFO  Minecraft: Guild > [VIP] friendly_rook [M]: ops ap 
10:45:46.164 INFO  Minecraft: Guild > [VIP+] WitheredRoyal [M]: ops ap? 
10:46:00.661 INFO  Minecraft: Guild > [VIP] IdlyChiqken [M]: you will have 289m nw 
10:46:11.740 INFO  Minecraft: Guild > [VIP+] WitheredRoyal [M]: gg 
10:49:15.031 INFO  Minecraft: Guild > [VIP+] WitheredRoyal [M]: inc 
10:49:17.993 INFO  Minecraft: Guild > [VIP+] WitheredRoyal [M]: wc 
10:50:18.016 INFO  Minecraft: Guild > boxed_cat left. 
10:50:39.261 INFO  Minecraft: Guild > friendly_rook left. 
10:52:57.836 INFO  Discord: [锔guild-chat] LS | SnowedSeal: owo 
10:52:58.493 INFO  Minecraft: Guild > Minikloons [LS]: LS| SnowedSeal禄 owo 
10:53:07.323 INFO  Minecraft: Guild > [VIP+] WitheredRoyal [M]: OwO 
10:53:15.044 INFO  Minecraft: Guild > [MVP+] yKxshi [M]: owo 
10:53:50.504 INFO  Discord: [锔guild-chat] LS | SnowedSeal: henlo ykxshi 
10:53:50.842 INFO  Minecraft: Guild > Minikloons [LS]: LS| SnowedSeal禄 henlo ykxshi 
10:53:55.300 INFO  Discord: [锔guild-chat] LS | SnowedSeal: henlo withered 
10:53:55.304 INFO  Minecraft: Guild > [MVP+] yKxshi [M]: o/ 
10:53:55.692 INFO  Minecraft: Guild > Minikloons [LS]: LS| SnowedSeal禄 henlo withered 
10:54:19.348 INFO  Minecraft: Guild > [MVP+] yKxshi [M]: brb 
10:54:20.282 INFO  Minecraft: Guild > [VIP+] WitheredRoyal [M]: o/ 
10:54:21.293 INFO  Minecraft: Guild > yKxshi left. 
10:59:12.701 INFO  Minecraft: Guild > yKxshi joined. 
10:59:32.153 INFO  Minecraft: Guild > [VIP] IdlyChiqken [M]: Aiming V enchant on my island 
10:59:46.584 INFO  Minecraft: Guild > [VIP] IdlyChiqken [M]: come here if u wanna see 
11:00:06.818 INFO  Minecraft: Guild > [VIP+] WitheredRoyal [M]: All fun and games until server reboot 
11:00:19.072 INFO  Minecraft: Guild > [VIP] IdlyChiqken [M]: its in item frame 
11:01:00.937 INFO  Minecraft: Guild > yKxshi left. 
11:03:08.855 INFO  Minecraft: Guild > [VIP] IdlyChiqken [M]: guys 
11:03:13.233 INFO  Minecraft: Guild > [VIP] 4717 [M]: yes 
11:03:19.589 INFO  Minecraft: Guild > [VIP+] WitheredRoyal [M]: yeah? 
11:03:22.066 INFO  Minecraft: Guild > [VIP] IdlyChiqken [M]: i got so many contraband irl this this week 
11:03:32.604 INFO  Minecraft: Guild > [VIP+] WitheredRoyal [M]: That's illegal 
11:03:40.998 INFO  Minecraft: Guild > [VIP] 4717 [M]: wa 
11:03:42.542 INFO  Minecraft: Guild > [VIP] IdlyChiqken [M]: no :) 
11:03:52.535 INFO  Minecraft: Guild > [VIP+] WitheredRoyal [M]: Irl contraband is illegal 
11:03:59.888 INFO  Minecraft: Guild > [VIP] 4717 [M]: no its not 
11:04:10.888 INFO  Minecraft: Guild > [VIP] IdlyChiqken [M]: it's not :))))0 
11:04:11.416 INFO  Minecraft: Guild > [VIP+] WitheredRoyal [M]: I'm pretty sure it is 
11:04:13.475 INFO  Minecraft: Guild > [VIP] 4717 [M]: if i gave u 100 dollars thats not illegal 
11:04:31.651 INFO  Minecraft: Guild > [VIP+] WitheredRoyal [M]: Irl contraband is the trading of illegal items 
11:04:43.592 INFO  Minecraft: Guild > [VIP] 4717 [M]: o nvm 
11:04:45.545 INFO  Minecraft: Guild > [VIP] IdlyChiqken [M]: no not that contraband 
11:04:56.038 INFO  Minecraft: Guild > [VIP] IdlyChiqken [M]: the other ones 
11:05:04.384 INFO  Minecraft: Guild > [VIP] IdlyChiqken [M]: like in skyblock 
11:05:17.036 INFO  Minecraft: Guild > [VIP] IdlyChiqken [M]: no way im trading drugs lmfao 
11:05:23.790 INFO  Minecraft: Guild > [VIP+] WitheredRoyal [M]: lol 
11:09:07.954 INFO  Minecraft: Guild > [VIP+] WitheredRoyal [M]: Has my ah sold? 
11:09:14.775 INFO  Minecraft: Guild > [VIP+] WitheredRoyal [M]: It won't let me in sb .-. 
11:12:53.359 INFO  Minecraft: Guild > [VIP+] WitheredRoyal [M]: Does any1 wanna buy a t3 carrot hoe for 13m before I go rampaging in lobbies? 
11:13:03.011 INFO  Minecraft: Guild > [VIP+] WitheredRoyal [M]: Blessed* 
11:13:38.613 INFO  Minecraft: Guild > [VIP] IdlyChiqken [M]: withered 
11:13:42.562 INFO  Minecraft: Guild > [VIP] IdlyChiqken [M]: can i scam u? 
11:13:42.708 INFO  Minecraft: Guild > [VIP+] WitheredRoyal [M]: Yeah? 
11:13:52.711 INFO  Minecraft: Guild > [VIP+] WitheredRoyal [M]: Uh, how much are you scamming me for? 
11:14:01.381 INFO  Minecraft: Guild > [VIP] IdlyChiqken [M]: 1 coins 
11:14:09.099 INFO  Minecraft: Guild > yKxshi joined. 
11:14:33.166 INFO  Minecraft: Guild > [VIP+] WitheredRoyal [M]: Are you saying you wanna buy the hoe for 12,999,999 or just me trading you 1 coin 
11:14:48.353 INFO  Minecraft: Guild > [VIP] IdlyChiqken [M]: trading u 1 coin 
11:19:18.666 INFO  Minecraft: Guild > [VIP+] WitheredRoyal [M]: 28 lobbies later and no one has bought the hoe :sadness: 
11:26:26.318 INFO  Minecraft: Guild > [VIP] IdlyChiqken [M]: withered u have neu? 
11:32:22.475 INFO  Minecraft: Guild > ranger4josh left. 
11:32:33.496 INFO  Minecraft: Guild > WitheredRoyal left. 
11:44:59.508 INFO  Minecraft: Guild > 4717 left. 
11:49:16.040 INFO  Minecraft: Guild > yKxshi left. 
11:50:27.294 INFO  Minecraft: Guild > yKxshi joined. 
11:50:59.306 INFO  Minecraft: Guild > yKxshi left. 
11:52:02.505 INFO  Minecraft: Guild > [VIP] IdlyChiqken [M]: ahh autorecom stuff 
11:54:50.494 INFO  Minecraft: Guild > boxed_cat joined. 
12:00:21.836 INFO  Minecraft:  
12:00:21.844 INFO  Minecraft: [WATCHDOG ANNOUNCEMENT] 
12:00:21.844 INFO  Minecraft: Watchdog has banned 32,118 players in the last 7 days. 
12:00:21.845 INFO  Minecraft: Staff have banned an additional 13,174 in the last 7 days. 
12:00:21.846 INFO  Minecraft: Blacklisted modifications are a bannable offense! 
12:00:21.846 INFO  Minecraft:  
12:01:11.852 INFO  Minecraft: Guild > boxed_cat left. 
12:04:04.987 INFO  Minecraft: Guild > WitheredRoyal joined. 
12:04:32.490 INFO  Minecraft: Guild > [VIP+] WitheredRoyal [M]: I join a bw lobby and someone immediatly gets banned lmao 
12:14:08.858 INFO  Minecraft: Guild > ranger4josh joined. 
12:15:17.922 INFO  Minecraft: Guild > [VIP] IdlyChiqken [M]: me voiding sf drop belike 
12:15:21.199 INFO  Minecraft: Guild > [VIP] IdlyChiqken [M]: 15 
12:15:22.517 INFO  Minecraft: Guild > [VIP] IdlyChiqken [M]: wc 
12:22:57.687 INFO  Minecraft: Guild > IdlyChiqken left. 
12:23:07.703 INFO  Minecraft: Guild > IdlyChiqken joined. 
12:26:41.615 INFO  Minecraft: Guild > boxed_cat joined. 
12:27:23.040 INFO  Minecraft: Guild > [VIP] IdlyChiqken [M]: bruh wtf 
12:28:05.467 INFO  Minecraft: Guild > [VIP] IdlyChiqken [M]: im not leader 
12:28:24.149 INFO  Minecraft: Guild > [VIP+] WitheredRoyal [M]: :? 
12:29:32.261 INFO  Minecraft: Guild > OwOPingu left. 
12:29:33.600 INFO  Minecraft: Guild > [VIP] IdlyChiqken [M]: pog new strat to win Maknetz vs Chiqken event 
12:29:33.935 INFO  Minecraft: Guild > OwOPingu joined. 
12:29:40.859 INFO  Minecraft: Guild > [VIP+] WitheredRoyal [M]: Huh? 
12:29:55.462 INFO  Minecraft: Guild > [VIP] IdlyChiqken [M]: so basically, i just do a couple run, do farming, do more dungeons, and after farm is fully growned 
12:29:59.011 INFO  Minecraft: Guild > [VIP] IdlyChiqken [M]: i do farming 
12:30:00.744 INFO  Minecraft: Guild > [VIP] IdlyChiqken [M]: repeat 
12:30:03.328 INFO  Minecraft: Guild > [VIP] IdlyChiqken [M]: I enjoy long walks on the beach and playing Hypixel 
12:30:13.346 INFO  Minecraft: Guild > [VIP+] WitheredRoyal [M]: So like max amount of xp gain? 
12:30:16.371 INFO  Minecraft: Guild > [VIP] IdlyChiqken [M]: i only need 500m, while chiqken need 1.5b 
12:30:28.454 INFO  Minecraft: Guild > [VIP] IdlyChiqken [M]: no, coins 
12:30:36.454 INFO  Minecraft: Guild > [VIP+] WitheredRoyal [M]: Wait your name IS CHIQKEN 
12:30:45.637 INFO  Minecraft: Guild > [VIP] IdlyChiqken [M]: no, the actualy Chiqken 
12:30:49.727 INFO  Minecraft: Guild > [VIP] IdlyChiqken [M]: not IdlyChiqken 
12:30:58.609 INFO  Minecraft: Guild > [VIP+] WitheredRoyal [M]: Conffuzlement 
12:31:08.909 INFO  Discord: [锔guild-chat] gogyxdash: Confusion 
12:31:09.246 INFO  Minecraft: Guild > Minikloons [LS]: gogyxdash禄 Confusion 
12:31:14.714 INFO  Minecraft: Guild > [VIP] IdlyChiqken [M]: just search it up in sky.shiyuu 
12:31:19.714 INFO  Minecraft: Guild > [VIP] IdlyChiqken [M]: its the chiqken in aotb 
12:31:28.675 INFO  Minecraft: Guild > [VIP+] WitheredRoyal [M]: What're you racing to 2b? 
12:31:46.607 INFO  Minecraft: Guild > [VIP] IdlyChiqken [M]: no, im speedrunning to hyp 
12:31:57.574 INFO  Minecraft: Guild > [VIP+] WitheredRoyal [M]: I see 
12:32:01.865 INFO  Minecraft: Guild > [VIP] IdlyChiqken [M]: but chiqken askme to race, who can reach the goal faster? 
12:32:11.335 INFO  Minecraft: Guild > [VIP] boxed_cat [M]: is it normal for ofa giant to be dealing only 270k :/ 
12:32:17.276 INFO  Minecraft: Guild > [VIP+] WitheredRoyal [M]: Uh, no 
12:32:21.306 INFO  Minecraft: Guild > [VIP] boxed_cat [M]: tf 
12:32:28.984 INFO  Minecraft: Guild > [VIP] boxed_cat [M]: im using full necron atm 
12:32:35.152 INFO  Minecraft: Guild > [VIP+] WitheredRoyal [M]: There's your issue 
12:32:39.118 INFO  Minecraft: Guild > [VIP] boxed_cat [M]: ah well 
12:32:40.924 INFO  Minecraft: Guild > [MVP+] ranger4josh [M]: imagine not using a warden helm 
12:32:43.367 INFO  Minecraft: Guild > [VIP] boxed_cat [M]: too poor for warden lmao 
12:32:44.379 INFO  Minecraft: Guild > [VIP+] WitheredRoyal [M]: Full necron is trash at least use tara helm 
12:32:54.957 INFO  Minecraft: Guild > [VIP] IdlyChiqken [M]: is it me or him? his goal is to get 1.5b purse, which will make him have 3.5b nw or something 
12:32:57.175 INFO  Minecraft: Guild > [VIP] boxed_cat [M]: hm 
12:32:57.408 INFO  Discord: [锔guild-chat] gogyxdash: Lol i have 620m nw 
12:32:57.776 INFO  Minecraft: Guild > Minikloons [LS]: gogyxdash禄 Lol i have 620m nw 
12:33:06.758 INFO  Discord: [锔guild-chat] gogyxdash: Once I get 800m ima sell everything 
12:33:07.088 INFO  Minecraft: Guild > Minikloons [LS]: gogyxdash禄 Once I get 800m ima sell everything 
12:33:08.378 INFO  Discord: [锔guild-chat] gogyxdash: For hype 
12:33:08.747 INFO  Minecraft: Guild > Minikloons [LS]: gogyxdash禄 For hype 
12:33:10.231 INFO  Minecraft: Guild > [VIP] IdlyChiqken [M]: rn i have 21/500 
12:33:10.724 INFO  Discord: [锔guild-chat] gogyxdash: And storm 
12:33:11.138 INFO  Minecraft: Guild > Minikloons [LS]: gogyxdash禄 And storm 
12:33:13.826 INFO  Minecraft: Guild > [VIP+] WitheredRoyal [M]: I have like 350nw get on my level nons 
12:33:14.728 INFO  Minecraft: Guild > [VIP] boxed_cat [M]: honestly should i sell it so i can complete my mage setup then run f7 for money 
12:33:25.011 INFO  Minecraft: Guild > [VIP] boxed_cat [M]: and just use a ofa sf for now for melee damage 
12:33:34.397 INFO  Minecraft: Guild > [VIP+] WitheredRoyal [M]: Yeah if your doing lcm 
12:33:36.137 INFO  Minecraft: Guild > [VIP] IdlyChiqken [M]: sell gia sword 
12:33:40.421 INFO  Minecraft: Guild > [VIP] boxed_cat [M]: ok 
12:33:42.216 INFO  Discord: [锔guild-chat] gogyxdash: Block hitting with hype is better tho right in p4 of necron 
12:33:42.532 INFO  Minecraft: Guild > Minikloons [LS]: gogyxdash禄 Block hitting with hype is better tho right in p4 of necron 
12:33:45.164 INFO  Minecraft: Guild > [VIP] IdlyChiqken [M]: no, dont do lcm 
12:34:01.466 INFO  Minecraft: Guild > [VIP] boxed_cat [M]: but either way, sell gs right 
12:34:04.405 INFO  Minecraft: Guild > [VIP+] WitheredRoyal [M]: Yes 
12:34:06.872 INFO  Minecraft: Guild > [VIP] boxed_cat [M]: not worth if i dont have warden 
12:34:08.332 INFO  Minecraft: Guild > [VIP] IdlyChiqken [M]: if u dont have hyp, don't even bother get ancient storm 
12:34:13.821 INFO  Minecraft: Guild > [VIP+] WitheredRoyal [M]: ^ 
12:34:14.058 INFO  Minecraft: Guild > [VIP] boxed_cat [M]: ok well i have hype 
12:34:24.390 INFO  Minecraft: Guild > [VIP] boxed_cat [M]: but still using necrotic storm 
12:34:26.158 INFO  Minecraft: Guild > [VIP+] WitheredRoyal [M]: Then yeah ancient storm sell gs 
12:34:28.858 INFO  Minecraft: Guild > [VIP] boxed_cat [M]: because i like mana tho 
12:34:30.997 INFO  Minecraft: Guild > [VIP] boxed_cat [M]: :D 
12:34:35.122 INFO  Minecraft: Guild > [VIP] IdlyChiqken [M]: then get ur storm to ancient 
12:34:37.360 INFO  Minecraft: Guild > [VIP] boxed_cat [M]: i dunno at this point 
12:34:42.321 INFO  Discord: [锔guild-chat] gogyxdash: I heard the storm meta is ancient leggings and boots and loving cp with necrotic goggles 
12:34:42.633 INFO  Minecraft: Guild > [VIP] IdlyChiqken [M]: ancient is better for damage 
12:34:42.949 INFO  Minecraft: Guild > Minikloons [LS]: gogyxdash禄 I heard the storm meta is ancient leggings and boots and loving cp with necrotic goggles 
12:35:01.046 INFO  Minecraft: Guild > [VIP] boxed_cat [M]: either way, gs bad without warden correct 
12:35:03.552 INFO  Minecraft: Guild > [VIP] IdlyChiqken [M]: just look at my armor, but pretend anything else except for cp is ancient 
12:35:06.502 INFO  Minecraft: Guild > [VIP+] WitheredRoyal [M]: Pretty much 
12:35:13.249 INFO  Minecraft: Guild > [VIP] boxed_cat [M]: alright 
12:35:20.912 INFO  Minecraft: Guild > [VIP] IdlyChiqken [M]: boxed_cat, yes 100% 
12:35:34.227 INFO  Minecraft: Guild > OwOPingu left. 
12:35:36.440 INFO  Minecraft: Guild > OwOPingu joined. 
12:35:41.247 INFO  Discord: [锔guild-chat] gogyxdash: Also how do u get money for hype anyways 
12:35:41.575 INFO  Minecraft: Guild > Minikloons [LS]: gogyxdash禄 Also how do u get money for hype anyways 
12:35:59.151 INFO  Discord: [锔guild-chat] gogyxdash: At my rate its gonna take me like 2 or 3 weeks 
12:35:59.522 INFO  Minecraft: Guild > Minikloons [LS]: gogyxdash禄 At my rate its gonna take me like 2 or 3 weeks 
12:36:04.064 INFO  Minecraft: Guild > [VIP+] WitheredRoyal [M]: I too would like to know 
12:36:12.739 INFO  Minecraft: Guild > [VIP+] WitheredRoyal [M]: Because at my rate it's gonna take 4 months 
12:36:28.488 INFO  Discord: [锔guild-chat] gogyxdash: I get around 8-12m a day 
12:36:29.026 INFO  Minecraft: Guild > Minikloons [LS]: gogyxdash禄 I get around 8-12m a day 
12:36:30.795 INFO  Minecraft: Guild > [VIP] boxed_cat [M]: i casually ah flipped for 4 months lmao 
12:36:34.035 INFO  Minecraft: Guild > [VIP+] WitheredRoyal [M]: HOW 
12:36:35.647 INFO  Minecraft: Guild > [VIP] boxed_cat [M]: i was in school anyways so 
12:36:38.061 INFO  Minecraft: Guild > [VIP] IdlyChiqken [M]: thats better than me lol 
12:36:44.332 INFO  Minecraft: Guild > [VIP] boxed_cat [M]: i was playing skyblock really casually 
12:36:44.345 INFO  Minecraft: Guild > [VIP+] WitheredRoyal [M]: DO YOU GET 8m A DAY 
12:36:48.154 INFO  Minecraft: Guild > [VIP] IdlyChiqken [M]: i made 1-2m perday bcz idk 
12:36:59.634 INFO  Minecraft: Guild > [VIP] IdlyChiqken [M]: from flipping though 
12:37:03.653 INFO  Minecraft: Guild > [VIP+] WitheredRoyal [M]: Teach me master 
12:37:05.256 INFO  Discord: [锔guild-chat] gogyxdash: Do u know any good flips 
12:37:05.712 INFO  Minecraft: Guild > Minikloons [LS]: gogyxdash禄 Do u know any good flips 
12:37:09.764 INFO  Minecraft: Guild > [VIP] IdlyChiqken [M]: easily 4m+ per day with anything else 
12:37:16.176 INFO  Minecraft: Guild > [VIP+] WitheredRoyal [M]: On how you make 8m flipping 
12:37:24.365 INFO  Discord: [锔guild-chat] gogyxdash: Ive tried flipping but I dont have the patientice 
12:37:24.684 INFO  Minecraft: Guild > Minikloons [LS]: gogyxdash禄 Ive tried flipping but I dont have the patientice 
12:37:24.716 INFO  Minecraft: Guild > [VIP] IdlyChiqken [M]: it would take me like 1-2 months to get 500m i think 
12:37:25.692 INFO  Minecraft: Guild > [VIP+] WitheredRoyal [M]: I make like -8m flipping ;-; 
12:37:40.137 INFO  Discord: [锔guild-chat] gogyxdash: I get carried by frag running tbh 
12:37:40.864 INFO  Minecraft: Guild > Minikloons [LS]: gogyxdash禄 I get carried by frag running tbh 
12:37:57.475 INFO  Minecraft: Guild > [VIP+] WitheredRoyal [M]: Could juju with sa fragrun? 
12:38:00.233 INFO  Discord: [锔guild-chat] gogyxdash: My diamond head lets me streamroll through the dungeon and not die even without a yeti 
12:38:00.560 INFO  Minecraft: Guild > Minikloons [LS]: gogyxdash禄 My diamond head lets me streamroll through the dungeon and not die even without a yeti 
12:38:11.512 INFO  Discord: [锔guild-chat] gogyxdash: Probably not 
12:38:11.840 INFO  Minecraft: Guild > Minikloons [LS]: gogyxdash禄 Probably not 
12:38:15.181 INFO  Minecraft: Guild > [VIP+] WitheredRoyal [M]: Actually 3/4 sa golden head 
12:38:30.438 INFO  Discord: [锔guild-chat] gogyxdash: Probably not enough hp plus idk if juju can clear 
12:38:30.792 INFO  Minecraft: Guild > Minikloons [LS]: gogyxdash禄 Probably not enough hp plus idk if juju can clear 
12:38:40.333 INFO  Minecraft: Guild > [VIP] IdlyChiqken [M]: Withered, don't be too greedy, wait a bit, don't be cocky, just wait. thats it actually 
12:38:48.242 INFO  Minecraft: Guild > [VIP] IdlyChiqken [M]: and 
12:38:52.423 INFO  Minecraft: Guild > [VIP] IdlyChiqken [M]: go to hub 1 
12:38:57.461 INFO  Minecraft: Guild > [VIP+] WitheredRoyal [M]: I literally have never found a good flip 
12:39:12.847 INFO  Minecraft: Guild > [VIP] IdlyChiqken [M]: bcz ppl usually advertise deals there that you can sometimes flip 
12:39:17.276 INFO  Minecraft: Guild > [VIP+] WitheredRoyal [M]: The best I've ever gotten is 200k from bz flipping 
12:39:30.752 INFO  Minecraft: Guild > [VIP] IdlyChiqken [M]: thats e.z to get 
12:39:38.844 INFO  Minecraft: Guild > [VIP+] WitheredRoyal [M]: Exactly ;-; 
12:40:02.353 INFO  Discord: [锔guild-chat] gogyxdash: I can frag run and if I get lucky I can make a free 1.4m in like 5 minutes 
12:40:02.674 INFO  Minecraft: Guild > Minikloons [LS]: gogyxdash禄 I can frag run and if I get lucky I can make a free 1.4m in like 5 minutes 
12:40:14.586 INFO  Minecraft: Guild > [MVP+] ranger4josh [M]: hehe ive gotten 10 sorrow in 50m of grinding 
12:40:37.957 INFO  Discord: [锔guild-chat] gogyxdash: Idk if thats good or not but nice I guess 
12:40:38.396 INFO  Minecraft: Guild > Minikloons [LS]: gogyxdash禄 Idk if thats good or not but nice I guess 
12:40:48.949 INFO  Minecraft: Guild > [VIP+] WitheredRoyal [M]: I have 71m, 100 if my Megakloon souls sells which we all know it won't 
12:40:59.411 INFO  Minecraft: Guild > [VIP+] WitheredRoyal [M]: Could I fragrun with that? 
12:41:05.809 INFO  Minecraft: Guild > [VIP] IdlyChiqken [M]: ? 
12:41:12.039 INFO  Minecraft: Guild > WitheredRoyal left. 
12:41:13.775 INFO  Minecraft: Guild > [VIP] IdlyChiqken [M]: tbh dont frag run 
12:41:22.744 INFO  Minecraft: Guild > [VIP] IdlyChiqken [M]: it makes no money now 
12:41:25.202 INFO  Minecraft: Guild > [VIP] IdlyChiqken [M]: unless 
12:41:31.017 INFO  Minecraft: Guild > [VIP] IdlyChiqken [M]: if ur stupidly lucky 
12:41:40.614 INFO  Minecraft: Guild > [VIP] IdlyChiqken [M]: and always gets diamante 
12:48:06.333 INFO  Minecraft: Guild > [VIP] IdlyChiqken [M]: wait 
12:48:10.214 INFO  Minecraft: Guild > [VIP] IdlyChiqken [M]: mining 70? 
12:48:29.268 INFO  Minecraft: Guild > [MVP+] ranger4josh [M]: huh?? 
12:53:03.674 INFO  Minecraft: Guild > boxed_cat left. 
12:53:44.675 INFO  Minecraft: Guild > ranger4josh left. 
12:56:01.690 INFO  Minecraft: Guild > boxed_cat joined. 
12:58:29.057 INFO  Minecraft: Guild > 4717 joined. 
13:00:03.801 INFO  Minecraft: Guild > 4717 left. 
13:21:40.033 INFO  Minecraft: Guild > OwOPingu left. 
13:21:41.329 INFO  Minecraft: Guild > OwOPingu joined. 
13:23:22.414 INFO  Minecraft: Guild > IdlyChiqken joined. 
13:23:22.981 INFO  Minecraft: Guild > IdlyChiqken left. 
13:23:37.133 INFO  Minecraft: Guild > IdlyChiqken left. 
13:23:49.202 INFO  Minecraft: Guild > IdlyChiqken joined. 
13:26:48.964 INFO  Minecraft: Guild > ranger4josh joined. 
13:29:46.543 INFO  Minecraft: Guild > OwOPingu left. 
13:29:48.390 INFO  Minecraft: Guild > OwOPingu joined. 
13:47:02.693 INFO  Minecraft: Guild > clonzy joined. 
13:51:20.037 INFO  Minecraft: Guild > boxed_cat left. 
13:51:35.053 INFO  Minecraft: Guild > ASovietDoge joined. 
13:51:49.151 INFO  Minecraft: Guild > [MVP+] ranger4josh [M]: can i borrow it?? im grinding sorrow 
13:51:52.078 INFO  Minecraft: Guild > [MVP+] ranger4josh [M]: wc 
13:52:46.387 INFO  Minecraft: Guild > [VIP] IdlyChiqken [M]: mage is so fun 
13:53:13.729 INFO  Minecraft: Guild > clonzy left. 
13:53:16.024 INFO  Minecraft: Guild > clonzy joined. 
14:00:22.064 INFO  Minecraft:  
14:00:22.072 INFO  Minecraft: [WATCHDOG ANNOUNCEMENT] 
14:00:22.073 INFO  Minecraft: Watchdog has banned 31,710 players in the last 7 days. 
14:00:22.073 INFO  Minecraft: Staff have banned an additional 13,253 in the last 7 days. 
14:00:22.074 INFO  Minecraft: Blacklisted modifications are a bannable offense! 
14:00:22.075 INFO  Minecraft:  
14:03:15.308 INFO  Minecraft: Guild > [MVP+] ranger4josh [M]: lol sorry 
14:03:17.617 INFO  Minecraft: Guild > [MVP+] ranger4josh [M]: wc 
14:13:58.396 INFO  Minecraft: Guild > ASovietDoge left. 
14:14:01.190 INFO  Minecraft: Guild > ASovietDoge joined. 
14:22:29.435 INFO  Logging in. 
17:07:38.384 INFO  Logging in. 
17:07:39.817 INFO  Discord: Logged in. 
17:07:41.624 INFO  Logged in. 
17:07:41.919 INFO  Minecraft:                                       
17:07:41.926 INFO  Minecraft:                           
17:07:41.949 INFO  Minecraft: You found a 扳扳扳扳 Mystery Box! 
17:07:42.820 INFO  Minecraft: ----------------------------------------------------- 
17:07:42.822 INFO  Minecraft: Requirements are Skill Avg 23, Cata 23, and 170m net, along 
17:07:42.823 INFO  Minecraft: with 85k gexp a week! Make sure to have fun and contact 
17:07:42.824 INFO  Minecraft: OwOSeal or Smol if you have something to report, or something else to say! 
17:07:42.825 INFO  Minecraft: ----------------------------------------------------- 
17:07:46.633 INFO  Sending to skyblock. 
17:07:47.174 INFO  Minecraft: Sending to server mini639B... 
17:07:47.375 INFO  Logged in. 
17:07:47.666 INFO  Minecraft:         
17:07:50.832 INFO  Minecraft: You are playing on profile: Zucchini (Co-op) 
17:07:51.413 INFO  Minecraft:  
17:07:51.415 INFO  Minecraft: Welcome to Hypixel SkyBlock! 
17:07:51.416 INFO  Minecraft: 2x experience is currently enabled! 
17:07:51.842 INFO  Minecraft: ALLOWANCE! You earned 50,000 coins! 
17:07:52.014 INFO  Minecraft: You're already sitting on this island! 
17:07:52.385 INFO  Sending to skyblock. 
17:07:52.717 INFO  Minecraft: Cannot join SkyBlock for a moment! (Queue join in cooldown) 
17:07:57.812 INFO  Minecraft: You're already sitting on this island! 
17:11:59.857 INFO  Minecraft: Guild > YoMadaEatingRice joined. 
17:16:31.451 INFO  Minecraft: Guild > IdlyChiqken left. 
17:20:26.309 INFO  Minecraft: Guild > YoMadaEatingRice left. 
17:25:31.912 INFO  Minecraft: Guild > BamBoozledMC joined. 
17:29:55.883 INFO  Minecraft:  禄 BamBoozledMC is traveling to Private Island FOLLOW 
17:30:25.011 INFO  Minecraft: You gained 5,120 Mining experience from minions! 
17:30:27.654 INFO  Minecraft: You gained 5,120 Mining experience from minions! 
17:30:38.510 INFO  Minecraft: You gained 320 Mining experience from minions! 
17:30:39.130 INFO  Minecraft: You gained 1,728 Mining experience from minions! 
17:30:39.934 INFO  Minecraft: You gained 4,096 Mining experience from minions! 
17:30:42.460 INFO  Minecraft: You gained 1,728 Mining experience from minions! 
17:30:43.238 INFO  Minecraft: You gained 4,096 Mining experience from minions! 
17:30:43.919 INFO  Minecraft: You gained 256 Mining experience from minions! 
17:30:48.710 INFO  Minecraft: You gained 4,096 Mining experience from minions! 
17:30:49.341 INFO  Minecraft: You gained 1,792 Mining experience from minions! 
17:30:50.064 INFO  Minecraft: You gained 320 Mining experience from minions! 
17:30:52.897 INFO  Minecraft: You gained 4,096 Mining experience from minions! 
17:30:53.356 INFO  Minecraft: You gained 1,792 Mining experience from minions! 
17:30:53.969 INFO  Minecraft: You gained 320 Mining experience from minions! 
17:30:56.556 INFO  Minecraft: You gained 4,096 Mining experience from minions! 
17:30:57.120 INFO  Minecraft: You gained 1,792 Mining experience from minions! 
17:30:57.658 INFO  Minecraft: You gained 256 Mining experience from minions! 
17:31:00.739 INFO  Minecraft: You gained 256 Mining experience from minions! 
17:31:01.318 INFO  Minecraft: You gained 1,792 Mining experience from minions! 
17:31:01.804 INFO  Minecraft: You gained 4,096 Mining experience from minions! 
17:31:05.112 INFO  Minecraft: You gained 1,792 Mining experience from minions! 
17:31:05.619 INFO  Minecraft: You gained 4,096 Mining experience from minions! 
17:31:06.464 INFO  Minecraft: You gained 256 Mining experience from minions! 
17:31:09.429 INFO  Minecraft: You gained 320 Mining experience from minions! 
17:31:09.975 INFO  Minecraft: You gained 4,096 Mining experience from minions! 
17:31:10.595 INFO  Minecraft: You gained 1,792 Mining experience from minions! 
17:31:12.903 INFO  Minecraft: You gained 320 Mining experience from minions! 
17:31:13.456 INFO  Minecraft: You gained 1,728 Mining experience from minions! 
17:31:14.099 INFO  Minecraft: You gained 4,096 Mining experience from minions! 
17:31:21.481 INFO  Minecraft: You gained 256 Mining experience from minions! 
17:31:22.095 INFO  Minecraft: You gained 1,728 Mining experience from minions! 
17:31:22.769 INFO  Minecraft: You gained 4,096 Mining experience from minions! 
17:31:32.374 INFO  Minecraft: You gained 320 Mining experience from minions! 
17:31:32.927 INFO  Minecraft: You gained 1,728 Mining experience from minions! 
17:31:33.445 INFO  Minecraft: You gained 4,096 Mining experience from minions! 
17:31:35.748 INFO  Minecraft: You gained 256 Mining experience from minions! 
17:31:36.379 INFO  Minecraft: You gained 4,096 Mining experience from minions! 
17:31:36.978 INFO  Minecraft: You gained 1,792 Mining experience from minions! 
17:31:38.772 INFO  Minecraft:  禄 BamBoozledMC is traveling to Hub FOLLOW 
17:32:12.188 INFO  Minecraft:  禄 BamBoozledMC is traveling to Private Island FOLLOW 
18:00:22.356 INFO  Minecraft:  
18:00:22.368 INFO  Minecraft: [WATCHDOG ANNOUNCEMENT] 
18:00:22.370 INFO  Minecraft: Watchdog has banned 31,829 players in the last 7 days. 
18:00:22.371 INFO  Minecraft: Staff have banned an additional 13,348 in the last 7 days. 
18:00:22.371 INFO  Minecraft: Blacklisted modifications are a bannable offense! 
18:00:22.372 INFO  Minecraft:  
18:01:57.901 INFO  Minecraft: Guild > YoMadaEatingRice joined. 
18:09:37.967 INFO  Minecraft: Guild > ranger4josh joined. 
18:14:50.286 INFO  Minecraft:  禄 BamBoozledMC is traveling to Private Island FOLLOW 
18:42:25.446 INFO  Minecraft: Guild > ranger4josh left. 
19:13:39.335 INFO  Minecraft: Guild > YoMadaEatingRice left. 
19:14:00.118 INFO  Minecraft: Guild > YoMadaEatingRice joined. 
19:41:53.996 INFO  Minecraft: Guild > YoMadaEatingRice left. 
19:47:53.444 INFO  Minecraft: [SkyBlock] [MVP+] Auklar is visiting Your Island! 
19:48:03.755 INFO  Minecraft: [] [MVP+] Auklar: there was a guys island that needed help lol 
19:55:29.027 INFO  Minecraft: [] [MVP+] Auklar: hi 
19:55:32.871 INFO  Minecraft: [] [MVP+] Auklar: heres my set up 
19:55:56.630 INFO  Minecraft: [] [MVP+] Auklar: wait its locked one sec 
19:56:57.523 INFO  Minecraft: [] [MVP+] Auklar: wait so one of our co members became inactive and if he doesn start playin in a week were selling his stuff but we do have this u migh could use if he dont come back wait here 
19:57:28.413 INFO  Minecraft: Guild > Za1bot joined. 
19:57:31.319 INFO  Minecraft: [SkyBlock] [MVP+] Auklar is visiting Your Island! 
19:58:01.944 INFO  Minecraft: [MVP+] BamBoozledMC: oh sheesh 
19:58:05.486 INFO  Minecraft: [] [MVP+] Auklar: that was his set up b4 he quit lol 
19:58:26.115 INFO  Minecraft: [] [MVP+] Auklar: u like ym livid/ 
19:58:27.924 INFO  Minecraft: [] [MVP+] Auklar: ? 
19:59:09.073 INFO  Minecraft: [] [MVP+] Auklar: ok wow 
19:59:10.974 INFO  Minecraft: [] [MVP+] Auklar: lmao 
20:00:10.253 INFO  Minecraft: [] [MVP+] Auklar: ok so yea well its 65 am 
20:00:16.063 INFO  Minecraft: [] [MVP+] Auklar: 6 am 
20:00:17.358 INFO  Minecraft: [] [MVP+] Auklar: right 
20:00:21.216 INFO  Minecraft: [MVP+] BamBoozledMC: for who 
20:00:22.527 INFO  Minecraft:  
20:00:22.529 INFO  Minecraft: [WATCHDOG ANNOUNCEMENT] 
20:00:22.530 INFO  Minecraft: Watchdog has banned 31,848 players in the last 7 days. 
20:00:22.531 INFO  Minecraft: Staff have banned an additional 13,464 in the last 7 days. 
20:00:22.533 INFO  Minecraft: Blacklisted modifications are a bannable offense! 
20:00:22.534 INFO  Minecraft:  
20:00:22.761 INFO  Minecraft: [] [MVP+] Auklar: u 
20:00:24.277 INFO  Minecraft: [] [MVP+] Auklar: ? 
20:00:26.947 INFO  Minecraft: [MVP+] BamBoozledMC: rn? 
20:00:29.099 INFO  Minecraft: [] [MVP+] Auklar: ya 
20:00:30.916 INFO  Minecraft: [MVP+] BamBoozledMC: no 
20:00:33.762 INFO  Minecraft: [] [MVP+] Auklar: what time then 
20:00:38.891 INFO  Minecraft: [MVP+] BamBoozledMC: i said Aest 
20:00:43.395 INFO  Minecraft: [MVP+] BamBoozledMC: not est 
20:00:43.572 INFO  Minecraft: [] [MVP+] Auklar: ok so waht time 
20:00:49.411 INFO  Minecraft: [MVP+] BamBoozledMC: its 8pm 
20:00:50.658 INFO  Minecraft: [MVP+] BamBoozledMC: rn 
20:00:53.472 INFO  Minecraft: [] [MVP+] Auklar: ou 
20:00:59.913 INFO  Minecraft: [] [MVP+] Auklar: they gone b on when u sleep ngl to ya lmao 
20:01:12.345 INFO  Minecraft: [MVP+] BamBoozledMC: and its the 02/07/21 
20:01:20.050 INFO  Minecraft: [MVP+] BamBoozledMC: so im future 
20:01:22.486 INFO  Minecraft: [] [MVP+] Auklar: yea same for us 
20:01:25.242 INFO  Minecraft: [] [MVP+] Auklar: ok screw lmao 
20:01:35.663 INFO  Minecraft: [] [MVP+] Auklar: wait so i need a blue whale 
20:01:40.689 INFO  Minecraft: [] [MVP+] Auklar: so can u do me a favor 
20:01:44.501 INFO  Minecraft: [MVP+] BamBoozledMC: and i have no money 
20:01:48.263 INFO  Minecraft: [] [MVP+] Auklar: buy my pets off me for a pricve then sell them 
20:01:57.817 INFO  Minecraft: [MVP+] BamBoozledMC: and i have no money.... 
20:01:58.932 INFO  Minecraft: [] [MVP+] Auklar: u have a 100m midas thats bs 
20:02:00.762 INFO  Minecraft: [] [MVP+] Auklar: lol 
20:02:09.388 INFO  Minecraft: [] [MVP+] Auklar: with a necron adn livid that u dont use cuz ur a mage now 
20:02:09.849 INFO  Minecraft: [MVP+] BamBoozledMC: none in bank 
20:02:21.710 INFO  Minecraft: [MVP+] BamBoozledMC: im gonna get both instead of selling 
20:02:29.952 INFO  Minecraft: [] [MVP+] Auklar: well check the pets out and tell me if u would buy em 
20:02:36.684 INFO  Minecraft: [MVP+] BamBoozledMC: ok 
20:02:38.221 INFO  Minecraft: [] [MVP+] Auklar: do /ah unevenwall500 
20:02:57.613 INFO  Minecraft: [] [MVP+] Auklar: i told him to put it up cuz he has no tax on ah 
20:03:01.705 INFO  Minecraft: [MVP+] BamBoozledMC: no tax? 
20:03:02.503 INFO  Minecraft: [MVP+] BamBoozledMC: how 
20:04:29.908 INFO  Minecraft: [] [MVP+] Auklar: to help me is the reason lol 
20:05:17.097 INFO  Minecraft: [] [MVP+] Auklar: ok 
20:07:47.174 INFO  Minecraft: BamBoozledMC left SkyBlock. 
20:07:50.704 INFO  Minecraft: BamBoozledMC joined SkyBlock. 
20:15:24.276 INFO  Minecraft: Guild > clonzy left. 
20:15:44.265 INFO  Minecraft: Guild > ranger4josh joined. 
20:19:26.794 INFO  Minecraft: You are being transferred to the HUB for being AFK! 
20:19:26.930 INFO  Minecraft: Sending to server mini288M... 
20:19:27.026 INFO  Logged in. 
20:19:27.390 INFO  Minecraft:         
20:19:30.212 INFO  Minecraft: shadowclu: i sell 
20:19:30.916 INFO  Minecraft: You are playing on profile: Zucchini (Co-op) 
20:19:32.026 INFO  Sending to skyblock. 
20:19:32.350 INFO  Minecraft: You are already playing SkyBlock! 
20:19:32.376 INFO  Minecraft: Tor_EXE: how much 
20:19:37.411 INFO  Minecraft: Warping you to your SkyBlock island... 
20:19:37.667 INFO  Minecraft: Sending to server mini445F... 
20:19:37.827 INFO  Logged in. 
20:19:38.065 INFO  Minecraft:         
20:19:41.232 INFO  Minecraft: You are playing on profile: Zucchini (Co-op) 
20:19:42.828 INFO  Sending to skyblock. 
20:19:43.211 INFO  Minecraft: You are already playing SkyBlock! 
20:19:48.217 INFO  Minecraft: You're already sitting on this island! 
20:40:53.140 INFO  Minecraft: Guild > Za1bot left. 
20:41:15.469 INFO  Minecraft: Guild > [MVP+] ranger4josh [M]: umm how did diaz get elected 
20:50:16.635 INFO  Minecraft: Guild > ranger4josh left. 
20:50:21.767 INFO  Minecraft: Guild > ranger4josh joined. 
20:51:33.063 INFO  Minecraft: Guild > BamBoozledMC left. 
21:13:13.089 INFO  Minecraft: Guild > ranger4josh left. 
21:59:07.144 INFO  Minecraft: ----------------------------------------------------- 
21:59:07.154 INFO  Minecraft: You have just received 46,321 coins as interest in your co-op bank account! 
21:59:07.155 INFO  Minecraft: ----------------------------------------------------- 
22:00:22.714 INFO  Minecraft:  
22:00:22.718 INFO  Minecraft: [WATCHDOG ANNOUNCEMENT] 
22:00:22.718 INFO  Minecraft: Watchdog has banned 31,694 players in the last 7 days. 
22:00:22.719 INFO  Minecraft: Staff have banned an additional 13,539 in the last 7 days. 
22:00:22.720 INFO  Minecraft: Blacklisted modifications are a bannable offense! 
22:00:22.721 INFO  Minecraft:  
22:46:14.651 INFO  Minecraft: Guild > FabledLivid joined. 
22:48:28.659 INFO  Minecraft: Guild > [VIP] FabledLivid [M]: guysw 
22:48:37.451 INFO  Minecraft: Guild > [VIP] FabledLivid [M]: for tank do u need a reaper scythe/ 
22:49:05.718 INFO  Minecraft: Guild > [VIP] FabledLivid [M]: pls tell me 
23:01:17.646 INFO  Minecraft: [Important] This server will restart soon: Scheduled Reboot 
23:01:17.686 INFO  Minecraft: You have 60 seconds to warp out! CLICK to warp now! 
23:02:15.725 INFO  Minecraft: Evacuating to Hub... 
23:02:15.797 INFO  Minecraft: Sending to server mini198J... 
23:02:15.876 INFO  Logged in. 
23:02:16.380 INFO  Minecraft:         
23:02:20.119 INFO  Minecraft: You are playing on profile: Zucchini (Co-op) 
23:02:20.890 INFO  Sending to skyblock. 
23:02:21.206 INFO  Minecraft: You are already playing SkyBlock! 
23:02:26.297 INFO  Minecraft: Warping you to your SkyBlock island... 
23:02:26.564 INFO  Minecraft: Sending to server mini81C... 
23:02:26.685 INFO  Logged in. 
23:02:27.042 INFO  Minecraft:         
23:02:30.071 INFO  Minecraft: You are playing on profile: Zucchini (Co-op) 
23:02:31.689 INFO  Sending to skyblock. 
23:02:32.014 INFO  Minecraft: You are already playing SkyBlock! 
23:02:37.117 INFO  Minecraft: You're already sitting on this island! 
23:16:08.569 INFO  Minecraft: Guild > FabledLivid left. 
23:47:28.426 INFO  Minecraft: Guild > boxed_cat joined. 
23:54:16.027 INFO  Discord: [锔guild-chat] Gura's Shrimp: yooo boxed 
23:54:16.367 INFO  Minecraft: Guild > Minikloons [LS]: Gura'sShrimp禄 yooo boxed 
23:58:50.051 INFO  Minecraft: Guild > FabledLivid joined. 
00:00:12.983 INFO  Minecraft: Guild > OLYforever joined. 
00:00:22.889 INFO  Minecraft:  
00:00:22.892 INFO  Minecraft: [WATCHDOG ANNOUNCEMENT] 
00:00:22.894 INFO  Minecraft: Watchdog has banned 31,621 players in the last 7 days. 
00:00:22.894 INFO  Minecraft: Staff have banned an additional 13,565 in the last 7 days. 
00:00:22.895 INFO  Minecraft: Blacklisted modifications are a bannable offense! 
00:00:22.896 INFO  Minecraft:  
00:00:40.085 INFO  Minecraft: Guild > OLYforever left. 

