00:00:59.517 INFO  Minecraft: Guild > UnknowAccount joined. 
00:03:08.634 INFO  Minecraft: Guild > UnknowAccount left. 
00:16:08.919 INFO  Minecraft: Guild > [VIP] friendly_rook [M]: a 
00:19:20.058 INFO  Minecraft: Guild > UnknowAccount joined. 
00:22:26.508 INFO  Minecraft: Guild > [MVP+] NucOps06 [M]: Extremely cheap fishing setup on my Ah someone buy lol 
00:23:10.446 INFO  Minecraft: Guild > NucOps06 left. 
00:24:23.552 INFO  Minecraft: Guild > friendly_rook left. 
00:56:36.674 INFO  Minecraft: Guild > NucOps06 joined. 
01:01:04.171 INFO  Minecraft: Guild > NucOps06 left. 
01:05:05.535 INFO  Minecraft: Guild > UnknowAccount left. 
01:23:30.407 INFO  Minecraft: Guild > NucOps06 joined. 
01:23:33.387 INFO  Minecraft: Guild > NucOps06 left. 
01:31:43.631 INFO  Minecraft: Guild > NucOps06 joined. 
01:40:03.422 INFO  Minecraft: Guild > NucOps06 left. 
01:40:07.296 INFO  Minecraft: Guild > NucOps06 joined. 
01:48:45.293 INFO  Logging in. 
01:48:46.733 INFO  Discord: Logged in. 
01:48:48.168 INFO  Logged in. 
01:48:48.451 INFO  Minecraft:                                       
01:48:48.458 INFO  Minecraft:                           
01:48:48.664 INFO  Minecraft: You found a âœ°âœ°âœ°âœ°âœ° Mystery Box! 
01:48:49.566 INFO  Minecraft: ----------------------------------------------------- 
01:48:49.568 INFO  Minecraft: Requirements are Skill Avg 23, Cata 23, and 170m net, along 
01:48:49.569 INFO  Minecraft: with 85k gexp a week! Make sure to have fun and contact 
01:48:49.569 INFO  Minecraft: OwOSeal or Smol if you have something to report, or something else to say! 
01:48:49.570 INFO  Minecraft: ----------------------------------------------------- 
01:48:53.171 INFO  Sending to skyblock. 
01:48:53.758 INFO  Minecraft: Sending to server mini773B... 
01:48:53.945 INFO  Logged in. 
01:48:54.480 INFO  Minecraft:         
01:48:57.335 INFO  Minecraft: You are playing on profile: Zucchini (Co-op) 
01:48:57.982 INFO  Minecraft:  
01:48:57.984 INFO  Minecraft: Welcome to Hypixel SkyBlock! 
01:48:58.546 INFO  Minecraft: You're already sitting on this island! 
01:48:58.977 INFO  Sending to skyblock. 
01:48:59.301 INFO  Minecraft: Cannot join SkyBlock for a moment! (Queue join in cooldown) 
01:49:04.423 INFO  Minecraft: You're already sitting on this island! 
01:55:40.404 INFO  Minecraft: Guild > NucOps06 joined. 
02:00:00.194 INFO  Minecraft:  
02:00:00.196 INFO  Minecraft: [WATCHDOG ANNOUNCEMENT] 
02:00:00.197 INFO  Minecraft: Watchdog has banned 31,115 players in the last 7 days. 
02:00:00.198 INFO  Minecraft: Staff have banned an additional 12,647 in the last 7 days. 
02:00:00.199 INFO  Minecraft: Blacklisted modifications are a bannable offense! 
02:00:00.199 INFO  Minecraft:  
02:01:00.458 INFO  Minecraft: Guild > UnknowAccount joined. 
02:01:24.824 INFO  Minecraft: [Important] This server will restart soon: Scheduled Reboot 
02:01:24.863 INFO  Minecraft: You have 60 seconds to warp out! CLICK to warp now! 
02:02:22.944 INFO  Minecraft: Evacuating to Hub... 
02:02:23.039 INFO  Minecraft: Sending to server mini43P... 
02:02:23.143 INFO  Logged in. 
02:02:23.318 INFO  Minecraft:         
02:02:26.527 INFO  Minecraft: You are playing on profile: Zucchini (Co-op) 
02:02:28.151 INFO  Sending to skyblock. 
02:02:28.478 INFO  Minecraft: You are already playing SkyBlock! 
02:02:33.526 INFO  Minecraft: Warping you to your SkyBlock island... 
02:02:33.781 INFO  Minecraft: Sending to server mini239J... 
02:02:33.930 INFO  Logged in. 
02:02:34.398 INFO  Minecraft:         
02:02:37.354 INFO  Minecraft: You are playing on profile: Zucchini (Co-op) 
02:02:38.940 INFO  Sending to skyblock. 
02:02:39.333 INFO  Minecraft: You are already playing SkyBlock! 
02:02:44.370 INFO  Minecraft: You're already sitting on this island! 
02:05:43.336 INFO  Minecraft: Guild > oSnapItsWalter joined. 
02:07:51.744 INFO  Minecraft: Guild > oSnapItsWalter left. 
02:19:40.685 INFO  Minecraft: Guild > UnknowAccount left. 
02:19:44.795 INFO  Minecraft: Guild > UnknowAccount joined. 
02:25:03.590 INFO  Minecraft: Guild > NucOps06 left. 
02:26:20.631 INFO  Minecraft: Guild > NucOps06 joined. 
02:30:18.846 INFO  Minecraft: Guild > NucOps06 left. 
02:30:23.778 INFO  Minecraft: Guild > NucOps06 joined. 
02:39:36.649 INFO  Logging in. 
02:39:38.168 INFO  Discord: Logged in. 
02:39:40.229 INFO  Logged in. 
02:39:40.460 INFO  Minecraft:                                       
02:39:40.469 INFO  Minecraft:                           
02:39:40.823 INFO  Minecraft: ----------------------------------------------------- 
02:39:40.825 INFO  Minecraft: Requirements are Skill Avg 23, Cata 23, and 170m net, along 
02:39:40.826 INFO  Minecraft: with 85k gexp a week! Make sure to have fun and contact 
02:39:40.827 INFO  Minecraft: OwOSeal or Smol if you have something to report, or something else to say! 
02:39:40.827 INFO  Minecraft: ----------------------------------------------------- 
02:39:40.830 INFO  Minecraft: [MVP+] SisterJohn joined the lobby! 
02:39:40.830 INFO  Sending to skyblock. 
02:39:44.025 INFO  Minecraft: Sending to server mini249W... 
02:39:44.075 INFO  Logged in. 
02:39:44.207 INFO  Minecraft:         
02:39:45.229 INFO  Sending to skyblock. 
02:39:45.474 INFO  Minecraft: You're already sitting on this island! 
02:39:45.919 INFO  Minecraft: You are playing on profile: Zucchini (Co-op) 
02:39:45.986 INFO  Minecraft: Please don't spam the command! 
02:39:45.987 INFO  Minecraft:  
02:39:45.988 INFO  Minecraft: Welcome to Hypixel SkyBlock! 
02:39:49.079 INFO  Sending to skyblock. 
02:39:49.444 INFO  Minecraft: You are already playing SkyBlock! 
02:39:50.811 INFO  Minecraft: You're already sitting on this island! 
02:39:54.689 INFO  Minecraft: You're already sitting on this island! 
02:42:20.102 INFO  Minecraft: Friend > SnowedSeal joined. 
02:50:50.275 INFO  Minecraft: Guild > NucOps06 left. 
02:52:19.369 INFO  Minecraft: Guild > ASovietDoge joined. 
02:56:53.739 INFO  Minecraft: Guild > UnknownShadow124 joined. 
02:57:57.009 INFO  Minecraft: Guild > UnknowAccount left. 
03:11:22.631 INFO  Minecraft: Friend > SnowedSeal left. 
03:16:51.973 INFO  Minecraft: Guild > oSnapItsWalter joined. 
03:20:12.891 INFO  Minecraft: Guild > NucOps06 joined. 
03:32:30.889 INFO  Minecraft: Guild > ASovietDoge left. 
03:35:29.639 INFO  Minecraft: Guild > Pizzas_faces joined. 
03:36:23.794 INFO  Minecraft: Guild > Pizzas_faces left. 
03:40:35.015 INFO  Minecraft: Friend > SnowedSeal joined. 
03:41:30.665 INFO  Minecraft: Guild > [MVP+] NucOps06 [M]: stuff on my ah for fishing please buy lel 
03:52:27.828 INFO  Minecraft: Guild > NucOps06 left. 
03:53:58.991 INFO  Minecraft: Guild > NucOps06 joined. 
03:59:12.661 INFO  Minecraft: Guild > UnknownShadow124 left. 
04:00:00.476 INFO  Minecraft:  
04:00:00.479 INFO  Minecraft: [WATCHDOG ANNOUNCEMENT] 
04:00:00.482 INFO  Minecraft: Watchdog has banned 31,179 players in the last 7 days. 
04:00:00.482 INFO  Minecraft: Staff have banned an additional 12,659 in the last 7 days. 
04:00:00.483 INFO  Minecraft: Blacklisted modifications are a bannable offense! 
04:00:00.483 INFO  Minecraft:  
04:23:12.769 INFO  Minecraft: Guild > oSnapItsWalter left. 
04:26:19.612 INFO  Minecraft: Guild > ASovietDoge joined. 
04:31:41.601 INFO  Minecraft: Guild > NucOps06 left. 
04:40:12.717 INFO  Minecraft: Guild > NucOps06 joined. 
04:53:43.043 INFO  Minecraft: Guild > [MVP+] NucOps06 [M]: anyone wanna buy my full necron for 105m 
05:02:18.844 INFO  Minecraft: Friend > SnowedSeal left. 
05:06:39.970 INFO  Discord: [ðŸ’¬â†’ï¸±guild-chat] LS | SnowedSeal: :o 
05:06:40.323 INFO  Minecraft: Guild > Minikloons [LS]: LS| SnowedSealÂ» :o 
05:08:00.734 INFO  Minecraft: Friend > SnowedSeal joined. 
05:08:39.686 INFO  Minecraft: Guild > oSnapItsWalter joined. 
05:09:09.811 INFO  Minecraft: Guild > ASovietDoge left. 
05:10:04.898 INFO  Minecraft: Friend > SnowedSeal left. 
05:15:10.713 INFO  Minecraft: [SkyBlock] [MVP+] smarthub is visiting Your Island! 
05:17:40.749 INFO  Minecraft: Guild > TimothyPlays57 joined. 
05:24:05.497 INFO  Minecraft: Guild > oSnapItsWalter left. 
05:24:08.338 INFO  Minecraft: Guild > NucOps06 left. 
05:24:38.376 INFO  Minecraft: Guild > oSnapItsWalter joined. 
05:25:59.533 INFO  Minecraft: Guild > SwagMonkey420 joined. 
05:31:08.883 INFO  Minecraft: Guild > PvP_Left joined. 
05:31:51.240 INFO  Minecraft: Guild > PvP_Left left. 
05:32:00.482 INFO  Minecraft: Guild > PvP_Left joined. 
05:35:51.103 INFO  Minecraft: Guild > PvP_Left left. 
05:37:45.432 INFO  Minecraft: Guild > PvP_Left joined. 
05:40:51.383 INFO  Minecraft: Guild > TimothyPlays57 left. 
05:49:36.107 INFO  Minecraft: ----------------------------------------------------- 
05:49:36.109 INFO  Minecraft: [VIP] PvP_Left left the guild! 
05:49:36.111 INFO  Minecraft: ----------------------------------------------------- 
05:49:36.925 INFO  Minecraft: Guild > Minikloons [LS]: We are sorry you had to leave, PvP_Left 
05:53:21.465 INFO  Minecraft: Guild > oSnapItsWalter left. 
06:00:02.171 INFO  Minecraft:  
06:00:02.173 INFO  Minecraft: [WATCHDOG ANNOUNCEMENT] 
06:00:02.174 INFO  Minecraft: Watchdog has banned 31,140 players in the last 7 days. 
06:00:02.176 INFO  Minecraft: Staff have banned an additional 12,679 in the last 7 days. 
06:00:02.177 INFO  Minecraft: Blacklisted modifications are a bannable offense! 
06:00:02.177 INFO  Minecraft:  
06:08:17.015 INFO  Minecraft: Guild > SwagMonkey420 left. 
06:09:18.976 INFO  Minecraft: Guild > SwagMonkey420 joined. 
06:18:53.833 INFO  Minecraft: Guild > ASovietDoge joined. 
06:22:04.325 INFO  Minecraft: Guild > NucOps06 joined. 
06:52:42.009 INFO  Minecraft: Guild > NucOps06 left. 
07:04:02.964 INFO  Minecraft: Guild > NucOps06 joined. 
07:14:03.725 INFO  Minecraft: Guild > ASovietDoge left. 
07:17:35.597 INFO  Minecraft: Guild > FearTheVillain3 joined. 
07:19:49.193 INFO  Minecraft: Guild > SwagMonkey420 left. 
07:21:20.277 INFO  Minecraft: Guild > FearTheVillain3 left. 
07:51:56.601 INFO  Minecraft: Guild > NucOps06 left. 
07:53:21.044 INFO  Minecraft: Guild > NucOps06 joined. 
08:00:02.364 INFO  Minecraft:  
08:00:02.367 INFO  Minecraft: [WATCHDOG ANNOUNCEMENT] 
08:00:02.368 INFO  Minecraft: Watchdog has banned 31,127 players in the last 7 days. 
08:00:02.368 INFO  Minecraft: Staff have banned an additional 12,673 in the last 7 days. 
08:00:02.369 INFO  Minecraft: Blacklisted modifications are a bannable offense! 
08:00:02.370 INFO  Minecraft:  
08:06:30.656 INFO  Minecraft: Guild > UnknowAccount joined. 
08:17:35.866 INFO  Minecraft: Guild > NucOps06 left. 
08:22:21.218 INFO  Minecraft: Guild > UnknowAccount left. 
08:34:34.828 INFO  Minecraft: Guild > ASovietDoge joined. 
08:45:17.199 INFO  Minecraft: Guild > ASovietDoge left. 
08:45:20.630 INFO  Minecraft: Guild > ASovietDoge joined. 
08:53:41.939 INFO  Minecraft: Friend > SnowedSeal joined. 
08:55:01.070 INFO  Minecraft: FISHING FESTIVAL The festival is now underway! Break out your fishing rods and watch out for sharks! 
08:58:06.119 INFO  Minecraft: ----------------------------------------------------- 
08:58:06.122 INFO  Minecraft: You have just received 70,076 coins as interest in your co-op bank account! 
08:58:06.123 INFO  Minecraft: ----------------------------------------------------- 
08:58:48.205 INFO  Minecraft: The Traveling Zoo is visiting the SkyBlock Hub! 
08:58:48.210 INFO  Minecraft: CLICK HERE to shop for exotic pets! 
08:58:53.761 INFO  Minecraft: Friend > IdlyChiqken joined. 
09:01:12.014 INFO  Minecraft: Guild > ASovietDoge left. 
09:01:17.093 INFO  Minecraft: Friend > SnowedSeal left. 
09:11:25.312 INFO  Minecraft: Guild > TimothyPlays57 joined. 
09:19:55.730 INFO  Minecraft: Guild > NucOps06 joined. 
09:24:33.094 INFO  Minecraft: Guild > NucOps06 left. 
09:24:36.916 INFO  Minecraft: Guild > NucOps06 joined. 
09:42:38.586 INFO  Minecraft: Guild > ASovietDoge joined. 
09:55:00.261 INFO  Minecraft: FISHING FESTIVAL The festival has concluded! Time to dry off and repair your rods! 
10:00:02.514 INFO  Minecraft:  
10:00:02.517 INFO  Minecraft: [WATCHDOG ANNOUNCEMENT] 
10:00:02.517 INFO  Minecraft: Watchdog has banned 31,177 players in the last 7 days. 
10:00:02.518 INFO  Minecraft: Staff have banned an additional 12,633 in the last 7 days. 
10:00:02.519 INFO  Minecraft: Blacklisted modifications are a bannable offense! 
10:00:02.519 INFO  Minecraft:  
10:00:49.010 INFO  Minecraft: Guild > ranger4josh joined. 
10:08:50.292 INFO  Minecraft: Friend > IdlyChiqken left. 
10:17:00.137 INFO  Minecraft: Friend > IdlyChiqken joined. 
10:17:56.749 INFO  Minecraft: Friend > IdlyChiqken left. 
10:22:34.078 INFO  Minecraft: Friend > IdlyChiqken joined. 
10:24:58.997 INFO  Minecraft: Friend > IdlyChiqken left. 
10:34:20.075 INFO  Minecraft: Guild > ranger4josh left. 
10:36:19.757 INFO  Minecraft: Guild > ASovietDoge left. 
10:42:02.725 INFO  Minecraft: Friend > SnowedSeal joined. 
10:45:11.977 INFO  Minecraft: Guild > TimothyPlays57 left. 
10:54:34.738 INFO  Minecraft: Guild > ranger4josh joined. 
10:55:30.641 INFO  Minecraft: Friend > IdlyChiqken joined. 
11:03:14.052 INFO  Minecraft: [Important] This server will restart soon: Scheduled Reboot 
11:03:14.090 INFO  Minecraft: You have 60 seconds to warp out! CLICK to warp now! 
11:04:12.406 INFO  Minecraft: Evacuating to Hub... 
11:04:12.493 INFO  Minecraft: Sending to server mini376H... 
11:04:12.621 INFO  Logged in. 
11:04:13.139 INFO  Minecraft:         
11:04:16.879 INFO  Minecraft: You are playing on profile: Zucchini (Co-op) 
11:04:17.627 INFO  Sending to skyblock. 
11:04:17.957 INFO  Minecraft: You are already playing SkyBlock! 
11:04:23.006 INFO  Minecraft: Warping you to your SkyBlock island... 
11:04:25.614 INFO  Minecraft: Sending to server mini518H... 
11:04:26.005 INFO  Logged in. 
11:04:26.838 INFO  Minecraft:         
11:04:31.019 INFO  Sending to skyblock. 
11:04:31.354 INFO  Minecraft: You are already playing SkyBlock! 
11:04:36.392 INFO  Minecraft: You're already sitting on this island! 
11:04:36.807 INFO  Minecraft: You are playing on profile: Zucchini (Co-op) 
11:15:24.190 INFO  Minecraft: Guild > ASovietDoge joined. 
11:16:38.329 INFO  Minecraft: Guild > ranger4josh left. 
11:16:46.233 INFO  Minecraft: Guild > ranger4josh joined. 
11:18:07.727 INFO  Minecraft: [Important] This server will restart soon: Scheduled Reboot 
11:18:07.768 INFO  Minecraft: You have 60 seconds to warp out! CLICK to warp now! 
11:19:05.948 INFO  Minecraft: Evacuating to Hub... 
11:19:06.084 INFO  Minecraft: Sending to server mega96C... 
11:19:06.166 INFO  Logged in. 
11:19:06.380 INFO  Minecraft:         
11:19:09.493 INFO  Minecraft: You are playing on profile: Zucchini (Co-op) 
11:19:11.183 INFO  Sending to skyblock. 
11:19:11.517 INFO  Minecraft: You are already playing SkyBlock! 
11:19:16.594 INFO  Minecraft: Warping you to your SkyBlock island... 
11:19:16.893 INFO  Minecraft: Sending to server mini833H... 
11:19:16.962 INFO  Logged in. 
11:19:17.275 INFO  Minecraft:         
11:19:20.401 INFO  Minecraft: You are playing on profile: Zucchini (Co-op) 
11:19:21.964 INFO  Sending to skyblock. 
11:19:22.272 INFO  Minecraft: You are already playing SkyBlock! 
11:19:27.481 INFO  Minecraft: You're already sitting on this island! 
11:30:01.980 INFO  Minecraft: Friend > SnowedSeal left. 
11:31:02.749 INFO  Minecraft: Guild > NucOps06 left. 
11:31:51.039 INFO  Minecraft: Guild > NucOps06 joined. 
11:33:02.630 INFO  Minecraft: Guild > ASovietDoge left. 
11:43:39.015 INFO  Minecraft: Guild > [MVP+] ranger4josh [M]: im sad 
11:43:46.549 INFO  Minecraft: Guild > [MVP+] ranger4josh [M]: i almost killed my first tier 2 
11:43:53.359 INFO  Minecraft: Guild > [MVP+] ranger4josh [M]: and i died cause i didnt see beacon 
11:49:22.250 INFO  Minecraft: Guild > [MVP+] ranger4josh [M]: i miss my warden helm and my aots 
11:53:36.303 INFO  Minecraft: Guild > ranger4josh left. 
11:59:52.123 INFO  Minecraft: Guild > BamBoozledMC joined. 
12:00:02.666 INFO  Minecraft:  
12:00:02.670 INFO  Minecraft: [WATCHDOG ANNOUNCEMENT] 
12:00:02.670 INFO  Minecraft: Watchdog has banned 31,460 players in the last 7 days. 
12:00:02.671 INFO  Minecraft: Staff have banned an additional 12,528 in the last 7 days. 
12:00:02.672 INFO  Minecraft: Blacklisted modifications are a bannable offense! 
12:00:02.672 INFO  Minecraft:  
12:01:27.748 INFO  Minecraft: You gained 7,680 Mining experience from minions! 
12:01:31.144 INFO  Minecraft: You gained 7,680 Mining experience from minions! 
12:01:34.502 INFO  Minecraft: You gained 7,680 Mining experience from minions! 
12:01:44.182 INFO  Minecraft: You gained 4,096 Mining experience from minions! 
12:01:44.717 INFO  Minecraft: You gained 2,048 Mining experience from minions! 
12:01:47.963 INFO  Minecraft: You gained 2,112 Mining experience from minions! 
12:01:48.553 INFO  Minecraft: You gained 4,096 Mining experience from minions! 
12:01:52.580 INFO  Minecraft: You gained 15,360 Mining experience from minions! 
12:01:55.307 INFO  Minecraft: You gained 15,360 Mining experience from minions! 
12:02:42.558 INFO  Minecraft: You gained 1,024 Fishing experience from minions! 
12:02:43.918 INFO  Minecraft: You gained 1,024 Fishing experience from minions! 
12:02:44.520 INFO  Minecraft: You gained 1,024 Fishing experience from minions! 
12:02:49.670 INFO  Minecraft: You gained 1,024 Fishing experience from minions! 
12:02:50.204 INFO  Minecraft: You gained 1,024 Fishing experience from minions! 
12:02:50.735 INFO  Minecraft: You gained 1,024 Fishing experience from minions! 
12:02:51.274 INFO  Minecraft: You gained 1,024 Fishing experience from minions! 
12:02:51.809 INFO  Minecraft: You gained 1,024 Fishing experience from minions! 
12:02:52.306 INFO  Minecraft: You gained 1,024 Fishing experience from minions! 
12:02:52.797 INFO  Minecraft: You gained 1,024 Fishing experience from minions! 
12:02:53.400 INFO  Minecraft: You gained 1,024 Fishing experience from minions! 
12:02:53.852 INFO  Minecraft: You gained 1,024 Fishing experience from minions! 
12:02:54.711 INFO  Minecraft: You gained 16 Fishing experience from minions! 
12:02:58.717 INFO  Minecraft: You gained 736 Fishing experience from minions! 
12:02:59.744 INFO  Minecraft: You gained 1,088 Mining experience from minions! 
12:03:02.132 INFO  Minecraft: You gained 4,096 Mining experience from minions! 
12:03:11.764 INFO  Minecraft: You gained 1,024 Fishing experience from minions! 
12:03:12.644 INFO  Minecraft: You gained 1,024 Fishing experience from minions! 
12:03:13.295 INFO  Minecraft: You gained 1,024 Fishing experience from minions! 
12:03:13.813 INFO  Minecraft: You gained 1,024 Fishing experience from minions! 
12:03:14.318 INFO  Minecraft: You gained 1,024 Fishing experience from minions! 
12:03:14.873 INFO  Minecraft: You gained 1,024 Fishing experience from minions! 
12:03:15.368 INFO  Minecraft: You gained 1,024 Fishing experience from minions! 
12:03:15.996 INFO  Minecraft: You gained 1,024 Fishing experience from minions! 
12:03:16.545 INFO  Minecraft: You gained 1,024 Fishing experience from minions! 
12:03:17.497 INFO  Minecraft: You gained 1,024 Fishing experience from minions! 
12:03:18.046 INFO  Minecraft: You gained 1,024 Fishing experience from minions! 
12:03:18.514 INFO  Minecraft: You gained 800 Fishing experience from minions! 
12:03:21.072 INFO  Minecraft: You gained 224 Fishing experience from minions! 
12:03:22.656 INFO  Minecraft: You gained 752 Fishing experience from minions! 
12:03:23.946 INFO  Minecraft: You gained 1,024 Mining experience from minions! 
12:03:27.454 INFO  Minecraft: You gained 4,096 Mining experience from minions! 
12:04:04.910 INFO  Minecraft: You gained 3,584 Mining experience from minions! 
12:04:05.551 INFO  Minecraft: You gained 4,096 Mining experience from minions! 
12:04:06.210 INFO  Minecraft: You gained 4,096 Mining experience from minions! 
12:04:06.810 INFO  Minecraft: You gained 320 Mining experience from minions! 
12:04:10.128 INFO  Minecraft: â–¬â–¬â–¬â–¬â–¬â–¬â–¬â–¬â–¬â–¬â–¬â–¬â–¬â–¬â–¬â–¬â–¬â–¬â–¬â–¬â–¬â–¬â–¬â–¬â–¬â–¬â–¬â–¬â–¬â–¬â–¬â–¬â–¬â–¬â–¬â–¬â–¬â–¬â–¬â–¬â–¬â–¬â–¬â–¬â–¬â–¬â–¬â–¬â–¬â–¬â–¬â–¬â–¬â–¬â–¬â–¬â–¬â–¬â–¬â–¬â–¬â–¬â–¬â–¬ 
12:04:10.130 INFO  Minecraft:   SKILL LEVEL UP Mining XXIIIâžœXXIV 
12:04:10.131 INFO  Minecraft:  
12:04:10.131 INFO  Minecraft:   REWARDS 
12:04:10.133 INFO  Minecraft:     Spelunker XXIV 
12:04:10.134 INFO  Minecraft:       Grants +92âžœ96 â˜˜ Mining Fortune, 
12:04:10.135 INFO  Minecraft:       which increases your chance for multiple ore 
12:04:10.136 INFO  Minecraft:       drops. 
12:04:10.137 INFO  Minecraft:     +2 âˆ Defense 
12:04:10.159 INFO  Minecraft:     Spirit Stone Reforge 
12:04:10.161 INFO  Minecraft:     Lucky Dice Reforge 
12:04:10.161 INFO  Minecraft:     +2,800 Coins 
12:04:10.162 INFO  Minecraft: â–¬â–¬â–¬â–¬â–¬â–¬â–¬â–¬â–¬â–¬â–¬â–¬â–¬â–¬â–¬â–¬â–¬â–¬â–¬â–¬â–¬â–¬â–¬â–¬â–¬â–¬â–¬â–¬â–¬â–¬â–¬â–¬â–¬â–¬â–¬â–¬â–¬â–¬â–¬â–¬â–¬â–¬â–¬â–¬â–¬â–¬â–¬â–¬â–¬â–¬â–¬â–¬â–¬â–¬â–¬â–¬â–¬â–¬â–¬â–¬â–¬â–¬â–¬â–¬ 
12:04:10.163 INFO  Minecraft: You gained 4,096 Mining experience from minions! 
12:04:10.744 INFO  Minecraft: You gained 3,456 Mining experience from minions! 
12:04:11.374 INFO  Minecraft: You gained 4,096 Mining experience from minions! 
12:04:11.979 INFO  Minecraft: You gained 320 Mining experience from minions! 
12:04:15.190 INFO  Minecraft: You gained 320 Mining experience from minions! 
12:04:15.808 INFO  Minecraft: You gained 4,096 Mining experience from minions! 
12:04:16.468 INFO  Minecraft: You gained 3,520 Mining experience from minions! 
12:04:17.030 INFO  Minecraft: You gained 4,096 Mining experience from minions! 
12:04:20.744 INFO  Minecraft: You gained 384 Mining experience from minions! 
12:04:21.415 INFO  Minecraft: You gained 4,096 Mining experience from minions! 
12:04:22.016 INFO  Minecraft: You gained 3,648 Mining experience from minions! 
12:04:22.598 INFO  Minecraft: You gained 4,096 Mining experience from minions! 
12:04:25.173 INFO  Minecraft: You gained 3,648 Mining experience from minions! 
12:04:25.839 INFO  Minecraft: You gained 4,096 Mining experience from minions! 
12:04:26.612 INFO  Minecraft: You gained 4,096 Mining experience from minions! 
12:04:27.534 INFO  Minecraft: You gained 384 Mining experience from minions! 
12:04:29.855 INFO  Minecraft: You gained 4,096 Mining experience from minions! 
12:04:30.536 INFO  Minecraft: You gained 3,520 Mining experience from minions! 
12:04:31.404 INFO  Minecraft: You gained 4,096 Mining experience from minions! 
12:04:32.098 INFO  Minecraft: You gained 384 Mining experience from minions! 
12:04:49.920 INFO  Minecraft: You gained 4,096 Mining experience from minions! 
12:04:50.616 INFO  Minecraft: You gained 3,584 Mining experience from minions! 
12:04:51.260 INFO  Minecraft: You gained 4,096 Mining experience from minions! 
12:04:51.874 INFO  Minecraft: You gained 320 Mining experience from minions! 
12:04:55.772 INFO  Minecraft: You gained 320 Mining experience from minions! 
12:04:56.285 INFO  Minecraft: You gained 4,096 Mining experience from minions! 
12:04:56.898 INFO  Minecraft: You gained 3,520 Mining experience from minions! 
12:04:57.444 INFO  Minecraft: You gained 4,096 Mining experience from minions! 
12:05:00.347 INFO  Minecraft: You gained 384 Mining experience from minions! 
12:05:00.916 INFO  Minecraft: You gained 4,096 Mining experience from minions! 
12:05:01.389 INFO  Minecraft: You gained 3,584 Mining experience from minions! 
12:05:02.088 INFO  Minecraft: You gained 4,096 Mining experience from minions! 
12:05:25.767 INFO  Minecraft: You gained 320 Mining experience from minions! 
12:05:26.357 INFO  Minecraft: You gained 4,096 Mining experience from minions! 
12:05:26.904 INFO  Minecraft: You gained 3,520 Mining experience from minions! 
12:05:27.445 INFO  Minecraft: You gained 4,096 Mining experience from minions! 
12:05:30.445 INFO  Minecraft: You gained 320 Mining experience from minions! 
12:05:31.116 INFO  Minecraft: You gained 4,096 Mining experience from minions! 
12:05:31.587 INFO  Minecraft: You gained 3,584 Mining experience from minions! 
12:05:32.127 INFO  Minecraft: You gained 4,096 Mining experience from minions! 
12:05:37.759 INFO  Minecraft: You gained 384 Mining experience from minions! 
12:05:38.531 INFO  Minecraft: You gained 3,584 Mining experience from minions! 
12:05:39.216 INFO  Minecraft: You gained 4,096 Mining experience from minions! 
12:05:39.773 INFO  Minecraft: You gained 4,096 Mining experience from minions! 
12:06:17.339 INFO  Minecraft: You gained 912 Farming experience from minions! 
12:06:18.078 INFO  Minecraft: You gained 1,024 Farming experience from minions! 
12:06:18.813 INFO  Minecraft: You gained 1,024 Farming experience from minions! 
12:06:19.478 INFO  Minecraft: â–¬â–¬â–¬â–¬â–¬â–¬â–¬â–¬â–¬â–¬â–¬â–¬â–¬â–¬â–¬â–¬â–¬â–¬â–¬â–¬â–¬â–¬â–¬â–¬â–¬â–¬â–¬â–¬â–¬â–¬â–¬â–¬â–¬â–¬â–¬â–¬â–¬â–¬â–¬â–¬â–¬â–¬â–¬â–¬â–¬â–¬â–¬â–¬â–¬â–¬â–¬â–¬â–¬â–¬â–¬â–¬â–¬â–¬â–¬â–¬â–¬â–¬â–¬â–¬ 
12:06:19.481 INFO  Minecraft:   SKILL LEVEL UP Farming XIIIâžœXIV 
12:06:19.481 INFO  Minecraft:  
12:06:19.482 INFO  Minecraft:   REWARDS 
12:06:19.484 INFO  Minecraft:     Farmhand XIV 
12:06:19.485 INFO  Minecraft:       Grants +52âžœ56 â˜˜ Farming Fortune, 
12:06:19.486 INFO  Minecraft:       which increases your chance for multiple crops. 
12:06:19.487 INFO  Minecraft:     +2 HP â¤ Health 
12:06:19.487 INFO  Minecraft:     +1,200 Coins 
12:06:19.515 INFO  Minecraft: â–¬â–¬â–¬â–¬â–¬â–¬â–¬â–¬â–¬â–¬â–¬â–¬â–¬â–¬â–¬â–¬â–¬â–¬â–¬â–¬â–¬â–¬â–¬â–¬â–¬â–¬â–¬â–¬â–¬â–¬â–¬â–¬â–¬â–¬â–¬â–¬â–¬â–¬â–¬â–¬â–¬â–¬â–¬â–¬â–¬â–¬â–¬â–¬â–¬â–¬â–¬â–¬â–¬â–¬â–¬â–¬â–¬â–¬â–¬â–¬â–¬â–¬â–¬â–¬ 
12:06:19.516 INFO  Minecraft: You gained 7,360 Farming experience from minions! 
12:06:20.410 INFO  Minecraft: You gained 1,024 Farming experience from minions! 
12:06:26.063 INFO  Minecraft: You gained 575 Farming experience from minions! 
12:06:26.862 INFO  Minecraft: You gained 32 Farming experience from minions! 
12:09:54.502 INFO  Minecraft: BamBoozledMC joined SkyBlock. 
12:12:21.975 INFO  Minecraft: Guild > ranger4josh joined. 
12:19:03.461 INFO  Minecraft: Guild > BamBoozledMC left. 
12:41:58.294 INFO  Minecraft: Guild > SwagMonkey420 joined. 
12:42:32.912 INFO  Minecraft: Guild > SwagMonkey420 left. 
12:51:35.601 INFO  Minecraft: Guild > NucOps06 left. 
13:14:10.371 INFO  Minecraft: Friend > IdlyChiqken left. 
13:18:14.426 INFO  Minecraft: Guild > FearTheVillain3 joined. 
13:19:02.299 INFO  Minecraft: Friend > IdlyChiqken joined. 
13:25:12.145 INFO  Logging in. 
13:25:13.881 INFO  Discord: Logged in. 
13:25:15.058 INFO  Logged in. 
13:25:15.332 INFO  Minecraft:                                       
13:25:15.344 INFO  Minecraft:                           
13:25:15.624 INFO  Minecraft: You found a âœ°âœ°âœ°âœ°âœ° Mystery Box! 
13:25:17.297 INFO  Minecraft: ----------------------------------------------------- 
13:25:17.299 INFO  Minecraft: Requirements are Skill Avg 23, Cata 23, and 170m net, along 
13:25:17.300 INFO  Minecraft: with 85k gexp a week! Make sure to have fun and contact 
13:25:17.300 INFO  Minecraft: OwOSeal or Smol if you have something to report, or something else to say! 
13:25:17.301 INFO  Minecraft: ----------------------------------------------------- 
13:25:20.064 INFO  Sending to skyblock. 
13:25:20.525 INFO  Minecraft: Sending to server mini918J... 
13:25:20.538 INFO  Minecraft: [MVP+] YoshiFan7 joined the lobby! 
13:25:20.538 INFO  Sending to skyblock. 
13:25:20.634 INFO  Logged in. 
13:25:20.855 INFO  Minecraft: Please don't spam the command! 
13:25:20.896 INFO  Minecraft:         
13:25:22.977 INFO  Minecraft: You're already sitting on this island! 
13:25:24.024 INFO  Minecraft: You are playing on profile: Zucchini (Co-op) 
13:25:24.684 INFO  Minecraft:  
13:25:24.686 INFO  Minecraft: Welcome to Hypixel SkyBlock! 
13:25:25.464 INFO  Minecraft: You're already sitting on this island! 
13:25:25.635 INFO  Sending to skyblock. 
13:25:25.948 INFO  Minecraft: Cannot join SkyBlock for a moment! (Queue join in cooldown) 
13:25:31.004 INFO  Minecraft: You're already sitting on this island! 
13:25:58.156 INFO  Minecraft: Guild > ranger4josh left. 
13:38:17.371 INFO  Minecraft: Guild > ASovietDoge joined. 
13:42:40.642 INFO  Minecraft: Guild > ranger4josh joined. 
13:45:24.076 INFO  Minecraft: Guild > ranger4josh left. 
14:00:02.817 INFO  Minecraft:  
14:00:02.833 INFO  Minecraft: [WATCHDOG ANNOUNCEMENT] 
14:00:02.834 INFO  Minecraft: Watchdog has banned 31,577 players in the last 7 days. 
14:00:02.835 INFO  Minecraft: Staff have banned an additional 12,631 in the last 7 days. 
14:00:02.835 INFO  Minecraft: Blacklisted modifications are a bannable offense! 
14:00:02.836 INFO  Minecraft:  
14:00:26.506 INFO  Discord: [ðŸ’¬â†’ï¸±guild-chat] LS | SnowedSeal: guys 
14:00:26.920 INFO  Minecraft: Guild > Minikloons [LS]: LS| SnowedSealÂ» guys 
14:00:29.792 INFO  Minecraft: Guild > [VIP] ASovietDoge [CO]: mhm 
14:00:31.666 INFO  Discord: [ðŸ’¬â†’ï¸±guild-chat] LS | SnowedSeal: here's a quick nice guide 
14:00:31.965 INFO  Minecraft: Guild > Minikloons [LS]: LS| SnowedSealÂ» here's a quick nice guide 
14:00:37.693 INFO  Discord: [ðŸ’¬â†’ï¸±guild-chat] LS | SnowedSeal: we need to convert it to irl but 
14:00:38.001 INFO  Minecraft: Guild > Minikloons [LS]: LS| SnowedSealÂ» we need to convert it to irl but 
14:00:38.259 INFO  Discord: [ðŸ’¬â†’ï¸±guild-chat] LS | SnowedSeal: https://hypixel.net/threads/guide-full-social-skill-guide.4365465/ 
14:00:38.559 INFO  Minecraft: Guild > Minikloons [LS]: LS| SnowedSealÂ» https://hypixel.net/threads/guide-full-social-skill-guide.4365465/ 
14:01:28.768 INFO  Discord: [ðŸ’¬ðŸ‘®â†’ï¸±officer-chat] LS | SnowedSeal: ded 
14:01:29.080 INFO  Minecraft: Officer > Minikloons [LS]: LS| SnowedSealÂ» ded 
14:01:40.007 INFO  Discord: [ðŸ’¬ðŸ‘®â†’ï¸±officer-chat] LS | SnowedSeal: hi headlesscowbow 
14:01:40.311 INFO  Minecraft: Officer > Minikloons [LS]: LS| SnowedSealÂ» hi headlesscowbow 
14:51:03.834 INFO  Minecraft: Guild > ranger4josh joined. 
15:21:10.495 INFO  Minecraft: Guild > ASovietDoge left. 
15:32:42.735 INFO  Logging in. 
15:32:44.092 INFO  Discord: Logged in. 
15:32:45.598 INFO  Logged in. 
15:32:45.807 INFO  Minecraft:                                       
15:32:45.814 INFO  Minecraft:                           
15:32:45.838 INFO  Minecraft: You found a âœ°âœ°âœ°âœ°âœ° Mystery Box! 
15:32:47.319 INFO  Minecraft: ----------------------------------------------------- 
15:32:47.320 INFO  Minecraft: Requirements are Skill Avg 23, Cata 23, and 170m net, along 
15:32:47.321 INFO  Minecraft: with 85k gexp a week! Make sure to have fun and contact 
15:32:47.322 INFO  Minecraft: OwOSeal or Smol if you have something to report, or something else to say! 
15:32:47.322 INFO  Minecraft: ----------------------------------------------------- 
15:32:47.910 INFO  Minecraft:  >>> [MVP++] Dieguito909 joined the lobby! <<< 
15:32:50.613 INFO  Sending to skyblock. 
15:32:51.099 INFO  Minecraft: Sending to server mini639S... 
15:32:51.214 INFO  Logged in. 
15:32:51.494 INFO  Minecraft:         
15:32:54.666 INFO  Minecraft: You are playing on profile: Zucchini (Co-op) 
15:32:55.266 INFO  Minecraft:  
15:32:55.267 INFO  Minecraft: Welcome to Hypixel SkyBlock! 
15:32:55.676 INFO  Minecraft: ALLOWANCE! You earned 50,000 coins! 
15:32:55.902 INFO  Minecraft: You're already sitting on this island! 
15:32:56.219 INFO  Sending to skyblock. 
15:32:56.466 INFO  Minecraft: Cannot join SkyBlock for a moment! (Queue join in cooldown) 
15:33:01.524 INFO  Minecraft: You're already sitting on this island! 
15:35:08.141 INFO  Minecraft: Friend > IdlyChiqken joined. 
16:00:02.970 INFO  Minecraft:  
16:00:02.979 INFO  Minecraft: [WATCHDOG ANNOUNCEMENT] 
16:00:02.980 INFO  Minecraft: Watchdog has banned 31,563 players in the last 7 days. 
16:00:02.981 INFO  Minecraft: Staff have banned an additional 12,640 in the last 7 days. 
16:00:02.981 INFO  Minecraft: Blacklisted modifications are a bannable offense! 
16:00:02.982 INFO  Minecraft:  
16:15:17.687 INFO  Logging in. 
16:15:19.178 INFO  Discord: Logged in. 
16:15:20.502 INFO  Logged in. 
16:15:20.639 INFO  Minecraft:                                       
16:15:20.710 INFO  Minecraft:                           
16:15:21.620 INFO  Minecraft: ----------------------------------------------------- 
16:15:21.621 INFO  Minecraft: Requirements are Skill Avg 23, Cata 23, and 170m net, along 
16:15:21.622 INFO  Minecraft: with 85k gexp a week! Make sure to have fun and contact 
16:15:21.623 INFO  Minecraft: OwOSeal or Smol if you have something to report, or something else to say! 
16:15:21.624 INFO  Minecraft: ----------------------------------------------------- 
16:15:25.515 INFO  Sending to skyblock. 
16:15:25.932 INFO  Minecraft: Sending to server mini42B... 
16:15:26.066 INFO  Logged in. 
16:15:26.326 INFO  Minecraft:         
16:15:29.648 INFO  Minecraft: You are playing on profile: Zucchini (Co-op) 
16:15:30.280 INFO  Minecraft:  
16:15:30.282 INFO  Minecraft: Welcome to Hypixel SkyBlock! 
16:15:30.845 INFO  Minecraft: You're already sitting on this island! 
16:15:31.076 INFO  Sending to skyblock. 
16:15:31.322 INFO  Minecraft: Cannot join SkyBlock for a moment! (Queue join in cooldown) 
16:15:36.401 INFO  Minecraft: You're already sitting on this island! 
16:16:24.136 INFO  Minecraft: Guild > oSnapItsWalter joined. 
16:18:07.096 INFO  Minecraft: Guild > oSnapItsWalter left. 
16:32:34.978 INFO  Minecraft: Guild > BamBoozledMC left. 
18:00:03.110 INFO  Minecraft:  
18:00:03.121 INFO  Minecraft: [WATCHDOG ANNOUNCEMENT] 
18:00:03.122 INFO  Minecraft: Watchdog has banned 31,528 players in the last 7 days. 
18:00:03.122 INFO  Minecraft: Staff have banned an additional 12,739 in the last 7 days. 
18:00:03.123 INFO  Minecraft: Blacklisted modifications are a bannable offense! 
18:00:03.124 INFO  Minecraft:  
18:34:13.057 INFO  Minecraft: Friend > IdlyChiqken left. 
18:49:46.551 INFO  Logging in. 
18:49:48.204 INFO  Discord: Logged in. 
18:49:49.073 INFO  Logged in. 
18:49:49.283 INFO  Minecraft:                                       
18:49:49.295 INFO  Minecraft:                           
18:49:49.319 INFO  Minecraft: You found a âœ°âœ°âœ°âœ°âœ° Mystery Box! 
18:49:49.483 INFO  Minecraft: ----------------------------------------------------- 
18:49:49.485 INFO  Minecraft: Requirements are Skill Avg 23, Cata 23, and 170m net, along 
18:49:49.485 INFO  Minecraft: with 85k gexp a week! Make sure to have fun and contact 
18:49:49.486 INFO  Minecraft: OwOSeal or Smol if you have something to report, or something else to say! 
18:49:49.487 INFO  Minecraft: ----------------------------------------------------- 
18:49:54.075 INFO  Sending to skyblock. 
18:49:54.977 INFO  Minecraft: Sending to server mini298F... 
18:49:55.140 INFO  Logged in. 
18:49:55.439 INFO  Minecraft:         
18:49:58.562 INFO  Minecraft: You are playing on profile: Zucchini (Co-op) 
18:49:59.156 INFO  Minecraft:  
18:49:59.173 INFO  Minecraft: Welcome to Hypixel SkyBlock! 
18:49:59.464 INFO  Minecraft: You're already sitting on this island! 
18:50:00.151 INFO  Sending to skyblock. 
18:50:00.406 INFO  Minecraft: Cannot join SkyBlock for a moment! (Queue join in cooldown) 
18:50:05.458 INFO  Minecraft: You're already sitting on this island! 
18:57:29.850 INFO  Minecraft: Friend > IdlyChiqken joined. 
19:15:00.607 INFO  Minecraft: FISHING FESTIVAL The festival is now underway! Break out your fishing rods and watch out for sharks! 
19:51:05.434 INFO  Logging in. 
19:51:07.022 INFO  Discord: Logged in. 
19:51:08.416 INFO  Logged in. 
19:51:08.575 INFO  Minecraft:                                       
19:51:08.626 INFO  Minecraft:                           
19:51:08.653 INFO  Minecraft: You found a âœ°âœ°âœ°âœ°âœ° Mystery Box! 
19:51:10.479 INFO  Minecraft: ----------------------------------------------------- 
19:51:10.481 INFO  Minecraft: Requirements are Skill Avg 23, Cata 23, and 170m net, along 
19:51:10.481 INFO  Minecraft: with 85k gexp a week! Make sure to have fun and contact 
19:51:10.482 INFO  Minecraft: OwOSeal or Smol if you have something to report, or something else to say! 
19:51:10.483 INFO  Minecraft: ----------------------------------------------------- 
19:51:13.425 INFO  Sending to skyblock. 
19:51:13.977 INFO  Minecraft: Sending to server mini416W... 
19:51:14.072 INFO  Logged in. 
19:51:14.355 INFO  Minecraft:         
19:51:17.550 INFO  Minecraft: You are playing on profile: Zucchini (Co-op) 
19:51:18.164 INFO  Minecraft:  
19:51:18.166 INFO  Minecraft: Welcome to Hypixel SkyBlock! 
19:51:18.726 INFO  Minecraft: You're already sitting on this island! 
19:51:19.075 INFO  Sending to skyblock. 
19:51:19.332 INFO  Minecraft: Cannot join SkyBlock for a moment! (Queue join in cooldown) 
19:51:24.374 INFO  Minecraft: You're already sitting on this island! 
20:00:03.250 INFO  Minecraft:  
20:00:03.253 INFO  Minecraft: [WATCHDOG ANNOUNCEMENT] 
20:00:03.254 INFO  Minecraft: Watchdog has banned 31,475 players in the last 7 days. 
20:00:03.255 INFO  Minecraft: Staff have banned an additional 12,681 in the last 7 days. 
20:00:03.256 INFO  Minecraft: Blacklisted modifications are a bannable offense! 
20:00:03.257 INFO  Minecraft:  
20:09:33.536 INFO  Minecraft: Guild > ranger4josh joined. 
20:15:00.244 INFO  Minecraft: FISHING FESTIVAL The festival has concluded! Time to dry off and repair your rods! 
20:29:16.638 INFO  Minecraft: Guild > ranger4josh left. 
21:07:42.336 INFO  Minecraft: [Important] This server will restart soon: Scheduled Reboot 
21:07:42.355 INFO  Minecraft: You have 60 seconds to warp out! CLICK to warp now! 
21:08:40.461 INFO  Minecraft: Evacuating to Hub... 
21:08:40.612 INFO  Minecraft: Sending to server mini675H... 
21:08:40.704 INFO  Logged in. 
21:08:40.899 INFO  Minecraft:         
21:08:44.071 INFO  Minecraft: You are playing on profile: Zucchini (Co-op) 
21:08:45.720 INFO  Sending to skyblock. 
21:08:45.984 INFO  Minecraft: You are already playing SkyBlock! 
21:08:51.001 INFO  Minecraft: Warping you to your SkyBlock island... 
21:08:51.204 INFO  Minecraft: Sending to server mini486N... 
21:08:51.297 INFO  Logged in. 
21:08:51.562 INFO  Minecraft:         
21:08:54.750 INFO  Minecraft: You are playing on profile: Zucchini (Co-op) 
21:08:56.309 INFO  Sending to skyblock. 
21:08:56.563 INFO  Minecraft: You are already playing SkyBlock! 
21:09:01.640 INFO  Minecraft: You're already sitting on this island! 
21:20:37.255 INFO  Minecraft: Friend > IdlyChiqken left. 
22:00:03.769 INFO  Minecraft:  
22:00:03.778 INFO  Minecraft: [WATCHDOG ANNOUNCEMENT] 
22:00:03.779 INFO  Minecraft: Watchdog has banned 31,404 players in the last 7 days. 
22:00:03.780 INFO  Minecraft: Staff have banned an additional 12,721 in the last 7 days. 
22:00:03.780 INFO  Minecraft: Blacklisted modifications are a bannable offense! 
22:00:03.781 INFO  Minecraft:  
22:17:09.984 INFO  Minecraft: Guild > NucOps06 joined. 
22:50:42.412 INFO  Minecraft: Guild > NucOps06 left. 
22:50:46.848 INFO  Minecraft: Guild > NucOps06 joined. 
23:23:31.084 INFO  Minecraft: Guild > NucOps06 left. 
23:24:52.919 INFO  Minecraft: Guild > NucOps06 joined. 
23:30:17.513 INFO  Minecraft: Guild > NucOps06 left. 
23:31:12.458 INFO  Minecraft: Guild > NucOps06 joined. 
23:42:30.382 INFO  Logging in. 
23:42:31.933 INFO  Discord: Logged in. 
23:42:35.957 INFO  Logged in. 
23:42:36.231 INFO  Minecraft:                                       
23:42:36.244 INFO  Minecraft:                           
23:42:36.399 INFO  Minecraft: ----------------------------------------------------- 
23:42:36.400 INFO  Minecraft: Requirements are Skill Avg 23, Cata 23, and 170m net, along 
23:42:36.401 INFO  Minecraft: with 85k gexp a week! Make sure to have fun and contact 
23:42:36.402 INFO  Minecraft: OwOSeal or Smol if you have something to report, or something else to say! 
23:42:36.403 INFO  Minecraft: ----------------------------------------------------- 
23:42:36.617 INFO  Minecraft: You found a âœ°âœ°âœ°âœ°âœ° Mystery Box! 
23:42:40.961 INFO  Sending to skyblock. 
23:42:44.768 INFO  Minecraft: Sending to server mini111M... 
23:42:44.779 INFO  Logged in. 
23:42:44.799 INFO  Minecraft:         
23:42:46.320 INFO  Minecraft: You are playing on profile: Zucchini (Co-op) 
23:42:46.405 INFO  Minecraft:  
23:42:46.407 INFO  Minecraft: Welcome to Hypixel SkyBlock! 
23:42:46.647 INFO  Minecraft: You're already sitting on this island! 
23:42:49.789 INFO  Sending to skyblock. 
23:42:50.153 INFO  Minecraft: You are already playing SkyBlock! 
23:42:55.406 INFO  Minecraft: You're already sitting on this island! 
00:00:03.931 INFO  Minecraft:  
00:00:03.944 INFO  Minecraft: [WATCHDOG ANNOUNCEMENT] 
00:00:03.945 INFO  Minecraft: Watchdog has banned 31,341 players in the last 7 days. 
00:00:03.946 INFO  Minecraft: Staff have banned an additional 12,633 in the last 7 days. 
00:00:03.946 INFO  Minecraft: Blacklisted modifications are a bannable offense! 
00:00:03.947 INFO  Minecraft:  

